[2026-02-10T20:22:54.548+0000] {processor.py:161} INFO - Started process (PID=64) to work on /home/airflow/.local/lib/python3.8/site-packages/airflow/example_dags/example_trigger_controller_dag.py
[2026-02-10T20:22:54.549+0000] {processor.py:830} INFO - Processing file /home/airflow/.local/lib/python3.8/site-packages/airflow/example_dags/example_trigger_controller_dag.py for tasks to queue
[2026-02-10T20:22:54.550+0000] {logging_mixin.py:188} INFO - [2026-02-10T20:22:54.550+0000] {dagbag.py:538} INFO - Filling up the DagBag from /home/airflow/.local/lib/python3.8/site-packages/airflow/example_dags/example_trigger_controller_dag.py
[2026-02-10T20:22:54.556+0000] {processor.py:840} INFO - DAG(s) 'example_trigger_controller_dag' retrieved from /home/airflow/.local/lib/python3.8/site-packages/airflow/example_dags/example_trigger_controller_dag.py
[2026-02-10T20:22:54.574+0000] {logging_mixin.py:188} INFO - [2026-02-10T20:22:54.574+0000] {dag.py:3036} INFO - Sync 1 DAGs
[2026-02-10T20:22:54.596+0000] {logging_mixin.py:188} INFO - [2026-02-10T20:22:54.596+0000] {dag.py:3823} INFO - Setting next_dagrun for example_trigger_controller_dag to 2021-01-01 00:00:00+00:00, run_after=2021-01-01 00:00:00+00:00
[2026-02-10T20:22:54.618+0000] {processor.py:183} INFO - Processing /home/airflow/.local/lib/python3.8/site-packages/airflow/example_dags/example_trigger_controller_dag.py took 0.074 seconds
[2026-02-10T20:23:24.675+0000] {processor.py:161} INFO - Started process (PID=119) to work on /home/airflow/.local/lib/python3.8/site-packages/airflow/example_dags/example_trigger_controller_dag.py
[2026-02-10T20:23:24.676+0000] {processor.py:830} INFO - Processing file /home/airflow/.local/lib/python3.8/site-packages/airflow/example_dags/example_trigger_controller_dag.py for tasks to queue
[2026-02-10T20:23:24.677+0000] {logging_mixin.py:188} INFO - [2026-02-10T20:23:24.677+0000] {dagbag.py:538} INFO - Filling up the DagBag from /home/airflow/.local/lib/python3.8/site-packages/airflow/example_dags/example_trigger_controller_dag.py
[2026-02-10T20:23:24.679+0000] {processor.py:840} INFO - DAG(s) 'example_trigger_controller_dag' retrieved from /home/airflow/.local/lib/python3.8/site-packages/airflow/example_dags/example_trigger_controller_dag.py
[2026-02-10T20:23:24.711+0000] {logging_mixin.py:188} INFO - [2026-02-10T20:23:24.711+0000] {dag.py:3036} INFO - Sync 1 DAGs
[2026-02-10T20:23:24.716+0000] {logging_mixin.py:188} INFO - [2026-02-10T20:23:24.716+0000] {dag.py:3823} INFO - Setting next_dagrun for example_trigger_controller_dag to 2021-01-01 00:00:00+00:00, run_after=2021-01-01 00:00:00+00:00
[2026-02-10T20:23:24.722+0000] {processor.py:183} INFO - Processing /home/airflow/.local/lib/python3.8/site-packages/airflow/example_dags/example_trigger_controller_dag.py took 0.048 seconds
[2026-02-10T20:23:55.521+0000] {processor.py:161} INFO - Started process (PID=174) to work on /home/airflow/.local/lib/python3.8/site-packages/airflow/example_dags/example_trigger_controller_dag.py
[2026-02-10T20:23:55.521+0000] {processor.py:830} INFO - Processing file /home/airflow/.local/lib/python3.8/site-packages/airflow/example_dags/example_trigger_controller_dag.py for tasks to queue
[2026-02-10T20:23:55.523+0000] {logging_mixin.py:188} INFO - [2026-02-10T20:23:55.523+0000] {dagbag.py:538} INFO - Filling up the DagBag from /home/airflow/.local/lib/python3.8/site-packages/airflow/example_dags/example_trigger_controller_dag.py
[2026-02-10T20:23:55.525+0000] {processor.py:840} INFO - DAG(s) 'example_trigger_controller_dag' retrieved from /home/airflow/.local/lib/python3.8/site-packages/airflow/example_dags/example_trigger_controller_dag.py
[2026-02-10T20:23:55.534+0000] {logging_mixin.py:188} INFO - [2026-02-10T20:23:55.534+0000] {dag.py:3036} INFO - Sync 1 DAGs
[2026-02-10T20:23:55.543+0000] {logging_mixin.py:188} INFO - [2026-02-10T20:23:55.542+0000] {dag.py:3823} INFO - Setting next_dagrun for example_trigger_controller_dag to 2021-01-01 00:00:00+00:00, run_after=2021-01-01 00:00:00+00:00
[2026-02-10T20:23:55.549+0000] {processor.py:183} INFO - Processing /home/airflow/.local/lib/python3.8/site-packages/airflow/example_dags/example_trigger_controller_dag.py took 0.029 seconds
[2026-02-10T20:24:25.937+0000] {processor.py:161} INFO - Started process (PID=229) to work on /home/airflow/.local/lib/python3.8/site-packages/airflow/example_dags/example_trigger_controller_dag.py
[2026-02-10T20:24:25.938+0000] {processor.py:830} INFO - Processing file /home/airflow/.local/lib/python3.8/site-packages/airflow/example_dags/example_trigger_controller_dag.py for tasks to queue
[2026-02-10T20:24:25.939+0000] {logging_mixin.py:188} INFO - [2026-02-10T20:24:25.939+0000] {dagbag.py:538} INFO - Filling up the DagBag from /home/airflow/.local/lib/python3.8/site-packages/airflow/example_dags/example_trigger_controller_dag.py
[2026-02-10T20:24:25.941+0000] {processor.py:840} INFO - DAG(s) 'example_trigger_controller_dag' retrieved from /home/airflow/.local/lib/python3.8/site-packages/airflow/example_dags/example_trigger_controller_dag.py
[2026-02-10T20:24:25.951+0000] {logging_mixin.py:188} INFO - [2026-02-10T20:24:25.951+0000] {dag.py:3036} INFO - Sync 1 DAGs
[2026-02-10T20:24:25.959+0000] {logging_mixin.py:188} INFO - [2026-02-10T20:24:25.959+0000] {dag.py:3823} INFO - Setting next_dagrun for example_trigger_controller_dag to 2021-01-01 00:00:00+00:00, run_after=2021-01-01 00:00:00+00:00
[2026-02-10T20:24:25.969+0000] {processor.py:183} INFO - Processing /home/airflow/.local/lib/python3.8/site-packages/airflow/example_dags/example_trigger_controller_dag.py took 0.033 seconds
[2026-02-10T20:24:56.442+0000] {processor.py:161} INFO - Started process (PID=284) to work on /home/airflow/.local/lib/python3.8/site-packages/airflow/example_dags/example_trigger_controller_dag.py
[2026-02-10T20:24:56.443+0000] {processor.py:830} INFO - Processing file /home/airflow/.local/lib/python3.8/site-packages/airflow/example_dags/example_trigger_controller_dag.py for tasks to queue
[2026-02-10T20:24:56.443+0000] {logging_mixin.py:188} INFO - [2026-02-10T20:24:56.443+0000] {dagbag.py:538} INFO - Filling up the DagBag from /home/airflow/.local/lib/python3.8/site-packages/airflow/example_dags/example_trigger_controller_dag.py
[2026-02-10T20:24:56.445+0000] {processor.py:840} INFO - DAG(s) 'example_trigger_controller_dag' retrieved from /home/airflow/.local/lib/python3.8/site-packages/airflow/example_dags/example_trigger_controller_dag.py
[2026-02-10T20:24:56.452+0000] {logging_mixin.py:188} INFO - [2026-02-10T20:24:56.452+0000] {dag.py:3036} INFO - Sync 1 DAGs
[2026-02-10T20:24:56.461+0000] {logging_mixin.py:188} INFO - [2026-02-10T20:24:56.461+0000] {dag.py:3823} INFO - Setting next_dagrun for example_trigger_controller_dag to 2021-01-01 00:00:00+00:00, run_after=2021-01-01 00:00:00+00:00
[2026-02-10T20:24:56.470+0000] {processor.py:183} INFO - Processing /home/airflow/.local/lib/python3.8/site-packages/airflow/example_dags/example_trigger_controller_dag.py took 0.030 seconds
[2026-02-10T20:25:27.086+0000] {processor.py:161} INFO - Started process (PID=345) to work on /home/airflow/.local/lib/python3.8/site-packages/airflow/example_dags/example_trigger_controller_dag.py
[2026-02-10T20:25:27.087+0000] {processor.py:830} INFO - Processing file /home/airflow/.local/lib/python3.8/site-packages/airflow/example_dags/example_trigger_controller_dag.py for tasks to queue
[2026-02-10T20:25:27.089+0000] {logging_mixin.py:188} INFO - [2026-02-10T20:25:27.088+0000] {dagbag.py:538} INFO - Filling up the DagBag from /home/airflow/.local/lib/python3.8/site-packages/airflow/example_dags/example_trigger_controller_dag.py
[2026-02-10T20:25:27.091+0000] {processor.py:840} INFO - DAG(s) 'example_trigger_controller_dag' retrieved from /home/airflow/.local/lib/python3.8/site-packages/airflow/example_dags/example_trigger_controller_dag.py
[2026-02-10T20:25:27.102+0000] {logging_mixin.py:188} INFO - [2026-02-10T20:25:27.102+0000] {dag.py:3036} INFO - Sync 1 DAGs
[2026-02-10T20:25:27.111+0000] {logging_mixin.py:188} INFO - [2026-02-10T20:25:27.111+0000] {dag.py:3823} INFO - Setting next_dagrun for example_trigger_controller_dag to 2021-01-01 00:00:00+00:00, run_after=2021-01-01 00:00:00+00:00
[2026-02-10T20:25:27.129+0000] {processor.py:183} INFO - Processing /home/airflow/.local/lib/python3.8/site-packages/airflow/example_dags/example_trigger_controller_dag.py took 0.045 seconds
[2026-02-10T20:25:57.520+0000] {processor.py:161} INFO - Started process (PID=400) to work on /home/airflow/.local/lib/python3.8/site-packages/airflow/example_dags/example_trigger_controller_dag.py
[2026-02-10T20:25:57.521+0000] {processor.py:830} INFO - Processing file /home/airflow/.local/lib/python3.8/site-packages/airflow/example_dags/example_trigger_controller_dag.py for tasks to queue
[2026-02-10T20:25:57.521+0000] {logging_mixin.py:188} INFO - [2026-02-10T20:25:57.521+0000] {dagbag.py:538} INFO - Filling up the DagBag from /home/airflow/.local/lib/python3.8/site-packages/airflow/example_dags/example_trigger_controller_dag.py
[2026-02-10T20:25:57.523+0000] {processor.py:840} INFO - DAG(s) 'example_trigger_controller_dag' retrieved from /home/airflow/.local/lib/python3.8/site-packages/airflow/example_dags/example_trigger_controller_dag.py
[2026-02-10T20:25:57.534+0000] {logging_mixin.py:188} INFO - [2026-02-10T20:25:57.533+0000] {dag.py:3036} INFO - Sync 1 DAGs
[2026-02-10T20:25:57.541+0000] {logging_mixin.py:188} INFO - [2026-02-10T20:25:57.541+0000] {dag.py:3823} INFO - Setting next_dagrun for example_trigger_controller_dag to 2021-01-01 00:00:00+00:00, run_after=2021-01-01 00:00:00+00:00
[2026-02-10T20:25:57.551+0000] {processor.py:183} INFO - Processing /home/airflow/.local/lib/python3.8/site-packages/airflow/example_dags/example_trigger_controller_dag.py took 0.032 seconds
[2026-02-10T20:26:27.929+0000] {processor.py:161} INFO - Started process (PID=455) to work on /home/airflow/.local/lib/python3.8/site-packages/airflow/example_dags/example_trigger_controller_dag.py
[2026-02-10T20:26:27.930+0000] {processor.py:830} INFO - Processing file /home/airflow/.local/lib/python3.8/site-packages/airflow/example_dags/example_trigger_controller_dag.py for tasks to queue
[2026-02-10T20:26:27.931+0000] {logging_mixin.py:188} INFO - [2026-02-10T20:26:27.931+0000] {dagbag.py:538} INFO - Filling up the DagBag from /home/airflow/.local/lib/python3.8/site-packages/airflow/example_dags/example_trigger_controller_dag.py
[2026-02-10T20:26:27.933+0000] {processor.py:840} INFO - DAG(s) 'example_trigger_controller_dag' retrieved from /home/airflow/.local/lib/python3.8/site-packages/airflow/example_dags/example_trigger_controller_dag.py
[2026-02-10T20:26:27.943+0000] {logging_mixin.py:188} INFO - [2026-02-10T20:26:27.943+0000] {dag.py:3036} INFO - Sync 1 DAGs
[2026-02-10T20:26:27.951+0000] {logging_mixin.py:188} INFO - [2026-02-10T20:26:27.951+0000] {dag.py:3823} INFO - Setting next_dagrun for example_trigger_controller_dag to 2021-01-01 00:00:00+00:00, run_after=2021-01-01 00:00:00+00:00
[2026-02-10T20:26:27.960+0000] {processor.py:183} INFO - Processing /home/airflow/.local/lib/python3.8/site-packages/airflow/example_dags/example_trigger_controller_dag.py took 0.032 seconds
[2026-02-10T20:26:58.297+0000] {processor.py:161} INFO - Started process (PID=510) to work on /home/airflow/.local/lib/python3.8/site-packages/airflow/example_dags/example_trigger_controller_dag.py
[2026-02-10T20:26:58.297+0000] {processor.py:830} INFO - Processing file /home/airflow/.local/lib/python3.8/site-packages/airflow/example_dags/example_trigger_controller_dag.py for tasks to queue
[2026-02-10T20:26:58.298+0000] {logging_mixin.py:188} INFO - [2026-02-10T20:26:58.298+0000] {dagbag.py:538} INFO - Filling up the DagBag from /home/airflow/.local/lib/python3.8/site-packages/airflow/example_dags/example_trigger_controller_dag.py
[2026-02-10T20:26:58.300+0000] {processor.py:840} INFO - DAG(s) 'example_trigger_controller_dag' retrieved from /home/airflow/.local/lib/python3.8/site-packages/airflow/example_dags/example_trigger_controller_dag.py
[2026-02-10T20:26:58.306+0000] {logging_mixin.py:188} INFO - [2026-02-10T20:26:58.306+0000] {dag.py:3036} INFO - Sync 1 DAGs
[2026-02-10T20:26:58.314+0000] {logging_mixin.py:188} INFO - [2026-02-10T20:26:58.314+0000] {dag.py:3823} INFO - Setting next_dagrun for example_trigger_controller_dag to 2021-01-01 00:00:00+00:00, run_after=2021-01-01 00:00:00+00:00
[2026-02-10T20:26:58.323+0000] {processor.py:183} INFO - Processing /home/airflow/.local/lib/python3.8/site-packages/airflow/example_dags/example_trigger_controller_dag.py took 0.028 seconds
[2026-02-10T20:27:28.657+0000] {processor.py:161} INFO - Started process (PID=565) to work on /home/airflow/.local/lib/python3.8/site-packages/airflow/example_dags/example_trigger_controller_dag.py
[2026-02-10T20:27:28.657+0000] {processor.py:830} INFO - Processing file /home/airflow/.local/lib/python3.8/site-packages/airflow/example_dags/example_trigger_controller_dag.py for tasks to queue
[2026-02-10T20:27:28.658+0000] {logging_mixin.py:188} INFO - [2026-02-10T20:27:28.658+0000] {dagbag.py:538} INFO - Filling up the DagBag from /home/airflow/.local/lib/python3.8/site-packages/airflow/example_dags/example_trigger_controller_dag.py
[2026-02-10T20:27:28.660+0000] {processor.py:840} INFO - DAG(s) 'example_trigger_controller_dag' retrieved from /home/airflow/.local/lib/python3.8/site-packages/airflow/example_dags/example_trigger_controller_dag.py
[2026-02-10T20:27:28.667+0000] {logging_mixin.py:188} INFO - [2026-02-10T20:27:28.667+0000] {dag.py:3036} INFO - Sync 1 DAGs
[2026-02-10T20:27:28.676+0000] {logging_mixin.py:188} INFO - [2026-02-10T20:27:28.675+0000] {dag.py:3823} INFO - Setting next_dagrun for example_trigger_controller_dag to 2021-01-01 00:00:00+00:00, run_after=2021-01-01 00:00:00+00:00
[2026-02-10T20:27:28.684+0000] {processor.py:183} INFO - Processing /home/airflow/.local/lib/python3.8/site-packages/airflow/example_dags/example_trigger_controller_dag.py took 0.029 seconds
[2026-02-10T20:27:59.101+0000] {processor.py:161} INFO - Started process (PID=619) to work on /home/airflow/.local/lib/python3.8/site-packages/airflow/example_dags/example_trigger_controller_dag.py
[2026-02-10T20:27:59.102+0000] {processor.py:830} INFO - Processing file /home/airflow/.local/lib/python3.8/site-packages/airflow/example_dags/example_trigger_controller_dag.py for tasks to queue
[2026-02-10T20:27:59.102+0000] {logging_mixin.py:188} INFO - [2026-02-10T20:27:59.102+0000] {dagbag.py:538} INFO - Filling up the DagBag from /home/airflow/.local/lib/python3.8/site-packages/airflow/example_dags/example_trigger_controller_dag.py
[2026-02-10T20:27:59.105+0000] {processor.py:840} INFO - DAG(s) 'example_trigger_controller_dag' retrieved from /home/airflow/.local/lib/python3.8/site-packages/airflow/example_dags/example_trigger_controller_dag.py
[2026-02-10T20:27:59.113+0000] {logging_mixin.py:188} INFO - [2026-02-10T20:27:59.113+0000] {dag.py:3036} INFO - Sync 1 DAGs
[2026-02-10T20:27:59.120+0000] {logging_mixin.py:188} INFO - [2026-02-10T20:27:59.120+0000] {dag.py:3823} INFO - Setting next_dagrun for example_trigger_controller_dag to 2021-01-01 00:00:00+00:00, run_after=2021-01-01 00:00:00+00:00
[2026-02-10T20:27:59.128+0000] {processor.py:183} INFO - Processing /home/airflow/.local/lib/python3.8/site-packages/airflow/example_dags/example_trigger_controller_dag.py took 0.028 seconds
[2026-02-10T20:28:29.748+0000] {processor.py:161} INFO - Started process (PID=674) to work on /home/airflow/.local/lib/python3.8/site-packages/airflow/example_dags/example_trigger_controller_dag.py
[2026-02-10T20:28:29.749+0000] {processor.py:830} INFO - Processing file /home/airflow/.local/lib/python3.8/site-packages/airflow/example_dags/example_trigger_controller_dag.py for tasks to queue
[2026-02-10T20:28:29.749+0000] {logging_mixin.py:188} INFO - [2026-02-10T20:28:29.749+0000] {dagbag.py:538} INFO - Filling up the DagBag from /home/airflow/.local/lib/python3.8/site-packages/airflow/example_dags/example_trigger_controller_dag.py
[2026-02-10T20:28:29.751+0000] {processor.py:840} INFO - DAG(s) 'example_trigger_controller_dag' retrieved from /home/airflow/.local/lib/python3.8/site-packages/airflow/example_dags/example_trigger_controller_dag.py
[2026-02-10T20:28:29.762+0000] {logging_mixin.py:188} INFO - [2026-02-10T20:28:29.762+0000] {dag.py:3036} INFO - Sync 1 DAGs
[2026-02-10T20:28:29.771+0000] {logging_mixin.py:188} INFO - [2026-02-10T20:28:29.771+0000] {dag.py:3823} INFO - Setting next_dagrun for example_trigger_controller_dag to 2021-01-01 00:00:00+00:00, run_after=2021-01-01 00:00:00+00:00
[2026-02-10T20:28:29.780+0000] {processor.py:183} INFO - Processing /home/airflow/.local/lib/python3.8/site-packages/airflow/example_dags/example_trigger_controller_dag.py took 0.034 seconds
[2026-02-10T20:29:00.369+0000] {processor.py:161} INFO - Started process (PID=729) to work on /home/airflow/.local/lib/python3.8/site-packages/airflow/example_dags/example_trigger_controller_dag.py
[2026-02-10T20:29:00.369+0000] {processor.py:830} INFO - Processing file /home/airflow/.local/lib/python3.8/site-packages/airflow/example_dags/example_trigger_controller_dag.py for tasks to queue
[2026-02-10T20:29:00.370+0000] {logging_mixin.py:188} INFO - [2026-02-10T20:29:00.370+0000] {dagbag.py:538} INFO - Filling up the DagBag from /home/airflow/.local/lib/python3.8/site-packages/airflow/example_dags/example_trigger_controller_dag.py
[2026-02-10T20:29:00.372+0000] {processor.py:840} INFO - DAG(s) 'example_trigger_controller_dag' retrieved from /home/airflow/.local/lib/python3.8/site-packages/airflow/example_dags/example_trigger_controller_dag.py
[2026-02-10T20:29:00.382+0000] {logging_mixin.py:188} INFO - [2026-02-10T20:29:00.381+0000] {dag.py:3036} INFO - Sync 1 DAGs
[2026-02-10T20:29:00.392+0000] {logging_mixin.py:188} INFO - [2026-02-10T20:29:00.392+0000] {dag.py:3823} INFO - Setting next_dagrun for example_trigger_controller_dag to 2021-01-01 00:00:00+00:00, run_after=2021-01-01 00:00:00+00:00
[2026-02-10T20:29:00.402+0000] {processor.py:183} INFO - Processing /home/airflow/.local/lib/python3.8/site-packages/airflow/example_dags/example_trigger_controller_dag.py took 0.035 seconds
[2026-02-10T20:29:30.953+0000] {processor.py:161} INFO - Started process (PID=784) to work on /home/airflow/.local/lib/python3.8/site-packages/airflow/example_dags/example_trigger_controller_dag.py
[2026-02-10T20:29:30.953+0000] {processor.py:830} INFO - Processing file /home/airflow/.local/lib/python3.8/site-packages/airflow/example_dags/example_trigger_controller_dag.py for tasks to queue
[2026-02-10T20:29:30.954+0000] {logging_mixin.py:188} INFO - [2026-02-10T20:29:30.954+0000] {dagbag.py:538} INFO - Filling up the DagBag from /home/airflow/.local/lib/python3.8/site-packages/airflow/example_dags/example_trigger_controller_dag.py
[2026-02-10T20:29:30.956+0000] {processor.py:840} INFO - DAG(s) 'example_trigger_controller_dag' retrieved from /home/airflow/.local/lib/python3.8/site-packages/airflow/example_dags/example_trigger_controller_dag.py
[2026-02-10T20:29:30.968+0000] {logging_mixin.py:188} INFO - [2026-02-10T20:29:30.967+0000] {dag.py:3036} INFO - Sync 1 DAGs
[2026-02-10T20:29:30.979+0000] {logging_mixin.py:188} INFO - [2026-02-10T20:29:30.979+0000] {dag.py:3823} INFO - Setting next_dagrun for example_trigger_controller_dag to 2021-01-01 00:00:00+00:00, run_after=2021-01-01 00:00:00+00:00
[2026-02-10T20:29:30.987+0000] {processor.py:183} INFO - Processing /home/airflow/.local/lib/python3.8/site-packages/airflow/example_dags/example_trigger_controller_dag.py took 0.036 seconds
[2026-02-10T20:30:01.496+0000] {processor.py:161} INFO - Started process (PID=839) to work on /home/airflow/.local/lib/python3.8/site-packages/airflow/example_dags/example_trigger_controller_dag.py
[2026-02-10T20:30:01.496+0000] {processor.py:830} INFO - Processing file /home/airflow/.local/lib/python3.8/site-packages/airflow/example_dags/example_trigger_controller_dag.py for tasks to queue
[2026-02-10T20:30:01.497+0000] {logging_mixin.py:188} INFO - [2026-02-10T20:30:01.497+0000] {dagbag.py:538} INFO - Filling up the DagBag from /home/airflow/.local/lib/python3.8/site-packages/airflow/example_dags/example_trigger_controller_dag.py
[2026-02-10T20:30:01.499+0000] {processor.py:840} INFO - DAG(s) 'example_trigger_controller_dag' retrieved from /home/airflow/.local/lib/python3.8/site-packages/airflow/example_dags/example_trigger_controller_dag.py
[2026-02-10T20:30:01.510+0000] {logging_mixin.py:188} INFO - [2026-02-10T20:30:01.510+0000] {dag.py:3036} INFO - Sync 1 DAGs
[2026-02-10T20:30:01.519+0000] {logging_mixin.py:188} INFO - [2026-02-10T20:30:01.519+0000] {dag.py:3823} INFO - Setting next_dagrun for example_trigger_controller_dag to 2021-01-01 00:00:00+00:00, run_after=2021-01-01 00:00:00+00:00
[2026-02-10T20:30:01.529+0000] {processor.py:183} INFO - Processing /home/airflow/.local/lib/python3.8/site-packages/airflow/example_dags/example_trigger_controller_dag.py took 0.034 seconds
[2026-02-10T20:30:31.888+0000] {processor.py:161} INFO - Started process (PID=894) to work on /home/airflow/.local/lib/python3.8/site-packages/airflow/example_dags/example_trigger_controller_dag.py
[2026-02-10T20:30:31.889+0000] {processor.py:830} INFO - Processing file /home/airflow/.local/lib/python3.8/site-packages/airflow/example_dags/example_trigger_controller_dag.py for tasks to queue
[2026-02-10T20:30:31.890+0000] {logging_mixin.py:188} INFO - [2026-02-10T20:30:31.890+0000] {dagbag.py:538} INFO - Filling up the DagBag from /home/airflow/.local/lib/python3.8/site-packages/airflow/example_dags/example_trigger_controller_dag.py
[2026-02-10T20:30:31.892+0000] {processor.py:840} INFO - DAG(s) 'example_trigger_controller_dag' retrieved from /home/airflow/.local/lib/python3.8/site-packages/airflow/example_dags/example_trigger_controller_dag.py
[2026-02-10T20:30:31.903+0000] {logging_mixin.py:188} INFO - [2026-02-10T20:30:31.903+0000] {dag.py:3036} INFO - Sync 1 DAGs
[2026-02-10T20:30:31.913+0000] {logging_mixin.py:188} INFO - [2026-02-10T20:30:31.913+0000] {dag.py:3823} INFO - Setting next_dagrun for example_trigger_controller_dag to 2021-01-01 00:00:00+00:00, run_after=2021-01-01 00:00:00+00:00
[2026-02-10T20:30:31.922+0000] {processor.py:183} INFO - Processing /home/airflow/.local/lib/python3.8/site-packages/airflow/example_dags/example_trigger_controller_dag.py took 0.034 seconds
[2026-02-10T20:31:02.358+0000] {processor.py:161} INFO - Started process (PID=949) to work on /home/airflow/.local/lib/python3.8/site-packages/airflow/example_dags/example_trigger_controller_dag.py
[2026-02-10T20:31:02.359+0000] {processor.py:830} INFO - Processing file /home/airflow/.local/lib/python3.8/site-packages/airflow/example_dags/example_trigger_controller_dag.py for tasks to queue
[2026-02-10T20:31:02.359+0000] {logging_mixin.py:188} INFO - [2026-02-10T20:31:02.359+0000] {dagbag.py:538} INFO - Filling up the DagBag from /home/airflow/.local/lib/python3.8/site-packages/airflow/example_dags/example_trigger_controller_dag.py
[2026-02-10T20:31:02.361+0000] {processor.py:840} INFO - DAG(s) 'example_trigger_controller_dag' retrieved from /home/airflow/.local/lib/python3.8/site-packages/airflow/example_dags/example_trigger_controller_dag.py
[2026-02-10T20:31:02.369+0000] {logging_mixin.py:188} INFO - [2026-02-10T20:31:02.369+0000] {dag.py:3036} INFO - Sync 1 DAGs
[2026-02-10T20:31:02.377+0000] {logging_mixin.py:188} INFO - [2026-02-10T20:31:02.377+0000] {dag.py:3823} INFO - Setting next_dagrun for example_trigger_controller_dag to 2021-01-01 00:00:00+00:00, run_after=2021-01-01 00:00:00+00:00
[2026-02-10T20:31:02.386+0000] {processor.py:183} INFO - Processing /home/airflow/.local/lib/python3.8/site-packages/airflow/example_dags/example_trigger_controller_dag.py took 0.030 seconds
[2026-02-10T20:31:32.704+0000] {processor.py:161} INFO - Started process (PID=1004) to work on /home/airflow/.local/lib/python3.8/site-packages/airflow/example_dags/example_trigger_controller_dag.py
[2026-02-10T20:31:32.704+0000] {processor.py:830} INFO - Processing file /home/airflow/.local/lib/python3.8/site-packages/airflow/example_dags/example_trigger_controller_dag.py for tasks to queue
[2026-02-10T20:31:32.705+0000] {logging_mixin.py:188} INFO - [2026-02-10T20:31:32.705+0000] {dagbag.py:538} INFO - Filling up the DagBag from /home/airflow/.local/lib/python3.8/site-packages/airflow/example_dags/example_trigger_controller_dag.py
[2026-02-10T20:31:32.707+0000] {processor.py:840} INFO - DAG(s) 'example_trigger_controller_dag' retrieved from /home/airflow/.local/lib/python3.8/site-packages/airflow/example_dags/example_trigger_controller_dag.py
[2026-02-10T20:31:32.718+0000] {logging_mixin.py:188} INFO - [2026-02-10T20:31:32.718+0000] {dag.py:3036} INFO - Sync 1 DAGs
[2026-02-10T20:31:32.733+0000] {logging_mixin.py:188} INFO - [2026-02-10T20:31:32.733+0000] {dag.py:3823} INFO - Setting next_dagrun for example_trigger_controller_dag to 2021-01-01 00:00:00+00:00, run_after=2021-01-01 00:00:00+00:00
[2026-02-10T20:31:32.746+0000] {processor.py:183} INFO - Processing /home/airflow/.local/lib/python3.8/site-packages/airflow/example_dags/example_trigger_controller_dag.py took 0.044 seconds
[2026-02-10T20:32:03.121+0000] {processor.py:161} INFO - Started process (PID=1059) to work on /home/airflow/.local/lib/python3.8/site-packages/airflow/example_dags/example_trigger_controller_dag.py
[2026-02-10T20:32:03.124+0000] {processor.py:830} INFO - Processing file /home/airflow/.local/lib/python3.8/site-packages/airflow/example_dags/example_trigger_controller_dag.py for tasks to queue
[2026-02-10T20:32:03.125+0000] {logging_mixin.py:188} INFO - [2026-02-10T20:32:03.125+0000] {dagbag.py:538} INFO - Filling up the DagBag from /home/airflow/.local/lib/python3.8/site-packages/airflow/example_dags/example_trigger_controller_dag.py
[2026-02-10T20:32:03.127+0000] {processor.py:840} INFO - DAG(s) 'example_trigger_controller_dag' retrieved from /home/airflow/.local/lib/python3.8/site-packages/airflow/example_dags/example_trigger_controller_dag.py
[2026-02-10T20:32:03.137+0000] {logging_mixin.py:188} INFO - [2026-02-10T20:32:03.137+0000] {dag.py:3036} INFO - Sync 1 DAGs
[2026-02-10T20:32:03.145+0000] {logging_mixin.py:188} INFO - [2026-02-10T20:32:03.145+0000] {dag.py:3823} INFO - Setting next_dagrun for example_trigger_controller_dag to 2021-01-01 00:00:00+00:00, run_after=2021-01-01 00:00:00+00:00
[2026-02-10T20:32:03.152+0000] {processor.py:183} INFO - Processing /home/airflow/.local/lib/python3.8/site-packages/airflow/example_dags/example_trigger_controller_dag.py took 0.032 seconds
[2026-02-10T20:32:33.449+0000] {processor.py:161} INFO - Started process (PID=1114) to work on /home/airflow/.local/lib/python3.8/site-packages/airflow/example_dags/example_trigger_controller_dag.py
[2026-02-10T20:32:33.449+0000] {processor.py:830} INFO - Processing file /home/airflow/.local/lib/python3.8/site-packages/airflow/example_dags/example_trigger_controller_dag.py for tasks to queue
[2026-02-10T20:32:33.450+0000] {logging_mixin.py:188} INFO - [2026-02-10T20:32:33.450+0000] {dagbag.py:538} INFO - Filling up the DagBag from /home/airflow/.local/lib/python3.8/site-packages/airflow/example_dags/example_trigger_controller_dag.py
[2026-02-10T20:32:33.452+0000] {processor.py:840} INFO - DAG(s) 'example_trigger_controller_dag' retrieved from /home/airflow/.local/lib/python3.8/site-packages/airflow/example_dags/example_trigger_controller_dag.py
[2026-02-10T20:32:33.459+0000] {logging_mixin.py:188} INFO - [2026-02-10T20:32:33.458+0000] {dag.py:3036} INFO - Sync 1 DAGs
[2026-02-10T20:32:33.467+0000] {logging_mixin.py:188} INFO - [2026-02-10T20:32:33.467+0000] {dag.py:3823} INFO - Setting next_dagrun for example_trigger_controller_dag to 2021-01-01 00:00:00+00:00, run_after=2021-01-01 00:00:00+00:00
[2026-02-10T20:32:33.475+0000] {processor.py:183} INFO - Processing /home/airflow/.local/lib/python3.8/site-packages/airflow/example_dags/example_trigger_controller_dag.py took 0.027 seconds
[2026-02-10T20:33:04.013+0000] {processor.py:161} INFO - Started process (PID=1170) to work on /home/airflow/.local/lib/python3.8/site-packages/airflow/example_dags/example_trigger_controller_dag.py
[2026-02-10T20:33:04.013+0000] {processor.py:830} INFO - Processing file /home/airflow/.local/lib/python3.8/site-packages/airflow/example_dags/example_trigger_controller_dag.py for tasks to queue
[2026-02-10T20:33:04.014+0000] {logging_mixin.py:188} INFO - [2026-02-10T20:33:04.014+0000] {dagbag.py:538} INFO - Filling up the DagBag from /home/airflow/.local/lib/python3.8/site-packages/airflow/example_dags/example_trigger_controller_dag.py
[2026-02-10T20:33:04.016+0000] {processor.py:840} INFO - DAG(s) 'example_trigger_controller_dag' retrieved from /home/airflow/.local/lib/python3.8/site-packages/airflow/example_dags/example_trigger_controller_dag.py
[2026-02-10T20:33:04.024+0000] {logging_mixin.py:188} INFO - [2026-02-10T20:33:04.024+0000] {dag.py:3036} INFO - Sync 1 DAGs
[2026-02-10T20:33:04.033+0000] {logging_mixin.py:188} INFO - [2026-02-10T20:33:04.033+0000] {dag.py:3823} INFO - Setting next_dagrun for example_trigger_controller_dag to 2021-01-01 00:00:00+00:00, run_after=2021-01-01 00:00:00+00:00
[2026-02-10T20:33:04.041+0000] {processor.py:183} INFO - Processing /home/airflow/.local/lib/python3.8/site-packages/airflow/example_dags/example_trigger_controller_dag.py took 0.030 seconds
[2026-02-10T20:33:34.408+0000] {processor.py:161} INFO - Started process (PID=1226) to work on /home/airflow/.local/lib/python3.8/site-packages/airflow/example_dags/example_trigger_controller_dag.py
[2026-02-10T20:33:34.408+0000] {processor.py:830} INFO - Processing file /home/airflow/.local/lib/python3.8/site-packages/airflow/example_dags/example_trigger_controller_dag.py for tasks to queue
[2026-02-10T20:33:34.409+0000] {logging_mixin.py:188} INFO - [2026-02-10T20:33:34.409+0000] {dagbag.py:538} INFO - Filling up the DagBag from /home/airflow/.local/lib/python3.8/site-packages/airflow/example_dags/example_trigger_controller_dag.py
[2026-02-10T20:33:34.411+0000] {processor.py:840} INFO - DAG(s) 'example_trigger_controller_dag' retrieved from /home/airflow/.local/lib/python3.8/site-packages/airflow/example_dags/example_trigger_controller_dag.py
[2026-02-10T20:33:34.418+0000] {logging_mixin.py:188} INFO - [2026-02-10T20:33:34.418+0000] {dag.py:3036} INFO - Sync 1 DAGs
[2026-02-10T20:33:34.425+0000] {logging_mixin.py:188} INFO - [2026-02-10T20:33:34.425+0000] {dag.py:3823} INFO - Setting next_dagrun for example_trigger_controller_dag to 2021-01-01 00:00:00+00:00, run_after=2021-01-01 00:00:00+00:00
[2026-02-10T20:33:34.433+0000] {processor.py:183} INFO - Processing /home/airflow/.local/lib/python3.8/site-packages/airflow/example_dags/example_trigger_controller_dag.py took 0.027 seconds
[2026-02-10T20:34:04.842+0000] {processor.py:161} INFO - Started process (PID=1282) to work on /home/airflow/.local/lib/python3.8/site-packages/airflow/example_dags/example_trigger_controller_dag.py
[2026-02-10T20:34:04.842+0000] {processor.py:830} INFO - Processing file /home/airflow/.local/lib/python3.8/site-packages/airflow/example_dags/example_trigger_controller_dag.py for tasks to queue
[2026-02-10T20:34:04.843+0000] {logging_mixin.py:188} INFO - [2026-02-10T20:34:04.843+0000] {dagbag.py:538} INFO - Filling up the DagBag from /home/airflow/.local/lib/python3.8/site-packages/airflow/example_dags/example_trigger_controller_dag.py
[2026-02-10T20:34:04.845+0000] {processor.py:840} INFO - DAG(s) 'example_trigger_controller_dag' retrieved from /home/airflow/.local/lib/python3.8/site-packages/airflow/example_dags/example_trigger_controller_dag.py
[2026-02-10T20:34:04.854+0000] {logging_mixin.py:188} INFO - [2026-02-10T20:34:04.854+0000] {dag.py:3036} INFO - Sync 1 DAGs
[2026-02-10T20:34:04.861+0000] {logging_mixin.py:188} INFO - [2026-02-10T20:34:04.861+0000] {dag.py:3823} INFO - Setting next_dagrun for example_trigger_controller_dag to 2021-01-01 00:00:00+00:00, run_after=2021-01-01 00:00:00+00:00
[2026-02-10T20:34:04.870+0000] {processor.py:183} INFO - Processing /home/airflow/.local/lib/python3.8/site-packages/airflow/example_dags/example_trigger_controller_dag.py took 0.029 seconds
