[2026-02-10T20:22:55.198+0000] {processor.py:161} INFO - Started process (PID=78) to work on /home/airflow/.local/lib/python3.8/site-packages/airflow/example_dags/example_params_trigger_ui.py
[2026-02-10T20:22:55.199+0000] {processor.py:830} INFO - Processing file /home/airflow/.local/lib/python3.8/site-packages/airflow/example_dags/example_params_trigger_ui.py for tasks to queue
[2026-02-10T20:22:55.200+0000] {logging_mixin.py:188} INFO - [2026-02-10T20:22:55.200+0000] {dagbag.py:538} INFO - Filling up the DagBag from /home/airflow/.local/lib/python3.8/site-packages/airflow/example_dags/example_params_trigger_ui.py
[2026-02-10T20:22:55.212+0000] {processor.py:840} INFO - DAG(s) 'example_params_trigger_ui' retrieved from /home/airflow/.local/lib/python3.8/site-packages/airflow/example_dags/example_params_trigger_ui.py
[2026-02-10T20:22:55.222+0000] {logging_mixin.py:188} INFO - [2026-02-10T20:22:55.222+0000] {dag.py:3036} INFO - Sync 1 DAGs
[2026-02-10T20:22:55.229+0000] {logging_mixin.py:188} INFO - [2026-02-10T20:22:55.229+0000] {dag.py:3823} INFO - Setting next_dagrun for example_params_trigger_ui to None, run_after=None
[2026-02-10T20:22:55.241+0000] {processor.py:183} INFO - Processing /home/airflow/.local/lib/python3.8/site-packages/airflow/example_dags/example_params_trigger_ui.py took 0.046 seconds
[2026-02-10T20:23:25.301+0000] {processor.py:161} INFO - Started process (PID=133) to work on /home/airflow/.local/lib/python3.8/site-packages/airflow/example_dags/example_params_trigger_ui.py
[2026-02-10T20:23:25.303+0000] {processor.py:830} INFO - Processing file /home/airflow/.local/lib/python3.8/site-packages/airflow/example_dags/example_params_trigger_ui.py for tasks to queue
[2026-02-10T20:23:25.305+0000] {logging_mixin.py:188} INFO - [2026-02-10T20:23:25.304+0000] {dagbag.py:538} INFO - Filling up the DagBag from /home/airflow/.local/lib/python3.8/site-packages/airflow/example_dags/example_params_trigger_ui.py
[2026-02-10T20:23:25.313+0000] {processor.py:840} INFO - DAG(s) 'example_params_trigger_ui' retrieved from /home/airflow/.local/lib/python3.8/site-packages/airflow/example_dags/example_params_trigger_ui.py
[2026-02-10T20:23:25.367+0000] {logging_mixin.py:188} INFO - [2026-02-10T20:23:25.367+0000] {dag.py:3036} INFO - Sync 1 DAGs
[2026-02-10T20:23:25.371+0000] {logging_mixin.py:188} INFO - [2026-02-10T20:23:25.371+0000] {dag.py:3823} INFO - Setting next_dagrun for example_params_trigger_ui to None, run_after=None
[2026-02-10T20:23:25.378+0000] {processor.py:183} INFO - Processing /home/airflow/.local/lib/python3.8/site-packages/airflow/example_dags/example_params_trigger_ui.py took 0.078 seconds
[2026-02-10T20:23:55.811+0000] {processor.py:161} INFO - Started process (PID=188) to work on /home/airflow/.local/lib/python3.8/site-packages/airflow/example_dags/example_params_trigger_ui.py
[2026-02-10T20:23:55.813+0000] {processor.py:830} INFO - Processing file /home/airflow/.local/lib/python3.8/site-packages/airflow/example_dags/example_params_trigger_ui.py for tasks to queue
[2026-02-10T20:23:55.814+0000] {logging_mixin.py:188} INFO - [2026-02-10T20:23:55.814+0000] {dagbag.py:538} INFO - Filling up the DagBag from /home/airflow/.local/lib/python3.8/site-packages/airflow/example_dags/example_params_trigger_ui.py
[2026-02-10T20:23:55.819+0000] {processor.py:840} INFO - DAG(s) 'example_params_trigger_ui' retrieved from /home/airflow/.local/lib/python3.8/site-packages/airflow/example_dags/example_params_trigger_ui.py
[2026-02-10T20:23:55.838+0000] {logging_mixin.py:188} INFO - [2026-02-10T20:23:55.838+0000] {dag.py:3036} INFO - Sync 1 DAGs
[2026-02-10T20:23:55.842+0000] {logging_mixin.py:188} INFO - [2026-02-10T20:23:55.842+0000] {dag.py:3823} INFO - Setting next_dagrun for example_params_trigger_ui to None, run_after=None
[2026-02-10T20:23:55.852+0000] {processor.py:183} INFO - Processing /home/airflow/.local/lib/python3.8/site-packages/airflow/example_dags/example_params_trigger_ui.py took 0.043 seconds
[2026-02-10T20:24:26.280+0000] {processor.py:161} INFO - Started process (PID=243) to work on /home/airflow/.local/lib/python3.8/site-packages/airflow/example_dags/example_params_trigger_ui.py
[2026-02-10T20:24:26.281+0000] {processor.py:830} INFO - Processing file /home/airflow/.local/lib/python3.8/site-packages/airflow/example_dags/example_params_trigger_ui.py for tasks to queue
[2026-02-10T20:24:26.281+0000] {logging_mixin.py:188} INFO - [2026-02-10T20:24:26.281+0000] {dagbag.py:538} INFO - Filling up the DagBag from /home/airflow/.local/lib/python3.8/site-packages/airflow/example_dags/example_params_trigger_ui.py
[2026-02-10T20:24:26.286+0000] {processor.py:840} INFO - DAG(s) 'example_params_trigger_ui' retrieved from /home/airflow/.local/lib/python3.8/site-packages/airflow/example_dags/example_params_trigger_ui.py
[2026-02-10T20:24:26.301+0000] {logging_mixin.py:188} INFO - [2026-02-10T20:24:26.301+0000] {dag.py:3036} INFO - Sync 1 DAGs
[2026-02-10T20:24:26.305+0000] {logging_mixin.py:188} INFO - [2026-02-10T20:24:26.305+0000] {dag.py:3823} INFO - Setting next_dagrun for example_params_trigger_ui to None, run_after=None
[2026-02-10T20:24:26.310+0000] {processor.py:183} INFO - Processing /home/airflow/.local/lib/python3.8/site-packages/airflow/example_dags/example_params_trigger_ui.py took 0.031 seconds
[2026-02-10T20:24:56.837+0000] {processor.py:161} INFO - Started process (PID=304) to work on /home/airflow/.local/lib/python3.8/site-packages/airflow/example_dags/example_params_trigger_ui.py
[2026-02-10T20:24:56.838+0000] {processor.py:830} INFO - Processing file /home/airflow/.local/lib/python3.8/site-packages/airflow/example_dags/example_params_trigger_ui.py for tasks to queue
[2026-02-10T20:24:56.838+0000] {logging_mixin.py:188} INFO - [2026-02-10T20:24:56.838+0000] {dagbag.py:538} INFO - Filling up the DagBag from /home/airflow/.local/lib/python3.8/site-packages/airflow/example_dags/example_params_trigger_ui.py
[2026-02-10T20:24:56.844+0000] {processor.py:840} INFO - DAG(s) 'example_params_trigger_ui' retrieved from /home/airflow/.local/lib/python3.8/site-packages/airflow/example_dags/example_params_trigger_ui.py
[2026-02-10T20:24:56.863+0000] {logging_mixin.py:188} INFO - [2026-02-10T20:24:56.863+0000] {dag.py:3036} INFO - Sync 1 DAGs
[2026-02-10T20:24:56.869+0000] {logging_mixin.py:188} INFO - [2026-02-10T20:24:56.868+0000] {dag.py:3823} INFO - Setting next_dagrun for example_params_trigger_ui to None, run_after=None
[2026-02-10T20:24:56.877+0000] {processor.py:183} INFO - Processing /home/airflow/.local/lib/python3.8/site-packages/airflow/example_dags/example_params_trigger_ui.py took 0.041 seconds
[2026-02-10T20:25:27.429+0000] {processor.py:161} INFO - Started process (PID=359) to work on /home/airflow/.local/lib/python3.8/site-packages/airflow/example_dags/example_params_trigger_ui.py
[2026-02-10T20:25:27.430+0000] {processor.py:830} INFO - Processing file /home/airflow/.local/lib/python3.8/site-packages/airflow/example_dags/example_params_trigger_ui.py for tasks to queue
[2026-02-10T20:25:27.430+0000] {logging_mixin.py:188} INFO - [2026-02-10T20:25:27.430+0000] {dagbag.py:538} INFO - Filling up the DagBag from /home/airflow/.local/lib/python3.8/site-packages/airflow/example_dags/example_params_trigger_ui.py
[2026-02-10T20:25:27.436+0000] {processor.py:840} INFO - DAG(s) 'example_params_trigger_ui' retrieved from /home/airflow/.local/lib/python3.8/site-packages/airflow/example_dags/example_params_trigger_ui.py
[2026-02-10T20:25:27.454+0000] {logging_mixin.py:188} INFO - [2026-02-10T20:25:27.454+0000] {dag.py:3036} INFO - Sync 1 DAGs
[2026-02-10T20:25:27.459+0000] {logging_mixin.py:188} INFO - [2026-02-10T20:25:27.459+0000] {dag.py:3823} INFO - Setting next_dagrun for example_params_trigger_ui to None, run_after=None
[2026-02-10T20:25:27.466+0000] {processor.py:183} INFO - Processing /home/airflow/.local/lib/python3.8/site-packages/airflow/example_dags/example_params_trigger_ui.py took 0.039 seconds
[2026-02-10T20:25:57.807+0000] {processor.py:161} INFO - Started process (PID=414) to work on /home/airflow/.local/lib/python3.8/site-packages/airflow/example_dags/example_params_trigger_ui.py
[2026-02-10T20:25:57.808+0000] {processor.py:830} INFO - Processing file /home/airflow/.local/lib/python3.8/site-packages/airflow/example_dags/example_params_trigger_ui.py for tasks to queue
[2026-02-10T20:25:57.808+0000] {logging_mixin.py:188} INFO - [2026-02-10T20:25:57.808+0000] {dagbag.py:538} INFO - Filling up the DagBag from /home/airflow/.local/lib/python3.8/site-packages/airflow/example_dags/example_params_trigger_ui.py
[2026-02-10T20:25:57.814+0000] {processor.py:840} INFO - DAG(s) 'example_params_trigger_ui' retrieved from /home/airflow/.local/lib/python3.8/site-packages/airflow/example_dags/example_params_trigger_ui.py
[2026-02-10T20:25:57.838+0000] {logging_mixin.py:188} INFO - [2026-02-10T20:25:57.838+0000] {dag.py:3036} INFO - Sync 1 DAGs
[2026-02-10T20:25:57.843+0000] {logging_mixin.py:188} INFO - [2026-02-10T20:25:57.843+0000] {dag.py:3823} INFO - Setting next_dagrun for example_params_trigger_ui to None, run_after=None
[2026-02-10T20:25:57.850+0000] {processor.py:183} INFO - Processing /home/airflow/.local/lib/python3.8/site-packages/airflow/example_dags/example_params_trigger_ui.py took 0.044 seconds
[2026-02-10T20:26:28.230+0000] {processor.py:161} INFO - Started process (PID=469) to work on /home/airflow/.local/lib/python3.8/site-packages/airflow/example_dags/example_params_trigger_ui.py
[2026-02-10T20:26:28.230+0000] {processor.py:830} INFO - Processing file /home/airflow/.local/lib/python3.8/site-packages/airflow/example_dags/example_params_trigger_ui.py for tasks to queue
[2026-02-10T20:26:28.231+0000] {logging_mixin.py:188} INFO - [2026-02-10T20:26:28.231+0000] {dagbag.py:538} INFO - Filling up the DagBag from /home/airflow/.local/lib/python3.8/site-packages/airflow/example_dags/example_params_trigger_ui.py
[2026-02-10T20:26:28.236+0000] {processor.py:840} INFO - DAG(s) 'example_params_trigger_ui' retrieved from /home/airflow/.local/lib/python3.8/site-packages/airflow/example_dags/example_params_trigger_ui.py
[2026-02-10T20:26:28.252+0000] {logging_mixin.py:188} INFO - [2026-02-10T20:26:28.251+0000] {dag.py:3036} INFO - Sync 1 DAGs
[2026-02-10T20:26:28.255+0000] {logging_mixin.py:188} INFO - [2026-02-10T20:26:28.255+0000] {dag.py:3823} INFO - Setting next_dagrun for example_params_trigger_ui to None, run_after=None
[2026-02-10T20:26:28.261+0000] {processor.py:183} INFO - Processing /home/airflow/.local/lib/python3.8/site-packages/airflow/example_dags/example_params_trigger_ui.py took 0.032 seconds
[2026-02-10T20:26:58.580+0000] {processor.py:161} INFO - Started process (PID=524) to work on /home/airflow/.local/lib/python3.8/site-packages/airflow/example_dags/example_params_trigger_ui.py
[2026-02-10T20:26:58.582+0000] {processor.py:830} INFO - Processing file /home/airflow/.local/lib/python3.8/site-packages/airflow/example_dags/example_params_trigger_ui.py for tasks to queue
[2026-02-10T20:26:58.582+0000] {logging_mixin.py:188} INFO - [2026-02-10T20:26:58.582+0000] {dagbag.py:538} INFO - Filling up the DagBag from /home/airflow/.local/lib/python3.8/site-packages/airflow/example_dags/example_params_trigger_ui.py
[2026-02-10T20:26:58.588+0000] {processor.py:840} INFO - DAG(s) 'example_params_trigger_ui' retrieved from /home/airflow/.local/lib/python3.8/site-packages/airflow/example_dags/example_params_trigger_ui.py
[2026-02-10T20:26:58.611+0000] {logging_mixin.py:188} INFO - [2026-02-10T20:26:58.611+0000] {dag.py:3036} INFO - Sync 1 DAGs
[2026-02-10T20:26:58.619+0000] {logging_mixin.py:188} INFO - [2026-02-10T20:26:58.619+0000] {dag.py:3823} INFO - Setting next_dagrun for example_params_trigger_ui to None, run_after=None
[2026-02-10T20:26:58.625+0000] {processor.py:183} INFO - Processing /home/airflow/.local/lib/python3.8/site-packages/airflow/example_dags/example_params_trigger_ui.py took 0.046 seconds
[2026-02-10T20:27:28.958+0000] {processor.py:161} INFO - Started process (PID=579) to work on /home/airflow/.local/lib/python3.8/site-packages/airflow/example_dags/example_params_trigger_ui.py
[2026-02-10T20:27:28.958+0000] {processor.py:830} INFO - Processing file /home/airflow/.local/lib/python3.8/site-packages/airflow/example_dags/example_params_trigger_ui.py for tasks to queue
[2026-02-10T20:27:28.959+0000] {logging_mixin.py:188} INFO - [2026-02-10T20:27:28.959+0000] {dagbag.py:538} INFO - Filling up the DagBag from /home/airflow/.local/lib/python3.8/site-packages/airflow/example_dags/example_params_trigger_ui.py
[2026-02-10T20:27:28.964+0000] {processor.py:840} INFO - DAG(s) 'example_params_trigger_ui' retrieved from /home/airflow/.local/lib/python3.8/site-packages/airflow/example_dags/example_params_trigger_ui.py
[2026-02-10T20:27:28.982+0000] {logging_mixin.py:188} INFO - [2026-02-10T20:27:28.982+0000] {dag.py:3036} INFO - Sync 1 DAGs
[2026-02-10T20:27:28.986+0000] {logging_mixin.py:188} INFO - [2026-02-10T20:27:28.986+0000] {dag.py:3823} INFO - Setting next_dagrun for example_params_trigger_ui to None, run_after=None
[2026-02-10T20:27:28.992+0000] {processor.py:183} INFO - Processing /home/airflow/.local/lib/python3.8/site-packages/airflow/example_dags/example_params_trigger_ui.py took 0.036 seconds
[2026-02-10T20:27:59.426+0000] {processor.py:161} INFO - Started process (PID=633) to work on /home/airflow/.local/lib/python3.8/site-packages/airflow/example_dags/example_params_trigger_ui.py
[2026-02-10T20:27:59.426+0000] {processor.py:830} INFO - Processing file /home/airflow/.local/lib/python3.8/site-packages/airflow/example_dags/example_params_trigger_ui.py for tasks to queue
[2026-02-10T20:27:59.426+0000] {logging_mixin.py:188} INFO - [2026-02-10T20:27:59.426+0000] {dagbag.py:538} INFO - Filling up the DagBag from /home/airflow/.local/lib/python3.8/site-packages/airflow/example_dags/example_params_trigger_ui.py
[2026-02-10T20:27:59.431+0000] {processor.py:840} INFO - DAG(s) 'example_params_trigger_ui' retrieved from /home/airflow/.local/lib/python3.8/site-packages/airflow/example_dags/example_params_trigger_ui.py
[2026-02-10T20:27:59.447+0000] {logging_mixin.py:188} INFO - [2026-02-10T20:27:59.446+0000] {dag.py:3036} INFO - Sync 1 DAGs
[2026-02-10T20:27:59.450+0000] {logging_mixin.py:188} INFO - [2026-02-10T20:27:59.450+0000] {dag.py:3823} INFO - Setting next_dagrun for example_params_trigger_ui to None, run_after=None
[2026-02-10T20:27:59.456+0000] {processor.py:183} INFO - Processing /home/airflow/.local/lib/python3.8/site-packages/airflow/example_dags/example_params_trigger_ui.py took 0.032 seconds
[2026-02-10T20:28:30.131+0000] {processor.py:161} INFO - Started process (PID=688) to work on /home/airflow/.local/lib/python3.8/site-packages/airflow/example_dags/example_params_trigger_ui.py
[2026-02-10T20:28:30.132+0000] {processor.py:830} INFO - Processing file /home/airflow/.local/lib/python3.8/site-packages/airflow/example_dags/example_params_trigger_ui.py for tasks to queue
[2026-02-10T20:28:30.133+0000] {logging_mixin.py:188} INFO - [2026-02-10T20:28:30.133+0000] {dagbag.py:538} INFO - Filling up the DagBag from /home/airflow/.local/lib/python3.8/site-packages/airflow/example_dags/example_params_trigger_ui.py
[2026-02-10T20:28:30.139+0000] {processor.py:840} INFO - DAG(s) 'example_params_trigger_ui' retrieved from /home/airflow/.local/lib/python3.8/site-packages/airflow/example_dags/example_params_trigger_ui.py
[2026-02-10T20:28:30.158+0000] {logging_mixin.py:188} INFO - [2026-02-10T20:28:30.158+0000] {dag.py:3036} INFO - Sync 1 DAGs
[2026-02-10T20:28:30.163+0000] {logging_mixin.py:188} INFO - [2026-02-10T20:28:30.163+0000] {dag.py:3823} INFO - Setting next_dagrun for example_params_trigger_ui to None, run_after=None
[2026-02-10T20:28:30.170+0000] {processor.py:183} INFO - Processing /home/airflow/.local/lib/python3.8/site-packages/airflow/example_dags/example_params_trigger_ui.py took 0.042 seconds
[2026-02-10T20:29:00.676+0000] {processor.py:161} INFO - Started process (PID=743) to work on /home/airflow/.local/lib/python3.8/site-packages/airflow/example_dags/example_params_trigger_ui.py
[2026-02-10T20:29:00.677+0000] {processor.py:830} INFO - Processing file /home/airflow/.local/lib/python3.8/site-packages/airflow/example_dags/example_params_trigger_ui.py for tasks to queue
[2026-02-10T20:29:00.678+0000] {logging_mixin.py:188} INFO - [2026-02-10T20:29:00.678+0000] {dagbag.py:538} INFO - Filling up the DagBag from /home/airflow/.local/lib/python3.8/site-packages/airflow/example_dags/example_params_trigger_ui.py
[2026-02-10T20:29:00.683+0000] {processor.py:840} INFO - DAG(s) 'example_params_trigger_ui' retrieved from /home/airflow/.local/lib/python3.8/site-packages/airflow/example_dags/example_params_trigger_ui.py
[2026-02-10T20:29:00.699+0000] {logging_mixin.py:188} INFO - [2026-02-10T20:29:00.699+0000] {dag.py:3036} INFO - Sync 1 DAGs
[2026-02-10T20:29:00.703+0000] {logging_mixin.py:188} INFO - [2026-02-10T20:29:00.703+0000] {dag.py:3823} INFO - Setting next_dagrun for example_params_trigger_ui to None, run_after=None
[2026-02-10T20:29:00.708+0000] {processor.py:183} INFO - Processing /home/airflow/.local/lib/python3.8/site-packages/airflow/example_dags/example_params_trigger_ui.py took 0.034 seconds
[2026-02-10T20:29:31.274+0000] {processor.py:161} INFO - Started process (PID=798) to work on /home/airflow/.local/lib/python3.8/site-packages/airflow/example_dags/example_params_trigger_ui.py
[2026-02-10T20:29:31.274+0000] {processor.py:830} INFO - Processing file /home/airflow/.local/lib/python3.8/site-packages/airflow/example_dags/example_params_trigger_ui.py for tasks to queue
[2026-02-10T20:29:31.275+0000] {logging_mixin.py:188} INFO - [2026-02-10T20:29:31.275+0000] {dagbag.py:538} INFO - Filling up the DagBag from /home/airflow/.local/lib/python3.8/site-packages/airflow/example_dags/example_params_trigger_ui.py
[2026-02-10T20:29:31.280+0000] {processor.py:840} INFO - DAG(s) 'example_params_trigger_ui' retrieved from /home/airflow/.local/lib/python3.8/site-packages/airflow/example_dags/example_params_trigger_ui.py
[2026-02-10T20:29:31.302+0000] {logging_mixin.py:188} INFO - [2026-02-10T20:29:31.302+0000] {dag.py:3036} INFO - Sync 1 DAGs
[2026-02-10T20:29:31.307+0000] {logging_mixin.py:188} INFO - [2026-02-10T20:29:31.307+0000] {dag.py:3823} INFO - Setting next_dagrun for example_params_trigger_ui to None, run_after=None
[2026-02-10T20:29:31.313+0000] {processor.py:183} INFO - Processing /home/airflow/.local/lib/python3.8/site-packages/airflow/example_dags/example_params_trigger_ui.py took 0.041 seconds
[2026-02-10T20:30:01.825+0000] {processor.py:161} INFO - Started process (PID=853) to work on /home/airflow/.local/lib/python3.8/site-packages/airflow/example_dags/example_params_trigger_ui.py
[2026-02-10T20:30:01.825+0000] {processor.py:830} INFO - Processing file /home/airflow/.local/lib/python3.8/site-packages/airflow/example_dags/example_params_trigger_ui.py for tasks to queue
[2026-02-10T20:30:01.826+0000] {logging_mixin.py:188} INFO - [2026-02-10T20:30:01.826+0000] {dagbag.py:538} INFO - Filling up the DagBag from /home/airflow/.local/lib/python3.8/site-packages/airflow/example_dags/example_params_trigger_ui.py
[2026-02-10T20:30:01.831+0000] {processor.py:840} INFO - DAG(s) 'example_params_trigger_ui' retrieved from /home/airflow/.local/lib/python3.8/site-packages/airflow/example_dags/example_params_trigger_ui.py
[2026-02-10T20:30:01.850+0000] {logging_mixin.py:188} INFO - [2026-02-10T20:30:01.850+0000] {dag.py:3036} INFO - Sync 1 DAGs
[2026-02-10T20:30:01.855+0000] {logging_mixin.py:188} INFO - [2026-02-10T20:30:01.855+0000] {dag.py:3823} INFO - Setting next_dagrun for example_params_trigger_ui to None, run_after=None
[2026-02-10T20:30:01.861+0000] {processor.py:183} INFO - Processing /home/airflow/.local/lib/python3.8/site-packages/airflow/example_dags/example_params_trigger_ui.py took 0.037 seconds
[2026-02-10T20:30:32.200+0000] {processor.py:161} INFO - Started process (PID=908) to work on /home/airflow/.local/lib/python3.8/site-packages/airflow/example_dags/example_params_trigger_ui.py
[2026-02-10T20:30:32.201+0000] {processor.py:830} INFO - Processing file /home/airflow/.local/lib/python3.8/site-packages/airflow/example_dags/example_params_trigger_ui.py for tasks to queue
[2026-02-10T20:30:32.201+0000] {logging_mixin.py:188} INFO - [2026-02-10T20:30:32.201+0000] {dagbag.py:538} INFO - Filling up the DagBag from /home/airflow/.local/lib/python3.8/site-packages/airflow/example_dags/example_params_trigger_ui.py
[2026-02-10T20:30:32.210+0000] {processor.py:840} INFO - DAG(s) 'example_params_trigger_ui' retrieved from /home/airflow/.local/lib/python3.8/site-packages/airflow/example_dags/example_params_trigger_ui.py
[2026-02-10T20:30:32.229+0000] {logging_mixin.py:188} INFO - [2026-02-10T20:30:32.229+0000] {dag.py:3036} INFO - Sync 1 DAGs
[2026-02-10T20:30:32.234+0000] {logging_mixin.py:188} INFO - [2026-02-10T20:30:32.234+0000] {dag.py:3823} INFO - Setting next_dagrun for example_params_trigger_ui to None, run_after=None
[2026-02-10T20:30:32.240+0000] {processor.py:183} INFO - Processing /home/airflow/.local/lib/python3.8/site-packages/airflow/example_dags/example_params_trigger_ui.py took 0.042 seconds
[2026-02-10T20:31:02.649+0000] {processor.py:161} INFO - Started process (PID=963) to work on /home/airflow/.local/lib/python3.8/site-packages/airflow/example_dags/example_params_trigger_ui.py
[2026-02-10T20:31:02.649+0000] {processor.py:830} INFO - Processing file /home/airflow/.local/lib/python3.8/site-packages/airflow/example_dags/example_params_trigger_ui.py for tasks to queue
[2026-02-10T20:31:02.650+0000] {logging_mixin.py:188} INFO - [2026-02-10T20:31:02.650+0000] {dagbag.py:538} INFO - Filling up the DagBag from /home/airflow/.local/lib/python3.8/site-packages/airflow/example_dags/example_params_trigger_ui.py
[2026-02-10T20:31:02.655+0000] {processor.py:840} INFO - DAG(s) 'example_params_trigger_ui' retrieved from /home/airflow/.local/lib/python3.8/site-packages/airflow/example_dags/example_params_trigger_ui.py
[2026-02-10T20:31:02.677+0000] {logging_mixin.py:188} INFO - [2026-02-10T20:31:02.677+0000] {dag.py:3036} INFO - Sync 1 DAGs
[2026-02-10T20:31:02.681+0000] {logging_mixin.py:188} INFO - [2026-02-10T20:31:02.681+0000] {dag.py:3823} INFO - Setting next_dagrun for example_params_trigger_ui to None, run_after=None
[2026-02-10T20:31:02.689+0000] {processor.py:183} INFO - Processing /home/airflow/.local/lib/python3.8/site-packages/airflow/example_dags/example_params_trigger_ui.py took 0.042 seconds
[2026-02-10T20:31:33.055+0000] {processor.py:161} INFO - Started process (PID=1018) to work on /home/airflow/.local/lib/python3.8/site-packages/airflow/example_dags/example_params_trigger_ui.py
[2026-02-10T20:31:33.055+0000] {processor.py:830} INFO - Processing file /home/airflow/.local/lib/python3.8/site-packages/airflow/example_dags/example_params_trigger_ui.py for tasks to queue
[2026-02-10T20:31:33.056+0000] {logging_mixin.py:188} INFO - [2026-02-10T20:31:33.056+0000] {dagbag.py:538} INFO - Filling up the DagBag from /home/airflow/.local/lib/python3.8/site-packages/airflow/example_dags/example_params_trigger_ui.py
[2026-02-10T20:31:33.061+0000] {processor.py:840} INFO - DAG(s) 'example_params_trigger_ui' retrieved from /home/airflow/.local/lib/python3.8/site-packages/airflow/example_dags/example_params_trigger_ui.py
[2026-02-10T20:31:33.080+0000] {logging_mixin.py:188} INFO - [2026-02-10T20:31:33.080+0000] {dag.py:3036} INFO - Sync 1 DAGs
[2026-02-10T20:31:33.085+0000] {logging_mixin.py:188} INFO - [2026-02-10T20:31:33.085+0000] {dag.py:3823} INFO - Setting next_dagrun for example_params_trigger_ui to None, run_after=None
[2026-02-10T20:31:33.093+0000] {processor.py:183} INFO - Processing /home/airflow/.local/lib/python3.8/site-packages/airflow/example_dags/example_params_trigger_ui.py took 0.040 seconds
[2026-02-10T20:32:03.449+0000] {processor.py:161} INFO - Started process (PID=1073) to work on /home/airflow/.local/lib/python3.8/site-packages/airflow/example_dags/example_params_trigger_ui.py
[2026-02-10T20:32:03.449+0000] {processor.py:830} INFO - Processing file /home/airflow/.local/lib/python3.8/site-packages/airflow/example_dags/example_params_trigger_ui.py for tasks to queue
[2026-02-10T20:32:03.450+0000] {logging_mixin.py:188} INFO - [2026-02-10T20:32:03.450+0000] {dagbag.py:538} INFO - Filling up the DagBag from /home/airflow/.local/lib/python3.8/site-packages/airflow/example_dags/example_params_trigger_ui.py
[2026-02-10T20:32:03.455+0000] {processor.py:840} INFO - DAG(s) 'example_params_trigger_ui' retrieved from /home/airflow/.local/lib/python3.8/site-packages/airflow/example_dags/example_params_trigger_ui.py
[2026-02-10T20:32:03.475+0000] {logging_mixin.py:188} INFO - [2026-02-10T20:32:03.475+0000] {dag.py:3036} INFO - Sync 1 DAGs
[2026-02-10T20:32:03.479+0000] {logging_mixin.py:188} INFO - [2026-02-10T20:32:03.479+0000] {dag.py:3823} INFO - Setting next_dagrun for example_params_trigger_ui to None, run_after=None
[2026-02-10T20:32:03.487+0000] {processor.py:183} INFO - Processing /home/airflow/.local/lib/python3.8/site-packages/airflow/example_dags/example_params_trigger_ui.py took 0.040 seconds
[2026-02-10T20:32:33.743+0000] {processor.py:161} INFO - Started process (PID=1128) to work on /home/airflow/.local/lib/python3.8/site-packages/airflow/example_dags/example_params_trigger_ui.py
[2026-02-10T20:32:33.744+0000] {processor.py:830} INFO - Processing file /home/airflow/.local/lib/python3.8/site-packages/airflow/example_dags/example_params_trigger_ui.py for tasks to queue
[2026-02-10T20:32:33.745+0000] {logging_mixin.py:188} INFO - [2026-02-10T20:32:33.745+0000] {dagbag.py:538} INFO - Filling up the DagBag from /home/airflow/.local/lib/python3.8/site-packages/airflow/example_dags/example_params_trigger_ui.py
[2026-02-10T20:32:33.750+0000] {processor.py:840} INFO - DAG(s) 'example_params_trigger_ui' retrieved from /home/airflow/.local/lib/python3.8/site-packages/airflow/example_dags/example_params_trigger_ui.py
[2026-02-10T20:32:33.770+0000] {logging_mixin.py:188} INFO - [2026-02-10T20:32:33.770+0000] {dag.py:3036} INFO - Sync 1 DAGs
[2026-02-10T20:32:33.774+0000] {logging_mixin.py:188} INFO - [2026-02-10T20:32:33.774+0000] {dag.py:3823} INFO - Setting next_dagrun for example_params_trigger_ui to None, run_after=None
[2026-02-10T20:32:33.781+0000] {processor.py:183} INFO - Processing /home/airflow/.local/lib/python3.8/site-packages/airflow/example_dags/example_params_trigger_ui.py took 0.039 seconds
[2026-02-10T20:33:04.294+0000] {processor.py:161} INFO - Started process (PID=1184) to work on /home/airflow/.local/lib/python3.8/site-packages/airflow/example_dags/example_params_trigger_ui.py
[2026-02-10T20:33:04.295+0000] {processor.py:830} INFO - Processing file /home/airflow/.local/lib/python3.8/site-packages/airflow/example_dags/example_params_trigger_ui.py for tasks to queue
[2026-02-10T20:33:04.296+0000] {logging_mixin.py:188} INFO - [2026-02-10T20:33:04.295+0000] {dagbag.py:538} INFO - Filling up the DagBag from /home/airflow/.local/lib/python3.8/site-packages/airflow/example_dags/example_params_trigger_ui.py
[2026-02-10T20:33:04.301+0000] {processor.py:840} INFO - DAG(s) 'example_params_trigger_ui' retrieved from /home/airflow/.local/lib/python3.8/site-packages/airflow/example_dags/example_params_trigger_ui.py
[2026-02-10T20:33:04.319+0000] {logging_mixin.py:188} INFO - [2026-02-10T20:33:04.319+0000] {dag.py:3036} INFO - Sync 1 DAGs
[2026-02-10T20:33:04.323+0000] {logging_mixin.py:188} INFO - [2026-02-10T20:33:04.323+0000] {dag.py:3823} INFO - Setting next_dagrun for example_params_trigger_ui to None, run_after=None
[2026-02-10T20:33:04.332+0000] {processor.py:183} INFO - Processing /home/airflow/.local/lib/python3.8/site-packages/airflow/example_dags/example_params_trigger_ui.py took 0.039 seconds
[2026-02-10T20:33:34.748+0000] {processor.py:161} INFO - Started process (PID=1240) to work on /home/airflow/.local/lib/python3.8/site-packages/airflow/example_dags/example_params_trigger_ui.py
[2026-02-10T20:33:34.750+0000] {processor.py:830} INFO - Processing file /home/airflow/.local/lib/python3.8/site-packages/airflow/example_dags/example_params_trigger_ui.py for tasks to queue
[2026-02-10T20:33:34.751+0000] {logging_mixin.py:188} INFO - [2026-02-10T20:33:34.751+0000] {dagbag.py:538} INFO - Filling up the DagBag from /home/airflow/.local/lib/python3.8/site-packages/airflow/example_dags/example_params_trigger_ui.py
[2026-02-10T20:33:34.758+0000] {processor.py:840} INFO - DAG(s) 'example_params_trigger_ui' retrieved from /home/airflow/.local/lib/python3.8/site-packages/airflow/example_dags/example_params_trigger_ui.py
[2026-02-10T20:33:34.774+0000] {logging_mixin.py:188} INFO - [2026-02-10T20:33:34.774+0000] {dag.py:3036} INFO - Sync 1 DAGs
[2026-02-10T20:33:34.778+0000] {logging_mixin.py:188} INFO - [2026-02-10T20:33:34.778+0000] {dag.py:3823} INFO - Setting next_dagrun for example_params_trigger_ui to None, run_after=None
[2026-02-10T20:33:34.785+0000] {processor.py:183} INFO - Processing /home/airflow/.local/lib/python3.8/site-packages/airflow/example_dags/example_params_trigger_ui.py took 0.038 seconds
[2026-02-10T20:34:05.119+0000] {processor.py:161} INFO - Started process (PID=1296) to work on /home/airflow/.local/lib/python3.8/site-packages/airflow/example_dags/example_params_trigger_ui.py
[2026-02-10T20:34:05.121+0000] {processor.py:830} INFO - Processing file /home/airflow/.local/lib/python3.8/site-packages/airflow/example_dags/example_params_trigger_ui.py for tasks to queue
[2026-02-10T20:34:05.124+0000] {logging_mixin.py:188} INFO - [2026-02-10T20:34:05.124+0000] {dagbag.py:538} INFO - Filling up the DagBag from /home/airflow/.local/lib/python3.8/site-packages/airflow/example_dags/example_params_trigger_ui.py
[2026-02-10T20:34:05.130+0000] {processor.py:840} INFO - DAG(s) 'example_params_trigger_ui' retrieved from /home/airflow/.local/lib/python3.8/site-packages/airflow/example_dags/example_params_trigger_ui.py
[2026-02-10T20:34:05.149+0000] {logging_mixin.py:188} INFO - [2026-02-10T20:34:05.149+0000] {dag.py:3036} INFO - Sync 1 DAGs
[2026-02-10T20:34:05.154+0000] {logging_mixin.py:188} INFO - [2026-02-10T20:34:05.154+0000] {dag.py:3823} INFO - Setting next_dagrun for example_params_trigger_ui to None, run_after=None
[2026-02-10T20:34:05.165+0000] {processor.py:183} INFO - Processing /home/airflow/.local/lib/python3.8/site-packages/airflow/example_dags/example_params_trigger_ui.py took 0.049 seconds
