[2026-02-10T20:22:55.304+0000] {processor.py:161} INFO - Started process (PID=83) to work on /home/airflow/.local/lib/python3.8/site-packages/airflow/example_dags/example_external_task_marker_dag.py
[2026-02-10T20:22:55.304+0000] {processor.py:830} INFO - Processing file /home/airflow/.local/lib/python3.8/site-packages/airflow/example_dags/example_external_task_marker_dag.py for tasks to queue
[2026-02-10T20:22:55.305+0000] {logging_mixin.py:188} INFO - [2026-02-10T20:22:55.305+0000] {dagbag.py:538} INFO - Filling up the DagBag from /home/airflow/.local/lib/python3.8/site-packages/airflow/example_dags/example_external_task_marker_dag.py
[2026-02-10T20:22:55.308+0000] {processor.py:840} INFO - DAG(s) 'example_external_task_marker_parent', 'example_external_task_marker_child' retrieved from /home/airflow/.local/lib/python3.8/site-packages/airflow/example_dags/example_external_task_marker_dag.py
[2026-02-10T20:22:55.318+0000] {logging_mixin.py:188} INFO - [2026-02-10T20:22:55.318+0000] {dag.py:3036} INFO - Sync 2 DAGs
[2026-02-10T20:22:55.326+0000] {logging_mixin.py:188} INFO - [2026-02-10T20:22:55.326+0000] {dag.py:3823} INFO - Setting next_dagrun for example_external_task_marker_child to None, run_after=None
[2026-02-10T20:22:55.330+0000] {logging_mixin.py:188} INFO - [2026-02-10T20:22:55.330+0000] {dag.py:3823} INFO - Setting next_dagrun for example_external_task_marker_parent to None, run_after=None
[2026-02-10T20:22:55.347+0000] {processor.py:183} INFO - Processing /home/airflow/.local/lib/python3.8/site-packages/airflow/example_dags/example_external_task_marker_dag.py took 0.045 seconds
[2026-02-10T20:23:25.509+0000] {processor.py:161} INFO - Started process (PID=138) to work on /home/airflow/.local/lib/python3.8/site-packages/airflow/example_dags/example_external_task_marker_dag.py
[2026-02-10T20:23:25.509+0000] {processor.py:830} INFO - Processing file /home/airflow/.local/lib/python3.8/site-packages/airflow/example_dags/example_external_task_marker_dag.py for tasks to queue
[2026-02-10T20:23:25.510+0000] {logging_mixin.py:188} INFO - [2026-02-10T20:23:25.510+0000] {dagbag.py:538} INFO - Filling up the DagBag from /home/airflow/.local/lib/python3.8/site-packages/airflow/example_dags/example_external_task_marker_dag.py
[2026-02-10T20:23:25.513+0000] {processor.py:840} INFO - DAG(s) 'example_external_task_marker_parent', 'example_external_task_marker_child' retrieved from /home/airflow/.local/lib/python3.8/site-packages/airflow/example_dags/example_external_task_marker_dag.py
[2026-02-10T20:23:25.550+0000] {logging_mixin.py:188} INFO - [2026-02-10T20:23:25.550+0000] {dag.py:3036} INFO - Sync 2 DAGs
[2026-02-10T20:23:25.554+0000] {logging_mixin.py:188} INFO - [2026-02-10T20:23:25.554+0000] {dag.py:3823} INFO - Setting next_dagrun for example_external_task_marker_child to None, run_after=None
[2026-02-10T20:23:25.556+0000] {logging_mixin.py:188} INFO - [2026-02-10T20:23:25.556+0000] {dag.py:3823} INFO - Setting next_dagrun for example_external_task_marker_parent to None, run_after=None
[2026-02-10T20:23:25.562+0000] {processor.py:183} INFO - Processing /home/airflow/.local/lib/python3.8/site-packages/airflow/example_dags/example_external_task_marker_dag.py took 0.055 seconds
[2026-02-10T20:23:55.920+0000] {processor.py:161} INFO - Started process (PID=193) to work on /home/airflow/.local/lib/python3.8/site-packages/airflow/example_dags/example_external_task_marker_dag.py
[2026-02-10T20:23:55.920+0000] {processor.py:830} INFO - Processing file /home/airflow/.local/lib/python3.8/site-packages/airflow/example_dags/example_external_task_marker_dag.py for tasks to queue
[2026-02-10T20:23:55.921+0000] {logging_mixin.py:188} INFO - [2026-02-10T20:23:55.921+0000] {dagbag.py:538} INFO - Filling up the DagBag from /home/airflow/.local/lib/python3.8/site-packages/airflow/example_dags/example_external_task_marker_dag.py
[2026-02-10T20:23:55.923+0000] {processor.py:840} INFO - DAG(s) 'example_external_task_marker_child', 'example_external_task_marker_parent' retrieved from /home/airflow/.local/lib/python3.8/site-packages/airflow/example_dags/example_external_task_marker_dag.py
[2026-02-10T20:23:55.933+0000] {logging_mixin.py:188} INFO - [2026-02-10T20:23:55.933+0000] {dag.py:3036} INFO - Sync 2 DAGs
[2026-02-10T20:23:55.937+0000] {logging_mixin.py:188} INFO - [2026-02-10T20:23:55.937+0000] {dag.py:3823} INFO - Setting next_dagrun for example_external_task_marker_child to None, run_after=None
[2026-02-10T20:23:55.938+0000] {logging_mixin.py:188} INFO - [2026-02-10T20:23:55.938+0000] {dag.py:3823} INFO - Setting next_dagrun for example_external_task_marker_parent to None, run_after=None
[2026-02-10T20:23:55.948+0000] {processor.py:183} INFO - Processing /home/airflow/.local/lib/python3.8/site-packages/airflow/example_dags/example_external_task_marker_dag.py took 0.029 seconds
[2026-02-10T20:24:26.425+0000] {processor.py:161} INFO - Started process (PID=248) to work on /home/airflow/.local/lib/python3.8/site-packages/airflow/example_dags/example_external_task_marker_dag.py
[2026-02-10T20:24:26.425+0000] {processor.py:830} INFO - Processing file /home/airflow/.local/lib/python3.8/site-packages/airflow/example_dags/example_external_task_marker_dag.py for tasks to queue
[2026-02-10T20:24:26.426+0000] {logging_mixin.py:188} INFO - [2026-02-10T20:24:26.426+0000] {dagbag.py:538} INFO - Filling up the DagBag from /home/airflow/.local/lib/python3.8/site-packages/airflow/example_dags/example_external_task_marker_dag.py
[2026-02-10T20:24:26.428+0000] {processor.py:840} INFO - DAG(s) 'example_external_task_marker_child', 'example_external_task_marker_parent' retrieved from /home/airflow/.local/lib/python3.8/site-packages/airflow/example_dags/example_external_task_marker_dag.py
[2026-02-10T20:24:26.440+0000] {logging_mixin.py:188} INFO - [2026-02-10T20:24:26.440+0000] {dag.py:3036} INFO - Sync 2 DAGs
[2026-02-10T20:24:26.444+0000] {logging_mixin.py:188} INFO - [2026-02-10T20:24:26.444+0000] {dag.py:3823} INFO - Setting next_dagrun for example_external_task_marker_child to None, run_after=None
[2026-02-10T20:24:26.447+0000] {logging_mixin.py:188} INFO - [2026-02-10T20:24:26.447+0000] {dag.py:3823} INFO - Setting next_dagrun for example_external_task_marker_parent to None, run_after=None
[2026-02-10T20:24:26.456+0000] {processor.py:183} INFO - Processing /home/airflow/.local/lib/python3.8/site-packages/airflow/example_dags/example_external_task_marker_dag.py took 0.033 seconds
[2026-02-10T20:24:56.959+0000] {processor.py:161} INFO - Started process (PID=309) to work on /home/airflow/.local/lib/python3.8/site-packages/airflow/example_dags/example_external_task_marker_dag.py
[2026-02-10T20:24:56.959+0000] {processor.py:830} INFO - Processing file /home/airflow/.local/lib/python3.8/site-packages/airflow/example_dags/example_external_task_marker_dag.py for tasks to queue
[2026-02-10T20:24:56.960+0000] {logging_mixin.py:188} INFO - [2026-02-10T20:24:56.960+0000] {dagbag.py:538} INFO - Filling up the DagBag from /home/airflow/.local/lib/python3.8/site-packages/airflow/example_dags/example_external_task_marker_dag.py
[2026-02-10T20:24:56.963+0000] {processor.py:840} INFO - DAG(s) 'example_external_task_marker_parent', 'example_external_task_marker_child' retrieved from /home/airflow/.local/lib/python3.8/site-packages/airflow/example_dags/example_external_task_marker_dag.py
[2026-02-10T20:24:56.971+0000] {logging_mixin.py:188} INFO - [2026-02-10T20:24:56.971+0000] {dag.py:3036} INFO - Sync 2 DAGs
[2026-02-10T20:24:56.977+0000] {logging_mixin.py:188} INFO - [2026-02-10T20:24:56.977+0000] {dag.py:3823} INFO - Setting next_dagrun for example_external_task_marker_child to None, run_after=None
[2026-02-10T20:24:56.978+0000] {logging_mixin.py:188} INFO - [2026-02-10T20:24:56.978+0000] {dag.py:3823} INFO - Setting next_dagrun for example_external_task_marker_parent to None, run_after=None
[2026-02-10T20:24:56.988+0000] {processor.py:183} INFO - Processing /home/airflow/.local/lib/python3.8/site-packages/airflow/example_dags/example_external_task_marker_dag.py took 0.031 seconds
[2026-02-10T20:25:27.562+0000] {processor.py:161} INFO - Started process (PID=364) to work on /home/airflow/.local/lib/python3.8/site-packages/airflow/example_dags/example_external_task_marker_dag.py
[2026-02-10T20:25:27.565+0000] {processor.py:830} INFO - Processing file /home/airflow/.local/lib/python3.8/site-packages/airflow/example_dags/example_external_task_marker_dag.py for tasks to queue
[2026-02-10T20:25:27.565+0000] {logging_mixin.py:188} INFO - [2026-02-10T20:25:27.565+0000] {dagbag.py:538} INFO - Filling up the DagBag from /home/airflow/.local/lib/python3.8/site-packages/airflow/example_dags/example_external_task_marker_dag.py
[2026-02-10T20:25:27.569+0000] {processor.py:840} INFO - DAG(s) 'example_external_task_marker_child', 'example_external_task_marker_parent' retrieved from /home/airflow/.local/lib/python3.8/site-packages/airflow/example_dags/example_external_task_marker_dag.py
[2026-02-10T20:25:27.580+0000] {logging_mixin.py:188} INFO - [2026-02-10T20:25:27.579+0000] {dag.py:3036} INFO - Sync 2 DAGs
[2026-02-10T20:25:27.587+0000] {logging_mixin.py:188} INFO - [2026-02-10T20:25:27.587+0000] {dag.py:3823} INFO - Setting next_dagrun for example_external_task_marker_child to None, run_after=None
[2026-02-10T20:25:27.589+0000] {logging_mixin.py:188} INFO - [2026-02-10T20:25:27.589+0000] {dag.py:3823} INFO - Setting next_dagrun for example_external_task_marker_parent to None, run_after=None
[2026-02-10T20:25:27.596+0000] {processor.py:183} INFO - Processing /home/airflow/.local/lib/python3.8/site-packages/airflow/example_dags/example_external_task_marker_dag.py took 0.036 seconds
[2026-02-10T20:25:57.912+0000] {processor.py:161} INFO - Started process (PID=419) to work on /home/airflow/.local/lib/python3.8/site-packages/airflow/example_dags/example_external_task_marker_dag.py
[2026-02-10T20:25:57.913+0000] {processor.py:830} INFO - Processing file /home/airflow/.local/lib/python3.8/site-packages/airflow/example_dags/example_external_task_marker_dag.py for tasks to queue
[2026-02-10T20:25:57.913+0000] {logging_mixin.py:188} INFO - [2026-02-10T20:25:57.913+0000] {dagbag.py:538} INFO - Filling up the DagBag from /home/airflow/.local/lib/python3.8/site-packages/airflow/example_dags/example_external_task_marker_dag.py
[2026-02-10T20:25:57.916+0000] {processor.py:840} INFO - DAG(s) 'example_external_task_marker_parent', 'example_external_task_marker_child' retrieved from /home/airflow/.local/lib/python3.8/site-packages/airflow/example_dags/example_external_task_marker_dag.py
[2026-02-10T20:25:57.932+0000] {logging_mixin.py:188} INFO - [2026-02-10T20:25:57.932+0000] {dag.py:3036} INFO - Sync 2 DAGs
[2026-02-10T20:25:57.942+0000] {logging_mixin.py:188} INFO - [2026-02-10T20:25:57.941+0000] {dag.py:3823} INFO - Setting next_dagrun for example_external_task_marker_child to None, run_after=None
[2026-02-10T20:25:57.943+0000] {logging_mixin.py:188} INFO - [2026-02-10T20:25:57.943+0000] {dag.py:3823} INFO - Setting next_dagrun for example_external_task_marker_parent to None, run_after=None
[2026-02-10T20:25:57.954+0000] {processor.py:183} INFO - Processing /home/airflow/.local/lib/python3.8/site-packages/airflow/example_dags/example_external_task_marker_dag.py took 0.044 seconds
[2026-02-10T20:26:28.341+0000] {processor.py:161} INFO - Started process (PID=474) to work on /home/airflow/.local/lib/python3.8/site-packages/airflow/example_dags/example_external_task_marker_dag.py
[2026-02-10T20:26:28.341+0000] {processor.py:830} INFO - Processing file /home/airflow/.local/lib/python3.8/site-packages/airflow/example_dags/example_external_task_marker_dag.py for tasks to queue
[2026-02-10T20:26:28.342+0000] {logging_mixin.py:188} INFO - [2026-02-10T20:26:28.342+0000] {dagbag.py:538} INFO - Filling up the DagBag from /home/airflow/.local/lib/python3.8/site-packages/airflow/example_dags/example_external_task_marker_dag.py
[2026-02-10T20:26:28.344+0000] {processor.py:840} INFO - DAG(s) 'example_external_task_marker_child', 'example_external_task_marker_parent' retrieved from /home/airflow/.local/lib/python3.8/site-packages/airflow/example_dags/example_external_task_marker_dag.py
[2026-02-10T20:26:28.355+0000] {logging_mixin.py:188} INFO - [2026-02-10T20:26:28.355+0000] {dag.py:3036} INFO - Sync 2 DAGs
[2026-02-10T20:26:28.359+0000] {logging_mixin.py:188} INFO - [2026-02-10T20:26:28.359+0000] {dag.py:3823} INFO - Setting next_dagrun for example_external_task_marker_child to None, run_after=None
[2026-02-10T20:26:28.364+0000] {logging_mixin.py:188} INFO - [2026-02-10T20:26:28.363+0000] {dag.py:3823} INFO - Setting next_dagrun for example_external_task_marker_parent to None, run_after=None
[2026-02-10T20:26:28.374+0000] {processor.py:183} INFO - Processing /home/airflow/.local/lib/python3.8/site-packages/airflow/example_dags/example_external_task_marker_dag.py took 0.035 seconds
[2026-02-10T20:26:58.678+0000] {processor.py:161} INFO - Started process (PID=529) to work on /home/airflow/.local/lib/python3.8/site-packages/airflow/example_dags/example_external_task_marker_dag.py
[2026-02-10T20:26:58.679+0000] {processor.py:830} INFO - Processing file /home/airflow/.local/lib/python3.8/site-packages/airflow/example_dags/example_external_task_marker_dag.py for tasks to queue
[2026-02-10T20:26:58.680+0000] {logging_mixin.py:188} INFO - [2026-02-10T20:26:58.680+0000] {dagbag.py:538} INFO - Filling up the DagBag from /home/airflow/.local/lib/python3.8/site-packages/airflow/example_dags/example_external_task_marker_dag.py
[2026-02-10T20:26:58.683+0000] {processor.py:840} INFO - DAG(s) 'example_external_task_marker_child', 'example_external_task_marker_parent' retrieved from /home/airflow/.local/lib/python3.8/site-packages/airflow/example_dags/example_external_task_marker_dag.py
[2026-02-10T20:26:58.696+0000] {logging_mixin.py:188} INFO - [2026-02-10T20:26:58.695+0000] {dag.py:3036} INFO - Sync 2 DAGs
[2026-02-10T20:26:58.699+0000] {logging_mixin.py:188} INFO - [2026-02-10T20:26:58.699+0000] {dag.py:3823} INFO - Setting next_dagrun for example_external_task_marker_child to None, run_after=None
[2026-02-10T20:26:58.701+0000] {logging_mixin.py:188} INFO - [2026-02-10T20:26:58.701+0000] {dag.py:3823} INFO - Setting next_dagrun for example_external_task_marker_parent to None, run_after=None
[2026-02-10T20:26:58.707+0000] {processor.py:183} INFO - Processing /home/airflow/.local/lib/python3.8/site-packages/airflow/example_dags/example_external_task_marker_dag.py took 0.031 seconds
[2026-02-10T20:27:29.061+0000] {processor.py:161} INFO - Started process (PID=584) to work on /home/airflow/.local/lib/python3.8/site-packages/airflow/example_dags/example_external_task_marker_dag.py
[2026-02-10T20:27:29.062+0000] {processor.py:830} INFO - Processing file /home/airflow/.local/lib/python3.8/site-packages/airflow/example_dags/example_external_task_marker_dag.py for tasks to queue
[2026-02-10T20:27:29.063+0000] {logging_mixin.py:188} INFO - [2026-02-10T20:27:29.062+0000] {dagbag.py:538} INFO - Filling up the DagBag from /home/airflow/.local/lib/python3.8/site-packages/airflow/example_dags/example_external_task_marker_dag.py
[2026-02-10T20:27:29.065+0000] {processor.py:840} INFO - DAG(s) 'example_external_task_marker_parent', 'example_external_task_marker_child' retrieved from /home/airflow/.local/lib/python3.8/site-packages/airflow/example_dags/example_external_task_marker_dag.py
[2026-02-10T20:27:29.073+0000] {logging_mixin.py:188} INFO - [2026-02-10T20:27:29.073+0000] {dag.py:3036} INFO - Sync 2 DAGs
[2026-02-10T20:27:29.078+0000] {logging_mixin.py:188} INFO - [2026-02-10T20:27:29.077+0000] {dag.py:3823} INFO - Setting next_dagrun for example_external_task_marker_child to None, run_after=None
[2026-02-10T20:27:29.079+0000] {logging_mixin.py:188} INFO - [2026-02-10T20:27:29.079+0000] {dag.py:3823} INFO - Setting next_dagrun for example_external_task_marker_parent to None, run_after=None
[2026-02-10T20:27:29.085+0000] {processor.py:183} INFO - Processing /home/airflow/.local/lib/python3.8/site-packages/airflow/example_dags/example_external_task_marker_dag.py took 0.026 seconds
[2026-02-10T20:27:59.541+0000] {processor.py:161} INFO - Started process (PID=638) to work on /home/airflow/.local/lib/python3.8/site-packages/airflow/example_dags/example_external_task_marker_dag.py
[2026-02-10T20:27:59.542+0000] {processor.py:830} INFO - Processing file /home/airflow/.local/lib/python3.8/site-packages/airflow/example_dags/example_external_task_marker_dag.py for tasks to queue
[2026-02-10T20:27:59.542+0000] {logging_mixin.py:188} INFO - [2026-02-10T20:27:59.542+0000] {dagbag.py:538} INFO - Filling up the DagBag from /home/airflow/.local/lib/python3.8/site-packages/airflow/example_dags/example_external_task_marker_dag.py
[2026-02-10T20:27:59.545+0000] {processor.py:840} INFO - DAG(s) 'example_external_task_marker_child', 'example_external_task_marker_parent' retrieved from /home/airflow/.local/lib/python3.8/site-packages/airflow/example_dags/example_external_task_marker_dag.py
[2026-02-10T20:27:59.554+0000] {logging_mixin.py:188} INFO - [2026-02-10T20:27:59.554+0000] {dag.py:3036} INFO - Sync 2 DAGs
[2026-02-10T20:27:59.559+0000] {logging_mixin.py:188} INFO - [2026-02-10T20:27:59.559+0000] {dag.py:3823} INFO - Setting next_dagrun for example_external_task_marker_child to None, run_after=None
[2026-02-10T20:27:59.561+0000] {logging_mixin.py:188} INFO - [2026-02-10T20:27:59.561+0000] {dag.py:3823} INFO - Setting next_dagrun for example_external_task_marker_parent to None, run_after=None
[2026-02-10T20:27:59.570+0000] {processor.py:183} INFO - Processing /home/airflow/.local/lib/python3.8/site-packages/airflow/example_dags/example_external_task_marker_dag.py took 0.031 seconds
[2026-02-10T20:28:30.287+0000] {processor.py:161} INFO - Started process (PID=693) to work on /home/airflow/.local/lib/python3.8/site-packages/airflow/example_dags/example_external_task_marker_dag.py
[2026-02-10T20:28:30.288+0000] {processor.py:830} INFO - Processing file /home/airflow/.local/lib/python3.8/site-packages/airflow/example_dags/example_external_task_marker_dag.py for tasks to queue
[2026-02-10T20:28:30.288+0000] {logging_mixin.py:188} INFO - [2026-02-10T20:28:30.288+0000] {dagbag.py:538} INFO - Filling up the DagBag from /home/airflow/.local/lib/python3.8/site-packages/airflow/example_dags/example_external_task_marker_dag.py
[2026-02-10T20:28:30.291+0000] {processor.py:840} INFO - DAG(s) 'example_external_task_marker_parent', 'example_external_task_marker_child' retrieved from /home/airflow/.local/lib/python3.8/site-packages/airflow/example_dags/example_external_task_marker_dag.py
[2026-02-10T20:28:30.301+0000] {logging_mixin.py:188} INFO - [2026-02-10T20:28:30.301+0000] {dag.py:3036} INFO - Sync 2 DAGs
[2026-02-10T20:28:30.306+0000] {logging_mixin.py:188} INFO - [2026-02-10T20:28:30.306+0000] {dag.py:3823} INFO - Setting next_dagrun for example_external_task_marker_child to None, run_after=None
[2026-02-10T20:28:30.307+0000] {logging_mixin.py:188} INFO - [2026-02-10T20:28:30.307+0000] {dag.py:3823} INFO - Setting next_dagrun for example_external_task_marker_parent to None, run_after=None
[2026-02-10T20:28:30.314+0000] {processor.py:183} INFO - Processing /home/airflow/.local/lib/python3.8/site-packages/airflow/example_dags/example_external_task_marker_dag.py took 0.028 seconds
[2026-02-10T20:29:00.916+0000] {processor.py:161} INFO - Started process (PID=748) to work on /home/airflow/.local/lib/python3.8/site-packages/airflow/example_dags/example_external_task_marker_dag.py
[2026-02-10T20:29:00.919+0000] {processor.py:830} INFO - Processing file /home/airflow/.local/lib/python3.8/site-packages/airflow/example_dags/example_external_task_marker_dag.py for tasks to queue
[2026-02-10T20:29:00.920+0000] {logging_mixin.py:188} INFO - [2026-02-10T20:29:00.920+0000] {dagbag.py:538} INFO - Filling up the DagBag from /home/airflow/.local/lib/python3.8/site-packages/airflow/example_dags/example_external_task_marker_dag.py
[2026-02-10T20:29:00.924+0000] {processor.py:840} INFO - DAG(s) 'example_external_task_marker_parent', 'example_external_task_marker_child' retrieved from /home/airflow/.local/lib/python3.8/site-packages/airflow/example_dags/example_external_task_marker_dag.py
[2026-02-10T20:29:00.941+0000] {logging_mixin.py:188} INFO - [2026-02-10T20:29:00.941+0000] {dag.py:3036} INFO - Sync 2 DAGs
[2026-02-10T20:29:00.948+0000] {logging_mixin.py:188} INFO - [2026-02-10T20:29:00.948+0000] {dag.py:3823} INFO - Setting next_dagrun for example_external_task_marker_child to None, run_after=None
[2026-02-10T20:29:00.950+0000] {logging_mixin.py:188} INFO - [2026-02-10T20:29:00.950+0000] {dag.py:3823} INFO - Setting next_dagrun for example_external_task_marker_parent to None, run_after=None
[2026-02-10T20:29:00.969+0000] {processor.py:183} INFO - Processing /home/airflow/.local/lib/python3.8/site-packages/airflow/example_dags/example_external_task_marker_dag.py took 0.057 seconds
[2026-02-10T20:29:31.390+0000] {processor.py:161} INFO - Started process (PID=803) to work on /home/airflow/.local/lib/python3.8/site-packages/airflow/example_dags/example_external_task_marker_dag.py
[2026-02-10T20:29:31.390+0000] {processor.py:830} INFO - Processing file /home/airflow/.local/lib/python3.8/site-packages/airflow/example_dags/example_external_task_marker_dag.py for tasks to queue
[2026-02-10T20:29:31.391+0000] {logging_mixin.py:188} INFO - [2026-02-10T20:29:31.391+0000] {dagbag.py:538} INFO - Filling up the DagBag from /home/airflow/.local/lib/python3.8/site-packages/airflow/example_dags/example_external_task_marker_dag.py
[2026-02-10T20:29:31.396+0000] {processor.py:840} INFO - DAG(s) 'example_external_task_marker_parent', 'example_external_task_marker_child' retrieved from /home/airflow/.local/lib/python3.8/site-packages/airflow/example_dags/example_external_task_marker_dag.py
[2026-02-10T20:29:31.409+0000] {logging_mixin.py:188} INFO - [2026-02-10T20:29:31.409+0000] {dag.py:3036} INFO - Sync 2 DAGs
[2026-02-10T20:29:31.413+0000] {logging_mixin.py:188} INFO - [2026-02-10T20:29:31.413+0000] {dag.py:3823} INFO - Setting next_dagrun for example_external_task_marker_child to None, run_after=None
[2026-02-10T20:29:31.415+0000] {logging_mixin.py:188} INFO - [2026-02-10T20:29:31.415+0000] {dag.py:3823} INFO - Setting next_dagrun for example_external_task_marker_parent to None, run_after=None
[2026-02-10T20:29:31.420+0000] {processor.py:183} INFO - Processing /home/airflow/.local/lib/python3.8/site-packages/airflow/example_dags/example_external_task_marker_dag.py took 0.032 seconds
[2026-02-10T20:30:01.956+0000] {processor.py:161} INFO - Started process (PID=858) to work on /home/airflow/.local/lib/python3.8/site-packages/airflow/example_dags/example_external_task_marker_dag.py
[2026-02-10T20:30:01.957+0000] {processor.py:830} INFO - Processing file /home/airflow/.local/lib/python3.8/site-packages/airflow/example_dags/example_external_task_marker_dag.py for tasks to queue
[2026-02-10T20:30:01.958+0000] {logging_mixin.py:188} INFO - [2026-02-10T20:30:01.958+0000] {dagbag.py:538} INFO - Filling up the DagBag from /home/airflow/.local/lib/python3.8/site-packages/airflow/example_dags/example_external_task_marker_dag.py
[2026-02-10T20:30:01.960+0000] {processor.py:840} INFO - DAG(s) 'example_external_task_marker_child', 'example_external_task_marker_parent' retrieved from /home/airflow/.local/lib/python3.8/site-packages/airflow/example_dags/example_external_task_marker_dag.py
[2026-02-10T20:30:01.973+0000] {logging_mixin.py:188} INFO - [2026-02-10T20:30:01.973+0000] {dag.py:3036} INFO - Sync 2 DAGs
[2026-02-10T20:30:01.977+0000] {logging_mixin.py:188} INFO - [2026-02-10T20:30:01.977+0000] {dag.py:3823} INFO - Setting next_dagrun for example_external_task_marker_child to None, run_after=None
[2026-02-10T20:30:01.979+0000] {logging_mixin.py:188} INFO - [2026-02-10T20:30:01.979+0000] {dag.py:3823} INFO - Setting next_dagrun for example_external_task_marker_parent to None, run_after=None
[2026-02-10T20:30:01.989+0000] {processor.py:183} INFO - Processing /home/airflow/.local/lib/python3.8/site-packages/airflow/example_dags/example_external_task_marker_dag.py took 0.034 seconds
[2026-02-10T20:30:32.315+0000] {processor.py:161} INFO - Started process (PID=913) to work on /home/airflow/.local/lib/python3.8/site-packages/airflow/example_dags/example_external_task_marker_dag.py
[2026-02-10T20:30:32.318+0000] {processor.py:830} INFO - Processing file /home/airflow/.local/lib/python3.8/site-packages/airflow/example_dags/example_external_task_marker_dag.py for tasks to queue
[2026-02-10T20:30:32.319+0000] {logging_mixin.py:188} INFO - [2026-02-10T20:30:32.319+0000] {dagbag.py:538} INFO - Filling up the DagBag from /home/airflow/.local/lib/python3.8/site-packages/airflow/example_dags/example_external_task_marker_dag.py
[2026-02-10T20:30:32.322+0000] {processor.py:840} INFO - DAG(s) 'example_external_task_marker_parent', 'example_external_task_marker_child' retrieved from /home/airflow/.local/lib/python3.8/site-packages/airflow/example_dags/example_external_task_marker_dag.py
[2026-02-10T20:30:32.336+0000] {logging_mixin.py:188} INFO - [2026-02-10T20:30:32.336+0000] {dag.py:3036} INFO - Sync 2 DAGs
[2026-02-10T20:30:32.343+0000] {logging_mixin.py:188} INFO - [2026-02-10T20:30:32.343+0000] {dag.py:3823} INFO - Setting next_dagrun for example_external_task_marker_child to None, run_after=None
[2026-02-10T20:30:32.346+0000] {logging_mixin.py:188} INFO - [2026-02-10T20:30:32.345+0000] {dag.py:3823} INFO - Setting next_dagrun for example_external_task_marker_parent to None, run_after=None
[2026-02-10T20:30:32.353+0000] {processor.py:183} INFO - Processing /home/airflow/.local/lib/python3.8/site-packages/airflow/example_dags/example_external_task_marker_dag.py took 0.040 seconds
[2026-02-10T20:31:02.756+0000] {processor.py:161} INFO - Started process (PID=968) to work on /home/airflow/.local/lib/python3.8/site-packages/airflow/example_dags/example_external_task_marker_dag.py
[2026-02-10T20:31:02.757+0000] {processor.py:830} INFO - Processing file /home/airflow/.local/lib/python3.8/site-packages/airflow/example_dags/example_external_task_marker_dag.py for tasks to queue
[2026-02-10T20:31:02.758+0000] {logging_mixin.py:188} INFO - [2026-02-10T20:31:02.757+0000] {dagbag.py:538} INFO - Filling up the DagBag from /home/airflow/.local/lib/python3.8/site-packages/airflow/example_dags/example_external_task_marker_dag.py
[2026-02-10T20:31:02.761+0000] {processor.py:840} INFO - DAG(s) 'example_external_task_marker_child', 'example_external_task_marker_parent' retrieved from /home/airflow/.local/lib/python3.8/site-packages/airflow/example_dags/example_external_task_marker_dag.py
[2026-02-10T20:31:02.775+0000] {logging_mixin.py:188} INFO - [2026-02-10T20:31:02.775+0000] {dag.py:3036} INFO - Sync 2 DAGs
[2026-02-10T20:31:02.779+0000] {logging_mixin.py:188} INFO - [2026-02-10T20:31:02.778+0000] {dag.py:3823} INFO - Setting next_dagrun for example_external_task_marker_child to None, run_after=None
[2026-02-10T20:31:02.780+0000] {logging_mixin.py:188} INFO - [2026-02-10T20:31:02.780+0000] {dag.py:3823} INFO - Setting next_dagrun for example_external_task_marker_parent to None, run_after=None
[2026-02-10T20:31:02.788+0000] {processor.py:183} INFO - Processing /home/airflow/.local/lib/python3.8/site-packages/airflow/example_dags/example_external_task_marker_dag.py took 0.033 seconds
[2026-02-10T20:31:33.184+0000] {processor.py:161} INFO - Started process (PID=1023) to work on /home/airflow/.local/lib/python3.8/site-packages/airflow/example_dags/example_external_task_marker_dag.py
[2026-02-10T20:31:33.185+0000] {processor.py:830} INFO - Processing file /home/airflow/.local/lib/python3.8/site-packages/airflow/example_dags/example_external_task_marker_dag.py for tasks to queue
[2026-02-10T20:31:33.185+0000] {logging_mixin.py:188} INFO - [2026-02-10T20:31:33.185+0000] {dagbag.py:538} INFO - Filling up the DagBag from /home/airflow/.local/lib/python3.8/site-packages/airflow/example_dags/example_external_task_marker_dag.py
[2026-02-10T20:31:33.187+0000] {processor.py:840} INFO - DAG(s) 'example_external_task_marker_parent', 'example_external_task_marker_child' retrieved from /home/airflow/.local/lib/python3.8/site-packages/airflow/example_dags/example_external_task_marker_dag.py
[2026-02-10T20:31:33.199+0000] {logging_mixin.py:188} INFO - [2026-02-10T20:31:33.199+0000] {dag.py:3036} INFO - Sync 2 DAGs
[2026-02-10T20:31:33.204+0000] {logging_mixin.py:188} INFO - [2026-02-10T20:31:33.204+0000] {dag.py:3823} INFO - Setting next_dagrun for example_external_task_marker_child to None, run_after=None
[2026-02-10T20:31:33.206+0000] {logging_mixin.py:188} INFO - [2026-02-10T20:31:33.205+0000] {dag.py:3823} INFO - Setting next_dagrun for example_external_task_marker_parent to None, run_after=None
[2026-02-10T20:31:33.215+0000] {processor.py:183} INFO - Processing /home/airflow/.local/lib/python3.8/site-packages/airflow/example_dags/example_external_task_marker_dag.py took 0.032 seconds
[2026-02-10T20:32:03.562+0000] {processor.py:161} INFO - Started process (PID=1078) to work on /home/airflow/.local/lib/python3.8/site-packages/airflow/example_dags/example_external_task_marker_dag.py
[2026-02-10T20:32:03.562+0000] {processor.py:830} INFO - Processing file /home/airflow/.local/lib/python3.8/site-packages/airflow/example_dags/example_external_task_marker_dag.py for tasks to queue
[2026-02-10T20:32:03.563+0000] {logging_mixin.py:188} INFO - [2026-02-10T20:32:03.563+0000] {dagbag.py:538} INFO - Filling up the DagBag from /home/airflow/.local/lib/python3.8/site-packages/airflow/example_dags/example_external_task_marker_dag.py
[2026-02-10T20:32:03.566+0000] {processor.py:840} INFO - DAG(s) 'example_external_task_marker_child', 'example_external_task_marker_parent' retrieved from /home/airflow/.local/lib/python3.8/site-packages/airflow/example_dags/example_external_task_marker_dag.py
[2026-02-10T20:32:03.574+0000] {logging_mixin.py:188} INFO - [2026-02-10T20:32:03.574+0000] {dag.py:3036} INFO - Sync 2 DAGs
[2026-02-10T20:32:03.579+0000] {logging_mixin.py:188} INFO - [2026-02-10T20:32:03.579+0000] {dag.py:3823} INFO - Setting next_dagrun for example_external_task_marker_child to None, run_after=None
[2026-02-10T20:32:03.580+0000] {logging_mixin.py:188} INFO - [2026-02-10T20:32:03.580+0000] {dag.py:3823} INFO - Setting next_dagrun for example_external_task_marker_parent to None, run_after=None
[2026-02-10T20:32:03.591+0000] {processor.py:183} INFO - Processing /home/airflow/.local/lib/python3.8/site-packages/airflow/example_dags/example_external_task_marker_dag.py took 0.031 seconds
[2026-02-10T20:32:33.852+0000] {processor.py:161} INFO - Started process (PID=1133) to work on /home/airflow/.local/lib/python3.8/site-packages/airflow/example_dags/example_external_task_marker_dag.py
[2026-02-10T20:32:33.855+0000] {processor.py:830} INFO - Processing file /home/airflow/.local/lib/python3.8/site-packages/airflow/example_dags/example_external_task_marker_dag.py for tasks to queue
[2026-02-10T20:32:33.856+0000] {logging_mixin.py:188} INFO - [2026-02-10T20:32:33.856+0000] {dagbag.py:538} INFO - Filling up the DagBag from /home/airflow/.local/lib/python3.8/site-packages/airflow/example_dags/example_external_task_marker_dag.py
[2026-02-10T20:32:33.858+0000] {processor.py:840} INFO - DAG(s) 'example_external_task_marker_parent', 'example_external_task_marker_child' retrieved from /home/airflow/.local/lib/python3.8/site-packages/airflow/example_dags/example_external_task_marker_dag.py
[2026-02-10T20:32:33.868+0000] {logging_mixin.py:188} INFO - [2026-02-10T20:32:33.868+0000] {dag.py:3036} INFO - Sync 2 DAGs
[2026-02-10T20:32:33.873+0000] {logging_mixin.py:188} INFO - [2026-02-10T20:32:33.873+0000] {dag.py:3823} INFO - Setting next_dagrun for example_external_task_marker_child to None, run_after=None
[2026-02-10T20:32:33.874+0000] {logging_mixin.py:188} INFO - [2026-02-10T20:32:33.874+0000] {dag.py:3823} INFO - Setting next_dagrun for example_external_task_marker_parent to None, run_after=None
[2026-02-10T20:32:33.880+0000] {processor.py:183} INFO - Processing /home/airflow/.local/lib/python3.8/site-packages/airflow/example_dags/example_external_task_marker_dag.py took 0.030 seconds
[2026-02-10T20:33:04.435+0000] {processor.py:161} INFO - Started process (PID=1189) to work on /home/airflow/.local/lib/python3.8/site-packages/airflow/example_dags/example_external_task_marker_dag.py
[2026-02-10T20:33:04.435+0000] {processor.py:830} INFO - Processing file /home/airflow/.local/lib/python3.8/site-packages/airflow/example_dags/example_external_task_marker_dag.py for tasks to queue
[2026-02-10T20:33:04.436+0000] {logging_mixin.py:188} INFO - [2026-02-10T20:33:04.436+0000] {dagbag.py:538} INFO - Filling up the DagBag from /home/airflow/.local/lib/python3.8/site-packages/airflow/example_dags/example_external_task_marker_dag.py
[2026-02-10T20:33:04.439+0000] {processor.py:840} INFO - DAG(s) 'example_external_task_marker_parent', 'example_external_task_marker_child' retrieved from /home/airflow/.local/lib/python3.8/site-packages/airflow/example_dags/example_external_task_marker_dag.py
[2026-02-10T20:33:04.451+0000] {logging_mixin.py:188} INFO - [2026-02-10T20:33:04.451+0000] {dag.py:3036} INFO - Sync 2 DAGs
[2026-02-10T20:33:04.457+0000] {logging_mixin.py:188} INFO - [2026-02-10T20:33:04.457+0000] {dag.py:3823} INFO - Setting next_dagrun for example_external_task_marker_child to None, run_after=None
[2026-02-10T20:33:04.461+0000] {logging_mixin.py:188} INFO - [2026-02-10T20:33:04.461+0000] {dag.py:3823} INFO - Setting next_dagrun for example_external_task_marker_parent to None, run_after=None
[2026-02-10T20:33:04.470+0000] {processor.py:183} INFO - Processing /home/airflow/.local/lib/python3.8/site-packages/airflow/example_dags/example_external_task_marker_dag.py took 0.037 seconds
[2026-02-10T20:33:34.834+0000] {processor.py:161} INFO - Started process (PID=1245) to work on /home/airflow/.local/lib/python3.8/site-packages/airflow/example_dags/example_external_task_marker_dag.py
[2026-02-10T20:33:34.836+0000] {processor.py:830} INFO - Processing file /home/airflow/.local/lib/python3.8/site-packages/airflow/example_dags/example_external_task_marker_dag.py for tasks to queue
[2026-02-10T20:33:34.836+0000] {logging_mixin.py:188} INFO - [2026-02-10T20:33:34.836+0000] {dagbag.py:538} INFO - Filling up the DagBag from /home/airflow/.local/lib/python3.8/site-packages/airflow/example_dags/example_external_task_marker_dag.py
[2026-02-10T20:33:34.840+0000] {processor.py:840} INFO - DAG(s) 'example_external_task_marker_parent', 'example_external_task_marker_child' retrieved from /home/airflow/.local/lib/python3.8/site-packages/airflow/example_dags/example_external_task_marker_dag.py
[2026-02-10T20:33:34.851+0000] {logging_mixin.py:188} INFO - [2026-02-10T20:33:34.851+0000] {dag.py:3036} INFO - Sync 2 DAGs
[2026-02-10T20:33:34.857+0000] {logging_mixin.py:188} INFO - [2026-02-10T20:33:34.857+0000] {dag.py:3823} INFO - Setting next_dagrun for example_external_task_marker_child to None, run_after=None
[2026-02-10T20:33:34.859+0000] {logging_mixin.py:188} INFO - [2026-02-10T20:33:34.859+0000] {dag.py:3823} INFO - Setting next_dagrun for example_external_task_marker_parent to None, run_after=None
[2026-02-10T20:33:34.867+0000] {processor.py:183} INFO - Processing /home/airflow/.local/lib/python3.8/site-packages/airflow/example_dags/example_external_task_marker_dag.py took 0.034 seconds
[2026-02-10T20:34:05.225+0000] {processor.py:161} INFO - Started process (PID=1301) to work on /home/airflow/.local/lib/python3.8/site-packages/airflow/example_dags/example_external_task_marker_dag.py
[2026-02-10T20:34:05.227+0000] {processor.py:830} INFO - Processing file /home/airflow/.local/lib/python3.8/site-packages/airflow/example_dags/example_external_task_marker_dag.py for tasks to queue
[2026-02-10T20:34:05.228+0000] {logging_mixin.py:188} INFO - [2026-02-10T20:34:05.227+0000] {dagbag.py:538} INFO - Filling up the DagBag from /home/airflow/.local/lib/python3.8/site-packages/airflow/example_dags/example_external_task_marker_dag.py
[2026-02-10T20:34:05.230+0000] {processor.py:840} INFO - DAG(s) 'example_external_task_marker_child', 'example_external_task_marker_parent' retrieved from /home/airflow/.local/lib/python3.8/site-packages/airflow/example_dags/example_external_task_marker_dag.py
[2026-02-10T20:34:05.240+0000] {logging_mixin.py:188} INFO - [2026-02-10T20:34:05.240+0000] {dag.py:3036} INFO - Sync 2 DAGs
[2026-02-10T20:34:05.245+0000] {logging_mixin.py:188} INFO - [2026-02-10T20:34:05.245+0000] {dag.py:3823} INFO - Setting next_dagrun for example_external_task_marker_child to None, run_after=None
[2026-02-10T20:34:05.246+0000] {logging_mixin.py:188} INFO - [2026-02-10T20:34:05.246+0000] {dag.py:3823} INFO - Setting next_dagrun for example_external_task_marker_parent to None, run_after=None
[2026-02-10T20:34:05.255+0000] {processor.py:183} INFO - Processing /home/airflow/.local/lib/python3.8/site-packages/airflow/example_dags/example_external_task_marker_dag.py took 0.031 seconds
