[2026-02-10T20:22:55.043+0000] {processor.py:161} INFO - Started process (PID=74) to work on /home/airflow/.local/lib/python3.8/site-packages/airflow/example_dags/example_dynamic_task_mapping.py
[2026-02-10T20:22:55.043+0000] {processor.py:830} INFO - Processing file /home/airflow/.local/lib/python3.8/site-packages/airflow/example_dags/example_dynamic_task_mapping.py for tasks to queue
[2026-02-10T20:22:55.045+0000] {logging_mixin.py:188} INFO - [2026-02-10T20:22:55.045+0000] {dagbag.py:538} INFO - Filling up the DagBag from /home/airflow/.local/lib/python3.8/site-packages/airflow/example_dags/example_dynamic_task_mapping.py
[2026-02-10T20:22:55.049+0000] {processor.py:840} INFO - DAG(s) 'example_dynamic_task_mapping' retrieved from /home/airflow/.local/lib/python3.8/site-packages/airflow/example_dags/example_dynamic_task_mapping.py
[2026-02-10T20:22:55.066+0000] {logging_mixin.py:188} INFO - [2026-02-10T20:22:55.066+0000] {dag.py:3036} INFO - Sync 1 DAGs
[2026-02-10T20:22:55.081+0000] {logging_mixin.py:188} INFO - [2026-02-10T20:22:55.081+0000] {dag.py:3823} INFO - Setting next_dagrun for example_dynamic_task_mapping to 2022-03-04 00:00:00+00:00, run_after=2022-03-05 00:00:00+00:00
[2026-02-10T20:22:55.092+0000] {processor.py:183} INFO - Processing /home/airflow/.local/lib/python3.8/site-packages/airflow/example_dags/example_dynamic_task_mapping.py took 0.051 seconds
[2026-02-10T20:23:25.121+0000] {processor.py:161} INFO - Started process (PID=129) to work on /home/airflow/.local/lib/python3.8/site-packages/airflow/example_dags/example_dynamic_task_mapping.py
[2026-02-10T20:23:25.124+0000] {processor.py:830} INFO - Processing file /home/airflow/.local/lib/python3.8/site-packages/airflow/example_dags/example_dynamic_task_mapping.py for tasks to queue
[2026-02-10T20:23:25.125+0000] {logging_mixin.py:188} INFO - [2026-02-10T20:23:25.125+0000] {dagbag.py:538} INFO - Filling up the DagBag from /home/airflow/.local/lib/python3.8/site-packages/airflow/example_dags/example_dynamic_task_mapping.py
[2026-02-10T20:23:25.128+0000] {processor.py:840} INFO - DAG(s) 'example_dynamic_task_mapping' retrieved from /home/airflow/.local/lib/python3.8/site-packages/airflow/example_dags/example_dynamic_task_mapping.py
[2026-02-10T20:23:25.168+0000] {logging_mixin.py:188} INFO - [2026-02-10T20:23:25.168+0000] {dag.py:3036} INFO - Sync 1 DAGs
[2026-02-10T20:23:25.175+0000] {logging_mixin.py:188} INFO - [2026-02-10T20:23:25.175+0000] {dag.py:3823} INFO - Setting next_dagrun for example_dynamic_task_mapping to 2022-03-04 00:00:00+00:00, run_after=2022-03-05 00:00:00+00:00
[2026-02-10T20:23:25.185+0000] {processor.py:183} INFO - Processing /home/airflow/.local/lib/python3.8/site-packages/airflow/example_dags/example_dynamic_task_mapping.py took 0.065 seconds
[2026-02-10T20:23:55.721+0000] {processor.py:161} INFO - Started process (PID=184) to work on /home/airflow/.local/lib/python3.8/site-packages/airflow/example_dags/example_dynamic_task_mapping.py
[2026-02-10T20:23:55.722+0000] {processor.py:830} INFO - Processing file /home/airflow/.local/lib/python3.8/site-packages/airflow/example_dags/example_dynamic_task_mapping.py for tasks to queue
[2026-02-10T20:23:55.723+0000] {logging_mixin.py:188} INFO - [2026-02-10T20:23:55.723+0000] {dagbag.py:538} INFO - Filling up the DagBag from /home/airflow/.local/lib/python3.8/site-packages/airflow/example_dags/example_dynamic_task_mapping.py
[2026-02-10T20:23:55.725+0000] {processor.py:840} INFO - DAG(s) 'example_dynamic_task_mapping' retrieved from /home/airflow/.local/lib/python3.8/site-packages/airflow/example_dags/example_dynamic_task_mapping.py
[2026-02-10T20:23:55.737+0000] {logging_mixin.py:188} INFO - [2026-02-10T20:23:55.736+0000] {dag.py:3036} INFO - Sync 1 DAGs
[2026-02-10T20:23:55.745+0000] {logging_mixin.py:188} INFO - [2026-02-10T20:23:55.745+0000] {dag.py:3823} INFO - Setting next_dagrun for example_dynamic_task_mapping to 2022-03-04 00:00:00+00:00, run_after=2022-03-05 00:00:00+00:00
[2026-02-10T20:23:55.755+0000] {processor.py:183} INFO - Processing /home/airflow/.local/lib/python3.8/site-packages/airflow/example_dags/example_dynamic_task_mapping.py took 0.035 seconds
[2026-02-10T20:24:26.166+0000] {processor.py:161} INFO - Started process (PID=239) to work on /home/airflow/.local/lib/python3.8/site-packages/airflow/example_dags/example_dynamic_task_mapping.py
[2026-02-10T20:24:26.168+0000] {processor.py:830} INFO - Processing file /home/airflow/.local/lib/python3.8/site-packages/airflow/example_dags/example_dynamic_task_mapping.py for tasks to queue
[2026-02-10T20:24:26.170+0000] {logging_mixin.py:188} INFO - [2026-02-10T20:24:26.170+0000] {dagbag.py:538} INFO - Filling up the DagBag from /home/airflow/.local/lib/python3.8/site-packages/airflow/example_dags/example_dynamic_task_mapping.py
[2026-02-10T20:24:26.173+0000] {processor.py:840} INFO - DAG(s) 'example_dynamic_task_mapping' retrieved from /home/airflow/.local/lib/python3.8/site-packages/airflow/example_dags/example_dynamic_task_mapping.py
[2026-02-10T20:24:26.185+0000] {logging_mixin.py:188} INFO - [2026-02-10T20:24:26.184+0000] {dag.py:3036} INFO - Sync 1 DAGs
[2026-02-10T20:24:26.193+0000] {logging_mixin.py:188} INFO - [2026-02-10T20:24:26.193+0000] {dag.py:3823} INFO - Setting next_dagrun for example_dynamic_task_mapping to 2022-03-04 00:00:00+00:00, run_after=2022-03-05 00:00:00+00:00
[2026-02-10T20:24:26.201+0000] {processor.py:183} INFO - Processing /home/airflow/.local/lib/python3.8/site-packages/airflow/example_dags/example_dynamic_task_mapping.py took 0.036 seconds
[2026-02-10T20:24:56.726+0000] {processor.py:161} INFO - Started process (PID=294) to work on /home/airflow/.local/lib/python3.8/site-packages/airflow/example_dags/example_dynamic_task_mapping.py
[2026-02-10T20:24:56.726+0000] {processor.py:830} INFO - Processing file /home/airflow/.local/lib/python3.8/site-packages/airflow/example_dags/example_dynamic_task_mapping.py for tasks to queue
[2026-02-10T20:24:56.727+0000] {logging_mixin.py:188} INFO - [2026-02-10T20:24:56.727+0000] {dagbag.py:538} INFO - Filling up the DagBag from /home/airflow/.local/lib/python3.8/site-packages/airflow/example_dags/example_dynamic_task_mapping.py
[2026-02-10T20:24:56.729+0000] {processor.py:840} INFO - DAG(s) 'example_dynamic_task_mapping' retrieved from /home/airflow/.local/lib/python3.8/site-packages/airflow/example_dags/example_dynamic_task_mapping.py
[2026-02-10T20:24:56.736+0000] {logging_mixin.py:188} INFO - [2026-02-10T20:24:56.736+0000] {dag.py:3036} INFO - Sync 1 DAGs
[2026-02-10T20:24:56.743+0000] {logging_mixin.py:188} INFO - [2026-02-10T20:24:56.743+0000] {dag.py:3823} INFO - Setting next_dagrun for example_dynamic_task_mapping to 2022-03-04 00:00:00+00:00, run_after=2022-03-05 00:00:00+00:00
[2026-02-10T20:24:56.748+0000] {processor.py:183} INFO - Processing /home/airflow/.local/lib/python3.8/site-packages/airflow/example_dags/example_dynamic_task_mapping.py took 0.023 seconds
[2026-02-10T20:25:27.337+0000] {processor.py:161} INFO - Started process (PID=355) to work on /home/airflow/.local/lib/python3.8/site-packages/airflow/example_dags/example_dynamic_task_mapping.py
[2026-02-10T20:25:27.340+0000] {processor.py:830} INFO - Processing file /home/airflow/.local/lib/python3.8/site-packages/airflow/example_dags/example_dynamic_task_mapping.py for tasks to queue
[2026-02-10T20:25:27.341+0000] {logging_mixin.py:188} INFO - [2026-02-10T20:25:27.340+0000] {dagbag.py:538} INFO - Filling up the DagBag from /home/airflow/.local/lib/python3.8/site-packages/airflow/example_dags/example_dynamic_task_mapping.py
[2026-02-10T20:25:27.344+0000] {processor.py:840} INFO - DAG(s) 'example_dynamic_task_mapping' retrieved from /home/airflow/.local/lib/python3.8/site-packages/airflow/example_dags/example_dynamic_task_mapping.py
[2026-02-10T20:25:27.352+0000] {logging_mixin.py:188} INFO - [2026-02-10T20:25:27.352+0000] {dag.py:3036} INFO - Sync 1 DAGs
[2026-02-10T20:25:27.362+0000] {logging_mixin.py:188} INFO - [2026-02-10T20:25:27.362+0000] {dag.py:3823} INFO - Setting next_dagrun for example_dynamic_task_mapping to 2022-03-04 00:00:00+00:00, run_after=2022-03-05 00:00:00+00:00
[2026-02-10T20:25:27.370+0000] {processor.py:183} INFO - Processing /home/airflow/.local/lib/python3.8/site-packages/airflow/example_dags/example_dynamic_task_mapping.py took 0.034 seconds
[2026-02-10T20:25:57.722+0000] {processor.py:161} INFO - Started process (PID=410) to work on /home/airflow/.local/lib/python3.8/site-packages/airflow/example_dags/example_dynamic_task_mapping.py
[2026-02-10T20:25:57.722+0000] {processor.py:830} INFO - Processing file /home/airflow/.local/lib/python3.8/site-packages/airflow/example_dags/example_dynamic_task_mapping.py for tasks to queue
[2026-02-10T20:25:57.723+0000] {logging_mixin.py:188} INFO - [2026-02-10T20:25:57.723+0000] {dagbag.py:538} INFO - Filling up the DagBag from /home/airflow/.local/lib/python3.8/site-packages/airflow/example_dags/example_dynamic_task_mapping.py
[2026-02-10T20:25:57.726+0000] {processor.py:840} INFO - DAG(s) 'example_dynamic_task_mapping' retrieved from /home/airflow/.local/lib/python3.8/site-packages/airflow/example_dags/example_dynamic_task_mapping.py
[2026-02-10T20:25:57.738+0000] {logging_mixin.py:188} INFO - [2026-02-10T20:25:57.738+0000] {dag.py:3036} INFO - Sync 1 DAGs
[2026-02-10T20:25:57.747+0000] {logging_mixin.py:188} INFO - [2026-02-10T20:25:57.747+0000] {dag.py:3823} INFO - Setting next_dagrun for example_dynamic_task_mapping to 2022-03-04 00:00:00+00:00, run_after=2022-03-05 00:00:00+00:00
[2026-02-10T20:25:57.755+0000] {processor.py:183} INFO - Processing /home/airflow/.local/lib/python3.8/site-packages/airflow/example_dags/example_dynamic_task_mapping.py took 0.034 seconds
[2026-02-10T20:26:28.126+0000] {processor.py:161} INFO - Started process (PID=465) to work on /home/airflow/.local/lib/python3.8/site-packages/airflow/example_dags/example_dynamic_task_mapping.py
[2026-02-10T20:26:28.127+0000] {processor.py:830} INFO - Processing file /home/airflow/.local/lib/python3.8/site-packages/airflow/example_dags/example_dynamic_task_mapping.py for tasks to queue
[2026-02-10T20:26:28.128+0000] {logging_mixin.py:188} INFO - [2026-02-10T20:26:28.127+0000] {dagbag.py:538} INFO - Filling up the DagBag from /home/airflow/.local/lib/python3.8/site-packages/airflow/example_dags/example_dynamic_task_mapping.py
[2026-02-10T20:26:28.130+0000] {processor.py:840} INFO - DAG(s) 'example_dynamic_task_mapping' retrieved from /home/airflow/.local/lib/python3.8/site-packages/airflow/example_dags/example_dynamic_task_mapping.py
[2026-02-10T20:26:28.138+0000] {logging_mixin.py:188} INFO - [2026-02-10T20:26:28.138+0000] {dag.py:3036} INFO - Sync 1 DAGs
[2026-02-10T20:26:28.146+0000] {logging_mixin.py:188} INFO - [2026-02-10T20:26:28.146+0000] {dag.py:3823} INFO - Setting next_dagrun for example_dynamic_task_mapping to 2022-03-04 00:00:00+00:00, run_after=2022-03-05 00:00:00+00:00
[2026-02-10T20:26:28.153+0000] {processor.py:183} INFO - Processing /home/airflow/.local/lib/python3.8/site-packages/airflow/example_dags/example_dynamic_task_mapping.py took 0.028 seconds
[2026-02-10T20:26:58.502+0000] {processor.py:161} INFO - Started process (PID=520) to work on /home/airflow/.local/lib/python3.8/site-packages/airflow/example_dags/example_dynamic_task_mapping.py
[2026-02-10T20:26:58.503+0000] {processor.py:830} INFO - Processing file /home/airflow/.local/lib/python3.8/site-packages/airflow/example_dags/example_dynamic_task_mapping.py for tasks to queue
[2026-02-10T20:26:58.504+0000] {logging_mixin.py:188} INFO - [2026-02-10T20:26:58.504+0000] {dagbag.py:538} INFO - Filling up the DagBag from /home/airflow/.local/lib/python3.8/site-packages/airflow/example_dags/example_dynamic_task_mapping.py
[2026-02-10T20:26:58.507+0000] {processor.py:840} INFO - DAG(s) 'example_dynamic_task_mapping' retrieved from /home/airflow/.local/lib/python3.8/site-packages/airflow/example_dags/example_dynamic_task_mapping.py
[2026-02-10T20:26:58.514+0000] {logging_mixin.py:188} INFO - [2026-02-10T20:26:58.514+0000] {dag.py:3036} INFO - Sync 1 DAGs
[2026-02-10T20:26:58.523+0000] {logging_mixin.py:188} INFO - [2026-02-10T20:26:58.523+0000] {dag.py:3823} INFO - Setting next_dagrun for example_dynamic_task_mapping to 2022-03-04 00:00:00+00:00, run_after=2022-03-05 00:00:00+00:00
[2026-02-10T20:26:58.531+0000] {processor.py:183} INFO - Processing /home/airflow/.local/lib/python3.8/site-packages/airflow/example_dags/example_dynamic_task_mapping.py took 0.031 seconds
[2026-02-10T20:27:28.881+0000] {processor.py:161} INFO - Started process (PID=575) to work on /home/airflow/.local/lib/python3.8/site-packages/airflow/example_dags/example_dynamic_task_mapping.py
[2026-02-10T20:27:28.881+0000] {processor.py:830} INFO - Processing file /home/airflow/.local/lib/python3.8/site-packages/airflow/example_dags/example_dynamic_task_mapping.py for tasks to queue
[2026-02-10T20:27:28.882+0000] {logging_mixin.py:188} INFO - [2026-02-10T20:27:28.882+0000] {dagbag.py:538} INFO - Filling up the DagBag from /home/airflow/.local/lib/python3.8/site-packages/airflow/example_dags/example_dynamic_task_mapping.py
[2026-02-10T20:27:28.885+0000] {processor.py:840} INFO - DAG(s) 'example_dynamic_task_mapping' retrieved from /home/airflow/.local/lib/python3.8/site-packages/airflow/example_dags/example_dynamic_task_mapping.py
[2026-02-10T20:27:28.892+0000] {logging_mixin.py:188} INFO - [2026-02-10T20:27:28.892+0000] {dag.py:3036} INFO - Sync 1 DAGs
[2026-02-10T20:27:28.900+0000] {logging_mixin.py:188} INFO - [2026-02-10T20:27:28.900+0000] {dag.py:3823} INFO - Setting next_dagrun for example_dynamic_task_mapping to 2022-03-04 00:00:00+00:00, run_after=2022-03-05 00:00:00+00:00
[2026-02-10T20:27:28.908+0000] {processor.py:183} INFO - Processing /home/airflow/.local/lib/python3.8/site-packages/airflow/example_dags/example_dynamic_task_mapping.py took 0.028 seconds
[2026-02-10T20:27:59.318+0000] {processor.py:161} INFO - Started process (PID=629) to work on /home/airflow/.local/lib/python3.8/site-packages/airflow/example_dags/example_dynamic_task_mapping.py
[2026-02-10T20:27:59.319+0000] {processor.py:830} INFO - Processing file /home/airflow/.local/lib/python3.8/site-packages/airflow/example_dags/example_dynamic_task_mapping.py for tasks to queue
[2026-02-10T20:27:59.320+0000] {logging_mixin.py:188} INFO - [2026-02-10T20:27:59.320+0000] {dagbag.py:538} INFO - Filling up the DagBag from /home/airflow/.local/lib/python3.8/site-packages/airflow/example_dags/example_dynamic_task_mapping.py
[2026-02-10T20:27:59.322+0000] {processor.py:840} INFO - DAG(s) 'example_dynamic_task_mapping' retrieved from /home/airflow/.local/lib/python3.8/site-packages/airflow/example_dags/example_dynamic_task_mapping.py
[2026-02-10T20:27:59.330+0000] {logging_mixin.py:188} INFO - [2026-02-10T20:27:59.330+0000] {dag.py:3036} INFO - Sync 1 DAGs
[2026-02-10T20:27:59.339+0000] {logging_mixin.py:188} INFO - [2026-02-10T20:27:59.339+0000] {dag.py:3823} INFO - Setting next_dagrun for example_dynamic_task_mapping to 2022-03-04 00:00:00+00:00, run_after=2022-03-05 00:00:00+00:00
[2026-02-10T20:27:59.347+0000] {processor.py:183} INFO - Processing /home/airflow/.local/lib/python3.8/site-packages/airflow/example_dags/example_dynamic_task_mapping.py took 0.030 seconds
[2026-02-10T20:28:29.988+0000] {processor.py:161} INFO - Started process (PID=684) to work on /home/airflow/.local/lib/python3.8/site-packages/airflow/example_dags/example_dynamic_task_mapping.py
[2026-02-10T20:28:29.991+0000] {processor.py:830} INFO - Processing file /home/airflow/.local/lib/python3.8/site-packages/airflow/example_dags/example_dynamic_task_mapping.py for tasks to queue
[2026-02-10T20:28:29.992+0000] {logging_mixin.py:188} INFO - [2026-02-10T20:28:29.992+0000] {dagbag.py:538} INFO - Filling up the DagBag from /home/airflow/.local/lib/python3.8/site-packages/airflow/example_dags/example_dynamic_task_mapping.py
[2026-02-10T20:28:29.995+0000] {processor.py:840} INFO - DAG(s) 'example_dynamic_task_mapping' retrieved from /home/airflow/.local/lib/python3.8/site-packages/airflow/example_dags/example_dynamic_task_mapping.py
[2026-02-10T20:28:30.009+0000] {logging_mixin.py:188} INFO - [2026-02-10T20:28:30.009+0000] {dag.py:3036} INFO - Sync 1 DAGs
[2026-02-10T20:28:30.019+0000] {logging_mixin.py:188} INFO - [2026-02-10T20:28:30.019+0000] {dag.py:3823} INFO - Setting next_dagrun for example_dynamic_task_mapping to 2022-03-04 00:00:00+00:00, run_after=2022-03-05 00:00:00+00:00
[2026-02-10T20:28:30.028+0000] {processor.py:183} INFO - Processing /home/airflow/.local/lib/python3.8/site-packages/airflow/example_dags/example_dynamic_task_mapping.py took 0.041 seconds
[2026-02-10T20:29:00.584+0000] {processor.py:161} INFO - Started process (PID=739) to work on /home/airflow/.local/lib/python3.8/site-packages/airflow/example_dags/example_dynamic_task_mapping.py
[2026-02-10T20:29:00.585+0000] {processor.py:830} INFO - Processing file /home/airflow/.local/lib/python3.8/site-packages/airflow/example_dags/example_dynamic_task_mapping.py for tasks to queue
[2026-02-10T20:29:00.585+0000] {logging_mixin.py:188} INFO - [2026-02-10T20:29:00.585+0000] {dagbag.py:538} INFO - Filling up the DagBag from /home/airflow/.local/lib/python3.8/site-packages/airflow/example_dags/example_dynamic_task_mapping.py
[2026-02-10T20:29:00.588+0000] {processor.py:840} INFO - DAG(s) 'example_dynamic_task_mapping' retrieved from /home/airflow/.local/lib/python3.8/site-packages/airflow/example_dags/example_dynamic_task_mapping.py
[2026-02-10T20:29:00.598+0000] {logging_mixin.py:188} INFO - [2026-02-10T20:29:00.597+0000] {dag.py:3036} INFO - Sync 1 DAGs
[2026-02-10T20:29:00.609+0000] {logging_mixin.py:188} INFO - [2026-02-10T20:29:00.609+0000] {dag.py:3823} INFO - Setting next_dagrun for example_dynamic_task_mapping to 2022-03-04 00:00:00+00:00, run_after=2022-03-05 00:00:00+00:00
[2026-02-10T20:29:00.620+0000] {processor.py:183} INFO - Processing /home/airflow/.local/lib/python3.8/site-packages/airflow/example_dags/example_dynamic_task_mapping.py took 0.037 seconds
[2026-02-10T20:29:31.185+0000] {processor.py:161} INFO - Started process (PID=794) to work on /home/airflow/.local/lib/python3.8/site-packages/airflow/example_dags/example_dynamic_task_mapping.py
[2026-02-10T20:29:31.186+0000] {processor.py:830} INFO - Processing file /home/airflow/.local/lib/python3.8/site-packages/airflow/example_dags/example_dynamic_task_mapping.py for tasks to queue
[2026-02-10T20:29:31.187+0000] {logging_mixin.py:188} INFO - [2026-02-10T20:29:31.187+0000] {dagbag.py:538} INFO - Filling up the DagBag from /home/airflow/.local/lib/python3.8/site-packages/airflow/example_dags/example_dynamic_task_mapping.py
[2026-02-10T20:29:31.189+0000] {processor.py:840} INFO - DAG(s) 'example_dynamic_task_mapping' retrieved from /home/airflow/.local/lib/python3.8/site-packages/airflow/example_dags/example_dynamic_task_mapping.py
[2026-02-10T20:29:31.198+0000] {logging_mixin.py:188} INFO - [2026-02-10T20:29:31.198+0000] {dag.py:3036} INFO - Sync 1 DAGs
[2026-02-10T20:29:31.207+0000] {logging_mixin.py:188} INFO - [2026-02-10T20:29:31.207+0000] {dag.py:3823} INFO - Setting next_dagrun for example_dynamic_task_mapping to 2022-03-04 00:00:00+00:00, run_after=2022-03-05 00:00:00+00:00
[2026-02-10T20:29:31.216+0000] {processor.py:183} INFO - Processing /home/airflow/.local/lib/python3.8/site-packages/airflow/example_dags/example_dynamic_task_mapping.py took 0.032 seconds
[2026-02-10T20:30:01.708+0000] {processor.py:161} INFO - Started process (PID=849) to work on /home/airflow/.local/lib/python3.8/site-packages/airflow/example_dags/example_dynamic_task_mapping.py
[2026-02-10T20:30:01.709+0000] {processor.py:830} INFO - Processing file /home/airflow/.local/lib/python3.8/site-packages/airflow/example_dags/example_dynamic_task_mapping.py for tasks to queue
[2026-02-10T20:30:01.709+0000] {logging_mixin.py:188} INFO - [2026-02-10T20:30:01.709+0000] {dagbag.py:538} INFO - Filling up the DagBag from /home/airflow/.local/lib/python3.8/site-packages/airflow/example_dags/example_dynamic_task_mapping.py
[2026-02-10T20:30:01.713+0000] {processor.py:840} INFO - DAG(s) 'example_dynamic_task_mapping' retrieved from /home/airflow/.local/lib/python3.8/site-packages/airflow/example_dags/example_dynamic_task_mapping.py
[2026-02-10T20:30:01.722+0000] {logging_mixin.py:188} INFO - [2026-02-10T20:30:01.722+0000] {dag.py:3036} INFO - Sync 1 DAGs
[2026-02-10T20:30:01.732+0000] {logging_mixin.py:188} INFO - [2026-02-10T20:30:01.732+0000] {dag.py:3823} INFO - Setting next_dagrun for example_dynamic_task_mapping to 2022-03-04 00:00:00+00:00, run_after=2022-03-05 00:00:00+00:00
[2026-02-10T20:30:01.741+0000] {processor.py:183} INFO - Processing /home/airflow/.local/lib/python3.8/site-packages/airflow/example_dags/example_dynamic_task_mapping.py took 0.034 seconds
[2026-02-10T20:30:32.104+0000] {processor.py:161} INFO - Started process (PID=904) to work on /home/airflow/.local/lib/python3.8/site-packages/airflow/example_dags/example_dynamic_task_mapping.py
[2026-02-10T20:30:32.104+0000] {processor.py:830} INFO - Processing file /home/airflow/.local/lib/python3.8/site-packages/airflow/example_dags/example_dynamic_task_mapping.py for tasks to queue
[2026-02-10T20:30:32.105+0000] {logging_mixin.py:188} INFO - [2026-02-10T20:30:32.105+0000] {dagbag.py:538} INFO - Filling up the DagBag from /home/airflow/.local/lib/python3.8/site-packages/airflow/example_dags/example_dynamic_task_mapping.py
[2026-02-10T20:30:32.108+0000] {processor.py:840} INFO - DAG(s) 'example_dynamic_task_mapping' retrieved from /home/airflow/.local/lib/python3.8/site-packages/airflow/example_dags/example_dynamic_task_mapping.py
[2026-02-10T20:30:32.119+0000] {logging_mixin.py:188} INFO - [2026-02-10T20:30:32.119+0000] {dag.py:3036} INFO - Sync 1 DAGs
[2026-02-10T20:30:32.133+0000] {logging_mixin.py:188} INFO - [2026-02-10T20:30:32.133+0000] {dag.py:3823} INFO - Setting next_dagrun for example_dynamic_task_mapping to 2022-03-04 00:00:00+00:00, run_after=2022-03-05 00:00:00+00:00
[2026-02-10T20:30:32.141+0000] {processor.py:183} INFO - Processing /home/airflow/.local/lib/python3.8/site-packages/airflow/example_dags/example_dynamic_task_mapping.py took 0.038 seconds
[2026-02-10T20:31:02.568+0000] {processor.py:161} INFO - Started process (PID=959) to work on /home/airflow/.local/lib/python3.8/site-packages/airflow/example_dags/example_dynamic_task_mapping.py
[2026-02-10T20:31:02.569+0000] {processor.py:830} INFO - Processing file /home/airflow/.local/lib/python3.8/site-packages/airflow/example_dags/example_dynamic_task_mapping.py for tasks to queue
[2026-02-10T20:31:02.570+0000] {logging_mixin.py:188} INFO - [2026-02-10T20:31:02.570+0000] {dagbag.py:538} INFO - Filling up the DagBag from /home/airflow/.local/lib/python3.8/site-packages/airflow/example_dags/example_dynamic_task_mapping.py
[2026-02-10T20:31:02.572+0000] {processor.py:840} INFO - DAG(s) 'example_dynamic_task_mapping' retrieved from /home/airflow/.local/lib/python3.8/site-packages/airflow/example_dags/example_dynamic_task_mapping.py
[2026-02-10T20:31:02.580+0000] {logging_mixin.py:188} INFO - [2026-02-10T20:31:02.580+0000] {dag.py:3036} INFO - Sync 1 DAGs
[2026-02-10T20:31:02.588+0000] {logging_mixin.py:188} INFO - [2026-02-10T20:31:02.588+0000] {dag.py:3823} INFO - Setting next_dagrun for example_dynamic_task_mapping to 2022-03-04 00:00:00+00:00, run_after=2022-03-05 00:00:00+00:00
[2026-02-10T20:31:02.597+0000] {processor.py:183} INFO - Processing /home/airflow/.local/lib/python3.8/site-packages/airflow/example_dags/example_dynamic_task_mapping.py took 0.030 seconds
[2026-02-10T20:31:32.975+0000] {processor.py:161} INFO - Started process (PID=1014) to work on /home/airflow/.local/lib/python3.8/site-packages/airflow/example_dags/example_dynamic_task_mapping.py
[2026-02-10T20:31:32.976+0000] {processor.py:830} INFO - Processing file /home/airflow/.local/lib/python3.8/site-packages/airflow/example_dags/example_dynamic_task_mapping.py for tasks to queue
[2026-02-10T20:31:32.976+0000] {logging_mixin.py:188} INFO - [2026-02-10T20:31:32.976+0000] {dagbag.py:538} INFO - Filling up the DagBag from /home/airflow/.local/lib/python3.8/site-packages/airflow/example_dags/example_dynamic_task_mapping.py
[2026-02-10T20:31:32.979+0000] {processor.py:840} INFO - DAG(s) 'example_dynamic_task_mapping' retrieved from /home/airflow/.local/lib/python3.8/site-packages/airflow/example_dags/example_dynamic_task_mapping.py
[2026-02-10T20:31:32.992+0000] {logging_mixin.py:188} INFO - [2026-02-10T20:31:32.992+0000] {dag.py:3036} INFO - Sync 1 DAGs
[2026-02-10T20:31:33.003+0000] {logging_mixin.py:188} INFO - [2026-02-10T20:31:33.003+0000] {dag.py:3823} INFO - Setting next_dagrun for example_dynamic_task_mapping to 2022-03-04 00:00:00+00:00, run_after=2022-03-05 00:00:00+00:00
[2026-02-10T20:31:33.012+0000] {processor.py:183} INFO - Processing /home/airflow/.local/lib/python3.8/site-packages/airflow/example_dags/example_dynamic_task_mapping.py took 0.039 seconds
[2026-02-10T20:32:03.365+0000] {processor.py:161} INFO - Started process (PID=1069) to work on /home/airflow/.local/lib/python3.8/site-packages/airflow/example_dags/example_dynamic_task_mapping.py
[2026-02-10T20:32:03.365+0000] {processor.py:830} INFO - Processing file /home/airflow/.local/lib/python3.8/site-packages/airflow/example_dags/example_dynamic_task_mapping.py for tasks to queue
[2026-02-10T20:32:03.366+0000] {logging_mixin.py:188} INFO - [2026-02-10T20:32:03.366+0000] {dagbag.py:538} INFO - Filling up the DagBag from /home/airflow/.local/lib/python3.8/site-packages/airflow/example_dags/example_dynamic_task_mapping.py
[2026-02-10T20:32:03.368+0000] {processor.py:840} INFO - DAG(s) 'example_dynamic_task_mapping' retrieved from /home/airflow/.local/lib/python3.8/site-packages/airflow/example_dags/example_dynamic_task_mapping.py
[2026-02-10T20:32:03.378+0000] {logging_mixin.py:188} INFO - [2026-02-10T20:32:03.378+0000] {dag.py:3036} INFO - Sync 1 DAGs
[2026-02-10T20:32:03.389+0000] {logging_mixin.py:188} INFO - [2026-02-10T20:32:03.389+0000] {dag.py:3823} INFO - Setting next_dagrun for example_dynamic_task_mapping to 2022-03-04 00:00:00+00:00, run_after=2022-03-05 00:00:00+00:00
[2026-02-10T20:32:03.395+0000] {processor.py:183} INFO - Processing /home/airflow/.local/lib/python3.8/site-packages/airflow/example_dags/example_dynamic_task_mapping.py took 0.032 seconds
[2026-02-10T20:32:33.665+0000] {processor.py:161} INFO - Started process (PID=1124) to work on /home/airflow/.local/lib/python3.8/site-packages/airflow/example_dags/example_dynamic_task_mapping.py
[2026-02-10T20:32:33.665+0000] {processor.py:830} INFO - Processing file /home/airflow/.local/lib/python3.8/site-packages/airflow/example_dags/example_dynamic_task_mapping.py for tasks to queue
[2026-02-10T20:32:33.666+0000] {logging_mixin.py:188} INFO - [2026-02-10T20:32:33.666+0000] {dagbag.py:538} INFO - Filling up the DagBag from /home/airflow/.local/lib/python3.8/site-packages/airflow/example_dags/example_dynamic_task_mapping.py
[2026-02-10T20:32:33.672+0000] {processor.py:840} INFO - DAG(s) 'example_dynamic_task_mapping' retrieved from /home/airflow/.local/lib/python3.8/site-packages/airflow/example_dags/example_dynamic_task_mapping.py
[2026-02-10T20:32:33.679+0000] {logging_mixin.py:188} INFO - [2026-02-10T20:32:33.679+0000] {dag.py:3036} INFO - Sync 1 DAGs
[2026-02-10T20:32:33.689+0000] {logging_mixin.py:188} INFO - [2026-02-10T20:32:33.688+0000] {dag.py:3823} INFO - Setting next_dagrun for example_dynamic_task_mapping to 2022-03-04 00:00:00+00:00, run_after=2022-03-05 00:00:00+00:00
[2026-02-10T20:32:33.695+0000] {processor.py:183} INFO - Processing /home/airflow/.local/lib/python3.8/site-packages/airflow/example_dags/example_dynamic_task_mapping.py took 0.032 seconds
[2026-02-10T20:33:04.214+0000] {processor.py:161} INFO - Started process (PID=1180) to work on /home/airflow/.local/lib/python3.8/site-packages/airflow/example_dags/example_dynamic_task_mapping.py
[2026-02-10T20:33:04.215+0000] {processor.py:830} INFO - Processing file /home/airflow/.local/lib/python3.8/site-packages/airflow/example_dags/example_dynamic_task_mapping.py for tasks to queue
[2026-02-10T20:33:04.216+0000] {logging_mixin.py:188} INFO - [2026-02-10T20:33:04.216+0000] {dagbag.py:538} INFO - Filling up the DagBag from /home/airflow/.local/lib/python3.8/site-packages/airflow/example_dags/example_dynamic_task_mapping.py
[2026-02-10T20:33:04.218+0000] {processor.py:840} INFO - DAG(s) 'example_dynamic_task_mapping' retrieved from /home/airflow/.local/lib/python3.8/site-packages/airflow/example_dags/example_dynamic_task_mapping.py
[2026-02-10T20:33:04.226+0000] {logging_mixin.py:188} INFO - [2026-02-10T20:33:04.226+0000] {dag.py:3036} INFO - Sync 1 DAGs
[2026-02-10T20:33:04.234+0000] {logging_mixin.py:188} INFO - [2026-02-10T20:33:04.234+0000] {dag.py:3823} INFO - Setting next_dagrun for example_dynamic_task_mapping to 2022-03-04 00:00:00+00:00, run_after=2022-03-05 00:00:00+00:00
[2026-02-10T20:33:04.244+0000] {processor.py:183} INFO - Processing /home/airflow/.local/lib/python3.8/site-packages/airflow/example_dags/example_dynamic_task_mapping.py took 0.031 seconds
[2026-02-10T20:33:34.646+0000] {processor.py:161} INFO - Started process (PID=1236) to work on /home/airflow/.local/lib/python3.8/site-packages/airflow/example_dags/example_dynamic_task_mapping.py
[2026-02-10T20:33:34.646+0000] {processor.py:830} INFO - Processing file /home/airflow/.local/lib/python3.8/site-packages/airflow/example_dags/example_dynamic_task_mapping.py for tasks to queue
[2026-02-10T20:33:34.647+0000] {logging_mixin.py:188} INFO - [2026-02-10T20:33:34.647+0000] {dagbag.py:538} INFO - Filling up the DagBag from /home/airflow/.local/lib/python3.8/site-packages/airflow/example_dags/example_dynamic_task_mapping.py
[2026-02-10T20:33:34.650+0000] {processor.py:840} INFO - DAG(s) 'example_dynamic_task_mapping' retrieved from /home/airflow/.local/lib/python3.8/site-packages/airflow/example_dags/example_dynamic_task_mapping.py
[2026-02-10T20:33:34.657+0000] {logging_mixin.py:188} INFO - [2026-02-10T20:33:34.657+0000] {dag.py:3036} INFO - Sync 1 DAGs
[2026-02-10T20:33:34.663+0000] {logging_mixin.py:188} INFO - [2026-02-10T20:33:34.663+0000] {dag.py:3823} INFO - Setting next_dagrun for example_dynamic_task_mapping to 2022-03-04 00:00:00+00:00, run_after=2022-03-05 00:00:00+00:00
[2026-02-10T20:33:34.668+0000] {processor.py:183} INFO - Processing /home/airflow/.local/lib/python3.8/site-packages/airflow/example_dags/example_dynamic_task_mapping.py took 0.024 seconds
[2026-02-10T20:34:05.023+0000] {processor.py:161} INFO - Started process (PID=1292) to work on /home/airflow/.local/lib/python3.8/site-packages/airflow/example_dags/example_dynamic_task_mapping.py
[2026-02-10T20:34:05.023+0000] {processor.py:830} INFO - Processing file /home/airflow/.local/lib/python3.8/site-packages/airflow/example_dags/example_dynamic_task_mapping.py for tasks to queue
[2026-02-10T20:34:05.024+0000] {logging_mixin.py:188} INFO - [2026-02-10T20:34:05.024+0000] {dagbag.py:538} INFO - Filling up the DagBag from /home/airflow/.local/lib/python3.8/site-packages/airflow/example_dags/example_dynamic_task_mapping.py
[2026-02-10T20:34:05.026+0000] {processor.py:840} INFO - DAG(s) 'example_dynamic_task_mapping' retrieved from /home/airflow/.local/lib/python3.8/site-packages/airflow/example_dags/example_dynamic_task_mapping.py
[2026-02-10T20:34:05.035+0000] {logging_mixin.py:188} INFO - [2026-02-10T20:34:05.034+0000] {dag.py:3036} INFO - Sync 1 DAGs
[2026-02-10T20:34:05.043+0000] {logging_mixin.py:188} INFO - [2026-02-10T20:34:05.043+0000] {dag.py:3823} INFO - Setting next_dagrun for example_dynamic_task_mapping to 2022-03-04 00:00:00+00:00, run_after=2022-03-05 00:00:00+00:00
[2026-02-10T20:34:05.052+0000] {processor.py:183} INFO - Processing /home/airflow/.local/lib/python3.8/site-packages/airflow/example_dags/example_dynamic_task_mapping.py took 0.031 seconds
