[2026-02-10T20:22:55.101+0000] {processor.py:161} INFO - Started process (PID=75) to work on /home/airflow/.local/lib/python3.8/site-packages/airflow/example_dags/example_sensors.py
[2026-02-10T20:22:55.102+0000] {processor.py:830} INFO - Processing file /home/airflow/.local/lib/python3.8/site-packages/airflow/example_dags/example_sensors.py for tasks to queue
[2026-02-10T20:22:55.104+0000] {logging_mixin.py:188} INFO - [2026-02-10T20:22:55.104+0000] {dagbag.py:538} INFO - Filling up the DagBag from /home/airflow/.local/lib/python3.8/site-packages/airflow/example_dags/example_sensors.py
[2026-02-10T20:22:55.109+0000] {processor.py:840} INFO - DAG(s) 'example_sensors' retrieved from /home/airflow/.local/lib/python3.8/site-packages/airflow/example_dags/example_sensors.py
[2026-02-10T20:22:55.118+0000] {logging_mixin.py:188} INFO - [2026-02-10T20:22:55.118+0000] {dag.py:3036} INFO - Sync 1 DAGs
[2026-02-10T20:22:55.126+0000] {logging_mixin.py:188} INFO - [2026-02-10T20:22:55.126+0000] {dag.py:3823} INFO - Setting next_dagrun for example_sensors to None, run_after=None
[2026-02-10T20:22:55.143+0000] {processor.py:183} INFO - Processing /home/airflow/.local/lib/python3.8/site-packages/airflow/example_dags/example_sensors.py took 0.044 seconds
[2026-02-10T20:23:25.190+0000] {processor.py:161} INFO - Started process (PID=130) to work on /home/airflow/.local/lib/python3.8/site-packages/airflow/example_dags/example_sensors.py
[2026-02-10T20:23:25.191+0000] {processor.py:830} INFO - Processing file /home/airflow/.local/lib/python3.8/site-packages/airflow/example_dags/example_sensors.py for tasks to queue
[2026-02-10T20:23:25.191+0000] {logging_mixin.py:188} INFO - [2026-02-10T20:23:25.191+0000] {dagbag.py:538} INFO - Filling up the DagBag from /home/airflow/.local/lib/python3.8/site-packages/airflow/example_dags/example_sensors.py
[2026-02-10T20:23:25.195+0000] {processor.py:840} INFO - DAG(s) 'example_sensors' retrieved from /home/airflow/.local/lib/python3.8/site-packages/airflow/example_dags/example_sensors.py
[2026-02-10T20:23:25.227+0000] {logging_mixin.py:188} INFO - [2026-02-10T20:23:25.227+0000] {dag.py:3036} INFO - Sync 1 DAGs
[2026-02-10T20:23:25.230+0000] {logging_mixin.py:188} INFO - [2026-02-10T20:23:25.230+0000] {dag.py:3823} INFO - Setting next_dagrun for example_sensors to None, run_after=None
[2026-02-10T20:23:25.236+0000] {processor.py:183} INFO - Processing /home/airflow/.local/lib/python3.8/site-packages/airflow/example_dags/example_sensors.py took 0.047 seconds
[2026-02-10T20:23:55.748+0000] {processor.py:161} INFO - Started process (PID=185) to work on /home/airflow/.local/lib/python3.8/site-packages/airflow/example_dags/example_sensors.py
[2026-02-10T20:23:55.749+0000] {processor.py:830} INFO - Processing file /home/airflow/.local/lib/python3.8/site-packages/airflow/example_dags/example_sensors.py for tasks to queue
[2026-02-10T20:23:55.750+0000] {logging_mixin.py:188} INFO - [2026-02-10T20:23:55.749+0000] {dagbag.py:538} INFO - Filling up the DagBag from /home/airflow/.local/lib/python3.8/site-packages/airflow/example_dags/example_sensors.py
[2026-02-10T20:23:55.754+0000] {processor.py:840} INFO - DAG(s) 'example_sensors' retrieved from /home/airflow/.local/lib/python3.8/site-packages/airflow/example_dags/example_sensors.py
[2026-02-10T20:23:55.765+0000] {logging_mixin.py:188} INFO - [2026-02-10T20:23:55.765+0000] {dag.py:3036} INFO - Sync 1 DAGs
[2026-02-10T20:23:55.769+0000] {logging_mixin.py:188} INFO - [2026-02-10T20:23:55.769+0000] {dag.py:3823} INFO - Setting next_dagrun for example_sensors to None, run_after=None
[2026-02-10T20:23:55.785+0000] {processor.py:183} INFO - Processing /home/airflow/.local/lib/python3.8/site-packages/airflow/example_dags/example_sensors.py took 0.038 seconds
[2026-02-10T20:24:26.208+0000] {processor.py:161} INFO - Started process (PID=240) to work on /home/airflow/.local/lib/python3.8/site-packages/airflow/example_dags/example_sensors.py
[2026-02-10T20:24:26.209+0000] {processor.py:830} INFO - Processing file /home/airflow/.local/lib/python3.8/site-packages/airflow/example_dags/example_sensors.py for tasks to queue
[2026-02-10T20:24:26.209+0000] {logging_mixin.py:188} INFO - [2026-02-10T20:24:26.209+0000] {dagbag.py:538} INFO - Filling up the DagBag from /home/airflow/.local/lib/python3.8/site-packages/airflow/example_dags/example_sensors.py
[2026-02-10T20:24:26.213+0000] {processor.py:840} INFO - DAG(s) 'example_sensors' retrieved from /home/airflow/.local/lib/python3.8/site-packages/airflow/example_dags/example_sensors.py
[2026-02-10T20:24:26.221+0000] {logging_mixin.py:188} INFO - [2026-02-10T20:24:26.221+0000] {dag.py:3036} INFO - Sync 1 DAGs
[2026-02-10T20:24:26.225+0000] {logging_mixin.py:188} INFO - [2026-02-10T20:24:26.225+0000] {dag.py:3823} INFO - Setting next_dagrun for example_sensors to None, run_after=None
[2026-02-10T20:24:26.230+0000] {processor.py:183} INFO - Processing /home/airflow/.local/lib/python3.8/site-packages/airflow/example_dags/example_sensors.py took 0.023 seconds
[2026-02-10T20:24:56.755+0000] {processor.py:161} INFO - Started process (PID=295) to work on /home/airflow/.local/lib/python3.8/site-packages/airflow/example_dags/example_sensors.py
[2026-02-10T20:24:56.756+0000] {processor.py:830} INFO - Processing file /home/airflow/.local/lib/python3.8/site-packages/airflow/example_dags/example_sensors.py for tasks to queue
[2026-02-10T20:24:56.756+0000] {logging_mixin.py:188} INFO - [2026-02-10T20:24:56.756+0000] {dagbag.py:538} INFO - Filling up the DagBag from /home/airflow/.local/lib/python3.8/site-packages/airflow/example_dags/example_sensors.py
[2026-02-10T20:24:56.760+0000] {processor.py:840} INFO - DAG(s) 'example_sensors' retrieved from /home/airflow/.local/lib/python3.8/site-packages/airflow/example_dags/example_sensors.py
[2026-02-10T20:24:56.773+0000] {logging_mixin.py:188} INFO - [2026-02-10T20:24:56.773+0000] {dag.py:3036} INFO - Sync 1 DAGs
[2026-02-10T20:24:56.779+0000] {logging_mixin.py:188} INFO - [2026-02-10T20:24:56.779+0000] {dag.py:3823} INFO - Setting next_dagrun for example_sensors to None, run_after=None
[2026-02-10T20:24:56.790+0000] {processor.py:183} INFO - Processing /home/airflow/.local/lib/python3.8/site-packages/airflow/example_dags/example_sensors.py took 0.036 seconds
[2026-02-10T20:25:27.348+0000] {processor.py:161} INFO - Started process (PID=356) to work on /home/airflow/.local/lib/python3.8/site-packages/airflow/example_dags/example_sensors.py
[2026-02-10T20:25:27.349+0000] {processor.py:830} INFO - Processing file /home/airflow/.local/lib/python3.8/site-packages/airflow/example_dags/example_sensors.py for tasks to queue
[2026-02-10T20:25:27.349+0000] {logging_mixin.py:188} INFO - [2026-02-10T20:25:27.349+0000] {dagbag.py:538} INFO - Filling up the DagBag from /home/airflow/.local/lib/python3.8/site-packages/airflow/example_dags/example_sensors.py
[2026-02-10T20:25:27.353+0000] {processor.py:840} INFO - DAG(s) 'example_sensors' retrieved from /home/airflow/.local/lib/python3.8/site-packages/airflow/example_dags/example_sensors.py
[2026-02-10T20:25:27.368+0000] {logging_mixin.py:188} INFO - [2026-02-10T20:25:27.367+0000] {dag.py:3036} INFO - Sync 1 DAGs
[2026-02-10T20:25:27.372+0000] {logging_mixin.py:188} INFO - [2026-02-10T20:25:27.372+0000] {dag.py:3823} INFO - Setting next_dagrun for example_sensors to None, run_after=None
[2026-02-10T20:25:27.380+0000] {processor.py:183} INFO - Processing /home/airflow/.local/lib/python3.8/site-packages/airflow/example_dags/example_sensors.py took 0.034 seconds
[2026-02-10T20:25:57.728+0000] {processor.py:161} INFO - Started process (PID=411) to work on /home/airflow/.local/lib/python3.8/site-packages/airflow/example_dags/example_sensors.py
[2026-02-10T20:25:57.728+0000] {processor.py:830} INFO - Processing file /home/airflow/.local/lib/python3.8/site-packages/airflow/example_dags/example_sensors.py for tasks to queue
[2026-02-10T20:25:57.729+0000] {logging_mixin.py:188} INFO - [2026-02-10T20:25:57.729+0000] {dagbag.py:538} INFO - Filling up the DagBag from /home/airflow/.local/lib/python3.8/site-packages/airflow/example_dags/example_sensors.py
[2026-02-10T20:25:57.732+0000] {processor.py:840} INFO - DAG(s) 'example_sensors' retrieved from /home/airflow/.local/lib/python3.8/site-packages/airflow/example_dags/example_sensors.py
[2026-02-10T20:25:57.744+0000] {logging_mixin.py:188} INFO - [2026-02-10T20:25:57.744+0000] {dag.py:3036} INFO - Sync 1 DAGs
[2026-02-10T20:25:57.750+0000] {logging_mixin.py:188} INFO - [2026-02-10T20:25:57.750+0000] {dag.py:3823} INFO - Setting next_dagrun for example_sensors to None, run_after=None
[2026-02-10T20:25:57.759+0000] {processor.py:183} INFO - Processing /home/airflow/.local/lib/python3.8/site-packages/airflow/example_dags/example_sensors.py took 0.032 seconds
[2026-02-10T20:26:28.161+0000] {processor.py:161} INFO - Started process (PID=466) to work on /home/airflow/.local/lib/python3.8/site-packages/airflow/example_dags/example_sensors.py
[2026-02-10T20:26:28.162+0000] {processor.py:830} INFO - Processing file /home/airflow/.local/lib/python3.8/site-packages/airflow/example_dags/example_sensors.py for tasks to queue
[2026-02-10T20:26:28.162+0000] {logging_mixin.py:188} INFO - [2026-02-10T20:26:28.162+0000] {dagbag.py:538} INFO - Filling up the DagBag from /home/airflow/.local/lib/python3.8/site-packages/airflow/example_dags/example_sensors.py
[2026-02-10T20:26:28.165+0000] {processor.py:840} INFO - DAG(s) 'example_sensors' retrieved from /home/airflow/.local/lib/python3.8/site-packages/airflow/example_dags/example_sensors.py
[2026-02-10T20:26:28.174+0000] {logging_mixin.py:188} INFO - [2026-02-10T20:26:28.173+0000] {dag.py:3036} INFO - Sync 1 DAGs
[2026-02-10T20:26:28.177+0000] {logging_mixin.py:188} INFO - [2026-02-10T20:26:28.177+0000] {dag.py:3823} INFO - Setting next_dagrun for example_sensors to None, run_after=None
[2026-02-10T20:26:28.182+0000] {processor.py:183} INFO - Processing /home/airflow/.local/lib/python3.8/site-packages/airflow/example_dags/example_sensors.py took 0.022 seconds
[2026-02-10T20:26:58.511+0000] {processor.py:161} INFO - Started process (PID=521) to work on /home/airflow/.local/lib/python3.8/site-packages/airflow/example_dags/example_sensors.py
[2026-02-10T20:26:58.511+0000] {processor.py:830} INFO - Processing file /home/airflow/.local/lib/python3.8/site-packages/airflow/example_dags/example_sensors.py for tasks to queue
[2026-02-10T20:26:58.512+0000] {logging_mixin.py:188} INFO - [2026-02-10T20:26:58.512+0000] {dagbag.py:538} INFO - Filling up the DagBag from /home/airflow/.local/lib/python3.8/site-packages/airflow/example_dags/example_sensors.py
[2026-02-10T20:26:58.515+0000] {processor.py:840} INFO - DAG(s) 'example_sensors' retrieved from /home/airflow/.local/lib/python3.8/site-packages/airflow/example_dags/example_sensors.py
[2026-02-10T20:26:58.528+0000] {logging_mixin.py:188} INFO - [2026-02-10T20:26:58.528+0000] {dag.py:3036} INFO - Sync 1 DAGs
[2026-02-10T20:26:58.533+0000] {logging_mixin.py:188} INFO - [2026-02-10T20:26:58.533+0000] {dag.py:3823} INFO - Setting next_dagrun for example_sensors to None, run_after=None
[2026-02-10T20:26:58.539+0000] {processor.py:183} INFO - Processing /home/airflow/.local/lib/python3.8/site-packages/airflow/example_dags/example_sensors.py took 0.030 seconds
[2026-02-10T20:27:28.912+0000] {processor.py:161} INFO - Started process (PID=576) to work on /home/airflow/.local/lib/python3.8/site-packages/airflow/example_dags/example_sensors.py
[2026-02-10T20:27:28.912+0000] {processor.py:830} INFO - Processing file /home/airflow/.local/lib/python3.8/site-packages/airflow/example_dags/example_sensors.py for tasks to queue
[2026-02-10T20:27:28.913+0000] {logging_mixin.py:188} INFO - [2026-02-10T20:27:28.913+0000] {dagbag.py:538} INFO - Filling up the DagBag from /home/airflow/.local/lib/python3.8/site-packages/airflow/example_dags/example_sensors.py
[2026-02-10T20:27:28.916+0000] {processor.py:840} INFO - DAG(s) 'example_sensors' retrieved from /home/airflow/.local/lib/python3.8/site-packages/airflow/example_dags/example_sensors.py
[2026-02-10T20:27:28.928+0000] {logging_mixin.py:188} INFO - [2026-02-10T20:27:28.928+0000] {dag.py:3036} INFO - Sync 1 DAGs
[2026-02-10T20:27:28.933+0000] {logging_mixin.py:188} INFO - [2026-02-10T20:27:28.933+0000] {dag.py:3823} INFO - Setting next_dagrun for example_sensors to None, run_after=None
[2026-02-10T20:27:28.941+0000] {processor.py:183} INFO - Processing /home/airflow/.local/lib/python3.8/site-packages/airflow/example_dags/example_sensors.py took 0.031 seconds
[2026-02-10T20:27:59.353+0000] {processor.py:161} INFO - Started process (PID=630) to work on /home/airflow/.local/lib/python3.8/site-packages/airflow/example_dags/example_sensors.py
[2026-02-10T20:27:59.354+0000] {processor.py:830} INFO - Processing file /home/airflow/.local/lib/python3.8/site-packages/airflow/example_dags/example_sensors.py for tasks to queue
[2026-02-10T20:27:59.354+0000] {logging_mixin.py:188} INFO - [2026-02-10T20:27:59.354+0000] {dagbag.py:538} INFO - Filling up the DagBag from /home/airflow/.local/lib/python3.8/site-packages/airflow/example_dags/example_sensors.py
[2026-02-10T20:27:59.358+0000] {processor.py:840} INFO - DAG(s) 'example_sensors' retrieved from /home/airflow/.local/lib/python3.8/site-packages/airflow/example_dags/example_sensors.py
[2026-02-10T20:27:59.366+0000] {logging_mixin.py:188} INFO - [2026-02-10T20:27:59.366+0000] {dag.py:3036} INFO - Sync 1 DAGs
[2026-02-10T20:27:59.370+0000] {logging_mixin.py:188} INFO - [2026-02-10T20:27:59.370+0000] {dag.py:3823} INFO - Setting next_dagrun for example_sensors to None, run_after=None
[2026-02-10T20:27:59.375+0000] {processor.py:183} INFO - Processing /home/airflow/.local/lib/python3.8/site-packages/airflow/example_dags/example_sensors.py took 0.023 seconds
[2026-02-10T20:28:30.039+0000] {processor.py:161} INFO - Started process (PID=685) to work on /home/airflow/.local/lib/python3.8/site-packages/airflow/example_dags/example_sensors.py
[2026-02-10T20:28:30.040+0000] {processor.py:830} INFO - Processing file /home/airflow/.local/lib/python3.8/site-packages/airflow/example_dags/example_sensors.py for tasks to queue
[2026-02-10T20:28:30.040+0000] {logging_mixin.py:188} INFO - [2026-02-10T20:28:30.040+0000] {dagbag.py:538} INFO - Filling up the DagBag from /home/airflow/.local/lib/python3.8/site-packages/airflow/example_dags/example_sensors.py
[2026-02-10T20:28:30.045+0000] {processor.py:840} INFO - DAG(s) 'example_sensors' retrieved from /home/airflow/.local/lib/python3.8/site-packages/airflow/example_dags/example_sensors.py
[2026-02-10T20:28:30.054+0000] {logging_mixin.py:188} INFO - [2026-02-10T20:28:30.054+0000] {dag.py:3036} INFO - Sync 1 DAGs
[2026-02-10T20:28:30.059+0000] {logging_mixin.py:188} INFO - [2026-02-10T20:28:30.059+0000] {dag.py:3823} INFO - Setting next_dagrun for example_sensors to None, run_after=None
[2026-02-10T20:28:30.067+0000] {processor.py:183} INFO - Processing /home/airflow/.local/lib/python3.8/site-packages/airflow/example_dags/example_sensors.py took 0.030 seconds
[2026-02-10T20:29:00.593+0000] {processor.py:161} INFO - Started process (PID=740) to work on /home/airflow/.local/lib/python3.8/site-packages/airflow/example_dags/example_sensors.py
[2026-02-10T20:29:00.593+0000] {processor.py:830} INFO - Processing file /home/airflow/.local/lib/python3.8/site-packages/airflow/example_dags/example_sensors.py for tasks to queue
[2026-02-10T20:29:00.594+0000] {logging_mixin.py:188} INFO - [2026-02-10T20:29:00.594+0000] {dagbag.py:538} INFO - Filling up the DagBag from /home/airflow/.local/lib/python3.8/site-packages/airflow/example_dags/example_sensors.py
[2026-02-10T20:29:00.599+0000] {processor.py:840} INFO - DAG(s) 'example_sensors' retrieved from /home/airflow/.local/lib/python3.8/site-packages/airflow/example_dags/example_sensors.py
[2026-02-10T20:29:00.613+0000] {logging_mixin.py:188} INFO - [2026-02-10T20:29:00.613+0000] {dag.py:3036} INFO - Sync 1 DAGs
[2026-02-10T20:29:00.618+0000] {logging_mixin.py:188} INFO - [2026-02-10T20:29:00.618+0000] {dag.py:3823} INFO - Setting next_dagrun for example_sensors to None, run_after=None
[2026-02-10T20:29:00.626+0000] {processor.py:183} INFO - Processing /home/airflow/.local/lib/python3.8/site-packages/airflow/example_dags/example_sensors.py took 0.035 seconds
[2026-02-10T20:29:31.226+0000] {processor.py:161} INFO - Started process (PID=795) to work on /home/airflow/.local/lib/python3.8/site-packages/airflow/example_dags/example_sensors.py
[2026-02-10T20:29:31.226+0000] {processor.py:830} INFO - Processing file /home/airflow/.local/lib/python3.8/site-packages/airflow/example_dags/example_sensors.py for tasks to queue
[2026-02-10T20:29:31.227+0000] {logging_mixin.py:188} INFO - [2026-02-10T20:29:31.227+0000] {dagbag.py:538} INFO - Filling up the DagBag from /home/airflow/.local/lib/python3.8/site-packages/airflow/example_dags/example_sensors.py
[2026-02-10T20:29:31.230+0000] {processor.py:840} INFO - DAG(s) 'example_sensors' retrieved from /home/airflow/.local/lib/python3.8/site-packages/airflow/example_dags/example_sensors.py
[2026-02-10T20:29:31.244+0000] {logging_mixin.py:188} INFO - [2026-02-10T20:29:31.244+0000] {dag.py:3036} INFO - Sync 1 DAGs
[2026-02-10T20:29:31.248+0000] {logging_mixin.py:188} INFO - [2026-02-10T20:29:31.248+0000] {dag.py:3823} INFO - Setting next_dagrun for example_sensors to None, run_after=None
[2026-02-10T20:29:31.256+0000] {processor.py:183} INFO - Processing /home/airflow/.local/lib/python3.8/site-packages/airflow/example_dags/example_sensors.py took 0.032 seconds
[2026-02-10T20:30:01.750+0000] {processor.py:161} INFO - Started process (PID=850) to work on /home/airflow/.local/lib/python3.8/site-packages/airflow/example_dags/example_sensors.py
[2026-02-10T20:30:01.750+0000] {processor.py:830} INFO - Processing file /home/airflow/.local/lib/python3.8/site-packages/airflow/example_dags/example_sensors.py for tasks to queue
[2026-02-10T20:30:01.751+0000] {logging_mixin.py:188} INFO - [2026-02-10T20:30:01.751+0000] {dagbag.py:538} INFO - Filling up the DagBag from /home/airflow/.local/lib/python3.8/site-packages/airflow/example_dags/example_sensors.py
[2026-02-10T20:30:01.754+0000] {processor.py:840} INFO - DAG(s) 'example_sensors' retrieved from /home/airflow/.local/lib/python3.8/site-packages/airflow/example_dags/example_sensors.py
[2026-02-10T20:30:01.763+0000] {logging_mixin.py:188} INFO - [2026-02-10T20:30:01.762+0000] {dag.py:3036} INFO - Sync 1 DAGs
[2026-02-10T20:30:01.767+0000] {logging_mixin.py:188} INFO - [2026-02-10T20:30:01.767+0000] {dag.py:3823} INFO - Setting next_dagrun for example_sensors to None, run_after=None
[2026-02-10T20:30:01.772+0000] {processor.py:183} INFO - Processing /home/airflow/.local/lib/python3.8/site-packages/airflow/example_dags/example_sensors.py took 0.024 seconds
[2026-02-10T20:30:32.145+0000] {processor.py:161} INFO - Started process (PID=905) to work on /home/airflow/.local/lib/python3.8/site-packages/airflow/example_dags/example_sensors.py
[2026-02-10T20:30:32.146+0000] {processor.py:830} INFO - Processing file /home/airflow/.local/lib/python3.8/site-packages/airflow/example_dags/example_sensors.py for tasks to queue
[2026-02-10T20:30:32.147+0000] {logging_mixin.py:188} INFO - [2026-02-10T20:30:32.147+0000] {dagbag.py:538} INFO - Filling up the DagBag from /home/airflow/.local/lib/python3.8/site-packages/airflow/example_dags/example_sensors.py
[2026-02-10T20:30:32.150+0000] {processor.py:840} INFO - DAG(s) 'example_sensors' retrieved from /home/airflow/.local/lib/python3.8/site-packages/airflow/example_dags/example_sensors.py
[2026-02-10T20:30:32.167+0000] {logging_mixin.py:188} INFO - [2026-02-10T20:30:32.167+0000] {dag.py:3036} INFO - Sync 1 DAGs
[2026-02-10T20:30:32.172+0000] {logging_mixin.py:188} INFO - [2026-02-10T20:30:32.172+0000] {dag.py:3823} INFO - Setting next_dagrun for example_sensors to None, run_after=None
[2026-02-10T20:30:32.183+0000] {processor.py:183} INFO - Processing /home/airflow/.local/lib/python3.8/site-packages/airflow/example_dags/example_sensors.py took 0.039 seconds
[2026-02-10T20:31:02.601+0000] {processor.py:161} INFO - Started process (PID=960) to work on /home/airflow/.local/lib/python3.8/site-packages/airflow/example_dags/example_sensors.py
[2026-02-10T20:31:02.601+0000] {processor.py:830} INFO - Processing file /home/airflow/.local/lib/python3.8/site-packages/airflow/example_dags/example_sensors.py for tasks to queue
[2026-02-10T20:31:02.602+0000] {logging_mixin.py:188} INFO - [2026-02-10T20:31:02.602+0000] {dagbag.py:538} INFO - Filling up the DagBag from /home/airflow/.local/lib/python3.8/site-packages/airflow/example_dags/example_sensors.py
[2026-02-10T20:31:02.605+0000] {processor.py:840} INFO - DAG(s) 'example_sensors' retrieved from /home/airflow/.local/lib/python3.8/site-packages/airflow/example_dags/example_sensors.py
[2026-02-10T20:31:02.618+0000] {logging_mixin.py:188} INFO - [2026-02-10T20:31:02.618+0000] {dag.py:3036} INFO - Sync 1 DAGs
[2026-02-10T20:31:02.622+0000] {logging_mixin.py:188} INFO - [2026-02-10T20:31:02.622+0000] {dag.py:3823} INFO - Setting next_dagrun for example_sensors to None, run_after=None
[2026-02-10T20:31:02.633+0000] {processor.py:183} INFO - Processing /home/airflow/.local/lib/python3.8/site-packages/airflow/example_dags/example_sensors.py took 0.033 seconds
[2026-02-10T20:31:32.982+0000] {processor.py:161} INFO - Started process (PID=1015) to work on /home/airflow/.local/lib/python3.8/site-packages/airflow/example_dags/example_sensors.py
[2026-02-10T20:31:32.982+0000] {processor.py:830} INFO - Processing file /home/airflow/.local/lib/python3.8/site-packages/airflow/example_dags/example_sensors.py for tasks to queue
[2026-02-10T20:31:32.983+0000] {logging_mixin.py:188} INFO - [2026-02-10T20:31:32.983+0000] {dagbag.py:538} INFO - Filling up the DagBag from /home/airflow/.local/lib/python3.8/site-packages/airflow/example_dags/example_sensors.py
[2026-02-10T20:31:32.987+0000] {processor.py:840} INFO - DAG(s) 'example_sensors' retrieved from /home/airflow/.local/lib/python3.8/site-packages/airflow/example_dags/example_sensors.py
[2026-02-10T20:31:32.996+0000] {logging_mixin.py:188} INFO - [2026-02-10T20:31:32.996+0000] {dag.py:3036} INFO - Sync 1 DAGs
[2026-02-10T20:31:33.000+0000] {logging_mixin.py:188} INFO - [2026-02-10T20:31:33.000+0000] {dag.py:3823} INFO - Setting next_dagrun for example_sensors to None, run_after=None
[2026-02-10T20:31:33.009+0000] {processor.py:183} INFO - Processing /home/airflow/.local/lib/python3.8/site-packages/airflow/example_dags/example_sensors.py took 0.029 seconds
[2026-02-10T20:32:03.371+0000] {processor.py:161} INFO - Started process (PID=1070) to work on /home/airflow/.local/lib/python3.8/site-packages/airflow/example_dags/example_sensors.py
[2026-02-10T20:32:03.371+0000] {processor.py:830} INFO - Processing file /home/airflow/.local/lib/python3.8/site-packages/airflow/example_dags/example_sensors.py for tasks to queue
[2026-02-10T20:32:03.372+0000] {logging_mixin.py:188} INFO - [2026-02-10T20:32:03.372+0000] {dagbag.py:538} INFO - Filling up the DagBag from /home/airflow/.local/lib/python3.8/site-packages/airflow/example_dags/example_sensors.py
[2026-02-10T20:32:03.375+0000] {processor.py:840} INFO - DAG(s) 'example_sensors' retrieved from /home/airflow/.local/lib/python3.8/site-packages/airflow/example_dags/example_sensors.py
[2026-02-10T20:32:03.390+0000] {logging_mixin.py:188} INFO - [2026-02-10T20:32:03.390+0000] {dag.py:3036} INFO - Sync 1 DAGs
[2026-02-10T20:32:03.395+0000] {logging_mixin.py:188} INFO - [2026-02-10T20:32:03.394+0000] {dag.py:3823} INFO - Setting next_dagrun for example_sensors to None, run_after=None
[2026-02-10T20:32:03.402+0000] {processor.py:183} INFO - Processing /home/airflow/.local/lib/python3.8/site-packages/airflow/example_dags/example_sensors.py took 0.033 seconds
[2026-02-10T20:32:33.699+0000] {processor.py:161} INFO - Started process (PID=1125) to work on /home/airflow/.local/lib/python3.8/site-packages/airflow/example_dags/example_sensors.py
[2026-02-10T20:32:33.700+0000] {processor.py:830} INFO - Processing file /home/airflow/.local/lib/python3.8/site-packages/airflow/example_dags/example_sensors.py for tasks to queue
[2026-02-10T20:32:33.700+0000] {logging_mixin.py:188} INFO - [2026-02-10T20:32:33.700+0000] {dagbag.py:538} INFO - Filling up the DagBag from /home/airflow/.local/lib/python3.8/site-packages/airflow/example_dags/example_sensors.py
[2026-02-10T20:32:33.704+0000] {processor.py:840} INFO - DAG(s) 'example_sensors' retrieved from /home/airflow/.local/lib/python3.8/site-packages/airflow/example_dags/example_sensors.py
[2026-02-10T20:32:33.715+0000] {logging_mixin.py:188} INFO - [2026-02-10T20:32:33.715+0000] {dag.py:3036} INFO - Sync 1 DAGs
[2026-02-10T20:32:33.721+0000] {logging_mixin.py:188} INFO - [2026-02-10T20:32:33.721+0000] {dag.py:3823} INFO - Setting next_dagrun for example_sensors to None, run_after=None
[2026-02-10T20:32:33.727+0000] {processor.py:183} INFO - Processing /home/airflow/.local/lib/python3.8/site-packages/airflow/example_dags/example_sensors.py took 0.029 seconds
[2026-02-10T20:33:04.222+0000] {processor.py:161} INFO - Started process (PID=1181) to work on /home/airflow/.local/lib/python3.8/site-packages/airflow/example_dags/example_sensors.py
[2026-02-10T20:33:04.223+0000] {processor.py:830} INFO - Processing file /home/airflow/.local/lib/python3.8/site-packages/airflow/example_dags/example_sensors.py for tasks to queue
[2026-02-10T20:33:04.223+0000] {logging_mixin.py:188} INFO - [2026-02-10T20:33:04.223+0000] {dagbag.py:538} INFO - Filling up the DagBag from /home/airflow/.local/lib/python3.8/site-packages/airflow/example_dags/example_sensors.py
[2026-02-10T20:33:04.227+0000] {processor.py:840} INFO - DAG(s) 'example_sensors' retrieved from /home/airflow/.local/lib/python3.8/site-packages/airflow/example_dags/example_sensors.py
[2026-02-10T20:33:04.237+0000] {logging_mixin.py:188} INFO - [2026-02-10T20:33:04.237+0000] {dag.py:3036} INFO - Sync 1 DAGs
[2026-02-10T20:33:04.242+0000] {logging_mixin.py:188} INFO - [2026-02-10T20:33:04.242+0000] {dag.py:3823} INFO - Setting next_dagrun for example_sensors to None, run_after=None
[2026-02-10T20:33:04.250+0000] {processor.py:183} INFO - Processing /home/airflow/.local/lib/python3.8/site-packages/airflow/example_dags/example_sensors.py took 0.029 seconds
[2026-02-10T20:33:34.676+0000] {processor.py:161} INFO - Started process (PID=1237) to work on /home/airflow/.local/lib/python3.8/site-packages/airflow/example_dags/example_sensors.py
[2026-02-10T20:33:34.677+0000] {processor.py:830} INFO - Processing file /home/airflow/.local/lib/python3.8/site-packages/airflow/example_dags/example_sensors.py for tasks to queue
[2026-02-10T20:33:34.678+0000] {logging_mixin.py:188} INFO - [2026-02-10T20:33:34.678+0000] {dagbag.py:538} INFO - Filling up the DagBag from /home/airflow/.local/lib/python3.8/site-packages/airflow/example_dags/example_sensors.py
[2026-02-10T20:33:34.682+0000] {processor.py:840} INFO - DAG(s) 'example_sensors' retrieved from /home/airflow/.local/lib/python3.8/site-packages/airflow/example_dags/example_sensors.py
[2026-02-10T20:33:34.693+0000] {logging_mixin.py:188} INFO - [2026-02-10T20:33:34.693+0000] {dag.py:3036} INFO - Sync 1 DAGs
[2026-02-10T20:33:34.699+0000] {logging_mixin.py:188} INFO - [2026-02-10T20:33:34.699+0000] {dag.py:3823} INFO - Setting next_dagrun for example_sensors to None, run_after=None
[2026-02-10T20:33:34.709+0000] {processor.py:183} INFO - Processing /home/airflow/.local/lib/python3.8/site-packages/airflow/example_dags/example_sensors.py took 0.034 seconds
[2026-02-10T20:34:05.058+0000] {processor.py:161} INFO - Started process (PID=1293) to work on /home/airflow/.local/lib/python3.8/site-packages/airflow/example_dags/example_sensors.py
[2026-02-10T20:34:05.059+0000] {processor.py:830} INFO - Processing file /home/airflow/.local/lib/python3.8/site-packages/airflow/example_dags/example_sensors.py for tasks to queue
[2026-02-10T20:34:05.059+0000] {logging_mixin.py:188} INFO - [2026-02-10T20:34:05.059+0000] {dagbag.py:538} INFO - Filling up the DagBag from /home/airflow/.local/lib/python3.8/site-packages/airflow/example_dags/example_sensors.py
[2026-02-10T20:34:05.064+0000] {processor.py:840} INFO - DAG(s) 'example_sensors' retrieved from /home/airflow/.local/lib/python3.8/site-packages/airflow/example_dags/example_sensors.py
[2026-02-10T20:34:05.077+0000] {logging_mixin.py:188} INFO - [2026-02-10T20:34:05.077+0000] {dag.py:3036} INFO - Sync 1 DAGs
[2026-02-10T20:34:05.082+0000] {logging_mixin.py:188} INFO - [2026-02-10T20:34:05.082+0000] {dag.py:3823} INFO - Setting next_dagrun for example_sensors to None, run_after=None
[2026-02-10T20:34:05.094+0000] {processor.py:183} INFO - Processing /home/airflow/.local/lib/python3.8/site-packages/airflow/example_dags/example_sensors.py took 0.037 seconds
