[2026-02-10T20:22:53.604+0000] {processor.py:161} INFO - Started process (PID=44) to work on /home/airflow/.local/lib/python3.8/site-packages/airflow/example_dags/example_branch_python_dop_operator_3.py
[2026-02-10T20:22:53.605+0000] {processor.py:830} INFO - Processing file /home/airflow/.local/lib/python3.8/site-packages/airflow/example_dags/example_branch_python_dop_operator_3.py for tasks to queue
[2026-02-10T20:22:53.606+0000] {logging_mixin.py:188} INFO - [2026-02-10T20:22:53.606+0000] {dagbag.py:538} INFO - Filling up the DagBag from /home/airflow/.local/lib/python3.8/site-packages/airflow/example_dags/example_branch_python_dop_operator_3.py
[2026-02-10T20:22:53.616+0000] {processor.py:840} INFO - DAG(s) 'example_branch_dop_operator_v3' retrieved from /home/airflow/.local/lib/python3.8/site-packages/airflow/example_dags/example_branch_python_dop_operator_3.py
[2026-02-10T20:22:53.626+0000] {logging_mixin.py:188} INFO - [2026-02-10T20:22:53.626+0000] {dag.py:3036} INFO - Sync 1 DAGs
[2026-02-10T20:22:53.658+0000] {logging_mixin.py:188} INFO - [2026-02-10T20:22:53.658+0000] {dag.py:3823} INFO - Setting next_dagrun for example_branch_dop_operator_v3 to 2026-02-10 20:21:00+00:00, run_after=2026-02-10 20:22:00+00:00
[2026-02-10T20:22:53.674+0000] {processor.py:183} INFO - Processing /home/airflow/.local/lib/python3.8/site-packages/airflow/example_dags/example_branch_python_dop_operator_3.py took 0.072 seconds
[2026-02-10T20:23:23.833+0000] {processor.py:161} INFO - Started process (PID=99) to work on /home/airflow/.local/lib/python3.8/site-packages/airflow/example_dags/example_branch_python_dop_operator_3.py
[2026-02-10T20:23:23.833+0000] {processor.py:830} INFO - Processing file /home/airflow/.local/lib/python3.8/site-packages/airflow/example_dags/example_branch_python_dop_operator_3.py for tasks to queue
[2026-02-10T20:23:23.834+0000] {logging_mixin.py:188} INFO - [2026-02-10T20:23:23.834+0000] {dagbag.py:538} INFO - Filling up the DagBag from /home/airflow/.local/lib/python3.8/site-packages/airflow/example_dags/example_branch_python_dop_operator_3.py
[2026-02-10T20:23:23.837+0000] {processor.py:840} INFO - DAG(s) 'example_branch_dop_operator_v3' retrieved from /home/airflow/.local/lib/python3.8/site-packages/airflow/example_dags/example_branch_python_dop_operator_3.py
[2026-02-10T20:23:23.871+0000] {logging_mixin.py:188} INFO - [2026-02-10T20:23:23.871+0000] {dag.py:3036} INFO - Sync 1 DAGs
[2026-02-10T20:23:23.878+0000] {logging_mixin.py:188} INFO - [2026-02-10T20:23:23.878+0000] {dag.py:3823} INFO - Setting next_dagrun for example_branch_dop_operator_v3 to 2026-02-10 20:22:00+00:00, run_after=2026-02-10 20:23:00+00:00
[2026-02-10T20:23:23.884+0000] {processor.py:183} INFO - Processing /home/airflow/.local/lib/python3.8/site-packages/airflow/example_dags/example_branch_python_dop_operator_3.py took 0.053 seconds
[2026-02-10T20:23:53.965+0000] {processor.py:161} INFO - Started process (PID=154) to work on /home/airflow/.local/lib/python3.8/site-packages/airflow/example_dags/example_branch_python_dop_operator_3.py
[2026-02-10T20:23:53.966+0000] {processor.py:830} INFO - Processing file /home/airflow/.local/lib/python3.8/site-packages/airflow/example_dags/example_branch_python_dop_operator_3.py for tasks to queue
[2026-02-10T20:23:53.966+0000] {logging_mixin.py:188} INFO - [2026-02-10T20:23:53.966+0000] {dagbag.py:538} INFO - Filling up the DagBag from /home/airflow/.local/lib/python3.8/site-packages/airflow/example_dags/example_branch_python_dop_operator_3.py
[2026-02-10T20:23:53.971+0000] {processor.py:840} INFO - DAG(s) 'example_branch_dop_operator_v3' retrieved from /home/airflow/.local/lib/python3.8/site-packages/airflow/example_dags/example_branch_python_dop_operator_3.py
[2026-02-10T20:23:53.984+0000] {logging_mixin.py:188} INFO - [2026-02-10T20:23:53.984+0000] {dag.py:3036} INFO - Sync 1 DAGs
[2026-02-10T20:23:53.996+0000] {logging_mixin.py:188} INFO - [2026-02-10T20:23:53.996+0000] {dag.py:3823} INFO - Setting next_dagrun for example_branch_dop_operator_v3 to 2026-02-10 20:22:00+00:00, run_after=2026-02-10 20:23:00+00:00
[2026-02-10T20:23:54.006+0000] {processor.py:183} INFO - Processing /home/airflow/.local/lib/python3.8/site-packages/airflow/example_dags/example_branch_python_dop_operator_3.py took 0.043 seconds
[2026-02-10T20:24:24.400+0000] {processor.py:161} INFO - Started process (PID=209) to work on /home/airflow/.local/lib/python3.8/site-packages/airflow/example_dags/example_branch_python_dop_operator_3.py
[2026-02-10T20:24:24.400+0000] {processor.py:830} INFO - Processing file /home/airflow/.local/lib/python3.8/site-packages/airflow/example_dags/example_branch_python_dop_operator_3.py for tasks to queue
[2026-02-10T20:24:24.401+0000] {logging_mixin.py:188} INFO - [2026-02-10T20:24:24.401+0000] {dagbag.py:538} INFO - Filling up the DagBag from /home/airflow/.local/lib/python3.8/site-packages/airflow/example_dags/example_branch_python_dop_operator_3.py
[2026-02-10T20:24:24.404+0000] {processor.py:840} INFO - DAG(s) 'example_branch_dop_operator_v3' retrieved from /home/airflow/.local/lib/python3.8/site-packages/airflow/example_dags/example_branch_python_dop_operator_3.py
[2026-02-10T20:24:24.412+0000] {logging_mixin.py:188} INFO - [2026-02-10T20:24:24.412+0000] {dag.py:3036} INFO - Sync 1 DAGs
[2026-02-10T20:24:24.420+0000] {logging_mixin.py:188} INFO - [2026-02-10T20:24:24.420+0000] {dag.py:3823} INFO - Setting next_dagrun for example_branch_dop_operator_v3 to 2026-02-10 20:23:00+00:00, run_after=2026-02-10 20:24:00+00:00
[2026-02-10T20:24:24.426+0000] {processor.py:183} INFO - Processing /home/airflow/.local/lib/python3.8/site-packages/airflow/example_dags/example_branch_python_dop_operator_3.py took 0.029 seconds
[2026-02-10T20:24:54.905+0000] {processor.py:161} INFO - Started process (PID=264) to work on /home/airflow/.local/lib/python3.8/site-packages/airflow/example_dags/example_branch_python_dop_operator_3.py
[2026-02-10T20:24:54.906+0000] {processor.py:830} INFO - Processing file /home/airflow/.local/lib/python3.8/site-packages/airflow/example_dags/example_branch_python_dop_operator_3.py for tasks to queue
[2026-02-10T20:24:54.907+0000] {logging_mixin.py:188} INFO - [2026-02-10T20:24:54.906+0000] {dagbag.py:538} INFO - Filling up the DagBag from /home/airflow/.local/lib/python3.8/site-packages/airflow/example_dags/example_branch_python_dop_operator_3.py
[2026-02-10T20:24:54.910+0000] {processor.py:840} INFO - DAG(s) 'example_branch_dop_operator_v3' retrieved from /home/airflow/.local/lib/python3.8/site-packages/airflow/example_dags/example_branch_python_dop_operator_3.py
[2026-02-10T20:24:54.918+0000] {logging_mixin.py:188} INFO - [2026-02-10T20:24:54.917+0000] {dag.py:3036} INFO - Sync 1 DAGs
[2026-02-10T20:24:54.926+0000] {logging_mixin.py:188} INFO - [2026-02-10T20:24:54.926+0000] {dag.py:3823} INFO - Setting next_dagrun for example_branch_dop_operator_v3 to 2026-02-10 20:23:00+00:00, run_after=2026-02-10 20:24:00+00:00
[2026-02-10T20:24:54.931+0000] {processor.py:183} INFO - Processing /home/airflow/.local/lib/python3.8/site-packages/airflow/example_dags/example_branch_python_dop_operator_3.py took 0.028 seconds
[2026-02-10T20:25:25.439+0000] {processor.py:161} INFO - Started process (PID=319) to work on /home/airflow/.local/lib/python3.8/site-packages/airflow/example_dags/example_branch_python_dop_operator_3.py
[2026-02-10T20:25:25.439+0000] {processor.py:830} INFO - Processing file /home/airflow/.local/lib/python3.8/site-packages/airflow/example_dags/example_branch_python_dop_operator_3.py for tasks to queue
[2026-02-10T20:25:25.440+0000] {logging_mixin.py:188} INFO - [2026-02-10T20:25:25.440+0000] {dagbag.py:538} INFO - Filling up the DagBag from /home/airflow/.local/lib/python3.8/site-packages/airflow/example_dags/example_branch_python_dop_operator_3.py
[2026-02-10T20:25:25.443+0000] {processor.py:840} INFO - DAG(s) 'example_branch_dop_operator_v3' retrieved from /home/airflow/.local/lib/python3.8/site-packages/airflow/example_dags/example_branch_python_dop_operator_3.py
[2026-02-10T20:25:25.451+0000] {logging_mixin.py:188} INFO - [2026-02-10T20:25:25.451+0000] {dag.py:3036} INFO - Sync 1 DAGs
[2026-02-10T20:25:25.461+0000] {logging_mixin.py:188} INFO - [2026-02-10T20:25:25.460+0000] {dag.py:3823} INFO - Setting next_dagrun for example_branch_dop_operator_v3 to 2026-02-10 20:24:00+00:00, run_after=2026-02-10 20:25:00+00:00
[2026-02-10T20:25:25.466+0000] {processor.py:183} INFO - Processing /home/airflow/.local/lib/python3.8/site-packages/airflow/example_dags/example_branch_python_dop_operator_3.py took 0.029 seconds
[2026-02-10T20:25:56.009+0000] {processor.py:161} INFO - Started process (PID=374) to work on /home/airflow/.local/lib/python3.8/site-packages/airflow/example_dags/example_branch_python_dop_operator_3.py
[2026-02-10T20:25:56.010+0000] {processor.py:830} INFO - Processing file /home/airflow/.local/lib/python3.8/site-packages/airflow/example_dags/example_branch_python_dop_operator_3.py for tasks to queue
[2026-02-10T20:25:56.011+0000] {logging_mixin.py:188} INFO - [2026-02-10T20:25:56.011+0000] {dagbag.py:538} INFO - Filling up the DagBag from /home/airflow/.local/lib/python3.8/site-packages/airflow/example_dags/example_branch_python_dop_operator_3.py
[2026-02-10T20:25:56.016+0000] {processor.py:840} INFO - DAG(s) 'example_branch_dop_operator_v3' retrieved from /home/airflow/.local/lib/python3.8/site-packages/airflow/example_dags/example_branch_python_dop_operator_3.py
[2026-02-10T20:25:56.026+0000] {logging_mixin.py:188} INFO - [2026-02-10T20:25:56.026+0000] {dag.py:3036} INFO - Sync 1 DAGs
[2026-02-10T20:25:56.037+0000] {logging_mixin.py:188} INFO - [2026-02-10T20:25:56.037+0000] {dag.py:3823} INFO - Setting next_dagrun for example_branch_dop_operator_v3 to 2026-02-10 20:24:00+00:00, run_after=2026-02-10 20:25:00+00:00
[2026-02-10T20:25:56.048+0000] {processor.py:183} INFO - Processing /home/airflow/.local/lib/python3.8/site-packages/airflow/example_dags/example_branch_python_dop_operator_3.py took 0.041 seconds
[2026-02-10T20:26:26.423+0000] {processor.py:161} INFO - Started process (PID=429) to work on /home/airflow/.local/lib/python3.8/site-packages/airflow/example_dags/example_branch_python_dop_operator_3.py
[2026-02-10T20:26:26.424+0000] {processor.py:830} INFO - Processing file /home/airflow/.local/lib/python3.8/site-packages/airflow/example_dags/example_branch_python_dop_operator_3.py for tasks to queue
[2026-02-10T20:26:26.425+0000] {logging_mixin.py:188} INFO - [2026-02-10T20:26:26.425+0000] {dagbag.py:538} INFO - Filling up the DagBag from /home/airflow/.local/lib/python3.8/site-packages/airflow/example_dags/example_branch_python_dop_operator_3.py
[2026-02-10T20:26:26.428+0000] {processor.py:840} INFO - DAG(s) 'example_branch_dop_operator_v3' retrieved from /home/airflow/.local/lib/python3.8/site-packages/airflow/example_dags/example_branch_python_dop_operator_3.py
[2026-02-10T20:26:26.437+0000] {logging_mixin.py:188} INFO - [2026-02-10T20:26:26.437+0000] {dag.py:3036} INFO - Sync 1 DAGs
[2026-02-10T20:26:26.447+0000] {logging_mixin.py:188} INFO - [2026-02-10T20:26:26.447+0000] {dag.py:3823} INFO - Setting next_dagrun for example_branch_dop_operator_v3 to 2026-02-10 20:25:00+00:00, run_after=2026-02-10 20:26:00+00:00
[2026-02-10T20:26:26.457+0000] {processor.py:183} INFO - Processing /home/airflow/.local/lib/python3.8/site-packages/airflow/example_dags/example_branch_python_dop_operator_3.py took 0.034 seconds
[2026-02-10T20:26:56.807+0000] {processor.py:161} INFO - Started process (PID=484) to work on /home/airflow/.local/lib/python3.8/site-packages/airflow/example_dags/example_branch_python_dop_operator_3.py
[2026-02-10T20:26:56.808+0000] {processor.py:830} INFO - Processing file /home/airflow/.local/lib/python3.8/site-packages/airflow/example_dags/example_branch_python_dop_operator_3.py for tasks to queue
[2026-02-10T20:26:56.809+0000] {logging_mixin.py:188} INFO - [2026-02-10T20:26:56.808+0000] {dagbag.py:538} INFO - Filling up the DagBag from /home/airflow/.local/lib/python3.8/site-packages/airflow/example_dags/example_branch_python_dop_operator_3.py
[2026-02-10T20:26:56.812+0000] {processor.py:840} INFO - DAG(s) 'example_branch_dop_operator_v3' retrieved from /home/airflow/.local/lib/python3.8/site-packages/airflow/example_dags/example_branch_python_dop_operator_3.py
[2026-02-10T20:26:56.820+0000] {logging_mixin.py:188} INFO - [2026-02-10T20:26:56.820+0000] {dag.py:3036} INFO - Sync 1 DAGs
[2026-02-10T20:26:56.832+0000] {logging_mixin.py:188} INFO - [2026-02-10T20:26:56.832+0000] {dag.py:3823} INFO - Setting next_dagrun for example_branch_dop_operator_v3 to 2026-02-10 20:25:00+00:00, run_after=2026-02-10 20:26:00+00:00
[2026-02-10T20:26:56.841+0000] {processor.py:183} INFO - Processing /home/airflow/.local/lib/python3.8/site-packages/airflow/example_dags/example_branch_python_dop_operator_3.py took 0.035 seconds
[2026-02-10T20:27:27.159+0000] {processor.py:161} INFO - Started process (PID=545) to work on /home/airflow/.local/lib/python3.8/site-packages/airflow/example_dags/example_branch_python_dop_operator_3.py
[2026-02-10T20:27:27.159+0000] {processor.py:830} INFO - Processing file /home/airflow/.local/lib/python3.8/site-packages/airflow/example_dags/example_branch_python_dop_operator_3.py for tasks to queue
[2026-02-10T20:27:27.160+0000] {logging_mixin.py:188} INFO - [2026-02-10T20:27:27.160+0000] {dagbag.py:538} INFO - Filling up the DagBag from /home/airflow/.local/lib/python3.8/site-packages/airflow/example_dags/example_branch_python_dop_operator_3.py
[2026-02-10T20:27:27.164+0000] {processor.py:840} INFO - DAG(s) 'example_branch_dop_operator_v3' retrieved from /home/airflow/.local/lib/python3.8/site-packages/airflow/example_dags/example_branch_python_dop_operator_3.py
[2026-02-10T20:27:27.174+0000] {logging_mixin.py:188} INFO - [2026-02-10T20:27:27.174+0000] {dag.py:3036} INFO - Sync 1 DAGs
[2026-02-10T20:27:27.184+0000] {logging_mixin.py:188} INFO - [2026-02-10T20:27:27.184+0000] {dag.py:3823} INFO - Setting next_dagrun for example_branch_dop_operator_v3 to 2026-02-10 20:26:00+00:00, run_after=2026-02-10 20:27:00+00:00
[2026-02-10T20:27:27.194+0000] {processor.py:183} INFO - Processing /home/airflow/.local/lib/python3.8/site-packages/airflow/example_dags/example_branch_python_dop_operator_3.py took 0.037 seconds
[2026-02-10T20:27:57.527+0000] {processor.py:161} INFO - Started process (PID=599) to work on /home/airflow/.local/lib/python3.8/site-packages/airflow/example_dags/example_branch_python_dop_operator_3.py
[2026-02-10T20:27:57.528+0000] {processor.py:830} INFO - Processing file /home/airflow/.local/lib/python3.8/site-packages/airflow/example_dags/example_branch_python_dop_operator_3.py for tasks to queue
[2026-02-10T20:27:57.529+0000] {logging_mixin.py:188} INFO - [2026-02-10T20:27:57.528+0000] {dagbag.py:538} INFO - Filling up the DagBag from /home/airflow/.local/lib/python3.8/site-packages/airflow/example_dags/example_branch_python_dop_operator_3.py
[2026-02-10T20:27:57.533+0000] {processor.py:840} INFO - DAG(s) 'example_branch_dop_operator_v3' retrieved from /home/airflow/.local/lib/python3.8/site-packages/airflow/example_dags/example_branch_python_dop_operator_3.py
[2026-02-10T20:27:57.543+0000] {logging_mixin.py:188} INFO - [2026-02-10T20:27:57.543+0000] {dag.py:3036} INFO - Sync 1 DAGs
[2026-02-10T20:27:57.556+0000] {logging_mixin.py:188} INFO - [2026-02-10T20:27:57.556+0000] {dag.py:3823} INFO - Setting next_dagrun for example_branch_dop_operator_v3 to 2026-02-10 20:26:00+00:00, run_after=2026-02-10 20:27:00+00:00
[2026-02-10T20:27:57.571+0000] {processor.py:183} INFO - Processing /home/airflow/.local/lib/python3.8/site-packages/airflow/example_dags/example_branch_python_dop_operator_3.py took 0.045 seconds
[2026-02-10T20:28:28.125+0000] {processor.py:161} INFO - Started process (PID=654) to work on /home/airflow/.local/lib/python3.8/site-packages/airflow/example_dags/example_branch_python_dop_operator_3.py
[2026-02-10T20:28:28.125+0000] {processor.py:830} INFO - Processing file /home/airflow/.local/lib/python3.8/site-packages/airflow/example_dags/example_branch_python_dop_operator_3.py for tasks to queue
[2026-02-10T20:28:28.126+0000] {logging_mixin.py:188} INFO - [2026-02-10T20:28:28.126+0000] {dagbag.py:538} INFO - Filling up the DagBag from /home/airflow/.local/lib/python3.8/site-packages/airflow/example_dags/example_branch_python_dop_operator_3.py
[2026-02-10T20:28:28.130+0000] {processor.py:840} INFO - DAG(s) 'example_branch_dop_operator_v3' retrieved from /home/airflow/.local/lib/python3.8/site-packages/airflow/example_dags/example_branch_python_dop_operator_3.py
[2026-02-10T20:28:28.138+0000] {logging_mixin.py:188} INFO - [2026-02-10T20:28:28.138+0000] {dag.py:3036} INFO - Sync 1 DAGs
[2026-02-10T20:28:28.147+0000] {logging_mixin.py:188} INFO - [2026-02-10T20:28:28.146+0000] {dag.py:3823} INFO - Setting next_dagrun for example_branch_dop_operator_v3 to 2026-02-10 20:27:00+00:00, run_after=2026-02-10 20:28:00+00:00
[2026-02-10T20:28:28.152+0000] {processor.py:183} INFO - Processing /home/airflow/.local/lib/python3.8/site-packages/airflow/example_dags/example_branch_python_dop_operator_3.py took 0.030 seconds
[2026-02-10T20:28:58.773+0000] {processor.py:161} INFO - Started process (PID=709) to work on /home/airflow/.local/lib/python3.8/site-packages/airflow/example_dags/example_branch_python_dop_operator_3.py
[2026-02-10T20:28:58.773+0000] {processor.py:830} INFO - Processing file /home/airflow/.local/lib/python3.8/site-packages/airflow/example_dags/example_branch_python_dop_operator_3.py for tasks to queue
[2026-02-10T20:28:58.774+0000] {logging_mixin.py:188} INFO - [2026-02-10T20:28:58.774+0000] {dagbag.py:538} INFO - Filling up the DagBag from /home/airflow/.local/lib/python3.8/site-packages/airflow/example_dags/example_branch_python_dop_operator_3.py
[2026-02-10T20:28:58.779+0000] {processor.py:840} INFO - DAG(s) 'example_branch_dop_operator_v3' retrieved from /home/airflow/.local/lib/python3.8/site-packages/airflow/example_dags/example_branch_python_dop_operator_3.py
[2026-02-10T20:28:58.792+0000] {logging_mixin.py:188} INFO - [2026-02-10T20:28:58.792+0000] {dag.py:3036} INFO - Sync 1 DAGs
[2026-02-10T20:28:58.803+0000] {logging_mixin.py:188} INFO - [2026-02-10T20:28:58.803+0000] {dag.py:3823} INFO - Setting next_dagrun for example_branch_dop_operator_v3 to 2026-02-10 20:27:00+00:00, run_after=2026-02-10 20:28:00+00:00
[2026-02-10T20:28:58.810+0000] {processor.py:183} INFO - Processing /home/airflow/.local/lib/python3.8/site-packages/airflow/example_dags/example_branch_python_dop_operator_3.py took 0.040 seconds
[2026-02-10T20:29:29.429+0000] {processor.py:161} INFO - Started process (PID=764) to work on /home/airflow/.local/lib/python3.8/site-packages/airflow/example_dags/example_branch_python_dop_operator_3.py
[2026-02-10T20:29:29.430+0000] {processor.py:830} INFO - Processing file /home/airflow/.local/lib/python3.8/site-packages/airflow/example_dags/example_branch_python_dop_operator_3.py for tasks to queue
[2026-02-10T20:29:29.430+0000] {logging_mixin.py:188} INFO - [2026-02-10T20:29:29.430+0000] {dagbag.py:538} INFO - Filling up the DagBag from /home/airflow/.local/lib/python3.8/site-packages/airflow/example_dags/example_branch_python_dop_operator_3.py
[2026-02-10T20:29:29.434+0000] {processor.py:840} INFO - DAG(s) 'example_branch_dop_operator_v3' retrieved from /home/airflow/.local/lib/python3.8/site-packages/airflow/example_dags/example_branch_python_dop_operator_3.py
[2026-02-10T20:29:29.442+0000] {logging_mixin.py:188} INFO - [2026-02-10T20:29:29.442+0000] {dag.py:3036} INFO - Sync 1 DAGs
[2026-02-10T20:29:29.450+0000] {logging_mixin.py:188} INFO - [2026-02-10T20:29:29.450+0000] {dag.py:3823} INFO - Setting next_dagrun for example_branch_dop_operator_v3 to 2026-02-10 20:28:00+00:00, run_after=2026-02-10 20:29:00+00:00
[2026-02-10T20:29:29.456+0000] {processor.py:183} INFO - Processing /home/airflow/.local/lib/python3.8/site-packages/airflow/example_dags/example_branch_python_dop_operator_3.py took 0.028 seconds
[2026-02-10T20:29:59.882+0000] {processor.py:161} INFO - Started process (PID=819) to work on /home/airflow/.local/lib/python3.8/site-packages/airflow/example_dags/example_branch_python_dop_operator_3.py
[2026-02-10T20:29:59.883+0000] {processor.py:830} INFO - Processing file /home/airflow/.local/lib/python3.8/site-packages/airflow/example_dags/example_branch_python_dop_operator_3.py for tasks to queue
[2026-02-10T20:29:59.884+0000] {logging_mixin.py:188} INFO - [2026-02-10T20:29:59.884+0000] {dagbag.py:538} INFO - Filling up the DagBag from /home/airflow/.local/lib/python3.8/site-packages/airflow/example_dags/example_branch_python_dop_operator_3.py
[2026-02-10T20:29:59.889+0000] {processor.py:840} INFO - DAG(s) 'example_branch_dop_operator_v3' retrieved from /home/airflow/.local/lib/python3.8/site-packages/airflow/example_dags/example_branch_python_dop_operator_3.py
[2026-02-10T20:29:59.903+0000] {logging_mixin.py:188} INFO - [2026-02-10T20:29:59.903+0000] {dag.py:3036} INFO - Sync 1 DAGs
[2026-02-10T20:29:59.915+0000] {logging_mixin.py:188} INFO - [2026-02-10T20:29:59.915+0000] {dag.py:3823} INFO - Setting next_dagrun for example_branch_dop_operator_v3 to 2026-02-10 20:28:00+00:00, run_after=2026-02-10 20:29:00+00:00
[2026-02-10T20:29:59.925+0000] {processor.py:183} INFO - Processing /home/airflow/.local/lib/python3.8/site-packages/airflow/example_dags/example_branch_python_dop_operator_3.py took 0.045 seconds
[2026-02-10T20:30:30.383+0000] {processor.py:161} INFO - Started process (PID=874) to work on /home/airflow/.local/lib/python3.8/site-packages/airflow/example_dags/example_branch_python_dop_operator_3.py
[2026-02-10T20:30:30.383+0000] {processor.py:830} INFO - Processing file /home/airflow/.local/lib/python3.8/site-packages/airflow/example_dags/example_branch_python_dop_operator_3.py for tasks to queue
[2026-02-10T20:30:30.384+0000] {logging_mixin.py:188} INFO - [2026-02-10T20:30:30.384+0000] {dagbag.py:538} INFO - Filling up the DagBag from /home/airflow/.local/lib/python3.8/site-packages/airflow/example_dags/example_branch_python_dop_operator_3.py
[2026-02-10T20:30:30.388+0000] {processor.py:840} INFO - DAG(s) 'example_branch_dop_operator_v3' retrieved from /home/airflow/.local/lib/python3.8/site-packages/airflow/example_dags/example_branch_python_dop_operator_3.py
[2026-02-10T20:30:30.398+0000] {logging_mixin.py:188} INFO - [2026-02-10T20:30:30.397+0000] {dag.py:3036} INFO - Sync 1 DAGs
[2026-02-10T20:30:30.409+0000] {logging_mixin.py:188} INFO - [2026-02-10T20:30:30.409+0000] {dag.py:3823} INFO - Setting next_dagrun for example_branch_dop_operator_v3 to 2026-02-10 20:29:00+00:00, run_after=2026-02-10 20:30:00+00:00
[2026-02-10T20:30:30.417+0000] {processor.py:183} INFO - Processing /home/airflow/.local/lib/python3.8/site-packages/airflow/example_dags/example_branch_python_dop_operator_3.py took 0.036 seconds
[2026-02-10T20:31:00.760+0000] {processor.py:161} INFO - Started process (PID=929) to work on /home/airflow/.local/lib/python3.8/site-packages/airflow/example_dags/example_branch_python_dop_operator_3.py
[2026-02-10T20:31:00.761+0000] {processor.py:830} INFO - Processing file /home/airflow/.local/lib/python3.8/site-packages/airflow/example_dags/example_branch_python_dop_operator_3.py for tasks to queue
[2026-02-10T20:31:00.762+0000] {logging_mixin.py:188} INFO - [2026-02-10T20:31:00.762+0000] {dagbag.py:538} INFO - Filling up the DagBag from /home/airflow/.local/lib/python3.8/site-packages/airflow/example_dags/example_branch_python_dop_operator_3.py
[2026-02-10T20:31:00.766+0000] {processor.py:840} INFO - DAG(s) 'example_branch_dop_operator_v3' retrieved from /home/airflow/.local/lib/python3.8/site-packages/airflow/example_dags/example_branch_python_dop_operator_3.py
[2026-02-10T20:31:00.775+0000] {logging_mixin.py:188} INFO - [2026-02-10T20:31:00.775+0000] {dag.py:3036} INFO - Sync 1 DAGs
[2026-02-10T20:31:00.784+0000] {logging_mixin.py:188} INFO - [2026-02-10T20:31:00.784+0000] {dag.py:3823} INFO - Setting next_dagrun for example_branch_dop_operator_v3 to 2026-02-10 20:30:00+00:00, run_after=2026-02-10 20:31:00+00:00
[2026-02-10T20:31:00.794+0000] {processor.py:183} INFO - Processing /home/airflow/.local/lib/python3.8/site-packages/airflow/example_dags/example_branch_python_dop_operator_3.py took 0.036 seconds
[2026-02-10T20:31:31.231+0000] {processor.py:161} INFO - Started process (PID=984) to work on /home/airflow/.local/lib/python3.8/site-packages/airflow/example_dags/example_branch_python_dop_operator_3.py
[2026-02-10T20:31:31.231+0000] {processor.py:830} INFO - Processing file /home/airflow/.local/lib/python3.8/site-packages/airflow/example_dags/example_branch_python_dop_operator_3.py for tasks to queue
[2026-02-10T20:31:31.232+0000] {logging_mixin.py:188} INFO - [2026-02-10T20:31:31.232+0000] {dagbag.py:538} INFO - Filling up the DagBag from /home/airflow/.local/lib/python3.8/site-packages/airflow/example_dags/example_branch_python_dop_operator_3.py
[2026-02-10T20:31:31.236+0000] {processor.py:840} INFO - DAG(s) 'example_branch_dop_operator_v3' retrieved from /home/airflow/.local/lib/python3.8/site-packages/airflow/example_dags/example_branch_python_dop_operator_3.py
[2026-02-10T20:31:31.244+0000] {logging_mixin.py:188} INFO - [2026-02-10T20:31:31.244+0000] {dag.py:3036} INFO - Sync 1 DAGs
[2026-02-10T20:31:31.253+0000] {logging_mixin.py:188} INFO - [2026-02-10T20:31:31.253+0000] {dag.py:3823} INFO - Setting next_dagrun for example_branch_dop_operator_v3 to 2026-02-10 20:30:00+00:00, run_after=2026-02-10 20:31:00+00:00
[2026-02-10T20:31:31.263+0000] {processor.py:183} INFO - Processing /home/airflow/.local/lib/python3.8/site-packages/airflow/example_dags/example_branch_python_dop_operator_3.py took 0.034 seconds
[2026-02-10T20:32:01.623+0000] {processor.py:161} INFO - Started process (PID=1039) to work on /home/airflow/.local/lib/python3.8/site-packages/airflow/example_dags/example_branch_python_dop_operator_3.py
[2026-02-10T20:32:01.624+0000] {processor.py:830} INFO - Processing file /home/airflow/.local/lib/python3.8/site-packages/airflow/example_dags/example_branch_python_dop_operator_3.py for tasks to queue
[2026-02-10T20:32:01.624+0000] {logging_mixin.py:188} INFO - [2026-02-10T20:32:01.624+0000] {dagbag.py:538} INFO - Filling up the DagBag from /home/airflow/.local/lib/python3.8/site-packages/airflow/example_dags/example_branch_python_dop_operator_3.py
[2026-02-10T20:32:01.628+0000] {processor.py:840} INFO - DAG(s) 'example_branch_dop_operator_v3' retrieved from /home/airflow/.local/lib/python3.8/site-packages/airflow/example_dags/example_branch_python_dop_operator_3.py
[2026-02-10T20:32:01.642+0000] {logging_mixin.py:188} INFO - [2026-02-10T20:32:01.642+0000] {dag.py:3036} INFO - Sync 1 DAGs
[2026-02-10T20:32:01.652+0000] {logging_mixin.py:188} INFO - [2026-02-10T20:32:01.652+0000] {dag.py:3823} INFO - Setting next_dagrun for example_branch_dop_operator_v3 to 2026-02-10 20:31:00+00:00, run_after=2026-02-10 20:32:00+00:00
[2026-02-10T20:32:01.660+0000] {processor.py:183} INFO - Processing /home/airflow/.local/lib/python3.8/site-packages/airflow/example_dags/example_branch_python_dop_operator_3.py took 0.038 seconds
[2026-02-10T20:32:32.000+0000] {processor.py:161} INFO - Started process (PID=1094) to work on /home/airflow/.local/lib/python3.8/site-packages/airflow/example_dags/example_branch_python_dop_operator_3.py
[2026-02-10T20:32:32.001+0000] {processor.py:830} INFO - Processing file /home/airflow/.local/lib/python3.8/site-packages/airflow/example_dags/example_branch_python_dop_operator_3.py for tasks to queue
[2026-02-10T20:32:32.002+0000] {logging_mixin.py:188} INFO - [2026-02-10T20:32:32.001+0000] {dagbag.py:538} INFO - Filling up the DagBag from /home/airflow/.local/lib/python3.8/site-packages/airflow/example_dags/example_branch_python_dop_operator_3.py
[2026-02-10T20:32:32.005+0000] {processor.py:840} INFO - DAG(s) 'example_branch_dop_operator_v3' retrieved from /home/airflow/.local/lib/python3.8/site-packages/airflow/example_dags/example_branch_python_dop_operator_3.py
[2026-02-10T20:32:32.015+0000] {logging_mixin.py:188} INFO - [2026-02-10T20:32:32.014+0000] {dag.py:3036} INFO - Sync 1 DAGs
[2026-02-10T20:32:32.026+0000] {logging_mixin.py:188} INFO - [2026-02-10T20:32:32.025+0000] {dag.py:3823} INFO - Setting next_dagrun for example_branch_dop_operator_v3 to 2026-02-10 20:31:00+00:00, run_after=2026-02-10 20:32:00+00:00
[2026-02-10T20:32:32.035+0000] {processor.py:183} INFO - Processing /home/airflow/.local/lib/python3.8/site-packages/airflow/example_dags/example_branch_python_dop_operator_3.py took 0.037 seconds
[2026-02-10T20:33:02.439+0000] {processor.py:161} INFO - Started process (PID=1150) to work on /home/airflow/.local/lib/python3.8/site-packages/airflow/example_dags/example_branch_python_dop_operator_3.py
[2026-02-10T20:33:02.440+0000] {processor.py:830} INFO - Processing file /home/airflow/.local/lib/python3.8/site-packages/airflow/example_dags/example_branch_python_dop_operator_3.py for tasks to queue
[2026-02-10T20:33:02.441+0000] {logging_mixin.py:188} INFO - [2026-02-10T20:33:02.441+0000] {dagbag.py:538} INFO - Filling up the DagBag from /home/airflow/.local/lib/python3.8/site-packages/airflow/example_dags/example_branch_python_dop_operator_3.py
[2026-02-10T20:33:02.446+0000] {processor.py:840} INFO - DAG(s) 'example_branch_dop_operator_v3' retrieved from /home/airflow/.local/lib/python3.8/site-packages/airflow/example_dags/example_branch_python_dop_operator_3.py
[2026-02-10T20:33:02.456+0000] {logging_mixin.py:188} INFO - [2026-02-10T20:33:02.456+0000] {dag.py:3036} INFO - Sync 1 DAGs
[2026-02-10T20:33:02.468+0000] {logging_mixin.py:188} INFO - [2026-02-10T20:33:02.468+0000] {dag.py:3823} INFO - Setting next_dagrun for example_branch_dop_operator_v3 to 2026-02-10 20:32:00+00:00, run_after=2026-02-10 20:33:00+00:00
[2026-02-10T20:33:02.478+0000] {processor.py:183} INFO - Processing /home/airflow/.local/lib/python3.8/site-packages/airflow/example_dags/example_branch_python_dop_operator_3.py took 0.041 seconds
[2026-02-10T20:33:32.883+0000] {processor.py:161} INFO - Started process (PID=1206) to work on /home/airflow/.local/lib/python3.8/site-packages/airflow/example_dags/example_branch_python_dop_operator_3.py
[2026-02-10T20:33:32.883+0000] {processor.py:830} INFO - Processing file /home/airflow/.local/lib/python3.8/site-packages/airflow/example_dags/example_branch_python_dop_operator_3.py for tasks to queue
[2026-02-10T20:33:32.884+0000] {logging_mixin.py:188} INFO - [2026-02-10T20:33:32.884+0000] {dagbag.py:538} INFO - Filling up the DagBag from /home/airflow/.local/lib/python3.8/site-packages/airflow/example_dags/example_branch_python_dop_operator_3.py
[2026-02-10T20:33:32.888+0000] {processor.py:840} INFO - DAG(s) 'example_branch_dop_operator_v3' retrieved from /home/airflow/.local/lib/python3.8/site-packages/airflow/example_dags/example_branch_python_dop_operator_3.py
[2026-02-10T20:33:32.899+0000] {logging_mixin.py:188} INFO - [2026-02-10T20:33:32.899+0000] {dag.py:3036} INFO - Sync 1 DAGs
[2026-02-10T20:33:32.908+0000] {logging_mixin.py:188} INFO - [2026-02-10T20:33:32.908+0000] {dag.py:3823} INFO - Setting next_dagrun for example_branch_dop_operator_v3 to 2026-02-10 20:32:00+00:00, run_after=2026-02-10 20:33:00+00:00
[2026-02-10T20:33:32.917+0000] {processor.py:183} INFO - Processing /home/airflow/.local/lib/python3.8/site-packages/airflow/example_dags/example_branch_python_dop_operator_3.py took 0.037 seconds
[2026-02-10T20:34:03.273+0000] {processor.py:161} INFO - Started process (PID=1262) to work on /home/airflow/.local/lib/python3.8/site-packages/airflow/example_dags/example_branch_python_dop_operator_3.py
[2026-02-10T20:34:03.274+0000] {processor.py:830} INFO - Processing file /home/airflow/.local/lib/python3.8/site-packages/airflow/example_dags/example_branch_python_dop_operator_3.py for tasks to queue
[2026-02-10T20:34:03.275+0000] {logging_mixin.py:188} INFO - [2026-02-10T20:34:03.275+0000] {dagbag.py:538} INFO - Filling up the DagBag from /home/airflow/.local/lib/python3.8/site-packages/airflow/example_dags/example_branch_python_dop_operator_3.py
[2026-02-10T20:34:03.282+0000] {processor.py:840} INFO - DAG(s) 'example_branch_dop_operator_v3' retrieved from /home/airflow/.local/lib/python3.8/site-packages/airflow/example_dags/example_branch_python_dop_operator_3.py
[2026-02-10T20:34:03.292+0000] {logging_mixin.py:188} INFO - [2026-02-10T20:34:03.292+0000] {dag.py:3036} INFO - Sync 1 DAGs
[2026-02-10T20:34:03.302+0000] {logging_mixin.py:188} INFO - [2026-02-10T20:34:03.302+0000] {dag.py:3823} INFO - Setting next_dagrun for example_branch_dop_operator_v3 to 2026-02-10 20:33:00+00:00, run_after=2026-02-10 20:34:00+00:00
[2026-02-10T20:34:03.312+0000] {processor.py:183} INFO - Processing /home/airflow/.local/lib/python3.8/site-packages/airflow/example_dags/example_branch_python_dop_operator_3.py took 0.041 seconds
