[2026-02-10T20:22:53.508+0000] {processor.py:161} INFO - Started process (PID=42) to work on /home/airflow/.local/lib/python3.8/site-packages/airflow/example_dags/example_trigger_target_dag.py
[2026-02-10T20:22:53.509+0000] {processor.py:830} INFO - Processing file /home/airflow/.local/lib/python3.8/site-packages/airflow/example_dags/example_trigger_target_dag.py for tasks to queue
[2026-02-10T20:22:53.511+0000] {logging_mixin.py:188} INFO - [2026-02-10T20:22:53.510+0000] {dagbag.py:538} INFO - Filling up the DagBag from /home/airflow/.local/lib/python3.8/site-packages/airflow/example_dags/example_trigger_target_dag.py
[2026-02-10T20:22:53.526+0000] {processor.py:840} INFO - DAG(s) 'example_trigger_target_dag' retrieved from /home/airflow/.local/lib/python3.8/site-packages/airflow/example_dags/example_trigger_target_dag.py
[2026-02-10T20:22:53.551+0000] {logging_mixin.py:188} INFO - [2026-02-10T20:22:53.551+0000] {dag.py:3036} INFO - Sync 1 DAGs
[2026-02-10T20:22:53.564+0000] {logging_mixin.py:188} INFO - [2026-02-10T20:22:53.564+0000] {dag.py:3823} INFO - Setting next_dagrun for example_trigger_target_dag to None, run_after=None
[2026-02-10T20:22:53.589+0000] {processor.py:183} INFO - Processing /home/airflow/.local/lib/python3.8/site-packages/airflow/example_dags/example_trigger_target_dag.py took 0.085 seconds
[2026-02-10T20:23:23.686+0000] {processor.py:161} INFO - Started process (PID=97) to work on /home/airflow/.local/lib/python3.8/site-packages/airflow/example_dags/example_trigger_target_dag.py
[2026-02-10T20:23:23.688+0000] {processor.py:830} INFO - Processing file /home/airflow/.local/lib/python3.8/site-packages/airflow/example_dags/example_trigger_target_dag.py for tasks to queue
[2026-02-10T20:23:23.691+0000] {logging_mixin.py:188} INFO - [2026-02-10T20:23:23.691+0000] {dagbag.py:538} INFO - Filling up the DagBag from /home/airflow/.local/lib/python3.8/site-packages/airflow/example_dags/example_trigger_target_dag.py
[2026-02-10T20:23:23.705+0000] {processor.py:840} INFO - DAG(s) 'example_trigger_target_dag' retrieved from /home/airflow/.local/lib/python3.8/site-packages/airflow/example_dags/example_trigger_target_dag.py
[2026-02-10T20:23:23.811+0000] {logging_mixin.py:188} INFO - [2026-02-10T20:23:23.811+0000] {dag.py:3036} INFO - Sync 1 DAGs
[2026-02-10T20:23:23.814+0000] {logging_mixin.py:188} INFO - [2026-02-10T20:23:23.814+0000] {dag.py:3823} INFO - Setting next_dagrun for example_trigger_target_dag to None, run_after=None
[2026-02-10T20:23:23.825+0000] {processor.py:183} INFO - Processing /home/airflow/.local/lib/python3.8/site-packages/airflow/example_dags/example_trigger_target_dag.py took 0.142 seconds
[2026-02-10T20:23:53.902+0000] {processor.py:161} INFO - Started process (PID=152) to work on /home/airflow/.local/lib/python3.8/site-packages/airflow/example_dags/example_trigger_target_dag.py
[2026-02-10T20:23:53.903+0000] {processor.py:830} INFO - Processing file /home/airflow/.local/lib/python3.8/site-packages/airflow/example_dags/example_trigger_target_dag.py for tasks to queue
[2026-02-10T20:23:53.905+0000] {logging_mixin.py:188} INFO - [2026-02-10T20:23:53.905+0000] {dagbag.py:538} INFO - Filling up the DagBag from /home/airflow/.local/lib/python3.8/site-packages/airflow/example_dags/example_trigger_target_dag.py
[2026-02-10T20:23:53.912+0000] {processor.py:840} INFO - DAG(s) 'example_trigger_target_dag' retrieved from /home/airflow/.local/lib/python3.8/site-packages/airflow/example_dags/example_trigger_target_dag.py
[2026-02-10T20:23:53.929+0000] {logging_mixin.py:188} INFO - [2026-02-10T20:23:53.929+0000] {dag.py:3036} INFO - Sync 1 DAGs
[2026-02-10T20:23:53.938+0000] {logging_mixin.py:188} INFO - [2026-02-10T20:23:53.938+0000] {dag.py:3823} INFO - Setting next_dagrun for example_trigger_target_dag to None, run_after=None
[2026-02-10T20:23:53.953+0000] {processor.py:183} INFO - Processing /home/airflow/.local/lib/python3.8/site-packages/airflow/example_dags/example_trigger_target_dag.py took 0.055 seconds
[2026-02-10T20:24:24.337+0000] {processor.py:161} INFO - Started process (PID=207) to work on /home/airflow/.local/lib/python3.8/site-packages/airflow/example_dags/example_trigger_target_dag.py
[2026-02-10T20:24:24.339+0000] {processor.py:830} INFO - Processing file /home/airflow/.local/lib/python3.8/site-packages/airflow/example_dags/example_trigger_target_dag.py for tasks to queue
[2026-02-10T20:24:24.341+0000] {logging_mixin.py:188} INFO - [2026-02-10T20:24:24.341+0000] {dagbag.py:538} INFO - Filling up the DagBag from /home/airflow/.local/lib/python3.8/site-packages/airflow/example_dags/example_trigger_target_dag.py
[2026-02-10T20:24:24.348+0000] {processor.py:840} INFO - DAG(s) 'example_trigger_target_dag' retrieved from /home/airflow/.local/lib/python3.8/site-packages/airflow/example_dags/example_trigger_target_dag.py
[2026-02-10T20:24:24.370+0000] {logging_mixin.py:188} INFO - [2026-02-10T20:24:24.370+0000] {dag.py:3036} INFO - Sync 1 DAGs
[2026-02-10T20:24:24.378+0000] {logging_mixin.py:188} INFO - [2026-02-10T20:24:24.378+0000] {dag.py:3823} INFO - Setting next_dagrun for example_trigger_target_dag to None, run_after=None
[2026-02-10T20:24:24.390+0000] {processor.py:183} INFO - Processing /home/airflow/.local/lib/python3.8/site-packages/airflow/example_dags/example_trigger_target_dag.py took 0.058 seconds
[2026-02-10T20:24:54.843+0000] {processor.py:161} INFO - Started process (PID=262) to work on /home/airflow/.local/lib/python3.8/site-packages/airflow/example_dags/example_trigger_target_dag.py
[2026-02-10T20:24:54.845+0000] {processor.py:830} INFO - Processing file /home/airflow/.local/lib/python3.8/site-packages/airflow/example_dags/example_trigger_target_dag.py for tasks to queue
[2026-02-10T20:24:54.847+0000] {logging_mixin.py:188} INFO - [2026-02-10T20:24:54.847+0000] {dagbag.py:538} INFO - Filling up the DagBag from /home/airflow/.local/lib/python3.8/site-packages/airflow/example_dags/example_trigger_target_dag.py
[2026-02-10T20:24:54.857+0000] {processor.py:840} INFO - DAG(s) 'example_trigger_target_dag' retrieved from /home/airflow/.local/lib/python3.8/site-packages/airflow/example_dags/example_trigger_target_dag.py
[2026-02-10T20:24:54.875+0000] {logging_mixin.py:188} INFO - [2026-02-10T20:24:54.875+0000] {dag.py:3036} INFO - Sync 1 DAGs
[2026-02-10T20:24:54.883+0000] {logging_mixin.py:188} INFO - [2026-02-10T20:24:54.883+0000] {dag.py:3823} INFO - Setting next_dagrun for example_trigger_target_dag to None, run_after=None
[2026-02-10T20:24:54.896+0000] {processor.py:183} INFO - Processing /home/airflow/.local/lib/python3.8/site-packages/airflow/example_dags/example_trigger_target_dag.py took 0.060 seconds
[2026-02-10T20:25:25.375+0000] {processor.py:161} INFO - Started process (PID=317) to work on /home/airflow/.local/lib/python3.8/site-packages/airflow/example_dags/example_trigger_target_dag.py
[2026-02-10T20:25:25.377+0000] {processor.py:830} INFO - Processing file /home/airflow/.local/lib/python3.8/site-packages/airflow/example_dags/example_trigger_target_dag.py for tasks to queue
[2026-02-10T20:25:25.380+0000] {logging_mixin.py:188} INFO - [2026-02-10T20:25:25.380+0000] {dagbag.py:538} INFO - Filling up the DagBag from /home/airflow/.local/lib/python3.8/site-packages/airflow/example_dags/example_trigger_target_dag.py
[2026-02-10T20:25:25.389+0000] {processor.py:840} INFO - DAG(s) 'example_trigger_target_dag' retrieved from /home/airflow/.local/lib/python3.8/site-packages/airflow/example_dags/example_trigger_target_dag.py
[2026-02-10T20:25:25.409+0000] {logging_mixin.py:188} INFO - [2026-02-10T20:25:25.408+0000] {dag.py:3036} INFO - Sync 1 DAGs
[2026-02-10T20:25:25.417+0000] {logging_mixin.py:188} INFO - [2026-02-10T20:25:25.416+0000] {dag.py:3823} INFO - Setting next_dagrun for example_trigger_target_dag to None, run_after=None
[2026-02-10T20:25:25.430+0000] {processor.py:183} INFO - Processing /home/airflow/.local/lib/python3.8/site-packages/airflow/example_dags/example_trigger_target_dag.py took 0.060 seconds
[2026-02-10T20:25:55.933+0000] {processor.py:161} INFO - Started process (PID=372) to work on /home/airflow/.local/lib/python3.8/site-packages/airflow/example_dags/example_trigger_target_dag.py
[2026-02-10T20:25:55.934+0000] {processor.py:830} INFO - Processing file /home/airflow/.local/lib/python3.8/site-packages/airflow/example_dags/example_trigger_target_dag.py for tasks to queue
[2026-02-10T20:25:55.938+0000] {logging_mixin.py:188} INFO - [2026-02-10T20:25:55.938+0000] {dagbag.py:538} INFO - Filling up the DagBag from /home/airflow/.local/lib/python3.8/site-packages/airflow/example_dags/example_trigger_target_dag.py
[2026-02-10T20:25:55.950+0000] {processor.py:840} INFO - DAG(s) 'example_trigger_target_dag' retrieved from /home/airflow/.local/lib/python3.8/site-packages/airflow/example_dags/example_trigger_target_dag.py
[2026-02-10T20:25:55.970+0000] {logging_mixin.py:188} INFO - [2026-02-10T20:25:55.970+0000] {dag.py:3036} INFO - Sync 1 DAGs
[2026-02-10T20:25:55.979+0000] {logging_mixin.py:188} INFO - [2026-02-10T20:25:55.979+0000] {dag.py:3823} INFO - Setting next_dagrun for example_trigger_target_dag to None, run_after=None
[2026-02-10T20:25:55.995+0000] {processor.py:183} INFO - Processing /home/airflow/.local/lib/python3.8/site-packages/airflow/example_dags/example_trigger_target_dag.py took 0.067 seconds
[2026-02-10T20:26:26.365+0000] {processor.py:161} INFO - Started process (PID=427) to work on /home/airflow/.local/lib/python3.8/site-packages/airflow/example_dags/example_trigger_target_dag.py
[2026-02-10T20:26:26.367+0000] {processor.py:830} INFO - Processing file /home/airflow/.local/lib/python3.8/site-packages/airflow/example_dags/example_trigger_target_dag.py for tasks to queue
[2026-02-10T20:26:26.369+0000] {logging_mixin.py:188} INFO - [2026-02-10T20:26:26.369+0000] {dagbag.py:538} INFO - Filling up the DagBag from /home/airflow/.local/lib/python3.8/site-packages/airflow/example_dags/example_trigger_target_dag.py
[2026-02-10T20:26:26.376+0000] {processor.py:840} INFO - DAG(s) 'example_trigger_target_dag' retrieved from /home/airflow/.local/lib/python3.8/site-packages/airflow/example_dags/example_trigger_target_dag.py
[2026-02-10T20:26:26.397+0000] {logging_mixin.py:188} INFO - [2026-02-10T20:26:26.397+0000] {dag.py:3036} INFO - Sync 1 DAGs
[2026-02-10T20:26:26.406+0000] {logging_mixin.py:188} INFO - [2026-02-10T20:26:26.405+0000] {dag.py:3823} INFO - Setting next_dagrun for example_trigger_target_dag to None, run_after=None
[2026-02-10T20:26:26.415+0000] {processor.py:183} INFO - Processing /home/airflow/.local/lib/python3.8/site-packages/airflow/example_dags/example_trigger_target_dag.py took 0.055 seconds
[2026-02-10T20:26:56.753+0000] {processor.py:161} INFO - Started process (PID=482) to work on /home/airflow/.local/lib/python3.8/site-packages/airflow/example_dags/example_trigger_target_dag.py
[2026-02-10T20:26:56.755+0000] {processor.py:830} INFO - Processing file /home/airflow/.local/lib/python3.8/site-packages/airflow/example_dags/example_trigger_target_dag.py for tasks to queue
[2026-02-10T20:26:56.757+0000] {logging_mixin.py:188} INFO - [2026-02-10T20:26:56.757+0000] {dagbag.py:538} INFO - Filling up the DagBag from /home/airflow/.local/lib/python3.8/site-packages/airflow/example_dags/example_trigger_target_dag.py
[2026-02-10T20:26:56.764+0000] {processor.py:840} INFO - DAG(s) 'example_trigger_target_dag' retrieved from /home/airflow/.local/lib/python3.8/site-packages/airflow/example_dags/example_trigger_target_dag.py
[2026-02-10T20:26:56.781+0000] {logging_mixin.py:188} INFO - [2026-02-10T20:26:56.781+0000] {dag.py:3036} INFO - Sync 1 DAGs
[2026-02-10T20:26:56.788+0000] {logging_mixin.py:188} INFO - [2026-02-10T20:26:56.788+0000] {dag.py:3823} INFO - Setting next_dagrun for example_trigger_target_dag to None, run_after=None
[2026-02-10T20:26:56.798+0000] {processor.py:183} INFO - Processing /home/airflow/.local/lib/python3.8/site-packages/airflow/example_dags/example_trigger_target_dag.py took 0.051 seconds
[2026-02-10T20:27:27.100+0000] {processor.py:161} INFO - Started process (PID=537) to work on /home/airflow/.local/lib/python3.8/site-packages/airflow/example_dags/example_trigger_target_dag.py
[2026-02-10T20:27:27.101+0000] {processor.py:830} INFO - Processing file /home/airflow/.local/lib/python3.8/site-packages/airflow/example_dags/example_trigger_target_dag.py for tasks to queue
[2026-02-10T20:27:27.104+0000] {logging_mixin.py:188} INFO - [2026-02-10T20:27:27.103+0000] {dagbag.py:538} INFO - Filling up the DagBag from /home/airflow/.local/lib/python3.8/site-packages/airflow/example_dags/example_trigger_target_dag.py
[2026-02-10T20:27:27.111+0000] {processor.py:840} INFO - DAG(s) 'example_trigger_target_dag' retrieved from /home/airflow/.local/lib/python3.8/site-packages/airflow/example_dags/example_trigger_target_dag.py
[2026-02-10T20:27:27.128+0000] {logging_mixin.py:188} INFO - [2026-02-10T20:27:27.128+0000] {dag.py:3036} INFO - Sync 1 DAGs
[2026-02-10T20:27:27.136+0000] {logging_mixin.py:188} INFO - [2026-02-10T20:27:27.136+0000] {dag.py:3823} INFO - Setting next_dagrun for example_trigger_target_dag to None, run_after=None
[2026-02-10T20:27:27.150+0000] {processor.py:183} INFO - Processing /home/airflow/.local/lib/python3.8/site-packages/airflow/example_dags/example_trigger_target_dag.py took 0.057 seconds
[2026-02-10T20:27:57.463+0000] {processor.py:161} INFO - Started process (PID=597) to work on /home/airflow/.local/lib/python3.8/site-packages/airflow/example_dags/example_trigger_target_dag.py
[2026-02-10T20:27:57.464+0000] {processor.py:830} INFO - Processing file /home/airflow/.local/lib/python3.8/site-packages/airflow/example_dags/example_trigger_target_dag.py for tasks to queue
[2026-02-10T20:27:57.468+0000] {logging_mixin.py:188} INFO - [2026-02-10T20:27:57.468+0000] {dagbag.py:538} INFO - Filling up the DagBag from /home/airflow/.local/lib/python3.8/site-packages/airflow/example_dags/example_trigger_target_dag.py
[2026-02-10T20:27:57.475+0000] {processor.py:840} INFO - DAG(s) 'example_trigger_target_dag' retrieved from /home/airflow/.local/lib/python3.8/site-packages/airflow/example_dags/example_trigger_target_dag.py
[2026-02-10T20:27:57.495+0000] {logging_mixin.py:188} INFO - [2026-02-10T20:27:57.495+0000] {dag.py:3036} INFO - Sync 1 DAGs
[2026-02-10T20:27:57.503+0000] {logging_mixin.py:188} INFO - [2026-02-10T20:27:57.503+0000] {dag.py:3823} INFO - Setting next_dagrun for example_trigger_target_dag to None, run_after=None
[2026-02-10T20:27:57.515+0000] {processor.py:183} INFO - Processing /home/airflow/.local/lib/python3.8/site-packages/airflow/example_dags/example_trigger_target_dag.py took 0.056 seconds
[2026-02-10T20:28:28.044+0000] {processor.py:161} INFO - Started process (PID=652) to work on /home/airflow/.local/lib/python3.8/site-packages/airflow/example_dags/example_trigger_target_dag.py
[2026-02-10T20:28:28.046+0000] {processor.py:830} INFO - Processing file /home/airflow/.local/lib/python3.8/site-packages/airflow/example_dags/example_trigger_target_dag.py for tasks to queue
[2026-02-10T20:28:28.050+0000] {logging_mixin.py:188} INFO - [2026-02-10T20:28:28.049+0000] {dagbag.py:538} INFO - Filling up the DagBag from /home/airflow/.local/lib/python3.8/site-packages/airflow/example_dags/example_trigger_target_dag.py
[2026-02-10T20:28:28.061+0000] {processor.py:840} INFO - DAG(s) 'example_trigger_target_dag' retrieved from /home/airflow/.local/lib/python3.8/site-packages/airflow/example_dags/example_trigger_target_dag.py
[2026-02-10T20:28:28.087+0000] {logging_mixin.py:188} INFO - [2026-02-10T20:28:28.087+0000] {dag.py:3036} INFO - Sync 1 DAGs
[2026-02-10T20:28:28.100+0000] {logging_mixin.py:188} INFO - [2026-02-10T20:28:28.100+0000] {dag.py:3823} INFO - Setting next_dagrun for example_trigger_target_dag to None, run_after=None
[2026-02-10T20:28:28.113+0000] {processor.py:183} INFO - Processing /home/airflow/.local/lib/python3.8/site-packages/airflow/example_dags/example_trigger_target_dag.py took 0.075 seconds
[2026-02-10T20:28:58.704+0000] {processor.py:161} INFO - Started process (PID=707) to work on /home/airflow/.local/lib/python3.8/site-packages/airflow/example_dags/example_trigger_target_dag.py
[2026-02-10T20:28:58.706+0000] {processor.py:830} INFO - Processing file /home/airflow/.local/lib/python3.8/site-packages/airflow/example_dags/example_trigger_target_dag.py for tasks to queue
[2026-02-10T20:28:58.711+0000] {logging_mixin.py:188} INFO - [2026-02-10T20:28:58.710+0000] {dagbag.py:538} INFO - Filling up the DagBag from /home/airflow/.local/lib/python3.8/site-packages/airflow/example_dags/example_trigger_target_dag.py
[2026-02-10T20:28:58.720+0000] {processor.py:840} INFO - DAG(s) 'example_trigger_target_dag' retrieved from /home/airflow/.local/lib/python3.8/site-packages/airflow/example_dags/example_trigger_target_dag.py
[2026-02-10T20:28:58.740+0000] {logging_mixin.py:188} INFO - [2026-02-10T20:28:58.739+0000] {dag.py:3036} INFO - Sync 1 DAGs
[2026-02-10T20:28:58.747+0000] {logging_mixin.py:188} INFO - [2026-02-10T20:28:58.747+0000] {dag.py:3823} INFO - Setting next_dagrun for example_trigger_target_dag to None, run_after=None
[2026-02-10T20:28:58.761+0000] {processor.py:183} INFO - Processing /home/airflow/.local/lib/python3.8/site-packages/airflow/example_dags/example_trigger_target_dag.py took 0.063 seconds
[2026-02-10T20:29:29.358+0000] {processor.py:161} INFO - Started process (PID=762) to work on /home/airflow/.local/lib/python3.8/site-packages/airflow/example_dags/example_trigger_target_dag.py
[2026-02-10T20:29:29.360+0000] {processor.py:830} INFO - Processing file /home/airflow/.local/lib/python3.8/site-packages/airflow/example_dags/example_trigger_target_dag.py for tasks to queue
[2026-02-10T20:29:29.363+0000] {logging_mixin.py:188} INFO - [2026-02-10T20:29:29.363+0000] {dagbag.py:538} INFO - Filling up the DagBag from /home/airflow/.local/lib/python3.8/site-packages/airflow/example_dags/example_trigger_target_dag.py
[2026-02-10T20:29:29.374+0000] {processor.py:840} INFO - DAG(s) 'example_trigger_target_dag' retrieved from /home/airflow/.local/lib/python3.8/site-packages/airflow/example_dags/example_trigger_target_dag.py
[2026-02-10T20:29:29.397+0000] {logging_mixin.py:188} INFO - [2026-02-10T20:29:29.397+0000] {dag.py:3036} INFO - Sync 1 DAGs
[2026-02-10T20:29:29.404+0000] {logging_mixin.py:188} INFO - [2026-02-10T20:29:29.404+0000] {dag.py:3823} INFO - Setting next_dagrun for example_trigger_target_dag to None, run_after=None
[2026-02-10T20:29:29.418+0000] {processor.py:183} INFO - Processing /home/airflow/.local/lib/python3.8/site-packages/airflow/example_dags/example_trigger_target_dag.py took 0.067 seconds
[2026-02-10T20:29:59.811+0000] {processor.py:161} INFO - Started process (PID=817) to work on /home/airflow/.local/lib/python3.8/site-packages/airflow/example_dags/example_trigger_target_dag.py
[2026-02-10T20:29:59.813+0000] {processor.py:830} INFO - Processing file /home/airflow/.local/lib/python3.8/site-packages/airflow/example_dags/example_trigger_target_dag.py for tasks to queue
[2026-02-10T20:29:59.817+0000] {logging_mixin.py:188} INFO - [2026-02-10T20:29:59.816+0000] {dagbag.py:538} INFO - Filling up the DagBag from /home/airflow/.local/lib/python3.8/site-packages/airflow/example_dags/example_trigger_target_dag.py
[2026-02-10T20:29:59.827+0000] {processor.py:840} INFO - DAG(s) 'example_trigger_target_dag' retrieved from /home/airflow/.local/lib/python3.8/site-packages/airflow/example_dags/example_trigger_target_dag.py
[2026-02-10T20:29:59.847+0000] {logging_mixin.py:188} INFO - [2026-02-10T20:29:59.847+0000] {dag.py:3036} INFO - Sync 1 DAGs
[2026-02-10T20:29:59.854+0000] {logging_mixin.py:188} INFO - [2026-02-10T20:29:59.854+0000] {dag.py:3823} INFO - Setting next_dagrun for example_trigger_target_dag to None, run_after=None
[2026-02-10T20:29:59.871+0000] {processor.py:183} INFO - Processing /home/airflow/.local/lib/python3.8/site-packages/airflow/example_dags/example_trigger_target_dag.py took 0.064 seconds
[2026-02-10T20:30:30.326+0000] {processor.py:161} INFO - Started process (PID=872) to work on /home/airflow/.local/lib/python3.8/site-packages/airflow/example_dags/example_trigger_target_dag.py
[2026-02-10T20:30:30.327+0000] {processor.py:830} INFO - Processing file /home/airflow/.local/lib/python3.8/site-packages/airflow/example_dags/example_trigger_target_dag.py for tasks to queue
[2026-02-10T20:30:30.329+0000] {logging_mixin.py:188} INFO - [2026-02-10T20:30:30.329+0000] {dagbag.py:538} INFO - Filling up the DagBag from /home/airflow/.local/lib/python3.8/site-packages/airflow/example_dags/example_trigger_target_dag.py
[2026-02-10T20:30:30.335+0000] {processor.py:840} INFO - DAG(s) 'example_trigger_target_dag' retrieved from /home/airflow/.local/lib/python3.8/site-packages/airflow/example_dags/example_trigger_target_dag.py
[2026-02-10T20:30:30.354+0000] {logging_mixin.py:188} INFO - [2026-02-10T20:30:30.354+0000] {dag.py:3036} INFO - Sync 1 DAGs
[2026-02-10T20:30:30.362+0000] {logging_mixin.py:188} INFO - [2026-02-10T20:30:30.361+0000] {dag.py:3823} INFO - Setting next_dagrun for example_trigger_target_dag to None, run_after=None
[2026-02-10T20:30:30.372+0000] {processor.py:183} INFO - Processing /home/airflow/.local/lib/python3.8/site-packages/airflow/example_dags/example_trigger_target_dag.py took 0.052 seconds
[2026-02-10T20:31:00.714+0000] {processor.py:161} INFO - Started process (PID=927) to work on /home/airflow/.local/lib/python3.8/site-packages/airflow/example_dags/example_trigger_target_dag.py
[2026-02-10T20:31:00.715+0000] {processor.py:830} INFO - Processing file /home/airflow/.local/lib/python3.8/site-packages/airflow/example_dags/example_trigger_target_dag.py for tasks to queue
[2026-02-10T20:31:00.716+0000] {logging_mixin.py:188} INFO - [2026-02-10T20:31:00.716+0000] {dagbag.py:538} INFO - Filling up the DagBag from /home/airflow/.local/lib/python3.8/site-packages/airflow/example_dags/example_trigger_target_dag.py
[2026-02-10T20:31:00.720+0000] {processor.py:840} INFO - DAG(s) 'example_trigger_target_dag' retrieved from /home/airflow/.local/lib/python3.8/site-packages/airflow/example_dags/example_trigger_target_dag.py
[2026-02-10T20:31:00.733+0000] {logging_mixin.py:188} INFO - [2026-02-10T20:31:00.733+0000] {dag.py:3036} INFO - Sync 1 DAGs
[2026-02-10T20:31:00.739+0000] {logging_mixin.py:188} INFO - [2026-02-10T20:31:00.739+0000] {dag.py:3823} INFO - Setting next_dagrun for example_trigger_target_dag to None, run_after=None
[2026-02-10T20:31:00.749+0000] {processor.py:183} INFO - Processing /home/airflow/.local/lib/python3.8/site-packages/airflow/example_dags/example_trigger_target_dag.py took 0.039 seconds
[2026-02-10T20:31:31.177+0000] {processor.py:161} INFO - Started process (PID=982) to work on /home/airflow/.local/lib/python3.8/site-packages/airflow/example_dags/example_trigger_target_dag.py
[2026-02-10T20:31:31.178+0000] {processor.py:830} INFO - Processing file /home/airflow/.local/lib/python3.8/site-packages/airflow/example_dags/example_trigger_target_dag.py for tasks to queue
[2026-02-10T20:31:31.180+0000] {logging_mixin.py:188} INFO - [2026-02-10T20:31:31.180+0000] {dagbag.py:538} INFO - Filling up the DagBag from /home/airflow/.local/lib/python3.8/site-packages/airflow/example_dags/example_trigger_target_dag.py
[2026-02-10T20:31:31.184+0000] {processor.py:840} INFO - DAG(s) 'example_trigger_target_dag' retrieved from /home/airflow/.local/lib/python3.8/site-packages/airflow/example_dags/example_trigger_target_dag.py
[2026-02-10T20:31:31.203+0000] {logging_mixin.py:188} INFO - [2026-02-10T20:31:31.203+0000] {dag.py:3036} INFO - Sync 1 DAGs
[2026-02-10T20:31:31.210+0000] {logging_mixin.py:188} INFO - [2026-02-10T20:31:31.210+0000] {dag.py:3823} INFO - Setting next_dagrun for example_trigger_target_dag to None, run_after=None
[2026-02-10T20:31:31.221+0000] {processor.py:183} INFO - Processing /home/airflow/.local/lib/python3.8/site-packages/airflow/example_dags/example_trigger_target_dag.py took 0.048 seconds
[2026-02-10T20:32:01.567+0000] {processor.py:161} INFO - Started process (PID=1037) to work on /home/airflow/.local/lib/python3.8/site-packages/airflow/example_dags/example_trigger_target_dag.py
[2026-02-10T20:32:01.569+0000] {processor.py:830} INFO - Processing file /home/airflow/.local/lib/python3.8/site-packages/airflow/example_dags/example_trigger_target_dag.py for tasks to queue
[2026-02-10T20:32:01.572+0000] {logging_mixin.py:188} INFO - [2026-02-10T20:32:01.571+0000] {dagbag.py:538} INFO - Filling up the DagBag from /home/airflow/.local/lib/python3.8/site-packages/airflow/example_dags/example_trigger_target_dag.py
[2026-02-10T20:32:01.579+0000] {processor.py:840} INFO - DAG(s) 'example_trigger_target_dag' retrieved from /home/airflow/.local/lib/python3.8/site-packages/airflow/example_dags/example_trigger_target_dag.py
[2026-02-10T20:32:01.595+0000] {logging_mixin.py:188} INFO - [2026-02-10T20:32:01.595+0000] {dag.py:3036} INFO - Sync 1 DAGs
[2026-02-10T20:32:01.604+0000] {logging_mixin.py:188} INFO - [2026-02-10T20:32:01.603+0000] {dag.py:3823} INFO - Setting next_dagrun for example_trigger_target_dag to None, run_after=None
[2026-02-10T20:32:01.614+0000] {processor.py:183} INFO - Processing /home/airflow/.local/lib/python3.8/site-packages/airflow/example_dags/example_trigger_target_dag.py took 0.053 seconds
[2026-02-10T20:32:31.943+0000] {processor.py:161} INFO - Started process (PID=1092) to work on /home/airflow/.local/lib/python3.8/site-packages/airflow/example_dags/example_trigger_target_dag.py
[2026-02-10T20:32:31.945+0000] {processor.py:830} INFO - Processing file /home/airflow/.local/lib/python3.8/site-packages/airflow/example_dags/example_trigger_target_dag.py for tasks to queue
[2026-02-10T20:32:31.947+0000] {logging_mixin.py:188} INFO - [2026-02-10T20:32:31.946+0000] {dagbag.py:538} INFO - Filling up the DagBag from /home/airflow/.local/lib/python3.8/site-packages/airflow/example_dags/example_trigger_target_dag.py
[2026-02-10T20:32:31.953+0000] {processor.py:840} INFO - DAG(s) 'example_trigger_target_dag' retrieved from /home/airflow/.local/lib/python3.8/site-packages/airflow/example_dags/example_trigger_target_dag.py
[2026-02-10T20:32:31.971+0000] {logging_mixin.py:188} INFO - [2026-02-10T20:32:31.970+0000] {dag.py:3036} INFO - Sync 1 DAGs
[2026-02-10T20:32:31.978+0000] {logging_mixin.py:188} INFO - [2026-02-10T20:32:31.978+0000] {dag.py:3823} INFO - Setting next_dagrun for example_trigger_target_dag to None, run_after=None
[2026-02-10T20:32:31.989+0000] {processor.py:183} INFO - Processing /home/airflow/.local/lib/python3.8/site-packages/airflow/example_dags/example_trigger_target_dag.py took 0.051 seconds
[2026-02-10T20:33:02.384+0000] {processor.py:161} INFO - Started process (PID=1148) to work on /home/airflow/.local/lib/python3.8/site-packages/airflow/example_dags/example_trigger_target_dag.py
[2026-02-10T20:33:02.385+0000] {processor.py:830} INFO - Processing file /home/airflow/.local/lib/python3.8/site-packages/airflow/example_dags/example_trigger_target_dag.py for tasks to queue
[2026-02-10T20:33:02.388+0000] {logging_mixin.py:188} INFO - [2026-02-10T20:33:02.388+0000] {dagbag.py:538} INFO - Filling up the DagBag from /home/airflow/.local/lib/python3.8/site-packages/airflow/example_dags/example_trigger_target_dag.py
[2026-02-10T20:33:02.393+0000] {processor.py:840} INFO - DAG(s) 'example_trigger_target_dag' retrieved from /home/airflow/.local/lib/python3.8/site-packages/airflow/example_dags/example_trigger_target_dag.py
[2026-02-10T20:33:02.409+0000] {logging_mixin.py:188} INFO - [2026-02-10T20:33:02.409+0000] {dag.py:3036} INFO - Sync 1 DAGs
[2026-02-10T20:33:02.416+0000] {logging_mixin.py:188} INFO - [2026-02-10T20:33:02.416+0000] {dag.py:3823} INFO - Setting next_dagrun for example_trigger_target_dag to None, run_after=None
[2026-02-10T20:33:02.428+0000] {processor.py:183} INFO - Processing /home/airflow/.local/lib/python3.8/site-packages/airflow/example_dags/example_trigger_target_dag.py took 0.049 seconds
[2026-02-10T20:33:32.832+0000] {processor.py:161} INFO - Started process (PID=1204) to work on /home/airflow/.local/lib/python3.8/site-packages/airflow/example_dags/example_trigger_target_dag.py
[2026-02-10T20:33:32.834+0000] {processor.py:830} INFO - Processing file /home/airflow/.local/lib/python3.8/site-packages/airflow/example_dags/example_trigger_target_dag.py for tasks to queue
[2026-02-10T20:33:32.836+0000] {logging_mixin.py:188} INFO - [2026-02-10T20:33:32.836+0000] {dagbag.py:538} INFO - Filling up the DagBag from /home/airflow/.local/lib/python3.8/site-packages/airflow/example_dags/example_trigger_target_dag.py
[2026-02-10T20:33:32.844+0000] {processor.py:840} INFO - DAG(s) 'example_trigger_target_dag' retrieved from /home/airflow/.local/lib/python3.8/site-packages/airflow/example_dags/example_trigger_target_dag.py
[2026-02-10T20:33:32.858+0000] {logging_mixin.py:188} INFO - [2026-02-10T20:33:32.858+0000] {dag.py:3036} INFO - Sync 1 DAGs
[2026-02-10T20:33:32.864+0000] {logging_mixin.py:188} INFO - [2026-02-10T20:33:32.864+0000] {dag.py:3823} INFO - Setting next_dagrun for example_trigger_target_dag to None, run_after=None
[2026-02-10T20:33:32.874+0000] {processor.py:183} INFO - Processing /home/airflow/.local/lib/python3.8/site-packages/airflow/example_dags/example_trigger_target_dag.py took 0.048 seconds
[2026-02-10T20:34:03.222+0000] {processor.py:161} INFO - Started process (PID=1260) to work on /home/airflow/.local/lib/python3.8/site-packages/airflow/example_dags/example_trigger_target_dag.py
[2026-02-10T20:34:03.224+0000] {processor.py:830} INFO - Processing file /home/airflow/.local/lib/python3.8/site-packages/airflow/example_dags/example_trigger_target_dag.py for tasks to queue
[2026-02-10T20:34:03.225+0000] {logging_mixin.py:188} INFO - [2026-02-10T20:34:03.225+0000] {dagbag.py:538} INFO - Filling up the DagBag from /home/airflow/.local/lib/python3.8/site-packages/airflow/example_dags/example_trigger_target_dag.py
[2026-02-10T20:34:03.231+0000] {processor.py:840} INFO - DAG(s) 'example_trigger_target_dag' retrieved from /home/airflow/.local/lib/python3.8/site-packages/airflow/example_dags/example_trigger_target_dag.py
[2026-02-10T20:34:03.246+0000] {logging_mixin.py:188} INFO - [2026-02-10T20:34:03.246+0000] {dag.py:3036} INFO - Sync 1 DAGs
[2026-02-10T20:34:03.253+0000] {logging_mixin.py:188} INFO - [2026-02-10T20:34:03.253+0000] {dag.py:3823} INFO - Setting next_dagrun for example_trigger_target_dag to None, run_after=None
[2026-02-10T20:34:03.263+0000] {processor.py:183} INFO - Processing /home/airflow/.local/lib/python3.8/site-packages/airflow/example_dags/example_trigger_target_dag.py took 0.044 seconds
