[2026-02-10T20:22:55.356+0000] {processor.py:161} INFO - Started process (PID=84) to work on /home/airflow/.local/lib/python3.8/site-packages/airflow/example_dags/example_latest_only.py
[2026-02-10T20:22:55.357+0000] {processor.py:830} INFO - Processing file /home/airflow/.local/lib/python3.8/site-packages/airflow/example_dags/example_latest_only.py for tasks to queue
[2026-02-10T20:22:55.357+0000] {logging_mixin.py:188} INFO - [2026-02-10T20:22:55.357+0000] {dagbag.py:538} INFO - Filling up the DagBag from /home/airflow/.local/lib/python3.8/site-packages/airflow/example_dags/example_latest_only.py
[2026-02-10T20:22:55.360+0000] {processor.py:840} INFO - DAG(s) 'latest_only' retrieved from /home/airflow/.local/lib/python3.8/site-packages/airflow/example_dags/example_latest_only.py
[2026-02-10T20:22:55.372+0000] {logging_mixin.py:188} INFO - [2026-02-10T20:22:55.371+0000] {dag.py:3036} INFO - Sync 1 DAGs
[2026-02-10T20:22:55.381+0000] {logging_mixin.py:188} INFO - [2026-02-10T20:22:55.381+0000] {dag.py:3823} INFO - Setting next_dagrun for latest_only to 2026-02-10 16:00:00+00:00, run_after=2026-02-10 20:00:00+00:00
[2026-02-10T20:22:55.392+0000] {processor.py:183} INFO - Processing /home/airflow/.local/lib/python3.8/site-packages/airflow/example_dags/example_latest_only.py took 0.038 seconds
[2026-02-10T20:23:25.521+0000] {processor.py:161} INFO - Started process (PID=139) to work on /home/airflow/.local/lib/python3.8/site-packages/airflow/example_dags/example_latest_only.py
[2026-02-10T20:23:25.522+0000] {processor.py:830} INFO - Processing file /home/airflow/.local/lib/python3.8/site-packages/airflow/example_dags/example_latest_only.py for tasks to queue
[2026-02-10T20:23:25.522+0000] {logging_mixin.py:188} INFO - [2026-02-10T20:23:25.522+0000] {dagbag.py:538} INFO - Filling up the DagBag from /home/airflow/.local/lib/python3.8/site-packages/airflow/example_dags/example_latest_only.py
[2026-02-10T20:23:25.524+0000] {processor.py:840} INFO - DAG(s) 'latest_only' retrieved from /home/airflow/.local/lib/python3.8/site-packages/airflow/example_dags/example_latest_only.py
[2026-02-10T20:23:25.557+0000] {logging_mixin.py:188} INFO - [2026-02-10T20:23:25.557+0000] {dag.py:3036} INFO - Sync 1 DAGs
[2026-02-10T20:23:25.564+0000] {logging_mixin.py:188} INFO - [2026-02-10T20:23:25.564+0000] {dag.py:3823} INFO - Setting next_dagrun for latest_only to 2026-02-10 16:00:00+00:00, run_after=2026-02-10 20:00:00+00:00
[2026-02-10T20:23:25.570+0000] {processor.py:183} INFO - Processing /home/airflow/.local/lib/python3.8/site-packages/airflow/example_dags/example_latest_only.py took 0.050 seconds
[2026-02-10T20:23:55.955+0000] {processor.py:161} INFO - Started process (PID=194) to work on /home/airflow/.local/lib/python3.8/site-packages/airflow/example_dags/example_latest_only.py
[2026-02-10T20:23:55.955+0000] {processor.py:830} INFO - Processing file /home/airflow/.local/lib/python3.8/site-packages/airflow/example_dags/example_latest_only.py for tasks to queue
[2026-02-10T20:23:55.956+0000] {logging_mixin.py:188} INFO - [2026-02-10T20:23:55.956+0000] {dagbag.py:538} INFO - Filling up the DagBag from /home/airflow/.local/lib/python3.8/site-packages/airflow/example_dags/example_latest_only.py
[2026-02-10T20:23:55.958+0000] {processor.py:840} INFO - DAG(s) 'latest_only' retrieved from /home/airflow/.local/lib/python3.8/site-packages/airflow/example_dags/example_latest_only.py
[2026-02-10T20:23:55.966+0000] {logging_mixin.py:188} INFO - [2026-02-10T20:23:55.966+0000] {dag.py:3036} INFO - Sync 1 DAGs
[2026-02-10T20:23:55.973+0000] {logging_mixin.py:188} INFO - [2026-02-10T20:23:55.973+0000] {dag.py:3823} INFO - Setting next_dagrun for latest_only to 2026-02-10 16:00:00+00:00, run_after=2026-02-10 20:00:00+00:00
[2026-02-10T20:23:55.978+0000] {processor.py:183} INFO - Processing /home/airflow/.local/lib/python3.8/site-packages/airflow/example_dags/example_latest_only.py took 0.025 seconds
[2026-02-10T20:24:26.426+0000] {processor.py:161} INFO - Started process (PID=249) to work on /home/airflow/.local/lib/python3.8/site-packages/airflow/example_dags/example_latest_only.py
[2026-02-10T20:24:26.430+0000] {processor.py:830} INFO - Processing file /home/airflow/.local/lib/python3.8/site-packages/airflow/example_dags/example_latest_only.py for tasks to queue
[2026-02-10T20:24:26.430+0000] {logging_mixin.py:188} INFO - [2026-02-10T20:24:26.430+0000] {dagbag.py:538} INFO - Filling up the DagBag from /home/airflow/.local/lib/python3.8/site-packages/airflow/example_dags/example_latest_only.py
[2026-02-10T20:24:26.433+0000] {processor.py:840} INFO - DAG(s) 'latest_only' retrieved from /home/airflow/.local/lib/python3.8/site-packages/airflow/example_dags/example_latest_only.py
[2026-02-10T20:24:26.444+0000] {logging_mixin.py:188} INFO - [2026-02-10T20:24:26.444+0000] {dag.py:3036} INFO - Sync 1 DAGs
[2026-02-10T20:24:26.454+0000] {logging_mixin.py:188} INFO - [2026-02-10T20:24:26.454+0000] {dag.py:3823} INFO - Setting next_dagrun for latest_only to 2026-02-10 16:00:00+00:00, run_after=2026-02-10 20:00:00+00:00
[2026-02-10T20:24:26.462+0000] {processor.py:183} INFO - Processing /home/airflow/.local/lib/python3.8/site-packages/airflow/example_dags/example_latest_only.py took 0.037 seconds
[2026-02-10T20:24:56.968+0000] {processor.py:161} INFO - Started process (PID=310) to work on /home/airflow/.local/lib/python3.8/site-packages/airflow/example_dags/example_latest_only.py
[2026-02-10T20:24:56.970+0000] {processor.py:830} INFO - Processing file /home/airflow/.local/lib/python3.8/site-packages/airflow/example_dags/example_latest_only.py for tasks to queue
[2026-02-10T20:24:56.971+0000] {logging_mixin.py:188} INFO - [2026-02-10T20:24:56.970+0000] {dagbag.py:538} INFO - Filling up the DagBag from /home/airflow/.local/lib/python3.8/site-packages/airflow/example_dags/example_latest_only.py
[2026-02-10T20:24:56.973+0000] {processor.py:840} INFO - DAG(s) 'latest_only' retrieved from /home/airflow/.local/lib/python3.8/site-packages/airflow/example_dags/example_latest_only.py
[2026-02-10T20:24:56.983+0000] {logging_mixin.py:188} INFO - [2026-02-10T20:24:56.983+0000] {dag.py:3036} INFO - Sync 1 DAGs
[2026-02-10T20:24:56.992+0000] {logging_mixin.py:188} INFO - [2026-02-10T20:24:56.992+0000] {dag.py:3823} INFO - Setting next_dagrun for latest_only to 2026-02-10 16:00:00+00:00, run_after=2026-02-10 20:00:00+00:00
[2026-02-10T20:24:56.998+0000] {processor.py:183} INFO - Processing /home/airflow/.local/lib/python3.8/site-packages/airflow/example_dags/example_latest_only.py took 0.032 seconds
[2026-02-10T20:25:27.564+0000] {processor.py:161} INFO - Started process (PID=365) to work on /home/airflow/.local/lib/python3.8/site-packages/airflow/example_dags/example_latest_only.py
[2026-02-10T20:25:27.564+0000] {processor.py:830} INFO - Processing file /home/airflow/.local/lib/python3.8/site-packages/airflow/example_dags/example_latest_only.py for tasks to queue
[2026-02-10T20:25:27.566+0000] {logging_mixin.py:188} INFO - [2026-02-10T20:25:27.565+0000] {dagbag.py:538} INFO - Filling up the DagBag from /home/airflow/.local/lib/python3.8/site-packages/airflow/example_dags/example_latest_only.py
[2026-02-10T20:25:27.569+0000] {processor.py:840} INFO - DAG(s) 'latest_only' retrieved from /home/airflow/.local/lib/python3.8/site-packages/airflow/example_dags/example_latest_only.py
[2026-02-10T20:25:27.580+0000] {logging_mixin.py:188} INFO - [2026-02-10T20:25:27.580+0000] {dag.py:3036} INFO - Sync 1 DAGs
[2026-02-10T20:25:27.592+0000] {logging_mixin.py:188} INFO - [2026-02-10T20:25:27.592+0000] {dag.py:3823} INFO - Setting next_dagrun for latest_only to 2026-02-10 16:00:00+00:00, run_after=2026-02-10 20:00:00+00:00
[2026-02-10T20:25:27.601+0000] {processor.py:183} INFO - Processing /home/airflow/.local/lib/python3.8/site-packages/airflow/example_dags/example_latest_only.py took 0.038 seconds
[2026-02-10T20:25:57.959+0000] {processor.py:161} INFO - Started process (PID=420) to work on /home/airflow/.local/lib/python3.8/site-packages/airflow/example_dags/example_latest_only.py
[2026-02-10T20:25:57.959+0000] {processor.py:830} INFO - Processing file /home/airflow/.local/lib/python3.8/site-packages/airflow/example_dags/example_latest_only.py for tasks to queue
[2026-02-10T20:25:57.960+0000] {logging_mixin.py:188} INFO - [2026-02-10T20:25:57.960+0000] {dagbag.py:538} INFO - Filling up the DagBag from /home/airflow/.local/lib/python3.8/site-packages/airflow/example_dags/example_latest_only.py
[2026-02-10T20:25:57.962+0000] {processor.py:840} INFO - DAG(s) 'latest_only' retrieved from /home/airflow/.local/lib/python3.8/site-packages/airflow/example_dags/example_latest_only.py
[2026-02-10T20:25:57.971+0000] {logging_mixin.py:188} INFO - [2026-02-10T20:25:57.971+0000] {dag.py:3036} INFO - Sync 1 DAGs
[2026-02-10T20:25:57.982+0000] {logging_mixin.py:188} INFO - [2026-02-10T20:25:57.982+0000] {dag.py:3823} INFO - Setting next_dagrun for latest_only to 2026-02-10 16:00:00+00:00, run_after=2026-02-10 20:00:00+00:00
[2026-02-10T20:25:57.996+0000] {processor.py:183} INFO - Processing /home/airflow/.local/lib/python3.8/site-packages/airflow/example_dags/example_latest_only.py took 0.039 seconds
[2026-02-10T20:26:28.357+0000] {processor.py:161} INFO - Started process (PID=475) to work on /home/airflow/.local/lib/python3.8/site-packages/airflow/example_dags/example_latest_only.py
[2026-02-10T20:26:28.358+0000] {processor.py:830} INFO - Processing file /home/airflow/.local/lib/python3.8/site-packages/airflow/example_dags/example_latest_only.py for tasks to queue
[2026-02-10T20:26:28.359+0000] {logging_mixin.py:188} INFO - [2026-02-10T20:26:28.359+0000] {dagbag.py:538} INFO - Filling up the DagBag from /home/airflow/.local/lib/python3.8/site-packages/airflow/example_dags/example_latest_only.py
[2026-02-10T20:26:28.361+0000] {processor.py:840} INFO - DAG(s) 'latest_only' retrieved from /home/airflow/.local/lib/python3.8/site-packages/airflow/example_dags/example_latest_only.py
[2026-02-10T20:26:28.370+0000] {logging_mixin.py:188} INFO - [2026-02-10T20:26:28.370+0000] {dag.py:3036} INFO - Sync 1 DAGs
[2026-02-10T20:26:28.378+0000] {logging_mixin.py:188} INFO - [2026-02-10T20:26:28.378+0000] {dag.py:3823} INFO - Setting next_dagrun for latest_only to 2026-02-10 16:00:00+00:00, run_after=2026-02-10 20:00:00+00:00
[2026-02-10T20:26:28.384+0000] {processor.py:183} INFO - Processing /home/airflow/.local/lib/python3.8/site-packages/airflow/example_dags/example_latest_only.py took 0.029 seconds
[2026-02-10T20:26:58.715+0000] {processor.py:161} INFO - Started process (PID=530) to work on /home/airflow/.local/lib/python3.8/site-packages/airflow/example_dags/example_latest_only.py
[2026-02-10T20:26:58.715+0000] {processor.py:830} INFO - Processing file /home/airflow/.local/lib/python3.8/site-packages/airflow/example_dags/example_latest_only.py for tasks to queue
[2026-02-10T20:26:58.716+0000] {logging_mixin.py:188} INFO - [2026-02-10T20:26:58.716+0000] {dagbag.py:538} INFO - Filling up the DagBag from /home/airflow/.local/lib/python3.8/site-packages/airflow/example_dags/example_latest_only.py
[2026-02-10T20:26:58.719+0000] {processor.py:840} INFO - DAG(s) 'latest_only' retrieved from /home/airflow/.local/lib/python3.8/site-packages/airflow/example_dags/example_latest_only.py
[2026-02-10T20:26:58.729+0000] {logging_mixin.py:188} INFO - [2026-02-10T20:26:58.729+0000] {dag.py:3036} INFO - Sync 1 DAGs
[2026-02-10T20:26:58.736+0000] {logging_mixin.py:188} INFO - [2026-02-10T20:26:58.736+0000] {dag.py:3823} INFO - Setting next_dagrun for latest_only to 2026-02-10 16:00:00+00:00, run_after=2026-02-10 20:00:00+00:00
[2026-02-10T20:26:58.741+0000] {processor.py:183} INFO - Processing /home/airflow/.local/lib/python3.8/site-packages/airflow/example_dags/example_latest_only.py took 0.028 seconds
[2026-02-10T20:27:29.091+0000] {processor.py:161} INFO - Started process (PID=585) to work on /home/airflow/.local/lib/python3.8/site-packages/airflow/example_dags/example_latest_only.py
[2026-02-10T20:27:29.092+0000] {processor.py:830} INFO - Processing file /home/airflow/.local/lib/python3.8/site-packages/airflow/example_dags/example_latest_only.py for tasks to queue
[2026-02-10T20:27:29.092+0000] {logging_mixin.py:188} INFO - [2026-02-10T20:27:29.092+0000] {dagbag.py:538} INFO - Filling up the DagBag from /home/airflow/.local/lib/python3.8/site-packages/airflow/example_dags/example_latest_only.py
[2026-02-10T20:27:29.094+0000] {processor.py:840} INFO - DAG(s) 'latest_only' retrieved from /home/airflow/.local/lib/python3.8/site-packages/airflow/example_dags/example_latest_only.py
[2026-02-10T20:27:29.101+0000] {logging_mixin.py:188} INFO - [2026-02-10T20:27:29.101+0000] {dag.py:3036} INFO - Sync 1 DAGs
[2026-02-10T20:27:29.107+0000] {logging_mixin.py:188} INFO - [2026-02-10T20:27:29.107+0000] {dag.py:3823} INFO - Setting next_dagrun for latest_only to 2026-02-10 16:00:00+00:00, run_after=2026-02-10 20:00:00+00:00
[2026-02-10T20:27:29.112+0000] {processor.py:183} INFO - Processing /home/airflow/.local/lib/python3.8/site-packages/airflow/example_dags/example_latest_only.py took 0.023 seconds
[2026-02-10T20:27:59.554+0000] {processor.py:161} INFO - Started process (PID=639) to work on /home/airflow/.local/lib/python3.8/site-packages/airflow/example_dags/example_latest_only.py
[2026-02-10T20:27:59.556+0000] {processor.py:830} INFO - Processing file /home/airflow/.local/lib/python3.8/site-packages/airflow/example_dags/example_latest_only.py for tasks to queue
[2026-02-10T20:27:59.557+0000] {logging_mixin.py:188} INFO - [2026-02-10T20:27:59.557+0000] {dagbag.py:538} INFO - Filling up the DagBag from /home/airflow/.local/lib/python3.8/site-packages/airflow/example_dags/example_latest_only.py
[2026-02-10T20:27:59.560+0000] {processor.py:840} INFO - DAG(s) 'latest_only' retrieved from /home/airflow/.local/lib/python3.8/site-packages/airflow/example_dags/example_latest_only.py
[2026-02-10T20:27:59.568+0000] {logging_mixin.py:188} INFO - [2026-02-10T20:27:59.568+0000] {dag.py:3036} INFO - Sync 1 DAGs
[2026-02-10T20:27:59.576+0000] {logging_mixin.py:188} INFO - [2026-02-10T20:27:59.576+0000] {dag.py:3823} INFO - Setting next_dagrun for latest_only to 2026-02-10 16:00:00+00:00, run_after=2026-02-10 20:00:00+00:00
[2026-02-10T20:27:59.582+0000] {processor.py:183} INFO - Processing /home/airflow/.local/lib/python3.8/site-packages/airflow/example_dags/example_latest_only.py took 0.029 seconds
[2026-02-10T20:28:30.303+0000] {processor.py:161} INFO - Started process (PID=694) to work on /home/airflow/.local/lib/python3.8/site-packages/airflow/example_dags/example_latest_only.py
[2026-02-10T20:28:30.304+0000] {processor.py:830} INFO - Processing file /home/airflow/.local/lib/python3.8/site-packages/airflow/example_dags/example_latest_only.py for tasks to queue
[2026-02-10T20:28:30.305+0000] {logging_mixin.py:188} INFO - [2026-02-10T20:28:30.305+0000] {dagbag.py:538} INFO - Filling up the DagBag from /home/airflow/.local/lib/python3.8/site-packages/airflow/example_dags/example_latest_only.py
[2026-02-10T20:28:30.309+0000] {processor.py:840} INFO - DAG(s) 'latest_only' retrieved from /home/airflow/.local/lib/python3.8/site-packages/airflow/example_dags/example_latest_only.py
[2026-02-10T20:28:30.319+0000] {logging_mixin.py:188} INFO - [2026-02-10T20:28:30.319+0000] {dag.py:3036} INFO - Sync 1 DAGs
[2026-02-10T20:28:30.326+0000] {logging_mixin.py:188} INFO - [2026-02-10T20:28:30.326+0000] {dag.py:3823} INFO - Setting next_dagrun for latest_only to 2026-02-10 16:00:00+00:00, run_after=2026-02-10 20:00:00+00:00
[2026-02-10T20:28:30.332+0000] {processor.py:183} INFO - Processing /home/airflow/.local/lib/python3.8/site-packages/airflow/example_dags/example_latest_only.py took 0.031 seconds
[2026-02-10T20:29:00.941+0000] {processor.py:161} INFO - Started process (PID=749) to work on /home/airflow/.local/lib/python3.8/site-packages/airflow/example_dags/example_latest_only.py
[2026-02-10T20:29:00.942+0000] {processor.py:830} INFO - Processing file /home/airflow/.local/lib/python3.8/site-packages/airflow/example_dags/example_latest_only.py for tasks to queue
[2026-02-10T20:29:00.943+0000] {logging_mixin.py:188} INFO - [2026-02-10T20:29:00.942+0000] {dagbag.py:538} INFO - Filling up the DagBag from /home/airflow/.local/lib/python3.8/site-packages/airflow/example_dags/example_latest_only.py
[2026-02-10T20:29:00.945+0000] {processor.py:840} INFO - DAG(s) 'latest_only' retrieved from /home/airflow/.local/lib/python3.8/site-packages/airflow/example_dags/example_latest_only.py
[2026-02-10T20:29:00.959+0000] {logging_mixin.py:188} INFO - [2026-02-10T20:29:00.959+0000] {dag.py:3036} INFO - Sync 1 DAGs
[2026-02-10T20:29:00.971+0000] {logging_mixin.py:188} INFO - [2026-02-10T20:29:00.971+0000] {dag.py:3823} INFO - Setting next_dagrun for latest_only to 2026-02-10 16:00:00+00:00, run_after=2026-02-10 20:00:00+00:00
[2026-02-10T20:29:00.980+0000] {processor.py:183} INFO - Processing /home/airflow/.local/lib/python3.8/site-packages/airflow/example_dags/example_latest_only.py took 0.042 seconds
[2026-02-10T20:29:31.421+0000] {processor.py:161} INFO - Started process (PID=804) to work on /home/airflow/.local/lib/python3.8/site-packages/airflow/example_dags/example_latest_only.py
[2026-02-10T20:29:31.423+0000] {processor.py:830} INFO - Processing file /home/airflow/.local/lib/python3.8/site-packages/airflow/example_dags/example_latest_only.py for tasks to queue
[2026-02-10T20:29:31.423+0000] {logging_mixin.py:188} INFO - [2026-02-10T20:29:31.423+0000] {dagbag.py:538} INFO - Filling up the DagBag from /home/airflow/.local/lib/python3.8/site-packages/airflow/example_dags/example_latest_only.py
[2026-02-10T20:29:31.425+0000] {processor.py:840} INFO - DAG(s) 'latest_only' retrieved from /home/airflow/.local/lib/python3.8/site-packages/airflow/example_dags/example_latest_only.py
[2026-02-10T20:29:31.433+0000] {logging_mixin.py:188} INFO - [2026-02-10T20:29:31.433+0000] {dag.py:3036} INFO - Sync 1 DAGs
[2026-02-10T20:29:31.442+0000] {logging_mixin.py:188} INFO - [2026-02-10T20:29:31.442+0000] {dag.py:3823} INFO - Setting next_dagrun for latest_only to 2026-02-10 16:00:00+00:00, run_after=2026-02-10 20:00:00+00:00
[2026-02-10T20:29:31.452+0000] {processor.py:183} INFO - Processing /home/airflow/.local/lib/python3.8/site-packages/airflow/example_dags/example_latest_only.py took 0.032 seconds
[2026-02-10T20:30:01.963+0000] {processor.py:161} INFO - Started process (PID=859) to work on /home/airflow/.local/lib/python3.8/site-packages/airflow/example_dags/example_latest_only.py
[2026-02-10T20:30:01.963+0000] {processor.py:830} INFO - Processing file /home/airflow/.local/lib/python3.8/site-packages/airflow/example_dags/example_latest_only.py for tasks to queue
[2026-02-10T20:30:01.964+0000] {logging_mixin.py:188} INFO - [2026-02-10T20:30:01.964+0000] {dagbag.py:538} INFO - Filling up the DagBag from /home/airflow/.local/lib/python3.8/site-packages/airflow/example_dags/example_latest_only.py
[2026-02-10T20:30:01.966+0000] {processor.py:840} INFO - DAG(s) 'latest_only' retrieved from /home/airflow/.local/lib/python3.8/site-packages/airflow/example_dags/example_latest_only.py
[2026-02-10T20:30:01.977+0000] {logging_mixin.py:188} INFO - [2026-02-10T20:30:01.977+0000] {dag.py:3036} INFO - Sync 1 DAGs
[2026-02-10T20:30:01.985+0000] {logging_mixin.py:188} INFO - [2026-02-10T20:30:01.985+0000] {dag.py:3823} INFO - Setting next_dagrun for latest_only to 2026-02-10 16:00:00+00:00, run_after=2026-02-10 20:00:00+00:00
[2026-02-10T20:30:01.993+0000] {processor.py:183} INFO - Processing /home/airflow/.local/lib/python3.8/site-packages/airflow/example_dags/example_latest_only.py took 0.032 seconds
[2026-02-10T20:30:32.353+0000] {processor.py:161} INFO - Started process (PID=914) to work on /home/airflow/.local/lib/python3.8/site-packages/airflow/example_dags/example_latest_only.py
[2026-02-10T20:30:32.355+0000] {processor.py:830} INFO - Processing file /home/airflow/.local/lib/python3.8/site-packages/airflow/example_dags/example_latest_only.py for tasks to queue
[2026-02-10T20:30:32.356+0000] {logging_mixin.py:188} INFO - [2026-02-10T20:30:32.356+0000] {dagbag.py:538} INFO - Filling up the DagBag from /home/airflow/.local/lib/python3.8/site-packages/airflow/example_dags/example_latest_only.py
[2026-02-10T20:30:32.358+0000] {processor.py:840} INFO - DAG(s) 'latest_only' retrieved from /home/airflow/.local/lib/python3.8/site-packages/airflow/example_dags/example_latest_only.py
[2026-02-10T20:30:32.365+0000] {logging_mixin.py:188} INFO - [2026-02-10T20:30:32.365+0000] {dag.py:3036} INFO - Sync 1 DAGs
[2026-02-10T20:30:32.375+0000] {logging_mixin.py:188} INFO - [2026-02-10T20:30:32.375+0000] {dag.py:3823} INFO - Setting next_dagrun for latest_only to 2026-02-10 16:00:00+00:00, run_after=2026-02-10 20:00:00+00:00
[2026-02-10T20:30:32.388+0000] {processor.py:183} INFO - Processing /home/airflow/.local/lib/python3.8/site-packages/airflow/example_dags/example_latest_only.py took 0.037 seconds
[2026-02-10T20:31:02.795+0000] {processor.py:161} INFO - Started process (PID=969) to work on /home/airflow/.local/lib/python3.8/site-packages/airflow/example_dags/example_latest_only.py
[2026-02-10T20:31:02.796+0000] {processor.py:830} INFO - Processing file /home/airflow/.local/lib/python3.8/site-packages/airflow/example_dags/example_latest_only.py for tasks to queue
[2026-02-10T20:31:02.796+0000] {logging_mixin.py:188} INFO - [2026-02-10T20:31:02.796+0000] {dagbag.py:538} INFO - Filling up the DagBag from /home/airflow/.local/lib/python3.8/site-packages/airflow/example_dags/example_latest_only.py
[2026-02-10T20:31:02.798+0000] {processor.py:840} INFO - DAG(s) 'latest_only' retrieved from /home/airflow/.local/lib/python3.8/site-packages/airflow/example_dags/example_latest_only.py
[2026-02-10T20:31:02.805+0000] {logging_mixin.py:188} INFO - [2026-02-10T20:31:02.805+0000] {dag.py:3036} INFO - Sync 1 DAGs
[2026-02-10T20:31:02.812+0000] {logging_mixin.py:188} INFO - [2026-02-10T20:31:02.812+0000] {dag.py:3823} INFO - Setting next_dagrun for latest_only to 2026-02-10 16:00:00+00:00, run_after=2026-02-10 20:00:00+00:00
[2026-02-10T20:31:02.817+0000] {processor.py:183} INFO - Processing /home/airflow/.local/lib/python3.8/site-packages/airflow/example_dags/example_latest_only.py took 0.023 seconds
[2026-02-10T20:31:33.190+0000] {processor.py:161} INFO - Started process (PID=1024) to work on /home/airflow/.local/lib/python3.8/site-packages/airflow/example_dags/example_latest_only.py
[2026-02-10T20:31:33.190+0000] {processor.py:830} INFO - Processing file /home/airflow/.local/lib/python3.8/site-packages/airflow/example_dags/example_latest_only.py for tasks to queue
[2026-02-10T20:31:33.191+0000] {logging_mixin.py:188} INFO - [2026-02-10T20:31:33.191+0000] {dagbag.py:538} INFO - Filling up the DagBag from /home/airflow/.local/lib/python3.8/site-packages/airflow/example_dags/example_latest_only.py
[2026-02-10T20:31:33.193+0000] {processor.py:840} INFO - DAG(s) 'latest_only' retrieved from /home/airflow/.local/lib/python3.8/site-packages/airflow/example_dags/example_latest_only.py
[2026-02-10T20:31:33.206+0000] {logging_mixin.py:188} INFO - [2026-02-10T20:31:33.206+0000] {dag.py:3036} INFO - Sync 1 DAGs
[2026-02-10T20:31:33.214+0000] {logging_mixin.py:188} INFO - [2026-02-10T20:31:33.214+0000] {dag.py:3823} INFO - Setting next_dagrun for latest_only to 2026-02-10 16:00:00+00:00, run_after=2026-02-10 20:00:00+00:00
[2026-02-10T20:31:33.220+0000] {processor.py:183} INFO - Processing /home/airflow/.local/lib/python3.8/site-packages/airflow/example_dags/example_latest_only.py took 0.032 seconds
[2026-02-10T20:32:03.575+0000] {processor.py:161} INFO - Started process (PID=1079) to work on /home/airflow/.local/lib/python3.8/site-packages/airflow/example_dags/example_latest_only.py
[2026-02-10T20:32:03.576+0000] {processor.py:830} INFO - Processing file /home/airflow/.local/lib/python3.8/site-packages/airflow/example_dags/example_latest_only.py for tasks to queue
[2026-02-10T20:32:03.577+0000] {logging_mixin.py:188} INFO - [2026-02-10T20:32:03.577+0000] {dagbag.py:538} INFO - Filling up the DagBag from /home/airflow/.local/lib/python3.8/site-packages/airflow/example_dags/example_latest_only.py
[2026-02-10T20:32:03.579+0000] {processor.py:840} INFO - DAG(s) 'latest_only' retrieved from /home/airflow/.local/lib/python3.8/site-packages/airflow/example_dags/example_latest_only.py
[2026-02-10T20:32:03.588+0000] {logging_mixin.py:188} INFO - [2026-02-10T20:32:03.588+0000] {dag.py:3036} INFO - Sync 1 DAGs
[2026-02-10T20:32:03.595+0000] {logging_mixin.py:188} INFO - [2026-02-10T20:32:03.595+0000] {dag.py:3823} INFO - Setting next_dagrun for latest_only to 2026-02-10 16:00:00+00:00, run_after=2026-02-10 20:00:00+00:00
[2026-02-10T20:32:03.601+0000] {processor.py:183} INFO - Processing /home/airflow/.local/lib/python3.8/site-packages/airflow/example_dags/example_latest_only.py took 0.027 seconds
[2026-02-10T20:32:33.875+0000] {processor.py:161} INFO - Started process (PID=1134) to work on /home/airflow/.local/lib/python3.8/site-packages/airflow/example_dags/example_latest_only.py
[2026-02-10T20:32:33.876+0000] {processor.py:830} INFO - Processing file /home/airflow/.local/lib/python3.8/site-packages/airflow/example_dags/example_latest_only.py for tasks to queue
[2026-02-10T20:32:33.876+0000] {logging_mixin.py:188} INFO - [2026-02-10T20:32:33.876+0000] {dagbag.py:538} INFO - Filling up the DagBag from /home/airflow/.local/lib/python3.8/site-packages/airflow/example_dags/example_latest_only.py
[2026-02-10T20:32:33.879+0000] {processor.py:840} INFO - DAG(s) 'latest_only' retrieved from /home/airflow/.local/lib/python3.8/site-packages/airflow/example_dags/example_latest_only.py
[2026-02-10T20:32:33.886+0000] {logging_mixin.py:188} INFO - [2026-02-10T20:32:33.886+0000] {dag.py:3036} INFO - Sync 1 DAGs
[2026-02-10T20:32:33.895+0000] {logging_mixin.py:188} INFO - [2026-02-10T20:32:33.895+0000] {dag.py:3823} INFO - Setting next_dagrun for latest_only to 2026-02-10 16:00:00+00:00, run_after=2026-02-10 20:00:00+00:00
[2026-02-10T20:32:33.904+0000] {processor.py:183} INFO - Processing /home/airflow/.local/lib/python3.8/site-packages/airflow/example_dags/example_latest_only.py took 0.030 seconds
[2026-02-10T20:33:04.437+0000] {processor.py:161} INFO - Started process (PID=1190) to work on /home/airflow/.local/lib/python3.8/site-packages/airflow/example_dags/example_latest_only.py
[2026-02-10T20:33:04.439+0000] {processor.py:830} INFO - Processing file /home/airflow/.local/lib/python3.8/site-packages/airflow/example_dags/example_latest_only.py for tasks to queue
[2026-02-10T20:33:04.440+0000] {logging_mixin.py:188} INFO - [2026-02-10T20:33:04.440+0000] {dagbag.py:538} INFO - Filling up the DagBag from /home/airflow/.local/lib/python3.8/site-packages/airflow/example_dags/example_latest_only.py
[2026-02-10T20:33:04.442+0000] {processor.py:840} INFO - DAG(s) 'latest_only' retrieved from /home/airflow/.local/lib/python3.8/site-packages/airflow/example_dags/example_latest_only.py
[2026-02-10T20:33:04.453+0000] {logging_mixin.py:188} INFO - [2026-02-10T20:33:04.453+0000] {dag.py:3036} INFO - Sync 1 DAGs
[2026-02-10T20:33:04.461+0000] {logging_mixin.py:188} INFO - [2026-02-10T20:33:04.461+0000] {dag.py:3823} INFO - Setting next_dagrun for latest_only to 2026-02-10 16:00:00+00:00, run_after=2026-02-10 20:00:00+00:00
[2026-02-10T20:33:04.473+0000] {processor.py:183} INFO - Processing /home/airflow/.local/lib/python3.8/site-packages/airflow/example_dags/example_latest_only.py took 0.037 seconds
[2026-02-10T20:33:34.871+0000] {processor.py:161} INFO - Started process (PID=1246) to work on /home/airflow/.local/lib/python3.8/site-packages/airflow/example_dags/example_latest_only.py
[2026-02-10T20:33:34.872+0000] {processor.py:830} INFO - Processing file /home/airflow/.local/lib/python3.8/site-packages/airflow/example_dags/example_latest_only.py for tasks to queue
[2026-02-10T20:33:34.872+0000] {logging_mixin.py:188} INFO - [2026-02-10T20:33:34.872+0000] {dagbag.py:538} INFO - Filling up the DagBag from /home/airflow/.local/lib/python3.8/site-packages/airflow/example_dags/example_latest_only.py
[2026-02-10T20:33:34.874+0000] {processor.py:840} INFO - DAG(s) 'latest_only' retrieved from /home/airflow/.local/lib/python3.8/site-packages/airflow/example_dags/example_latest_only.py
[2026-02-10T20:33:34.881+0000] {logging_mixin.py:188} INFO - [2026-02-10T20:33:34.881+0000] {dag.py:3036} INFO - Sync 1 DAGs
[2026-02-10T20:33:34.888+0000] {logging_mixin.py:188} INFO - [2026-02-10T20:33:34.887+0000] {dag.py:3823} INFO - Setting next_dagrun for latest_only to 2026-02-10 16:00:00+00:00, run_after=2026-02-10 20:00:00+00:00
[2026-02-10T20:33:34.893+0000] {processor.py:183} INFO - Processing /home/airflow/.local/lib/python3.8/site-packages/airflow/example_dags/example_latest_only.py took 0.023 seconds
[2026-02-10T20:34:05.263+0000] {processor.py:161} INFO - Started process (PID=1302) to work on /home/airflow/.local/lib/python3.8/site-packages/airflow/example_dags/example_latest_only.py
[2026-02-10T20:34:05.263+0000] {processor.py:830} INFO - Processing file /home/airflow/.local/lib/python3.8/site-packages/airflow/example_dags/example_latest_only.py for tasks to queue
[2026-02-10T20:34:05.264+0000] {logging_mixin.py:188} INFO - [2026-02-10T20:34:05.263+0000] {dagbag.py:538} INFO - Filling up the DagBag from /home/airflow/.local/lib/python3.8/site-packages/airflow/example_dags/example_latest_only.py
[2026-02-10T20:34:05.265+0000] {processor.py:840} INFO - DAG(s) 'latest_only' retrieved from /home/airflow/.local/lib/python3.8/site-packages/airflow/example_dags/example_latest_only.py
[2026-02-10T20:34:05.273+0000] {logging_mixin.py:188} INFO - [2026-02-10T20:34:05.273+0000] {dag.py:3036} INFO - Sync 1 DAGs
[2026-02-10T20:34:05.280+0000] {logging_mixin.py:188} INFO - [2026-02-10T20:34:05.280+0000] {dag.py:3823} INFO - Setting next_dagrun for latest_only to 2026-02-10 16:00:00+00:00, run_after=2026-02-10 20:00:00+00:00
[2026-02-10T20:34:05.288+0000] {processor.py:183} INFO - Processing /home/airflow/.local/lib/python3.8/site-packages/airflow/example_dags/example_latest_only.py took 0.027 seconds
