[2026-02-10T20:22:54.518+0000] {processor.py:161} INFO - Started process (PID=63) to work on /home/airflow/.local/lib/python3.8/site-packages/airflow/example_dags/example_bash_operator.py
[2026-02-10T20:22:54.519+0000] {processor.py:830} INFO - Processing file /home/airflow/.local/lib/python3.8/site-packages/airflow/example_dags/example_bash_operator.py for tasks to queue
[2026-02-10T20:22:54.522+0000] {logging_mixin.py:188} INFO - [2026-02-10T20:22:54.521+0000] {dagbag.py:538} INFO - Filling up the DagBag from /home/airflow/.local/lib/python3.8/site-packages/airflow/example_dags/example_bash_operator.py
[2026-02-10T20:22:54.527+0000] {processor.py:840} INFO - DAG(s) 'example_bash_operator' retrieved from /home/airflow/.local/lib/python3.8/site-packages/airflow/example_dags/example_bash_operator.py
[2026-02-10T20:22:54.538+0000] {logging_mixin.py:188} INFO - [2026-02-10T20:22:54.538+0000] {dag.py:3036} INFO - Sync 1 DAGs
[2026-02-10T20:22:54.553+0000] {logging_mixin.py:188} INFO - [2026-02-10T20:22:54.553+0000] {dag.py:3823} INFO - Setting next_dagrun for example_bash_operator to 2026-02-09 00:00:00+00:00, run_after=2026-02-10 00:00:00+00:00
[2026-02-10T20:22:54.585+0000] {processor.py:183} INFO - Processing /home/airflow/.local/lib/python3.8/site-packages/airflow/example_dags/example_bash_operator.py took 0.069 seconds
[2026-02-10T20:23:24.617+0000] {processor.py:161} INFO - Started process (PID=118) to work on /home/airflow/.local/lib/python3.8/site-packages/airflow/example_dags/example_bash_operator.py
[2026-02-10T20:23:24.618+0000] {processor.py:830} INFO - Processing file /home/airflow/.local/lib/python3.8/site-packages/airflow/example_dags/example_bash_operator.py for tasks to queue
[2026-02-10T20:23:24.618+0000] {logging_mixin.py:188} INFO - [2026-02-10T20:23:24.618+0000] {dagbag.py:538} INFO - Filling up the DagBag from /home/airflow/.local/lib/python3.8/site-packages/airflow/example_dags/example_bash_operator.py
[2026-02-10T20:23:24.623+0000] {processor.py:840} INFO - DAG(s) 'example_bash_operator' retrieved from /home/airflow/.local/lib/python3.8/site-packages/airflow/example_dags/example_bash_operator.py
[2026-02-10T20:23:24.656+0000] {logging_mixin.py:188} INFO - [2026-02-10T20:23:24.656+0000] {dag.py:3036} INFO - Sync 1 DAGs
[2026-02-10T20:23:24.663+0000] {logging_mixin.py:188} INFO - [2026-02-10T20:23:24.663+0000] {dag.py:3823} INFO - Setting next_dagrun for example_bash_operator to 2026-02-09 00:00:00+00:00, run_after=2026-02-10 00:00:00+00:00
[2026-02-10T20:23:24.668+0000] {processor.py:183} INFO - Processing /home/airflow/.local/lib/python3.8/site-packages/airflow/example_dags/example_bash_operator.py took 0.052 seconds
[2026-02-10T20:23:55.491+0000] {processor.py:161} INFO - Started process (PID=173) to work on /home/airflow/.local/lib/python3.8/site-packages/airflow/example_dags/example_bash_operator.py
[2026-02-10T20:23:55.492+0000] {processor.py:830} INFO - Processing file /home/airflow/.local/lib/python3.8/site-packages/airflow/example_dags/example_bash_operator.py for tasks to queue
[2026-02-10T20:23:55.493+0000] {logging_mixin.py:188} INFO - [2026-02-10T20:23:55.493+0000] {dagbag.py:538} INFO - Filling up the DagBag from /home/airflow/.local/lib/python3.8/site-packages/airflow/example_dags/example_bash_operator.py
[2026-02-10T20:23:55.499+0000] {processor.py:840} INFO - DAG(s) 'example_bash_operator' retrieved from /home/airflow/.local/lib/python3.8/site-packages/airflow/example_dags/example_bash_operator.py
[2026-02-10T20:23:55.514+0000] {logging_mixin.py:188} INFO - [2026-02-10T20:23:55.514+0000] {dag.py:3036} INFO - Sync 1 DAGs
[2026-02-10T20:23:55.521+0000] {logging_mixin.py:188} INFO - [2026-02-10T20:23:55.521+0000] {dag.py:3823} INFO - Setting next_dagrun for example_bash_operator to 2026-02-09 00:00:00+00:00, run_after=2026-02-10 00:00:00+00:00
[2026-02-10T20:23:55.533+0000] {processor.py:183} INFO - Processing /home/airflow/.local/lib/python3.8/site-packages/airflow/example_dags/example_bash_operator.py took 0.043 seconds
[2026-02-10T20:24:25.904+0000] {processor.py:161} INFO - Started process (PID=228) to work on /home/airflow/.local/lib/python3.8/site-packages/airflow/example_dags/example_bash_operator.py
[2026-02-10T20:24:25.905+0000] {processor.py:830} INFO - Processing file /home/airflow/.local/lib/python3.8/site-packages/airflow/example_dags/example_bash_operator.py for tasks to queue
[2026-02-10T20:24:25.906+0000] {logging_mixin.py:188} INFO - [2026-02-10T20:24:25.906+0000] {dagbag.py:538} INFO - Filling up the DagBag from /home/airflow/.local/lib/python3.8/site-packages/airflow/example_dags/example_bash_operator.py
[2026-02-10T20:24:25.910+0000] {processor.py:840} INFO - DAG(s) 'example_bash_operator' retrieved from /home/airflow/.local/lib/python3.8/site-packages/airflow/example_dags/example_bash_operator.py
[2026-02-10T20:24:25.919+0000] {logging_mixin.py:188} INFO - [2026-02-10T20:24:25.919+0000] {dag.py:3036} INFO - Sync 1 DAGs
[2026-02-10T20:24:25.926+0000] {logging_mixin.py:188} INFO - [2026-02-10T20:24:25.926+0000] {dag.py:3823} INFO - Setting next_dagrun for example_bash_operator to 2026-02-09 00:00:00+00:00, run_after=2026-02-10 00:00:00+00:00
[2026-02-10T20:24:25.930+0000] {processor.py:183} INFO - Processing /home/airflow/.local/lib/python3.8/site-packages/airflow/example_dags/example_bash_operator.py took 0.027 seconds
[2026-02-10T20:24:56.435+0000] {processor.py:161} INFO - Started process (PID=283) to work on /home/airflow/.local/lib/python3.8/site-packages/airflow/example_dags/example_bash_operator.py
[2026-02-10T20:24:56.435+0000] {processor.py:830} INFO - Processing file /home/airflow/.local/lib/python3.8/site-packages/airflow/example_dags/example_bash_operator.py for tasks to queue
[2026-02-10T20:24:56.436+0000] {logging_mixin.py:188} INFO - [2026-02-10T20:24:56.436+0000] {dagbag.py:538} INFO - Filling up the DagBag from /home/airflow/.local/lib/python3.8/site-packages/airflow/example_dags/example_bash_operator.py
[2026-02-10T20:24:56.441+0000] {processor.py:840} INFO - DAG(s) 'example_bash_operator' retrieved from /home/airflow/.local/lib/python3.8/site-packages/airflow/example_dags/example_bash_operator.py
[2026-02-10T20:24:56.452+0000] {logging_mixin.py:188} INFO - [2026-02-10T20:24:56.452+0000] {dag.py:3036} INFO - Sync 1 DAGs
[2026-02-10T20:24:56.460+0000] {logging_mixin.py:188} INFO - [2026-02-10T20:24:56.460+0000] {dag.py:3823} INFO - Setting next_dagrun for example_bash_operator to 2026-02-09 00:00:00+00:00, run_after=2026-02-10 00:00:00+00:00
[2026-02-10T20:24:56.470+0000] {processor.py:183} INFO - Processing /home/airflow/.local/lib/python3.8/site-packages/airflow/example_dags/example_bash_operator.py took 0.037 seconds
[2026-02-10T20:25:27.048+0000] {processor.py:161} INFO - Started process (PID=344) to work on /home/airflow/.local/lib/python3.8/site-packages/airflow/example_dags/example_bash_operator.py
[2026-02-10T20:25:27.048+0000] {processor.py:830} INFO - Processing file /home/airflow/.local/lib/python3.8/site-packages/airflow/example_dags/example_bash_operator.py for tasks to queue
[2026-02-10T20:25:27.049+0000] {logging_mixin.py:188} INFO - [2026-02-10T20:25:27.049+0000] {dagbag.py:538} INFO - Filling up the DagBag from /home/airflow/.local/lib/python3.8/site-packages/airflow/example_dags/example_bash_operator.py
[2026-02-10T20:25:27.055+0000] {processor.py:840} INFO - DAG(s) 'example_bash_operator' retrieved from /home/airflow/.local/lib/python3.8/site-packages/airflow/example_dags/example_bash_operator.py
[2026-02-10T20:25:27.071+0000] {logging_mixin.py:188} INFO - [2026-02-10T20:25:27.071+0000] {dag.py:3036} INFO - Sync 1 DAGs
[2026-02-10T20:25:27.082+0000] {logging_mixin.py:188} INFO - [2026-02-10T20:25:27.082+0000] {dag.py:3823} INFO - Setting next_dagrun for example_bash_operator to 2026-02-09 00:00:00+00:00, run_after=2026-02-10 00:00:00+00:00
[2026-02-10T20:25:27.095+0000] {processor.py:183} INFO - Processing /home/airflow/.local/lib/python3.8/site-packages/airflow/example_dags/example_bash_operator.py took 0.049 seconds
[2026-02-10T20:25:57.487+0000] {processor.py:161} INFO - Started process (PID=399) to work on /home/airflow/.local/lib/python3.8/site-packages/airflow/example_dags/example_bash_operator.py
[2026-02-10T20:25:57.487+0000] {processor.py:830} INFO - Processing file /home/airflow/.local/lib/python3.8/site-packages/airflow/example_dags/example_bash_operator.py for tasks to queue
[2026-02-10T20:25:57.488+0000] {logging_mixin.py:188} INFO - [2026-02-10T20:25:57.488+0000] {dagbag.py:538} INFO - Filling up the DagBag from /home/airflow/.local/lib/python3.8/site-packages/airflow/example_dags/example_bash_operator.py
[2026-02-10T20:25:57.492+0000] {processor.py:840} INFO - DAG(s) 'example_bash_operator' retrieved from /home/airflow/.local/lib/python3.8/site-packages/airflow/example_dags/example_bash_operator.py
[2026-02-10T20:25:57.501+0000] {logging_mixin.py:188} INFO - [2026-02-10T20:25:57.501+0000] {dag.py:3036} INFO - Sync 1 DAGs
[2026-02-10T20:25:57.508+0000] {logging_mixin.py:188} INFO - [2026-02-10T20:25:57.508+0000] {dag.py:3823} INFO - Setting next_dagrun for example_bash_operator to 2026-02-09 00:00:00+00:00, run_after=2026-02-10 00:00:00+00:00
[2026-02-10T20:25:57.513+0000] {processor.py:183} INFO - Processing /home/airflow/.local/lib/python3.8/site-packages/airflow/example_dags/example_bash_operator.py took 0.027 seconds
[2026-02-10T20:26:27.894+0000] {processor.py:161} INFO - Started process (PID=454) to work on /home/airflow/.local/lib/python3.8/site-packages/airflow/example_dags/example_bash_operator.py
[2026-02-10T20:26:27.894+0000] {processor.py:830} INFO - Processing file /home/airflow/.local/lib/python3.8/site-packages/airflow/example_dags/example_bash_operator.py for tasks to queue
[2026-02-10T20:26:27.895+0000] {logging_mixin.py:188} INFO - [2026-02-10T20:26:27.895+0000] {dagbag.py:538} INFO - Filling up the DagBag from /home/airflow/.local/lib/python3.8/site-packages/airflow/example_dags/example_bash_operator.py
[2026-02-10T20:26:27.899+0000] {processor.py:840} INFO - DAG(s) 'example_bash_operator' retrieved from /home/airflow/.local/lib/python3.8/site-packages/airflow/example_dags/example_bash_operator.py
[2026-02-10T20:26:27.909+0000] {logging_mixin.py:188} INFO - [2026-02-10T20:26:27.909+0000] {dag.py:3036} INFO - Sync 1 DAGs
[2026-02-10T20:26:27.917+0000] {logging_mixin.py:188} INFO - [2026-02-10T20:26:27.917+0000] {dag.py:3823} INFO - Setting next_dagrun for example_bash_operator to 2026-02-09 00:00:00+00:00, run_after=2026-02-10 00:00:00+00:00
[2026-02-10T20:26:27.926+0000] {processor.py:183} INFO - Processing /home/airflow/.local/lib/python3.8/site-packages/airflow/example_dags/example_bash_operator.py took 0.033 seconds
[2026-02-10T20:26:58.289+0000] {processor.py:161} INFO - Started process (PID=509) to work on /home/airflow/.local/lib/python3.8/site-packages/airflow/example_dags/example_bash_operator.py
[2026-02-10T20:26:58.289+0000] {processor.py:830} INFO - Processing file /home/airflow/.local/lib/python3.8/site-packages/airflow/example_dags/example_bash_operator.py for tasks to queue
[2026-02-10T20:26:58.290+0000] {logging_mixin.py:188} INFO - [2026-02-10T20:26:58.290+0000] {dagbag.py:538} INFO - Filling up the DagBag from /home/airflow/.local/lib/python3.8/site-packages/airflow/example_dags/example_bash_operator.py
[2026-02-10T20:26:58.294+0000] {processor.py:840} INFO - DAG(s) 'example_bash_operator' retrieved from /home/airflow/.local/lib/python3.8/site-packages/airflow/example_dags/example_bash_operator.py
[2026-02-10T20:26:58.305+0000] {logging_mixin.py:188} INFO - [2026-02-10T20:26:58.304+0000] {dag.py:3036} INFO - Sync 1 DAGs
[2026-02-10T20:26:58.313+0000] {logging_mixin.py:188} INFO - [2026-02-10T20:26:58.313+0000] {dag.py:3823} INFO - Setting next_dagrun for example_bash_operator to 2026-02-09 00:00:00+00:00, run_after=2026-02-10 00:00:00+00:00
[2026-02-10T20:26:58.321+0000] {processor.py:183} INFO - Processing /home/airflow/.local/lib/python3.8/site-packages/airflow/example_dags/example_bash_operator.py took 0.034 seconds
[2026-02-10T20:27:28.650+0000] {processor.py:161} INFO - Started process (PID=564) to work on /home/airflow/.local/lib/python3.8/site-packages/airflow/example_dags/example_bash_operator.py
[2026-02-10T20:27:28.650+0000] {processor.py:830} INFO - Processing file /home/airflow/.local/lib/python3.8/site-packages/airflow/example_dags/example_bash_operator.py for tasks to queue
[2026-02-10T20:27:28.651+0000] {logging_mixin.py:188} INFO - [2026-02-10T20:27:28.651+0000] {dagbag.py:538} INFO - Filling up the DagBag from /home/airflow/.local/lib/python3.8/site-packages/airflow/example_dags/example_bash_operator.py
[2026-02-10T20:27:28.656+0000] {processor.py:840} INFO - DAG(s) 'example_bash_operator' retrieved from /home/airflow/.local/lib/python3.8/site-packages/airflow/example_dags/example_bash_operator.py
[2026-02-10T20:27:28.667+0000] {logging_mixin.py:188} INFO - [2026-02-10T20:27:28.667+0000] {dag.py:3036} INFO - Sync 1 DAGs
[2026-02-10T20:27:28.675+0000] {logging_mixin.py:188} INFO - [2026-02-10T20:27:28.675+0000] {dag.py:3823} INFO - Setting next_dagrun for example_bash_operator to 2026-02-09 00:00:00+00:00, run_after=2026-02-10 00:00:00+00:00
[2026-02-10T20:27:28.683+0000] {processor.py:183} INFO - Processing /home/airflow/.local/lib/python3.8/site-packages/airflow/example_dags/example_bash_operator.py took 0.035 seconds
[2026-02-10T20:27:59.094+0000] {processor.py:161} INFO - Started process (PID=618) to work on /home/airflow/.local/lib/python3.8/site-packages/airflow/example_dags/example_bash_operator.py
[2026-02-10T20:27:59.094+0000] {processor.py:830} INFO - Processing file /home/airflow/.local/lib/python3.8/site-packages/airflow/example_dags/example_bash_operator.py for tasks to queue
[2026-02-10T20:27:59.095+0000] {logging_mixin.py:188} INFO - [2026-02-10T20:27:59.095+0000] {dagbag.py:538} INFO - Filling up the DagBag from /home/airflow/.local/lib/python3.8/site-packages/airflow/example_dags/example_bash_operator.py
[2026-02-10T20:27:59.100+0000] {processor.py:840} INFO - DAG(s) 'example_bash_operator' retrieved from /home/airflow/.local/lib/python3.8/site-packages/airflow/example_dags/example_bash_operator.py
[2026-02-10T20:27:59.114+0000] {logging_mixin.py:188} INFO - [2026-02-10T20:27:59.114+0000] {dag.py:3036} INFO - Sync 1 DAGs
[2026-02-10T20:27:59.122+0000] {logging_mixin.py:188} INFO - [2026-02-10T20:27:59.122+0000] {dag.py:3823} INFO - Setting next_dagrun for example_bash_operator to 2026-02-09 00:00:00+00:00, run_after=2026-02-10 00:00:00+00:00
[2026-02-10T20:27:59.130+0000] {processor.py:183} INFO - Processing /home/airflow/.local/lib/python3.8/site-packages/airflow/example_dags/example_bash_operator.py took 0.038 seconds
[2026-02-10T20:28:29.714+0000] {processor.py:161} INFO - Started process (PID=673) to work on /home/airflow/.local/lib/python3.8/site-packages/airflow/example_dags/example_bash_operator.py
[2026-02-10T20:28:29.715+0000] {processor.py:830} INFO - Processing file /home/airflow/.local/lib/python3.8/site-packages/airflow/example_dags/example_bash_operator.py for tasks to queue
[2026-02-10T20:28:29.715+0000] {logging_mixin.py:188} INFO - [2026-02-10T20:28:29.715+0000] {dagbag.py:538} INFO - Filling up the DagBag from /home/airflow/.local/lib/python3.8/site-packages/airflow/example_dags/example_bash_operator.py
[2026-02-10T20:28:29.719+0000] {processor.py:840} INFO - DAG(s) 'example_bash_operator' retrieved from /home/airflow/.local/lib/python3.8/site-packages/airflow/example_dags/example_bash_operator.py
[2026-02-10T20:28:29.729+0000] {logging_mixin.py:188} INFO - [2026-02-10T20:28:29.729+0000] {dag.py:3036} INFO - Sync 1 DAGs
[2026-02-10T20:28:29.736+0000] {logging_mixin.py:188} INFO - [2026-02-10T20:28:29.735+0000] {dag.py:3823} INFO - Setting next_dagrun for example_bash_operator to 2026-02-09 00:00:00+00:00, run_after=2026-02-10 00:00:00+00:00
[2026-02-10T20:28:29.741+0000] {processor.py:183} INFO - Processing /home/airflow/.local/lib/python3.8/site-packages/airflow/example_dags/example_bash_operator.py took 0.028 seconds
[2026-02-10T20:29:00.332+0000] {processor.py:161} INFO - Started process (PID=728) to work on /home/airflow/.local/lib/python3.8/site-packages/airflow/example_dags/example_bash_operator.py
[2026-02-10T20:29:00.332+0000] {processor.py:830} INFO - Processing file /home/airflow/.local/lib/python3.8/site-packages/airflow/example_dags/example_bash_operator.py for tasks to queue
[2026-02-10T20:29:00.333+0000] {logging_mixin.py:188} INFO - [2026-02-10T20:29:00.333+0000] {dagbag.py:538} INFO - Filling up the DagBag from /home/airflow/.local/lib/python3.8/site-packages/airflow/example_dags/example_bash_operator.py
[2026-02-10T20:29:00.337+0000] {processor.py:840} INFO - DAG(s) 'example_bash_operator' retrieved from /home/airflow/.local/lib/python3.8/site-packages/airflow/example_dags/example_bash_operator.py
[2026-02-10T20:29:00.349+0000] {logging_mixin.py:188} INFO - [2026-02-10T20:29:00.349+0000] {dag.py:3036} INFO - Sync 1 DAGs
[2026-02-10T20:29:00.356+0000] {logging_mixin.py:188} INFO - [2026-02-10T20:29:00.356+0000] {dag.py:3823} INFO - Setting next_dagrun for example_bash_operator to 2026-02-09 00:00:00+00:00, run_after=2026-02-10 00:00:00+00:00
[2026-02-10T20:29:00.361+0000] {processor.py:183} INFO - Processing /home/airflow/.local/lib/python3.8/site-packages/airflow/example_dags/example_bash_operator.py took 0.031 seconds
[2026-02-10T20:29:30.945+0000] {processor.py:161} INFO - Started process (PID=783) to work on /home/airflow/.local/lib/python3.8/site-packages/airflow/example_dags/example_bash_operator.py
[2026-02-10T20:29:30.946+0000] {processor.py:830} INFO - Processing file /home/airflow/.local/lib/python3.8/site-packages/airflow/example_dags/example_bash_operator.py for tasks to queue
[2026-02-10T20:29:30.946+0000] {logging_mixin.py:188} INFO - [2026-02-10T20:29:30.946+0000] {dagbag.py:538} INFO - Filling up the DagBag from /home/airflow/.local/lib/python3.8/site-packages/airflow/example_dags/example_bash_operator.py
[2026-02-10T20:29:30.951+0000] {processor.py:840} INFO - DAG(s) 'example_bash_operator' retrieved from /home/airflow/.local/lib/python3.8/site-packages/airflow/example_dags/example_bash_operator.py
[2026-02-10T20:29:30.966+0000] {logging_mixin.py:188} INFO - [2026-02-10T20:29:30.965+0000] {dag.py:3036} INFO - Sync 1 DAGs
[2026-02-10T20:29:30.976+0000] {logging_mixin.py:188} INFO - [2026-02-10T20:29:30.976+0000] {dag.py:3823} INFO - Setting next_dagrun for example_bash_operator to 2026-02-09 00:00:00+00:00, run_after=2026-02-10 00:00:00+00:00
[2026-02-10T20:29:30.985+0000] {processor.py:183} INFO - Processing /home/airflow/.local/lib/python3.8/site-packages/airflow/example_dags/example_bash_operator.py took 0.041 seconds
[2026-02-10T20:30:01.461+0000] {processor.py:161} INFO - Started process (PID=838) to work on /home/airflow/.local/lib/python3.8/site-packages/airflow/example_dags/example_bash_operator.py
[2026-02-10T20:30:01.461+0000] {processor.py:830} INFO - Processing file /home/airflow/.local/lib/python3.8/site-packages/airflow/example_dags/example_bash_operator.py for tasks to queue
[2026-02-10T20:30:01.462+0000] {logging_mixin.py:188} INFO - [2026-02-10T20:30:01.462+0000] {dagbag.py:538} INFO - Filling up the DagBag from /home/airflow/.local/lib/python3.8/site-packages/airflow/example_dags/example_bash_operator.py
[2026-02-10T20:30:01.466+0000] {processor.py:840} INFO - DAG(s) 'example_bash_operator' retrieved from /home/airflow/.local/lib/python3.8/site-packages/airflow/example_dags/example_bash_operator.py
[2026-02-10T20:30:01.476+0000] {logging_mixin.py:188} INFO - [2026-02-10T20:30:01.476+0000] {dag.py:3036} INFO - Sync 1 DAGs
[2026-02-10T20:30:01.483+0000] {logging_mixin.py:188} INFO - [2026-02-10T20:30:01.483+0000] {dag.py:3823} INFO - Setting next_dagrun for example_bash_operator to 2026-02-09 00:00:00+00:00, run_after=2026-02-10 00:00:00+00:00
[2026-02-10T20:30:01.488+0000] {processor.py:183} INFO - Processing /home/airflow/.local/lib/python3.8/site-packages/airflow/example_dags/example_bash_operator.py took 0.030 seconds
[2026-02-10T20:30:31.881+0000] {processor.py:161} INFO - Started process (PID=893) to work on /home/airflow/.local/lib/python3.8/site-packages/airflow/example_dags/example_bash_operator.py
[2026-02-10T20:30:31.882+0000] {processor.py:830} INFO - Processing file /home/airflow/.local/lib/python3.8/site-packages/airflow/example_dags/example_bash_operator.py for tasks to queue
[2026-02-10T20:30:31.882+0000] {logging_mixin.py:188} INFO - [2026-02-10T20:30:31.882+0000] {dagbag.py:538} INFO - Filling up the DagBag from /home/airflow/.local/lib/python3.8/site-packages/airflow/example_dags/example_bash_operator.py
[2026-02-10T20:30:31.887+0000] {processor.py:840} INFO - DAG(s) 'example_bash_operator' retrieved from /home/airflow/.local/lib/python3.8/site-packages/airflow/example_dags/example_bash_operator.py
[2026-02-10T20:30:31.899+0000] {logging_mixin.py:188} INFO - [2026-02-10T20:30:31.899+0000] {dag.py:3036} INFO - Sync 1 DAGs
[2026-02-10T20:30:31.907+0000] {logging_mixin.py:188} INFO - [2026-02-10T20:30:31.907+0000] {dag.py:3823} INFO - Setting next_dagrun for example_bash_operator to 2026-02-09 00:00:00+00:00, run_after=2026-02-10 00:00:00+00:00
[2026-02-10T20:30:31.918+0000] {processor.py:183} INFO - Processing /home/airflow/.local/lib/python3.8/site-packages/airflow/example_dags/example_bash_operator.py took 0.038 seconds
[2026-02-10T20:31:02.351+0000] {processor.py:161} INFO - Started process (PID=948) to work on /home/airflow/.local/lib/python3.8/site-packages/airflow/example_dags/example_bash_operator.py
[2026-02-10T20:31:02.351+0000] {processor.py:830} INFO - Processing file /home/airflow/.local/lib/python3.8/site-packages/airflow/example_dags/example_bash_operator.py for tasks to queue
[2026-02-10T20:31:02.352+0000] {logging_mixin.py:188} INFO - [2026-02-10T20:31:02.352+0000] {dagbag.py:538} INFO - Filling up the DagBag from /home/airflow/.local/lib/python3.8/site-packages/airflow/example_dags/example_bash_operator.py
[2026-02-10T20:31:02.356+0000] {processor.py:840} INFO - DAG(s) 'example_bash_operator' retrieved from /home/airflow/.local/lib/python3.8/site-packages/airflow/example_dags/example_bash_operator.py
[2026-02-10T20:31:02.371+0000] {logging_mixin.py:188} INFO - [2026-02-10T20:31:02.371+0000] {dag.py:3036} INFO - Sync 1 DAGs
[2026-02-10T20:31:02.381+0000] {logging_mixin.py:188} INFO - [2026-02-10T20:31:02.381+0000] {dag.py:3823} INFO - Setting next_dagrun for example_bash_operator to 2026-02-09 00:00:00+00:00, run_after=2026-02-10 00:00:00+00:00
[2026-02-10T20:31:02.390+0000] {processor.py:183} INFO - Processing /home/airflow/.local/lib/python3.8/site-packages/airflow/example_dags/example_bash_operator.py took 0.040 seconds
[2026-02-10T20:31:32.695+0000] {processor.py:161} INFO - Started process (PID=1003) to work on /home/airflow/.local/lib/python3.8/site-packages/airflow/example_dags/example_bash_operator.py
[2026-02-10T20:31:32.695+0000] {processor.py:830} INFO - Processing file /home/airflow/.local/lib/python3.8/site-packages/airflow/example_dags/example_bash_operator.py for tasks to queue
[2026-02-10T20:31:32.696+0000] {logging_mixin.py:188} INFO - [2026-02-10T20:31:32.696+0000] {dagbag.py:538} INFO - Filling up the DagBag from /home/airflow/.local/lib/python3.8/site-packages/airflow/example_dags/example_bash_operator.py
[2026-02-10T20:31:32.700+0000] {processor.py:840} INFO - DAG(s) 'example_bash_operator' retrieved from /home/airflow/.local/lib/python3.8/site-packages/airflow/example_dags/example_bash_operator.py
[2026-02-10T20:31:32.718+0000] {logging_mixin.py:188} INFO - [2026-02-10T20:31:32.717+0000] {dag.py:3036} INFO - Sync 1 DAGs
[2026-02-10T20:31:32.733+0000] {logging_mixin.py:188} INFO - [2026-02-10T20:31:32.733+0000] {dag.py:3823} INFO - Setting next_dagrun for example_bash_operator to 2026-02-09 00:00:00+00:00, run_after=2026-02-10 00:00:00+00:00
[2026-02-10T20:31:32.746+0000] {processor.py:183} INFO - Processing /home/airflow/.local/lib/python3.8/site-packages/airflow/example_dags/example_bash_operator.py took 0.053 seconds
[2026-02-10T20:32:03.119+0000] {processor.py:161} INFO - Started process (PID=1058) to work on /home/airflow/.local/lib/python3.8/site-packages/airflow/example_dags/example_bash_operator.py
[2026-02-10T20:32:03.120+0000] {processor.py:830} INFO - Processing file /home/airflow/.local/lib/python3.8/site-packages/airflow/example_dags/example_bash_operator.py for tasks to queue
[2026-02-10T20:32:03.120+0000] {logging_mixin.py:188} INFO - [2026-02-10T20:32:03.120+0000] {dagbag.py:538} INFO - Filling up the DagBag from /home/airflow/.local/lib/python3.8/site-packages/airflow/example_dags/example_bash_operator.py
[2026-02-10T20:32:03.124+0000] {processor.py:840} INFO - DAG(s) 'example_bash_operator' retrieved from /home/airflow/.local/lib/python3.8/site-packages/airflow/example_dags/example_bash_operator.py
[2026-02-10T20:32:03.139+0000] {logging_mixin.py:188} INFO - [2026-02-10T20:32:03.139+0000] {dag.py:3036} INFO - Sync 1 DAGs
[2026-02-10T20:32:03.147+0000] {logging_mixin.py:188} INFO - [2026-02-10T20:32:03.147+0000] {dag.py:3823} INFO - Setting next_dagrun for example_bash_operator to 2026-02-09 00:00:00+00:00, run_after=2026-02-10 00:00:00+00:00
[2026-02-10T20:32:03.155+0000] {processor.py:183} INFO - Processing /home/airflow/.local/lib/python3.8/site-packages/airflow/example_dags/example_bash_operator.py took 0.037 seconds
[2026-02-10T20:32:33.441+0000] {processor.py:161} INFO - Started process (PID=1113) to work on /home/airflow/.local/lib/python3.8/site-packages/airflow/example_dags/example_bash_operator.py
[2026-02-10T20:32:33.442+0000] {processor.py:830} INFO - Processing file /home/airflow/.local/lib/python3.8/site-packages/airflow/example_dags/example_bash_operator.py for tasks to queue
[2026-02-10T20:32:33.442+0000] {logging_mixin.py:188} INFO - [2026-02-10T20:32:33.442+0000] {dagbag.py:538} INFO - Filling up the DagBag from /home/airflow/.local/lib/python3.8/site-packages/airflow/example_dags/example_bash_operator.py
[2026-02-10T20:32:33.447+0000] {processor.py:840} INFO - DAG(s) 'example_bash_operator' retrieved from /home/airflow/.local/lib/python3.8/site-packages/airflow/example_dags/example_bash_operator.py
[2026-02-10T20:32:33.458+0000] {logging_mixin.py:188} INFO - [2026-02-10T20:32:33.458+0000] {dag.py:3036} INFO - Sync 1 DAGs
[2026-02-10T20:32:33.466+0000] {logging_mixin.py:188} INFO - [2026-02-10T20:32:33.466+0000] {dag.py:3823} INFO - Setting next_dagrun for example_bash_operator to 2026-02-09 00:00:00+00:00, run_after=2026-02-10 00:00:00+00:00
[2026-02-10T20:32:33.473+0000] {processor.py:183} INFO - Processing /home/airflow/.local/lib/python3.8/site-packages/airflow/example_dags/example_bash_operator.py took 0.033 seconds
[2026-02-10T20:33:03.984+0000] {processor.py:161} INFO - Started process (PID=1169) to work on /home/airflow/.local/lib/python3.8/site-packages/airflow/example_dags/example_bash_operator.py
[2026-02-10T20:33:03.985+0000] {processor.py:830} INFO - Processing file /home/airflow/.local/lib/python3.8/site-packages/airflow/example_dags/example_bash_operator.py for tasks to queue
[2026-02-10T20:33:03.986+0000] {logging_mixin.py:188} INFO - [2026-02-10T20:33:03.986+0000] {dagbag.py:538} INFO - Filling up the DagBag from /home/airflow/.local/lib/python3.8/site-packages/airflow/example_dags/example_bash_operator.py
[2026-02-10T20:33:03.990+0000] {processor.py:840} INFO - DAG(s) 'example_bash_operator' retrieved from /home/airflow/.local/lib/python3.8/site-packages/airflow/example_dags/example_bash_operator.py
[2026-02-10T20:33:04.001+0000] {logging_mixin.py:188} INFO - [2026-02-10T20:33:04.001+0000] {dag.py:3036} INFO - Sync 1 DAGs
[2026-02-10T20:33:04.009+0000] {logging_mixin.py:188} INFO - [2026-02-10T20:33:04.009+0000] {dag.py:3823} INFO - Setting next_dagrun for example_bash_operator to 2026-02-09 00:00:00+00:00, run_after=2026-02-10 00:00:00+00:00
[2026-02-10T20:33:04.015+0000] {processor.py:183} INFO - Processing /home/airflow/.local/lib/python3.8/site-packages/airflow/example_dags/example_bash_operator.py took 0.032 seconds
[2026-02-10T20:33:34.399+0000] {processor.py:161} INFO - Started process (PID=1225) to work on /home/airflow/.local/lib/python3.8/site-packages/airflow/example_dags/example_bash_operator.py
[2026-02-10T20:33:34.400+0000] {processor.py:830} INFO - Processing file /home/airflow/.local/lib/python3.8/site-packages/airflow/example_dags/example_bash_operator.py for tasks to queue
[2026-02-10T20:33:34.401+0000] {logging_mixin.py:188} INFO - [2026-02-10T20:33:34.401+0000] {dagbag.py:538} INFO - Filling up the DagBag from /home/airflow/.local/lib/python3.8/site-packages/airflow/example_dags/example_bash_operator.py
[2026-02-10T20:33:34.406+0000] {processor.py:840} INFO - DAG(s) 'example_bash_operator' retrieved from /home/airflow/.local/lib/python3.8/site-packages/airflow/example_dags/example_bash_operator.py
[2026-02-10T20:33:34.416+0000] {logging_mixin.py:188} INFO - [2026-02-10T20:33:34.416+0000] {dag.py:3036} INFO - Sync 1 DAGs
[2026-02-10T20:33:34.426+0000] {logging_mixin.py:188} INFO - [2026-02-10T20:33:34.426+0000] {dag.py:3823} INFO - Setting next_dagrun for example_bash_operator to 2026-02-09 00:00:00+00:00, run_after=2026-02-10 00:00:00+00:00
[2026-02-10T20:33:34.433+0000] {processor.py:183} INFO - Processing /home/airflow/.local/lib/python3.8/site-packages/airflow/example_dags/example_bash_operator.py took 0.035 seconds
[2026-02-10T20:34:04.808+0000] {processor.py:161} INFO - Started process (PID=1281) to work on /home/airflow/.local/lib/python3.8/site-packages/airflow/example_dags/example_bash_operator.py
[2026-02-10T20:34:04.809+0000] {processor.py:830} INFO - Processing file /home/airflow/.local/lib/python3.8/site-packages/airflow/example_dags/example_bash_operator.py for tasks to queue
[2026-02-10T20:34:04.809+0000] {logging_mixin.py:188} INFO - [2026-02-10T20:34:04.809+0000] {dagbag.py:538} INFO - Filling up the DagBag from /home/airflow/.local/lib/python3.8/site-packages/airflow/example_dags/example_bash_operator.py
[2026-02-10T20:34:04.813+0000] {processor.py:840} INFO - DAG(s) 'example_bash_operator' retrieved from /home/airflow/.local/lib/python3.8/site-packages/airflow/example_dags/example_bash_operator.py
[2026-02-10T20:34:04.823+0000] {logging_mixin.py:188} INFO - [2026-02-10T20:34:04.823+0000] {dag.py:3036} INFO - Sync 1 DAGs
[2026-02-10T20:34:04.829+0000] {logging_mixin.py:188} INFO - [2026-02-10T20:34:04.829+0000] {dag.py:3823} INFO - Setting next_dagrun for example_bash_operator to 2026-02-09 00:00:00+00:00, run_after=2026-02-10 00:00:00+00:00
[2026-02-10T20:34:04.835+0000] {processor.py:183} INFO - Processing /home/airflow/.local/lib/python3.8/site-packages/airflow/example_dags/example_bash_operator.py took 0.028 seconds
