[2026-02-10T20:22:55.246+0000] {processor.py:161} INFO - Started process (PID=80) to work on /home/airflow/.local/lib/python3.8/site-packages/airflow/example_dags/example_nested_branch_dag.py
[2026-02-10T20:22:55.247+0000] {processor.py:830} INFO - Processing file /home/airflow/.local/lib/python3.8/site-packages/airflow/example_dags/example_nested_branch_dag.py for tasks to queue
[2026-02-10T20:22:55.248+0000] {logging_mixin.py:188} INFO - [2026-02-10T20:22:55.248+0000] {dagbag.py:538} INFO - Filling up the DagBag from /home/airflow/.local/lib/python3.8/site-packages/airflow/example_dags/example_nested_branch_dag.py
[2026-02-10T20:22:55.254+0000] {processor.py:840} INFO - DAG(s) 'example_nested_branch_dag' retrieved from /home/airflow/.local/lib/python3.8/site-packages/airflow/example_dags/example_nested_branch_dag.py
[2026-02-10T20:22:55.261+0000] {logging_mixin.py:188} INFO - [2026-02-10T20:22:55.261+0000] {dag.py:3036} INFO - Sync 1 DAGs
[2026-02-10T20:22:55.272+0000] {logging_mixin.py:188} INFO - [2026-02-10T20:22:55.272+0000] {dag.py:3823} INFO - Setting next_dagrun for example_nested_branch_dag to 2026-02-09 00:00:00+00:00, run_after=2026-02-10 00:00:00+00:00
[2026-02-10T20:22:55.282+0000] {processor.py:183} INFO - Processing /home/airflow/.local/lib/python3.8/site-packages/airflow/example_dags/example_nested_branch_dag.py took 0.037 seconds
[2026-02-10T20:23:25.386+0000] {processor.py:161} INFO - Started process (PID=135) to work on /home/airflow/.local/lib/python3.8/site-packages/airflow/example_dags/example_nested_branch_dag.py
[2026-02-10T20:23:25.387+0000] {processor.py:830} INFO - Processing file /home/airflow/.local/lib/python3.8/site-packages/airflow/example_dags/example_nested_branch_dag.py for tasks to queue
[2026-02-10T20:23:25.388+0000] {logging_mixin.py:188} INFO - [2026-02-10T20:23:25.387+0000] {dagbag.py:538} INFO - Filling up the DagBag from /home/airflow/.local/lib/python3.8/site-packages/airflow/example_dags/example_nested_branch_dag.py
[2026-02-10T20:23:25.391+0000] {processor.py:840} INFO - DAG(s) 'example_nested_branch_dag' retrieved from /home/airflow/.local/lib/python3.8/site-packages/airflow/example_dags/example_nested_branch_dag.py
[2026-02-10T20:23:25.426+0000] {logging_mixin.py:188} INFO - [2026-02-10T20:23:25.426+0000] {dag.py:3036} INFO - Sync 1 DAGs
[2026-02-10T20:23:25.434+0000] {logging_mixin.py:188} INFO - [2026-02-10T20:23:25.434+0000] {dag.py:3823} INFO - Setting next_dagrun for example_nested_branch_dag to 2026-02-09 00:00:00+00:00, run_after=2026-02-10 00:00:00+00:00
[2026-02-10T20:23:25.440+0000] {processor.py:183} INFO - Processing /home/airflow/.local/lib/python3.8/site-packages/airflow/example_dags/example_nested_branch_dag.py took 0.055 seconds
[2026-02-10T20:23:55.862+0000] {processor.py:161} INFO - Started process (PID=190) to work on /home/airflow/.local/lib/python3.8/site-packages/airflow/example_dags/example_nested_branch_dag.py
[2026-02-10T20:23:55.862+0000] {processor.py:830} INFO - Processing file /home/airflow/.local/lib/python3.8/site-packages/airflow/example_dags/example_nested_branch_dag.py for tasks to queue
[2026-02-10T20:23:55.863+0000] {logging_mixin.py:188} INFO - [2026-02-10T20:23:55.863+0000] {dagbag.py:538} INFO - Filling up the DagBag from /home/airflow/.local/lib/python3.8/site-packages/airflow/example_dags/example_nested_branch_dag.py
[2026-02-10T20:23:55.867+0000] {processor.py:840} INFO - DAG(s) 'example_nested_branch_dag' retrieved from /home/airflow/.local/lib/python3.8/site-packages/airflow/example_dags/example_nested_branch_dag.py
[2026-02-10T20:23:55.875+0000] {logging_mixin.py:188} INFO - [2026-02-10T20:23:55.875+0000] {dag.py:3036} INFO - Sync 1 DAGs
[2026-02-10T20:23:55.884+0000] {logging_mixin.py:188} INFO - [2026-02-10T20:23:55.884+0000] {dag.py:3823} INFO - Setting next_dagrun for example_nested_branch_dag to 2026-02-09 00:00:00+00:00, run_after=2026-02-10 00:00:00+00:00
[2026-02-10T20:23:55.897+0000] {processor.py:183} INFO - Processing /home/airflow/.local/lib/python3.8/site-packages/airflow/example_dags/example_nested_branch_dag.py took 0.037 seconds
[2026-02-10T20:24:26.344+0000] {processor.py:161} INFO - Started process (PID=245) to work on /home/airflow/.local/lib/python3.8/site-packages/airflow/example_dags/example_nested_branch_dag.py
[2026-02-10T20:24:26.346+0000] {processor.py:830} INFO - Processing file /home/airflow/.local/lib/python3.8/site-packages/airflow/example_dags/example_nested_branch_dag.py for tasks to queue
[2026-02-10T20:24:26.347+0000] {logging_mixin.py:188} INFO - [2026-02-10T20:24:26.347+0000] {dagbag.py:538} INFO - Filling up the DagBag from /home/airflow/.local/lib/python3.8/site-packages/airflow/example_dags/example_nested_branch_dag.py
[2026-02-10T20:24:26.353+0000] {processor.py:840} INFO - DAG(s) 'example_nested_branch_dag' retrieved from /home/airflow/.local/lib/python3.8/site-packages/airflow/example_dags/example_nested_branch_dag.py
[2026-02-10T20:24:26.363+0000] {logging_mixin.py:188} INFO - [2026-02-10T20:24:26.363+0000] {dag.py:3036} INFO - Sync 1 DAGs
[2026-02-10T20:24:26.372+0000] {logging_mixin.py:188} INFO - [2026-02-10T20:24:26.372+0000] {dag.py:3823} INFO - Setting next_dagrun for example_nested_branch_dag to 2026-02-09 00:00:00+00:00, run_after=2026-02-10 00:00:00+00:00
[2026-02-10T20:24:26.381+0000] {processor.py:183} INFO - Processing /home/airflow/.local/lib/python3.8/site-packages/airflow/example_dags/example_nested_branch_dag.py took 0.039 seconds
[2026-02-10T20:24:56.883+0000] {processor.py:161} INFO - Started process (PID=306) to work on /home/airflow/.local/lib/python3.8/site-packages/airflow/example_dags/example_nested_branch_dag.py
[2026-02-10T20:24:56.883+0000] {processor.py:830} INFO - Processing file /home/airflow/.local/lib/python3.8/site-packages/airflow/example_dags/example_nested_branch_dag.py for tasks to queue
[2026-02-10T20:24:56.884+0000] {logging_mixin.py:188} INFO - [2026-02-10T20:24:56.884+0000] {dagbag.py:538} INFO - Filling up the DagBag from /home/airflow/.local/lib/python3.8/site-packages/airflow/example_dags/example_nested_branch_dag.py
[2026-02-10T20:24:56.888+0000] {processor.py:840} INFO - DAG(s) 'example_nested_branch_dag' retrieved from /home/airflow/.local/lib/python3.8/site-packages/airflow/example_dags/example_nested_branch_dag.py
[2026-02-10T20:24:56.895+0000] {logging_mixin.py:188} INFO - [2026-02-10T20:24:56.895+0000] {dag.py:3036} INFO - Sync 1 DAGs
[2026-02-10T20:24:56.902+0000] {logging_mixin.py:188} INFO - [2026-02-10T20:24:56.902+0000] {dag.py:3823} INFO - Setting next_dagrun for example_nested_branch_dag to 2026-02-09 00:00:00+00:00, run_after=2026-02-10 00:00:00+00:00
[2026-02-10T20:24:56.907+0000] {processor.py:183} INFO - Processing /home/airflow/.local/lib/python3.8/site-packages/airflow/example_dags/example_nested_branch_dag.py took 0.026 seconds
[2026-02-10T20:25:27.471+0000] {processor.py:161} INFO - Started process (PID=361) to work on /home/airflow/.local/lib/python3.8/site-packages/airflow/example_dags/example_nested_branch_dag.py
[2026-02-10T20:25:27.472+0000] {processor.py:830} INFO - Processing file /home/airflow/.local/lib/python3.8/site-packages/airflow/example_dags/example_nested_branch_dag.py for tasks to queue
[2026-02-10T20:25:27.473+0000] {logging_mixin.py:188} INFO - [2026-02-10T20:25:27.473+0000] {dagbag.py:538} INFO - Filling up the DagBag from /home/airflow/.local/lib/python3.8/site-packages/airflow/example_dags/example_nested_branch_dag.py
[2026-02-10T20:25:27.477+0000] {processor.py:840} INFO - DAG(s) 'example_nested_branch_dag' retrieved from /home/airflow/.local/lib/python3.8/site-packages/airflow/example_dags/example_nested_branch_dag.py
[2026-02-10T20:25:27.488+0000] {logging_mixin.py:188} INFO - [2026-02-10T20:25:27.488+0000] {dag.py:3036} INFO - Sync 1 DAGs
[2026-02-10T20:25:27.498+0000] {logging_mixin.py:188} INFO - [2026-02-10T20:25:27.498+0000] {dag.py:3823} INFO - Setting next_dagrun for example_nested_branch_dag to 2026-02-09 00:00:00+00:00, run_after=2026-02-10 00:00:00+00:00
[2026-02-10T20:25:27.511+0000] {processor.py:183} INFO - Processing /home/airflow/.local/lib/python3.8/site-packages/airflow/example_dags/example_nested_branch_dag.py took 0.041 seconds
[2026-02-10T20:25:57.854+0000] {processor.py:161} INFO - Started process (PID=416) to work on /home/airflow/.local/lib/python3.8/site-packages/airflow/example_dags/example_nested_branch_dag.py
[2026-02-10T20:25:57.855+0000] {processor.py:830} INFO - Processing file /home/airflow/.local/lib/python3.8/site-packages/airflow/example_dags/example_nested_branch_dag.py for tasks to queue
[2026-02-10T20:25:57.855+0000] {logging_mixin.py:188} INFO - [2026-02-10T20:25:57.855+0000] {dagbag.py:538} INFO - Filling up the DagBag from /home/airflow/.local/lib/python3.8/site-packages/airflow/example_dags/example_nested_branch_dag.py
[2026-02-10T20:25:57.860+0000] {processor.py:840} INFO - DAG(s) 'example_nested_branch_dag' retrieved from /home/airflow/.local/lib/python3.8/site-packages/airflow/example_dags/example_nested_branch_dag.py
[2026-02-10T20:25:57.871+0000] {logging_mixin.py:188} INFO - [2026-02-10T20:25:57.871+0000] {dag.py:3036} INFO - Sync 1 DAGs
[2026-02-10T20:25:57.881+0000] {logging_mixin.py:188} INFO - [2026-02-10T20:25:57.881+0000] {dag.py:3823} INFO - Setting next_dagrun for example_nested_branch_dag to 2026-02-09 00:00:00+00:00, run_after=2026-02-10 00:00:00+00:00
[2026-02-10T20:25:57.893+0000] {processor.py:183} INFO - Processing /home/airflow/.local/lib/python3.8/site-packages/airflow/example_dags/example_nested_branch_dag.py took 0.040 seconds
[2026-02-10T20:26:28.270+0000] {processor.py:161} INFO - Started process (PID=471) to work on /home/airflow/.local/lib/python3.8/site-packages/airflow/example_dags/example_nested_branch_dag.py
[2026-02-10T20:26:28.271+0000] {processor.py:830} INFO - Processing file /home/airflow/.local/lib/python3.8/site-packages/airflow/example_dags/example_nested_branch_dag.py for tasks to queue
[2026-02-10T20:26:28.273+0000] {logging_mixin.py:188} INFO - [2026-02-10T20:26:28.273+0000] {dagbag.py:538} INFO - Filling up the DagBag from /home/airflow/.local/lib/python3.8/site-packages/airflow/example_dags/example_nested_branch_dag.py
[2026-02-10T20:26:28.277+0000] {processor.py:840} INFO - DAG(s) 'example_nested_branch_dag' retrieved from /home/airflow/.local/lib/python3.8/site-packages/airflow/example_dags/example_nested_branch_dag.py
[2026-02-10T20:26:28.285+0000] {logging_mixin.py:188} INFO - [2026-02-10T20:26:28.285+0000] {dag.py:3036} INFO - Sync 1 DAGs
[2026-02-10T20:26:28.293+0000] {logging_mixin.py:188} INFO - [2026-02-10T20:26:28.293+0000] {dag.py:3823} INFO - Setting next_dagrun for example_nested_branch_dag to 2026-02-09 00:00:00+00:00, run_after=2026-02-10 00:00:00+00:00
[2026-02-10T20:26:28.299+0000] {processor.py:183} INFO - Processing /home/airflow/.local/lib/python3.8/site-packages/airflow/example_dags/example_nested_branch_dag.py took 0.031 seconds
[2026-02-10T20:26:58.628+0000] {processor.py:161} INFO - Started process (PID=526) to work on /home/airflow/.local/lib/python3.8/site-packages/airflow/example_dags/example_nested_branch_dag.py
[2026-02-10T20:26:58.628+0000] {processor.py:830} INFO - Processing file /home/airflow/.local/lib/python3.8/site-packages/airflow/example_dags/example_nested_branch_dag.py for tasks to queue
[2026-02-10T20:26:58.629+0000] {logging_mixin.py:188} INFO - [2026-02-10T20:26:58.629+0000] {dagbag.py:538} INFO - Filling up the DagBag from /home/airflow/.local/lib/python3.8/site-packages/airflow/example_dags/example_nested_branch_dag.py
[2026-02-10T20:26:58.633+0000] {processor.py:840} INFO - DAG(s) 'example_nested_branch_dag' retrieved from /home/airflow/.local/lib/python3.8/site-packages/airflow/example_dags/example_nested_branch_dag.py
[2026-02-10T20:26:58.645+0000] {logging_mixin.py:188} INFO - [2026-02-10T20:26:58.645+0000] {dag.py:3036} INFO - Sync 1 DAGs
[2026-02-10T20:26:58.655+0000] {logging_mixin.py:188} INFO - [2026-02-10T20:26:58.655+0000] {dag.py:3823} INFO - Setting next_dagrun for example_nested_branch_dag to 2026-02-09 00:00:00+00:00, run_after=2026-02-10 00:00:00+00:00
[2026-02-10T20:26:58.662+0000] {processor.py:183} INFO - Processing /home/airflow/.local/lib/python3.8/site-packages/airflow/example_dags/example_nested_branch_dag.py took 0.036 seconds
[2026-02-10T20:27:29.001+0000] {processor.py:161} INFO - Started process (PID=581) to work on /home/airflow/.local/lib/python3.8/site-packages/airflow/example_dags/example_nested_branch_dag.py
[2026-02-10T20:27:29.002+0000] {processor.py:830} INFO - Processing file /home/airflow/.local/lib/python3.8/site-packages/airflow/example_dags/example_nested_branch_dag.py for tasks to queue
[2026-02-10T20:27:29.003+0000] {logging_mixin.py:188} INFO - [2026-02-10T20:27:29.003+0000] {dagbag.py:538} INFO - Filling up the DagBag from /home/airflow/.local/lib/python3.8/site-packages/airflow/example_dags/example_nested_branch_dag.py
[2026-02-10T20:27:29.007+0000] {processor.py:840} INFO - DAG(s) 'example_nested_branch_dag' retrieved from /home/airflow/.local/lib/python3.8/site-packages/airflow/example_dags/example_nested_branch_dag.py
[2026-02-10T20:27:29.017+0000] {logging_mixin.py:188} INFO - [2026-02-10T20:27:29.016+0000] {dag.py:3036} INFO - Sync 1 DAGs
[2026-02-10T20:27:29.024+0000] {logging_mixin.py:188} INFO - [2026-02-10T20:27:29.024+0000] {dag.py:3823} INFO - Setting next_dagrun for example_nested_branch_dag to 2026-02-09 00:00:00+00:00, run_after=2026-02-10 00:00:00+00:00
[2026-02-10T20:27:29.034+0000] {processor.py:183} INFO - Processing /home/airflow/.local/lib/python3.8/site-packages/airflow/example_dags/example_nested_branch_dag.py took 0.035 seconds
[2026-02-10T20:27:59.465+0000] {processor.py:161} INFO - Started process (PID=635) to work on /home/airflow/.local/lib/python3.8/site-packages/airflow/example_dags/example_nested_branch_dag.py
[2026-02-10T20:27:59.468+0000] {processor.py:830} INFO - Processing file /home/airflow/.local/lib/python3.8/site-packages/airflow/example_dags/example_nested_branch_dag.py for tasks to queue
[2026-02-10T20:27:59.469+0000] {logging_mixin.py:188} INFO - [2026-02-10T20:27:59.469+0000] {dagbag.py:538} INFO - Filling up the DagBag from /home/airflow/.local/lib/python3.8/site-packages/airflow/example_dags/example_nested_branch_dag.py
[2026-02-10T20:27:59.474+0000] {processor.py:840} INFO - DAG(s) 'example_nested_branch_dag' retrieved from /home/airflow/.local/lib/python3.8/site-packages/airflow/example_dags/example_nested_branch_dag.py
[2026-02-10T20:27:59.482+0000] {logging_mixin.py:188} INFO - [2026-02-10T20:27:59.482+0000] {dag.py:3036} INFO - Sync 1 DAGs
[2026-02-10T20:27:59.490+0000] {logging_mixin.py:188} INFO - [2026-02-10T20:27:59.490+0000] {dag.py:3823} INFO - Setting next_dagrun for example_nested_branch_dag to 2026-02-09 00:00:00+00:00, run_after=2026-02-10 00:00:00+00:00
[2026-02-10T20:27:59.497+0000] {processor.py:183} INFO - Processing /home/airflow/.local/lib/python3.8/site-packages/airflow/example_dags/example_nested_branch_dag.py took 0.034 seconds
[2026-02-10T20:28:30.186+0000] {processor.py:161} INFO - Started process (PID=690) to work on /home/airflow/.local/lib/python3.8/site-packages/airflow/example_dags/example_nested_branch_dag.py
[2026-02-10T20:28:30.187+0000] {processor.py:830} INFO - Processing file /home/airflow/.local/lib/python3.8/site-packages/airflow/example_dags/example_nested_branch_dag.py for tasks to queue
[2026-02-10T20:28:30.188+0000] {logging_mixin.py:188} INFO - [2026-02-10T20:28:30.188+0000] {dagbag.py:538} INFO - Filling up the DagBag from /home/airflow/.local/lib/python3.8/site-packages/airflow/example_dags/example_nested_branch_dag.py
[2026-02-10T20:28:30.194+0000] {processor.py:840} INFO - DAG(s) 'example_nested_branch_dag' retrieved from /home/airflow/.local/lib/python3.8/site-packages/airflow/example_dags/example_nested_branch_dag.py
[2026-02-10T20:28:30.207+0000] {logging_mixin.py:188} INFO - [2026-02-10T20:28:30.207+0000] {dag.py:3036} INFO - Sync 1 DAGs
[2026-02-10T20:28:30.218+0000] {logging_mixin.py:188} INFO - [2026-02-10T20:28:30.218+0000] {dag.py:3823} INFO - Setting next_dagrun for example_nested_branch_dag to 2026-02-09 00:00:00+00:00, run_after=2026-02-10 00:00:00+00:00
[2026-02-10T20:28:30.228+0000] {processor.py:183} INFO - Processing /home/airflow/.local/lib/python3.8/site-packages/airflow/example_dags/example_nested_branch_dag.py took 0.045 seconds
[2026-02-10T20:29:00.718+0000] {processor.py:161} INFO - Started process (PID=745) to work on /home/airflow/.local/lib/python3.8/site-packages/airflow/example_dags/example_nested_branch_dag.py
[2026-02-10T20:29:00.720+0000] {processor.py:830} INFO - Processing file /home/airflow/.local/lib/python3.8/site-packages/airflow/example_dags/example_nested_branch_dag.py for tasks to queue
[2026-02-10T20:29:00.721+0000] {logging_mixin.py:188} INFO - [2026-02-10T20:29:00.721+0000] {dagbag.py:538} INFO - Filling up the DagBag from /home/airflow/.local/lib/python3.8/site-packages/airflow/example_dags/example_nested_branch_dag.py
[2026-02-10T20:29:00.727+0000] {processor.py:840} INFO - DAG(s) 'example_nested_branch_dag' retrieved from /home/airflow/.local/lib/python3.8/site-packages/airflow/example_dags/example_nested_branch_dag.py
[2026-02-10T20:29:00.740+0000] {logging_mixin.py:188} INFO - [2026-02-10T20:29:00.740+0000] {dag.py:3036} INFO - Sync 1 DAGs
[2026-02-10T20:29:00.750+0000] {logging_mixin.py:188} INFO - [2026-02-10T20:29:00.750+0000] {dag.py:3823} INFO - Setting next_dagrun for example_nested_branch_dag to 2026-02-09 00:00:00+00:00, run_after=2026-02-10 00:00:00+00:00
[2026-02-10T20:29:00.756+0000] {processor.py:183} INFO - Processing /home/airflow/.local/lib/python3.8/site-packages/airflow/example_dags/example_nested_branch_dag.py took 0.039 seconds
[2026-02-10T20:29:31.325+0000] {processor.py:161} INFO - Started process (PID=800) to work on /home/airflow/.local/lib/python3.8/site-packages/airflow/example_dags/example_nested_branch_dag.py
[2026-02-10T20:29:31.327+0000] {processor.py:830} INFO - Processing file /home/airflow/.local/lib/python3.8/site-packages/airflow/example_dags/example_nested_branch_dag.py for tasks to queue
[2026-02-10T20:29:31.327+0000] {logging_mixin.py:188} INFO - [2026-02-10T20:29:31.327+0000] {dagbag.py:538} INFO - Filling up the DagBag from /home/airflow/.local/lib/python3.8/site-packages/airflow/example_dags/example_nested_branch_dag.py
[2026-02-10T20:29:31.331+0000] {processor.py:840} INFO - DAG(s) 'example_nested_branch_dag' retrieved from /home/airflow/.local/lib/python3.8/site-packages/airflow/example_dags/example_nested_branch_dag.py
[2026-02-10T20:29:31.341+0000] {logging_mixin.py:188} INFO - [2026-02-10T20:29:31.341+0000] {dag.py:3036} INFO - Sync 1 DAGs
[2026-02-10T20:29:31.349+0000] {logging_mixin.py:188} INFO - [2026-02-10T20:29:31.349+0000] {dag.py:3823} INFO - Setting next_dagrun for example_nested_branch_dag to 2026-02-09 00:00:00+00:00, run_after=2026-02-10 00:00:00+00:00
[2026-02-10T20:29:31.357+0000] {processor.py:183} INFO - Processing /home/airflow/.local/lib/python3.8/site-packages/airflow/example_dags/example_nested_branch_dag.py took 0.034 seconds
[2026-02-10T20:30:01.870+0000] {processor.py:161} INFO - Started process (PID=855) to work on /home/airflow/.local/lib/python3.8/site-packages/airflow/example_dags/example_nested_branch_dag.py
[2026-02-10T20:30:01.872+0000] {processor.py:830} INFO - Processing file /home/airflow/.local/lib/python3.8/site-packages/airflow/example_dags/example_nested_branch_dag.py for tasks to queue
[2026-02-10T20:30:01.874+0000] {logging_mixin.py:188} INFO - [2026-02-10T20:30:01.873+0000] {dagbag.py:538} INFO - Filling up the DagBag from /home/airflow/.local/lib/python3.8/site-packages/airflow/example_dags/example_nested_branch_dag.py
[2026-02-10T20:30:01.877+0000] {processor.py:840} INFO - DAG(s) 'example_nested_branch_dag' retrieved from /home/airflow/.local/lib/python3.8/site-packages/airflow/example_dags/example_nested_branch_dag.py
[2026-02-10T20:30:01.889+0000] {logging_mixin.py:188} INFO - [2026-02-10T20:30:01.889+0000] {dag.py:3036} INFO - Sync 1 DAGs
[2026-02-10T20:30:01.899+0000] {logging_mixin.py:188} INFO - [2026-02-10T20:30:01.899+0000] {dag.py:3823} INFO - Setting next_dagrun for example_nested_branch_dag to 2026-02-09 00:00:00+00:00, run_after=2026-02-10 00:00:00+00:00
[2026-02-10T20:30:01.907+0000] {processor.py:183} INFO - Processing /home/airflow/.local/lib/python3.8/site-packages/airflow/example_dags/example_nested_branch_dag.py took 0.038 seconds
[2026-02-10T20:30:32.251+0000] {processor.py:161} INFO - Started process (PID=910) to work on /home/airflow/.local/lib/python3.8/site-packages/airflow/example_dags/example_nested_branch_dag.py
[2026-02-10T20:30:32.252+0000] {processor.py:830} INFO - Processing file /home/airflow/.local/lib/python3.8/site-packages/airflow/example_dags/example_nested_branch_dag.py for tasks to queue
[2026-02-10T20:30:32.253+0000] {logging_mixin.py:188} INFO - [2026-02-10T20:30:32.253+0000] {dagbag.py:538} INFO - Filling up the DagBag from /home/airflow/.local/lib/python3.8/site-packages/airflow/example_dags/example_nested_branch_dag.py
[2026-02-10T20:30:32.257+0000] {processor.py:840} INFO - DAG(s) 'example_nested_branch_dag' retrieved from /home/airflow/.local/lib/python3.8/site-packages/airflow/example_dags/example_nested_branch_dag.py
[2026-02-10T20:30:32.267+0000] {logging_mixin.py:188} INFO - [2026-02-10T20:30:32.266+0000] {dag.py:3036} INFO - Sync 1 DAGs
[2026-02-10T20:30:32.275+0000] {logging_mixin.py:188} INFO - [2026-02-10T20:30:32.274+0000] {dag.py:3823} INFO - Setting next_dagrun for example_nested_branch_dag to 2026-02-09 00:00:00+00:00, run_after=2026-02-10 00:00:00+00:00
[2026-02-10T20:30:32.281+0000] {processor.py:183} INFO - Processing /home/airflow/.local/lib/python3.8/site-packages/airflow/example_dags/example_nested_branch_dag.py took 0.031 seconds
[2026-02-10T20:31:02.702+0000] {processor.py:161} INFO - Started process (PID=965) to work on /home/airflow/.local/lib/python3.8/site-packages/airflow/example_dags/example_nested_branch_dag.py
[2026-02-10T20:31:02.703+0000] {processor.py:830} INFO - Processing file /home/airflow/.local/lib/python3.8/site-packages/airflow/example_dags/example_nested_branch_dag.py for tasks to queue
[2026-02-10T20:31:02.705+0000] {logging_mixin.py:188} INFO - [2026-02-10T20:31:02.705+0000] {dagbag.py:538} INFO - Filling up the DagBag from /home/airflow/.local/lib/python3.8/site-packages/airflow/example_dags/example_nested_branch_dag.py
[2026-02-10T20:31:02.709+0000] {processor.py:840} INFO - DAG(s) 'example_nested_branch_dag' retrieved from /home/airflow/.local/lib/python3.8/site-packages/airflow/example_dags/example_nested_branch_dag.py
[2026-02-10T20:31:02.720+0000] {logging_mixin.py:188} INFO - [2026-02-10T20:31:02.720+0000] {dag.py:3036} INFO - Sync 1 DAGs
[2026-02-10T20:31:02.728+0000] {logging_mixin.py:188} INFO - [2026-02-10T20:31:02.728+0000] {dag.py:3823} INFO - Setting next_dagrun for example_nested_branch_dag to 2026-02-09 00:00:00+00:00, run_after=2026-02-10 00:00:00+00:00
[2026-02-10T20:31:02.734+0000] {processor.py:183} INFO - Processing /home/airflow/.local/lib/python3.8/site-packages/airflow/example_dags/example_nested_branch_dag.py took 0.034 seconds
[2026-02-10T20:31:33.101+0000] {processor.py:161} INFO - Started process (PID=1020) to work on /home/airflow/.local/lib/python3.8/site-packages/airflow/example_dags/example_nested_branch_dag.py
[2026-02-10T20:31:33.101+0000] {processor.py:830} INFO - Processing file /home/airflow/.local/lib/python3.8/site-packages/airflow/example_dags/example_nested_branch_dag.py for tasks to queue
[2026-02-10T20:31:33.102+0000] {logging_mixin.py:188} INFO - [2026-02-10T20:31:33.102+0000] {dagbag.py:538} INFO - Filling up the DagBag from /home/airflow/.local/lib/python3.8/site-packages/airflow/example_dags/example_nested_branch_dag.py
[2026-02-10T20:31:33.107+0000] {processor.py:840} INFO - DAG(s) 'example_nested_branch_dag' retrieved from /home/airflow/.local/lib/python3.8/site-packages/airflow/example_dags/example_nested_branch_dag.py
[2026-02-10T20:31:33.116+0000] {logging_mixin.py:188} INFO - [2026-02-10T20:31:33.116+0000] {dag.py:3036} INFO - Sync 1 DAGs
[2026-02-10T20:31:33.125+0000] {logging_mixin.py:188} INFO - [2026-02-10T20:31:33.125+0000] {dag.py:3823} INFO - Setting next_dagrun for example_nested_branch_dag to 2026-02-09 00:00:00+00:00, run_after=2026-02-10 00:00:00+00:00
[2026-02-10T20:31:33.132+0000] {processor.py:183} INFO - Processing /home/airflow/.local/lib/python3.8/site-packages/airflow/example_dags/example_nested_branch_dag.py took 0.033 seconds
[2026-02-10T20:32:03.495+0000] {processor.py:161} INFO - Started process (PID=1075) to work on /home/airflow/.local/lib/python3.8/site-packages/airflow/example_dags/example_nested_branch_dag.py
[2026-02-10T20:32:03.495+0000] {processor.py:830} INFO - Processing file /home/airflow/.local/lib/python3.8/site-packages/airflow/example_dags/example_nested_branch_dag.py for tasks to queue
[2026-02-10T20:32:03.496+0000] {logging_mixin.py:188} INFO - [2026-02-10T20:32:03.496+0000] {dagbag.py:538} INFO - Filling up the DagBag from /home/airflow/.local/lib/python3.8/site-packages/airflow/example_dags/example_nested_branch_dag.py
[2026-02-10T20:32:03.499+0000] {processor.py:840} INFO - DAG(s) 'example_nested_branch_dag' retrieved from /home/airflow/.local/lib/python3.8/site-packages/airflow/example_dags/example_nested_branch_dag.py
[2026-02-10T20:32:03.507+0000] {logging_mixin.py:188} INFO - [2026-02-10T20:32:03.507+0000] {dag.py:3036} INFO - Sync 1 DAGs
[2026-02-10T20:32:03.514+0000] {logging_mixin.py:188} INFO - [2026-02-10T20:32:03.514+0000] {dag.py:3823} INFO - Setting next_dagrun for example_nested_branch_dag to 2026-02-09 00:00:00+00:00, run_after=2026-02-10 00:00:00+00:00
[2026-02-10T20:32:03.519+0000] {processor.py:183} INFO - Processing /home/airflow/.local/lib/python3.8/site-packages/airflow/example_dags/example_nested_branch_dag.py took 0.026 seconds
[2026-02-10T20:32:33.789+0000] {processor.py:161} INFO - Started process (PID=1130) to work on /home/airflow/.local/lib/python3.8/site-packages/airflow/example_dags/example_nested_branch_dag.py
[2026-02-10T20:32:33.790+0000] {processor.py:830} INFO - Processing file /home/airflow/.local/lib/python3.8/site-packages/airflow/example_dags/example_nested_branch_dag.py for tasks to queue
[2026-02-10T20:32:33.790+0000] {logging_mixin.py:188} INFO - [2026-02-10T20:32:33.790+0000] {dagbag.py:538} INFO - Filling up the DagBag from /home/airflow/.local/lib/python3.8/site-packages/airflow/example_dags/example_nested_branch_dag.py
[2026-02-10T20:32:33.795+0000] {processor.py:840} INFO - DAG(s) 'example_nested_branch_dag' retrieved from /home/airflow/.local/lib/python3.8/site-packages/airflow/example_dags/example_nested_branch_dag.py
[2026-02-10T20:32:33.803+0000] {logging_mixin.py:188} INFO - [2026-02-10T20:32:33.803+0000] {dag.py:3036} INFO - Sync 1 DAGs
[2026-02-10T20:32:33.812+0000] {logging_mixin.py:188} INFO - [2026-02-10T20:32:33.812+0000] {dag.py:3823} INFO - Setting next_dagrun for example_nested_branch_dag to 2026-02-09 00:00:00+00:00, run_after=2026-02-10 00:00:00+00:00
[2026-02-10T20:32:33.818+0000] {processor.py:183} INFO - Processing /home/airflow/.local/lib/python3.8/site-packages/airflow/example_dags/example_nested_branch_dag.py took 0.030 seconds
[2026-02-10T20:33:04.337+0000] {processor.py:161} INFO - Started process (PID=1186) to work on /home/airflow/.local/lib/python3.8/site-packages/airflow/example_dags/example_nested_branch_dag.py
[2026-02-10T20:33:04.337+0000] {processor.py:830} INFO - Processing file /home/airflow/.local/lib/python3.8/site-packages/airflow/example_dags/example_nested_branch_dag.py for tasks to queue
[2026-02-10T20:33:04.338+0000] {logging_mixin.py:188} INFO - [2026-02-10T20:33:04.338+0000] {dagbag.py:538} INFO - Filling up the DagBag from /home/airflow/.local/lib/python3.8/site-packages/airflow/example_dags/example_nested_branch_dag.py
[2026-02-10T20:33:04.344+0000] {processor.py:840} INFO - DAG(s) 'example_nested_branch_dag' retrieved from /home/airflow/.local/lib/python3.8/site-packages/airflow/example_dags/example_nested_branch_dag.py
[2026-02-10T20:33:04.358+0000] {logging_mixin.py:188} INFO - [2026-02-10T20:33:04.358+0000] {dag.py:3036} INFO - Sync 1 DAGs
[2026-02-10T20:33:04.368+0000] {logging_mixin.py:188} INFO - [2026-02-10T20:33:04.368+0000] {dag.py:3823} INFO - Setting next_dagrun for example_nested_branch_dag to 2026-02-09 00:00:00+00:00, run_after=2026-02-10 00:00:00+00:00
[2026-02-10T20:33:04.381+0000] {processor.py:183} INFO - Processing /home/airflow/.local/lib/python3.8/site-packages/airflow/example_dags/example_nested_branch_dag.py took 0.045 seconds
[2026-02-10T20:33:34.787+0000] {processor.py:161} INFO - Started process (PID=1242) to work on /home/airflow/.local/lib/python3.8/site-packages/airflow/example_dags/example_nested_branch_dag.py
[2026-02-10T20:33:34.787+0000] {processor.py:830} INFO - Processing file /home/airflow/.local/lib/python3.8/site-packages/airflow/example_dags/example_nested_branch_dag.py for tasks to queue
[2026-02-10T20:33:34.788+0000] {logging_mixin.py:188} INFO - [2026-02-10T20:33:34.788+0000] {dagbag.py:538} INFO - Filling up the DagBag from /home/airflow/.local/lib/python3.8/site-packages/airflow/example_dags/example_nested_branch_dag.py
[2026-02-10T20:33:34.792+0000] {processor.py:840} INFO - DAG(s) 'example_nested_branch_dag' retrieved from /home/airflow/.local/lib/python3.8/site-packages/airflow/example_dags/example_nested_branch_dag.py
[2026-02-10T20:33:34.800+0000] {logging_mixin.py:188} INFO - [2026-02-10T20:33:34.800+0000] {dag.py:3036} INFO - Sync 1 DAGs
[2026-02-10T20:33:34.808+0000] {logging_mixin.py:188} INFO - [2026-02-10T20:33:34.808+0000] {dag.py:3823} INFO - Setting next_dagrun for example_nested_branch_dag to 2026-02-09 00:00:00+00:00, run_after=2026-02-10 00:00:00+00:00
[2026-02-10T20:33:34.817+0000] {processor.py:183} INFO - Processing /home/airflow/.local/lib/python3.8/site-packages/airflow/example_dags/example_nested_branch_dag.py took 0.032 seconds
[2026-02-10T20:34:05.176+0000] {processor.py:161} INFO - Started process (PID=1298) to work on /home/airflow/.local/lib/python3.8/site-packages/airflow/example_dags/example_nested_branch_dag.py
[2026-02-10T20:34:05.176+0000] {processor.py:830} INFO - Processing file /home/airflow/.local/lib/python3.8/site-packages/airflow/example_dags/example_nested_branch_dag.py for tasks to queue
[2026-02-10T20:34:05.177+0000] {logging_mixin.py:188} INFO - [2026-02-10T20:34:05.177+0000] {dagbag.py:538} INFO - Filling up the DagBag from /home/airflow/.local/lib/python3.8/site-packages/airflow/example_dags/example_nested_branch_dag.py
[2026-02-10T20:34:05.182+0000] {processor.py:840} INFO - DAG(s) 'example_nested_branch_dag' retrieved from /home/airflow/.local/lib/python3.8/site-packages/airflow/example_dags/example_nested_branch_dag.py
[2026-02-10T20:34:05.192+0000] {logging_mixin.py:188} INFO - [2026-02-10T20:34:05.192+0000] {dag.py:3036} INFO - Sync 1 DAGs
[2026-02-10T20:34:05.200+0000] {logging_mixin.py:188} INFO - [2026-02-10T20:34:05.200+0000] {dag.py:3823} INFO - Setting next_dagrun for example_nested_branch_dag to 2026-02-09 00:00:00+00:00, run_after=2026-02-10 00:00:00+00:00
[2026-02-10T20:34:05.208+0000] {processor.py:183} INFO - Processing /home/airflow/.local/lib/python3.8/site-packages/airflow/example_dags/example_nested_branch_dag.py took 0.034 seconds
