[2026-02-10T20:22:53.899+0000] {processor.py:161} INFO - Started process (PID=51) to work on /home/airflow/.local/lib/python3.8/site-packages/airflow/example_dags/example_task_group.py
[2026-02-10T20:22:53.901+0000] {processor.py:830} INFO - Processing file /home/airflow/.local/lib/python3.8/site-packages/airflow/example_dags/example_task_group.py for tasks to queue
[2026-02-10T20:22:53.905+0000] {logging_mixin.py:188} INFO - [2026-02-10T20:22:53.905+0000] {dagbag.py:538} INFO - Filling up the DagBag from /home/airflow/.local/lib/python3.8/site-packages/airflow/example_dags/example_task_group.py
[2026-02-10T20:22:53.911+0000] {processor.py:840} INFO - DAG(s) 'example_task_group' retrieved from /home/airflow/.local/lib/python3.8/site-packages/airflow/example_dags/example_task_group.py
[2026-02-10T20:22:53.917+0000] {logging_mixin.py:188} INFO - [2026-02-10T20:22:53.917+0000] {dag.py:3036} INFO - Sync 1 DAGs
[2026-02-10T20:22:53.927+0000] {logging_mixin.py:188} INFO - [2026-02-10T20:22:53.927+0000] {dag.py:3823} INFO - Setting next_dagrun for example_task_group to 2026-02-09 00:00:00+00:00, run_after=2026-02-10 00:00:00+00:00
[2026-02-10T20:22:53.935+0000] {processor.py:183} INFO - Processing /home/airflow/.local/lib/python3.8/site-packages/airflow/example_dags/example_task_group.py took 0.040 seconds
[2026-02-10T20:23:24.171+0000] {processor.py:161} INFO - Started process (PID=106) to work on /home/airflow/.local/lib/python3.8/site-packages/airflow/example_dags/example_task_group.py
[2026-02-10T20:23:24.173+0000] {processor.py:830} INFO - Processing file /home/airflow/.local/lib/python3.8/site-packages/airflow/example_dags/example_task_group.py for tasks to queue
[2026-02-10T20:23:24.173+0000] {logging_mixin.py:188} INFO - [2026-02-10T20:23:24.173+0000] {dagbag.py:538} INFO - Filling up the DagBag from /home/airflow/.local/lib/python3.8/site-packages/airflow/example_dags/example_task_group.py
[2026-02-10T20:23:24.176+0000] {processor.py:840} INFO - DAG(s) 'example_task_group' retrieved from /home/airflow/.local/lib/python3.8/site-packages/airflow/example_dags/example_task_group.py
[2026-02-10T20:23:24.218+0000] {logging_mixin.py:188} INFO - [2026-02-10T20:23:24.218+0000] {dag.py:3036} INFO - Sync 1 DAGs
[2026-02-10T20:23:24.226+0000] {logging_mixin.py:188} INFO - [2026-02-10T20:23:24.226+0000] {dag.py:3823} INFO - Setting next_dagrun for example_task_group to 2026-02-09 00:00:00+00:00, run_after=2026-02-10 00:00:00+00:00
[2026-02-10T20:23:24.232+0000] {processor.py:183} INFO - Processing /home/airflow/.local/lib/python3.8/site-packages/airflow/example_dags/example_task_group.py took 0.063 seconds
[2026-02-10T20:23:55.168+0000] {processor.py:161} INFO - Started process (PID=161) to work on /home/airflow/.local/lib/python3.8/site-packages/airflow/example_dags/example_task_group.py
[2026-02-10T20:23:55.170+0000] {processor.py:830} INFO - Processing file /home/airflow/.local/lib/python3.8/site-packages/airflow/example_dags/example_task_group.py for tasks to queue
[2026-02-10T20:23:55.173+0000] {logging_mixin.py:188} INFO - [2026-02-10T20:23:55.173+0000] {dagbag.py:538} INFO - Filling up the DagBag from /home/airflow/.local/lib/python3.8/site-packages/airflow/example_dags/example_task_group.py
[2026-02-10T20:23:55.177+0000] {processor.py:840} INFO - DAG(s) 'example_task_group' retrieved from /home/airflow/.local/lib/python3.8/site-packages/airflow/example_dags/example_task_group.py
[2026-02-10T20:23:55.195+0000] {logging_mixin.py:188} INFO - [2026-02-10T20:23:55.195+0000] {dag.py:3036} INFO - Sync 1 DAGs
[2026-02-10T20:23:55.204+0000] {logging_mixin.py:188} INFO - [2026-02-10T20:23:55.204+0000] {dag.py:3823} INFO - Setting next_dagrun for example_task_group to 2026-02-09 00:00:00+00:00, run_after=2026-02-10 00:00:00+00:00
[2026-02-10T20:23:55.215+0000] {processor.py:183} INFO - Processing /home/airflow/.local/lib/python3.8/site-packages/airflow/example_dags/example_task_group.py took 0.049 seconds
[2026-02-10T20:24:25.597+0000] {processor.py:161} INFO - Started process (PID=216) to work on /home/airflow/.local/lib/python3.8/site-packages/airflow/example_dags/example_task_group.py
[2026-02-10T20:24:25.598+0000] {processor.py:830} INFO - Processing file /home/airflow/.local/lib/python3.8/site-packages/airflow/example_dags/example_task_group.py for tasks to queue
[2026-02-10T20:24:25.599+0000] {logging_mixin.py:188} INFO - [2026-02-10T20:24:25.599+0000] {dagbag.py:538} INFO - Filling up the DagBag from /home/airflow/.local/lib/python3.8/site-packages/airflow/example_dags/example_task_group.py
[2026-02-10T20:24:25.603+0000] {processor.py:840} INFO - DAG(s) 'example_task_group' retrieved from /home/airflow/.local/lib/python3.8/site-packages/airflow/example_dags/example_task_group.py
[2026-02-10T20:24:25.620+0000] {logging_mixin.py:188} INFO - [2026-02-10T20:24:25.619+0000] {dag.py:3036} INFO - Sync 1 DAGs
[2026-02-10T20:24:25.631+0000] {logging_mixin.py:188} INFO - [2026-02-10T20:24:25.630+0000] {dag.py:3823} INFO - Setting next_dagrun for example_task_group to 2026-02-09 00:00:00+00:00, run_after=2026-02-10 00:00:00+00:00
[2026-02-10T20:24:25.639+0000] {processor.py:183} INFO - Processing /home/airflow/.local/lib/python3.8/site-packages/airflow/example_dags/example_task_group.py took 0.044 seconds
[2026-02-10T20:24:56.106+0000] {processor.py:161} INFO - Started process (PID=271) to work on /home/airflow/.local/lib/python3.8/site-packages/airflow/example_dags/example_task_group.py
[2026-02-10T20:24:56.107+0000] {processor.py:830} INFO - Processing file /home/airflow/.local/lib/python3.8/site-packages/airflow/example_dags/example_task_group.py for tasks to queue
[2026-02-10T20:24:56.108+0000] {logging_mixin.py:188} INFO - [2026-02-10T20:24:56.108+0000] {dagbag.py:538} INFO - Filling up the DagBag from /home/airflow/.local/lib/python3.8/site-packages/airflow/example_dags/example_task_group.py
[2026-02-10T20:24:56.112+0000] {processor.py:840} INFO - DAG(s) 'example_task_group' retrieved from /home/airflow/.local/lib/python3.8/site-packages/airflow/example_dags/example_task_group.py
[2026-02-10T20:24:56.127+0000] {logging_mixin.py:188} INFO - [2026-02-10T20:24:56.127+0000] {dag.py:3036} INFO - Sync 1 DAGs
[2026-02-10T20:24:56.135+0000] {logging_mixin.py:188} INFO - [2026-02-10T20:24:56.135+0000] {dag.py:3823} INFO - Setting next_dagrun for example_task_group to 2026-02-09 00:00:00+00:00, run_after=2026-02-10 00:00:00+00:00
[2026-02-10T20:24:56.141+0000] {processor.py:183} INFO - Processing /home/airflow/.local/lib/python3.8/site-packages/airflow/example_dags/example_task_group.py took 0.038 seconds
[2026-02-10T20:25:26.691+0000] {processor.py:161} INFO - Started process (PID=326) to work on /home/airflow/.local/lib/python3.8/site-packages/airflow/example_dags/example_task_group.py
[2026-02-10T20:25:26.694+0000] {processor.py:830} INFO - Processing file /home/airflow/.local/lib/python3.8/site-packages/airflow/example_dags/example_task_group.py for tasks to queue
[2026-02-10T20:25:26.696+0000] {logging_mixin.py:188} INFO - [2026-02-10T20:25:26.696+0000] {dagbag.py:538} INFO - Filling up the DagBag from /home/airflow/.local/lib/python3.8/site-packages/airflow/example_dags/example_task_group.py
[2026-02-10T20:25:26.701+0000] {processor.py:840} INFO - DAG(s) 'example_task_group' retrieved from /home/airflow/.local/lib/python3.8/site-packages/airflow/example_dags/example_task_group.py
[2026-02-10T20:25:26.723+0000] {logging_mixin.py:188} INFO - [2026-02-10T20:25:26.723+0000] {dag.py:3036} INFO - Sync 1 DAGs
[2026-02-10T20:25:26.735+0000] {logging_mixin.py:188} INFO - [2026-02-10T20:25:26.735+0000] {dag.py:3823} INFO - Setting next_dagrun for example_task_group to 2026-02-09 00:00:00+00:00, run_after=2026-02-10 00:00:00+00:00
[2026-02-10T20:25:26.743+0000] {processor.py:183} INFO - Processing /home/airflow/.local/lib/python3.8/site-packages/airflow/example_dags/example_task_group.py took 0.053 seconds
[2026-02-10T20:25:57.195+0000] {processor.py:161} INFO - Started process (PID=387) to work on /home/airflow/.local/lib/python3.8/site-packages/airflow/example_dags/example_task_group.py
[2026-02-10T20:25:57.196+0000] {processor.py:830} INFO - Processing file /home/airflow/.local/lib/python3.8/site-packages/airflow/example_dags/example_task_group.py for tasks to queue
[2026-02-10T20:25:57.197+0000] {logging_mixin.py:188} INFO - [2026-02-10T20:25:57.197+0000] {dagbag.py:538} INFO - Filling up the DagBag from /home/airflow/.local/lib/python3.8/site-packages/airflow/example_dags/example_task_group.py
[2026-02-10T20:25:57.200+0000] {processor.py:840} INFO - DAG(s) 'example_task_group' retrieved from /home/airflow/.local/lib/python3.8/site-packages/airflow/example_dags/example_task_group.py
[2026-02-10T20:25:57.209+0000] {logging_mixin.py:188} INFO - [2026-02-10T20:25:57.209+0000] {dag.py:3036} INFO - Sync 1 DAGs
[2026-02-10T20:25:57.216+0000] {logging_mixin.py:188} INFO - [2026-02-10T20:25:57.216+0000] {dag.py:3823} INFO - Setting next_dagrun for example_task_group to 2026-02-09 00:00:00+00:00, run_after=2026-02-10 00:00:00+00:00
[2026-02-10T20:25:57.223+0000] {processor.py:183} INFO - Processing /home/airflow/.local/lib/python3.8/site-packages/airflow/example_dags/example_task_group.py took 0.029 seconds
[2026-02-10T20:26:27.607+0000] {processor.py:161} INFO - Started process (PID=442) to work on /home/airflow/.local/lib/python3.8/site-packages/airflow/example_dags/example_task_group.py
[2026-02-10T20:26:27.608+0000] {processor.py:830} INFO - Processing file /home/airflow/.local/lib/python3.8/site-packages/airflow/example_dags/example_task_group.py for tasks to queue
[2026-02-10T20:26:27.609+0000] {logging_mixin.py:188} INFO - [2026-02-10T20:26:27.609+0000] {dagbag.py:538} INFO - Filling up the DagBag from /home/airflow/.local/lib/python3.8/site-packages/airflow/example_dags/example_task_group.py
[2026-02-10T20:26:27.612+0000] {processor.py:840} INFO - DAG(s) 'example_task_group' retrieved from /home/airflow/.local/lib/python3.8/site-packages/airflow/example_dags/example_task_group.py
[2026-02-10T20:26:27.620+0000] {logging_mixin.py:188} INFO - [2026-02-10T20:26:27.620+0000] {dag.py:3036} INFO - Sync 1 DAGs
[2026-02-10T20:26:27.628+0000] {logging_mixin.py:188} INFO - [2026-02-10T20:26:27.628+0000] {dag.py:3823} INFO - Setting next_dagrun for example_task_group to 2026-02-09 00:00:00+00:00, run_after=2026-02-10 00:00:00+00:00
[2026-02-10T20:26:27.633+0000] {processor.py:183} INFO - Processing /home/airflow/.local/lib/python3.8/site-packages/airflow/example_dags/example_task_group.py took 0.029 seconds
[2026-02-10T20:26:57.987+0000] {processor.py:161} INFO - Started process (PID=497) to work on /home/airflow/.local/lib/python3.8/site-packages/airflow/example_dags/example_task_group.py
[2026-02-10T20:26:57.988+0000] {processor.py:830} INFO - Processing file /home/airflow/.local/lib/python3.8/site-packages/airflow/example_dags/example_task_group.py for tasks to queue
[2026-02-10T20:26:57.989+0000] {logging_mixin.py:188} INFO - [2026-02-10T20:26:57.989+0000] {dagbag.py:538} INFO - Filling up the DagBag from /home/airflow/.local/lib/python3.8/site-packages/airflow/example_dags/example_task_group.py
[2026-02-10T20:26:57.993+0000] {processor.py:840} INFO - DAG(s) 'example_task_group' retrieved from /home/airflow/.local/lib/python3.8/site-packages/airflow/example_dags/example_task_group.py
[2026-02-10T20:26:58.004+0000] {logging_mixin.py:188} INFO - [2026-02-10T20:26:58.004+0000] {dag.py:3036} INFO - Sync 1 DAGs
[2026-02-10T20:26:58.012+0000] {logging_mixin.py:188} INFO - [2026-02-10T20:26:58.012+0000] {dag.py:3823} INFO - Setting next_dagrun for example_task_group to 2026-02-09 00:00:00+00:00, run_after=2026-02-10 00:00:00+00:00
[2026-02-10T20:26:58.022+0000] {processor.py:183} INFO - Processing /home/airflow/.local/lib/python3.8/site-packages/airflow/example_dags/example_task_group.py took 0.037 seconds
[2026-02-10T20:27:28.352+0000] {processor.py:161} INFO - Started process (PID=552) to work on /home/airflow/.local/lib/python3.8/site-packages/airflow/example_dags/example_task_group.py
[2026-02-10T20:27:28.352+0000] {processor.py:830} INFO - Processing file /home/airflow/.local/lib/python3.8/site-packages/airflow/example_dags/example_task_group.py for tasks to queue
[2026-02-10T20:27:28.353+0000] {logging_mixin.py:188} INFO - [2026-02-10T20:27:28.353+0000] {dagbag.py:538} INFO - Filling up the DagBag from /home/airflow/.local/lib/python3.8/site-packages/airflow/example_dags/example_task_group.py
[2026-02-10T20:27:28.356+0000] {processor.py:840} INFO - DAG(s) 'example_task_group' retrieved from /home/airflow/.local/lib/python3.8/site-packages/airflow/example_dags/example_task_group.py
[2026-02-10T20:27:28.365+0000] {logging_mixin.py:188} INFO - [2026-02-10T20:27:28.365+0000] {dag.py:3036} INFO - Sync 1 DAGs
[2026-02-10T20:27:28.373+0000] {logging_mixin.py:188} INFO - [2026-02-10T20:27:28.373+0000] {dag.py:3823} INFO - Setting next_dagrun for example_task_group to 2026-02-09 00:00:00+00:00, run_after=2026-02-10 00:00:00+00:00
[2026-02-10T20:27:28.379+0000] {processor.py:183} INFO - Processing /home/airflow/.local/lib/python3.8/site-packages/airflow/example_dags/example_task_group.py took 0.028 seconds
[2026-02-10T20:27:58.782+0000] {processor.py:161} INFO - Started process (PID=606) to work on /home/airflow/.local/lib/python3.8/site-packages/airflow/example_dags/example_task_group.py
[2026-02-10T20:27:58.783+0000] {processor.py:830} INFO - Processing file /home/airflow/.local/lib/python3.8/site-packages/airflow/example_dags/example_task_group.py for tasks to queue
[2026-02-10T20:27:58.785+0000] {logging_mixin.py:188} INFO - [2026-02-10T20:27:58.785+0000] {dagbag.py:538} INFO - Filling up the DagBag from /home/airflow/.local/lib/python3.8/site-packages/airflow/example_dags/example_task_group.py
[2026-02-10T20:27:58.789+0000] {processor.py:840} INFO - DAG(s) 'example_task_group' retrieved from /home/airflow/.local/lib/python3.8/site-packages/airflow/example_dags/example_task_group.py
[2026-02-10T20:27:58.800+0000] {logging_mixin.py:188} INFO - [2026-02-10T20:27:58.800+0000] {dag.py:3036} INFO - Sync 1 DAGs
[2026-02-10T20:27:58.811+0000] {logging_mixin.py:188} INFO - [2026-02-10T20:27:58.811+0000] {dag.py:3823} INFO - Setting next_dagrun for example_task_group to 2026-02-09 00:00:00+00:00, run_after=2026-02-10 00:00:00+00:00
[2026-02-10T20:27:58.819+0000] {processor.py:183} INFO - Processing /home/airflow/.local/lib/python3.8/site-packages/airflow/example_dags/example_task_group.py took 0.039 seconds
[2026-02-10T20:28:29.383+0000] {processor.py:161} INFO - Started process (PID=661) to work on /home/airflow/.local/lib/python3.8/site-packages/airflow/example_dags/example_task_group.py
[2026-02-10T20:28:29.385+0000] {processor.py:830} INFO - Processing file /home/airflow/.local/lib/python3.8/site-packages/airflow/example_dags/example_task_group.py for tasks to queue
[2026-02-10T20:28:29.386+0000] {logging_mixin.py:188} INFO - [2026-02-10T20:28:29.386+0000] {dagbag.py:538} INFO - Filling up the DagBag from /home/airflow/.local/lib/python3.8/site-packages/airflow/example_dags/example_task_group.py
[2026-02-10T20:28:29.393+0000] {processor.py:840} INFO - DAG(s) 'example_task_group' retrieved from /home/airflow/.local/lib/python3.8/site-packages/airflow/example_dags/example_task_group.py
[2026-02-10T20:28:29.403+0000] {logging_mixin.py:188} INFO - [2026-02-10T20:28:29.403+0000] {dag.py:3036} INFO - Sync 1 DAGs
[2026-02-10T20:28:29.412+0000] {logging_mixin.py:188} INFO - [2026-02-10T20:28:29.412+0000] {dag.py:3823} INFO - Setting next_dagrun for example_task_group to 2026-02-09 00:00:00+00:00, run_after=2026-02-10 00:00:00+00:00
[2026-02-10T20:28:29.422+0000] {processor.py:183} INFO - Processing /home/airflow/.local/lib/python3.8/site-packages/airflow/example_dags/example_task_group.py took 0.041 seconds
[2026-02-10T20:28:59.991+0000] {processor.py:161} INFO - Started process (PID=716) to work on /home/airflow/.local/lib/python3.8/site-packages/airflow/example_dags/example_task_group.py
[2026-02-10T20:28:59.991+0000] {processor.py:830} INFO - Processing file /home/airflow/.local/lib/python3.8/site-packages/airflow/example_dags/example_task_group.py for tasks to queue
[2026-02-10T20:28:59.992+0000] {logging_mixin.py:188} INFO - [2026-02-10T20:28:59.992+0000] {dagbag.py:538} INFO - Filling up the DagBag from /home/airflow/.local/lib/python3.8/site-packages/airflow/example_dags/example_task_group.py
[2026-02-10T20:28:59.998+0000] {processor.py:840} INFO - DAG(s) 'example_task_group' retrieved from /home/airflow/.local/lib/python3.8/site-packages/airflow/example_dags/example_task_group.py
[2026-02-10T20:29:00.009+0000] {logging_mixin.py:188} INFO - [2026-02-10T20:29:00.009+0000] {dag.py:3036} INFO - Sync 1 DAGs
[2026-02-10T20:29:00.018+0000] {logging_mixin.py:188} INFO - [2026-02-10T20:29:00.017+0000] {dag.py:3823} INFO - Setting next_dagrun for example_task_group to 2026-02-09 00:00:00+00:00, run_after=2026-02-10 00:00:00+00:00
[2026-02-10T20:29:00.026+0000] {processor.py:183} INFO - Processing /home/airflow/.local/lib/python3.8/site-packages/airflow/example_dags/example_task_group.py took 0.037 seconds
[2026-02-10T20:29:30.642+0000] {processor.py:161} INFO - Started process (PID=771) to work on /home/airflow/.local/lib/python3.8/site-packages/airflow/example_dags/example_task_group.py
[2026-02-10T20:29:30.646+0000] {processor.py:830} INFO - Processing file /home/airflow/.local/lib/python3.8/site-packages/airflow/example_dags/example_task_group.py for tasks to queue
[2026-02-10T20:29:30.647+0000] {logging_mixin.py:188} INFO - [2026-02-10T20:29:30.647+0000] {dagbag.py:538} INFO - Filling up the DagBag from /home/airflow/.local/lib/python3.8/site-packages/airflow/example_dags/example_task_group.py
[2026-02-10T20:29:30.650+0000] {processor.py:840} INFO - DAG(s) 'example_task_group' retrieved from /home/airflow/.local/lib/python3.8/site-packages/airflow/example_dags/example_task_group.py
[2026-02-10T20:29:30.659+0000] {logging_mixin.py:188} INFO - [2026-02-10T20:29:30.658+0000] {dag.py:3036} INFO - Sync 1 DAGs
[2026-02-10T20:29:30.666+0000] {logging_mixin.py:188} INFO - [2026-02-10T20:29:30.666+0000] {dag.py:3823} INFO - Setting next_dagrun for example_task_group to 2026-02-09 00:00:00+00:00, run_after=2026-02-10 00:00:00+00:00
[2026-02-10T20:29:30.673+0000] {processor.py:183} INFO - Processing /home/airflow/.local/lib/python3.8/site-packages/airflow/example_dags/example_task_group.py took 0.032 seconds
[2026-02-10T20:30:01.125+0000] {processor.py:161} INFO - Started process (PID=826) to work on /home/airflow/.local/lib/python3.8/site-packages/airflow/example_dags/example_task_group.py
[2026-02-10T20:30:01.127+0000] {processor.py:830} INFO - Processing file /home/airflow/.local/lib/python3.8/site-packages/airflow/example_dags/example_task_group.py for tasks to queue
[2026-02-10T20:30:01.128+0000] {logging_mixin.py:188} INFO - [2026-02-10T20:30:01.128+0000] {dagbag.py:538} INFO - Filling up the DagBag from /home/airflow/.local/lib/python3.8/site-packages/airflow/example_dags/example_task_group.py
[2026-02-10T20:30:01.132+0000] {processor.py:840} INFO - DAG(s) 'example_task_group' retrieved from /home/airflow/.local/lib/python3.8/site-packages/airflow/example_dags/example_task_group.py
[2026-02-10T20:30:01.143+0000] {logging_mixin.py:188} INFO - [2026-02-10T20:30:01.143+0000] {dag.py:3036} INFO - Sync 1 DAGs
[2026-02-10T20:30:01.152+0000] {logging_mixin.py:188} INFO - [2026-02-10T20:30:01.152+0000] {dag.py:3823} INFO - Setting next_dagrun for example_task_group to 2026-02-09 00:00:00+00:00, run_after=2026-02-10 00:00:00+00:00
[2026-02-10T20:30:01.159+0000] {processor.py:183} INFO - Processing /home/airflow/.local/lib/python3.8/site-packages/airflow/example_dags/example_task_group.py took 0.036 seconds
[2026-02-10T20:30:31.575+0000] {processor.py:161} INFO - Started process (PID=881) to work on /home/airflow/.local/lib/python3.8/site-packages/airflow/example_dags/example_task_group.py
[2026-02-10T20:30:31.577+0000] {processor.py:830} INFO - Processing file /home/airflow/.local/lib/python3.8/site-packages/airflow/example_dags/example_task_group.py for tasks to queue
[2026-02-10T20:30:31.579+0000] {logging_mixin.py:188} INFO - [2026-02-10T20:30:31.579+0000] {dagbag.py:538} INFO - Filling up the DagBag from /home/airflow/.local/lib/python3.8/site-packages/airflow/example_dags/example_task_group.py
[2026-02-10T20:30:31.582+0000] {processor.py:840} INFO - DAG(s) 'example_task_group' retrieved from /home/airflow/.local/lib/python3.8/site-packages/airflow/example_dags/example_task_group.py
[2026-02-10T20:30:31.590+0000] {logging_mixin.py:188} INFO - [2026-02-10T20:30:31.590+0000] {dag.py:3036} INFO - Sync 1 DAGs
[2026-02-10T20:30:31.597+0000] {logging_mixin.py:188} INFO - [2026-02-10T20:30:31.597+0000] {dag.py:3823} INFO - Setting next_dagrun for example_task_group to 2026-02-09 00:00:00+00:00, run_after=2026-02-10 00:00:00+00:00
[2026-02-10T20:30:31.603+0000] {processor.py:183} INFO - Processing /home/airflow/.local/lib/python3.8/site-packages/airflow/example_dags/example_task_group.py took 0.031 seconds
[2026-02-10T20:31:01.982+0000] {processor.py:161} INFO - Started process (PID=936) to work on /home/airflow/.local/lib/python3.8/site-packages/airflow/example_dags/example_task_group.py
[2026-02-10T20:31:01.985+0000] {processor.py:830} INFO - Processing file /home/airflow/.local/lib/python3.8/site-packages/airflow/example_dags/example_task_group.py for tasks to queue
[2026-02-10T20:31:01.986+0000] {logging_mixin.py:188} INFO - [2026-02-10T20:31:01.986+0000] {dagbag.py:538} INFO - Filling up the DagBag from /home/airflow/.local/lib/python3.8/site-packages/airflow/example_dags/example_task_group.py
[2026-02-10T20:31:01.990+0000] {processor.py:840} INFO - DAG(s) 'example_task_group' retrieved from /home/airflow/.local/lib/python3.8/site-packages/airflow/example_dags/example_task_group.py
[2026-02-10T20:31:02.001+0000] {logging_mixin.py:188} INFO - [2026-02-10T20:31:02.000+0000] {dag.py:3036} INFO - Sync 1 DAGs
[2026-02-10T20:31:02.009+0000] {logging_mixin.py:188} INFO - [2026-02-10T20:31:02.009+0000] {dag.py:3823} INFO - Setting next_dagrun for example_task_group to 2026-02-09 00:00:00+00:00, run_after=2026-02-10 00:00:00+00:00
[2026-02-10T20:31:02.021+0000] {processor.py:183} INFO - Processing /home/airflow/.local/lib/python3.8/site-packages/airflow/example_dags/example_task_group.py took 0.041 seconds
[2026-02-10T20:31:32.399+0000] {processor.py:161} INFO - Started process (PID=991) to work on /home/airflow/.local/lib/python3.8/site-packages/airflow/example_dags/example_task_group.py
[2026-02-10T20:31:32.400+0000] {processor.py:830} INFO - Processing file /home/airflow/.local/lib/python3.8/site-packages/airflow/example_dags/example_task_group.py for tasks to queue
[2026-02-10T20:31:32.403+0000] {logging_mixin.py:188} INFO - [2026-02-10T20:31:32.402+0000] {dagbag.py:538} INFO - Filling up the DagBag from /home/airflow/.local/lib/python3.8/site-packages/airflow/example_dags/example_task_group.py
[2026-02-10T20:31:32.406+0000] {processor.py:840} INFO - DAG(s) 'example_task_group' retrieved from /home/airflow/.local/lib/python3.8/site-packages/airflow/example_dags/example_task_group.py
[2026-02-10T20:31:32.415+0000] {logging_mixin.py:188} INFO - [2026-02-10T20:31:32.415+0000] {dag.py:3036} INFO - Sync 1 DAGs
[2026-02-10T20:31:32.423+0000] {logging_mixin.py:188} INFO - [2026-02-10T20:31:32.423+0000] {dag.py:3823} INFO - Setting next_dagrun for example_task_group to 2026-02-09 00:00:00+00:00, run_after=2026-02-10 00:00:00+00:00
[2026-02-10T20:31:32.429+0000] {processor.py:183} INFO - Processing /home/airflow/.local/lib/python3.8/site-packages/airflow/example_dags/example_task_group.py took 0.031 seconds
[2026-02-10T20:32:02.806+0000] {processor.py:161} INFO - Started process (PID=1046) to work on /home/airflow/.local/lib/python3.8/site-packages/airflow/example_dags/example_task_group.py
[2026-02-10T20:32:02.807+0000] {processor.py:830} INFO - Processing file /home/airflow/.local/lib/python3.8/site-packages/airflow/example_dags/example_task_group.py for tasks to queue
[2026-02-10T20:32:02.807+0000] {logging_mixin.py:188} INFO - [2026-02-10T20:32:02.807+0000] {dagbag.py:538} INFO - Filling up the DagBag from /home/airflow/.local/lib/python3.8/site-packages/airflow/example_dags/example_task_group.py
[2026-02-10T20:32:02.810+0000] {processor.py:840} INFO - DAG(s) 'example_task_group' retrieved from /home/airflow/.local/lib/python3.8/site-packages/airflow/example_dags/example_task_group.py
[2026-02-10T20:32:02.819+0000] {logging_mixin.py:188} INFO - [2026-02-10T20:32:02.819+0000] {dag.py:3036} INFO - Sync 1 DAGs
[2026-02-10T20:32:02.826+0000] {logging_mixin.py:188} INFO - [2026-02-10T20:32:02.826+0000] {dag.py:3823} INFO - Setting next_dagrun for example_task_group to 2026-02-09 00:00:00+00:00, run_after=2026-02-10 00:00:00+00:00
[2026-02-10T20:32:02.832+0000] {processor.py:183} INFO - Processing /home/airflow/.local/lib/python3.8/site-packages/airflow/example_dags/example_task_group.py took 0.028 seconds
[2026-02-10T20:32:33.154+0000] {processor.py:161} INFO - Started process (PID=1101) to work on /home/airflow/.local/lib/python3.8/site-packages/airflow/example_dags/example_task_group.py
[2026-02-10T20:32:33.154+0000] {processor.py:830} INFO - Processing file /home/airflow/.local/lib/python3.8/site-packages/airflow/example_dags/example_task_group.py for tasks to queue
[2026-02-10T20:32:33.156+0000] {logging_mixin.py:188} INFO - [2026-02-10T20:32:33.156+0000] {dagbag.py:538} INFO - Filling up the DagBag from /home/airflow/.local/lib/python3.8/site-packages/airflow/example_dags/example_task_group.py
[2026-02-10T20:32:33.159+0000] {processor.py:840} INFO - DAG(s) 'example_task_group' retrieved from /home/airflow/.local/lib/python3.8/site-packages/airflow/example_dags/example_task_group.py
[2026-02-10T20:32:33.168+0000] {logging_mixin.py:188} INFO - [2026-02-10T20:32:33.168+0000] {dag.py:3036} INFO - Sync 1 DAGs
[2026-02-10T20:32:33.175+0000] {logging_mixin.py:188} INFO - [2026-02-10T20:32:33.175+0000] {dag.py:3823} INFO - Setting next_dagrun for example_task_group to 2026-02-09 00:00:00+00:00, run_after=2026-02-10 00:00:00+00:00
[2026-02-10T20:32:33.181+0000] {processor.py:183} INFO - Processing /home/airflow/.local/lib/python3.8/site-packages/airflow/example_dags/example_task_group.py took 0.029 seconds
[2026-02-10T20:33:03.680+0000] {processor.py:161} INFO - Started process (PID=1157) to work on /home/airflow/.local/lib/python3.8/site-packages/airflow/example_dags/example_task_group.py
[2026-02-10T20:33:03.681+0000] {processor.py:830} INFO - Processing file /home/airflow/.local/lib/python3.8/site-packages/airflow/example_dags/example_task_group.py for tasks to queue
[2026-02-10T20:33:03.682+0000] {logging_mixin.py:188} INFO - [2026-02-10T20:33:03.682+0000] {dagbag.py:538} INFO - Filling up the DagBag from /home/airflow/.local/lib/python3.8/site-packages/airflow/example_dags/example_task_group.py
[2026-02-10T20:33:03.686+0000] {processor.py:840} INFO - DAG(s) 'example_task_group' retrieved from /home/airflow/.local/lib/python3.8/site-packages/airflow/example_dags/example_task_group.py
[2026-02-10T20:33:03.700+0000] {logging_mixin.py:188} INFO - [2026-02-10T20:33:03.700+0000] {dag.py:3036} INFO - Sync 1 DAGs
[2026-02-10T20:33:03.710+0000] {logging_mixin.py:188} INFO - [2026-02-10T20:33:03.710+0000] {dag.py:3823} INFO - Setting next_dagrun for example_task_group to 2026-02-09 00:00:00+00:00, run_after=2026-02-10 00:00:00+00:00
[2026-02-10T20:33:03.716+0000] {processor.py:183} INFO - Processing /home/airflow/.local/lib/python3.8/site-packages/airflow/example_dags/example_task_group.py took 0.038 seconds
[2026-02-10T20:33:34.053+0000] {processor.py:161} INFO - Started process (PID=1213) to work on /home/airflow/.local/lib/python3.8/site-packages/airflow/example_dags/example_task_group.py
[2026-02-10T20:33:34.054+0000] {processor.py:830} INFO - Processing file /home/airflow/.local/lib/python3.8/site-packages/airflow/example_dags/example_task_group.py for tasks to queue
[2026-02-10T20:33:34.055+0000] {logging_mixin.py:188} INFO - [2026-02-10T20:33:34.055+0000] {dagbag.py:538} INFO - Filling up the DagBag from /home/airflow/.local/lib/python3.8/site-packages/airflow/example_dags/example_task_group.py
[2026-02-10T20:33:34.058+0000] {processor.py:840} INFO - DAG(s) 'example_task_group' retrieved from /home/airflow/.local/lib/python3.8/site-packages/airflow/example_dags/example_task_group.py
[2026-02-10T20:33:34.067+0000] {logging_mixin.py:188} INFO - [2026-02-10T20:33:34.067+0000] {dag.py:3036} INFO - Sync 1 DAGs
[2026-02-10T20:33:34.074+0000] {logging_mixin.py:188} INFO - [2026-02-10T20:33:34.074+0000] {dag.py:3823} INFO - Setting next_dagrun for example_task_group to 2026-02-09 00:00:00+00:00, run_after=2026-02-10 00:00:00+00:00
[2026-02-10T20:33:34.083+0000] {processor.py:183} INFO - Processing /home/airflow/.local/lib/python3.8/site-packages/airflow/example_dags/example_task_group.py took 0.031 seconds
[2026-02-10T20:34:04.496+0000] {processor.py:161} INFO - Started process (PID=1269) to work on /home/airflow/.local/lib/python3.8/site-packages/airflow/example_dags/example_task_group.py
[2026-02-10T20:34:04.497+0000] {processor.py:830} INFO - Processing file /home/airflow/.local/lib/python3.8/site-packages/airflow/example_dags/example_task_group.py for tasks to queue
[2026-02-10T20:34:04.498+0000] {logging_mixin.py:188} INFO - [2026-02-10T20:34:04.497+0000] {dagbag.py:538} INFO - Filling up the DagBag from /home/airflow/.local/lib/python3.8/site-packages/airflow/example_dags/example_task_group.py
[2026-02-10T20:34:04.501+0000] {processor.py:840} INFO - DAG(s) 'example_task_group' retrieved from /home/airflow/.local/lib/python3.8/site-packages/airflow/example_dags/example_task_group.py
[2026-02-10T20:34:04.510+0000] {logging_mixin.py:188} INFO - [2026-02-10T20:34:04.510+0000] {dag.py:3036} INFO - Sync 1 DAGs
[2026-02-10T20:34:04.518+0000] {logging_mixin.py:188} INFO - [2026-02-10T20:34:04.518+0000] {dag.py:3823} INFO - Setting next_dagrun for example_task_group to 2026-02-09 00:00:00+00:00, run_after=2026-02-10 00:00:00+00:00
[2026-02-10T20:34:04.524+0000] {processor.py:183} INFO - Processing /home/airflow/.local/lib/python3.8/site-packages/airflow/example_dags/example_task_group.py took 0.030 seconds
