[2026-02-10T20:22:54.122+0000] {processor.py:161} INFO - Started process (PID=55) to work on /home/airflow/.local/lib/python3.8/site-packages/airflow/example_dags/example_branch_labels.py
[2026-02-10T20:22:54.123+0000] {processor.py:830} INFO - Processing file /home/airflow/.local/lib/python3.8/site-packages/airflow/example_dags/example_branch_labels.py for tasks to queue
[2026-02-10T20:22:54.125+0000] {logging_mixin.py:188} INFO - [2026-02-10T20:22:54.124+0000] {dagbag.py:538} INFO - Filling up the DagBag from /home/airflow/.local/lib/python3.8/site-packages/airflow/example_dags/example_branch_labels.py
[2026-02-10T20:22:54.135+0000] {processor.py:840} INFO - DAG(s) 'example_branch_labels' retrieved from /home/airflow/.local/lib/python3.8/site-packages/airflow/example_dags/example_branch_labels.py
[2026-02-10T20:22:54.147+0000] {logging_mixin.py:188} INFO - [2026-02-10T20:22:54.146+0000] {dag.py:3036} INFO - Sync 1 DAGs
[2026-02-10T20:22:54.167+0000] {logging_mixin.py:188} INFO - [2026-02-10T20:22:54.167+0000] {dag.py:3823} INFO - Setting next_dagrun for example_branch_labels to 2026-02-09 00:00:00+00:00, run_after=2026-02-10 00:00:00+00:00
[2026-02-10T20:22:54.199+0000] {processor.py:183} INFO - Processing /home/airflow/.local/lib/python3.8/site-packages/airflow/example_dags/example_branch_labels.py took 0.079 seconds
[2026-02-10T20:23:24.309+0000] {processor.py:161} INFO - Started process (PID=110) to work on /home/airflow/.local/lib/python3.8/site-packages/airflow/example_dags/example_branch_labels.py
[2026-02-10T20:23:24.310+0000] {processor.py:830} INFO - Processing file /home/airflow/.local/lib/python3.8/site-packages/airflow/example_dags/example_branch_labels.py for tasks to queue
[2026-02-10T20:23:24.311+0000] {logging_mixin.py:188} INFO - [2026-02-10T20:23:24.310+0000] {dagbag.py:538} INFO - Filling up the DagBag from /home/airflow/.local/lib/python3.8/site-packages/airflow/example_dags/example_branch_labels.py
[2026-02-10T20:23:24.314+0000] {processor.py:840} INFO - DAG(s) 'example_branch_labels' retrieved from /home/airflow/.local/lib/python3.8/site-packages/airflow/example_dags/example_branch_labels.py
[2026-02-10T20:23:24.353+0000] {logging_mixin.py:188} INFO - [2026-02-10T20:23:24.353+0000] {dag.py:3036} INFO - Sync 1 DAGs
[2026-02-10T20:23:24.360+0000] {logging_mixin.py:188} INFO - [2026-02-10T20:23:24.360+0000] {dag.py:3823} INFO - Setting next_dagrun for example_branch_labels to 2026-02-09 00:00:00+00:00, run_after=2026-02-10 00:00:00+00:00
[2026-02-10T20:23:24.366+0000] {processor.py:183} INFO - Processing /home/airflow/.local/lib/python3.8/site-packages/airflow/example_dags/example_branch_labels.py took 0.058 seconds
[2026-02-10T20:23:55.310+0000] {processor.py:161} INFO - Started process (PID=165) to work on /home/airflow/.local/lib/python3.8/site-packages/airflow/example_dags/example_branch_labels.py
[2026-02-10T20:23:55.311+0000] {processor.py:830} INFO - Processing file /home/airflow/.local/lib/python3.8/site-packages/airflow/example_dags/example_branch_labels.py for tasks to queue
[2026-02-10T20:23:55.311+0000] {logging_mixin.py:188} INFO - [2026-02-10T20:23:55.311+0000] {dagbag.py:538} INFO - Filling up the DagBag from /home/airflow/.local/lib/python3.8/site-packages/airflow/example_dags/example_branch_labels.py
[2026-02-10T20:23:55.315+0000] {processor.py:840} INFO - DAG(s) 'example_branch_labels' retrieved from /home/airflow/.local/lib/python3.8/site-packages/airflow/example_dags/example_branch_labels.py
[2026-02-10T20:23:55.323+0000] {logging_mixin.py:188} INFO - [2026-02-10T20:23:55.323+0000] {dag.py:3036} INFO - Sync 1 DAGs
[2026-02-10T20:23:55.331+0000] {logging_mixin.py:188} INFO - [2026-02-10T20:23:55.331+0000] {dag.py:3823} INFO - Setting next_dagrun for example_branch_labels to 2026-02-09 00:00:00+00:00, run_after=2026-02-10 00:00:00+00:00
[2026-02-10T20:23:55.342+0000] {processor.py:183} INFO - Processing /home/airflow/.local/lib/python3.8/site-packages/airflow/example_dags/example_branch_labels.py took 0.034 seconds
[2026-02-10T20:24:25.717+0000] {processor.py:161} INFO - Started process (PID=220) to work on /home/airflow/.local/lib/python3.8/site-packages/airflow/example_dags/example_branch_labels.py
[2026-02-10T20:24:25.718+0000] {processor.py:830} INFO - Processing file /home/airflow/.local/lib/python3.8/site-packages/airflow/example_dags/example_branch_labels.py for tasks to queue
[2026-02-10T20:24:25.718+0000] {logging_mixin.py:188} INFO - [2026-02-10T20:24:25.718+0000] {dagbag.py:538} INFO - Filling up the DagBag from /home/airflow/.local/lib/python3.8/site-packages/airflow/example_dags/example_branch_labels.py
[2026-02-10T20:24:25.721+0000] {processor.py:840} INFO - DAG(s) 'example_branch_labels' retrieved from /home/airflow/.local/lib/python3.8/site-packages/airflow/example_dags/example_branch_labels.py
[2026-02-10T20:24:25.730+0000] {logging_mixin.py:188} INFO - [2026-02-10T20:24:25.730+0000] {dag.py:3036} INFO - Sync 1 DAGs
[2026-02-10T20:24:25.739+0000] {logging_mixin.py:188} INFO - [2026-02-10T20:24:25.738+0000] {dag.py:3823} INFO - Setting next_dagrun for example_branch_labels to 2026-02-09 00:00:00+00:00, run_after=2026-02-10 00:00:00+00:00
[2026-02-10T20:24:25.752+0000] {processor.py:183} INFO - Processing /home/airflow/.local/lib/python3.8/site-packages/airflow/example_dags/example_branch_labels.py took 0.037 seconds
[2026-02-10T20:24:56.241+0000] {processor.py:161} INFO - Started process (PID=275) to work on /home/airflow/.local/lib/python3.8/site-packages/airflow/example_dags/example_branch_labels.py
[2026-02-10T20:24:56.241+0000] {processor.py:830} INFO - Processing file /home/airflow/.local/lib/python3.8/site-packages/airflow/example_dags/example_branch_labels.py for tasks to queue
[2026-02-10T20:24:56.242+0000] {logging_mixin.py:188} INFO - [2026-02-10T20:24:56.242+0000] {dagbag.py:538} INFO - Filling up the DagBag from /home/airflow/.local/lib/python3.8/site-packages/airflow/example_dags/example_branch_labels.py
[2026-02-10T20:24:56.245+0000] {processor.py:840} INFO - DAG(s) 'example_branch_labels' retrieved from /home/airflow/.local/lib/python3.8/site-packages/airflow/example_dags/example_branch_labels.py
[2026-02-10T20:24:56.256+0000] {logging_mixin.py:188} INFO - [2026-02-10T20:24:56.256+0000] {dag.py:3036} INFO - Sync 1 DAGs
[2026-02-10T20:24:56.264+0000] {logging_mixin.py:188} INFO - [2026-02-10T20:24:56.264+0000] {dag.py:3823} INFO - Setting next_dagrun for example_branch_labels to 2026-02-09 00:00:00+00:00, run_after=2026-02-10 00:00:00+00:00
[2026-02-10T20:24:56.273+0000] {processor.py:183} INFO - Processing /home/airflow/.local/lib/python3.8/site-packages/airflow/example_dags/example_branch_labels.py took 0.034 seconds
[2026-02-10T20:25:26.811+0000] {processor.py:161} INFO - Started process (PID=330) to work on /home/airflow/.local/lib/python3.8/site-packages/airflow/example_dags/example_branch_labels.py
[2026-02-10T20:25:26.812+0000] {processor.py:830} INFO - Processing file /home/airflow/.local/lib/python3.8/site-packages/airflow/example_dags/example_branch_labels.py for tasks to queue
[2026-02-10T20:25:26.814+0000] {logging_mixin.py:188} INFO - [2026-02-10T20:25:26.814+0000] {dagbag.py:538} INFO - Filling up the DagBag from /home/airflow/.local/lib/python3.8/site-packages/airflow/example_dags/example_branch_labels.py
[2026-02-10T20:25:26.818+0000] {processor.py:840} INFO - DAG(s) 'example_branch_labels' retrieved from /home/airflow/.local/lib/python3.8/site-packages/airflow/example_dags/example_branch_labels.py
[2026-02-10T20:25:26.829+0000] {logging_mixin.py:188} INFO - [2026-02-10T20:25:26.829+0000] {dag.py:3036} INFO - Sync 1 DAGs
[2026-02-10T20:25:26.841+0000] {logging_mixin.py:188} INFO - [2026-02-10T20:25:26.841+0000] {dag.py:3823} INFO - Setting next_dagrun for example_branch_labels to 2026-02-09 00:00:00+00:00, run_after=2026-02-10 00:00:00+00:00
[2026-02-10T20:25:26.849+0000] {processor.py:183} INFO - Processing /home/airflow/.local/lib/python3.8/site-packages/airflow/example_dags/example_branch_labels.py took 0.039 seconds
[2026-02-10T20:25:57.290+0000] {processor.py:161} INFO - Started process (PID=391) to work on /home/airflow/.local/lib/python3.8/site-packages/airflow/example_dags/example_branch_labels.py
[2026-02-10T20:25:57.292+0000] {processor.py:830} INFO - Processing file /home/airflow/.local/lib/python3.8/site-packages/airflow/example_dags/example_branch_labels.py for tasks to queue
[2026-02-10T20:25:57.293+0000] {logging_mixin.py:188} INFO - [2026-02-10T20:25:57.293+0000] {dagbag.py:538} INFO - Filling up the DagBag from /home/airflow/.local/lib/python3.8/site-packages/airflow/example_dags/example_branch_labels.py
[2026-02-10T20:25:57.296+0000] {processor.py:840} INFO - DAG(s) 'example_branch_labels' retrieved from /home/airflow/.local/lib/python3.8/site-packages/airflow/example_dags/example_branch_labels.py
[2026-02-10T20:25:57.307+0000] {logging_mixin.py:188} INFO - [2026-02-10T20:25:57.307+0000] {dag.py:3036} INFO - Sync 1 DAGs
[2026-02-10T20:25:57.315+0000] {logging_mixin.py:188} INFO - [2026-02-10T20:25:57.315+0000] {dag.py:3823} INFO - Setting next_dagrun for example_branch_labels to 2026-02-09 00:00:00+00:00, run_after=2026-02-10 00:00:00+00:00
[2026-02-10T20:25:57.324+0000] {processor.py:183} INFO - Processing /home/airflow/.local/lib/python3.8/site-packages/airflow/example_dags/example_branch_labels.py took 0.035 seconds
[2026-02-10T20:26:27.697+0000] {processor.py:161} INFO - Started process (PID=446) to work on /home/airflow/.local/lib/python3.8/site-packages/airflow/example_dags/example_branch_labels.py
[2026-02-10T20:26:27.697+0000] {processor.py:830} INFO - Processing file /home/airflow/.local/lib/python3.8/site-packages/airflow/example_dags/example_branch_labels.py for tasks to queue
[2026-02-10T20:26:27.698+0000] {logging_mixin.py:188} INFO - [2026-02-10T20:26:27.698+0000] {dagbag.py:538} INFO - Filling up the DagBag from /home/airflow/.local/lib/python3.8/site-packages/airflow/example_dags/example_branch_labels.py
[2026-02-10T20:26:27.701+0000] {processor.py:840} INFO - DAG(s) 'example_branch_labels' retrieved from /home/airflow/.local/lib/python3.8/site-packages/airflow/example_dags/example_branch_labels.py
[2026-02-10T20:26:27.708+0000] {logging_mixin.py:188} INFO - [2026-02-10T20:26:27.708+0000] {dag.py:3036} INFO - Sync 1 DAGs
[2026-02-10T20:26:27.716+0000] {logging_mixin.py:188} INFO - [2026-02-10T20:26:27.716+0000] {dag.py:3823} INFO - Setting next_dagrun for example_branch_labels to 2026-02-09 00:00:00+00:00, run_after=2026-02-10 00:00:00+00:00
[2026-02-10T20:26:27.724+0000] {processor.py:183} INFO - Processing /home/airflow/.local/lib/python3.8/site-packages/airflow/example_dags/example_branch_labels.py took 0.029 seconds
[2026-02-10T20:26:58.106+0000] {processor.py:161} INFO - Started process (PID=501) to work on /home/airflow/.local/lib/python3.8/site-packages/airflow/example_dags/example_branch_labels.py
[2026-02-10T20:26:58.107+0000] {processor.py:830} INFO - Processing file /home/airflow/.local/lib/python3.8/site-packages/airflow/example_dags/example_branch_labels.py for tasks to queue
[2026-02-10T20:26:58.107+0000] {logging_mixin.py:188} INFO - [2026-02-10T20:26:58.107+0000] {dagbag.py:538} INFO - Filling up the DagBag from /home/airflow/.local/lib/python3.8/site-packages/airflow/example_dags/example_branch_labels.py
[2026-02-10T20:26:58.110+0000] {processor.py:840} INFO - DAG(s) 'example_branch_labels' retrieved from /home/airflow/.local/lib/python3.8/site-packages/airflow/example_dags/example_branch_labels.py
[2026-02-10T20:26:58.123+0000] {logging_mixin.py:188} INFO - [2026-02-10T20:26:58.121+0000] {dag.py:3036} INFO - Sync 1 DAGs
[2026-02-10T20:26:58.131+0000] {logging_mixin.py:188} INFO - [2026-02-10T20:26:58.131+0000] {dag.py:3823} INFO - Setting next_dagrun for example_branch_labels to 2026-02-09 00:00:00+00:00, run_after=2026-02-10 00:00:00+00:00
[2026-02-10T20:26:58.140+0000] {processor.py:183} INFO - Processing /home/airflow/.local/lib/python3.8/site-packages/airflow/example_dags/example_branch_labels.py took 0.035 seconds
[2026-02-10T20:27:28.442+0000] {processor.py:161} INFO - Started process (PID=556) to work on /home/airflow/.local/lib/python3.8/site-packages/airflow/example_dags/example_branch_labels.py
[2026-02-10T20:27:28.443+0000] {processor.py:830} INFO - Processing file /home/airflow/.local/lib/python3.8/site-packages/airflow/example_dags/example_branch_labels.py for tasks to queue
[2026-02-10T20:27:28.444+0000] {logging_mixin.py:188} INFO - [2026-02-10T20:27:28.444+0000] {dagbag.py:538} INFO - Filling up the DagBag from /home/airflow/.local/lib/python3.8/site-packages/airflow/example_dags/example_branch_labels.py
[2026-02-10T20:27:28.447+0000] {processor.py:840} INFO - DAG(s) 'example_branch_labels' retrieved from /home/airflow/.local/lib/python3.8/site-packages/airflow/example_dags/example_branch_labels.py
[2026-02-10T20:27:28.457+0000] {logging_mixin.py:188} INFO - [2026-02-10T20:27:28.457+0000] {dag.py:3036} INFO - Sync 1 DAGs
[2026-02-10T20:27:28.469+0000] {logging_mixin.py:188} INFO - [2026-02-10T20:27:28.469+0000] {dag.py:3823} INFO - Setting next_dagrun for example_branch_labels to 2026-02-09 00:00:00+00:00, run_after=2026-02-10 00:00:00+00:00
[2026-02-10T20:27:28.478+0000] {processor.py:183} INFO - Processing /home/airflow/.local/lib/python3.8/site-packages/airflow/example_dags/example_branch_labels.py took 0.038 seconds
[2026-02-10T20:27:58.899+0000] {processor.py:161} INFO - Started process (PID=610) to work on /home/airflow/.local/lib/python3.8/site-packages/airflow/example_dags/example_branch_labels.py
[2026-02-10T20:27:58.900+0000] {processor.py:830} INFO - Processing file /home/airflow/.local/lib/python3.8/site-packages/airflow/example_dags/example_branch_labels.py for tasks to queue
[2026-02-10T20:27:58.900+0000] {logging_mixin.py:188} INFO - [2026-02-10T20:27:58.900+0000] {dagbag.py:538} INFO - Filling up the DagBag from /home/airflow/.local/lib/python3.8/site-packages/airflow/example_dags/example_branch_labels.py
[2026-02-10T20:27:58.903+0000] {processor.py:840} INFO - DAG(s) 'example_branch_labels' retrieved from /home/airflow/.local/lib/python3.8/site-packages/airflow/example_dags/example_branch_labels.py
[2026-02-10T20:27:58.913+0000] {logging_mixin.py:188} INFO - [2026-02-10T20:27:58.913+0000] {dag.py:3036} INFO - Sync 1 DAGs
[2026-02-10T20:27:58.925+0000] {logging_mixin.py:188} INFO - [2026-02-10T20:27:58.925+0000] {dag.py:3823} INFO - Setting next_dagrun for example_branch_labels to 2026-02-09 00:00:00+00:00, run_after=2026-02-10 00:00:00+00:00
[2026-02-10T20:27:58.936+0000] {processor.py:183} INFO - Processing /home/airflow/.local/lib/python3.8/site-packages/airflow/example_dags/example_branch_labels.py took 0.038 seconds
[2026-02-10T20:28:29.482+0000] {processor.py:161} INFO - Started process (PID=665) to work on /home/airflow/.local/lib/python3.8/site-packages/airflow/example_dags/example_branch_labels.py
[2026-02-10T20:28:29.483+0000] {processor.py:830} INFO - Processing file /home/airflow/.local/lib/python3.8/site-packages/airflow/example_dags/example_branch_labels.py for tasks to queue
[2026-02-10T20:28:29.485+0000] {logging_mixin.py:188} INFO - [2026-02-10T20:28:29.485+0000] {dagbag.py:538} INFO - Filling up the DagBag from /home/airflow/.local/lib/python3.8/site-packages/airflow/example_dags/example_branch_labels.py
[2026-02-10T20:28:29.488+0000] {processor.py:840} INFO - DAG(s) 'example_branch_labels' retrieved from /home/airflow/.local/lib/python3.8/site-packages/airflow/example_dags/example_branch_labels.py
[2026-02-10T20:28:29.499+0000] {logging_mixin.py:188} INFO - [2026-02-10T20:28:29.499+0000] {dag.py:3036} INFO - Sync 1 DAGs
[2026-02-10T20:28:29.509+0000] {logging_mixin.py:188} INFO - [2026-02-10T20:28:29.509+0000] {dag.py:3823} INFO - Setting next_dagrun for example_branch_labels to 2026-02-09 00:00:00+00:00, run_after=2026-02-10 00:00:00+00:00
[2026-02-10T20:28:29.520+0000] {processor.py:183} INFO - Processing /home/airflow/.local/lib/python3.8/site-packages/airflow/example_dags/example_branch_labels.py took 0.041 seconds
[2026-02-10T20:29:00.127+0000] {processor.py:161} INFO - Started process (PID=720) to work on /home/airflow/.local/lib/python3.8/site-packages/airflow/example_dags/example_branch_labels.py
[2026-02-10T20:29:00.128+0000] {processor.py:830} INFO - Processing file /home/airflow/.local/lib/python3.8/site-packages/airflow/example_dags/example_branch_labels.py for tasks to queue
[2026-02-10T20:29:00.129+0000] {logging_mixin.py:188} INFO - [2026-02-10T20:29:00.129+0000] {dagbag.py:538} INFO - Filling up the DagBag from /home/airflow/.local/lib/python3.8/site-packages/airflow/example_dags/example_branch_labels.py
[2026-02-10T20:29:00.133+0000] {processor.py:840} INFO - DAG(s) 'example_branch_labels' retrieved from /home/airflow/.local/lib/python3.8/site-packages/airflow/example_dags/example_branch_labels.py
[2026-02-10T20:29:00.148+0000] {logging_mixin.py:188} INFO - [2026-02-10T20:29:00.148+0000] {dag.py:3036} INFO - Sync 1 DAGs
[2026-02-10T20:29:00.161+0000] {logging_mixin.py:188} INFO - [2026-02-10T20:29:00.161+0000] {dag.py:3823} INFO - Setting next_dagrun for example_branch_labels to 2026-02-09 00:00:00+00:00, run_after=2026-02-10 00:00:00+00:00
[2026-02-10T20:29:00.170+0000] {processor.py:183} INFO - Processing /home/airflow/.local/lib/python3.8/site-packages/airflow/example_dags/example_branch_labels.py took 0.046 seconds
[2026-02-10T20:29:30.752+0000] {processor.py:161} INFO - Started process (PID=775) to work on /home/airflow/.local/lib/python3.8/site-packages/airflow/example_dags/example_branch_labels.py
[2026-02-10T20:29:30.753+0000] {processor.py:830} INFO - Processing file /home/airflow/.local/lib/python3.8/site-packages/airflow/example_dags/example_branch_labels.py for tasks to queue
[2026-02-10T20:29:30.756+0000] {logging_mixin.py:188} INFO - [2026-02-10T20:29:30.755+0000] {dagbag.py:538} INFO - Filling up the DagBag from /home/airflow/.local/lib/python3.8/site-packages/airflow/example_dags/example_branch_labels.py
[2026-02-10T20:29:30.759+0000] {processor.py:840} INFO - DAG(s) 'example_branch_labels' retrieved from /home/airflow/.local/lib/python3.8/site-packages/airflow/example_dags/example_branch_labels.py
[2026-02-10T20:29:30.771+0000] {logging_mixin.py:188} INFO - [2026-02-10T20:29:30.771+0000] {dag.py:3036} INFO - Sync 1 DAGs
[2026-02-10T20:29:30.779+0000] {logging_mixin.py:188} INFO - [2026-02-10T20:29:30.779+0000] {dag.py:3823} INFO - Setting next_dagrun for example_branch_labels to 2026-02-09 00:00:00+00:00, run_after=2026-02-10 00:00:00+00:00
[2026-02-10T20:29:30.786+0000] {processor.py:183} INFO - Processing /home/airflow/.local/lib/python3.8/site-packages/airflow/example_dags/example_branch_labels.py took 0.035 seconds
[2026-02-10T20:30:01.236+0000] {processor.py:161} INFO - Started process (PID=830) to work on /home/airflow/.local/lib/python3.8/site-packages/airflow/example_dags/example_branch_labels.py
[2026-02-10T20:30:01.237+0000] {processor.py:830} INFO - Processing file /home/airflow/.local/lib/python3.8/site-packages/airflow/example_dags/example_branch_labels.py for tasks to queue
[2026-02-10T20:30:01.238+0000] {logging_mixin.py:188} INFO - [2026-02-10T20:30:01.238+0000] {dagbag.py:538} INFO - Filling up the DagBag from /home/airflow/.local/lib/python3.8/site-packages/airflow/example_dags/example_branch_labels.py
[2026-02-10T20:30:01.241+0000] {processor.py:840} INFO - DAG(s) 'example_branch_labels' retrieved from /home/airflow/.local/lib/python3.8/site-packages/airflow/example_dags/example_branch_labels.py
[2026-02-10T20:30:01.249+0000] {logging_mixin.py:188} INFO - [2026-02-10T20:30:01.249+0000] {dag.py:3036} INFO - Sync 1 DAGs
[2026-02-10T20:30:01.259+0000] {logging_mixin.py:188} INFO - [2026-02-10T20:30:01.259+0000] {dag.py:3823} INFO - Setting next_dagrun for example_branch_labels to 2026-02-09 00:00:00+00:00, run_after=2026-02-10 00:00:00+00:00
[2026-02-10T20:30:01.269+0000] {processor.py:183} INFO - Processing /home/airflow/.local/lib/python3.8/site-packages/airflow/example_dags/example_branch_labels.py took 0.036 seconds
[2026-02-10T20:30:31.666+0000] {processor.py:161} INFO - Started process (PID=885) to work on /home/airflow/.local/lib/python3.8/site-packages/airflow/example_dags/example_branch_labels.py
[2026-02-10T20:30:31.666+0000] {processor.py:830} INFO - Processing file /home/airflow/.local/lib/python3.8/site-packages/airflow/example_dags/example_branch_labels.py for tasks to queue
[2026-02-10T20:30:31.668+0000] {logging_mixin.py:188} INFO - [2026-02-10T20:30:31.668+0000] {dagbag.py:538} INFO - Filling up the DagBag from /home/airflow/.local/lib/python3.8/site-packages/airflow/example_dags/example_branch_labels.py
[2026-02-10T20:30:31.671+0000] {processor.py:840} INFO - DAG(s) 'example_branch_labels' retrieved from /home/airflow/.local/lib/python3.8/site-packages/airflow/example_dags/example_branch_labels.py
[2026-02-10T20:30:31.684+0000] {logging_mixin.py:188} INFO - [2026-02-10T20:30:31.684+0000] {dag.py:3036} INFO - Sync 1 DAGs
[2026-02-10T20:30:31.692+0000] {logging_mixin.py:188} INFO - [2026-02-10T20:30:31.692+0000] {dag.py:3823} INFO - Setting next_dagrun for example_branch_labels to 2026-02-09 00:00:00+00:00, run_after=2026-02-10 00:00:00+00:00
[2026-02-10T20:30:31.701+0000] {processor.py:183} INFO - Processing /home/airflow/.local/lib/python3.8/site-packages/airflow/example_dags/example_branch_labels.py took 0.037 seconds
[2026-02-10T20:31:02.122+0000] {processor.py:161} INFO - Started process (PID=940) to work on /home/airflow/.local/lib/python3.8/site-packages/airflow/example_dags/example_branch_labels.py
[2026-02-10T20:31:02.122+0000] {processor.py:830} INFO - Processing file /home/airflow/.local/lib/python3.8/site-packages/airflow/example_dags/example_branch_labels.py for tasks to queue
[2026-02-10T20:31:02.123+0000] {logging_mixin.py:188} INFO - [2026-02-10T20:31:02.123+0000] {dagbag.py:538} INFO - Filling up the DagBag from /home/airflow/.local/lib/python3.8/site-packages/airflow/example_dags/example_branch_labels.py
[2026-02-10T20:31:02.129+0000] {processor.py:840} INFO - DAG(s) 'example_branch_labels' retrieved from /home/airflow/.local/lib/python3.8/site-packages/airflow/example_dags/example_branch_labels.py
[2026-02-10T20:31:02.141+0000] {logging_mixin.py:188} INFO - [2026-02-10T20:31:02.140+0000] {dag.py:3036} INFO - Sync 1 DAGs
[2026-02-10T20:31:02.156+0000] {logging_mixin.py:188} INFO - [2026-02-10T20:31:02.156+0000] {dag.py:3823} INFO - Setting next_dagrun for example_branch_labels to 2026-02-09 00:00:00+00:00, run_after=2026-02-10 00:00:00+00:00
[2026-02-10T20:31:02.174+0000] {processor.py:183} INFO - Processing /home/airflow/.local/lib/python3.8/site-packages/airflow/example_dags/example_branch_labels.py took 0.054 seconds
[2026-02-10T20:31:32.517+0000] {processor.py:161} INFO - Started process (PID=995) to work on /home/airflow/.local/lib/python3.8/site-packages/airflow/example_dags/example_branch_labels.py
[2026-02-10T20:31:32.519+0000] {processor.py:830} INFO - Processing file /home/airflow/.local/lib/python3.8/site-packages/airflow/example_dags/example_branch_labels.py for tasks to queue
[2026-02-10T20:31:32.520+0000] {logging_mixin.py:188} INFO - [2026-02-10T20:31:32.520+0000] {dagbag.py:538} INFO - Filling up the DagBag from /home/airflow/.local/lib/python3.8/site-packages/airflow/example_dags/example_branch_labels.py
[2026-02-10T20:31:32.525+0000] {processor.py:840} INFO - DAG(s) 'example_branch_labels' retrieved from /home/airflow/.local/lib/python3.8/site-packages/airflow/example_dags/example_branch_labels.py
[2026-02-10T20:31:32.537+0000] {logging_mixin.py:188} INFO - [2026-02-10T20:31:32.537+0000] {dag.py:3036} INFO - Sync 1 DAGs
[2026-02-10T20:31:32.548+0000] {logging_mixin.py:188} INFO - [2026-02-10T20:31:32.548+0000] {dag.py:3823} INFO - Setting next_dagrun for example_branch_labels to 2026-02-09 00:00:00+00:00, run_after=2026-02-10 00:00:00+00:00
[2026-02-10T20:31:32.555+0000] {processor.py:183} INFO - Processing /home/airflow/.local/lib/python3.8/site-packages/airflow/example_dags/example_branch_labels.py took 0.039 seconds
[2026-02-10T20:32:02.898+0000] {processor.py:161} INFO - Started process (PID=1050) to work on /home/airflow/.local/lib/python3.8/site-packages/airflow/example_dags/example_branch_labels.py
[2026-02-10T20:32:02.899+0000] {processor.py:830} INFO - Processing file /home/airflow/.local/lib/python3.8/site-packages/airflow/example_dags/example_branch_labels.py for tasks to queue
[2026-02-10T20:32:02.900+0000] {logging_mixin.py:188} INFO - [2026-02-10T20:32:02.900+0000] {dagbag.py:538} INFO - Filling up the DagBag from /home/airflow/.local/lib/python3.8/site-packages/airflow/example_dags/example_branch_labels.py
[2026-02-10T20:32:02.904+0000] {processor.py:840} INFO - DAG(s) 'example_branch_labels' retrieved from /home/airflow/.local/lib/python3.8/site-packages/airflow/example_dags/example_branch_labels.py
[2026-02-10T20:32:02.914+0000] {logging_mixin.py:188} INFO - [2026-02-10T20:32:02.914+0000] {dag.py:3036} INFO - Sync 1 DAGs
[2026-02-10T20:32:02.922+0000] {logging_mixin.py:188} INFO - [2026-02-10T20:32:02.922+0000] {dag.py:3823} INFO - Setting next_dagrun for example_branch_labels to 2026-02-09 00:00:00+00:00, run_after=2026-02-10 00:00:00+00:00
[2026-02-10T20:32:02.930+0000] {processor.py:183} INFO - Processing /home/airflow/.local/lib/python3.8/site-packages/airflow/example_dags/example_branch_labels.py took 0.033 seconds
[2026-02-10T20:32:33.242+0000] {processor.py:161} INFO - Started process (PID=1105) to work on /home/airflow/.local/lib/python3.8/site-packages/airflow/example_dags/example_branch_labels.py
[2026-02-10T20:32:33.242+0000] {processor.py:830} INFO - Processing file /home/airflow/.local/lib/python3.8/site-packages/airflow/example_dags/example_branch_labels.py for tasks to queue
[2026-02-10T20:32:33.244+0000] {logging_mixin.py:188} INFO - [2026-02-10T20:32:33.244+0000] {dagbag.py:538} INFO - Filling up the DagBag from /home/airflow/.local/lib/python3.8/site-packages/airflow/example_dags/example_branch_labels.py
[2026-02-10T20:32:33.247+0000] {processor.py:840} INFO - DAG(s) 'example_branch_labels' retrieved from /home/airflow/.local/lib/python3.8/site-packages/airflow/example_dags/example_branch_labels.py
[2026-02-10T20:32:33.256+0000] {logging_mixin.py:188} INFO - [2026-02-10T20:32:33.256+0000] {dag.py:3036} INFO - Sync 1 DAGs
[2026-02-10T20:32:33.266+0000] {logging_mixin.py:188} INFO - [2026-02-10T20:32:33.265+0000] {dag.py:3823} INFO - Setting next_dagrun for example_branch_labels to 2026-02-09 00:00:00+00:00, run_after=2026-02-10 00:00:00+00:00
[2026-02-10T20:32:33.273+0000] {processor.py:183} INFO - Processing /home/airflow/.local/lib/python3.8/site-packages/airflow/example_dags/example_branch_labels.py took 0.033 seconds
[2026-02-10T20:33:03.803+0000] {processor.py:161} INFO - Started process (PID=1161) to work on /home/airflow/.local/lib/python3.8/site-packages/airflow/example_dags/example_branch_labels.py
[2026-02-10T20:33:03.804+0000] {processor.py:830} INFO - Processing file /home/airflow/.local/lib/python3.8/site-packages/airflow/example_dags/example_branch_labels.py for tasks to queue
[2026-02-10T20:33:03.804+0000] {logging_mixin.py:188} INFO - [2026-02-10T20:33:03.804+0000] {dagbag.py:538} INFO - Filling up the DagBag from /home/airflow/.local/lib/python3.8/site-packages/airflow/example_dags/example_branch_labels.py
[2026-02-10T20:33:03.807+0000] {processor.py:840} INFO - DAG(s) 'example_branch_labels' retrieved from /home/airflow/.local/lib/python3.8/site-packages/airflow/example_dags/example_branch_labels.py
[2026-02-10T20:33:03.818+0000] {logging_mixin.py:188} INFO - [2026-02-10T20:33:03.817+0000] {dag.py:3036} INFO - Sync 1 DAGs
[2026-02-10T20:33:03.827+0000] {logging_mixin.py:188} INFO - [2026-02-10T20:33:03.827+0000] {dag.py:3823} INFO - Setting next_dagrun for example_branch_labels to 2026-02-09 00:00:00+00:00, run_after=2026-02-10 00:00:00+00:00
[2026-02-10T20:33:03.836+0000] {processor.py:183} INFO - Processing /home/airflow/.local/lib/python3.8/site-packages/airflow/example_dags/example_branch_labels.py took 0.034 seconds
[2026-02-10T20:33:34.168+0000] {processor.py:161} INFO - Started process (PID=1217) to work on /home/airflow/.local/lib/python3.8/site-packages/airflow/example_dags/example_branch_labels.py
[2026-02-10T20:33:34.169+0000] {processor.py:830} INFO - Processing file /home/airflow/.local/lib/python3.8/site-packages/airflow/example_dags/example_branch_labels.py for tasks to queue
[2026-02-10T20:33:34.169+0000] {logging_mixin.py:188} INFO - [2026-02-10T20:33:34.169+0000] {dagbag.py:538} INFO - Filling up the DagBag from /home/airflow/.local/lib/python3.8/site-packages/airflow/example_dags/example_branch_labels.py
[2026-02-10T20:33:34.172+0000] {processor.py:840} INFO - DAG(s) 'example_branch_labels' retrieved from /home/airflow/.local/lib/python3.8/site-packages/airflow/example_dags/example_branch_labels.py
[2026-02-10T20:33:34.182+0000] {logging_mixin.py:188} INFO - [2026-02-10T20:33:34.182+0000] {dag.py:3036} INFO - Sync 1 DAGs
[2026-02-10T20:33:34.192+0000] {logging_mixin.py:188} INFO - [2026-02-10T20:33:34.192+0000] {dag.py:3823} INFO - Setting next_dagrun for example_branch_labels to 2026-02-09 00:00:00+00:00, run_after=2026-02-10 00:00:00+00:00
[2026-02-10T20:33:34.228+0000] {processor.py:183} INFO - Processing /home/airflow/.local/lib/python3.8/site-packages/airflow/example_dags/example_branch_labels.py took 0.061 seconds
[2026-02-10T20:34:04.610+0000] {processor.py:161} INFO - Started process (PID=1273) to work on /home/airflow/.local/lib/python3.8/site-packages/airflow/example_dags/example_branch_labels.py
[2026-02-10T20:34:04.610+0000] {processor.py:830} INFO - Processing file /home/airflow/.local/lib/python3.8/site-packages/airflow/example_dags/example_branch_labels.py for tasks to queue
[2026-02-10T20:34:04.612+0000] {logging_mixin.py:188} INFO - [2026-02-10T20:34:04.612+0000] {dagbag.py:538} INFO - Filling up the DagBag from /home/airflow/.local/lib/python3.8/site-packages/airflow/example_dags/example_branch_labels.py
[2026-02-10T20:34:04.615+0000] {processor.py:840} INFO - DAG(s) 'example_branch_labels' retrieved from /home/airflow/.local/lib/python3.8/site-packages/airflow/example_dags/example_branch_labels.py
[2026-02-10T20:34:04.623+0000] {logging_mixin.py:188} INFO - [2026-02-10T20:34:04.622+0000] {dag.py:3036} INFO - Sync 1 DAGs
[2026-02-10T20:34:04.632+0000] {logging_mixin.py:188} INFO - [2026-02-10T20:34:04.631+0000] {dag.py:3823} INFO - Setting next_dagrun for example_branch_labels to 2026-02-09 00:00:00+00:00, run_after=2026-02-10 00:00:00+00:00
[2026-02-10T20:34:04.638+0000] {processor.py:183} INFO - Processing /home/airflow/.local/lib/python3.8/site-packages/airflow/example_dags/example_branch_labels.py took 0.030 seconds
