[2026-02-10T20:22:54.340+0000] {processor.py:161} INFO - Started process (PID=59) to work on /home/airflow/.local/lib/python3.8/site-packages/airflow/example_dags/example_datasets.py
[2026-02-10T20:22:54.341+0000] {processor.py:830} INFO - Processing file /home/airflow/.local/lib/python3.8/site-packages/airflow/example_dags/example_datasets.py for tasks to queue
[2026-02-10T20:22:54.342+0000] {logging_mixin.py:188} INFO - [2026-02-10T20:22:54.342+0000] {dagbag.py:538} INFO - Filling up the DagBag from /home/airflow/.local/lib/python3.8/site-packages/airflow/example_dags/example_datasets.py
[2026-02-10T20:22:54.349+0000] {processor.py:840} INFO - DAG(s) 'dataset_consumes_1_and_2', 'dataset_consumes_1', 'dataset_produces_2', 'dataset_consumes_1_never_scheduled', 'dataset_produces_1', 'dataset_consumes_unknown_never_scheduled' retrieved from /home/airflow/.local/lib/python3.8/site-packages/airflow/example_dags/example_datasets.py
[2026-02-10T20:22:54.373+0000] {logging_mixin.py:188} INFO - [2026-02-10T20:22:54.372+0000] {dag.py:3036} INFO - Sync 6 DAGs
[2026-02-10T20:22:54.396+0000] {logging_mixin.py:188} INFO - [2026-02-10T20:22:54.396+0000] {dag.py:3823} INFO - Setting next_dagrun for dataset_consumes_1 to None, run_after=None
[2026-02-10T20:22:54.402+0000] {logging_mixin.py:188} INFO - [2026-02-10T20:22:54.402+0000] {dag.py:3823} INFO - Setting next_dagrun for dataset_consumes_1_and_2 to None, run_after=None
[2026-02-10T20:22:54.404+0000] {logging_mixin.py:188} INFO - [2026-02-10T20:22:54.404+0000] {dag.py:3823} INFO - Setting next_dagrun for dataset_consumes_1_never_scheduled to None, run_after=None
[2026-02-10T20:22:54.407+0000] {logging_mixin.py:188} INFO - [2026-02-10T20:22:54.407+0000] {dag.py:3823} INFO - Setting next_dagrun for dataset_consumes_unknown_never_scheduled to None, run_after=None
[2026-02-10T20:22:54.411+0000] {logging_mixin.py:188} INFO - [2026-02-10T20:22:54.411+0000] {dag.py:3823} INFO - Setting next_dagrun for dataset_produces_1 to 2026-02-09 00:00:00+00:00, run_after=2026-02-10 00:00:00+00:00
[2026-02-10T20:22:54.412+0000] {logging_mixin.py:188} INFO - [2026-02-10T20:22:54.412+0000] {dag.py:3823} INFO - Setting next_dagrun for dataset_produces_2 to None, run_after=None
[2026-02-10T20:22:54.436+0000] {processor.py:183} INFO - Processing /home/airflow/.local/lib/python3.8/site-packages/airflow/example_dags/example_datasets.py took 0.099 seconds
[2026-02-10T20:23:24.445+0000] {processor.py:161} INFO - Started process (PID=114) to work on /home/airflow/.local/lib/python3.8/site-packages/airflow/example_dags/example_datasets.py
[2026-02-10T20:23:24.445+0000] {processor.py:830} INFO - Processing file /home/airflow/.local/lib/python3.8/site-packages/airflow/example_dags/example_datasets.py for tasks to queue
[2026-02-10T20:23:24.446+0000] {logging_mixin.py:188} INFO - [2026-02-10T20:23:24.446+0000] {dagbag.py:538} INFO - Filling up the DagBag from /home/airflow/.local/lib/python3.8/site-packages/airflow/example_dags/example_datasets.py
[2026-02-10T20:23:24.449+0000] {processor.py:840} INFO - DAG(s) 'dataset_produces_1', 'dataset_consumes_1_and_2', 'dataset_consumes_unknown_never_scheduled', 'dataset_consumes_1', 'dataset_produces_2', 'dataset_consumes_1_never_scheduled' retrieved from /home/airflow/.local/lib/python3.8/site-packages/airflow/example_dags/example_datasets.py
[2026-02-10T20:23:24.503+0000] {logging_mixin.py:188} INFO - [2026-02-10T20:23:24.502+0000] {dag.py:3036} INFO - Sync 6 DAGs
[2026-02-10T20:23:24.511+0000] {logging_mixin.py:188} INFO - [2026-02-10T20:23:24.511+0000] {dag.py:3823} INFO - Setting next_dagrun for dataset_consumes_1 to None, run_after=None
[2026-02-10T20:23:24.512+0000] {logging_mixin.py:188} INFO - [2026-02-10T20:23:24.512+0000] {dag.py:3823} INFO - Setting next_dagrun for dataset_consumes_1_and_2 to None, run_after=None
[2026-02-10T20:23:24.514+0000] {logging_mixin.py:188} INFO - [2026-02-10T20:23:24.514+0000] {dag.py:3823} INFO - Setting next_dagrun for dataset_consumes_1_never_scheduled to None, run_after=None
[2026-02-10T20:23:24.516+0000] {logging_mixin.py:188} INFO - [2026-02-10T20:23:24.516+0000] {dag.py:3823} INFO - Setting next_dagrun for dataset_consumes_unknown_never_scheduled to None, run_after=None
[2026-02-10T20:23:24.517+0000] {logging_mixin.py:188} INFO - [2026-02-10T20:23:24.517+0000] {dag.py:3823} INFO - Setting next_dagrun for dataset_produces_1 to 2026-02-09 00:00:00+00:00, run_after=2026-02-10 00:00:00+00:00
[2026-02-10T20:23:24.517+0000] {logging_mixin.py:188} INFO - [2026-02-10T20:23:24.517+0000] {dag.py:3823} INFO - Setting next_dagrun for dataset_produces_2 to None, run_after=None
[2026-02-10T20:23:24.535+0000] {processor.py:183} INFO - Processing /home/airflow/.local/lib/python3.8/site-packages/airflow/example_dags/example_datasets.py took 0.092 seconds
[2026-02-10T20:23:55.399+0000] {processor.py:161} INFO - Started process (PID=169) to work on /home/airflow/.local/lib/python3.8/site-packages/airflow/example_dags/example_datasets.py
[2026-02-10T20:23:55.400+0000] {processor.py:830} INFO - Processing file /home/airflow/.local/lib/python3.8/site-packages/airflow/example_dags/example_datasets.py for tasks to queue
[2026-02-10T20:23:55.400+0000] {logging_mixin.py:188} INFO - [2026-02-10T20:23:55.400+0000] {dagbag.py:538} INFO - Filling up the DagBag from /home/airflow/.local/lib/python3.8/site-packages/airflow/example_dags/example_datasets.py
[2026-02-10T20:23:55.404+0000] {processor.py:840} INFO - DAG(s) 'dataset_produces_1', 'dataset_consumes_unknown_never_scheduled', 'dataset_consumes_1_never_scheduled', 'dataset_produces_2', 'dataset_consumes_1', 'dataset_consumes_1_and_2' retrieved from /home/airflow/.local/lib/python3.8/site-packages/airflow/example_dags/example_datasets.py
[2026-02-10T20:23:55.415+0000] {logging_mixin.py:188} INFO - [2026-02-10T20:23:55.415+0000] {dag.py:3036} INFO - Sync 6 DAGs
[2026-02-10T20:23:55.422+0000] {logging_mixin.py:188} INFO - [2026-02-10T20:23:55.422+0000] {dag.py:3823} INFO - Setting next_dagrun for dataset_consumes_1 to None, run_after=None
[2026-02-10T20:23:55.423+0000] {logging_mixin.py:188} INFO - [2026-02-10T20:23:55.423+0000] {dag.py:3823} INFO - Setting next_dagrun for dataset_consumes_1_and_2 to None, run_after=None
[2026-02-10T20:23:55.424+0000] {logging_mixin.py:188} INFO - [2026-02-10T20:23:55.424+0000] {dag.py:3823} INFO - Setting next_dagrun for dataset_consumes_1_never_scheduled to None, run_after=None
[2026-02-10T20:23:55.424+0000] {logging_mixin.py:188} INFO - [2026-02-10T20:23:55.424+0000] {dag.py:3823} INFO - Setting next_dagrun for dataset_consumes_unknown_never_scheduled to None, run_after=None
[2026-02-10T20:23:55.425+0000] {logging_mixin.py:188} INFO - [2026-02-10T20:23:55.425+0000] {dag.py:3823} INFO - Setting next_dagrun for dataset_produces_1 to 2026-02-09 00:00:00+00:00, run_after=2026-02-10 00:00:00+00:00
[2026-02-10T20:23:55.425+0000] {logging_mixin.py:188} INFO - [2026-02-10T20:23:55.425+0000] {dag.py:3823} INFO - Setting next_dagrun for dataset_produces_2 to None, run_after=None
[2026-02-10T20:23:55.435+0000] {processor.py:183} INFO - Processing /home/airflow/.local/lib/python3.8/site-packages/airflow/example_dags/example_datasets.py took 0.037 seconds
[2026-02-10T20:24:25.809+0000] {processor.py:161} INFO - Started process (PID=224) to work on /home/airflow/.local/lib/python3.8/site-packages/airflow/example_dags/example_datasets.py
[2026-02-10T20:24:25.810+0000] {processor.py:830} INFO - Processing file /home/airflow/.local/lib/python3.8/site-packages/airflow/example_dags/example_datasets.py for tasks to queue
[2026-02-10T20:24:25.811+0000] {logging_mixin.py:188} INFO - [2026-02-10T20:24:25.811+0000] {dagbag.py:538} INFO - Filling up the DagBag from /home/airflow/.local/lib/python3.8/site-packages/airflow/example_dags/example_datasets.py
[2026-02-10T20:24:25.814+0000] {processor.py:840} INFO - DAG(s) 'dataset_consumes_unknown_never_scheduled', 'dataset_produces_2', 'dataset_produces_1', 'dataset_consumes_1_and_2', 'dataset_consumes_1_never_scheduled', 'dataset_consumes_1' retrieved from /home/airflow/.local/lib/python3.8/site-packages/airflow/example_dags/example_datasets.py
[2026-02-10T20:24:25.827+0000] {logging_mixin.py:188} INFO - [2026-02-10T20:24:25.827+0000] {dag.py:3036} INFO - Sync 6 DAGs
[2026-02-10T20:24:25.835+0000] {logging_mixin.py:188} INFO - [2026-02-10T20:24:25.835+0000] {dag.py:3823} INFO - Setting next_dagrun for dataset_consumes_1 to None, run_after=None
[2026-02-10T20:24:25.836+0000] {logging_mixin.py:188} INFO - [2026-02-10T20:24:25.836+0000] {dag.py:3823} INFO - Setting next_dagrun for dataset_consumes_1_and_2 to None, run_after=None
[2026-02-10T20:24:25.836+0000] {logging_mixin.py:188} INFO - [2026-02-10T20:24:25.836+0000] {dag.py:3823} INFO - Setting next_dagrun for dataset_consumes_1_never_scheduled to None, run_after=None
[2026-02-10T20:24:25.839+0000] {logging_mixin.py:188} INFO - [2026-02-10T20:24:25.839+0000] {dag.py:3823} INFO - Setting next_dagrun for dataset_consumes_unknown_never_scheduled to None, run_after=None
[2026-02-10T20:24:25.840+0000] {logging_mixin.py:188} INFO - [2026-02-10T20:24:25.840+0000] {dag.py:3823} INFO - Setting next_dagrun for dataset_produces_1 to 2026-02-09 00:00:00+00:00, run_after=2026-02-10 00:00:00+00:00
[2026-02-10T20:24:25.842+0000] {logging_mixin.py:188} INFO - [2026-02-10T20:24:25.842+0000] {dag.py:3823} INFO - Setting next_dagrun for dataset_produces_2 to None, run_after=None
[2026-02-10T20:24:25.854+0000] {processor.py:183} INFO - Processing /home/airflow/.local/lib/python3.8/site-packages/airflow/example_dags/example_datasets.py took 0.046 seconds
[2026-02-10T20:24:56.333+0000] {processor.py:161} INFO - Started process (PID=279) to work on /home/airflow/.local/lib/python3.8/site-packages/airflow/example_dags/example_datasets.py
[2026-02-10T20:24:56.333+0000] {processor.py:830} INFO - Processing file /home/airflow/.local/lib/python3.8/site-packages/airflow/example_dags/example_datasets.py for tasks to queue
[2026-02-10T20:24:56.334+0000] {logging_mixin.py:188} INFO - [2026-02-10T20:24:56.334+0000] {dagbag.py:538} INFO - Filling up the DagBag from /home/airflow/.local/lib/python3.8/site-packages/airflow/example_dags/example_datasets.py
[2026-02-10T20:24:56.338+0000] {processor.py:840} INFO - DAG(s) 'dataset_produces_1', 'dataset_consumes_1_never_scheduled', 'dataset_consumes_1_and_2', 'dataset_consumes_1', 'dataset_consumes_unknown_never_scheduled', 'dataset_produces_2' retrieved from /home/airflow/.local/lib/python3.8/site-packages/airflow/example_dags/example_datasets.py
[2026-02-10T20:24:56.355+0000] {logging_mixin.py:188} INFO - [2026-02-10T20:24:56.355+0000] {dag.py:3036} INFO - Sync 6 DAGs
[2026-02-10T20:24:56.365+0000] {logging_mixin.py:188} INFO - [2026-02-10T20:24:56.364+0000] {dag.py:3823} INFO - Setting next_dagrun for dataset_consumes_1 to None, run_after=None
[2026-02-10T20:24:56.366+0000] {logging_mixin.py:188} INFO - [2026-02-10T20:24:56.366+0000] {dag.py:3823} INFO - Setting next_dagrun for dataset_consumes_1_and_2 to None, run_after=None
[2026-02-10T20:24:56.366+0000] {logging_mixin.py:188} INFO - [2026-02-10T20:24:56.366+0000] {dag.py:3823} INFO - Setting next_dagrun for dataset_consumes_1_never_scheduled to None, run_after=None
[2026-02-10T20:24:56.368+0000] {logging_mixin.py:188} INFO - [2026-02-10T20:24:56.368+0000] {dag.py:3823} INFO - Setting next_dagrun for dataset_consumes_unknown_never_scheduled to None, run_after=None
[2026-02-10T20:24:56.369+0000] {logging_mixin.py:188} INFO - [2026-02-10T20:24:56.369+0000] {dag.py:3823} INFO - Setting next_dagrun for dataset_produces_1 to 2026-02-09 00:00:00+00:00, run_after=2026-02-10 00:00:00+00:00
[2026-02-10T20:24:56.370+0000] {logging_mixin.py:188} INFO - [2026-02-10T20:24:56.370+0000] {dag.py:3823} INFO - Setting next_dagrun for dataset_produces_2 to None, run_after=None
[2026-02-10T20:24:56.385+0000] {processor.py:183} INFO - Processing /home/airflow/.local/lib/python3.8/site-packages/airflow/example_dags/example_datasets.py took 0.054 seconds
[2026-02-10T20:25:26.942+0000] {processor.py:161} INFO - Started process (PID=340) to work on /home/airflow/.local/lib/python3.8/site-packages/airflow/example_dags/example_datasets.py
[2026-02-10T20:25:26.943+0000] {processor.py:830} INFO - Processing file /home/airflow/.local/lib/python3.8/site-packages/airflow/example_dags/example_datasets.py for tasks to queue
[2026-02-10T20:25:26.943+0000] {logging_mixin.py:188} INFO - [2026-02-10T20:25:26.943+0000] {dagbag.py:538} INFO - Filling up the DagBag from /home/airflow/.local/lib/python3.8/site-packages/airflow/example_dags/example_datasets.py
[2026-02-10T20:25:26.947+0000] {processor.py:840} INFO - DAG(s) 'dataset_consumes_1_never_scheduled', 'dataset_consumes_unknown_never_scheduled', 'dataset_consumes_1_and_2', 'dataset_consumes_1', 'dataset_produces_1', 'dataset_produces_2' retrieved from /home/airflow/.local/lib/python3.8/site-packages/airflow/example_dags/example_datasets.py
[2026-02-10T20:25:26.960+0000] {logging_mixin.py:188} INFO - [2026-02-10T20:25:26.959+0000] {dag.py:3036} INFO - Sync 6 DAGs
[2026-02-10T20:25:26.967+0000] {logging_mixin.py:188} INFO - [2026-02-10T20:25:26.967+0000] {dag.py:3823} INFO - Setting next_dagrun for dataset_consumes_1 to None, run_after=None
[2026-02-10T20:25:26.968+0000] {logging_mixin.py:188} INFO - [2026-02-10T20:25:26.968+0000] {dag.py:3823} INFO - Setting next_dagrun for dataset_consumes_1_and_2 to None, run_after=None
[2026-02-10T20:25:26.969+0000] {logging_mixin.py:188} INFO - [2026-02-10T20:25:26.969+0000] {dag.py:3823} INFO - Setting next_dagrun for dataset_consumes_1_never_scheduled to None, run_after=None
[2026-02-10T20:25:26.969+0000] {logging_mixin.py:188} INFO - [2026-02-10T20:25:26.969+0000] {dag.py:3823} INFO - Setting next_dagrun for dataset_consumes_unknown_never_scheduled to None, run_after=None
[2026-02-10T20:25:26.970+0000] {logging_mixin.py:188} INFO - [2026-02-10T20:25:26.970+0000] {dag.py:3823} INFO - Setting next_dagrun for dataset_produces_1 to 2026-02-09 00:00:00+00:00, run_after=2026-02-10 00:00:00+00:00
[2026-02-10T20:25:26.970+0000] {logging_mixin.py:188} INFO - [2026-02-10T20:25:26.970+0000] {dag.py:3823} INFO - Setting next_dagrun for dataset_produces_2 to None, run_after=None
[2026-02-10T20:25:26.979+0000] {processor.py:183} INFO - Processing /home/airflow/.local/lib/python3.8/site-packages/airflow/example_dags/example_datasets.py took 0.038 seconds
[2026-02-10T20:25:57.404+0000] {processor.py:161} INFO - Started process (PID=395) to work on /home/airflow/.local/lib/python3.8/site-packages/airflow/example_dags/example_datasets.py
[2026-02-10T20:25:57.405+0000] {processor.py:830} INFO - Processing file /home/airflow/.local/lib/python3.8/site-packages/airflow/example_dags/example_datasets.py for tasks to queue
[2026-02-10T20:25:57.406+0000] {logging_mixin.py:188} INFO - [2026-02-10T20:25:57.406+0000] {dagbag.py:538} INFO - Filling up the DagBag from /home/airflow/.local/lib/python3.8/site-packages/airflow/example_dags/example_datasets.py
[2026-02-10T20:25:57.410+0000] {processor.py:840} INFO - DAG(s) 'dataset_consumes_unknown_never_scheduled', 'dataset_consumes_1_never_scheduled', 'dataset_produces_1', 'dataset_consumes_1', 'dataset_consumes_1_and_2', 'dataset_produces_2' retrieved from /home/airflow/.local/lib/python3.8/site-packages/airflow/example_dags/example_datasets.py
[2026-02-10T20:25:57.422+0000] {logging_mixin.py:188} INFO - [2026-02-10T20:25:57.422+0000] {dag.py:3036} INFO - Sync 6 DAGs
[2026-02-10T20:25:57.432+0000] {logging_mixin.py:188} INFO - [2026-02-10T20:25:57.432+0000] {dag.py:3823} INFO - Setting next_dagrun for dataset_consumes_1 to None, run_after=None
[2026-02-10T20:25:57.434+0000] {logging_mixin.py:188} INFO - [2026-02-10T20:25:57.434+0000] {dag.py:3823} INFO - Setting next_dagrun for dataset_consumes_1_and_2 to None, run_after=None
[2026-02-10T20:25:57.435+0000] {logging_mixin.py:188} INFO - [2026-02-10T20:25:57.435+0000] {dag.py:3823} INFO - Setting next_dagrun for dataset_consumes_1_never_scheduled to None, run_after=None
[2026-02-10T20:25:57.435+0000] {logging_mixin.py:188} INFO - [2026-02-10T20:25:57.435+0000] {dag.py:3823} INFO - Setting next_dagrun for dataset_consumes_unknown_never_scheduled to None, run_after=None
[2026-02-10T20:25:57.436+0000] {logging_mixin.py:188} INFO - [2026-02-10T20:25:57.436+0000] {dag.py:3823} INFO - Setting next_dagrun for dataset_produces_1 to 2026-02-09 00:00:00+00:00, run_after=2026-02-10 00:00:00+00:00
[2026-02-10T20:25:57.437+0000] {logging_mixin.py:188} INFO - [2026-02-10T20:25:57.437+0000] {dag.py:3823} INFO - Setting next_dagrun for dataset_produces_2 to None, run_after=None
[2026-02-10T20:25:57.447+0000] {processor.py:183} INFO - Processing /home/airflow/.local/lib/python3.8/site-packages/airflow/example_dags/example_datasets.py took 0.045 seconds
[2026-02-10T20:26:27.803+0000] {processor.py:161} INFO - Started process (PID=450) to work on /home/airflow/.local/lib/python3.8/site-packages/airflow/example_dags/example_datasets.py
[2026-02-10T20:26:27.804+0000] {processor.py:830} INFO - Processing file /home/airflow/.local/lib/python3.8/site-packages/airflow/example_dags/example_datasets.py for tasks to queue
[2026-02-10T20:26:27.805+0000] {logging_mixin.py:188} INFO - [2026-02-10T20:26:27.805+0000] {dagbag.py:538} INFO - Filling up the DagBag from /home/airflow/.local/lib/python3.8/site-packages/airflow/example_dags/example_datasets.py
[2026-02-10T20:26:27.809+0000] {processor.py:840} INFO - DAG(s) 'dataset_consumes_1_and_2', 'dataset_produces_2', 'dataset_produces_1', 'dataset_consumes_unknown_never_scheduled', 'dataset_consumes_1_never_scheduled', 'dataset_consumes_1' retrieved from /home/airflow/.local/lib/python3.8/site-packages/airflow/example_dags/example_datasets.py
[2026-02-10T20:26:27.822+0000] {logging_mixin.py:188} INFO - [2026-02-10T20:26:27.822+0000] {dag.py:3036} INFO - Sync 6 DAGs
[2026-02-10T20:26:27.834+0000] {logging_mixin.py:188} INFO - [2026-02-10T20:26:27.834+0000] {dag.py:3823} INFO - Setting next_dagrun for dataset_consumes_1 to None, run_after=None
[2026-02-10T20:26:27.836+0000] {logging_mixin.py:188} INFO - [2026-02-10T20:26:27.836+0000] {dag.py:3823} INFO - Setting next_dagrun for dataset_consumes_1_and_2 to None, run_after=None
[2026-02-10T20:26:27.836+0000] {logging_mixin.py:188} INFO - [2026-02-10T20:26:27.836+0000] {dag.py:3823} INFO - Setting next_dagrun for dataset_consumes_1_never_scheduled to None, run_after=None
[2026-02-10T20:26:27.837+0000] {logging_mixin.py:188} INFO - [2026-02-10T20:26:27.837+0000] {dag.py:3823} INFO - Setting next_dagrun for dataset_consumes_unknown_never_scheduled to None, run_after=None
[2026-02-10T20:26:27.838+0000] {logging_mixin.py:188} INFO - [2026-02-10T20:26:27.838+0000] {dag.py:3823} INFO - Setting next_dagrun for dataset_produces_1 to 2026-02-09 00:00:00+00:00, run_after=2026-02-10 00:00:00+00:00
[2026-02-10T20:26:27.838+0000] {logging_mixin.py:188} INFO - [2026-02-10T20:26:27.838+0000] {dag.py:3823} INFO - Setting next_dagrun for dataset_produces_2 to None, run_after=None
[2026-02-10T20:26:27.852+0000] {processor.py:183} INFO - Processing /home/airflow/.local/lib/python3.8/site-packages/airflow/example_dags/example_datasets.py took 0.050 seconds
[2026-02-10T20:26:58.184+0000] {processor.py:161} INFO - Started process (PID=505) to work on /home/airflow/.local/lib/python3.8/site-packages/airflow/example_dags/example_datasets.py
[2026-02-10T20:26:58.188+0000] {processor.py:830} INFO - Processing file /home/airflow/.local/lib/python3.8/site-packages/airflow/example_dags/example_datasets.py for tasks to queue
[2026-02-10T20:26:58.188+0000] {logging_mixin.py:188} INFO - [2026-02-10T20:26:58.188+0000] {dagbag.py:538} INFO - Filling up the DagBag from /home/airflow/.local/lib/python3.8/site-packages/airflow/example_dags/example_datasets.py
[2026-02-10T20:26:58.193+0000] {processor.py:840} INFO - DAG(s) 'dataset_produces_1', 'dataset_consumes_1_never_scheduled', 'dataset_consumes_1_and_2', 'dataset_consumes_1', 'dataset_consumes_unknown_never_scheduled', 'dataset_produces_2' retrieved from /home/airflow/.local/lib/python3.8/site-packages/airflow/example_dags/example_datasets.py
[2026-02-10T20:26:58.208+0000] {logging_mixin.py:188} INFO - [2026-02-10T20:26:58.208+0000] {dag.py:3036} INFO - Sync 6 DAGs
[2026-02-10T20:26:58.216+0000] {logging_mixin.py:188} INFO - [2026-02-10T20:26:58.215+0000] {dag.py:3823} INFO - Setting next_dagrun for dataset_consumes_1 to None, run_after=None
[2026-02-10T20:26:58.217+0000] {logging_mixin.py:188} INFO - [2026-02-10T20:26:58.217+0000] {dag.py:3823} INFO - Setting next_dagrun for dataset_consumes_1_and_2 to None, run_after=None
[2026-02-10T20:26:58.217+0000] {logging_mixin.py:188} INFO - [2026-02-10T20:26:58.217+0000] {dag.py:3823} INFO - Setting next_dagrun for dataset_consumes_1_never_scheduled to None, run_after=None
[2026-02-10T20:26:58.218+0000] {logging_mixin.py:188} INFO - [2026-02-10T20:26:58.218+0000] {dag.py:3823} INFO - Setting next_dagrun for dataset_consumes_unknown_never_scheduled to None, run_after=None
[2026-02-10T20:26:58.219+0000] {logging_mixin.py:188} INFO - [2026-02-10T20:26:58.218+0000] {dag.py:3823} INFO - Setting next_dagrun for dataset_produces_1 to 2026-02-09 00:00:00+00:00, run_after=2026-02-10 00:00:00+00:00
[2026-02-10T20:26:58.219+0000] {logging_mixin.py:188} INFO - [2026-02-10T20:26:58.219+0000] {dag.py:3823} INFO - Setting next_dagrun for dataset_produces_2 to None, run_after=None
[2026-02-10T20:26:58.228+0000] {processor.py:183} INFO - Processing /home/airflow/.local/lib/python3.8/site-packages/airflow/example_dags/example_datasets.py took 0.045 seconds
[2026-02-10T20:27:28.551+0000] {processor.py:161} INFO - Started process (PID=560) to work on /home/airflow/.local/lib/python3.8/site-packages/airflow/example_dags/example_datasets.py
[2026-02-10T20:27:28.552+0000] {processor.py:830} INFO - Processing file /home/airflow/.local/lib/python3.8/site-packages/airflow/example_dags/example_datasets.py for tasks to queue
[2026-02-10T20:27:28.552+0000] {logging_mixin.py:188} INFO - [2026-02-10T20:27:28.552+0000] {dagbag.py:538} INFO - Filling up the DagBag from /home/airflow/.local/lib/python3.8/site-packages/airflow/example_dags/example_datasets.py
[2026-02-10T20:27:28.556+0000] {processor.py:840} INFO - DAG(s) 'dataset_consumes_1_never_scheduled', 'dataset_consumes_1', 'dataset_produces_1', 'dataset_produces_2', 'dataset_consumes_unknown_never_scheduled', 'dataset_consumes_1_and_2' retrieved from /home/airflow/.local/lib/python3.8/site-packages/airflow/example_dags/example_datasets.py
[2026-02-10T20:27:28.571+0000] {logging_mixin.py:188} INFO - [2026-02-10T20:27:28.571+0000] {dag.py:3036} INFO - Sync 6 DAGs
[2026-02-10T20:27:28.579+0000] {logging_mixin.py:188} INFO - [2026-02-10T20:27:28.579+0000] {dag.py:3823} INFO - Setting next_dagrun for dataset_consumes_1 to None, run_after=None
[2026-02-10T20:27:28.580+0000] {logging_mixin.py:188} INFO - [2026-02-10T20:27:28.580+0000] {dag.py:3823} INFO - Setting next_dagrun for dataset_consumes_1_and_2 to None, run_after=None
[2026-02-10T20:27:28.581+0000] {logging_mixin.py:188} INFO - [2026-02-10T20:27:28.581+0000] {dag.py:3823} INFO - Setting next_dagrun for dataset_consumes_1_never_scheduled to None, run_after=None
[2026-02-10T20:27:28.582+0000] {logging_mixin.py:188} INFO - [2026-02-10T20:27:28.582+0000] {dag.py:3823} INFO - Setting next_dagrun for dataset_consumes_unknown_never_scheduled to None, run_after=None
[2026-02-10T20:27:28.585+0000] {logging_mixin.py:188} INFO - [2026-02-10T20:27:28.585+0000] {dag.py:3823} INFO - Setting next_dagrun for dataset_produces_1 to 2026-02-09 00:00:00+00:00, run_after=2026-02-10 00:00:00+00:00
[2026-02-10T20:27:28.587+0000] {logging_mixin.py:188} INFO - [2026-02-10T20:27:28.587+0000] {dag.py:3823} INFO - Setting next_dagrun for dataset_produces_2 to None, run_after=None
[2026-02-10T20:27:28.601+0000] {processor.py:183} INFO - Processing /home/airflow/.local/lib/python3.8/site-packages/airflow/example_dags/example_datasets.py took 0.051 seconds
[2026-02-10T20:27:58.998+0000] {processor.py:161} INFO - Started process (PID=614) to work on /home/airflow/.local/lib/python3.8/site-packages/airflow/example_dags/example_datasets.py
[2026-02-10T20:27:58.999+0000] {processor.py:830} INFO - Processing file /home/airflow/.local/lib/python3.8/site-packages/airflow/example_dags/example_datasets.py for tasks to queue
[2026-02-10T20:27:59.000+0000] {logging_mixin.py:188} INFO - [2026-02-10T20:27:59.000+0000] {dagbag.py:538} INFO - Filling up the DagBag from /home/airflow/.local/lib/python3.8/site-packages/airflow/example_dags/example_datasets.py
[2026-02-10T20:27:59.004+0000] {processor.py:840} INFO - DAG(s) 'dataset_produces_2', 'dataset_produces_1', 'dataset_consumes_1_never_scheduled', 'dataset_consumes_unknown_never_scheduled', 'dataset_consumes_1_and_2', 'dataset_consumes_1' retrieved from /home/airflow/.local/lib/python3.8/site-packages/airflow/example_dags/example_datasets.py
[2026-02-10T20:27:59.018+0000] {logging_mixin.py:188} INFO - [2026-02-10T20:27:59.017+0000] {dag.py:3036} INFO - Sync 6 DAGs
[2026-02-10T20:27:59.026+0000] {logging_mixin.py:188} INFO - [2026-02-10T20:27:59.026+0000] {dag.py:3823} INFO - Setting next_dagrun for dataset_consumes_1 to None, run_after=None
[2026-02-10T20:27:59.028+0000] {logging_mixin.py:188} INFO - [2026-02-10T20:27:59.028+0000] {dag.py:3823} INFO - Setting next_dagrun for dataset_consumes_1_and_2 to None, run_after=None
[2026-02-10T20:27:59.028+0000] {logging_mixin.py:188} INFO - [2026-02-10T20:27:59.028+0000] {dag.py:3823} INFO - Setting next_dagrun for dataset_consumes_1_never_scheduled to None, run_after=None
[2026-02-10T20:27:59.029+0000] {logging_mixin.py:188} INFO - [2026-02-10T20:27:59.029+0000] {dag.py:3823} INFO - Setting next_dagrun for dataset_consumes_unknown_never_scheduled to None, run_after=None
[2026-02-10T20:27:59.030+0000] {logging_mixin.py:188} INFO - [2026-02-10T20:27:59.030+0000] {dag.py:3823} INFO - Setting next_dagrun for dataset_produces_1 to 2026-02-09 00:00:00+00:00, run_after=2026-02-10 00:00:00+00:00
[2026-02-10T20:27:59.030+0000] {logging_mixin.py:188} INFO - [2026-02-10T20:27:59.030+0000] {dag.py:3823} INFO - Setting next_dagrun for dataset_produces_2 to None, run_after=None
[2026-02-10T20:27:59.043+0000] {processor.py:183} INFO - Processing /home/airflow/.local/lib/python3.8/site-packages/airflow/example_dags/example_datasets.py took 0.047 seconds
[2026-02-10T20:28:29.617+0000] {processor.py:161} INFO - Started process (PID=669) to work on /home/airflow/.local/lib/python3.8/site-packages/airflow/example_dags/example_datasets.py
[2026-02-10T20:28:29.618+0000] {processor.py:830} INFO - Processing file /home/airflow/.local/lib/python3.8/site-packages/airflow/example_dags/example_datasets.py for tasks to queue
[2026-02-10T20:28:29.619+0000] {logging_mixin.py:188} INFO - [2026-02-10T20:28:29.619+0000] {dagbag.py:538} INFO - Filling up the DagBag from /home/airflow/.local/lib/python3.8/site-packages/airflow/example_dags/example_datasets.py
[2026-02-10T20:28:29.625+0000] {processor.py:840} INFO - DAG(s) 'dataset_consumes_1_never_scheduled', 'dataset_consumes_unknown_never_scheduled', 'dataset_produces_2', 'dataset_consumes_1', 'dataset_consumes_1_and_2', 'dataset_produces_1' retrieved from /home/airflow/.local/lib/python3.8/site-packages/airflow/example_dags/example_datasets.py
[2026-02-10T20:28:29.642+0000] {logging_mixin.py:188} INFO - [2026-02-10T20:28:29.642+0000] {dag.py:3036} INFO - Sync 6 DAGs
[2026-02-10T20:28:29.650+0000] {logging_mixin.py:188} INFO - [2026-02-10T20:28:29.650+0000] {dag.py:3823} INFO - Setting next_dagrun for dataset_consumes_1 to None, run_after=None
[2026-02-10T20:28:29.652+0000] {logging_mixin.py:188} INFO - [2026-02-10T20:28:29.652+0000] {dag.py:3823} INFO - Setting next_dagrun for dataset_consumes_1_and_2 to None, run_after=None
[2026-02-10T20:28:29.653+0000] {logging_mixin.py:188} INFO - [2026-02-10T20:28:29.653+0000] {dag.py:3823} INFO - Setting next_dagrun for dataset_consumes_1_never_scheduled to None, run_after=None
[2026-02-10T20:28:29.654+0000] {logging_mixin.py:188} INFO - [2026-02-10T20:28:29.654+0000] {dag.py:3823} INFO - Setting next_dagrun for dataset_consumes_unknown_never_scheduled to None, run_after=None
[2026-02-10T20:28:29.655+0000] {logging_mixin.py:188} INFO - [2026-02-10T20:28:29.655+0000] {dag.py:3823} INFO - Setting next_dagrun for dataset_produces_1 to 2026-02-09 00:00:00+00:00, run_after=2026-02-10 00:00:00+00:00
[2026-02-10T20:28:29.655+0000] {logging_mixin.py:188} INFO - [2026-02-10T20:28:29.655+0000] {dag.py:3823} INFO - Setting next_dagrun for dataset_produces_2 to None, run_after=None
[2026-02-10T20:28:29.666+0000] {processor.py:183} INFO - Processing /home/airflow/.local/lib/python3.8/site-packages/airflow/example_dags/example_datasets.py took 0.050 seconds
[2026-02-10T20:29:00.235+0000] {processor.py:161} INFO - Started process (PID=724) to work on /home/airflow/.local/lib/python3.8/site-packages/airflow/example_dags/example_datasets.py
[2026-02-10T20:29:00.236+0000] {processor.py:830} INFO - Processing file /home/airflow/.local/lib/python3.8/site-packages/airflow/example_dags/example_datasets.py for tasks to queue
[2026-02-10T20:29:00.237+0000] {logging_mixin.py:188} INFO - [2026-02-10T20:29:00.237+0000] {dagbag.py:538} INFO - Filling up the DagBag from /home/airflow/.local/lib/python3.8/site-packages/airflow/example_dags/example_datasets.py
[2026-02-10T20:29:00.240+0000] {processor.py:840} INFO - DAG(s) 'dataset_consumes_1_never_scheduled', 'dataset_consumes_unknown_never_scheduled', 'dataset_produces_2', 'dataset_produces_1', 'dataset_consumes_1_and_2', 'dataset_consumes_1' retrieved from /home/airflow/.local/lib/python3.8/site-packages/airflow/example_dags/example_datasets.py
[2026-02-10T20:29:00.262+0000] {logging_mixin.py:188} INFO - [2026-02-10T20:29:00.262+0000] {dag.py:3036} INFO - Sync 6 DAGs
[2026-02-10T20:29:00.271+0000] {logging_mixin.py:188} INFO - [2026-02-10T20:29:00.271+0000] {dag.py:3823} INFO - Setting next_dagrun for dataset_consumes_1 to None, run_after=None
[2026-02-10T20:29:00.273+0000] {logging_mixin.py:188} INFO - [2026-02-10T20:29:00.272+0000] {dag.py:3823} INFO - Setting next_dagrun for dataset_consumes_1_and_2 to None, run_after=None
[2026-02-10T20:29:00.273+0000] {logging_mixin.py:188} INFO - [2026-02-10T20:29:00.273+0000] {dag.py:3823} INFO - Setting next_dagrun for dataset_consumes_1_never_scheduled to None, run_after=None
[2026-02-10T20:29:00.274+0000] {logging_mixin.py:188} INFO - [2026-02-10T20:29:00.274+0000] {dag.py:3823} INFO - Setting next_dagrun for dataset_consumes_unknown_never_scheduled to None, run_after=None
[2026-02-10T20:29:00.276+0000] {logging_mixin.py:188} INFO - [2026-02-10T20:29:00.276+0000] {dag.py:3823} INFO - Setting next_dagrun for dataset_produces_1 to 2026-02-09 00:00:00+00:00, run_after=2026-02-10 00:00:00+00:00
[2026-02-10T20:29:00.277+0000] {logging_mixin.py:188} INFO - [2026-02-10T20:29:00.277+0000] {dag.py:3823} INFO - Setting next_dagrun for dataset_produces_2 to None, run_after=None
[2026-02-10T20:29:00.288+0000] {processor.py:183} INFO - Processing /home/airflow/.local/lib/python3.8/site-packages/airflow/example_dags/example_datasets.py took 0.054 seconds
[2026-02-10T20:29:30.840+0000] {processor.py:161} INFO - Started process (PID=779) to work on /home/airflow/.local/lib/python3.8/site-packages/airflow/example_dags/example_datasets.py
[2026-02-10T20:29:30.841+0000] {processor.py:830} INFO - Processing file /home/airflow/.local/lib/python3.8/site-packages/airflow/example_dags/example_datasets.py for tasks to queue
[2026-02-10T20:29:30.841+0000] {logging_mixin.py:188} INFO - [2026-02-10T20:29:30.841+0000] {dagbag.py:538} INFO - Filling up the DagBag from /home/airflow/.local/lib/python3.8/site-packages/airflow/example_dags/example_datasets.py
[2026-02-10T20:29:30.845+0000] {processor.py:840} INFO - DAG(s) 'dataset_produces_1', 'dataset_consumes_1_and_2', 'dataset_consumes_1_never_scheduled', 'dataset_consumes_unknown_never_scheduled', 'dataset_consumes_1', 'dataset_produces_2' retrieved from /home/airflow/.local/lib/python3.8/site-packages/airflow/example_dags/example_datasets.py
[2026-02-10T20:29:30.858+0000] {logging_mixin.py:188} INFO - [2026-02-10T20:29:30.858+0000] {dag.py:3036} INFO - Sync 6 DAGs
[2026-02-10T20:29:30.867+0000] {logging_mixin.py:188} INFO - [2026-02-10T20:29:30.867+0000] {dag.py:3823} INFO - Setting next_dagrun for dataset_consumes_1 to None, run_after=None
[2026-02-10T20:29:30.868+0000] {logging_mixin.py:188} INFO - [2026-02-10T20:29:30.868+0000] {dag.py:3823} INFO - Setting next_dagrun for dataset_consumes_1_and_2 to None, run_after=None
[2026-02-10T20:29:30.868+0000] {logging_mixin.py:188} INFO - [2026-02-10T20:29:30.868+0000] {dag.py:3823} INFO - Setting next_dagrun for dataset_consumes_1_never_scheduled to None, run_after=None
[2026-02-10T20:29:30.870+0000] {logging_mixin.py:188} INFO - [2026-02-10T20:29:30.870+0000] {dag.py:3823} INFO - Setting next_dagrun for dataset_consumes_unknown_never_scheduled to None, run_after=None
[2026-02-10T20:29:30.874+0000] {logging_mixin.py:188} INFO - [2026-02-10T20:29:30.874+0000] {dag.py:3823} INFO - Setting next_dagrun for dataset_produces_1 to 2026-02-09 00:00:00+00:00, run_after=2026-02-10 00:00:00+00:00
[2026-02-10T20:29:30.875+0000] {logging_mixin.py:188} INFO - [2026-02-10T20:29:30.875+0000] {dag.py:3823} INFO - Setting next_dagrun for dataset_produces_2 to None, run_after=None
[2026-02-10T20:29:30.892+0000] {processor.py:183} INFO - Processing /home/airflow/.local/lib/python3.8/site-packages/airflow/example_dags/example_datasets.py took 0.053 seconds
[2026-02-10T20:30:01.362+0000] {processor.py:161} INFO - Started process (PID=834) to work on /home/airflow/.local/lib/python3.8/site-packages/airflow/example_dags/example_datasets.py
[2026-02-10T20:30:01.363+0000] {processor.py:830} INFO - Processing file /home/airflow/.local/lib/python3.8/site-packages/airflow/example_dags/example_datasets.py for tasks to queue
[2026-02-10T20:30:01.363+0000] {logging_mixin.py:188} INFO - [2026-02-10T20:30:01.363+0000] {dagbag.py:538} INFO - Filling up the DagBag from /home/airflow/.local/lib/python3.8/site-packages/airflow/example_dags/example_datasets.py
[2026-02-10T20:30:01.368+0000] {processor.py:840} INFO - DAG(s) 'dataset_consumes_1', 'dataset_produces_1', 'dataset_consumes_1_and_2', 'dataset_produces_2', 'dataset_consumes_1_never_scheduled', 'dataset_consumes_unknown_never_scheduled' retrieved from /home/airflow/.local/lib/python3.8/site-packages/airflow/example_dags/example_datasets.py
[2026-02-10T20:30:01.386+0000] {logging_mixin.py:188} INFO - [2026-02-10T20:30:01.386+0000] {dag.py:3036} INFO - Sync 6 DAGs
[2026-02-10T20:30:01.395+0000] {logging_mixin.py:188} INFO - [2026-02-10T20:30:01.395+0000] {dag.py:3823} INFO - Setting next_dagrun for dataset_consumes_1 to None, run_after=None
[2026-02-10T20:30:01.398+0000] {logging_mixin.py:188} INFO - [2026-02-10T20:30:01.398+0000] {dag.py:3823} INFO - Setting next_dagrun for dataset_consumes_1_and_2 to None, run_after=None
[2026-02-10T20:30:01.399+0000] {logging_mixin.py:188} INFO - [2026-02-10T20:30:01.399+0000] {dag.py:3823} INFO - Setting next_dagrun for dataset_consumes_1_never_scheduled to None, run_after=None
[2026-02-10T20:30:01.399+0000] {logging_mixin.py:188} INFO - [2026-02-10T20:30:01.399+0000] {dag.py:3823} INFO - Setting next_dagrun for dataset_consumes_unknown_never_scheduled to None, run_after=None
[2026-02-10T20:30:01.400+0000] {logging_mixin.py:188} INFO - [2026-02-10T20:30:01.400+0000] {dag.py:3823} INFO - Setting next_dagrun for dataset_produces_1 to 2026-02-09 00:00:00+00:00, run_after=2026-02-10 00:00:00+00:00
[2026-02-10T20:30:01.402+0000] {logging_mixin.py:188} INFO - [2026-02-10T20:30:01.401+0000] {dag.py:3823} INFO - Setting next_dagrun for dataset_produces_2 to None, run_after=None
[2026-02-10T20:30:01.414+0000] {processor.py:183} INFO - Processing /home/airflow/.local/lib/python3.8/site-packages/airflow/example_dags/example_datasets.py took 0.053 seconds
[2026-02-10T20:30:31.785+0000] {processor.py:161} INFO - Started process (PID=889) to work on /home/airflow/.local/lib/python3.8/site-packages/airflow/example_dags/example_datasets.py
[2026-02-10T20:30:31.786+0000] {processor.py:830} INFO - Processing file /home/airflow/.local/lib/python3.8/site-packages/airflow/example_dags/example_datasets.py for tasks to queue
[2026-02-10T20:30:31.786+0000] {logging_mixin.py:188} INFO - [2026-02-10T20:30:31.786+0000] {dagbag.py:538} INFO - Filling up the DagBag from /home/airflow/.local/lib/python3.8/site-packages/airflow/example_dags/example_datasets.py
[2026-02-10T20:30:31.790+0000] {processor.py:840} INFO - DAG(s) 'dataset_consumes_1_never_scheduled', 'dataset_produces_1', 'dataset_consumes_1', 'dataset_produces_2', 'dataset_consumes_unknown_never_scheduled', 'dataset_consumes_1_and_2' retrieved from /home/airflow/.local/lib/python3.8/site-packages/airflow/example_dags/example_datasets.py
[2026-02-10T20:30:31.811+0000] {logging_mixin.py:188} INFO - [2026-02-10T20:30:31.811+0000] {dag.py:3036} INFO - Sync 6 DAGs
[2026-02-10T20:30:31.818+0000] {logging_mixin.py:188} INFO - [2026-02-10T20:30:31.818+0000] {dag.py:3823} INFO - Setting next_dagrun for dataset_consumes_1 to None, run_after=None
[2026-02-10T20:30:31.820+0000] {logging_mixin.py:188} INFO - [2026-02-10T20:30:31.820+0000] {dag.py:3823} INFO - Setting next_dagrun for dataset_consumes_1_and_2 to None, run_after=None
[2026-02-10T20:30:31.821+0000] {logging_mixin.py:188} INFO - [2026-02-10T20:30:31.821+0000] {dag.py:3823} INFO - Setting next_dagrun for dataset_consumes_1_never_scheduled to None, run_after=None
[2026-02-10T20:30:31.821+0000] {logging_mixin.py:188} INFO - [2026-02-10T20:30:31.821+0000] {dag.py:3823} INFO - Setting next_dagrun for dataset_consumes_unknown_never_scheduled to None, run_after=None
[2026-02-10T20:30:31.823+0000] {logging_mixin.py:188} INFO - [2026-02-10T20:30:31.823+0000] {dag.py:3823} INFO - Setting next_dagrun for dataset_produces_1 to 2026-02-09 00:00:00+00:00, run_after=2026-02-10 00:00:00+00:00
[2026-02-10T20:30:31.824+0000] {logging_mixin.py:188} INFO - [2026-02-10T20:30:31.824+0000] {dag.py:3823} INFO - Setting next_dagrun for dataset_produces_2 to None, run_after=None
[2026-02-10T20:30:31.839+0000] {processor.py:183} INFO - Processing /home/airflow/.local/lib/python3.8/site-packages/airflow/example_dags/example_datasets.py took 0.055 seconds
[2026-02-10T20:31:02.253+0000] {processor.py:161} INFO - Started process (PID=944) to work on /home/airflow/.local/lib/python3.8/site-packages/airflow/example_dags/example_datasets.py
[2026-02-10T20:31:02.253+0000] {processor.py:830} INFO - Processing file /home/airflow/.local/lib/python3.8/site-packages/airflow/example_dags/example_datasets.py for tasks to queue
[2026-02-10T20:31:02.254+0000] {logging_mixin.py:188} INFO - [2026-02-10T20:31:02.254+0000] {dagbag.py:538} INFO - Filling up the DagBag from /home/airflow/.local/lib/python3.8/site-packages/airflow/example_dags/example_datasets.py
[2026-02-10T20:31:02.258+0000] {processor.py:840} INFO - DAG(s) 'dataset_consumes_1_never_scheduled', 'dataset_produces_1', 'dataset_consumes_1', 'dataset_produces_2', 'dataset_consumes_1_and_2', 'dataset_consumes_unknown_never_scheduled' retrieved from /home/airflow/.local/lib/python3.8/site-packages/airflow/example_dags/example_datasets.py
[2026-02-10T20:31:02.273+0000] {logging_mixin.py:188} INFO - [2026-02-10T20:31:02.273+0000] {dag.py:3036} INFO - Sync 6 DAGs
[2026-02-10T20:31:02.283+0000] {logging_mixin.py:188} INFO - [2026-02-10T20:31:02.283+0000] {dag.py:3823} INFO - Setting next_dagrun for dataset_consumes_1 to None, run_after=None
[2026-02-10T20:31:02.285+0000] {logging_mixin.py:188} INFO - [2026-02-10T20:31:02.285+0000] {dag.py:3823} INFO - Setting next_dagrun for dataset_consumes_1_and_2 to None, run_after=None
[2026-02-10T20:31:02.286+0000] {logging_mixin.py:188} INFO - [2026-02-10T20:31:02.286+0000] {dag.py:3823} INFO - Setting next_dagrun for dataset_consumes_1_never_scheduled to None, run_after=None
[2026-02-10T20:31:02.287+0000] {logging_mixin.py:188} INFO - [2026-02-10T20:31:02.287+0000] {dag.py:3823} INFO - Setting next_dagrun for dataset_consumes_unknown_never_scheduled to None, run_after=None
[2026-02-10T20:31:02.288+0000] {logging_mixin.py:188} INFO - [2026-02-10T20:31:02.288+0000] {dag.py:3823} INFO - Setting next_dagrun for dataset_produces_1 to 2026-02-09 00:00:00+00:00, run_after=2026-02-10 00:00:00+00:00
[2026-02-10T20:31:02.289+0000] {logging_mixin.py:188} INFO - [2026-02-10T20:31:02.289+0000] {dag.py:3823} INFO - Setting next_dagrun for dataset_produces_2 to None, run_after=None
[2026-02-10T20:31:02.302+0000] {processor.py:183} INFO - Processing /home/airflow/.local/lib/python3.8/site-packages/airflow/example_dags/example_datasets.py took 0.050 seconds
[2026-02-10T20:31:32.604+0000] {processor.py:161} INFO - Started process (PID=999) to work on /home/airflow/.local/lib/python3.8/site-packages/airflow/example_dags/example_datasets.py
[2026-02-10T20:31:32.604+0000] {processor.py:830} INFO - Processing file /home/airflow/.local/lib/python3.8/site-packages/airflow/example_dags/example_datasets.py for tasks to queue
[2026-02-10T20:31:32.605+0000] {logging_mixin.py:188} INFO - [2026-02-10T20:31:32.605+0000] {dagbag.py:538} INFO - Filling up the DagBag from /home/airflow/.local/lib/python3.8/site-packages/airflow/example_dags/example_datasets.py
[2026-02-10T20:31:32.609+0000] {processor.py:840} INFO - DAG(s) 'dataset_produces_1', 'dataset_consumes_unknown_never_scheduled', 'dataset_produces_2', 'dataset_consumes_1_never_scheduled', 'dataset_consumes_1', 'dataset_consumes_1_and_2' retrieved from /home/airflow/.local/lib/python3.8/site-packages/airflow/example_dags/example_datasets.py
[2026-02-10T20:31:32.629+0000] {logging_mixin.py:188} INFO - [2026-02-10T20:31:32.629+0000] {dag.py:3036} INFO - Sync 6 DAGs
[2026-02-10T20:31:32.637+0000] {logging_mixin.py:188} INFO - [2026-02-10T20:31:32.637+0000] {dag.py:3823} INFO - Setting next_dagrun for dataset_consumes_1 to None, run_after=None
[2026-02-10T20:31:32.639+0000] {logging_mixin.py:188} INFO - [2026-02-10T20:31:32.639+0000] {dag.py:3823} INFO - Setting next_dagrun for dataset_consumes_1_and_2 to None, run_after=None
[2026-02-10T20:31:32.639+0000] {logging_mixin.py:188} INFO - [2026-02-10T20:31:32.639+0000] {dag.py:3823} INFO - Setting next_dagrun for dataset_consumes_1_never_scheduled to None, run_after=None
[2026-02-10T20:31:32.640+0000] {logging_mixin.py:188} INFO - [2026-02-10T20:31:32.640+0000] {dag.py:3823} INFO - Setting next_dagrun for dataset_consumes_unknown_never_scheduled to None, run_after=None
[2026-02-10T20:31:32.641+0000] {logging_mixin.py:188} INFO - [2026-02-10T20:31:32.641+0000] {dag.py:3823} INFO - Setting next_dagrun for dataset_produces_1 to 2026-02-09 00:00:00+00:00, run_after=2026-02-10 00:00:00+00:00
[2026-02-10T20:31:32.644+0000] {logging_mixin.py:188} INFO - [2026-02-10T20:31:32.643+0000] {dag.py:3823} INFO - Setting next_dagrun for dataset_produces_2 to None, run_after=None
[2026-02-10T20:31:32.657+0000] {processor.py:183} INFO - Processing /home/airflow/.local/lib/python3.8/site-packages/airflow/example_dags/example_datasets.py took 0.054 seconds
[2026-02-10T20:32:02.995+0000] {processor.py:161} INFO - Started process (PID=1054) to work on /home/airflow/.local/lib/python3.8/site-packages/airflow/example_dags/example_datasets.py
[2026-02-10T20:32:02.998+0000] {processor.py:830} INFO - Processing file /home/airflow/.local/lib/python3.8/site-packages/airflow/example_dags/example_datasets.py for tasks to queue
[2026-02-10T20:32:03.000+0000] {logging_mixin.py:188} INFO - [2026-02-10T20:32:02.999+0000] {dagbag.py:538} INFO - Filling up the DagBag from /home/airflow/.local/lib/python3.8/site-packages/airflow/example_dags/example_datasets.py
[2026-02-10T20:32:03.003+0000] {processor.py:840} INFO - DAG(s) 'dataset_consumes_1', 'dataset_consumes_1_and_2', 'dataset_consumes_unknown_never_scheduled', 'dataset_produces_2', 'dataset_produces_1', 'dataset_consumes_1_never_scheduled' retrieved from /home/airflow/.local/lib/python3.8/site-packages/airflow/example_dags/example_datasets.py
[2026-02-10T20:32:03.020+0000] {logging_mixin.py:188} INFO - [2026-02-10T20:32:03.020+0000] {dag.py:3036} INFO - Sync 6 DAGs
[2026-02-10T20:32:03.028+0000] {logging_mixin.py:188} INFO - [2026-02-10T20:32:03.028+0000] {dag.py:3823} INFO - Setting next_dagrun for dataset_consumes_1 to None, run_after=None
[2026-02-10T20:32:03.031+0000] {logging_mixin.py:188} INFO - [2026-02-10T20:32:03.031+0000] {dag.py:3823} INFO - Setting next_dagrun for dataset_consumes_1_and_2 to None, run_after=None
[2026-02-10T20:32:03.031+0000] {logging_mixin.py:188} INFO - [2026-02-10T20:32:03.031+0000] {dag.py:3823} INFO - Setting next_dagrun for dataset_consumes_1_never_scheduled to None, run_after=None
[2026-02-10T20:32:03.032+0000] {logging_mixin.py:188} INFO - [2026-02-10T20:32:03.032+0000] {dag.py:3823} INFO - Setting next_dagrun for dataset_consumes_unknown_never_scheduled to None, run_after=None
[2026-02-10T20:32:03.033+0000] {logging_mixin.py:188} INFO - [2026-02-10T20:32:03.033+0000] {dag.py:3823} INFO - Setting next_dagrun for dataset_produces_1 to 2026-02-09 00:00:00+00:00, run_after=2026-02-10 00:00:00+00:00
[2026-02-10T20:32:03.033+0000] {logging_mixin.py:188} INFO - [2026-02-10T20:32:03.033+0000] {dag.py:3823} INFO - Setting next_dagrun for dataset_produces_2 to None, run_after=None
[2026-02-10T20:32:03.051+0000] {processor.py:183} INFO - Processing /home/airflow/.local/lib/python3.8/site-packages/airflow/example_dags/example_datasets.py took 0.058 seconds
[2026-02-10T20:32:33.346+0000] {processor.py:161} INFO - Started process (PID=1109) to work on /home/airflow/.local/lib/python3.8/site-packages/airflow/example_dags/example_datasets.py
[2026-02-10T20:32:33.346+0000] {processor.py:830} INFO - Processing file /home/airflow/.local/lib/python3.8/site-packages/airflow/example_dags/example_datasets.py for tasks to queue
[2026-02-10T20:32:33.347+0000] {logging_mixin.py:188} INFO - [2026-02-10T20:32:33.347+0000] {dagbag.py:538} INFO - Filling up the DagBag from /home/airflow/.local/lib/python3.8/site-packages/airflow/example_dags/example_datasets.py
[2026-02-10T20:32:33.354+0000] {processor.py:840} INFO - DAG(s) 'dataset_consumes_1_never_scheduled', 'dataset_consumes_unknown_never_scheduled', 'dataset_produces_2', 'dataset_consumes_1', 'dataset_produces_1', 'dataset_consumes_1_and_2' retrieved from /home/airflow/.local/lib/python3.8/site-packages/airflow/example_dags/example_datasets.py
[2026-02-10T20:32:33.367+0000] {logging_mixin.py:188} INFO - [2026-02-10T20:32:33.367+0000] {dag.py:3036} INFO - Sync 6 DAGs
[2026-02-10T20:32:33.375+0000] {logging_mixin.py:188} INFO - [2026-02-10T20:32:33.375+0000] {dag.py:3823} INFO - Setting next_dagrun for dataset_consumes_1 to None, run_after=None
[2026-02-10T20:32:33.379+0000] {logging_mixin.py:188} INFO - [2026-02-10T20:32:33.379+0000] {dag.py:3823} INFO - Setting next_dagrun for dataset_consumes_1_and_2 to None, run_after=None
[2026-02-10T20:32:33.382+0000] {logging_mixin.py:188} INFO - [2026-02-10T20:32:33.382+0000] {dag.py:3823} INFO - Setting next_dagrun for dataset_consumes_1_never_scheduled to None, run_after=None
[2026-02-10T20:32:33.383+0000] {logging_mixin.py:188} INFO - [2026-02-10T20:32:33.383+0000] {dag.py:3823} INFO - Setting next_dagrun for dataset_consumes_unknown_never_scheduled to None, run_after=None
[2026-02-10T20:32:33.384+0000] {logging_mixin.py:188} INFO - [2026-02-10T20:32:33.384+0000] {dag.py:3823} INFO - Setting next_dagrun for dataset_produces_1 to 2026-02-09 00:00:00+00:00, run_after=2026-02-10 00:00:00+00:00
[2026-02-10T20:32:33.385+0000] {logging_mixin.py:188} INFO - [2026-02-10T20:32:33.385+0000] {dag.py:3823} INFO - Setting next_dagrun for dataset_produces_2 to None, run_after=None
[2026-02-10T20:32:33.398+0000] {processor.py:183} INFO - Processing /home/airflow/.local/lib/python3.8/site-packages/airflow/example_dags/example_datasets.py took 0.053 seconds
[2026-02-10T20:33:03.890+0000] {processor.py:161} INFO - Started process (PID=1165) to work on /home/airflow/.local/lib/python3.8/site-packages/airflow/example_dags/example_datasets.py
[2026-02-10T20:33:03.891+0000] {processor.py:830} INFO - Processing file /home/airflow/.local/lib/python3.8/site-packages/airflow/example_dags/example_datasets.py for tasks to queue
[2026-02-10T20:33:03.891+0000] {logging_mixin.py:188} INFO - [2026-02-10T20:33:03.891+0000] {dagbag.py:538} INFO - Filling up the DagBag from /home/airflow/.local/lib/python3.8/site-packages/airflow/example_dags/example_datasets.py
[2026-02-10T20:33:03.895+0000] {processor.py:840} INFO - DAG(s) 'dataset_consumes_1_and_2', 'dataset_consumes_1_never_scheduled', 'dataset_produces_1', 'dataset_produces_2', 'dataset_consumes_unknown_never_scheduled', 'dataset_consumes_1' retrieved from /home/airflow/.local/lib/python3.8/site-packages/airflow/example_dags/example_datasets.py
[2026-02-10T20:33:03.907+0000] {logging_mixin.py:188} INFO - [2026-02-10T20:33:03.907+0000] {dag.py:3036} INFO - Sync 6 DAGs
[2026-02-10T20:33:03.916+0000] {logging_mixin.py:188} INFO - [2026-02-10T20:33:03.916+0000] {dag.py:3823} INFO - Setting next_dagrun for dataset_consumes_1 to None, run_after=None
[2026-02-10T20:33:03.917+0000] {logging_mixin.py:188} INFO - [2026-02-10T20:33:03.917+0000] {dag.py:3823} INFO - Setting next_dagrun for dataset_consumes_1_and_2 to None, run_after=None
[2026-02-10T20:33:03.917+0000] {logging_mixin.py:188} INFO - [2026-02-10T20:33:03.917+0000] {dag.py:3823} INFO - Setting next_dagrun for dataset_consumes_1_never_scheduled to None, run_after=None
[2026-02-10T20:33:03.918+0000] {logging_mixin.py:188} INFO - [2026-02-10T20:33:03.918+0000] {dag.py:3823} INFO - Setting next_dagrun for dataset_consumes_unknown_never_scheduled to None, run_after=None
[2026-02-10T20:33:03.919+0000] {logging_mixin.py:188} INFO - [2026-02-10T20:33:03.919+0000] {dag.py:3823} INFO - Setting next_dagrun for dataset_produces_1 to 2026-02-09 00:00:00+00:00, run_after=2026-02-10 00:00:00+00:00
[2026-02-10T20:33:03.919+0000] {logging_mixin.py:188} INFO - [2026-02-10T20:33:03.919+0000] {dag.py:3823} INFO - Setting next_dagrun for dataset_produces_2 to None, run_after=None
[2026-02-10T20:33:03.928+0000] {processor.py:183} INFO - Processing /home/airflow/.local/lib/python3.8/site-packages/airflow/example_dags/example_datasets.py took 0.039 seconds
[2026-02-10T20:33:34.295+0000] {processor.py:161} INFO - Started process (PID=1221) to work on /home/airflow/.local/lib/python3.8/site-packages/airflow/example_dags/example_datasets.py
[2026-02-10T20:33:34.298+0000] {processor.py:830} INFO - Processing file /home/airflow/.local/lib/python3.8/site-packages/airflow/example_dags/example_datasets.py for tasks to queue
[2026-02-10T20:33:34.299+0000] {logging_mixin.py:188} INFO - [2026-02-10T20:33:34.298+0000] {dagbag.py:538} INFO - Filling up the DagBag from /home/airflow/.local/lib/python3.8/site-packages/airflow/example_dags/example_datasets.py
[2026-02-10T20:33:34.303+0000] {processor.py:840} INFO - DAG(s) 'dataset_consumes_1', 'dataset_consumes_1_never_scheduled', 'dataset_produces_2', 'dataset_consumes_unknown_never_scheduled', 'dataset_consumes_1_and_2', 'dataset_produces_1' retrieved from /home/airflow/.local/lib/python3.8/site-packages/airflow/example_dags/example_datasets.py
[2026-02-10T20:33:34.319+0000] {logging_mixin.py:188} INFO - [2026-02-10T20:33:34.319+0000] {dag.py:3036} INFO - Sync 6 DAGs
[2026-02-10T20:33:34.328+0000] {logging_mixin.py:188} INFO - [2026-02-10T20:33:34.327+0000] {dag.py:3823} INFO - Setting next_dagrun for dataset_consumes_1 to None, run_after=None
[2026-02-10T20:33:34.329+0000] {logging_mixin.py:188} INFO - [2026-02-10T20:33:34.329+0000] {dag.py:3823} INFO - Setting next_dagrun for dataset_consumes_1_and_2 to None, run_after=None
[2026-02-10T20:33:34.330+0000] {logging_mixin.py:188} INFO - [2026-02-10T20:33:34.330+0000] {dag.py:3823} INFO - Setting next_dagrun for dataset_consumes_1_never_scheduled to None, run_after=None
[2026-02-10T20:33:34.330+0000] {logging_mixin.py:188} INFO - [2026-02-10T20:33:34.330+0000] {dag.py:3823} INFO - Setting next_dagrun for dataset_consumes_unknown_never_scheduled to None, run_after=None
[2026-02-10T20:33:34.331+0000] {logging_mixin.py:188} INFO - [2026-02-10T20:33:34.331+0000] {dag.py:3823} INFO - Setting next_dagrun for dataset_produces_1 to 2026-02-09 00:00:00+00:00, run_after=2026-02-10 00:00:00+00:00
[2026-02-10T20:33:34.331+0000] {logging_mixin.py:188} INFO - [2026-02-10T20:33:34.331+0000] {dag.py:3823} INFO - Setting next_dagrun for dataset_produces_2 to None, run_after=None
[2026-02-10T20:33:34.341+0000] {processor.py:183} INFO - Processing /home/airflow/.local/lib/python3.8/site-packages/airflow/example_dags/example_datasets.py took 0.048 seconds
[2026-02-10T20:34:04.712+0000] {processor.py:161} INFO - Started process (PID=1277) to work on /home/airflow/.local/lib/python3.8/site-packages/airflow/example_dags/example_datasets.py
[2026-02-10T20:34:04.712+0000] {processor.py:830} INFO - Processing file /home/airflow/.local/lib/python3.8/site-packages/airflow/example_dags/example_datasets.py for tasks to queue
[2026-02-10T20:34:04.713+0000] {logging_mixin.py:188} INFO - [2026-02-10T20:34:04.713+0000] {dagbag.py:538} INFO - Filling up the DagBag from /home/airflow/.local/lib/python3.8/site-packages/airflow/example_dags/example_datasets.py
[2026-02-10T20:34:04.717+0000] {processor.py:840} INFO - DAG(s) 'dataset_consumes_1_and_2', 'dataset_produces_1', 'dataset_produces_2', 'dataset_consumes_unknown_never_scheduled', 'dataset_consumes_1_never_scheduled', 'dataset_consumes_1' retrieved from /home/airflow/.local/lib/python3.8/site-packages/airflow/example_dags/example_datasets.py
[2026-02-10T20:34:04.730+0000] {logging_mixin.py:188} INFO - [2026-02-10T20:34:04.730+0000] {dag.py:3036} INFO - Sync 6 DAGs
[2026-02-10T20:34:04.740+0000] {logging_mixin.py:188} INFO - [2026-02-10T20:34:04.740+0000] {dag.py:3823} INFO - Setting next_dagrun for dataset_consumes_1 to None, run_after=None
[2026-02-10T20:34:04.743+0000] {logging_mixin.py:188} INFO - [2026-02-10T20:34:04.742+0000] {dag.py:3823} INFO - Setting next_dagrun for dataset_consumes_1_and_2 to None, run_after=None
[2026-02-10T20:34:04.744+0000] {logging_mixin.py:188} INFO - [2026-02-10T20:34:04.744+0000] {dag.py:3823} INFO - Setting next_dagrun for dataset_consumes_1_never_scheduled to None, run_after=None
[2026-02-10T20:34:04.744+0000] {logging_mixin.py:188} INFO - [2026-02-10T20:34:04.744+0000] {dag.py:3823} INFO - Setting next_dagrun for dataset_consumes_unknown_never_scheduled to None, run_after=None
[2026-02-10T20:34:04.745+0000] {logging_mixin.py:188} INFO - [2026-02-10T20:34:04.745+0000] {dag.py:3823} INFO - Setting next_dagrun for dataset_produces_1 to 2026-02-09 00:00:00+00:00, run_after=2026-02-10 00:00:00+00:00
[2026-02-10T20:34:04.747+0000] {logging_mixin.py:188} INFO - [2026-02-10T20:34:04.747+0000] {dag.py:3823} INFO - Setting next_dagrun for dataset_produces_2 to None, run_after=None
[2026-02-10T20:34:04.759+0000] {processor.py:183} INFO - Processing /home/airflow/.local/lib/python3.8/site-packages/airflow/example_dags/example_datasets.py took 0.049 seconds
