[2026-02-10T20:22:54.928+0000] {processor.py:161} INFO - Started process (PID=72) to work on /home/airflow/.local/lib/python3.8/site-packages/airflow/example_dags/example_setup_teardown_taskflow.py
[2026-02-10T20:22:54.929+0000] {processor.py:830} INFO - Processing file /home/airflow/.local/lib/python3.8/site-packages/airflow/example_dags/example_setup_teardown_taskflow.py for tasks to queue
[2026-02-10T20:22:54.930+0000] {logging_mixin.py:188} INFO - [2026-02-10T20:22:54.930+0000] {dagbag.py:538} INFO - Filling up the DagBag from /home/airflow/.local/lib/python3.8/site-packages/airflow/example_dags/example_setup_teardown_taskflow.py
[2026-02-10T20:22:54.938+0000] {processor.py:840} INFO - DAG(s) 'example_setup_teardown_taskflow' retrieved from /home/airflow/.local/lib/python3.8/site-packages/airflow/example_dags/example_setup_teardown_taskflow.py
[2026-02-10T20:22:54.950+0000] {logging_mixin.py:188} INFO - [2026-02-10T20:22:54.950+0000] {dag.py:3036} INFO - Sync 1 DAGs
[2026-02-10T20:22:54.972+0000] {logging_mixin.py:188} INFO - [2026-02-10T20:22:54.971+0000] {dag.py:3823} INFO - Setting next_dagrun for example_setup_teardown_taskflow to 2026-02-09 00:00:00+00:00, run_after=2026-02-10 00:00:00+00:00
[2026-02-10T20:22:55.027+0000] {processor.py:183} INFO - Processing /home/airflow/.local/lib/python3.8/site-packages/airflow/example_dags/example_setup_teardown_taskflow.py took 0.102 seconds
[2026-02-10T20:23:25.065+0000] {processor.py:161} INFO - Started process (PID=127) to work on /home/airflow/.local/lib/python3.8/site-packages/airflow/example_dags/example_setup_teardown_taskflow.py
[2026-02-10T20:23:25.065+0000] {processor.py:830} INFO - Processing file /home/airflow/.local/lib/python3.8/site-packages/airflow/example_dags/example_setup_teardown_taskflow.py for tasks to queue
[2026-02-10T20:23:25.066+0000] {logging_mixin.py:188} INFO - [2026-02-10T20:23:25.066+0000] {dagbag.py:538} INFO - Filling up the DagBag from /home/airflow/.local/lib/python3.8/site-packages/airflow/example_dags/example_setup_teardown_taskflow.py
[2026-02-10T20:23:25.069+0000] {processor.py:840} INFO - DAG(s) 'example_setup_teardown_taskflow' retrieved from /home/airflow/.local/lib/python3.8/site-packages/airflow/example_dags/example_setup_teardown_taskflow.py
[2026-02-10T20:23:25.101+0000] {logging_mixin.py:188} INFO - [2026-02-10T20:23:25.101+0000] {dag.py:3036} INFO - Sync 1 DAGs
[2026-02-10T20:23:25.107+0000] {logging_mixin.py:188} INFO - [2026-02-10T20:23:25.106+0000] {dag.py:3823} INFO - Setting next_dagrun for example_setup_teardown_taskflow to 2026-02-09 00:00:00+00:00, run_after=2026-02-10 00:00:00+00:00
[2026-02-10T20:23:25.112+0000] {processor.py:183} INFO - Processing /home/airflow/.local/lib/python3.8/site-packages/airflow/example_dags/example_setup_teardown_taskflow.py took 0.049 seconds
[2026-02-10T20:23:55.679+0000] {processor.py:161} INFO - Started process (PID=182) to work on /home/airflow/.local/lib/python3.8/site-packages/airflow/example_dags/example_setup_teardown_taskflow.py
[2026-02-10T20:23:55.679+0000] {processor.py:830} INFO - Processing file /home/airflow/.local/lib/python3.8/site-packages/airflow/example_dags/example_setup_teardown_taskflow.py for tasks to queue
[2026-02-10T20:23:55.681+0000] {logging_mixin.py:188} INFO - [2026-02-10T20:23:55.681+0000] {dagbag.py:538} INFO - Filling up the DagBag from /home/airflow/.local/lib/python3.8/site-packages/airflow/example_dags/example_setup_teardown_taskflow.py
[2026-02-10T20:23:55.686+0000] {processor.py:840} INFO - DAG(s) 'example_setup_teardown_taskflow' retrieved from /home/airflow/.local/lib/python3.8/site-packages/airflow/example_dags/example_setup_teardown_taskflow.py
[2026-02-10T20:23:55.697+0000] {logging_mixin.py:188} INFO - [2026-02-10T20:23:55.697+0000] {dag.py:3036} INFO - Sync 1 DAGs
[2026-02-10T20:23:55.707+0000] {logging_mixin.py:188} INFO - [2026-02-10T20:23:55.706+0000] {dag.py:3823} INFO - Setting next_dagrun for example_setup_teardown_taskflow to 2026-02-09 00:00:00+00:00, run_after=2026-02-10 00:00:00+00:00
[2026-02-10T20:23:55.713+0000] {processor.py:183} INFO - Processing /home/airflow/.local/lib/python3.8/site-packages/airflow/example_dags/example_setup_teardown_taskflow.py took 0.036 seconds
[2026-02-10T20:24:26.130+0000] {processor.py:161} INFO - Started process (PID=237) to work on /home/airflow/.local/lib/python3.8/site-packages/airflow/example_dags/example_setup_teardown_taskflow.py
[2026-02-10T20:24:26.131+0000] {processor.py:830} INFO - Processing file /home/airflow/.local/lib/python3.8/site-packages/airflow/example_dags/example_setup_teardown_taskflow.py for tasks to queue
[2026-02-10T20:24:26.131+0000] {logging_mixin.py:188} INFO - [2026-02-10T20:24:26.131+0000] {dagbag.py:538} INFO - Filling up the DagBag from /home/airflow/.local/lib/python3.8/site-packages/airflow/example_dags/example_setup_teardown_taskflow.py
[2026-02-10T20:24:26.136+0000] {processor.py:840} INFO - DAG(s) 'example_setup_teardown_taskflow' retrieved from /home/airflow/.local/lib/python3.8/site-packages/airflow/example_dags/example_setup_teardown_taskflow.py
[2026-02-10T20:24:26.145+0000] {logging_mixin.py:188} INFO - [2026-02-10T20:24:26.144+0000] {dag.py:3036} INFO - Sync 1 DAGs
[2026-02-10T20:24:26.151+0000] {logging_mixin.py:188} INFO - [2026-02-10T20:24:26.151+0000] {dag.py:3823} INFO - Setting next_dagrun for example_setup_teardown_taskflow to 2026-02-09 00:00:00+00:00, run_after=2026-02-10 00:00:00+00:00
[2026-02-10T20:24:26.157+0000] {processor.py:183} INFO - Processing /home/airflow/.local/lib/python3.8/site-packages/airflow/example_dags/example_setup_teardown_taskflow.py took 0.028 seconds
[2026-02-10T20:24:56.681+0000] {processor.py:161} INFO - Started process (PID=292) to work on /home/airflow/.local/lib/python3.8/site-packages/airflow/example_dags/example_setup_teardown_taskflow.py
[2026-02-10T20:24:56.681+0000] {processor.py:830} INFO - Processing file /home/airflow/.local/lib/python3.8/site-packages/airflow/example_dags/example_setup_teardown_taskflow.py for tasks to queue
[2026-02-10T20:24:56.682+0000] {logging_mixin.py:188} INFO - [2026-02-10T20:24:56.682+0000] {dagbag.py:538} INFO - Filling up the DagBag from /home/airflow/.local/lib/python3.8/site-packages/airflow/example_dags/example_setup_teardown_taskflow.py
[2026-02-10T20:24:56.687+0000] {processor.py:840} INFO - DAG(s) 'example_setup_teardown_taskflow' retrieved from /home/airflow/.local/lib/python3.8/site-packages/airflow/example_dags/example_setup_teardown_taskflow.py
[2026-02-10T20:24:56.700+0000] {logging_mixin.py:188} INFO - [2026-02-10T20:24:56.700+0000] {dag.py:3036} INFO - Sync 1 DAGs
[2026-02-10T20:24:56.709+0000] {logging_mixin.py:188} INFO - [2026-02-10T20:24:56.709+0000] {dag.py:3823} INFO - Setting next_dagrun for example_setup_teardown_taskflow to 2026-02-09 00:00:00+00:00, run_after=2026-02-10 00:00:00+00:00
[2026-02-10T20:24:56.719+0000] {processor.py:183} INFO - Processing /home/airflow/.local/lib/python3.8/site-packages/airflow/example_dags/example_setup_teardown_taskflow.py took 0.039 seconds
[2026-02-10T20:25:27.287+0000] {processor.py:161} INFO - Started process (PID=353) to work on /home/airflow/.local/lib/python3.8/site-packages/airflow/example_dags/example_setup_teardown_taskflow.py
[2026-02-10T20:25:27.288+0000] {processor.py:830} INFO - Processing file /home/airflow/.local/lib/python3.8/site-packages/airflow/example_dags/example_setup_teardown_taskflow.py for tasks to queue
[2026-02-10T20:25:27.288+0000] {logging_mixin.py:188} INFO - [2026-02-10T20:25:27.288+0000] {dagbag.py:538} INFO - Filling up the DagBag from /home/airflow/.local/lib/python3.8/site-packages/airflow/example_dags/example_setup_teardown_taskflow.py
[2026-02-10T20:25:27.293+0000] {processor.py:840} INFO - DAG(s) 'example_setup_teardown_taskflow' retrieved from /home/airflow/.local/lib/python3.8/site-packages/airflow/example_dags/example_setup_teardown_taskflow.py
[2026-02-10T20:25:27.304+0000] {logging_mixin.py:188} INFO - [2026-02-10T20:25:27.304+0000] {dag.py:3036} INFO - Sync 1 DAGs
[2026-02-10T20:25:27.313+0000] {logging_mixin.py:188} INFO - [2026-02-10T20:25:27.313+0000] {dag.py:3823} INFO - Setting next_dagrun for example_setup_teardown_taskflow to 2026-02-09 00:00:00+00:00, run_after=2026-02-10 00:00:00+00:00
[2026-02-10T20:25:27.326+0000] {processor.py:183} INFO - Processing /home/airflow/.local/lib/python3.8/site-packages/airflow/example_dags/example_setup_teardown_taskflow.py took 0.040 seconds
[2026-02-10T20:25:57.680+0000] {processor.py:161} INFO - Started process (PID=408) to work on /home/airflow/.local/lib/python3.8/site-packages/airflow/example_dags/example_setup_teardown_taskflow.py
[2026-02-10T20:25:57.680+0000] {processor.py:830} INFO - Processing file /home/airflow/.local/lib/python3.8/site-packages/airflow/example_dags/example_setup_teardown_taskflow.py for tasks to queue
[2026-02-10T20:25:57.681+0000] {logging_mixin.py:188} INFO - [2026-02-10T20:25:57.680+0000] {dagbag.py:538} INFO - Filling up the DagBag from /home/airflow/.local/lib/python3.8/site-packages/airflow/example_dags/example_setup_teardown_taskflow.py
[2026-02-10T20:25:57.684+0000] {processor.py:840} INFO - DAG(s) 'example_setup_teardown_taskflow' retrieved from /home/airflow/.local/lib/python3.8/site-packages/airflow/example_dags/example_setup_teardown_taskflow.py
[2026-02-10T20:25:57.694+0000] {logging_mixin.py:188} INFO - [2026-02-10T20:25:57.694+0000] {dag.py:3036} INFO - Sync 1 DAGs
[2026-02-10T20:25:57.702+0000] {logging_mixin.py:188} INFO - [2026-02-10T20:25:57.702+0000] {dag.py:3823} INFO - Setting next_dagrun for example_setup_teardown_taskflow to 2026-02-09 00:00:00+00:00, run_after=2026-02-10 00:00:00+00:00
[2026-02-10T20:25:57.713+0000] {processor.py:183} INFO - Processing /home/airflow/.local/lib/python3.8/site-packages/airflow/example_dags/example_setup_teardown_taskflow.py took 0.035 seconds
[2026-02-10T20:26:28.085+0000] {processor.py:161} INFO - Started process (PID=463) to work on /home/airflow/.local/lib/python3.8/site-packages/airflow/example_dags/example_setup_teardown_taskflow.py
[2026-02-10T20:26:28.085+0000] {processor.py:830} INFO - Processing file /home/airflow/.local/lib/python3.8/site-packages/airflow/example_dags/example_setup_teardown_taskflow.py for tasks to queue
[2026-02-10T20:26:28.086+0000] {logging_mixin.py:188} INFO - [2026-02-10T20:26:28.086+0000] {dagbag.py:538} INFO - Filling up the DagBag from /home/airflow/.local/lib/python3.8/site-packages/airflow/example_dags/example_setup_teardown_taskflow.py
[2026-02-10T20:26:28.089+0000] {processor.py:840} INFO - DAG(s) 'example_setup_teardown_taskflow' retrieved from /home/airflow/.local/lib/python3.8/site-packages/airflow/example_dags/example_setup_teardown_taskflow.py
[2026-02-10T20:26:28.101+0000] {logging_mixin.py:188} INFO - [2026-02-10T20:26:28.101+0000] {dag.py:3036} INFO - Sync 1 DAGs
[2026-02-10T20:26:28.108+0000] {logging_mixin.py:188} INFO - [2026-02-10T20:26:28.108+0000] {dag.py:3823} INFO - Setting next_dagrun for example_setup_teardown_taskflow to 2026-02-09 00:00:00+00:00, run_after=2026-02-10 00:00:00+00:00
[2026-02-10T20:26:28.116+0000] {processor.py:183} INFO - Processing /home/airflow/.local/lib/python3.8/site-packages/airflow/example_dags/example_setup_teardown_taskflow.py took 0.033 seconds
[2026-02-10T20:26:58.467+0000] {processor.py:161} INFO - Started process (PID=518) to work on /home/airflow/.local/lib/python3.8/site-packages/airflow/example_dags/example_setup_teardown_taskflow.py
[2026-02-10T20:26:58.468+0000] {processor.py:830} INFO - Processing file /home/airflow/.local/lib/python3.8/site-packages/airflow/example_dags/example_setup_teardown_taskflow.py for tasks to queue
[2026-02-10T20:26:58.468+0000] {logging_mixin.py:188} INFO - [2026-02-10T20:26:58.468+0000] {dagbag.py:538} INFO - Filling up the DagBag from /home/airflow/.local/lib/python3.8/site-packages/airflow/example_dags/example_setup_teardown_taskflow.py
[2026-02-10T20:26:58.472+0000] {processor.py:840} INFO - DAG(s) 'example_setup_teardown_taskflow' retrieved from /home/airflow/.local/lib/python3.8/site-packages/airflow/example_dags/example_setup_teardown_taskflow.py
[2026-02-10T20:26:58.480+0000] {logging_mixin.py:188} INFO - [2026-02-10T20:26:58.480+0000] {dag.py:3036} INFO - Sync 1 DAGs
[2026-02-10T20:26:58.488+0000] {logging_mixin.py:188} INFO - [2026-02-10T20:26:58.488+0000] {dag.py:3823} INFO - Setting next_dagrun for example_setup_teardown_taskflow to 2026-02-09 00:00:00+00:00, run_after=2026-02-10 00:00:00+00:00
[2026-02-10T20:26:58.493+0000] {processor.py:183} INFO - Processing /home/airflow/.local/lib/python3.8/site-packages/airflow/example_dags/example_setup_teardown_taskflow.py took 0.028 seconds
[2026-02-10T20:27:28.837+0000] {processor.py:161} INFO - Started process (PID=573) to work on /home/airflow/.local/lib/python3.8/site-packages/airflow/example_dags/example_setup_teardown_taskflow.py
[2026-02-10T20:27:28.838+0000] {processor.py:830} INFO - Processing file /home/airflow/.local/lib/python3.8/site-packages/airflow/example_dags/example_setup_teardown_taskflow.py for tasks to queue
[2026-02-10T20:27:28.840+0000] {logging_mixin.py:188} INFO - [2026-02-10T20:27:28.840+0000] {dagbag.py:538} INFO - Filling up the DagBag from /home/airflow/.local/lib/python3.8/site-packages/airflow/example_dags/example_setup_teardown_taskflow.py
[2026-02-10T20:27:28.844+0000] {processor.py:840} INFO - DAG(s) 'example_setup_teardown_taskflow' retrieved from /home/airflow/.local/lib/python3.8/site-packages/airflow/example_dags/example_setup_teardown_taskflow.py
[2026-02-10T20:27:28.856+0000] {logging_mixin.py:188} INFO - [2026-02-10T20:27:28.856+0000] {dag.py:3036} INFO - Sync 1 DAGs
[2026-02-10T20:27:28.865+0000] {logging_mixin.py:188} INFO - [2026-02-10T20:27:28.864+0000] {dag.py:3823} INFO - Setting next_dagrun for example_setup_teardown_taskflow to 2026-02-09 00:00:00+00:00, run_after=2026-02-10 00:00:00+00:00
[2026-02-10T20:27:28.872+0000] {processor.py:183} INFO - Processing /home/airflow/.local/lib/python3.8/site-packages/airflow/example_dags/example_setup_teardown_taskflow.py took 0.036 seconds
[2026-02-10T20:27:59.279+0000] {processor.py:161} INFO - Started process (PID=627) to work on /home/airflow/.local/lib/python3.8/site-packages/airflow/example_dags/example_setup_teardown_taskflow.py
[2026-02-10T20:27:59.279+0000] {processor.py:830} INFO - Processing file /home/airflow/.local/lib/python3.8/site-packages/airflow/example_dags/example_setup_teardown_taskflow.py for tasks to queue
[2026-02-10T20:27:59.280+0000] {logging_mixin.py:188} INFO - [2026-02-10T20:27:59.280+0000] {dagbag.py:538} INFO - Filling up the DagBag from /home/airflow/.local/lib/python3.8/site-packages/airflow/example_dags/example_setup_teardown_taskflow.py
[2026-02-10T20:27:59.284+0000] {processor.py:840} INFO - DAG(s) 'example_setup_teardown_taskflow' retrieved from /home/airflow/.local/lib/python3.8/site-packages/airflow/example_dags/example_setup_teardown_taskflow.py
[2026-02-10T20:27:59.293+0000] {logging_mixin.py:188} INFO - [2026-02-10T20:27:59.293+0000] {dag.py:3036} INFO - Sync 1 DAGs
[2026-02-10T20:27:59.300+0000] {logging_mixin.py:188} INFO - [2026-02-10T20:27:59.300+0000] {dag.py:3823} INFO - Setting next_dagrun for example_setup_teardown_taskflow to 2026-02-09 00:00:00+00:00, run_after=2026-02-10 00:00:00+00:00
[2026-02-10T20:27:59.308+0000] {processor.py:183} INFO - Processing /home/airflow/.local/lib/python3.8/site-packages/airflow/example_dags/example_setup_teardown_taskflow.py took 0.030 seconds
[2026-02-10T20:28:29.951+0000] {processor.py:161} INFO - Started process (PID=682) to work on /home/airflow/.local/lib/python3.8/site-packages/airflow/example_dags/example_setup_teardown_taskflow.py
[2026-02-10T20:28:29.952+0000] {processor.py:830} INFO - Processing file /home/airflow/.local/lib/python3.8/site-packages/airflow/example_dags/example_setup_teardown_taskflow.py for tasks to queue
[2026-02-10T20:28:29.953+0000] {logging_mixin.py:188} INFO - [2026-02-10T20:28:29.953+0000] {dagbag.py:538} INFO - Filling up the DagBag from /home/airflow/.local/lib/python3.8/site-packages/airflow/example_dags/example_setup_teardown_taskflow.py
[2026-02-10T20:28:29.956+0000] {processor.py:840} INFO - DAG(s) 'example_setup_teardown_taskflow' retrieved from /home/airflow/.local/lib/python3.8/site-packages/airflow/example_dags/example_setup_teardown_taskflow.py
[2026-02-10T20:28:29.965+0000] {logging_mixin.py:188} INFO - [2026-02-10T20:28:29.965+0000] {dag.py:3036} INFO - Sync 1 DAGs
[2026-02-10T20:28:29.974+0000] {logging_mixin.py:188} INFO - [2026-02-10T20:28:29.974+0000] {dag.py:3823} INFO - Setting next_dagrun for example_setup_teardown_taskflow to 2026-02-09 00:00:00+00:00, run_after=2026-02-10 00:00:00+00:00
[2026-02-10T20:28:29.979+0000] {processor.py:183} INFO - Processing /home/airflow/.local/lib/python3.8/site-packages/airflow/example_dags/example_setup_teardown_taskflow.py took 0.029 seconds
[2026-02-10T20:29:00.537+0000] {processor.py:161} INFO - Started process (PID=737) to work on /home/airflow/.local/lib/python3.8/site-packages/airflow/example_dags/example_setup_teardown_taskflow.py
[2026-02-10T20:29:00.537+0000] {processor.py:830} INFO - Processing file /home/airflow/.local/lib/python3.8/site-packages/airflow/example_dags/example_setup_teardown_taskflow.py for tasks to queue
[2026-02-10T20:29:00.538+0000] {logging_mixin.py:188} INFO - [2026-02-10T20:29:00.538+0000] {dagbag.py:538} INFO - Filling up the DagBag from /home/airflow/.local/lib/python3.8/site-packages/airflow/example_dags/example_setup_teardown_taskflow.py
[2026-02-10T20:29:00.542+0000] {processor.py:840} INFO - DAG(s) 'example_setup_teardown_taskflow' retrieved from /home/airflow/.local/lib/python3.8/site-packages/airflow/example_dags/example_setup_teardown_taskflow.py
[2026-02-10T20:29:00.554+0000] {logging_mixin.py:188} INFO - [2026-02-10T20:29:00.554+0000] {dag.py:3036} INFO - Sync 1 DAGs
[2026-02-10T20:29:00.562+0000] {logging_mixin.py:188} INFO - [2026-02-10T20:29:00.562+0000] {dag.py:3823} INFO - Setting next_dagrun for example_setup_teardown_taskflow to 2026-02-09 00:00:00+00:00, run_after=2026-02-10 00:00:00+00:00
[2026-02-10T20:29:00.575+0000] {processor.py:183} INFO - Processing /home/airflow/.local/lib/python3.8/site-packages/airflow/example_dags/example_setup_teardown_taskflow.py took 0.040 seconds
[2026-02-10T20:29:31.153+0000] {processor.py:161} INFO - Started process (PID=792) to work on /home/airflow/.local/lib/python3.8/site-packages/airflow/example_dags/example_setup_teardown_taskflow.py
[2026-02-10T20:29:31.154+0000] {processor.py:830} INFO - Processing file /home/airflow/.local/lib/python3.8/site-packages/airflow/example_dags/example_setup_teardown_taskflow.py for tasks to queue
[2026-02-10T20:29:31.154+0000] {logging_mixin.py:188} INFO - [2026-02-10T20:29:31.154+0000] {dagbag.py:538} INFO - Filling up the DagBag from /home/airflow/.local/lib/python3.8/site-packages/airflow/example_dags/example_setup_teardown_taskflow.py
[2026-02-10T20:29:31.158+0000] {processor.py:840} INFO - DAG(s) 'example_setup_teardown_taskflow' retrieved from /home/airflow/.local/lib/python3.8/site-packages/airflow/example_dags/example_setup_teardown_taskflow.py
[2026-02-10T20:29:31.165+0000] {logging_mixin.py:188} INFO - [2026-02-10T20:29:31.165+0000] {dag.py:3036} INFO - Sync 1 DAGs
[2026-02-10T20:29:31.172+0000] {logging_mixin.py:188} INFO - [2026-02-10T20:29:31.172+0000] {dag.py:3823} INFO - Setting next_dagrun for example_setup_teardown_taskflow to 2026-02-09 00:00:00+00:00, run_after=2026-02-10 00:00:00+00:00
[2026-02-10T20:29:31.177+0000] {processor.py:183} INFO - Processing /home/airflow/.local/lib/python3.8/site-packages/airflow/example_dags/example_setup_teardown_taskflow.py took 0.025 seconds
[2026-02-10T20:30:01.674+0000] {processor.py:161} INFO - Started process (PID=847) to work on /home/airflow/.local/lib/python3.8/site-packages/airflow/example_dags/example_setup_teardown_taskflow.py
[2026-02-10T20:30:01.675+0000] {processor.py:830} INFO - Processing file /home/airflow/.local/lib/python3.8/site-packages/airflow/example_dags/example_setup_teardown_taskflow.py for tasks to queue
[2026-02-10T20:30:01.675+0000] {logging_mixin.py:188} INFO - [2026-02-10T20:30:01.675+0000] {dagbag.py:538} INFO - Filling up the DagBag from /home/airflow/.local/lib/python3.8/site-packages/airflow/example_dags/example_setup_teardown_taskflow.py
[2026-02-10T20:30:01.679+0000] {processor.py:840} INFO - DAG(s) 'example_setup_teardown_taskflow' retrieved from /home/airflow/.local/lib/python3.8/site-packages/airflow/example_dags/example_setup_teardown_taskflow.py
[2026-02-10T20:30:01.687+0000] {logging_mixin.py:188} INFO - [2026-02-10T20:30:01.686+0000] {dag.py:3036} INFO - Sync 1 DAGs
[2026-02-10T20:30:01.694+0000] {logging_mixin.py:188} INFO - [2026-02-10T20:30:01.693+0000] {dag.py:3823} INFO - Setting next_dagrun for example_setup_teardown_taskflow to 2026-02-09 00:00:00+00:00, run_after=2026-02-10 00:00:00+00:00
[2026-02-10T20:30:01.699+0000] {processor.py:183} INFO - Processing /home/airflow/.local/lib/python3.8/site-packages/airflow/example_dags/example_setup_teardown_taskflow.py took 0.026 seconds
[2026-02-10T20:30:32.060+0000] {processor.py:161} INFO - Started process (PID=902) to work on /home/airflow/.local/lib/python3.8/site-packages/airflow/example_dags/example_setup_teardown_taskflow.py
[2026-02-10T20:30:32.063+0000] {processor.py:830} INFO - Processing file /home/airflow/.local/lib/python3.8/site-packages/airflow/example_dags/example_setup_teardown_taskflow.py for tasks to queue
[2026-02-10T20:30:32.064+0000] {logging_mixin.py:188} INFO - [2026-02-10T20:30:32.064+0000] {dagbag.py:538} INFO - Filling up the DagBag from /home/airflow/.local/lib/python3.8/site-packages/airflow/example_dags/example_setup_teardown_taskflow.py
[2026-02-10T20:30:32.069+0000] {processor.py:840} INFO - DAG(s) 'example_setup_teardown_taskflow' retrieved from /home/airflow/.local/lib/python3.8/site-packages/airflow/example_dags/example_setup_teardown_taskflow.py
[2026-02-10T20:30:32.079+0000] {logging_mixin.py:188} INFO - [2026-02-10T20:30:32.078+0000] {dag.py:3036} INFO - Sync 1 DAGs
[2026-02-10T20:30:32.088+0000] {logging_mixin.py:188} INFO - [2026-02-10T20:30:32.088+0000] {dag.py:3823} INFO - Setting next_dagrun for example_setup_teardown_taskflow to 2026-02-09 00:00:00+00:00, run_after=2026-02-10 00:00:00+00:00
[2026-02-10T20:30:32.094+0000] {processor.py:183} INFO - Processing /home/airflow/.local/lib/python3.8/site-packages/airflow/example_dags/example_setup_teardown_taskflow.py took 0.035 seconds
[2026-02-10T20:31:02.525+0000] {processor.py:161} INFO - Started process (PID=957) to work on /home/airflow/.local/lib/python3.8/site-packages/airflow/example_dags/example_setup_teardown_taskflow.py
[2026-02-10T20:31:02.526+0000] {processor.py:830} INFO - Processing file /home/airflow/.local/lib/python3.8/site-packages/airflow/example_dags/example_setup_teardown_taskflow.py for tasks to queue
[2026-02-10T20:31:02.526+0000] {logging_mixin.py:188} INFO - [2026-02-10T20:31:02.526+0000] {dagbag.py:538} INFO - Filling up the DagBag from /home/airflow/.local/lib/python3.8/site-packages/airflow/example_dags/example_setup_teardown_taskflow.py
[2026-02-10T20:31:02.530+0000] {processor.py:840} INFO - DAG(s) 'example_setup_teardown_taskflow' retrieved from /home/airflow/.local/lib/python3.8/site-packages/airflow/example_dags/example_setup_teardown_taskflow.py
[2026-02-10T20:31:02.544+0000] {logging_mixin.py:188} INFO - [2026-02-10T20:31:02.544+0000] {dag.py:3036} INFO - Sync 1 DAGs
[2026-02-10T20:31:02.552+0000] {logging_mixin.py:188} INFO - [2026-02-10T20:31:02.552+0000] {dag.py:3823} INFO - Setting next_dagrun for example_setup_teardown_taskflow to 2026-02-09 00:00:00+00:00, run_after=2026-02-10 00:00:00+00:00
[2026-02-10T20:31:02.559+0000] {processor.py:183} INFO - Processing /home/airflow/.local/lib/python3.8/site-packages/airflow/example_dags/example_setup_teardown_taskflow.py took 0.035 seconds
[2026-02-10T20:31:32.928+0000] {processor.py:161} INFO - Started process (PID=1012) to work on /home/airflow/.local/lib/python3.8/site-packages/airflow/example_dags/example_setup_teardown_taskflow.py
[2026-02-10T20:31:32.929+0000] {processor.py:830} INFO - Processing file /home/airflow/.local/lib/python3.8/site-packages/airflow/example_dags/example_setup_teardown_taskflow.py for tasks to queue
[2026-02-10T20:31:32.930+0000] {logging_mixin.py:188} INFO - [2026-02-10T20:31:32.929+0000] {dagbag.py:538} INFO - Filling up the DagBag from /home/airflow/.local/lib/python3.8/site-packages/airflow/example_dags/example_setup_teardown_taskflow.py
[2026-02-10T20:31:32.933+0000] {processor.py:840} INFO - DAG(s) 'example_setup_teardown_taskflow' retrieved from /home/airflow/.local/lib/python3.8/site-packages/airflow/example_dags/example_setup_teardown_taskflow.py
[2026-02-10T20:31:32.945+0000] {logging_mixin.py:188} INFO - [2026-02-10T20:31:32.945+0000] {dag.py:3036} INFO - Sync 1 DAGs
[2026-02-10T20:31:32.953+0000] {logging_mixin.py:188} INFO - [2026-02-10T20:31:32.953+0000] {dag.py:3823} INFO - Setting next_dagrun for example_setup_teardown_taskflow to 2026-02-09 00:00:00+00:00, run_after=2026-02-10 00:00:00+00:00
[2026-02-10T20:31:32.966+0000] {processor.py:183} INFO - Processing /home/airflow/.local/lib/python3.8/site-packages/airflow/example_dags/example_setup_teardown_taskflow.py took 0.039 seconds
[2026-02-10T20:32:03.322+0000] {processor.py:161} INFO - Started process (PID=1067) to work on /home/airflow/.local/lib/python3.8/site-packages/airflow/example_dags/example_setup_teardown_taskflow.py
[2026-02-10T20:32:03.323+0000] {processor.py:830} INFO - Processing file /home/airflow/.local/lib/python3.8/site-packages/airflow/example_dags/example_setup_teardown_taskflow.py for tasks to queue
[2026-02-10T20:32:03.323+0000] {logging_mixin.py:188} INFO - [2026-02-10T20:32:03.323+0000] {dagbag.py:538} INFO - Filling up the DagBag from /home/airflow/.local/lib/python3.8/site-packages/airflow/example_dags/example_setup_teardown_taskflow.py
[2026-02-10T20:32:03.327+0000] {processor.py:840} INFO - DAG(s) 'example_setup_teardown_taskflow' retrieved from /home/airflow/.local/lib/python3.8/site-packages/airflow/example_dags/example_setup_teardown_taskflow.py
[2026-02-10T20:32:03.338+0000] {logging_mixin.py:188} INFO - [2026-02-10T20:32:03.338+0000] {dag.py:3036} INFO - Sync 1 DAGs
[2026-02-10T20:32:03.347+0000] {logging_mixin.py:188} INFO - [2026-02-10T20:32:03.347+0000] {dag.py:3823} INFO - Setting next_dagrun for example_setup_teardown_taskflow to 2026-02-09 00:00:00+00:00, run_after=2026-02-10 00:00:00+00:00
[2026-02-10T20:32:03.357+0000] {processor.py:183} INFO - Processing /home/airflow/.local/lib/python3.8/site-packages/airflow/example_dags/example_setup_teardown_taskflow.py took 0.036 seconds
[2026-02-10T20:32:33.622+0000] {processor.py:161} INFO - Started process (PID=1122) to work on /home/airflow/.local/lib/python3.8/site-packages/airflow/example_dags/example_setup_teardown_taskflow.py
[2026-02-10T20:32:33.623+0000] {processor.py:830} INFO - Processing file /home/airflow/.local/lib/python3.8/site-packages/airflow/example_dags/example_setup_teardown_taskflow.py for tasks to queue
[2026-02-10T20:32:33.623+0000] {logging_mixin.py:188} INFO - [2026-02-10T20:32:33.623+0000] {dagbag.py:538} INFO - Filling up the DagBag from /home/airflow/.local/lib/python3.8/site-packages/airflow/example_dags/example_setup_teardown_taskflow.py
[2026-02-10T20:32:33.630+0000] {processor.py:840} INFO - DAG(s) 'example_setup_teardown_taskflow' retrieved from /home/airflow/.local/lib/python3.8/site-packages/airflow/example_dags/example_setup_teardown_taskflow.py
[2026-02-10T20:32:33.639+0000] {logging_mixin.py:188} INFO - [2026-02-10T20:32:33.639+0000] {dag.py:3036} INFO - Sync 1 DAGs
[2026-02-10T20:32:33.647+0000] {logging_mixin.py:188} INFO - [2026-02-10T20:32:33.647+0000] {dag.py:3823} INFO - Setting next_dagrun for example_setup_teardown_taskflow to 2026-02-09 00:00:00+00:00, run_after=2026-02-10 00:00:00+00:00
[2026-02-10T20:32:33.653+0000] {processor.py:183} INFO - Processing /home/airflow/.local/lib/python3.8/site-packages/airflow/example_dags/example_setup_teardown_taskflow.py took 0.033 seconds
[2026-02-10T20:33:04.172+0000] {processor.py:161} INFO - Started process (PID=1178) to work on /home/airflow/.local/lib/python3.8/site-packages/airflow/example_dags/example_setup_teardown_taskflow.py
[2026-02-10T20:33:04.173+0000] {processor.py:830} INFO - Processing file /home/airflow/.local/lib/python3.8/site-packages/airflow/example_dags/example_setup_teardown_taskflow.py for tasks to queue
[2026-02-10T20:33:04.174+0000] {logging_mixin.py:188} INFO - [2026-02-10T20:33:04.173+0000] {dagbag.py:538} INFO - Filling up the DagBag from /home/airflow/.local/lib/python3.8/site-packages/airflow/example_dags/example_setup_teardown_taskflow.py
[2026-02-10T20:33:04.178+0000] {processor.py:840} INFO - DAG(s) 'example_setup_teardown_taskflow' retrieved from /home/airflow/.local/lib/python3.8/site-packages/airflow/example_dags/example_setup_teardown_taskflow.py
[2026-02-10T20:33:04.189+0000] {logging_mixin.py:188} INFO - [2026-02-10T20:33:04.189+0000] {dag.py:3036} INFO - Sync 1 DAGs
[2026-02-10T20:33:04.197+0000] {logging_mixin.py:188} INFO - [2026-02-10T20:33:04.197+0000] {dag.py:3823} INFO - Setting next_dagrun for example_setup_teardown_taskflow to 2026-02-09 00:00:00+00:00, run_after=2026-02-10 00:00:00+00:00
[2026-02-10T20:33:04.205+0000] {processor.py:183} INFO - Processing /home/airflow/.local/lib/python3.8/site-packages/airflow/example_dags/example_setup_teardown_taskflow.py took 0.034 seconds
[2026-02-10T20:33:34.607+0000] {processor.py:161} INFO - Started process (PID=1234) to work on /home/airflow/.local/lib/python3.8/site-packages/airflow/example_dags/example_setup_teardown_taskflow.py
[2026-02-10T20:33:34.607+0000] {processor.py:830} INFO - Processing file /home/airflow/.local/lib/python3.8/site-packages/airflow/example_dags/example_setup_teardown_taskflow.py for tasks to queue
[2026-02-10T20:33:34.608+0000] {logging_mixin.py:188} INFO - [2026-02-10T20:33:34.608+0000] {dagbag.py:538} INFO - Filling up the DagBag from /home/airflow/.local/lib/python3.8/site-packages/airflow/example_dags/example_setup_teardown_taskflow.py
[2026-02-10T20:33:34.611+0000] {processor.py:840} INFO - DAG(s) 'example_setup_teardown_taskflow' retrieved from /home/airflow/.local/lib/python3.8/site-packages/airflow/example_dags/example_setup_teardown_taskflow.py
[2026-02-10T20:33:34.621+0000] {logging_mixin.py:188} INFO - [2026-02-10T20:33:34.621+0000] {dag.py:3036} INFO - Sync 1 DAGs
[2026-02-10T20:33:34.631+0000] {logging_mixin.py:188} INFO - [2026-02-10T20:33:34.631+0000] {dag.py:3823} INFO - Setting next_dagrun for example_setup_teardown_taskflow to 2026-02-09 00:00:00+00:00, run_after=2026-02-10 00:00:00+00:00
[2026-02-10T20:33:34.638+0000] {processor.py:183} INFO - Processing /home/airflow/.local/lib/python3.8/site-packages/airflow/example_dags/example_setup_teardown_taskflow.py took 0.033 seconds
[2026-02-10T20:34:04.984+0000] {processor.py:161} INFO - Started process (PID=1290) to work on /home/airflow/.local/lib/python3.8/site-packages/airflow/example_dags/example_setup_teardown_taskflow.py
[2026-02-10T20:34:04.984+0000] {processor.py:830} INFO - Processing file /home/airflow/.local/lib/python3.8/site-packages/airflow/example_dags/example_setup_teardown_taskflow.py for tasks to queue
[2026-02-10T20:34:04.985+0000] {logging_mixin.py:188} INFO - [2026-02-10T20:34:04.985+0000] {dagbag.py:538} INFO - Filling up the DagBag from /home/airflow/.local/lib/python3.8/site-packages/airflow/example_dags/example_setup_teardown_taskflow.py
[2026-02-10T20:34:04.989+0000] {processor.py:840} INFO - DAG(s) 'example_setup_teardown_taskflow' retrieved from /home/airflow/.local/lib/python3.8/site-packages/airflow/example_dags/example_setup_teardown_taskflow.py
[2026-02-10T20:34:04.997+0000] {logging_mixin.py:188} INFO - [2026-02-10T20:34:04.997+0000] {dag.py:3036} INFO - Sync 1 DAGs
[2026-02-10T20:34:05.005+0000] {logging_mixin.py:188} INFO - [2026-02-10T20:34:05.005+0000] {dag.py:3823} INFO - Setting next_dagrun for example_setup_teardown_taskflow to 2026-02-09 00:00:00+00:00, run_after=2026-02-10 00:00:00+00:00
[2026-02-10T20:34:05.012+0000] {processor.py:183} INFO - Processing /home/airflow/.local/lib/python3.8/site-packages/airflow/example_dags/example_setup_teardown_taskflow.py took 0.029 seconds
