[2026-02-10T20:22:53.747+0000] {processor.py:161} INFO - Started process (PID=47) to work on /home/airflow/.local/lib/python3.8/site-packages/airflow/example_dags/example_complex.py
[2026-02-10T20:22:53.748+0000] {processor.py:830} INFO - Processing file /home/airflow/.local/lib/python3.8/site-packages/airflow/example_dags/example_complex.py for tasks to queue
[2026-02-10T20:22:53.749+0000] {logging_mixin.py:188} INFO - [2026-02-10T20:22:53.749+0000] {dagbag.py:538} INFO - Filling up the DagBag from /home/airflow/.local/lib/python3.8/site-packages/airflow/example_dags/example_complex.py
[2026-02-10T20:22:53.757+0000] {processor.py:840} INFO - DAG(s) 'example_complex' retrieved from /home/airflow/.local/lib/python3.8/site-packages/airflow/example_dags/example_complex.py
[2026-02-10T20:22:53.765+0000] {logging_mixin.py:188} INFO - [2026-02-10T20:22:53.765+0000] {dag.py:3036} INFO - Sync 1 DAGs
[2026-02-10T20:22:53.775+0000] {logging_mixin.py:188} INFO - [2026-02-10T20:22:53.775+0000] {dag.py:3823} INFO - Setting next_dagrun for example_complex to None, run_after=None
[2026-02-10T20:22:53.800+0000] {processor.py:183} INFO - Processing /home/airflow/.local/lib/python3.8/site-packages/airflow/example_dags/example_complex.py took 0.054 seconds
[2026-02-10T20:23:23.965+0000] {processor.py:161} INFO - Started process (PID=102) to work on /home/airflow/.local/lib/python3.8/site-packages/airflow/example_dags/example_complex.py
[2026-02-10T20:23:23.965+0000] {processor.py:830} INFO - Processing file /home/airflow/.local/lib/python3.8/site-packages/airflow/example_dags/example_complex.py for tasks to queue
[2026-02-10T20:23:23.966+0000] {logging_mixin.py:188} INFO - [2026-02-10T20:23:23.966+0000] {dagbag.py:538} INFO - Filling up the DagBag from /home/airflow/.local/lib/python3.8/site-packages/airflow/example_dags/example_complex.py
[2026-02-10T20:23:23.970+0000] {processor.py:840} INFO - DAG(s) 'example_complex' retrieved from /home/airflow/.local/lib/python3.8/site-packages/airflow/example_dags/example_complex.py
[2026-02-10T20:23:24.005+0000] {logging_mixin.py:188} INFO - [2026-02-10T20:23:24.005+0000] {dag.py:3036} INFO - Sync 1 DAGs
[2026-02-10T20:23:24.008+0000] {logging_mixin.py:188} INFO - [2026-02-10T20:23:24.008+0000] {dag.py:3823} INFO - Setting next_dagrun for example_complex to None, run_after=None
[2026-02-10T20:23:24.014+0000] {processor.py:183} INFO - Processing /home/airflow/.local/lib/python3.8/site-packages/airflow/example_dags/example_complex.py took 0.051 seconds
[2026-02-10T20:23:54.048+0000] {processor.py:161} INFO - Started process (PID=157) to work on /home/airflow/.local/lib/python3.8/site-packages/airflow/example_dags/example_complex.py
[2026-02-10T20:23:54.049+0000] {processor.py:830} INFO - Processing file /home/airflow/.local/lib/python3.8/site-packages/airflow/example_dags/example_complex.py for tasks to queue
[2026-02-10T20:23:54.050+0000] {logging_mixin.py:188} INFO - [2026-02-10T20:23:54.050+0000] {dagbag.py:538} INFO - Filling up the DagBag from /home/airflow/.local/lib/python3.8/site-packages/airflow/example_dags/example_complex.py
[2026-02-10T20:23:54.054+0000] {processor.py:840} INFO - DAG(s) 'example_complex' retrieved from /home/airflow/.local/lib/python3.8/site-packages/airflow/example_dags/example_complex.py
[2026-02-10T20:23:54.067+0000] {logging_mixin.py:188} INFO - [2026-02-10T20:23:54.067+0000] {dag.py:3036} INFO - Sync 1 DAGs
[2026-02-10T20:23:54.073+0000] {logging_mixin.py:188} INFO - [2026-02-10T20:23:54.073+0000] {dag.py:3823} INFO - Setting next_dagrun for example_complex to None, run_after=None
[2026-02-10T20:23:54.080+0000] {processor.py:183} INFO - Processing /home/airflow/.local/lib/python3.8/site-packages/airflow/example_dags/example_complex.py took 0.034 seconds
[2026-02-10T20:24:24.480+0000] {processor.py:161} INFO - Started process (PID=212) to work on /home/airflow/.local/lib/python3.8/site-packages/airflow/example_dags/example_complex.py
[2026-02-10T20:24:24.481+0000] {processor.py:830} INFO - Processing file /home/airflow/.local/lib/python3.8/site-packages/airflow/example_dags/example_complex.py for tasks to queue
[2026-02-10T20:24:24.482+0000] {logging_mixin.py:188} INFO - [2026-02-10T20:24:24.481+0000] {dagbag.py:538} INFO - Filling up the DagBag from /home/airflow/.local/lib/python3.8/site-packages/airflow/example_dags/example_complex.py
[2026-02-10T20:24:24.486+0000] {processor.py:840} INFO - DAG(s) 'example_complex' retrieved from /home/airflow/.local/lib/python3.8/site-packages/airflow/example_dags/example_complex.py
[2026-02-10T20:24:24.497+0000] {logging_mixin.py:188} INFO - [2026-02-10T20:24:24.497+0000] {dag.py:3036} INFO - Sync 1 DAGs
[2026-02-10T20:24:24.501+0000] {logging_mixin.py:188} INFO - [2026-02-10T20:24:24.501+0000] {dag.py:3823} INFO - Setting next_dagrun for example_complex to None, run_after=None
[2026-02-10T20:24:24.508+0000] {processor.py:183} INFO - Processing /home/airflow/.local/lib/python3.8/site-packages/airflow/example_dags/example_complex.py took 0.029 seconds
[2026-02-10T20:24:54.981+0000] {processor.py:161} INFO - Started process (PID=267) to work on /home/airflow/.local/lib/python3.8/site-packages/airflow/example_dags/example_complex.py
[2026-02-10T20:24:54.982+0000] {processor.py:830} INFO - Processing file /home/airflow/.local/lib/python3.8/site-packages/airflow/example_dags/example_complex.py for tasks to queue
[2026-02-10T20:24:54.982+0000] {logging_mixin.py:188} INFO - [2026-02-10T20:24:54.982+0000] {dagbag.py:538} INFO - Filling up the DagBag from /home/airflow/.local/lib/python3.8/site-packages/airflow/example_dags/example_complex.py
[2026-02-10T20:24:54.986+0000] {processor.py:840} INFO - DAG(s) 'example_complex' retrieved from /home/airflow/.local/lib/python3.8/site-packages/airflow/example_dags/example_complex.py
[2026-02-10T20:24:54.997+0000] {logging_mixin.py:188} INFO - [2026-02-10T20:24:54.997+0000] {dag.py:3036} INFO - Sync 1 DAGs
[2026-02-10T20:24:55.001+0000] {logging_mixin.py:188} INFO - [2026-02-10T20:24:55.001+0000] {dag.py:3823} INFO - Setting next_dagrun for example_complex to None, run_after=None
[2026-02-10T20:24:55.006+0000] {processor.py:183} INFO - Processing /home/airflow/.local/lib/python3.8/site-packages/airflow/example_dags/example_complex.py took 0.027 seconds
[2026-02-10T20:25:25.537+0000] {processor.py:161} INFO - Started process (PID=322) to work on /home/airflow/.local/lib/python3.8/site-packages/airflow/example_dags/example_complex.py
[2026-02-10T20:25:25.537+0000] {processor.py:830} INFO - Processing file /home/airflow/.local/lib/python3.8/site-packages/airflow/example_dags/example_complex.py for tasks to queue
[2026-02-10T20:25:25.539+0000] {logging_mixin.py:188} INFO - [2026-02-10T20:25:25.538+0000] {dagbag.py:538} INFO - Filling up the DagBag from /home/airflow/.local/lib/python3.8/site-packages/airflow/example_dags/example_complex.py
[2026-02-10T20:25:25.543+0000] {processor.py:840} INFO - DAG(s) 'example_complex' retrieved from /home/airflow/.local/lib/python3.8/site-packages/airflow/example_dags/example_complex.py
[2026-02-10T20:25:25.560+0000] {logging_mixin.py:188} INFO - [2026-02-10T20:25:25.560+0000] {dag.py:3036} INFO - Sync 1 DAGs
[2026-02-10T20:25:25.567+0000] {logging_mixin.py:188} INFO - [2026-02-10T20:25:25.566+0000] {dag.py:3823} INFO - Setting next_dagrun for example_complex to None, run_after=None
[2026-02-10T20:25:25.578+0000] {processor.py:183} INFO - Processing /home/airflow/.local/lib/python3.8/site-packages/airflow/example_dags/example_complex.py took 0.043 seconds
[2026-02-10T20:25:56.065+0000] {processor.py:161} INFO - Started process (PID=377) to work on /home/airflow/.local/lib/python3.8/site-packages/airflow/example_dags/example_complex.py
[2026-02-10T20:25:56.065+0000] {processor.py:830} INFO - Processing file /home/airflow/.local/lib/python3.8/site-packages/airflow/example_dags/example_complex.py for tasks to queue
[2026-02-10T20:25:56.066+0000] {logging_mixin.py:188} INFO - [2026-02-10T20:25:56.066+0000] {dagbag.py:538} INFO - Filling up the DagBag from /home/airflow/.local/lib/python3.8/site-packages/airflow/example_dags/example_complex.py
[2026-02-10T20:25:56.070+0000] {processor.py:840} INFO - DAG(s) 'example_complex' retrieved from /home/airflow/.local/lib/python3.8/site-packages/airflow/example_dags/example_complex.py
[2026-02-10T20:25:56.084+0000] {logging_mixin.py:188} INFO - [2026-02-10T20:25:56.084+0000] {dag.py:3036} INFO - Sync 1 DAGs
[2026-02-10T20:25:56.089+0000] {logging_mixin.py:188} INFO - [2026-02-10T20:25:56.089+0000] {dag.py:3823} INFO - Setting next_dagrun for example_complex to None, run_after=None
[2026-02-10T20:25:56.096+0000] {processor.py:183} INFO - Processing /home/airflow/.local/lib/python3.8/site-packages/airflow/example_dags/example_complex.py took 0.033 seconds
[2026-02-10T20:26:26.478+0000] {processor.py:161} INFO - Started process (PID=432) to work on /home/airflow/.local/lib/python3.8/site-packages/airflow/example_dags/example_complex.py
[2026-02-10T20:26:26.480+0000] {processor.py:830} INFO - Processing file /home/airflow/.local/lib/python3.8/site-packages/airflow/example_dags/example_complex.py for tasks to queue
[2026-02-10T20:26:26.482+0000] {logging_mixin.py:188} INFO - [2026-02-10T20:26:26.482+0000] {dagbag.py:538} INFO - Filling up the DagBag from /home/airflow/.local/lib/python3.8/site-packages/airflow/example_dags/example_complex.py
[2026-02-10T20:26:26.487+0000] {processor.py:840} INFO - DAG(s) 'example_complex' retrieved from /home/airflow/.local/lib/python3.8/site-packages/airflow/example_dags/example_complex.py
[2026-02-10T20:26:26.500+0000] {logging_mixin.py:188} INFO - [2026-02-10T20:26:26.500+0000] {dag.py:3036} INFO - Sync 1 DAGs
[2026-02-10T20:26:26.505+0000] {logging_mixin.py:188} INFO - [2026-02-10T20:26:26.505+0000] {dag.py:3823} INFO - Setting next_dagrun for example_complex to None, run_after=None
[2026-02-10T20:26:26.511+0000] {processor.py:183} INFO - Processing /home/airflow/.local/lib/python3.8/site-packages/airflow/example_dags/example_complex.py took 0.036 seconds
[2026-02-10T20:26:56.856+0000] {processor.py:161} INFO - Started process (PID=487) to work on /home/airflow/.local/lib/python3.8/site-packages/airflow/example_dags/example_complex.py
[2026-02-10T20:26:56.857+0000] {processor.py:830} INFO - Processing file /home/airflow/.local/lib/python3.8/site-packages/airflow/example_dags/example_complex.py for tasks to queue
[2026-02-10T20:26:56.858+0000] {logging_mixin.py:188} INFO - [2026-02-10T20:26:56.858+0000] {dagbag.py:538} INFO - Filling up the DagBag from /home/airflow/.local/lib/python3.8/site-packages/airflow/example_dags/example_complex.py
[2026-02-10T20:26:56.863+0000] {processor.py:840} INFO - DAG(s) 'example_complex' retrieved from /home/airflow/.local/lib/python3.8/site-packages/airflow/example_dags/example_complex.py
[2026-02-10T20:26:56.876+0000] {logging_mixin.py:188} INFO - [2026-02-10T20:26:56.875+0000] {dag.py:3036} INFO - Sync 1 DAGs
[2026-02-10T20:26:56.879+0000] {logging_mixin.py:188} INFO - [2026-02-10T20:26:56.879+0000] {dag.py:3823} INFO - Setting next_dagrun for example_complex to None, run_after=None
[2026-02-10T20:26:56.888+0000] {processor.py:183} INFO - Processing /home/airflow/.local/lib/python3.8/site-packages/airflow/example_dags/example_complex.py took 0.033 seconds
[2026-02-10T20:27:27.233+0000] {processor.py:161} INFO - Started process (PID=548) to work on /home/airflow/.local/lib/python3.8/site-packages/airflow/example_dags/example_complex.py
[2026-02-10T20:27:27.234+0000] {processor.py:830} INFO - Processing file /home/airflow/.local/lib/python3.8/site-packages/airflow/example_dags/example_complex.py for tasks to queue
[2026-02-10T20:27:27.236+0000] {logging_mixin.py:188} INFO - [2026-02-10T20:27:27.236+0000] {dagbag.py:538} INFO - Filling up the DagBag from /home/airflow/.local/lib/python3.8/site-packages/airflow/example_dags/example_complex.py
[2026-02-10T20:27:27.240+0000] {processor.py:840} INFO - DAG(s) 'example_complex' retrieved from /home/airflow/.local/lib/python3.8/site-packages/airflow/example_dags/example_complex.py
[2026-02-10T20:27:27.251+0000] {logging_mixin.py:188} INFO - [2026-02-10T20:27:27.251+0000] {dag.py:3036} INFO - Sync 1 DAGs
[2026-02-10T20:27:27.255+0000] {logging_mixin.py:188} INFO - [2026-02-10T20:27:27.255+0000] {dag.py:3823} INFO - Setting next_dagrun for example_complex to None, run_after=None
[2026-02-10T20:27:27.262+0000] {processor.py:183} INFO - Processing /home/airflow/.local/lib/python3.8/site-packages/airflow/example_dags/example_complex.py took 0.030 seconds
[2026-02-10T20:27:57.632+0000] {processor.py:161} INFO - Started process (PID=602) to work on /home/airflow/.local/lib/python3.8/site-packages/airflow/example_dags/example_complex.py
[2026-02-10T20:27:57.633+0000] {processor.py:830} INFO - Processing file /home/airflow/.local/lib/python3.8/site-packages/airflow/example_dags/example_complex.py for tasks to queue
[2026-02-10T20:27:57.634+0000] {logging_mixin.py:188} INFO - [2026-02-10T20:27:57.634+0000] {dagbag.py:538} INFO - Filling up the DagBag from /home/airflow/.local/lib/python3.8/site-packages/airflow/example_dags/example_complex.py
[2026-02-10T20:27:57.641+0000] {processor.py:840} INFO - DAG(s) 'example_complex' retrieved from /home/airflow/.local/lib/python3.8/site-packages/airflow/example_dags/example_complex.py
[2026-02-10T20:27:57.660+0000] {logging_mixin.py:188} INFO - [2026-02-10T20:27:57.660+0000] {dag.py:3036} INFO - Sync 1 DAGs
[2026-02-10T20:27:57.668+0000] {logging_mixin.py:188} INFO - [2026-02-10T20:27:57.668+0000] {dag.py:3823} INFO - Setting next_dagrun for example_complex to None, run_after=None
[2026-02-10T20:27:57.678+0000] {processor.py:183} INFO - Processing /home/airflow/.local/lib/python3.8/site-packages/airflow/example_dags/example_complex.py took 0.048 seconds
[2026-02-10T20:28:28.210+0000] {processor.py:161} INFO - Started process (PID=657) to work on /home/airflow/.local/lib/python3.8/site-packages/airflow/example_dags/example_complex.py
[2026-02-10T20:28:28.211+0000] {processor.py:830} INFO - Processing file /home/airflow/.local/lib/python3.8/site-packages/airflow/example_dags/example_complex.py for tasks to queue
[2026-02-10T20:28:28.212+0000] {logging_mixin.py:188} INFO - [2026-02-10T20:28:28.212+0000] {dagbag.py:538} INFO - Filling up the DagBag from /home/airflow/.local/lib/python3.8/site-packages/airflow/example_dags/example_complex.py
[2026-02-10T20:28:28.216+0000] {processor.py:840} INFO - DAG(s) 'example_complex' retrieved from /home/airflow/.local/lib/python3.8/site-packages/airflow/example_dags/example_complex.py
[2026-02-10T20:28:28.232+0000] {logging_mixin.py:188} INFO - [2026-02-10T20:28:28.232+0000] {dag.py:3036} INFO - Sync 1 DAGs
[2026-02-10T20:28:28.237+0000] {logging_mixin.py:188} INFO - [2026-02-10T20:28:28.237+0000] {dag.py:3823} INFO - Setting next_dagrun for example_complex to None, run_after=None
[2026-02-10T20:28:28.245+0000] {processor.py:183} INFO - Processing /home/airflow/.local/lib/python3.8/site-packages/airflow/example_dags/example_complex.py took 0.036 seconds
[2026-02-10T20:28:58.830+0000] {processor.py:161} INFO - Started process (PID=712) to work on /home/airflow/.local/lib/python3.8/site-packages/airflow/example_dags/example_complex.py
[2026-02-10T20:28:58.831+0000] {processor.py:830} INFO - Processing file /home/airflow/.local/lib/python3.8/site-packages/airflow/example_dags/example_complex.py for tasks to queue
[2026-02-10T20:28:58.832+0000] {logging_mixin.py:188} INFO - [2026-02-10T20:28:58.832+0000] {dagbag.py:538} INFO - Filling up the DagBag from /home/airflow/.local/lib/python3.8/site-packages/airflow/example_dags/example_complex.py
[2026-02-10T20:28:58.839+0000] {processor.py:840} INFO - DAG(s) 'example_complex' retrieved from /home/airflow/.local/lib/python3.8/site-packages/airflow/example_dags/example_complex.py
[2026-02-10T20:28:58.853+0000] {logging_mixin.py:188} INFO - [2026-02-10T20:28:58.853+0000] {dag.py:3036} INFO - Sync 1 DAGs
[2026-02-10T20:28:58.860+0000] {logging_mixin.py:188} INFO - [2026-02-10T20:28:58.860+0000] {dag.py:3823} INFO - Setting next_dagrun for example_complex to None, run_after=None
[2026-02-10T20:28:58.868+0000] {processor.py:183} INFO - Processing /home/airflow/.local/lib/python3.8/site-packages/airflow/example_dags/example_complex.py took 0.039 seconds
[2026-02-10T20:29:29.509+0000] {processor.py:161} INFO - Started process (PID=767) to work on /home/airflow/.local/lib/python3.8/site-packages/airflow/example_dags/example_complex.py
[2026-02-10T20:29:29.509+0000] {processor.py:830} INFO - Processing file /home/airflow/.local/lib/python3.8/site-packages/airflow/example_dags/example_complex.py for tasks to queue
[2026-02-10T20:29:29.510+0000] {logging_mixin.py:188} INFO - [2026-02-10T20:29:29.510+0000] {dagbag.py:538} INFO - Filling up the DagBag from /home/airflow/.local/lib/python3.8/site-packages/airflow/example_dags/example_complex.py
[2026-02-10T20:29:29.514+0000] {processor.py:840} INFO - DAG(s) 'example_complex' retrieved from /home/airflow/.local/lib/python3.8/site-packages/airflow/example_dags/example_complex.py
[2026-02-10T20:29:29.530+0000] {logging_mixin.py:188} INFO - [2026-02-10T20:29:29.529+0000] {dag.py:3036} INFO - Sync 1 DAGs
[2026-02-10T20:29:29.534+0000] {logging_mixin.py:188} INFO - [2026-02-10T20:29:29.534+0000] {dag.py:3823} INFO - Setting next_dagrun for example_complex to None, run_after=None
[2026-02-10T20:29:29.542+0000] {processor.py:183} INFO - Processing /home/airflow/.local/lib/python3.8/site-packages/airflow/example_dags/example_complex.py took 0.035 seconds
[2026-02-10T20:29:59.972+0000] {processor.py:161} INFO - Started process (PID=822) to work on /home/airflow/.local/lib/python3.8/site-packages/airflow/example_dags/example_complex.py
[2026-02-10T20:29:59.972+0000] {processor.py:830} INFO - Processing file /home/airflow/.local/lib/python3.8/site-packages/airflow/example_dags/example_complex.py for tasks to queue
[2026-02-10T20:29:59.973+0000] {logging_mixin.py:188} INFO - [2026-02-10T20:29:59.973+0000] {dagbag.py:538} INFO - Filling up the DagBag from /home/airflow/.local/lib/python3.8/site-packages/airflow/example_dags/example_complex.py
[2026-02-10T20:29:59.977+0000] {processor.py:840} INFO - DAG(s) 'example_complex' retrieved from /home/airflow/.local/lib/python3.8/site-packages/airflow/example_dags/example_complex.py
[2026-02-10T20:29:59.992+0000] {logging_mixin.py:188} INFO - [2026-02-10T20:29:59.992+0000] {dag.py:3036} INFO - Sync 1 DAGs
[2026-02-10T20:30:00.000+0000] {logging_mixin.py:188} INFO - [2026-02-10T20:30:00.000+0000] {dag.py:3823} INFO - Setting next_dagrun for example_complex to None, run_after=None
[2026-02-10T20:30:00.019+0000] {processor.py:183} INFO - Processing /home/airflow/.local/lib/python3.8/site-packages/airflow/example_dags/example_complex.py took 0.049 seconds
[2026-02-10T20:30:30.434+0000] {processor.py:161} INFO - Started process (PID=877) to work on /home/airflow/.local/lib/python3.8/site-packages/airflow/example_dags/example_complex.py
[2026-02-10T20:30:30.434+0000] {processor.py:830} INFO - Processing file /home/airflow/.local/lib/python3.8/site-packages/airflow/example_dags/example_complex.py for tasks to queue
[2026-02-10T20:30:30.435+0000] {logging_mixin.py:188} INFO - [2026-02-10T20:30:30.435+0000] {dagbag.py:538} INFO - Filling up the DagBag from /home/airflow/.local/lib/python3.8/site-packages/airflow/example_dags/example_complex.py
[2026-02-10T20:30:30.439+0000] {processor.py:840} INFO - DAG(s) 'example_complex' retrieved from /home/airflow/.local/lib/python3.8/site-packages/airflow/example_dags/example_complex.py
[2026-02-10T20:30:30.456+0000] {logging_mixin.py:188} INFO - [2026-02-10T20:30:30.456+0000] {dag.py:3036} INFO - Sync 1 DAGs
[2026-02-10T20:30:30.460+0000] {logging_mixin.py:188} INFO - [2026-02-10T20:30:30.460+0000] {dag.py:3823} INFO - Setting next_dagrun for example_complex to None, run_after=None
[2026-02-10T20:30:30.474+0000] {processor.py:183} INFO - Processing /home/airflow/.local/lib/python3.8/site-packages/airflow/example_dags/example_complex.py took 0.042 seconds
[2026-02-10T20:31:00.810+0000] {processor.py:161} INFO - Started process (PID=932) to work on /home/airflow/.local/lib/python3.8/site-packages/airflow/example_dags/example_complex.py
[2026-02-10T20:31:00.811+0000] {processor.py:830} INFO - Processing file /home/airflow/.local/lib/python3.8/site-packages/airflow/example_dags/example_complex.py for tasks to queue
[2026-02-10T20:31:00.812+0000] {logging_mixin.py:188} INFO - [2026-02-10T20:31:00.811+0000] {dagbag.py:538} INFO - Filling up the DagBag from /home/airflow/.local/lib/python3.8/site-packages/airflow/example_dags/example_complex.py
[2026-02-10T20:31:00.816+0000] {processor.py:840} INFO - DAG(s) 'example_complex' retrieved from /home/airflow/.local/lib/python3.8/site-packages/airflow/example_dags/example_complex.py
[2026-02-10T20:31:00.833+0000] {logging_mixin.py:188} INFO - [2026-02-10T20:31:00.833+0000] {dag.py:3036} INFO - Sync 1 DAGs
[2026-02-10T20:31:00.838+0000] {logging_mixin.py:188} INFO - [2026-02-10T20:31:00.838+0000] {dag.py:3823} INFO - Setting next_dagrun for example_complex to None, run_after=None
[2026-02-10T20:31:00.846+0000] {processor.py:183} INFO - Processing /home/airflow/.local/lib/python3.8/site-packages/airflow/example_dags/example_complex.py took 0.037 seconds
[2026-02-10T20:31:31.281+0000] {processor.py:161} INFO - Started process (PID=987) to work on /home/airflow/.local/lib/python3.8/site-packages/airflow/example_dags/example_complex.py
[2026-02-10T20:31:31.281+0000] {processor.py:830} INFO - Processing file /home/airflow/.local/lib/python3.8/site-packages/airflow/example_dags/example_complex.py for tasks to queue
[2026-02-10T20:31:31.282+0000] {logging_mixin.py:188} INFO - [2026-02-10T20:31:31.282+0000] {dagbag.py:538} INFO - Filling up the DagBag from /home/airflow/.local/lib/python3.8/site-packages/airflow/example_dags/example_complex.py
[2026-02-10T20:31:31.286+0000] {processor.py:840} INFO - DAG(s) 'example_complex' retrieved from /home/airflow/.local/lib/python3.8/site-packages/airflow/example_dags/example_complex.py
[2026-02-10T20:31:31.297+0000] {logging_mixin.py:188} INFO - [2026-02-10T20:31:31.297+0000] {dag.py:3036} INFO - Sync 1 DAGs
[2026-02-10T20:31:31.302+0000] {logging_mixin.py:188} INFO - [2026-02-10T20:31:31.302+0000] {dag.py:3823} INFO - Setting next_dagrun for example_complex to None, run_after=None
[2026-02-10T20:31:31.310+0000] {processor.py:183} INFO - Processing /home/airflow/.local/lib/python3.8/site-packages/airflow/example_dags/example_complex.py took 0.030 seconds
[2026-02-10T20:32:01.675+0000] {processor.py:161} INFO - Started process (PID=1042) to work on /home/airflow/.local/lib/python3.8/site-packages/airflow/example_dags/example_complex.py
[2026-02-10T20:32:01.675+0000] {processor.py:830} INFO - Processing file /home/airflow/.local/lib/python3.8/site-packages/airflow/example_dags/example_complex.py for tasks to queue
[2026-02-10T20:32:01.676+0000] {logging_mixin.py:188} INFO - [2026-02-10T20:32:01.676+0000] {dagbag.py:538} INFO - Filling up the DagBag from /home/airflow/.local/lib/python3.8/site-packages/airflow/example_dags/example_complex.py
[2026-02-10T20:32:01.680+0000] {processor.py:840} INFO - DAG(s) 'example_complex' retrieved from /home/airflow/.local/lib/python3.8/site-packages/airflow/example_dags/example_complex.py
[2026-02-10T20:32:01.693+0000] {logging_mixin.py:188} INFO - [2026-02-10T20:32:01.693+0000] {dag.py:3036} INFO - Sync 1 DAGs
[2026-02-10T20:32:01.698+0000] {logging_mixin.py:188} INFO - [2026-02-10T20:32:01.698+0000] {dag.py:3823} INFO - Setting next_dagrun for example_complex to None, run_after=None
[2026-02-10T20:32:01.707+0000] {processor.py:183} INFO - Processing /home/airflow/.local/lib/python3.8/site-packages/airflow/example_dags/example_complex.py took 0.034 seconds
[2026-02-10T20:32:32.054+0000] {processor.py:161} INFO - Started process (PID=1097) to work on /home/airflow/.local/lib/python3.8/site-packages/airflow/example_dags/example_complex.py
[2026-02-10T20:32:32.054+0000] {processor.py:830} INFO - Processing file /home/airflow/.local/lib/python3.8/site-packages/airflow/example_dags/example_complex.py for tasks to queue
[2026-02-10T20:32:32.055+0000] {logging_mixin.py:188} INFO - [2026-02-10T20:32:32.055+0000] {dagbag.py:538} INFO - Filling up the DagBag from /home/airflow/.local/lib/python3.8/site-packages/airflow/example_dags/example_complex.py
[2026-02-10T20:32:32.060+0000] {processor.py:840} INFO - DAG(s) 'example_complex' retrieved from /home/airflow/.local/lib/python3.8/site-packages/airflow/example_dags/example_complex.py
[2026-02-10T20:32:32.074+0000] {logging_mixin.py:188} INFO - [2026-02-10T20:32:32.074+0000] {dag.py:3036} INFO - Sync 1 DAGs
[2026-02-10T20:32:32.079+0000] {logging_mixin.py:188} INFO - [2026-02-10T20:32:32.079+0000] {dag.py:3823} INFO - Setting next_dagrun for example_complex to None, run_after=None
[2026-02-10T20:32:32.087+0000] {processor.py:183} INFO - Processing /home/airflow/.local/lib/python3.8/site-packages/airflow/example_dags/example_complex.py took 0.035 seconds
[2026-02-10T20:33:02.526+0000] {processor.py:161} INFO - Started process (PID=1153) to work on /home/airflow/.local/lib/python3.8/site-packages/airflow/example_dags/example_complex.py
[2026-02-10T20:33:02.526+0000] {processor.py:830} INFO - Processing file /home/airflow/.local/lib/python3.8/site-packages/airflow/example_dags/example_complex.py for tasks to queue
[2026-02-10T20:33:02.527+0000] {logging_mixin.py:188} INFO - [2026-02-10T20:33:02.527+0000] {dagbag.py:538} INFO - Filling up the DagBag from /home/airflow/.local/lib/python3.8/site-packages/airflow/example_dags/example_complex.py
[2026-02-10T20:33:02.532+0000] {processor.py:840} INFO - DAG(s) 'example_complex' retrieved from /home/airflow/.local/lib/python3.8/site-packages/airflow/example_dags/example_complex.py
[2026-02-10T20:33:02.547+0000] {logging_mixin.py:188} INFO - [2026-02-10T20:33:02.546+0000] {dag.py:3036} INFO - Sync 1 DAGs
[2026-02-10T20:33:02.552+0000] {logging_mixin.py:188} INFO - [2026-02-10T20:33:02.552+0000] {dag.py:3823} INFO - Setting next_dagrun for example_complex to None, run_after=None
[2026-02-10T20:33:02.563+0000] {processor.py:183} INFO - Processing /home/airflow/.local/lib/python3.8/site-packages/airflow/example_dags/example_complex.py took 0.039 seconds
[2026-02-10T20:33:32.960+0000] {processor.py:161} INFO - Started process (PID=1209) to work on /home/airflow/.local/lib/python3.8/site-packages/airflow/example_dags/example_complex.py
[2026-02-10T20:33:32.960+0000] {processor.py:830} INFO - Processing file /home/airflow/.local/lib/python3.8/site-packages/airflow/example_dags/example_complex.py for tasks to queue
[2026-02-10T20:33:32.961+0000] {logging_mixin.py:188} INFO - [2026-02-10T20:33:32.961+0000] {dagbag.py:538} INFO - Filling up the DagBag from /home/airflow/.local/lib/python3.8/site-packages/airflow/example_dags/example_complex.py
[2026-02-10T20:33:32.965+0000] {processor.py:840} INFO - DAG(s) 'example_complex' retrieved from /home/airflow/.local/lib/python3.8/site-packages/airflow/example_dags/example_complex.py
[2026-02-10T20:33:32.978+0000] {logging_mixin.py:188} INFO - [2026-02-10T20:33:32.978+0000] {dag.py:3036} INFO - Sync 1 DAGs
[2026-02-10T20:33:32.986+0000] {logging_mixin.py:188} INFO - [2026-02-10T20:33:32.986+0000] {dag.py:3823} INFO - Setting next_dagrun for example_complex to None, run_after=None
[2026-02-10T20:33:32.996+0000] {processor.py:183} INFO - Processing /home/airflow/.local/lib/python3.8/site-packages/airflow/example_dags/example_complex.py took 0.038 seconds
[2026-02-10T20:34:03.353+0000] {processor.py:161} INFO - Started process (PID=1265) to work on /home/airflow/.local/lib/python3.8/site-packages/airflow/example_dags/example_complex.py
[2026-02-10T20:34:03.353+0000] {processor.py:830} INFO - Processing file /home/airflow/.local/lib/python3.8/site-packages/airflow/example_dags/example_complex.py for tasks to queue
[2026-02-10T20:34:03.354+0000] {logging_mixin.py:188} INFO - [2026-02-10T20:34:03.354+0000] {dagbag.py:538} INFO - Filling up the DagBag from /home/airflow/.local/lib/python3.8/site-packages/airflow/example_dags/example_complex.py
[2026-02-10T20:34:03.358+0000] {processor.py:840} INFO - DAG(s) 'example_complex' retrieved from /home/airflow/.local/lib/python3.8/site-packages/airflow/example_dags/example_complex.py
[2026-02-10T20:34:03.370+0000] {logging_mixin.py:188} INFO - [2026-02-10T20:34:03.370+0000] {dag.py:3036} INFO - Sync 1 DAGs
[2026-02-10T20:34:03.375+0000] {logging_mixin.py:188} INFO - [2026-02-10T20:34:03.375+0000] {dag.py:3823} INFO - Setting next_dagrun for example_complex to None, run_after=None
[2026-02-10T20:34:03.381+0000] {processor.py:183} INFO - Processing /home/airflow/.local/lib/python3.8/site-packages/airflow/example_dags/example_complex.py took 0.029 seconds
