[2026-02-10T20:22:54.268+0000] {processor.py:161} INFO - Started process (PID=58) to work on /home/airflow/.local/lib/python3.8/site-packages/airflow/example_dags/example_python_decorator.py
[2026-02-10T20:22:54.269+0000] {processor.py:830} INFO - Processing file /home/airflow/.local/lib/python3.8/site-packages/airflow/example_dags/example_python_decorator.py for tasks to queue
[2026-02-10T20:22:54.270+0000] {logging_mixin.py:188} INFO - [2026-02-10T20:22:54.270+0000] {dagbag.py:538} INFO - Filling up the DagBag from /home/airflow/.local/lib/python3.8/site-packages/airflow/example_dags/example_python_decorator.py
[2026-02-10T20:22:54.283+0000] {processor.py:840} INFO - DAG(s) 'example_python_decorator' retrieved from /home/airflow/.local/lib/python3.8/site-packages/airflow/example_dags/example_python_decorator.py
[2026-02-10T20:22:54.296+0000] {logging_mixin.py:188} INFO - [2026-02-10T20:22:54.295+0000] {dag.py:3036} INFO - Sync 1 DAGs
[2026-02-10T20:22:54.302+0000] {logging_mixin.py:188} INFO - [2026-02-10T20:22:54.302+0000] {dag.py:3823} INFO - Setting next_dagrun for example_python_decorator to None, run_after=None
[2026-02-10T20:22:54.323+0000] {processor.py:183} INFO - Processing /home/airflow/.local/lib/python3.8/site-packages/airflow/example_dags/example_python_decorator.py took 0.057 seconds
[2026-02-10T20:23:24.374+0000] {processor.py:161} INFO - Started process (PID=112) to work on /home/airflow/.local/lib/python3.8/site-packages/airflow/example_dags/example_python_decorator.py
[2026-02-10T20:23:24.374+0000] {processor.py:830} INFO - Processing file /home/airflow/.local/lib/python3.8/site-packages/airflow/example_dags/example_python_decorator.py for tasks to queue
[2026-02-10T20:23:24.375+0000] {logging_mixin.py:188} INFO - [2026-02-10T20:23:24.375+0000] {dagbag.py:538} INFO - Filling up the DagBag from /home/airflow/.local/lib/python3.8/site-packages/airflow/example_dags/example_python_decorator.py
[2026-02-10T20:23:24.380+0000] {processor.py:840} INFO - DAG(s) 'example_python_decorator' retrieved from /home/airflow/.local/lib/python3.8/site-packages/airflow/example_dags/example_python_decorator.py
[2026-02-10T20:23:24.423+0000] {logging_mixin.py:188} INFO - [2026-02-10T20:23:24.423+0000] {dag.py:3036} INFO - Sync 1 DAGs
[2026-02-10T20:23:24.429+0000] {logging_mixin.py:188} INFO - [2026-02-10T20:23:24.429+0000] {dag.py:3823} INFO - Setting next_dagrun for example_python_decorator to None, run_after=None
[2026-02-10T20:23:24.436+0000] {processor.py:183} INFO - Processing /home/airflow/.local/lib/python3.8/site-packages/airflow/example_dags/example_python_decorator.py took 0.063 seconds
[2026-02-10T20:23:55.359+0000] {processor.py:161} INFO - Started process (PID=168) to work on /home/airflow/.local/lib/python3.8/site-packages/airflow/example_dags/example_python_decorator.py
[2026-02-10T20:23:55.360+0000] {processor.py:830} INFO - Processing file /home/airflow/.local/lib/python3.8/site-packages/airflow/example_dags/example_python_decorator.py for tasks to queue
[2026-02-10T20:23:55.361+0000] {logging_mixin.py:188} INFO - [2026-02-10T20:23:55.361+0000] {dagbag.py:538} INFO - Filling up the DagBag from /home/airflow/.local/lib/python3.8/site-packages/airflow/example_dags/example_python_decorator.py
[2026-02-10T20:23:55.366+0000] {processor.py:840} INFO - DAG(s) 'example_python_decorator' retrieved from /home/airflow/.local/lib/python3.8/site-packages/airflow/example_dags/example_python_decorator.py
[2026-02-10T20:23:55.378+0000] {logging_mixin.py:188} INFO - [2026-02-10T20:23:55.378+0000] {dag.py:3036} INFO - Sync 1 DAGs
[2026-02-10T20:23:55.383+0000] {logging_mixin.py:188} INFO - [2026-02-10T20:23:55.382+0000] {dag.py:3823} INFO - Setting next_dagrun for example_python_decorator to None, run_after=None
[2026-02-10T20:23:55.391+0000] {processor.py:183} INFO - Processing /home/airflow/.local/lib/python3.8/site-packages/airflow/example_dags/example_python_decorator.py took 0.033 seconds
[2026-02-10T20:24:25.768+0000] {processor.py:161} INFO - Started process (PID=223) to work on /home/airflow/.local/lib/python3.8/site-packages/airflow/example_dags/example_python_decorator.py
[2026-02-10T20:24:25.769+0000] {processor.py:830} INFO - Processing file /home/airflow/.local/lib/python3.8/site-packages/airflow/example_dags/example_python_decorator.py for tasks to queue
[2026-02-10T20:24:25.770+0000] {logging_mixin.py:188} INFO - [2026-02-10T20:24:25.770+0000] {dagbag.py:538} INFO - Filling up the DagBag from /home/airflow/.local/lib/python3.8/site-packages/airflow/example_dags/example_python_decorator.py
[2026-02-10T20:24:25.774+0000] {processor.py:840} INFO - DAG(s) 'example_python_decorator' retrieved from /home/airflow/.local/lib/python3.8/site-packages/airflow/example_dags/example_python_decorator.py
[2026-02-10T20:24:25.789+0000] {logging_mixin.py:188} INFO - [2026-02-10T20:24:25.789+0000] {dag.py:3036} INFO - Sync 1 DAGs
[2026-02-10T20:24:25.793+0000] {logging_mixin.py:188} INFO - [2026-02-10T20:24:25.793+0000] {dag.py:3823} INFO - Setting next_dagrun for example_python_decorator to None, run_after=None
[2026-02-10T20:24:25.802+0000] {processor.py:183} INFO - Processing /home/airflow/.local/lib/python3.8/site-packages/airflow/example_dags/example_python_decorator.py took 0.035 seconds
[2026-02-10T20:24:56.290+0000] {processor.py:161} INFO - Started process (PID=278) to work on /home/airflow/.local/lib/python3.8/site-packages/airflow/example_dags/example_python_decorator.py
[2026-02-10T20:24:56.292+0000] {processor.py:830} INFO - Processing file /home/airflow/.local/lib/python3.8/site-packages/airflow/example_dags/example_python_decorator.py for tasks to queue
[2026-02-10T20:24:56.293+0000] {logging_mixin.py:188} INFO - [2026-02-10T20:24:56.292+0000] {dagbag.py:538} INFO - Filling up the DagBag from /home/airflow/.local/lib/python3.8/site-packages/airflow/example_dags/example_python_decorator.py
[2026-02-10T20:24:56.298+0000] {processor.py:840} INFO - DAG(s) 'example_python_decorator' retrieved from /home/airflow/.local/lib/python3.8/site-packages/airflow/example_dags/example_python_decorator.py
[2026-02-10T20:24:56.308+0000] {logging_mixin.py:188} INFO - [2026-02-10T20:24:56.308+0000] {dag.py:3036} INFO - Sync 1 DAGs
[2026-02-10T20:24:56.313+0000] {logging_mixin.py:188} INFO - [2026-02-10T20:24:56.313+0000] {dag.py:3823} INFO - Setting next_dagrun for example_python_decorator to None, run_after=None
[2026-02-10T20:24:56.324+0000] {processor.py:183} INFO - Processing /home/airflow/.local/lib/python3.8/site-packages/airflow/example_dags/example_python_decorator.py took 0.035 seconds
[2026-02-10T20:25:26.895+0000] {processor.py:161} INFO - Started process (PID=339) to work on /home/airflow/.local/lib/python3.8/site-packages/airflow/example_dags/example_python_decorator.py
[2026-02-10T20:25:26.899+0000] {processor.py:830} INFO - Processing file /home/airflow/.local/lib/python3.8/site-packages/airflow/example_dags/example_python_decorator.py for tasks to queue
[2026-02-10T20:25:26.900+0000] {logging_mixin.py:188} INFO - [2026-02-10T20:25:26.900+0000] {dagbag.py:538} INFO - Filling up the DagBag from /home/airflow/.local/lib/python3.8/site-packages/airflow/example_dags/example_python_decorator.py
[2026-02-10T20:25:26.906+0000] {processor.py:840} INFO - DAG(s) 'example_python_decorator' retrieved from /home/airflow/.local/lib/python3.8/site-packages/airflow/example_dags/example_python_decorator.py
[2026-02-10T20:25:26.921+0000] {logging_mixin.py:188} INFO - [2026-02-10T20:25:26.920+0000] {dag.py:3036} INFO - Sync 1 DAGs
[2026-02-10T20:25:26.926+0000] {logging_mixin.py:188} INFO - [2026-02-10T20:25:26.926+0000] {dag.py:3823} INFO - Setting next_dagrun for example_python_decorator to None, run_after=None
[2026-02-10T20:25:26.934+0000] {processor.py:183} INFO - Processing /home/airflow/.local/lib/python3.8/site-packages/airflow/example_dags/example_python_decorator.py took 0.040 seconds
[2026-02-10T20:25:57.360+0000] {processor.py:161} INFO - Started process (PID=394) to work on /home/airflow/.local/lib/python3.8/site-packages/airflow/example_dags/example_python_decorator.py
[2026-02-10T20:25:57.361+0000] {processor.py:830} INFO - Processing file /home/airflow/.local/lib/python3.8/site-packages/airflow/example_dags/example_python_decorator.py for tasks to queue
[2026-02-10T20:25:57.361+0000] {logging_mixin.py:188} INFO - [2026-02-10T20:25:57.361+0000] {dagbag.py:538} INFO - Filling up the DagBag from /home/airflow/.local/lib/python3.8/site-packages/airflow/example_dags/example_python_decorator.py
[2026-02-10T20:25:57.367+0000] {processor.py:840} INFO - DAG(s) 'example_python_decorator' retrieved from /home/airflow/.local/lib/python3.8/site-packages/airflow/example_dags/example_python_decorator.py
[2026-02-10T20:25:57.377+0000] {logging_mixin.py:188} INFO - [2026-02-10T20:25:57.377+0000] {dag.py:3036} INFO - Sync 1 DAGs
[2026-02-10T20:25:57.382+0000] {logging_mixin.py:188} INFO - [2026-02-10T20:25:57.382+0000] {dag.py:3823} INFO - Setting next_dagrun for example_python_decorator to None, run_after=None
[2026-02-10T20:25:57.394+0000] {processor.py:183} INFO - Processing /home/airflow/.local/lib/python3.8/site-packages/airflow/example_dags/example_python_decorator.py took 0.036 seconds
[2026-02-10T20:26:27.763+0000] {processor.py:161} INFO - Started process (PID=449) to work on /home/airflow/.local/lib/python3.8/site-packages/airflow/example_dags/example_python_decorator.py
[2026-02-10T20:26:27.765+0000] {processor.py:830} INFO - Processing file /home/airflow/.local/lib/python3.8/site-packages/airflow/example_dags/example_python_decorator.py for tasks to queue
[2026-02-10T20:26:27.766+0000] {logging_mixin.py:188} INFO - [2026-02-10T20:26:27.766+0000] {dagbag.py:538} INFO - Filling up the DagBag from /home/airflow/.local/lib/python3.8/site-packages/airflow/example_dags/example_python_decorator.py
[2026-02-10T20:26:27.771+0000] {processor.py:840} INFO - DAG(s) 'example_python_decorator' retrieved from /home/airflow/.local/lib/python3.8/site-packages/airflow/example_dags/example_python_decorator.py
[2026-02-10T20:26:27.781+0000] {logging_mixin.py:188} INFO - [2026-02-10T20:26:27.781+0000] {dag.py:3036} INFO - Sync 1 DAGs
[2026-02-10T20:26:27.785+0000] {logging_mixin.py:188} INFO - [2026-02-10T20:26:27.785+0000] {dag.py:3823} INFO - Setting next_dagrun for example_python_decorator to None, run_after=None
[2026-02-10T20:26:27.794+0000] {processor.py:183} INFO - Processing /home/airflow/.local/lib/python3.8/site-packages/airflow/example_dags/example_python_decorator.py took 0.032 seconds
[2026-02-10T20:26:58.182+0000] {processor.py:161} INFO - Started process (PID=504) to work on /home/airflow/.local/lib/python3.8/site-packages/airflow/example_dags/example_python_decorator.py
[2026-02-10T20:26:58.183+0000] {processor.py:830} INFO - Processing file /home/airflow/.local/lib/python3.8/site-packages/airflow/example_dags/example_python_decorator.py for tasks to queue
[2026-02-10T20:26:58.184+0000] {logging_mixin.py:188} INFO - [2026-02-10T20:26:58.184+0000] {dagbag.py:538} INFO - Filling up the DagBag from /home/airflow/.local/lib/python3.8/site-packages/airflow/example_dags/example_python_decorator.py
[2026-02-10T20:26:58.189+0000] {processor.py:840} INFO - DAG(s) 'example_python_decorator' retrieved from /home/airflow/.local/lib/python3.8/site-packages/airflow/example_dags/example_python_decorator.py
[2026-02-10T20:26:58.199+0000] {logging_mixin.py:188} INFO - [2026-02-10T20:26:58.199+0000] {dag.py:3036} INFO - Sync 1 DAGs
[2026-02-10T20:26:58.204+0000] {logging_mixin.py:188} INFO - [2026-02-10T20:26:58.204+0000] {dag.py:3823} INFO - Setting next_dagrun for example_python_decorator to None, run_after=None
[2026-02-10T20:26:58.213+0000] {processor.py:183} INFO - Processing /home/airflow/.local/lib/python3.8/site-packages/airflow/example_dags/example_python_decorator.py took 0.033 seconds
[2026-02-10T20:27:28.529+0000] {processor.py:161} INFO - Started process (PID=559) to work on /home/airflow/.local/lib/python3.8/site-packages/airflow/example_dags/example_python_decorator.py
[2026-02-10T20:27:28.530+0000] {processor.py:830} INFO - Processing file /home/airflow/.local/lib/python3.8/site-packages/airflow/example_dags/example_python_decorator.py for tasks to queue
[2026-02-10T20:27:28.531+0000] {logging_mixin.py:188} INFO - [2026-02-10T20:27:28.530+0000] {dagbag.py:538} INFO - Filling up the DagBag from /home/airflow/.local/lib/python3.8/site-packages/airflow/example_dags/example_python_decorator.py
[2026-02-10T20:27:28.537+0000] {processor.py:840} INFO - DAG(s) 'example_python_decorator' retrieved from /home/airflow/.local/lib/python3.8/site-packages/airflow/example_dags/example_python_decorator.py
[2026-02-10T20:27:28.546+0000] {logging_mixin.py:188} INFO - [2026-02-10T20:27:28.546+0000] {dag.py:3036} INFO - Sync 1 DAGs
[2026-02-10T20:27:28.550+0000] {logging_mixin.py:188} INFO - [2026-02-10T20:27:28.550+0000] {dag.py:3823} INFO - Setting next_dagrun for example_python_decorator to None, run_after=None
[2026-02-10T20:27:28.556+0000] {processor.py:183} INFO - Processing /home/airflow/.local/lib/python3.8/site-packages/airflow/example_dags/example_python_decorator.py took 0.029 seconds
[2026-02-10T20:27:58.964+0000] {processor.py:161} INFO - Started process (PID=613) to work on /home/airflow/.local/lib/python3.8/site-packages/airflow/example_dags/example_python_decorator.py
[2026-02-10T20:27:58.966+0000] {processor.py:830} INFO - Processing file /home/airflow/.local/lib/python3.8/site-packages/airflow/example_dags/example_python_decorator.py for tasks to queue
[2026-02-10T20:27:58.970+0000] {logging_mixin.py:188} INFO - [2026-02-10T20:27:58.970+0000] {dagbag.py:538} INFO - Filling up the DagBag from /home/airflow/.local/lib/python3.8/site-packages/airflow/example_dags/example_python_decorator.py
[2026-02-10T20:27:58.976+0000] {processor.py:840} INFO - DAG(s) 'example_python_decorator' retrieved from /home/airflow/.local/lib/python3.8/site-packages/airflow/example_dags/example_python_decorator.py
[2026-02-10T20:27:58.989+0000] {logging_mixin.py:188} INFO - [2026-02-10T20:27:58.989+0000] {dag.py:3036} INFO - Sync 1 DAGs
[2026-02-10T20:27:58.994+0000] {logging_mixin.py:188} INFO - [2026-02-10T20:27:58.994+0000] {dag.py:3823} INFO - Setting next_dagrun for example_python_decorator to None, run_after=None
[2026-02-10T20:27:59.002+0000] {processor.py:183} INFO - Processing /home/airflow/.local/lib/python3.8/site-packages/airflow/example_dags/example_python_decorator.py took 0.040 seconds
[2026-02-10T20:28:29.570+0000] {processor.py:161} INFO - Started process (PID=668) to work on /home/airflow/.local/lib/python3.8/site-packages/airflow/example_dags/example_python_decorator.py
[2026-02-10T20:28:29.570+0000] {processor.py:830} INFO - Processing file /home/airflow/.local/lib/python3.8/site-packages/airflow/example_dags/example_python_decorator.py for tasks to queue
[2026-02-10T20:28:29.571+0000] {logging_mixin.py:188} INFO - [2026-02-10T20:28:29.571+0000] {dagbag.py:538} INFO - Filling up the DagBag from /home/airflow/.local/lib/python3.8/site-packages/airflow/example_dags/example_python_decorator.py
[2026-02-10T20:28:29.576+0000] {processor.py:840} INFO - DAG(s) 'example_python_decorator' retrieved from /home/airflow/.local/lib/python3.8/site-packages/airflow/example_dags/example_python_decorator.py
[2026-02-10T20:28:29.593+0000] {logging_mixin.py:188} INFO - [2026-02-10T20:28:29.593+0000] {dag.py:3036} INFO - Sync 1 DAGs
[2026-02-10T20:28:29.598+0000] {logging_mixin.py:188} INFO - [2026-02-10T20:28:29.598+0000] {dag.py:3823} INFO - Setting next_dagrun for example_python_decorator to None, run_after=None
[2026-02-10T20:28:29.607+0000] {processor.py:183} INFO - Processing /home/airflow/.local/lib/python3.8/site-packages/airflow/example_dags/example_python_decorator.py took 0.039 seconds
[2026-02-10T20:29:00.187+0000] {processor.py:161} INFO - Started process (PID=723) to work on /home/airflow/.local/lib/python3.8/site-packages/airflow/example_dags/example_python_decorator.py
[2026-02-10T20:29:00.189+0000] {processor.py:830} INFO - Processing file /home/airflow/.local/lib/python3.8/site-packages/airflow/example_dags/example_python_decorator.py for tasks to queue
[2026-02-10T20:29:00.189+0000] {logging_mixin.py:188} INFO - [2026-02-10T20:29:00.189+0000] {dagbag.py:538} INFO - Filling up the DagBag from /home/airflow/.local/lib/python3.8/site-packages/airflow/example_dags/example_python_decorator.py
[2026-02-10T20:29:00.196+0000] {processor.py:840} INFO - DAG(s) 'example_python_decorator' retrieved from /home/airflow/.local/lib/python3.8/site-packages/airflow/example_dags/example_python_decorator.py
[2026-02-10T20:29:00.212+0000] {logging_mixin.py:188} INFO - [2026-02-10T20:29:00.212+0000] {dag.py:3036} INFO - Sync 1 DAGs
[2026-02-10T20:29:00.217+0000] {logging_mixin.py:188} INFO - [2026-02-10T20:29:00.217+0000] {dag.py:3823} INFO - Setting next_dagrun for example_python_decorator to None, run_after=None
[2026-02-10T20:29:00.227+0000] {processor.py:183} INFO - Processing /home/airflow/.local/lib/python3.8/site-packages/airflow/example_dags/example_python_decorator.py took 0.041 seconds
[2026-02-10T20:29:30.831+0000] {processor.py:161} INFO - Started process (PID=778) to work on /home/airflow/.local/lib/python3.8/site-packages/airflow/example_dags/example_python_decorator.py
[2026-02-10T20:29:30.833+0000] {processor.py:830} INFO - Processing file /home/airflow/.local/lib/python3.8/site-packages/airflow/example_dags/example_python_decorator.py for tasks to queue
[2026-02-10T20:29:30.834+0000] {logging_mixin.py:188} INFO - [2026-02-10T20:29:30.834+0000] {dagbag.py:538} INFO - Filling up the DagBag from /home/airflow/.local/lib/python3.8/site-packages/airflow/example_dags/example_python_decorator.py
[2026-02-10T20:29:30.839+0000] {processor.py:840} INFO - DAG(s) 'example_python_decorator' retrieved from /home/airflow/.local/lib/python3.8/site-packages/airflow/example_dags/example_python_decorator.py
[2026-02-10T20:29:30.849+0000] {logging_mixin.py:188} INFO - [2026-02-10T20:29:30.849+0000] {dag.py:3036} INFO - Sync 1 DAGs
[2026-02-10T20:29:30.853+0000] {logging_mixin.py:188} INFO - [2026-02-10T20:29:30.853+0000] {dag.py:3823} INFO - Setting next_dagrun for example_python_decorator to None, run_after=None
[2026-02-10T20:29:30.859+0000] {processor.py:183} INFO - Processing /home/airflow/.local/lib/python3.8/site-packages/airflow/example_dags/example_python_decorator.py took 0.030 seconds
[2026-02-10T20:30:01.312+0000] {processor.py:161} INFO - Started process (PID=833) to work on /home/airflow/.local/lib/python3.8/site-packages/airflow/example_dags/example_python_decorator.py
[2026-02-10T20:30:01.313+0000] {processor.py:830} INFO - Processing file /home/airflow/.local/lib/python3.8/site-packages/airflow/example_dags/example_python_decorator.py for tasks to queue
[2026-02-10T20:30:01.315+0000] {logging_mixin.py:188} INFO - [2026-02-10T20:30:01.315+0000] {dagbag.py:538} INFO - Filling up the DagBag from /home/airflow/.local/lib/python3.8/site-packages/airflow/example_dags/example_python_decorator.py
[2026-02-10T20:30:01.322+0000] {processor.py:840} INFO - DAG(s) 'example_python_decorator' retrieved from /home/airflow/.local/lib/python3.8/site-packages/airflow/example_dags/example_python_decorator.py
[2026-02-10T20:30:01.337+0000] {logging_mixin.py:188} INFO - [2026-02-10T20:30:01.337+0000] {dag.py:3036} INFO - Sync 1 DAGs
[2026-02-10T20:30:01.342+0000] {logging_mixin.py:188} INFO - [2026-02-10T20:30:01.342+0000] {dag.py:3823} INFO - Setting next_dagrun for example_python_decorator to None, run_after=None
[2026-02-10T20:30:01.352+0000] {processor.py:183} INFO - Processing /home/airflow/.local/lib/python3.8/site-packages/airflow/example_dags/example_python_decorator.py took 0.041 seconds
[2026-02-10T20:30:31.740+0000] {processor.py:161} INFO - Started process (PID=888) to work on /home/airflow/.local/lib/python3.8/site-packages/airflow/example_dags/example_python_decorator.py
[2026-02-10T20:30:31.743+0000] {processor.py:830} INFO - Processing file /home/airflow/.local/lib/python3.8/site-packages/airflow/example_dags/example_python_decorator.py for tasks to queue
[2026-02-10T20:30:31.744+0000] {logging_mixin.py:188} INFO - [2026-02-10T20:30:31.743+0000] {dagbag.py:538} INFO - Filling up the DagBag from /home/airflow/.local/lib/python3.8/site-packages/airflow/example_dags/example_python_decorator.py
[2026-02-10T20:30:31.750+0000] {processor.py:840} INFO - DAG(s) 'example_python_decorator' retrieved from /home/airflow/.local/lib/python3.8/site-packages/airflow/example_dags/example_python_decorator.py
[2026-02-10T20:30:31.762+0000] {logging_mixin.py:188} INFO - [2026-02-10T20:30:31.762+0000] {dag.py:3036} INFO - Sync 1 DAGs
[2026-02-10T20:30:31.766+0000] {logging_mixin.py:188} INFO - [2026-02-10T20:30:31.766+0000] {dag.py:3823} INFO - Setting next_dagrun for example_python_decorator to None, run_after=None
[2026-02-10T20:30:31.775+0000] {processor.py:183} INFO - Processing /home/airflow/.local/lib/python3.8/site-packages/airflow/example_dags/example_python_decorator.py took 0.037 seconds
[2026-02-10T20:31:02.205+0000] {processor.py:161} INFO - Started process (PID=943) to work on /home/airflow/.local/lib/python3.8/site-packages/airflow/example_dags/example_python_decorator.py
[2026-02-10T20:31:02.207+0000] {processor.py:830} INFO - Processing file /home/airflow/.local/lib/python3.8/site-packages/airflow/example_dags/example_python_decorator.py for tasks to queue
[2026-02-10T20:31:02.209+0000] {logging_mixin.py:188} INFO - [2026-02-10T20:31:02.209+0000] {dagbag.py:538} INFO - Filling up the DagBag from /home/airflow/.local/lib/python3.8/site-packages/airflow/example_dags/example_python_decorator.py
[2026-02-10T20:31:02.216+0000] {processor.py:840} INFO - DAG(s) 'example_python_decorator' retrieved from /home/airflow/.local/lib/python3.8/site-packages/airflow/example_dags/example_python_decorator.py
[2026-02-10T20:31:02.226+0000] {logging_mixin.py:188} INFO - [2026-02-10T20:31:02.226+0000] {dag.py:3036} INFO - Sync 1 DAGs
[2026-02-10T20:31:02.231+0000] {logging_mixin.py:188} INFO - [2026-02-10T20:31:02.231+0000] {dag.py:3823} INFO - Setting next_dagrun for example_python_decorator to None, run_after=None
[2026-02-10T20:31:02.240+0000] {processor.py:183} INFO - Processing /home/airflow/.local/lib/python3.8/site-packages/airflow/example_dags/example_python_decorator.py took 0.039 seconds
[2026-02-10T20:31:32.566+0000] {processor.py:161} INFO - Started process (PID=998) to work on /home/airflow/.local/lib/python3.8/site-packages/airflow/example_dags/example_python_decorator.py
[2026-02-10T20:31:32.566+0000] {processor.py:830} INFO - Processing file /home/airflow/.local/lib/python3.8/site-packages/airflow/example_dags/example_python_decorator.py for tasks to queue
[2026-02-10T20:31:32.567+0000] {logging_mixin.py:188} INFO - [2026-02-10T20:31:32.567+0000] {dagbag.py:538} INFO - Filling up the DagBag from /home/airflow/.local/lib/python3.8/site-packages/airflow/example_dags/example_python_decorator.py
[2026-02-10T20:31:32.572+0000] {processor.py:840} INFO - DAG(s) 'example_python_decorator' retrieved from /home/airflow/.local/lib/python3.8/site-packages/airflow/example_dags/example_python_decorator.py
[2026-02-10T20:31:32.583+0000] {logging_mixin.py:188} INFO - [2026-02-10T20:31:32.583+0000] {dag.py:3036} INFO - Sync 1 DAGs
[2026-02-10T20:31:32.587+0000] {logging_mixin.py:188} INFO - [2026-02-10T20:31:32.587+0000] {dag.py:3823} INFO - Setting next_dagrun for example_python_decorator to None, run_after=None
[2026-02-10T20:31:32.596+0000] {processor.py:183} INFO - Processing /home/airflow/.local/lib/python3.8/site-packages/airflow/example_dags/example_python_decorator.py took 0.032 seconds
[2026-02-10T20:32:02.977+0000] {processor.py:161} INFO - Started process (PID=1053) to work on /home/airflow/.local/lib/python3.8/site-packages/airflow/example_dags/example_python_decorator.py
[2026-02-10T20:32:02.978+0000] {processor.py:830} INFO - Processing file /home/airflow/.local/lib/python3.8/site-packages/airflow/example_dags/example_python_decorator.py for tasks to queue
[2026-02-10T20:32:02.979+0000] {logging_mixin.py:188} INFO - [2026-02-10T20:32:02.978+0000] {dagbag.py:538} INFO - Filling up the DagBag from /home/airflow/.local/lib/python3.8/site-packages/airflow/example_dags/example_python_decorator.py
[2026-02-10T20:32:02.985+0000] {processor.py:840} INFO - DAG(s) 'example_python_decorator' retrieved from /home/airflow/.local/lib/python3.8/site-packages/airflow/example_dags/example_python_decorator.py
[2026-02-10T20:32:02.995+0000] {logging_mixin.py:188} INFO - [2026-02-10T20:32:02.995+0000] {dag.py:3036} INFO - Sync 1 DAGs
[2026-02-10T20:32:02.999+0000] {logging_mixin.py:188} INFO - [2026-02-10T20:32:02.999+0000] {dag.py:3823} INFO - Setting next_dagrun for example_python_decorator to None, run_after=None
[2026-02-10T20:32:03.010+0000] {processor.py:183} INFO - Processing /home/airflow/.local/lib/python3.8/site-packages/airflow/example_dags/example_python_decorator.py took 0.034 seconds
[2026-02-10T20:32:33.309+0000] {processor.py:161} INFO - Started process (PID=1108) to work on /home/airflow/.local/lib/python3.8/site-packages/airflow/example_dags/example_python_decorator.py
[2026-02-10T20:32:33.310+0000] {processor.py:830} INFO - Processing file /home/airflow/.local/lib/python3.8/site-packages/airflow/example_dags/example_python_decorator.py for tasks to queue
[2026-02-10T20:32:33.311+0000] {logging_mixin.py:188} INFO - [2026-02-10T20:32:33.311+0000] {dagbag.py:538} INFO - Filling up the DagBag from /home/airflow/.local/lib/python3.8/site-packages/airflow/example_dags/example_python_decorator.py
[2026-02-10T20:32:33.316+0000] {processor.py:840} INFO - DAG(s) 'example_python_decorator' retrieved from /home/airflow/.local/lib/python3.8/site-packages/airflow/example_dags/example_python_decorator.py
[2026-02-10T20:32:33.326+0000] {logging_mixin.py:188} INFO - [2026-02-10T20:32:33.326+0000] {dag.py:3036} INFO - Sync 1 DAGs
[2026-02-10T20:32:33.330+0000] {logging_mixin.py:188} INFO - [2026-02-10T20:32:33.330+0000] {dag.py:3823} INFO - Setting next_dagrun for example_python_decorator to None, run_after=None
[2026-02-10T20:32:33.337+0000] {processor.py:183} INFO - Processing /home/airflow/.local/lib/python3.8/site-packages/airflow/example_dags/example_python_decorator.py took 0.029 seconds
[2026-02-10T20:33:03.851+0000] {processor.py:161} INFO - Started process (PID=1164) to work on /home/airflow/.local/lib/python3.8/site-packages/airflow/example_dags/example_python_decorator.py
[2026-02-10T20:33:03.852+0000] {processor.py:830} INFO - Processing file /home/airflow/.local/lib/python3.8/site-packages/airflow/example_dags/example_python_decorator.py for tasks to queue
[2026-02-10T20:33:03.853+0000] {logging_mixin.py:188} INFO - [2026-02-10T20:33:03.853+0000] {dagbag.py:538} INFO - Filling up the DagBag from /home/airflow/.local/lib/python3.8/site-packages/airflow/example_dags/example_python_decorator.py
[2026-02-10T20:33:03.860+0000] {processor.py:840} INFO - DAG(s) 'example_python_decorator' retrieved from /home/airflow/.local/lib/python3.8/site-packages/airflow/example_dags/example_python_decorator.py
[2026-02-10T20:33:03.870+0000] {logging_mixin.py:188} INFO - [2026-02-10T20:33:03.870+0000] {dag.py:3036} INFO - Sync 1 DAGs
[2026-02-10T20:33:03.874+0000] {logging_mixin.py:188} INFO - [2026-02-10T20:33:03.874+0000] {dag.py:3823} INFO - Setting next_dagrun for example_python_decorator to None, run_after=None
[2026-02-10T20:33:03.882+0000] {processor.py:183} INFO - Processing /home/airflow/.local/lib/python3.8/site-packages/airflow/example_dags/example_python_decorator.py took 0.033 seconds
[2026-02-10T20:33:34.293+0000] {processor.py:161} INFO - Started process (PID=1220) to work on /home/airflow/.local/lib/python3.8/site-packages/airflow/example_dags/example_python_decorator.py
[2026-02-10T20:33:34.293+0000] {processor.py:830} INFO - Processing file /home/airflow/.local/lib/python3.8/site-packages/airflow/example_dags/example_python_decorator.py for tasks to queue
[2026-02-10T20:33:34.294+0000] {logging_mixin.py:188} INFO - [2026-02-10T20:33:34.294+0000] {dagbag.py:538} INFO - Filling up the DagBag from /home/airflow/.local/lib/python3.8/site-packages/airflow/example_dags/example_python_decorator.py
[2026-02-10T20:33:34.299+0000] {processor.py:840} INFO - DAG(s) 'example_python_decorator' retrieved from /home/airflow/.local/lib/python3.8/site-packages/airflow/example_dags/example_python_decorator.py
[2026-02-10T20:33:34.311+0000] {logging_mixin.py:188} INFO - [2026-02-10T20:33:34.311+0000] {dag.py:3036} INFO - Sync 1 DAGs
[2026-02-10T20:33:34.315+0000] {logging_mixin.py:188} INFO - [2026-02-10T20:33:34.315+0000] {dag.py:3823} INFO - Setting next_dagrun for example_python_decorator to None, run_after=None
[2026-02-10T20:33:34.326+0000] {processor.py:183} INFO - Processing /home/airflow/.local/lib/python3.8/site-packages/airflow/example_dags/example_python_decorator.py took 0.035 seconds
[2026-02-10T20:34:04.675+0000] {processor.py:161} INFO - Started process (PID=1276) to work on /home/airflow/.local/lib/python3.8/site-packages/airflow/example_dags/example_python_decorator.py
[2026-02-10T20:34:04.676+0000] {processor.py:830} INFO - Processing file /home/airflow/.local/lib/python3.8/site-packages/airflow/example_dags/example_python_decorator.py for tasks to queue
[2026-02-10T20:34:04.676+0000] {logging_mixin.py:188} INFO - [2026-02-10T20:34:04.676+0000] {dagbag.py:538} INFO - Filling up the DagBag from /home/airflow/.local/lib/python3.8/site-packages/airflow/example_dags/example_python_decorator.py
[2026-02-10T20:34:04.682+0000] {processor.py:840} INFO - DAG(s) 'example_python_decorator' retrieved from /home/airflow/.local/lib/python3.8/site-packages/airflow/example_dags/example_python_decorator.py
[2026-02-10T20:34:04.691+0000] {logging_mixin.py:188} INFO - [2026-02-10T20:34:04.691+0000] {dag.py:3036} INFO - Sync 1 DAGs
[2026-02-10T20:34:04.695+0000] {logging_mixin.py:188} INFO - [2026-02-10T20:34:04.695+0000] {dag.py:3823} INFO - Setting next_dagrun for example_python_decorator to None, run_after=None
[2026-02-10T20:34:04.703+0000] {processor.py:183} INFO - Processing /home/airflow/.local/lib/python3.8/site-packages/airflow/example_dags/example_python_decorator.py took 0.029 seconds
