[2026-02-10T20:22:55.031+0000] {processor.py:161} INFO - Started process (PID=73) to work on /home/airflow/.local/lib/python3.8/site-packages/airflow/example_dags/example_short_circuit_operator.py
[2026-02-10T20:22:55.032+0000] {processor.py:830} INFO - Processing file /home/airflow/.local/lib/python3.8/site-packages/airflow/example_dags/example_short_circuit_operator.py for tasks to queue
[2026-02-10T20:22:55.033+0000] {logging_mixin.py:188} INFO - [2026-02-10T20:22:55.033+0000] {dagbag.py:538} INFO - Filling up the DagBag from /home/airflow/.local/lib/python3.8/site-packages/airflow/example_dags/example_short_circuit_operator.py
[2026-02-10T20:22:55.038+0000] {processor.py:840} INFO - DAG(s) 'example_short_circuit_operator' retrieved from /home/airflow/.local/lib/python3.8/site-packages/airflow/example_dags/example_short_circuit_operator.py
[2026-02-10T20:22:55.046+0000] {logging_mixin.py:188} INFO - [2026-02-10T20:22:55.046+0000] {dag.py:3036} INFO - Sync 1 DAGs
[2026-02-10T20:22:55.069+0000] {logging_mixin.py:188} INFO - [2026-02-10T20:22:55.069+0000] {dag.py:3823} INFO - Setting next_dagrun for example_short_circuit_operator to 2026-02-09 00:00:00+00:00, run_after=2026-02-10 00:00:00+00:00
[2026-02-10T20:22:55.083+0000] {processor.py:183} INFO - Processing /home/airflow/.local/lib/python3.8/site-packages/airflow/example_dags/example_short_circuit_operator.py took 0.055 seconds
[2026-02-10T20:23:25.120+0000] {processor.py:161} INFO - Started process (PID=128) to work on /home/airflow/.local/lib/python3.8/site-packages/airflow/example_dags/example_short_circuit_operator.py
[2026-02-10T20:23:25.120+0000] {processor.py:830} INFO - Processing file /home/airflow/.local/lib/python3.8/site-packages/airflow/example_dags/example_short_circuit_operator.py for tasks to queue
[2026-02-10T20:23:25.121+0000] {logging_mixin.py:188} INFO - [2026-02-10T20:23:25.121+0000] {dagbag.py:538} INFO - Filling up the DagBag from /home/airflow/.local/lib/python3.8/site-packages/airflow/example_dags/example_short_circuit_operator.py
[2026-02-10T20:23:25.124+0000] {processor.py:840} INFO - DAG(s) 'example_short_circuit_operator' retrieved from /home/airflow/.local/lib/python3.8/site-packages/airflow/example_dags/example_short_circuit_operator.py
[2026-02-10T20:23:25.164+0000] {logging_mixin.py:188} INFO - [2026-02-10T20:23:25.164+0000] {dag.py:3036} INFO - Sync 1 DAGs
[2026-02-10T20:23:25.173+0000] {logging_mixin.py:188} INFO - [2026-02-10T20:23:25.173+0000] {dag.py:3823} INFO - Setting next_dagrun for example_short_circuit_operator to 2026-02-09 00:00:00+00:00, run_after=2026-02-10 00:00:00+00:00
[2026-02-10T20:23:25.182+0000] {processor.py:183} INFO - Processing /home/airflow/.local/lib/python3.8/site-packages/airflow/example_dags/example_short_circuit_operator.py took 0.064 seconds
[2026-02-10T20:23:55.698+0000] {processor.py:161} INFO - Started process (PID=183) to work on /home/airflow/.local/lib/python3.8/site-packages/airflow/example_dags/example_short_circuit_operator.py
[2026-02-10T20:23:55.701+0000] {processor.py:830} INFO - Processing file /home/airflow/.local/lib/python3.8/site-packages/airflow/example_dags/example_short_circuit_operator.py for tasks to queue
[2026-02-10T20:23:55.702+0000] {logging_mixin.py:188} INFO - [2026-02-10T20:23:55.702+0000] {dagbag.py:538} INFO - Filling up the DagBag from /home/airflow/.local/lib/python3.8/site-packages/airflow/example_dags/example_short_circuit_operator.py
[2026-02-10T20:23:55.706+0000] {processor.py:840} INFO - DAG(s) 'example_short_circuit_operator' retrieved from /home/airflow/.local/lib/python3.8/site-packages/airflow/example_dags/example_short_circuit_operator.py
[2026-02-10T20:23:55.714+0000] {logging_mixin.py:188} INFO - [2026-02-10T20:23:55.714+0000] {dag.py:3036} INFO - Sync 1 DAGs
[2026-02-10T20:23:55.722+0000] {logging_mixin.py:188} INFO - [2026-02-10T20:23:55.722+0000] {dag.py:3823} INFO - Setting next_dagrun for example_short_circuit_operator to 2026-02-09 00:00:00+00:00, run_after=2026-02-10 00:00:00+00:00
[2026-02-10T20:23:55.735+0000] {processor.py:183} INFO - Processing /home/airflow/.local/lib/python3.8/site-packages/airflow/example_dags/example_short_circuit_operator.py took 0.039 seconds
[2026-02-10T20:24:26.164+0000] {processor.py:161} INFO - Started process (PID=238) to work on /home/airflow/.local/lib/python3.8/site-packages/airflow/example_dags/example_short_circuit_operator.py
[2026-02-10T20:24:26.165+0000] {processor.py:830} INFO - Processing file /home/airflow/.local/lib/python3.8/site-packages/airflow/example_dags/example_short_circuit_operator.py for tasks to queue
[2026-02-10T20:24:26.165+0000] {logging_mixin.py:188} INFO - [2026-02-10T20:24:26.165+0000] {dagbag.py:538} INFO - Filling up the DagBag from /home/airflow/.local/lib/python3.8/site-packages/airflow/example_dags/example_short_circuit_operator.py
[2026-02-10T20:24:26.168+0000] {processor.py:840} INFO - DAG(s) 'example_short_circuit_operator' retrieved from /home/airflow/.local/lib/python3.8/site-packages/airflow/example_dags/example_short_circuit_operator.py
[2026-02-10T20:24:26.181+0000] {logging_mixin.py:188} INFO - [2026-02-10T20:24:26.181+0000] {dag.py:3036} INFO - Sync 1 DAGs
[2026-02-10T20:24:26.191+0000] {logging_mixin.py:188} INFO - [2026-02-10T20:24:26.191+0000] {dag.py:3823} INFO - Setting next_dagrun for example_short_circuit_operator to 2026-02-09 00:00:00+00:00, run_after=2026-02-10 00:00:00+00:00
[2026-02-10T20:24:26.200+0000] {processor.py:183} INFO - Processing /home/airflow/.local/lib/python3.8/site-packages/airflow/example_dags/example_short_circuit_operator.py took 0.037 seconds
[2026-02-10T20:24:56.688+0000] {processor.py:161} INFO - Started process (PID=293) to work on /home/airflow/.local/lib/python3.8/site-packages/airflow/example_dags/example_short_circuit_operator.py
[2026-02-10T20:24:56.689+0000] {processor.py:830} INFO - Processing file /home/airflow/.local/lib/python3.8/site-packages/airflow/example_dags/example_short_circuit_operator.py for tasks to queue
[2026-02-10T20:24:56.690+0000] {logging_mixin.py:188} INFO - [2026-02-10T20:24:56.690+0000] {dagbag.py:538} INFO - Filling up the DagBag from /home/airflow/.local/lib/python3.8/site-packages/airflow/example_dags/example_short_circuit_operator.py
[2026-02-10T20:24:56.693+0000] {processor.py:840} INFO - DAG(s) 'example_short_circuit_operator' retrieved from /home/airflow/.local/lib/python3.8/site-packages/airflow/example_dags/example_short_circuit_operator.py
[2026-02-10T20:24:56.704+0000] {logging_mixin.py:188} INFO - [2026-02-10T20:24:56.704+0000] {dag.py:3036} INFO - Sync 1 DAGs
[2026-02-10T20:24:56.711+0000] {logging_mixin.py:188} INFO - [2026-02-10T20:24:56.711+0000] {dag.py:3823} INFO - Setting next_dagrun for example_short_circuit_operator to 2026-02-09 00:00:00+00:00, run_after=2026-02-10 00:00:00+00:00
[2026-02-10T20:24:56.719+0000] {processor.py:183} INFO - Processing /home/airflow/.local/lib/python3.8/site-packages/airflow/example_dags/example_short_circuit_operator.py took 0.032 seconds
[2026-02-10T20:25:27.296+0000] {processor.py:161} INFO - Started process (PID=354) to work on /home/airflow/.local/lib/python3.8/site-packages/airflow/example_dags/example_short_circuit_operator.py
[2026-02-10T20:25:27.297+0000] {processor.py:830} INFO - Processing file /home/airflow/.local/lib/python3.8/site-packages/airflow/example_dags/example_short_circuit_operator.py for tasks to queue
[2026-02-10T20:25:27.298+0000] {logging_mixin.py:188} INFO - [2026-02-10T20:25:27.298+0000] {dagbag.py:538} INFO - Filling up the DagBag from /home/airflow/.local/lib/python3.8/site-packages/airflow/example_dags/example_short_circuit_operator.py
[2026-02-10T20:25:27.304+0000] {processor.py:840} INFO - DAG(s) 'example_short_circuit_operator' retrieved from /home/airflow/.local/lib/python3.8/site-packages/airflow/example_dags/example_short_circuit_operator.py
[2026-02-10T20:25:27.320+0000] {logging_mixin.py:188} INFO - [2026-02-10T20:25:27.319+0000] {dag.py:3036} INFO - Sync 1 DAGs
[2026-02-10T20:25:27.331+0000] {logging_mixin.py:188} INFO - [2026-02-10T20:25:27.331+0000] {dag.py:3823} INFO - Setting next_dagrun for example_short_circuit_operator to 2026-02-09 00:00:00+00:00, run_after=2026-02-10 00:00:00+00:00
[2026-02-10T20:25:27.338+0000] {processor.py:183} INFO - Processing /home/airflow/.local/lib/python3.8/site-packages/airflow/example_dags/example_short_circuit_operator.py took 0.043 seconds
[2026-02-10T20:25:57.686+0000] {processor.py:161} INFO - Started process (PID=409) to work on /home/airflow/.local/lib/python3.8/site-packages/airflow/example_dags/example_short_circuit_operator.py
[2026-02-10T20:25:57.686+0000] {processor.py:830} INFO - Processing file /home/airflow/.local/lib/python3.8/site-packages/airflow/example_dags/example_short_circuit_operator.py for tasks to queue
[2026-02-10T20:25:57.687+0000] {logging_mixin.py:188} INFO - [2026-02-10T20:25:57.687+0000] {dagbag.py:538} INFO - Filling up the DagBag from /home/airflow/.local/lib/python3.8/site-packages/airflow/example_dags/example_short_circuit_operator.py
[2026-02-10T20:25:57.691+0000] {processor.py:840} INFO - DAG(s) 'example_short_circuit_operator' retrieved from /home/airflow/.local/lib/python3.8/site-packages/airflow/example_dags/example_short_circuit_operator.py
[2026-02-10T20:25:57.703+0000] {logging_mixin.py:188} INFO - [2026-02-10T20:25:57.703+0000] {dag.py:3036} INFO - Sync 1 DAGs
[2026-02-10T20:25:57.711+0000] {logging_mixin.py:188} INFO - [2026-02-10T20:25:57.711+0000] {dag.py:3823} INFO - Setting next_dagrun for example_short_circuit_operator to 2026-02-09 00:00:00+00:00, run_after=2026-02-10 00:00:00+00:00
[2026-02-10T20:25:57.718+0000] {processor.py:183} INFO - Processing /home/airflow/.local/lib/python3.8/site-packages/airflow/example_dags/example_short_circuit_operator.py took 0.034 seconds
[2026-02-10T20:26:28.120+0000] {processor.py:161} INFO - Started process (PID=464) to work on /home/airflow/.local/lib/python3.8/site-packages/airflow/example_dags/example_short_circuit_operator.py
[2026-02-10T20:26:28.121+0000] {processor.py:830} INFO - Processing file /home/airflow/.local/lib/python3.8/site-packages/airflow/example_dags/example_short_circuit_operator.py for tasks to queue
[2026-02-10T20:26:28.122+0000] {logging_mixin.py:188} INFO - [2026-02-10T20:26:28.122+0000] {dagbag.py:538} INFO - Filling up the DagBag from /home/airflow/.local/lib/python3.8/site-packages/airflow/example_dags/example_short_circuit_operator.py
[2026-02-10T20:26:28.124+0000] {processor.py:840} INFO - DAG(s) 'example_short_circuit_operator' retrieved from /home/airflow/.local/lib/python3.8/site-packages/airflow/example_dags/example_short_circuit_operator.py
[2026-02-10T20:26:28.136+0000] {logging_mixin.py:188} INFO - [2026-02-10T20:26:28.136+0000] {dag.py:3036} INFO - Sync 1 DAGs
[2026-02-10T20:26:28.145+0000] {logging_mixin.py:188} INFO - [2026-02-10T20:26:28.145+0000] {dag.py:3823} INFO - Setting next_dagrun for example_short_circuit_operator to 2026-02-09 00:00:00+00:00, run_after=2026-02-10 00:00:00+00:00
[2026-02-10T20:26:28.155+0000] {processor.py:183} INFO - Processing /home/airflow/.local/lib/python3.8/site-packages/airflow/example_dags/example_short_circuit_operator.py took 0.036 seconds
[2026-02-10T20:26:58.474+0000] {processor.py:161} INFO - Started process (PID=519) to work on /home/airflow/.local/lib/python3.8/site-packages/airflow/example_dags/example_short_circuit_operator.py
[2026-02-10T20:26:58.475+0000] {processor.py:830} INFO - Processing file /home/airflow/.local/lib/python3.8/site-packages/airflow/example_dags/example_short_circuit_operator.py for tasks to queue
[2026-02-10T20:26:58.475+0000] {logging_mixin.py:188} INFO - [2026-02-10T20:26:58.475+0000] {dagbag.py:538} INFO - Filling up the DagBag from /home/airflow/.local/lib/python3.8/site-packages/airflow/example_dags/example_short_circuit_operator.py
[2026-02-10T20:26:58.478+0000] {processor.py:840} INFO - DAG(s) 'example_short_circuit_operator' retrieved from /home/airflow/.local/lib/python3.8/site-packages/airflow/example_dags/example_short_circuit_operator.py
[2026-02-10T20:26:58.486+0000] {logging_mixin.py:188} INFO - [2026-02-10T20:26:58.486+0000] {dag.py:3036} INFO - Sync 1 DAGs
[2026-02-10T20:26:58.494+0000] {logging_mixin.py:188} INFO - [2026-02-10T20:26:58.494+0000] {dag.py:3823} INFO - Setting next_dagrun for example_short_circuit_operator to 2026-02-09 00:00:00+00:00, run_after=2026-02-10 00:00:00+00:00
[2026-02-10T20:26:58.501+0000] {processor.py:183} INFO - Processing /home/airflow/.local/lib/python3.8/site-packages/airflow/example_dags/example_short_circuit_operator.py took 0.028 seconds
[2026-02-10T20:27:28.873+0000] {processor.py:161} INFO - Started process (PID=574) to work on /home/airflow/.local/lib/python3.8/site-packages/airflow/example_dags/example_short_circuit_operator.py
[2026-02-10T20:27:28.874+0000] {processor.py:830} INFO - Processing file /home/airflow/.local/lib/python3.8/site-packages/airflow/example_dags/example_short_circuit_operator.py for tasks to queue
[2026-02-10T20:27:28.875+0000] {logging_mixin.py:188} INFO - [2026-02-10T20:27:28.875+0000] {dagbag.py:538} INFO - Filling up the DagBag from /home/airflow/.local/lib/python3.8/site-packages/airflow/example_dags/example_short_circuit_operator.py
[2026-02-10T20:27:28.878+0000] {processor.py:840} INFO - DAG(s) 'example_short_circuit_operator' retrieved from /home/airflow/.local/lib/python3.8/site-packages/airflow/example_dags/example_short_circuit_operator.py
[2026-02-10T20:27:28.887+0000] {logging_mixin.py:188} INFO - [2026-02-10T20:27:28.887+0000] {dag.py:3036} INFO - Sync 1 DAGs
[2026-02-10T20:27:28.895+0000] {logging_mixin.py:188} INFO - [2026-02-10T20:27:28.895+0000] {dag.py:3823} INFO - Setting next_dagrun for example_short_circuit_operator to 2026-02-09 00:00:00+00:00, run_after=2026-02-10 00:00:00+00:00
[2026-02-10T20:27:28.902+0000] {processor.py:183} INFO - Processing /home/airflow/.local/lib/python3.8/site-packages/airflow/example_dags/example_short_circuit_operator.py took 0.031 seconds
[2026-02-10T20:27:59.312+0000] {processor.py:161} INFO - Started process (PID=628) to work on /home/airflow/.local/lib/python3.8/site-packages/airflow/example_dags/example_short_circuit_operator.py
[2026-02-10T20:27:59.312+0000] {processor.py:830} INFO - Processing file /home/airflow/.local/lib/python3.8/site-packages/airflow/example_dags/example_short_circuit_operator.py for tasks to queue
[2026-02-10T20:27:59.313+0000] {logging_mixin.py:188} INFO - [2026-02-10T20:27:59.313+0000] {dagbag.py:538} INFO - Filling up the DagBag from /home/airflow/.local/lib/python3.8/site-packages/airflow/example_dags/example_short_circuit_operator.py
[2026-02-10T20:27:59.316+0000] {processor.py:840} INFO - DAG(s) 'example_short_circuit_operator' retrieved from /home/airflow/.local/lib/python3.8/site-packages/airflow/example_dags/example_short_circuit_operator.py
[2026-02-10T20:27:59.327+0000] {logging_mixin.py:188} INFO - [2026-02-10T20:27:59.327+0000] {dag.py:3036} INFO - Sync 1 DAGs
[2026-02-10T20:27:59.336+0000] {logging_mixin.py:188} INFO - [2026-02-10T20:27:59.336+0000] {dag.py:3823} INFO - Setting next_dagrun for example_short_circuit_operator to 2026-02-09 00:00:00+00:00, run_after=2026-02-10 00:00:00+00:00
[2026-02-10T20:27:59.345+0000] {processor.py:183} INFO - Processing /home/airflow/.local/lib/python3.8/site-packages/airflow/example_dags/example_short_circuit_operator.py took 0.035 seconds
[2026-02-10T20:28:29.987+0000] {processor.py:161} INFO - Started process (PID=683) to work on /home/airflow/.local/lib/python3.8/site-packages/airflow/example_dags/example_short_circuit_operator.py
[2026-02-10T20:28:29.987+0000] {processor.py:830} INFO - Processing file /home/airflow/.local/lib/python3.8/site-packages/airflow/example_dags/example_short_circuit_operator.py for tasks to queue
[2026-02-10T20:28:29.988+0000] {logging_mixin.py:188} INFO - [2026-02-10T20:28:29.988+0000] {dagbag.py:538} INFO - Filling up the DagBag from /home/airflow/.local/lib/python3.8/site-packages/airflow/example_dags/example_short_circuit_operator.py
[2026-02-10T20:28:29.991+0000] {processor.py:840} INFO - DAG(s) 'example_short_circuit_operator' retrieved from /home/airflow/.local/lib/python3.8/site-packages/airflow/example_dags/example_short_circuit_operator.py
[2026-02-10T20:28:30.004+0000] {logging_mixin.py:188} INFO - [2026-02-10T20:28:30.004+0000] {dag.py:3036} INFO - Sync 1 DAGs
[2026-02-10T20:28:30.017+0000] {logging_mixin.py:188} INFO - [2026-02-10T20:28:30.017+0000] {dag.py:3823} INFO - Setting next_dagrun for example_short_circuit_operator to 2026-02-09 00:00:00+00:00, run_after=2026-02-10 00:00:00+00:00
[2026-02-10T20:28:30.028+0000] {processor.py:183} INFO - Processing /home/airflow/.local/lib/python3.8/site-packages/airflow/example_dags/example_short_circuit_operator.py took 0.042 seconds
[2026-02-10T20:29:00.544+0000] {processor.py:161} INFO - Started process (PID=738) to work on /home/airflow/.local/lib/python3.8/site-packages/airflow/example_dags/example_short_circuit_operator.py
[2026-02-10T20:29:00.545+0000] {processor.py:830} INFO - Processing file /home/airflow/.local/lib/python3.8/site-packages/airflow/example_dags/example_short_circuit_operator.py for tasks to queue
[2026-02-10T20:29:00.546+0000] {logging_mixin.py:188} INFO - [2026-02-10T20:29:00.546+0000] {dagbag.py:538} INFO - Filling up the DagBag from /home/airflow/.local/lib/python3.8/site-packages/airflow/example_dags/example_short_circuit_operator.py
[2026-02-10T20:29:00.549+0000] {processor.py:840} INFO - DAG(s) 'example_short_circuit_operator' retrieved from /home/airflow/.local/lib/python3.8/site-packages/airflow/example_dags/example_short_circuit_operator.py
[2026-02-10T20:29:00.566+0000] {logging_mixin.py:188} INFO - [2026-02-10T20:29:00.566+0000] {dag.py:3036} INFO - Sync 1 DAGs
[2026-02-10T20:29:00.575+0000] {logging_mixin.py:188} INFO - [2026-02-10T20:29:00.575+0000] {dag.py:3823} INFO - Setting next_dagrun for example_short_circuit_operator to 2026-02-09 00:00:00+00:00, run_after=2026-02-10 00:00:00+00:00
[2026-02-10T20:29:00.582+0000] {processor.py:183} INFO - Processing /home/airflow/.local/lib/python3.8/site-packages/airflow/example_dags/example_short_circuit_operator.py took 0.039 seconds
[2026-02-10T20:29:31.185+0000] {processor.py:161} INFO - Started process (PID=793) to work on /home/airflow/.local/lib/python3.8/site-packages/airflow/example_dags/example_short_circuit_operator.py
[2026-02-10T20:29:31.186+0000] {processor.py:830} INFO - Processing file /home/airflow/.local/lib/python3.8/site-packages/airflow/example_dags/example_short_circuit_operator.py for tasks to queue
[2026-02-10T20:29:31.188+0000] {logging_mixin.py:188} INFO - [2026-02-10T20:29:31.188+0000] {dagbag.py:538} INFO - Filling up the DagBag from /home/airflow/.local/lib/python3.8/site-packages/airflow/example_dags/example_short_circuit_operator.py
[2026-02-10T20:29:31.192+0000] {processor.py:840} INFO - DAG(s) 'example_short_circuit_operator' retrieved from /home/airflow/.local/lib/python3.8/site-packages/airflow/example_dags/example_short_circuit_operator.py
[2026-02-10T20:29:31.207+0000] {logging_mixin.py:188} INFO - [2026-02-10T20:29:31.207+0000] {dag.py:3036} INFO - Sync 1 DAGs
[2026-02-10T20:29:31.216+0000] {logging_mixin.py:188} INFO - [2026-02-10T20:29:31.216+0000] {dag.py:3823} INFO - Setting next_dagrun for example_short_circuit_operator to 2026-02-09 00:00:00+00:00, run_after=2026-02-10 00:00:00+00:00
[2026-02-10T20:29:31.222+0000] {processor.py:183} INFO - Processing /home/airflow/.local/lib/python3.8/site-packages/airflow/example_dags/example_short_circuit_operator.py took 0.038 seconds
[2026-02-10T20:30:01.707+0000] {processor.py:161} INFO - Started process (PID=848) to work on /home/airflow/.local/lib/python3.8/site-packages/airflow/example_dags/example_short_circuit_operator.py
[2026-02-10T20:30:01.708+0000] {processor.py:830} INFO - Processing file /home/airflow/.local/lib/python3.8/site-packages/airflow/example_dags/example_short_circuit_operator.py for tasks to queue
[2026-02-10T20:30:01.709+0000] {logging_mixin.py:188} INFO - [2026-02-10T20:30:01.709+0000] {dagbag.py:538} INFO - Filling up the DagBag from /home/airflow/.local/lib/python3.8/site-packages/airflow/example_dags/example_short_circuit_operator.py
[2026-02-10T20:30:01.713+0000] {processor.py:840} INFO - DAG(s) 'example_short_circuit_operator' retrieved from /home/airflow/.local/lib/python3.8/site-packages/airflow/example_dags/example_short_circuit_operator.py
[2026-02-10T20:30:01.726+0000] {logging_mixin.py:188} INFO - [2026-02-10T20:30:01.726+0000] {dag.py:3036} INFO - Sync 1 DAGs
[2026-02-10T20:30:01.735+0000] {logging_mixin.py:188} INFO - [2026-02-10T20:30:01.735+0000] {dag.py:3823} INFO - Setting next_dagrun for example_short_circuit_operator to 2026-02-09 00:00:00+00:00, run_after=2026-02-10 00:00:00+00:00
[2026-02-10T20:30:01.744+0000] {processor.py:183} INFO - Processing /home/airflow/.local/lib/python3.8/site-packages/airflow/example_dags/example_short_circuit_operator.py took 0.039 seconds
[2026-02-10T20:30:32.095+0000] {processor.py:161} INFO - Started process (PID=903) to work on /home/airflow/.local/lib/python3.8/site-packages/airflow/example_dags/example_short_circuit_operator.py
[2026-02-10T20:30:32.097+0000] {processor.py:830} INFO - Processing file /home/airflow/.local/lib/python3.8/site-packages/airflow/example_dags/example_short_circuit_operator.py for tasks to queue
[2026-02-10T20:30:32.097+0000] {logging_mixin.py:188} INFO - [2026-02-10T20:30:32.097+0000] {dagbag.py:538} INFO - Filling up the DagBag from /home/airflow/.local/lib/python3.8/site-packages/airflow/example_dags/example_short_circuit_operator.py
[2026-02-10T20:30:32.100+0000] {processor.py:840} INFO - DAG(s) 'example_short_circuit_operator' retrieved from /home/airflow/.local/lib/python3.8/site-packages/airflow/example_dags/example_short_circuit_operator.py
[2026-02-10T20:30:32.112+0000] {logging_mixin.py:188} INFO - [2026-02-10T20:30:32.111+0000] {dag.py:3036} INFO - Sync 1 DAGs
[2026-02-10T20:30:32.122+0000] {logging_mixin.py:188} INFO - [2026-02-10T20:30:32.122+0000] {dag.py:3823} INFO - Setting next_dagrun for example_short_circuit_operator to 2026-02-09 00:00:00+00:00, run_after=2026-02-10 00:00:00+00:00
[2026-02-10T20:30:32.135+0000] {processor.py:183} INFO - Processing /home/airflow/.local/lib/python3.8/site-packages/airflow/example_dags/example_short_circuit_operator.py took 0.042 seconds
[2026-02-10T20:31:02.559+0000] {processor.py:161} INFO - Started process (PID=958) to work on /home/airflow/.local/lib/python3.8/site-packages/airflow/example_dags/example_short_circuit_operator.py
[2026-02-10T20:31:02.561+0000] {processor.py:830} INFO - Processing file /home/airflow/.local/lib/python3.8/site-packages/airflow/example_dags/example_short_circuit_operator.py for tasks to queue
[2026-02-10T20:31:02.562+0000] {logging_mixin.py:188} INFO - [2026-02-10T20:31:02.561+0000] {dagbag.py:538} INFO - Filling up the DagBag from /home/airflow/.local/lib/python3.8/site-packages/airflow/example_dags/example_short_circuit_operator.py
[2026-02-10T20:31:02.565+0000] {processor.py:840} INFO - DAG(s) 'example_short_circuit_operator' retrieved from /home/airflow/.local/lib/python3.8/site-packages/airflow/example_dags/example_short_circuit_operator.py
[2026-02-10T20:31:02.573+0000] {logging_mixin.py:188} INFO - [2026-02-10T20:31:02.573+0000] {dag.py:3036} INFO - Sync 1 DAGs
[2026-02-10T20:31:02.581+0000] {logging_mixin.py:188} INFO - [2026-02-10T20:31:02.581+0000] {dag.py:3823} INFO - Setting next_dagrun for example_short_circuit_operator to 2026-02-09 00:00:00+00:00, run_after=2026-02-10 00:00:00+00:00
[2026-02-10T20:31:02.592+0000] {processor.py:183} INFO - Processing /home/airflow/.local/lib/python3.8/site-packages/airflow/example_dags/example_short_circuit_operator.py took 0.035 seconds
[2026-02-10T20:31:32.931+0000] {processor.py:161} INFO - Started process (PID=1013) to work on /home/airflow/.local/lib/python3.8/site-packages/airflow/example_dags/example_short_circuit_operator.py
[2026-02-10T20:31:32.933+0000] {processor.py:830} INFO - Processing file /home/airflow/.local/lib/python3.8/site-packages/airflow/example_dags/example_short_circuit_operator.py for tasks to queue
[2026-02-10T20:31:32.934+0000] {logging_mixin.py:188} INFO - [2026-02-10T20:31:32.934+0000] {dagbag.py:538} INFO - Filling up the DagBag from /home/airflow/.local/lib/python3.8/site-packages/airflow/example_dags/example_short_circuit_operator.py
[2026-02-10T20:31:32.938+0000] {processor.py:840} INFO - DAG(s) 'example_short_circuit_operator' retrieved from /home/airflow/.local/lib/python3.8/site-packages/airflow/example_dags/example_short_circuit_operator.py
[2026-02-10T20:31:32.951+0000] {logging_mixin.py:188} INFO - [2026-02-10T20:31:32.951+0000] {dag.py:3036} INFO - Sync 1 DAGs
[2026-02-10T20:31:32.960+0000] {logging_mixin.py:188} INFO - [2026-02-10T20:31:32.960+0000] {dag.py:3823} INFO - Setting next_dagrun for example_short_circuit_operator to 2026-02-09 00:00:00+00:00, run_after=2026-02-10 00:00:00+00:00
[2026-02-10T20:31:32.970+0000] {processor.py:183} INFO - Processing /home/airflow/.local/lib/python3.8/site-packages/airflow/example_dags/example_short_circuit_operator.py took 0.041 seconds
[2026-02-10T20:32:03.324+0000] {processor.py:161} INFO - Started process (PID=1068) to work on /home/airflow/.local/lib/python3.8/site-packages/airflow/example_dags/example_short_circuit_operator.py
[2026-02-10T20:32:03.327+0000] {processor.py:830} INFO - Processing file /home/airflow/.local/lib/python3.8/site-packages/airflow/example_dags/example_short_circuit_operator.py for tasks to queue
[2026-02-10T20:32:03.328+0000] {logging_mixin.py:188} INFO - [2026-02-10T20:32:03.328+0000] {dagbag.py:538} INFO - Filling up the DagBag from /home/airflow/.local/lib/python3.8/site-packages/airflow/example_dags/example_short_circuit_operator.py
[2026-02-10T20:32:03.331+0000] {processor.py:840} INFO - DAG(s) 'example_short_circuit_operator' retrieved from /home/airflow/.local/lib/python3.8/site-packages/airflow/example_dags/example_short_circuit_operator.py
[2026-02-10T20:32:03.344+0000] {logging_mixin.py:188} INFO - [2026-02-10T20:32:03.344+0000] {dag.py:3036} INFO - Sync 1 DAGs
[2026-02-10T20:32:03.352+0000] {logging_mixin.py:188} INFO - [2026-02-10T20:32:03.352+0000] {dag.py:3823} INFO - Setting next_dagrun for example_short_circuit_operator to 2026-02-09 00:00:00+00:00, run_after=2026-02-10 00:00:00+00:00
[2026-02-10T20:32:03.361+0000] {processor.py:183} INFO - Processing /home/airflow/.local/lib/python3.8/site-packages/airflow/example_dags/example_short_circuit_operator.py took 0.038 seconds
[2026-02-10T20:32:33.657+0000] {processor.py:161} INFO - Started process (PID=1123) to work on /home/airflow/.local/lib/python3.8/site-packages/airflow/example_dags/example_short_circuit_operator.py
[2026-02-10T20:32:33.657+0000] {processor.py:830} INFO - Processing file /home/airflow/.local/lib/python3.8/site-packages/airflow/example_dags/example_short_circuit_operator.py for tasks to queue
[2026-02-10T20:32:33.658+0000] {logging_mixin.py:188} INFO - [2026-02-10T20:32:33.658+0000] {dagbag.py:538} INFO - Filling up the DagBag from /home/airflow/.local/lib/python3.8/site-packages/airflow/example_dags/example_short_circuit_operator.py
[2026-02-10T20:32:33.661+0000] {processor.py:840} INFO - DAG(s) 'example_short_circuit_operator' retrieved from /home/airflow/.local/lib/python3.8/site-packages/airflow/example_dags/example_short_circuit_operator.py
[2026-02-10T20:32:33.671+0000] {logging_mixin.py:188} INFO - [2026-02-10T20:32:33.671+0000] {dag.py:3036} INFO - Sync 1 DAGs
[2026-02-10T20:32:33.680+0000] {logging_mixin.py:188} INFO - [2026-02-10T20:32:33.679+0000] {dag.py:3823} INFO - Setting next_dagrun for example_short_circuit_operator to 2026-02-09 00:00:00+00:00, run_after=2026-02-10 00:00:00+00:00
[2026-02-10T20:32:33.688+0000] {processor.py:183} INFO - Processing /home/airflow/.local/lib/python3.8/site-packages/airflow/example_dags/example_short_circuit_operator.py took 0.032 seconds
[2026-02-10T20:33:04.180+0000] {processor.py:161} INFO - Started process (PID=1179) to work on /home/airflow/.local/lib/python3.8/site-packages/airflow/example_dags/example_short_circuit_operator.py
[2026-02-10T20:33:04.180+0000] {processor.py:830} INFO - Processing file /home/airflow/.local/lib/python3.8/site-packages/airflow/example_dags/example_short_circuit_operator.py for tasks to queue
[2026-02-10T20:33:04.181+0000] {logging_mixin.py:188} INFO - [2026-02-10T20:33:04.181+0000] {dagbag.py:538} INFO - Filling up the DagBag from /home/airflow/.local/lib/python3.8/site-packages/airflow/example_dags/example_short_circuit_operator.py
[2026-02-10T20:33:04.184+0000] {processor.py:840} INFO - DAG(s) 'example_short_circuit_operator' retrieved from /home/airflow/.local/lib/python3.8/site-packages/airflow/example_dags/example_short_circuit_operator.py
[2026-02-10T20:33:04.198+0000] {logging_mixin.py:188} INFO - [2026-02-10T20:33:04.198+0000] {dag.py:3036} INFO - Sync 1 DAGs
[2026-02-10T20:33:04.206+0000] {logging_mixin.py:188} INFO - [2026-02-10T20:33:04.206+0000] {dag.py:3823} INFO - Setting next_dagrun for example_short_circuit_operator to 2026-02-09 00:00:00+00:00, run_after=2026-02-10 00:00:00+00:00
[2026-02-10T20:33:04.213+0000] {processor.py:183} INFO - Processing /home/airflow/.local/lib/python3.8/site-packages/airflow/example_dags/example_short_circuit_operator.py took 0.035 seconds
[2026-02-10T20:33:34.609+0000] {processor.py:161} INFO - Started process (PID=1235) to work on /home/airflow/.local/lib/python3.8/site-packages/airflow/example_dags/example_short_circuit_operator.py
[2026-02-10T20:33:34.611+0000] {processor.py:830} INFO - Processing file /home/airflow/.local/lib/python3.8/site-packages/airflow/example_dags/example_short_circuit_operator.py for tasks to queue
[2026-02-10T20:33:34.613+0000] {logging_mixin.py:188} INFO - [2026-02-10T20:33:34.613+0000] {dagbag.py:538} INFO - Filling up the DagBag from /home/airflow/.local/lib/python3.8/site-packages/airflow/example_dags/example_short_circuit_operator.py
[2026-02-10T20:33:34.616+0000] {processor.py:840} INFO - DAG(s) 'example_short_circuit_operator' retrieved from /home/airflow/.local/lib/python3.8/site-packages/airflow/example_dags/example_short_circuit_operator.py
[2026-02-10T20:33:34.627+0000] {logging_mixin.py:188} INFO - [2026-02-10T20:33:34.626+0000] {dag.py:3036} INFO - Sync 1 DAGs
[2026-02-10T20:33:34.633+0000] {logging_mixin.py:188} INFO - [2026-02-10T20:33:34.633+0000] {dag.py:3823} INFO - Setting next_dagrun for example_short_circuit_operator to 2026-02-09 00:00:00+00:00, run_after=2026-02-10 00:00:00+00:00
[2026-02-10T20:33:34.641+0000] {processor.py:183} INFO - Processing /home/airflow/.local/lib/python3.8/site-packages/airflow/example_dags/example_short_circuit_operator.py took 0.033 seconds
[2026-02-10T20:34:05.017+0000] {processor.py:161} INFO - Started process (PID=1291) to work on /home/airflow/.local/lib/python3.8/site-packages/airflow/example_dags/example_short_circuit_operator.py
[2026-02-10T20:34:05.017+0000] {processor.py:830} INFO - Processing file /home/airflow/.local/lib/python3.8/site-packages/airflow/example_dags/example_short_circuit_operator.py for tasks to queue
[2026-02-10T20:34:05.018+0000] {logging_mixin.py:188} INFO - [2026-02-10T20:34:05.018+0000] {dagbag.py:538} INFO - Filling up the DagBag from /home/airflow/.local/lib/python3.8/site-packages/airflow/example_dags/example_short_circuit_operator.py
[2026-02-10T20:34:05.020+0000] {processor.py:840} INFO - DAG(s) 'example_short_circuit_operator' retrieved from /home/airflow/.local/lib/python3.8/site-packages/airflow/example_dags/example_short_circuit_operator.py
[2026-02-10T20:34:05.030+0000] {logging_mixin.py:188} INFO - [2026-02-10T20:34:05.030+0000] {dag.py:3036} INFO - Sync 1 DAGs
[2026-02-10T20:34:05.038+0000] {logging_mixin.py:188} INFO - [2026-02-10T20:34:05.038+0000] {dag.py:3823} INFO - Setting next_dagrun for example_short_circuit_operator to 2026-02-09 00:00:00+00:00, run_after=2026-02-10 00:00:00+00:00
[2026-02-10T20:34:05.045+0000] {processor.py:183} INFO - Processing /home/airflow/.local/lib/python3.8/site-packages/airflow/example_dags/example_short_circuit_operator.py took 0.030 seconds
