[2026-02-10T20:22:53.756+0000] {processor.py:161} INFO - Started process (PID=48) to work on /home/airflow/.local/lib/python3.8/site-packages/airflow/example_dags/example_kubernetes_executor.py
[2026-02-10T20:22:53.756+0000] {processor.py:830} INFO - Processing file /home/airflow/.local/lib/python3.8/site-packages/airflow/example_dags/example_kubernetes_executor.py for tasks to queue
[2026-02-10T20:22:53.757+0000] {logging_mixin.py:188} INFO - [2026-02-10T20:22:53.757+0000] {dagbag.py:538} INFO - Filling up the DagBag from /home/airflow/.local/lib/python3.8/site-packages/airflow/example_dags/example_kubernetes_executor.py
[2026-02-10T20:22:53.771+0000] {processor.py:840} INFO - DAG(s) 'example_kubernetes_executor' retrieved from /home/airflow/.local/lib/python3.8/site-packages/airflow/example_dags/example_kubernetes_executor.py
[2026-02-10T20:22:53.789+0000] {logging_mixin.py:188} INFO - [2026-02-10T20:22:53.788+0000] {dag.py:3036} INFO - Sync 1 DAGs
[2026-02-10T20:22:53.796+0000] {logging_mixin.py:188} INFO - [2026-02-10T20:22:53.796+0000] {dag.py:3823} INFO - Setting next_dagrun for example_kubernetes_executor to None, run_after=None
[2026-02-10T20:22:53.814+0000] {processor.py:183} INFO - Processing /home/airflow/.local/lib/python3.8/site-packages/airflow/example_dags/example_kubernetes_executor.py took 0.061 seconds
[2026-02-10T20:23:24.021+0000] {processor.py:161} INFO - Started process (PID=103) to work on /home/airflow/.local/lib/python3.8/site-packages/airflow/example_dags/example_kubernetes_executor.py
[2026-02-10T20:23:24.022+0000] {processor.py:830} INFO - Processing file /home/airflow/.local/lib/python3.8/site-packages/airflow/example_dags/example_kubernetes_executor.py for tasks to queue
[2026-02-10T20:23:24.022+0000] {logging_mixin.py:188} INFO - [2026-02-10T20:23:24.022+0000] {dagbag.py:538} INFO - Filling up the DagBag from /home/airflow/.local/lib/python3.8/site-packages/airflow/example_dags/example_kubernetes_executor.py
[2026-02-10T20:23:24.028+0000] {processor.py:840} INFO - DAG(s) 'example_kubernetes_executor' retrieved from /home/airflow/.local/lib/python3.8/site-packages/airflow/example_dags/example_kubernetes_executor.py
[2026-02-10T20:23:24.069+0000] {logging_mixin.py:188} INFO - [2026-02-10T20:23:24.069+0000] {dag.py:3036} INFO - Sync 1 DAGs
[2026-02-10T20:23:24.073+0000] {logging_mixin.py:188} INFO - [2026-02-10T20:23:24.073+0000] {dag.py:3823} INFO - Setting next_dagrun for example_kubernetes_executor to None, run_after=None
[2026-02-10T20:23:24.079+0000] {processor.py:183} INFO - Processing /home/airflow/.local/lib/python3.8/site-packages/airflow/example_dags/example_kubernetes_executor.py took 0.059 seconds
[2026-02-10T20:23:54.090+0000] {processor.py:161} INFO - Started process (PID=158) to work on /home/airflow/.local/lib/python3.8/site-packages/airflow/example_dags/example_kubernetes_executor.py
[2026-02-10T20:23:54.090+0000] {processor.py:830} INFO - Processing file /home/airflow/.local/lib/python3.8/site-packages/airflow/example_dags/example_kubernetes_executor.py for tasks to queue
[2026-02-10T20:23:54.091+0000] {logging_mixin.py:188} INFO - [2026-02-10T20:23:54.091+0000] {dagbag.py:538} INFO - Filling up the DagBag from /home/airflow/.local/lib/python3.8/site-packages/airflow/example_dags/example_kubernetes_executor.py
[2026-02-10T20:23:54.098+0000] {processor.py:840} INFO - DAG(s) 'example_kubernetes_executor' retrieved from /home/airflow/.local/lib/python3.8/site-packages/airflow/example_dags/example_kubernetes_executor.py
[2026-02-10T20:23:54.112+0000] {logging_mixin.py:188} INFO - [2026-02-10T20:23:54.112+0000] {dag.py:3036} INFO - Sync 1 DAGs
[2026-02-10T20:23:54.116+0000] {logging_mixin.py:188} INFO - [2026-02-10T20:23:54.116+0000] {dag.py:3823} INFO - Setting next_dagrun for example_kubernetes_executor to None, run_after=None
[2026-02-10T20:23:54.123+0000] {processor.py:183} INFO - Processing /home/airflow/.local/lib/python3.8/site-packages/airflow/example_dags/example_kubernetes_executor.py took 0.035 seconds
[2026-02-10T20:24:24.516+0000] {processor.py:161} INFO - Started process (PID=213) to work on /home/airflow/.local/lib/python3.8/site-packages/airflow/example_dags/example_kubernetes_executor.py
[2026-02-10T20:24:24.517+0000] {processor.py:830} INFO - Processing file /home/airflow/.local/lib/python3.8/site-packages/airflow/example_dags/example_kubernetes_executor.py for tasks to queue
[2026-02-10T20:24:24.517+0000] {logging_mixin.py:188} INFO - [2026-02-10T20:24:24.517+0000] {dagbag.py:538} INFO - Filling up the DagBag from /home/airflow/.local/lib/python3.8/site-packages/airflow/example_dags/example_kubernetes_executor.py
[2026-02-10T20:24:24.523+0000] {processor.py:840} INFO - DAG(s) 'example_kubernetes_executor' retrieved from /home/airflow/.local/lib/python3.8/site-packages/airflow/example_dags/example_kubernetes_executor.py
[2026-02-10T20:24:24.537+0000] {logging_mixin.py:188} INFO - [2026-02-10T20:24:24.537+0000] {dag.py:3036} INFO - Sync 1 DAGs
[2026-02-10T20:24:24.541+0000] {logging_mixin.py:188} INFO - [2026-02-10T20:24:24.541+0000] {dag.py:3823} INFO - Setting next_dagrun for example_kubernetes_executor to None, run_after=None
[2026-02-10T20:24:24.546+0000] {processor.py:183} INFO - Processing /home/airflow/.local/lib/python3.8/site-packages/airflow/example_dags/example_kubernetes_executor.py took 0.031 seconds
[2026-02-10T20:24:55.015+0000] {processor.py:161} INFO - Started process (PID=268) to work on /home/airflow/.local/lib/python3.8/site-packages/airflow/example_dags/example_kubernetes_executor.py
[2026-02-10T20:24:55.016+0000] {processor.py:830} INFO - Processing file /home/airflow/.local/lib/python3.8/site-packages/airflow/example_dags/example_kubernetes_executor.py for tasks to queue
[2026-02-10T20:24:55.017+0000] {logging_mixin.py:188} INFO - [2026-02-10T20:24:55.016+0000] {dagbag.py:538} INFO - Filling up the DagBag from /home/airflow/.local/lib/python3.8/site-packages/airflow/example_dags/example_kubernetes_executor.py
[2026-02-10T20:24:55.023+0000] {processor.py:840} INFO - DAG(s) 'example_kubernetes_executor' retrieved from /home/airflow/.local/lib/python3.8/site-packages/airflow/example_dags/example_kubernetes_executor.py
[2026-02-10T20:24:55.037+0000] {logging_mixin.py:188} INFO - [2026-02-10T20:24:55.037+0000] {dag.py:3036} INFO - Sync 1 DAGs
[2026-02-10T20:24:55.042+0000] {logging_mixin.py:188} INFO - [2026-02-10T20:24:55.042+0000] {dag.py:3823} INFO - Setting next_dagrun for example_kubernetes_executor to None, run_after=None
[2026-02-10T20:24:55.048+0000] {processor.py:183} INFO - Processing /home/airflow/.local/lib/python3.8/site-packages/airflow/example_dags/example_kubernetes_executor.py took 0.035 seconds
[2026-02-10T20:25:25.546+0000] {processor.py:161} INFO - Started process (PID=323) to work on /home/airflow/.local/lib/python3.8/site-packages/airflow/example_dags/example_kubernetes_executor.py
[2026-02-10T20:25:25.547+0000] {processor.py:830} INFO - Processing file /home/airflow/.local/lib/python3.8/site-packages/airflow/example_dags/example_kubernetes_executor.py for tasks to queue
[2026-02-10T20:25:25.548+0000] {logging_mixin.py:188} INFO - [2026-02-10T20:25:25.548+0000] {dagbag.py:538} INFO - Filling up the DagBag from /home/airflow/.local/lib/python3.8/site-packages/airflow/example_dags/example_kubernetes_executor.py
[2026-02-10T20:25:25.558+0000] {processor.py:840} INFO - DAG(s) 'example_kubernetes_executor' retrieved from /home/airflow/.local/lib/python3.8/site-packages/airflow/example_dags/example_kubernetes_executor.py
[2026-02-10T20:25:25.583+0000] {logging_mixin.py:188} INFO - [2026-02-10T20:25:25.583+0000] {dag.py:3036} INFO - Sync 1 DAGs
[2026-02-10T20:25:25.588+0000] {logging_mixin.py:188} INFO - [2026-02-10T20:25:25.588+0000] {dag.py:3823} INFO - Setting next_dagrun for example_kubernetes_executor to None, run_after=None
[2026-02-10T20:25:25.596+0000] {processor.py:183} INFO - Processing /home/airflow/.local/lib/python3.8/site-packages/airflow/example_dags/example_kubernetes_executor.py took 0.052 seconds
[2026-02-10T20:25:56.102+0000] {processor.py:161} INFO - Started process (PID=378) to work on /home/airflow/.local/lib/python3.8/site-packages/airflow/example_dags/example_kubernetes_executor.py
[2026-02-10T20:25:56.103+0000] {processor.py:830} INFO - Processing file /home/airflow/.local/lib/python3.8/site-packages/airflow/example_dags/example_kubernetes_executor.py for tasks to queue
[2026-02-10T20:25:56.103+0000] {logging_mixin.py:188} INFO - [2026-02-10T20:25:56.103+0000] {dagbag.py:538} INFO - Filling up the DagBag from /home/airflow/.local/lib/python3.8/site-packages/airflow/example_dags/example_kubernetes_executor.py
[2026-02-10T20:25:56.111+0000] {processor.py:840} INFO - DAG(s) 'example_kubernetes_executor' retrieved from /home/airflow/.local/lib/python3.8/site-packages/airflow/example_dags/example_kubernetes_executor.py
[2026-02-10T20:25:56.125+0000] {logging_mixin.py:188} INFO - [2026-02-10T20:25:56.125+0000] {dag.py:3036} INFO - Sync 1 DAGs
[2026-02-10T20:25:56.130+0000] {logging_mixin.py:188} INFO - [2026-02-10T20:25:56.130+0000] {dag.py:3823} INFO - Setting next_dagrun for example_kubernetes_executor to None, run_after=None
[2026-02-10T20:25:56.136+0000] {processor.py:183} INFO - Processing /home/airflow/.local/lib/python3.8/site-packages/airflow/example_dags/example_kubernetes_executor.py took 0.036 seconds
[2026-02-10T20:26:26.510+0000] {processor.py:161} INFO - Started process (PID=433) to work on /home/airflow/.local/lib/python3.8/site-packages/airflow/example_dags/example_kubernetes_executor.py
[2026-02-10T20:26:26.511+0000] {processor.py:830} INFO - Processing file /home/airflow/.local/lib/python3.8/site-packages/airflow/example_dags/example_kubernetes_executor.py for tasks to queue
[2026-02-10T20:26:26.512+0000] {logging_mixin.py:188} INFO - [2026-02-10T20:26:26.512+0000] {dagbag.py:538} INFO - Filling up the DagBag from /home/airflow/.local/lib/python3.8/site-packages/airflow/example_dags/example_kubernetes_executor.py
[2026-02-10T20:26:26.519+0000] {processor.py:840} INFO - DAG(s) 'example_kubernetes_executor' retrieved from /home/airflow/.local/lib/python3.8/site-packages/airflow/example_dags/example_kubernetes_executor.py
[2026-02-10T20:26:26.532+0000] {logging_mixin.py:188} INFO - [2026-02-10T20:26:26.532+0000] {dag.py:3036} INFO - Sync 1 DAGs
[2026-02-10T20:26:26.536+0000] {logging_mixin.py:188} INFO - [2026-02-10T20:26:26.536+0000] {dag.py:3823} INFO - Setting next_dagrun for example_kubernetes_executor to None, run_after=None
[2026-02-10T20:26:26.541+0000] {processor.py:183} INFO - Processing /home/airflow/.local/lib/python3.8/site-packages/airflow/example_dags/example_kubernetes_executor.py took 0.033 seconds
[2026-02-10T20:26:56.893+0000] {processor.py:161} INFO - Started process (PID=488) to work on /home/airflow/.local/lib/python3.8/site-packages/airflow/example_dags/example_kubernetes_executor.py
[2026-02-10T20:26:56.893+0000] {processor.py:830} INFO - Processing file /home/airflow/.local/lib/python3.8/site-packages/airflow/example_dags/example_kubernetes_executor.py for tasks to queue
[2026-02-10T20:26:56.894+0000] {logging_mixin.py:188} INFO - [2026-02-10T20:26:56.894+0000] {dagbag.py:538} INFO - Filling up the DagBag from /home/airflow/.local/lib/python3.8/site-packages/airflow/example_dags/example_kubernetes_executor.py
[2026-02-10T20:26:56.899+0000] {processor.py:840} INFO - DAG(s) 'example_kubernetes_executor' retrieved from /home/airflow/.local/lib/python3.8/site-packages/airflow/example_dags/example_kubernetes_executor.py
[2026-02-10T20:26:56.911+0000] {logging_mixin.py:188} INFO - [2026-02-10T20:26:56.911+0000] {dag.py:3036} INFO - Sync 1 DAGs
[2026-02-10T20:26:56.915+0000] {logging_mixin.py:188} INFO - [2026-02-10T20:26:56.915+0000] {dag.py:3823} INFO - Setting next_dagrun for example_kubernetes_executor to None, run_after=None
[2026-02-10T20:26:56.920+0000] {processor.py:183} INFO - Processing /home/airflow/.local/lib/python3.8/site-packages/airflow/example_dags/example_kubernetes_executor.py took 0.029 seconds
[2026-02-10T20:27:27.235+0000] {processor.py:161} INFO - Started process (PID=549) to work on /home/airflow/.local/lib/python3.8/site-packages/airflow/example_dags/example_kubernetes_executor.py
[2026-02-10T20:27:27.237+0000] {processor.py:830} INFO - Processing file /home/airflow/.local/lib/python3.8/site-packages/airflow/example_dags/example_kubernetes_executor.py for tasks to queue
[2026-02-10T20:27:27.239+0000] {logging_mixin.py:188} INFO - [2026-02-10T20:27:27.239+0000] {dagbag.py:538} INFO - Filling up the DagBag from /home/airflow/.local/lib/python3.8/site-packages/airflow/example_dags/example_kubernetes_executor.py
[2026-02-10T20:27:27.245+0000] {processor.py:840} INFO - DAG(s) 'example_kubernetes_executor' retrieved from /home/airflow/.local/lib/python3.8/site-packages/airflow/example_dags/example_kubernetes_executor.py
[2026-02-10T20:27:27.264+0000] {logging_mixin.py:188} INFO - [2026-02-10T20:27:27.264+0000] {dag.py:3036} INFO - Sync 1 DAGs
[2026-02-10T20:27:27.268+0000] {logging_mixin.py:188} INFO - [2026-02-10T20:27:27.268+0000] {dag.py:3823} INFO - Setting next_dagrun for example_kubernetes_executor to None, run_after=None
[2026-02-10T20:27:27.273+0000] {processor.py:183} INFO - Processing /home/airflow/.local/lib/python3.8/site-packages/airflow/example_dags/example_kubernetes_executor.py took 0.039 seconds
[2026-02-10T20:27:57.636+0000] {processor.py:161} INFO - Started process (PID=603) to work on /home/airflow/.local/lib/python3.8/site-packages/airflow/example_dags/example_kubernetes_executor.py
[2026-02-10T20:27:57.638+0000] {processor.py:830} INFO - Processing file /home/airflow/.local/lib/python3.8/site-packages/airflow/example_dags/example_kubernetes_executor.py for tasks to queue
[2026-02-10T20:27:57.640+0000] {logging_mixin.py:188} INFO - [2026-02-10T20:27:57.640+0000] {dagbag.py:538} INFO - Filling up the DagBag from /home/airflow/.local/lib/python3.8/site-packages/airflow/example_dags/example_kubernetes_executor.py
[2026-02-10T20:27:57.662+0000] {processor.py:840} INFO - DAG(s) 'example_kubernetes_executor' retrieved from /home/airflow/.local/lib/python3.8/site-packages/airflow/example_dags/example_kubernetes_executor.py
[2026-02-10T20:27:57.685+0000] {logging_mixin.py:188} INFO - [2026-02-10T20:27:57.685+0000] {dag.py:3036} INFO - Sync 1 DAGs
[2026-02-10T20:27:57.691+0000] {logging_mixin.py:188} INFO - [2026-02-10T20:27:57.691+0000] {dag.py:3823} INFO - Setting next_dagrun for example_kubernetes_executor to None, run_after=None
[2026-02-10T20:27:57.699+0000] {processor.py:183} INFO - Processing /home/airflow/.local/lib/python3.8/site-packages/airflow/example_dags/example_kubernetes_executor.py took 0.066 seconds
[2026-02-10T20:28:28.218+0000] {processor.py:161} INFO - Started process (PID=658) to work on /home/airflow/.local/lib/python3.8/site-packages/airflow/example_dags/example_kubernetes_executor.py
[2026-02-10T20:28:28.219+0000] {processor.py:830} INFO - Processing file /home/airflow/.local/lib/python3.8/site-packages/airflow/example_dags/example_kubernetes_executor.py for tasks to queue
[2026-02-10T20:28:28.219+0000] {logging_mixin.py:188} INFO - [2026-02-10T20:28:28.219+0000] {dagbag.py:538} INFO - Filling up the DagBag from /home/airflow/.local/lib/python3.8/site-packages/airflow/example_dags/example_kubernetes_executor.py
[2026-02-10T20:28:28.229+0000] {processor.py:840} INFO - DAG(s) 'example_kubernetes_executor' retrieved from /home/airflow/.local/lib/python3.8/site-packages/airflow/example_dags/example_kubernetes_executor.py
[2026-02-10T20:28:28.251+0000] {logging_mixin.py:188} INFO - [2026-02-10T20:28:28.251+0000] {dag.py:3036} INFO - Sync 1 DAGs
[2026-02-10T20:28:28.255+0000] {logging_mixin.py:188} INFO - [2026-02-10T20:28:28.255+0000] {dag.py:3823} INFO - Setting next_dagrun for example_kubernetes_executor to None, run_after=None
[2026-02-10T20:28:28.261+0000] {processor.py:183} INFO - Processing /home/airflow/.local/lib/python3.8/site-packages/airflow/example_dags/example_kubernetes_executor.py took 0.045 seconds
[2026-02-10T20:28:58.866+0000] {processor.py:161} INFO - Started process (PID=713) to work on /home/airflow/.local/lib/python3.8/site-packages/airflow/example_dags/example_kubernetes_executor.py
[2026-02-10T20:28:58.867+0000] {processor.py:830} INFO - Processing file /home/airflow/.local/lib/python3.8/site-packages/airflow/example_dags/example_kubernetes_executor.py for tasks to queue
[2026-02-10T20:28:58.868+0000] {logging_mixin.py:188} INFO - [2026-02-10T20:28:58.868+0000] {dagbag.py:538} INFO - Filling up the DagBag from /home/airflow/.local/lib/python3.8/site-packages/airflow/example_dags/example_kubernetes_executor.py
[2026-02-10T20:28:58.875+0000] {processor.py:840} INFO - DAG(s) 'example_kubernetes_executor' retrieved from /home/airflow/.local/lib/python3.8/site-packages/airflow/example_dags/example_kubernetes_executor.py
[2026-02-10T20:28:58.889+0000] {logging_mixin.py:188} INFO - [2026-02-10T20:28:58.889+0000] {dag.py:3036} INFO - Sync 1 DAGs
[2026-02-10T20:28:58.893+0000] {logging_mixin.py:188} INFO - [2026-02-10T20:28:58.893+0000] {dag.py:3823} INFO - Setting next_dagrun for example_kubernetes_executor to None, run_after=None
[2026-02-10T20:28:58.899+0000] {processor.py:183} INFO - Processing /home/airflow/.local/lib/python3.8/site-packages/airflow/example_dags/example_kubernetes_executor.py took 0.036 seconds
[2026-02-10T20:29:29.516+0000] {processor.py:161} INFO - Started process (PID=768) to work on /home/airflow/.local/lib/python3.8/site-packages/airflow/example_dags/example_kubernetes_executor.py
[2026-02-10T20:29:29.516+0000] {processor.py:830} INFO - Processing file /home/airflow/.local/lib/python3.8/site-packages/airflow/example_dags/example_kubernetes_executor.py for tasks to queue
[2026-02-10T20:29:29.517+0000] {logging_mixin.py:188} INFO - [2026-02-10T20:29:29.517+0000] {dagbag.py:538} INFO - Filling up the DagBag from /home/airflow/.local/lib/python3.8/site-packages/airflow/example_dags/example_kubernetes_executor.py
[2026-02-10T20:29:29.528+0000] {processor.py:840} INFO - DAG(s) 'example_kubernetes_executor' retrieved from /home/airflow/.local/lib/python3.8/site-packages/airflow/example_dags/example_kubernetes_executor.py
[2026-02-10T20:29:29.549+0000] {logging_mixin.py:188} INFO - [2026-02-10T20:29:29.549+0000] {dag.py:3036} INFO - Sync 1 DAGs
[2026-02-10T20:29:29.553+0000] {logging_mixin.py:188} INFO - [2026-02-10T20:29:29.553+0000] {dag.py:3823} INFO - Setting next_dagrun for example_kubernetes_executor to None, run_after=None
[2026-02-10T20:29:29.558+0000] {processor.py:183} INFO - Processing /home/airflow/.local/lib/python3.8/site-packages/airflow/example_dags/example_kubernetes_executor.py took 0.044 seconds
[2026-02-10T20:29:59.979+0000] {processor.py:161} INFO - Started process (PID=823) to work on /home/airflow/.local/lib/python3.8/site-packages/airflow/example_dags/example_kubernetes_executor.py
[2026-02-10T20:29:59.979+0000] {processor.py:830} INFO - Processing file /home/airflow/.local/lib/python3.8/site-packages/airflow/example_dags/example_kubernetes_executor.py for tasks to queue
[2026-02-10T20:29:59.980+0000] {logging_mixin.py:188} INFO - [2026-02-10T20:29:59.980+0000] {dagbag.py:538} INFO - Filling up the DagBag from /home/airflow/.local/lib/python3.8/site-packages/airflow/example_dags/example_kubernetes_executor.py
[2026-02-10T20:29:59.989+0000] {processor.py:840} INFO - DAG(s) 'example_kubernetes_executor' retrieved from /home/airflow/.local/lib/python3.8/site-packages/airflow/example_dags/example_kubernetes_executor.py
[2026-02-10T20:30:00.012+0000] {logging_mixin.py:188} INFO - [2026-02-10T20:30:00.011+0000] {dag.py:3036} INFO - Sync 1 DAGs
[2026-02-10T20:30:00.019+0000] {logging_mixin.py:188} INFO - [2026-02-10T20:30:00.019+0000] {dag.py:3823} INFO - Setting next_dagrun for example_kubernetes_executor to None, run_after=None
[2026-02-10T20:30:00.028+0000] {processor.py:183} INFO - Processing /home/airflow/.local/lib/python3.8/site-packages/airflow/example_dags/example_kubernetes_executor.py took 0.051 seconds
[2026-02-10T20:30:30.478+0000] {processor.py:161} INFO - Started process (PID=878) to work on /home/airflow/.local/lib/python3.8/site-packages/airflow/example_dags/example_kubernetes_executor.py
[2026-02-10T20:30:30.479+0000] {processor.py:830} INFO - Processing file /home/airflow/.local/lib/python3.8/site-packages/airflow/example_dags/example_kubernetes_executor.py for tasks to queue
[2026-02-10T20:30:30.479+0000] {logging_mixin.py:188} INFO - [2026-02-10T20:30:30.479+0000] {dagbag.py:538} INFO - Filling up the DagBag from /home/airflow/.local/lib/python3.8/site-packages/airflow/example_dags/example_kubernetes_executor.py
[2026-02-10T20:30:30.484+0000] {processor.py:840} INFO - DAG(s) 'example_kubernetes_executor' retrieved from /home/airflow/.local/lib/python3.8/site-packages/airflow/example_dags/example_kubernetes_executor.py
[2026-02-10T20:30:30.496+0000] {logging_mixin.py:188} INFO - [2026-02-10T20:30:30.496+0000] {dag.py:3036} INFO - Sync 1 DAGs
[2026-02-10T20:30:30.500+0000] {logging_mixin.py:188} INFO - [2026-02-10T20:30:30.500+0000] {dag.py:3823} INFO - Setting next_dagrun for example_kubernetes_executor to None, run_after=None
[2026-02-10T20:30:30.506+0000] {processor.py:183} INFO - Processing /home/airflow/.local/lib/python3.8/site-packages/airflow/example_dags/example_kubernetes_executor.py took 0.028 seconds
[2026-02-10T20:31:00.852+0000] {processor.py:161} INFO - Started process (PID=933) to work on /home/airflow/.local/lib/python3.8/site-packages/airflow/example_dags/example_kubernetes_executor.py
[2026-02-10T20:31:00.852+0000] {processor.py:830} INFO - Processing file /home/airflow/.local/lib/python3.8/site-packages/airflow/example_dags/example_kubernetes_executor.py for tasks to queue
[2026-02-10T20:31:00.853+0000] {logging_mixin.py:188} INFO - [2026-02-10T20:31:00.853+0000] {dagbag.py:538} INFO - Filling up the DagBag from /home/airflow/.local/lib/python3.8/site-packages/airflow/example_dags/example_kubernetes_executor.py
[2026-02-10T20:31:00.858+0000] {processor.py:840} INFO - DAG(s) 'example_kubernetes_executor' retrieved from /home/airflow/.local/lib/python3.8/site-packages/airflow/example_dags/example_kubernetes_executor.py
[2026-02-10T20:31:00.871+0000] {logging_mixin.py:188} INFO - [2026-02-10T20:31:00.871+0000] {dag.py:3036} INFO - Sync 1 DAGs
[2026-02-10T20:31:00.875+0000] {logging_mixin.py:188} INFO - [2026-02-10T20:31:00.875+0000] {dag.py:3823} INFO - Setting next_dagrun for example_kubernetes_executor to None, run_after=None
[2026-02-10T20:31:00.881+0000] {processor.py:183} INFO - Processing /home/airflow/.local/lib/python3.8/site-packages/airflow/example_dags/example_kubernetes_executor.py took 0.030 seconds
[2026-02-10T20:31:31.314+0000] {processor.py:161} INFO - Started process (PID=988) to work on /home/airflow/.local/lib/python3.8/site-packages/airflow/example_dags/example_kubernetes_executor.py
[2026-02-10T20:31:31.314+0000] {processor.py:830} INFO - Processing file /home/airflow/.local/lib/python3.8/site-packages/airflow/example_dags/example_kubernetes_executor.py for tasks to queue
[2026-02-10T20:31:31.315+0000] {logging_mixin.py:188} INFO - [2026-02-10T20:31:31.315+0000] {dagbag.py:538} INFO - Filling up the DagBag from /home/airflow/.local/lib/python3.8/site-packages/airflow/example_dags/example_kubernetes_executor.py
[2026-02-10T20:31:31.320+0000] {processor.py:840} INFO - DAG(s) 'example_kubernetes_executor' retrieved from /home/airflow/.local/lib/python3.8/site-packages/airflow/example_dags/example_kubernetes_executor.py
[2026-02-10T20:31:31.332+0000] {logging_mixin.py:188} INFO - [2026-02-10T20:31:31.332+0000] {dag.py:3036} INFO - Sync 1 DAGs
[2026-02-10T20:31:31.336+0000] {logging_mixin.py:188} INFO - [2026-02-10T20:31:31.336+0000] {dag.py:3823} INFO - Setting next_dagrun for example_kubernetes_executor to None, run_after=None
[2026-02-10T20:31:31.341+0000] {processor.py:183} INFO - Processing /home/airflow/.local/lib/python3.8/site-packages/airflow/example_dags/example_kubernetes_executor.py took 0.028 seconds
[2026-02-10T20:32:01.713+0000] {processor.py:161} INFO - Started process (PID=1043) to work on /home/airflow/.local/lib/python3.8/site-packages/airflow/example_dags/example_kubernetes_executor.py
[2026-02-10T20:32:01.713+0000] {processor.py:830} INFO - Processing file /home/airflow/.local/lib/python3.8/site-packages/airflow/example_dags/example_kubernetes_executor.py for tasks to queue
[2026-02-10T20:32:01.714+0000] {logging_mixin.py:188} INFO - [2026-02-10T20:32:01.714+0000] {dagbag.py:538} INFO - Filling up the DagBag from /home/airflow/.local/lib/python3.8/site-packages/airflow/example_dags/example_kubernetes_executor.py
[2026-02-10T20:32:01.720+0000] {processor.py:840} INFO - DAG(s) 'example_kubernetes_executor' retrieved from /home/airflow/.local/lib/python3.8/site-packages/airflow/example_dags/example_kubernetes_executor.py
[2026-02-10T20:32:01.734+0000] {logging_mixin.py:188} INFO - [2026-02-10T20:32:01.734+0000] {dag.py:3036} INFO - Sync 1 DAGs
[2026-02-10T20:32:01.738+0000] {logging_mixin.py:188} INFO - [2026-02-10T20:32:01.738+0000] {dag.py:3823} INFO - Setting next_dagrun for example_kubernetes_executor to None, run_after=None
[2026-02-10T20:32:01.743+0000] {processor.py:183} INFO - Processing /home/airflow/.local/lib/python3.8/site-packages/airflow/example_dags/example_kubernetes_executor.py took 0.032 seconds
[2026-02-10T20:32:32.091+0000] {processor.py:161} INFO - Started process (PID=1098) to work on /home/airflow/.local/lib/python3.8/site-packages/airflow/example_dags/example_kubernetes_executor.py
[2026-02-10T20:32:32.092+0000] {processor.py:830} INFO - Processing file /home/airflow/.local/lib/python3.8/site-packages/airflow/example_dags/example_kubernetes_executor.py for tasks to queue
[2026-02-10T20:32:32.092+0000] {logging_mixin.py:188} INFO - [2026-02-10T20:32:32.092+0000] {dagbag.py:538} INFO - Filling up the DagBag from /home/airflow/.local/lib/python3.8/site-packages/airflow/example_dags/example_kubernetes_executor.py
[2026-02-10T20:32:32.098+0000] {processor.py:840} INFO - DAG(s) 'example_kubernetes_executor' retrieved from /home/airflow/.local/lib/python3.8/site-packages/airflow/example_dags/example_kubernetes_executor.py
[2026-02-10T20:32:32.110+0000] {logging_mixin.py:188} INFO - [2026-02-10T20:32:32.109+0000] {dag.py:3036} INFO - Sync 1 DAGs
[2026-02-10T20:32:32.113+0000] {logging_mixin.py:188} INFO - [2026-02-10T20:32:32.113+0000] {dag.py:3823} INFO - Setting next_dagrun for example_kubernetes_executor to None, run_after=None
[2026-02-10T20:32:32.119+0000] {processor.py:183} INFO - Processing /home/airflow/.local/lib/python3.8/site-packages/airflow/example_dags/example_kubernetes_executor.py took 0.029 seconds
[2026-02-10T20:33:02.528+0000] {processor.py:161} INFO - Started process (PID=1154) to work on /home/airflow/.local/lib/python3.8/site-packages/airflow/example_dags/example_kubernetes_executor.py
[2026-02-10T20:33:02.531+0000] {processor.py:830} INFO - Processing file /home/airflow/.local/lib/python3.8/site-packages/airflow/example_dags/example_kubernetes_executor.py for tasks to queue
[2026-02-10T20:33:02.532+0000] {logging_mixin.py:188} INFO - [2026-02-10T20:33:02.532+0000] {dagbag.py:538} INFO - Filling up the DagBag from /home/airflow/.local/lib/python3.8/site-packages/airflow/example_dags/example_kubernetes_executor.py
[2026-02-10T20:33:02.541+0000] {processor.py:840} INFO - DAG(s) 'example_kubernetes_executor' retrieved from /home/airflow/.local/lib/python3.8/site-packages/airflow/example_dags/example_kubernetes_executor.py
[2026-02-10T20:33:02.557+0000] {logging_mixin.py:188} INFO - [2026-02-10T20:33:02.557+0000] {dag.py:3036} INFO - Sync 1 DAGs
[2026-02-10T20:33:02.562+0000] {logging_mixin.py:188} INFO - [2026-02-10T20:33:02.562+0000] {dag.py:3823} INFO - Setting next_dagrun for example_kubernetes_executor to None, run_after=None
[2026-02-10T20:33:02.569+0000] {processor.py:183} INFO - Processing /home/airflow/.local/lib/python3.8/site-packages/airflow/example_dags/example_kubernetes_executor.py took 0.042 seconds
[2026-02-10T20:33:32.962+0000] {processor.py:161} INFO - Started process (PID=1210) to work on /home/airflow/.local/lib/python3.8/site-packages/airflow/example_dags/example_kubernetes_executor.py
[2026-02-10T20:33:32.965+0000] {processor.py:830} INFO - Processing file /home/airflow/.local/lib/python3.8/site-packages/airflow/example_dags/example_kubernetes_executor.py for tasks to queue
[2026-02-10T20:33:32.967+0000] {logging_mixin.py:188} INFO - [2026-02-10T20:33:32.966+0000] {dagbag.py:538} INFO - Filling up the DagBag from /home/airflow/.local/lib/python3.8/site-packages/airflow/example_dags/example_kubernetes_executor.py
[2026-02-10T20:33:32.972+0000] {processor.py:840} INFO - DAG(s) 'example_kubernetes_executor' retrieved from /home/airflow/.local/lib/python3.8/site-packages/airflow/example_dags/example_kubernetes_executor.py
[2026-02-10T20:33:32.985+0000] {logging_mixin.py:188} INFO - [2026-02-10T20:33:32.985+0000] {dag.py:3036} INFO - Sync 1 DAGs
[2026-02-10T20:33:32.989+0000] {logging_mixin.py:188} INFO - [2026-02-10T20:33:32.989+0000] {dag.py:3823} INFO - Setting next_dagrun for example_kubernetes_executor to None, run_after=None
[2026-02-10T20:33:32.997+0000] {processor.py:183} INFO - Processing /home/airflow/.local/lib/python3.8/site-packages/airflow/example_dags/example_kubernetes_executor.py took 0.036 seconds
[2026-02-10T20:34:03.359+0000] {processor.py:161} INFO - Started process (PID=1266) to work on /home/airflow/.local/lib/python3.8/site-packages/airflow/example_dags/example_kubernetes_executor.py
[2026-02-10T20:34:03.360+0000] {processor.py:830} INFO - Processing file /home/airflow/.local/lib/python3.8/site-packages/airflow/example_dags/example_kubernetes_executor.py for tasks to queue
[2026-02-10T20:34:03.361+0000] {logging_mixin.py:188} INFO - [2026-02-10T20:34:03.360+0000] {dagbag.py:538} INFO - Filling up the DagBag from /home/airflow/.local/lib/python3.8/site-packages/airflow/example_dags/example_kubernetes_executor.py
[2026-02-10T20:34:03.366+0000] {processor.py:840} INFO - DAG(s) 'example_kubernetes_executor' retrieved from /home/airflow/.local/lib/python3.8/site-packages/airflow/example_dags/example_kubernetes_executor.py
[2026-02-10T20:34:03.381+0000] {logging_mixin.py:188} INFO - [2026-02-10T20:34:03.381+0000] {dag.py:3036} INFO - Sync 1 DAGs
[2026-02-10T20:34:03.387+0000] {logging_mixin.py:188} INFO - [2026-02-10T20:34:03.387+0000] {dag.py:3823} INFO - Setting next_dagrun for example_kubernetes_executor to None, run_after=None
[2026-02-10T20:34:03.392+0000] {processor.py:183} INFO - Processing /home/airflow/.local/lib/python3.8/site-packages/airflow/example_dags/example_kubernetes_executor.py took 0.035 seconds
