[2026-02-10T20:22:53.825+0000] {processor.py:161} INFO - Started process (PID=49) to work on /home/airflow/.local/lib/python3.8/site-packages/airflow/example_dags/example_params_ui_tutorial.py
[2026-02-10T20:22:53.826+0000] {processor.py:830} INFO - Processing file /home/airflow/.local/lib/python3.8/site-packages/airflow/example_dags/example_params_ui_tutorial.py for tasks to queue
[2026-02-10T20:22:53.828+0000] {logging_mixin.py:188} INFO - [2026-02-10T20:22:53.827+0000] {dagbag.py:538} INFO - Filling up the DagBag from /home/airflow/.local/lib/python3.8/site-packages/airflow/example_dags/example_params_ui_tutorial.py
[2026-02-10T20:22:53.838+0000] {processor.py:840} INFO - DAG(s) 'example_params_ui_tutorial' retrieved from /home/airflow/.local/lib/python3.8/site-packages/airflow/example_dags/example_params_ui_tutorial.py
[2026-02-10T20:22:53.851+0000] {logging_mixin.py:188} INFO - [2026-02-10T20:22:53.851+0000] {dag.py:3036} INFO - Sync 1 DAGs
[2026-02-10T20:22:53.859+0000] {logging_mixin.py:188} INFO - [2026-02-10T20:22:53.859+0000] {dag.py:3823} INFO - Setting next_dagrun for example_params_ui_tutorial to None, run_after=None
[2026-02-10T20:22:53.878+0000] {processor.py:183} INFO - Processing /home/airflow/.local/lib/python3.8/site-packages/airflow/example_dags/example_params_ui_tutorial.py took 0.057 seconds
[2026-02-10T20:23:24.087+0000] {processor.py:161} INFO - Started process (PID=104) to work on /home/airflow/.local/lib/python3.8/site-packages/airflow/example_dags/example_params_ui_tutorial.py
[2026-02-10T20:23:24.087+0000] {processor.py:830} INFO - Processing file /home/airflow/.local/lib/python3.8/site-packages/airflow/example_dags/example_params_ui_tutorial.py for tasks to queue
[2026-02-10T20:23:24.088+0000] {logging_mixin.py:188} INFO - [2026-02-10T20:23:24.088+0000] {dagbag.py:538} INFO - Filling up the DagBag from /home/airflow/.local/lib/python3.8/site-packages/airflow/example_dags/example_params_ui_tutorial.py
[2026-02-10T20:23:24.094+0000] {processor.py:840} INFO - DAG(s) 'example_params_ui_tutorial' retrieved from /home/airflow/.local/lib/python3.8/site-packages/airflow/example_dags/example_params_ui_tutorial.py
[2026-02-10T20:23:24.151+0000] {logging_mixin.py:188} INFO - [2026-02-10T20:23:24.151+0000] {dag.py:3036} INFO - Sync 1 DAGs
[2026-02-10T20:23:24.154+0000] {logging_mixin.py:188} INFO - [2026-02-10T20:23:24.154+0000] {dag.py:3823} INFO - Setting next_dagrun for example_params_ui_tutorial to None, run_after=None
[2026-02-10T20:23:24.161+0000] {processor.py:183} INFO - Processing /home/airflow/.local/lib/python3.8/site-packages/airflow/example_dags/example_params_ui_tutorial.py took 0.076 seconds
[2026-02-10T20:23:55.102+0000] {processor.py:161} INFO - Started process (PID=159) to work on /home/airflow/.local/lib/python3.8/site-packages/airflow/example_dags/example_params_ui_tutorial.py
[2026-02-10T20:23:55.103+0000] {processor.py:830} INFO - Processing file /home/airflow/.local/lib/python3.8/site-packages/airflow/example_dags/example_params_ui_tutorial.py for tasks to queue
[2026-02-10T20:23:55.105+0000] {logging_mixin.py:188} INFO - [2026-02-10T20:23:55.104+0000] {dagbag.py:538} INFO - Filling up the DagBag from /home/airflow/.local/lib/python3.8/site-packages/airflow/example_dags/example_params_ui_tutorial.py
[2026-02-10T20:23:55.111+0000] {processor.py:840} INFO - DAG(s) 'example_params_ui_tutorial' retrieved from /home/airflow/.local/lib/python3.8/site-packages/airflow/example_dags/example_params_ui_tutorial.py
[2026-02-10T20:23:55.136+0000] {logging_mixin.py:188} INFO - [2026-02-10T20:23:55.136+0000] {dag.py:3036} INFO - Sync 1 DAGs
[2026-02-10T20:23:55.143+0000] {logging_mixin.py:188} INFO - [2026-02-10T20:23:55.143+0000] {dag.py:3823} INFO - Setting next_dagrun for example_params_ui_tutorial to None, run_after=None
[2026-02-10T20:23:55.155+0000] {processor.py:183} INFO - Processing /home/airflow/.local/lib/python3.8/site-packages/airflow/example_dags/example_params_ui_tutorial.py took 0.056 seconds
[2026-02-10T20:24:25.527+0000] {processor.py:161} INFO - Started process (PID=214) to work on /home/airflow/.local/lib/python3.8/site-packages/airflow/example_dags/example_params_ui_tutorial.py
[2026-02-10T20:24:25.531+0000] {processor.py:830} INFO - Processing file /home/airflow/.local/lib/python3.8/site-packages/airflow/example_dags/example_params_ui_tutorial.py for tasks to queue
[2026-02-10T20:24:25.532+0000] {logging_mixin.py:188} INFO - [2026-02-10T20:24:25.532+0000] {dagbag.py:538} INFO - Filling up the DagBag from /home/airflow/.local/lib/python3.8/site-packages/airflow/example_dags/example_params_ui_tutorial.py
[2026-02-10T20:24:25.541+0000] {processor.py:840} INFO - DAG(s) 'example_params_ui_tutorial' retrieved from /home/airflow/.local/lib/python3.8/site-packages/airflow/example_dags/example_params_ui_tutorial.py
[2026-02-10T20:24:25.568+0000] {logging_mixin.py:188} INFO - [2026-02-10T20:24:25.568+0000] {dag.py:3036} INFO - Sync 1 DAGs
[2026-02-10T20:24:25.575+0000] {logging_mixin.py:188} INFO - [2026-02-10T20:24:25.575+0000] {dag.py:3823} INFO - Setting next_dagrun for example_params_ui_tutorial to None, run_after=None
[2026-02-10T20:24:25.587+0000] {processor.py:183} INFO - Processing /home/airflow/.local/lib/python3.8/site-packages/airflow/example_dags/example_params_ui_tutorial.py took 0.062 seconds
[2026-02-10T20:24:56.024+0000] {processor.py:161} INFO - Started process (PID=269) to work on /home/airflow/.local/lib/python3.8/site-packages/airflow/example_dags/example_params_ui_tutorial.py
[2026-02-10T20:24:56.026+0000] {processor.py:830} INFO - Processing file /home/airflow/.local/lib/python3.8/site-packages/airflow/example_dags/example_params_ui_tutorial.py for tasks to queue
[2026-02-10T20:24:56.027+0000] {logging_mixin.py:188} INFO - [2026-02-10T20:24:56.026+0000] {dagbag.py:538} INFO - Filling up the DagBag from /home/airflow/.local/lib/python3.8/site-packages/airflow/example_dags/example_params_ui_tutorial.py
[2026-02-10T20:24:56.032+0000] {processor.py:840} INFO - DAG(s) 'example_params_ui_tutorial' retrieved from /home/airflow/.local/lib/python3.8/site-packages/airflow/example_dags/example_params_ui_tutorial.py
[2026-02-10T20:24:56.068+0000] {logging_mixin.py:188} INFO - [2026-02-10T20:24:56.067+0000] {dag.py:3036} INFO - Sync 1 DAGs
[2026-02-10T20:24:56.077+0000] {logging_mixin.py:188} INFO - [2026-02-10T20:24:56.077+0000] {dag.py:3823} INFO - Setting next_dagrun for example_params_ui_tutorial to None, run_after=None
[2026-02-10T20:24:56.093+0000] {processor.py:183} INFO - Processing /home/airflow/.local/lib/python3.8/site-packages/airflow/example_dags/example_params_ui_tutorial.py took 0.071 seconds
[2026-02-10T20:25:26.610+0000] {processor.py:161} INFO - Started process (PID=324) to work on /home/airflow/.local/lib/python3.8/site-packages/airflow/example_dags/example_params_ui_tutorial.py
[2026-02-10T20:25:26.612+0000] {processor.py:830} INFO - Processing file /home/airflow/.local/lib/python3.8/site-packages/airflow/example_dags/example_params_ui_tutorial.py for tasks to queue
[2026-02-10T20:25:26.614+0000] {logging_mixin.py:188} INFO - [2026-02-10T20:25:26.614+0000] {dagbag.py:538} INFO - Filling up the DagBag from /home/airflow/.local/lib/python3.8/site-packages/airflow/example_dags/example_params_ui_tutorial.py
[2026-02-10T20:25:26.625+0000] {processor.py:840} INFO - DAG(s) 'example_params_ui_tutorial' retrieved from /home/airflow/.local/lib/python3.8/site-packages/airflow/example_dags/example_params_ui_tutorial.py
[2026-02-10T20:25:26.665+0000] {logging_mixin.py:188} INFO - [2026-02-10T20:25:26.665+0000] {dag.py:3036} INFO - Sync 1 DAGs
[2026-02-10T20:25:26.671+0000] {logging_mixin.py:188} INFO - [2026-02-10T20:25:26.671+0000] {dag.py:3823} INFO - Setting next_dagrun for example_params_ui_tutorial to None, run_after=None
[2026-02-10T20:25:26.680+0000] {processor.py:183} INFO - Processing /home/airflow/.local/lib/python3.8/site-packages/airflow/example_dags/example_params_ui_tutorial.py took 0.073 seconds
[2026-02-10T20:25:57.124+0000] {processor.py:161} INFO - Started process (PID=385) to work on /home/airflow/.local/lib/python3.8/site-packages/airflow/example_dags/example_params_ui_tutorial.py
[2026-02-10T20:25:57.126+0000] {processor.py:830} INFO - Processing file /home/airflow/.local/lib/python3.8/site-packages/airflow/example_dags/example_params_ui_tutorial.py for tasks to queue
[2026-02-10T20:25:57.132+0000] {logging_mixin.py:188} INFO - [2026-02-10T20:25:57.131+0000] {dagbag.py:538} INFO - Filling up the DagBag from /home/airflow/.local/lib/python3.8/site-packages/airflow/example_dags/example_params_ui_tutorial.py
[2026-02-10T20:25:57.145+0000] {processor.py:840} INFO - DAG(s) 'example_params_ui_tutorial' retrieved from /home/airflow/.local/lib/python3.8/site-packages/airflow/example_dags/example_params_ui_tutorial.py
[2026-02-10T20:25:57.174+0000] {logging_mixin.py:188} INFO - [2026-02-10T20:25:57.174+0000] {dag.py:3036} INFO - Sync 1 DAGs
[2026-02-10T20:25:57.180+0000] {logging_mixin.py:188} INFO - [2026-02-10T20:25:57.180+0000] {dag.py:3823} INFO - Setting next_dagrun for example_params_ui_tutorial to None, run_after=None
[2026-02-10T20:25:57.187+0000] {processor.py:183} INFO - Processing /home/airflow/.local/lib/python3.8/site-packages/airflow/example_dags/example_params_ui_tutorial.py took 0.066 seconds
[2026-02-10T20:26:27.544+0000] {processor.py:161} INFO - Started process (PID=440) to work on /home/airflow/.local/lib/python3.8/site-packages/airflow/example_dags/example_params_ui_tutorial.py
[2026-02-10T20:26:27.547+0000] {processor.py:830} INFO - Processing file /home/airflow/.local/lib/python3.8/site-packages/airflow/example_dags/example_params_ui_tutorial.py for tasks to queue
[2026-02-10T20:26:27.550+0000] {logging_mixin.py:188} INFO - [2026-02-10T20:26:27.549+0000] {dagbag.py:538} INFO - Filling up the DagBag from /home/airflow/.local/lib/python3.8/site-packages/airflow/example_dags/example_params_ui_tutorial.py
[2026-02-10T20:26:27.558+0000] {processor.py:840} INFO - DAG(s) 'example_params_ui_tutorial' retrieved from /home/airflow/.local/lib/python3.8/site-packages/airflow/example_dags/example_params_ui_tutorial.py
[2026-02-10T20:26:27.585+0000] {logging_mixin.py:188} INFO - [2026-02-10T20:26:27.585+0000] {dag.py:3036} INFO - Sync 1 DAGs
[2026-02-10T20:26:27.590+0000] {logging_mixin.py:188} INFO - [2026-02-10T20:26:27.590+0000] {dag.py:3823} INFO - Setting next_dagrun for example_params_ui_tutorial to None, run_after=None
[2026-02-10T20:26:27.597+0000] {processor.py:183} INFO - Processing /home/airflow/.local/lib/python3.8/site-packages/airflow/example_dags/example_params_ui_tutorial.py took 0.057 seconds
[2026-02-10T20:26:57.918+0000] {processor.py:161} INFO - Started process (PID=495) to work on /home/airflow/.local/lib/python3.8/site-packages/airflow/example_dags/example_params_ui_tutorial.py
[2026-02-10T20:26:57.919+0000] {processor.py:830} INFO - Processing file /home/airflow/.local/lib/python3.8/site-packages/airflow/example_dags/example_params_ui_tutorial.py for tasks to queue
[2026-02-10T20:26:57.921+0000] {logging_mixin.py:188} INFO - [2026-02-10T20:26:57.921+0000] {dagbag.py:538} INFO - Filling up the DagBag from /home/airflow/.local/lib/python3.8/site-packages/airflow/example_dags/example_params_ui_tutorial.py
[2026-02-10T20:26:57.930+0000] {processor.py:840} INFO - DAG(s) 'example_params_ui_tutorial' retrieved from /home/airflow/.local/lib/python3.8/site-packages/airflow/example_dags/example_params_ui_tutorial.py
[2026-02-10T20:26:57.961+0000] {logging_mixin.py:188} INFO - [2026-02-10T20:26:57.961+0000] {dag.py:3036} INFO - Sync 1 DAGs
[2026-02-10T20:26:57.967+0000] {logging_mixin.py:188} INFO - [2026-02-10T20:26:57.967+0000] {dag.py:3823} INFO - Setting next_dagrun for example_params_ui_tutorial to None, run_after=None
[2026-02-10T20:26:57.977+0000] {processor.py:183} INFO - Processing /home/airflow/.local/lib/python3.8/site-packages/airflow/example_dags/example_params_ui_tutorial.py took 0.063 seconds
[2026-02-10T20:27:28.293+0000] {processor.py:161} INFO - Started process (PID=550) to work on /home/airflow/.local/lib/python3.8/site-packages/airflow/example_dags/example_params_ui_tutorial.py
[2026-02-10T20:27:28.294+0000] {processor.py:830} INFO - Processing file /home/airflow/.local/lib/python3.8/site-packages/airflow/example_dags/example_params_ui_tutorial.py for tasks to queue
[2026-02-10T20:27:28.295+0000] {logging_mixin.py:188} INFO - [2026-02-10T20:27:28.295+0000] {dagbag.py:538} INFO - Filling up the DagBag from /home/airflow/.local/lib/python3.8/site-packages/airflow/example_dags/example_params_ui_tutorial.py
[2026-02-10T20:27:28.303+0000] {processor.py:840} INFO - DAG(s) 'example_params_ui_tutorial' retrieved from /home/airflow/.local/lib/python3.8/site-packages/airflow/example_dags/example_params_ui_tutorial.py
[2026-02-10T20:27:28.331+0000] {logging_mixin.py:188} INFO - [2026-02-10T20:27:28.331+0000] {dag.py:3036} INFO - Sync 1 DAGs
[2026-02-10T20:27:28.336+0000] {logging_mixin.py:188} INFO - [2026-02-10T20:27:28.336+0000] {dag.py:3823} INFO - Setting next_dagrun for example_params_ui_tutorial to None, run_after=None
[2026-02-10T20:27:28.344+0000] {processor.py:183} INFO - Processing /home/airflow/.local/lib/python3.8/site-packages/airflow/example_dags/example_params_ui_tutorial.py took 0.056 seconds
[2026-02-10T20:27:58.708+0000] {processor.py:161} INFO - Started process (PID=604) to work on /home/airflow/.local/lib/python3.8/site-packages/airflow/example_dags/example_params_ui_tutorial.py
[2026-02-10T20:27:58.710+0000] {processor.py:830} INFO - Processing file /home/airflow/.local/lib/python3.8/site-packages/airflow/example_dags/example_params_ui_tutorial.py for tasks to queue
[2026-02-10T20:27:58.716+0000] {logging_mixin.py:188} INFO - [2026-02-10T20:27:58.715+0000] {dagbag.py:538} INFO - Filling up the DagBag from /home/airflow/.local/lib/python3.8/site-packages/airflow/example_dags/example_params_ui_tutorial.py
[2026-02-10T20:27:58.726+0000] {processor.py:840} INFO - DAG(s) 'example_params_ui_tutorial' retrieved from /home/airflow/.local/lib/python3.8/site-packages/airflow/example_dags/example_params_ui_tutorial.py
[2026-02-10T20:27:58.755+0000] {logging_mixin.py:188} INFO - [2026-02-10T20:27:58.754+0000] {dag.py:3036} INFO - Sync 1 DAGs
[2026-02-10T20:27:58.761+0000] {logging_mixin.py:188} INFO - [2026-02-10T20:27:58.760+0000] {dag.py:3823} INFO - Setting next_dagrun for example_params_ui_tutorial to None, run_after=None
[2026-02-10T20:27:58.770+0000] {processor.py:183} INFO - Processing /home/airflow/.local/lib/python3.8/site-packages/airflow/example_dags/example_params_ui_tutorial.py took 0.066 seconds
[2026-02-10T20:28:29.273+0000] {processor.py:161} INFO - Started process (PID=659) to work on /home/airflow/.local/lib/python3.8/site-packages/airflow/example_dags/example_params_ui_tutorial.py
[2026-02-10T20:28:29.274+0000] {processor.py:830} INFO - Processing file /home/airflow/.local/lib/python3.8/site-packages/airflow/example_dags/example_params_ui_tutorial.py for tasks to queue
[2026-02-10T20:28:29.276+0000] {logging_mixin.py:188} INFO - [2026-02-10T20:28:29.276+0000] {dagbag.py:538} INFO - Filling up the DagBag from /home/airflow/.local/lib/python3.8/site-packages/airflow/example_dags/example_params_ui_tutorial.py
[2026-02-10T20:28:29.290+0000] {processor.py:840} INFO - DAG(s) 'example_params_ui_tutorial' retrieved from /home/airflow/.local/lib/python3.8/site-packages/airflow/example_dags/example_params_ui_tutorial.py
[2026-02-10T20:28:29.345+0000] {logging_mixin.py:188} INFO - [2026-02-10T20:28:29.345+0000] {dag.py:3036} INFO - Sync 1 DAGs
[2026-02-10T20:28:29.352+0000] {logging_mixin.py:188} INFO - [2026-02-10T20:28:29.352+0000] {dag.py:3823} INFO - Setting next_dagrun for example_params_ui_tutorial to None, run_after=None
[2026-02-10T20:28:29.365+0000] {processor.py:183} INFO - Processing /home/airflow/.local/lib/python3.8/site-packages/airflow/example_dags/example_params_ui_tutorial.py took 0.095 seconds
[2026-02-10T20:28:59.902+0000] {processor.py:161} INFO - Started process (PID=714) to work on /home/airflow/.local/lib/python3.8/site-packages/airflow/example_dags/example_params_ui_tutorial.py
[2026-02-10T20:28:59.907+0000] {processor.py:830} INFO - Processing file /home/airflow/.local/lib/python3.8/site-packages/airflow/example_dags/example_params_ui_tutorial.py for tasks to queue
[2026-02-10T20:28:59.909+0000] {logging_mixin.py:188} INFO - [2026-02-10T20:28:59.909+0000] {dagbag.py:538} INFO - Filling up the DagBag from /home/airflow/.local/lib/python3.8/site-packages/airflow/example_dags/example_params_ui_tutorial.py
[2026-02-10T20:28:59.922+0000] {processor.py:840} INFO - DAG(s) 'example_params_ui_tutorial' retrieved from /home/airflow/.local/lib/python3.8/site-packages/airflow/example_dags/example_params_ui_tutorial.py
[2026-02-10T20:28:59.957+0000] {logging_mixin.py:188} INFO - [2026-02-10T20:28:59.957+0000] {dag.py:3036} INFO - Sync 1 DAGs
[2026-02-10T20:28:59.963+0000] {logging_mixin.py:188} INFO - [2026-02-10T20:28:59.963+0000] {dag.py:3823} INFO - Setting next_dagrun for example_params_ui_tutorial to None, run_after=None
[2026-02-10T20:28:59.973+0000] {processor.py:183} INFO - Processing /home/airflow/.local/lib/python3.8/site-packages/airflow/example_dags/example_params_ui_tutorial.py took 0.077 seconds
[2026-02-10T20:29:30.575+0000] {processor.py:161} INFO - Started process (PID=769) to work on /home/airflow/.local/lib/python3.8/site-packages/airflow/example_dags/example_params_ui_tutorial.py
[2026-02-10T20:29:30.576+0000] {processor.py:830} INFO - Processing file /home/airflow/.local/lib/python3.8/site-packages/airflow/example_dags/example_params_ui_tutorial.py for tasks to queue
[2026-02-10T20:29:30.578+0000] {logging_mixin.py:188} INFO - [2026-02-10T20:29:30.578+0000] {dagbag.py:538} INFO - Filling up the DagBag from /home/airflow/.local/lib/python3.8/site-packages/airflow/example_dags/example_params_ui_tutorial.py
[2026-02-10T20:29:30.588+0000] {processor.py:840} INFO - DAG(s) 'example_params_ui_tutorial' retrieved from /home/airflow/.local/lib/python3.8/site-packages/airflow/example_dags/example_params_ui_tutorial.py
[2026-02-10T20:29:30.622+0000] {logging_mixin.py:188} INFO - [2026-02-10T20:29:30.622+0000] {dag.py:3036} INFO - Sync 1 DAGs
[2026-02-10T20:29:30.627+0000] {logging_mixin.py:188} INFO - [2026-02-10T20:29:30.627+0000] {dag.py:3823} INFO - Setting next_dagrun for example_params_ui_tutorial to None, run_after=None
[2026-02-10T20:29:30.634+0000] {processor.py:183} INFO - Processing /home/airflow/.local/lib/python3.8/site-packages/airflow/example_dags/example_params_ui_tutorial.py took 0.064 seconds
[2026-02-10T20:30:01.053+0000] {processor.py:161} INFO - Started process (PID=824) to work on /home/airflow/.local/lib/python3.8/site-packages/airflow/example_dags/example_params_ui_tutorial.py
[2026-02-10T20:30:01.054+0000] {processor.py:830} INFO - Processing file /home/airflow/.local/lib/python3.8/site-packages/airflow/example_dags/example_params_ui_tutorial.py for tasks to queue
[2026-02-10T20:30:01.056+0000] {logging_mixin.py:188} INFO - [2026-02-10T20:30:01.056+0000] {dagbag.py:538} INFO - Filling up the DagBag from /home/airflow/.local/lib/python3.8/site-packages/airflow/example_dags/example_params_ui_tutorial.py
[2026-02-10T20:30:01.068+0000] {processor.py:840} INFO - DAG(s) 'example_params_ui_tutorial' retrieved from /home/airflow/.local/lib/python3.8/site-packages/airflow/example_dags/example_params_ui_tutorial.py
[2026-02-10T20:30:01.101+0000] {logging_mixin.py:188} INFO - [2026-02-10T20:30:01.100+0000] {dag.py:3036} INFO - Sync 1 DAGs
[2026-02-10T20:30:01.106+0000] {logging_mixin.py:188} INFO - [2026-02-10T20:30:01.106+0000] {dag.py:3823} INFO - Setting next_dagrun for example_params_ui_tutorial to None, run_after=None
[2026-02-10T20:30:01.113+0000] {processor.py:183} INFO - Processing /home/airflow/.local/lib/python3.8/site-packages/airflow/example_dags/example_params_ui_tutorial.py took 0.065 seconds
[2026-02-10T20:30:31.506+0000] {processor.py:161} INFO - Started process (PID=879) to work on /home/airflow/.local/lib/python3.8/site-packages/airflow/example_dags/example_params_ui_tutorial.py
[2026-02-10T20:30:31.507+0000] {processor.py:830} INFO - Processing file /home/airflow/.local/lib/python3.8/site-packages/airflow/example_dags/example_params_ui_tutorial.py for tasks to queue
[2026-02-10T20:30:31.509+0000] {logging_mixin.py:188} INFO - [2026-02-10T20:30:31.509+0000] {dagbag.py:538} INFO - Filling up the DagBag from /home/airflow/.local/lib/python3.8/site-packages/airflow/example_dags/example_params_ui_tutorial.py
[2026-02-10T20:30:31.519+0000] {processor.py:840} INFO - DAG(s) 'example_params_ui_tutorial' retrieved from /home/airflow/.local/lib/python3.8/site-packages/airflow/example_dags/example_params_ui_tutorial.py
[2026-02-10T20:30:31.551+0000] {logging_mixin.py:188} INFO - [2026-02-10T20:30:31.551+0000] {dag.py:3036} INFO - Sync 1 DAGs
[2026-02-10T20:30:31.556+0000] {logging_mixin.py:188} INFO - [2026-02-10T20:30:31.556+0000] {dag.py:3823} INFO - Setting next_dagrun for example_params_ui_tutorial to None, run_after=None
[2026-02-10T20:30:31.564+0000] {processor.py:183} INFO - Processing /home/airflow/.local/lib/python3.8/site-packages/airflow/example_dags/example_params_ui_tutorial.py took 0.062 seconds
[2026-02-10T20:31:01.875+0000] {processor.py:161} INFO - Started process (PID=934) to work on /home/airflow/.local/lib/python3.8/site-packages/airflow/example_dags/example_params_ui_tutorial.py
[2026-02-10T20:31:01.877+0000] {processor.py:830} INFO - Processing file /home/airflow/.local/lib/python3.8/site-packages/airflow/example_dags/example_params_ui_tutorial.py for tasks to queue
[2026-02-10T20:31:01.878+0000] {logging_mixin.py:188} INFO - [2026-02-10T20:31:01.878+0000] {dagbag.py:538} INFO - Filling up the DagBag from /home/airflow/.local/lib/python3.8/site-packages/airflow/example_dags/example_params_ui_tutorial.py
[2026-02-10T20:31:01.890+0000] {processor.py:840} INFO - DAG(s) 'example_params_ui_tutorial' retrieved from /home/airflow/.local/lib/python3.8/site-packages/airflow/example_dags/example_params_ui_tutorial.py
[2026-02-10T20:31:01.918+0000] {logging_mixin.py:188} INFO - [2026-02-10T20:31:01.918+0000] {dag.py:3036} INFO - Sync 1 DAGs
[2026-02-10T20:31:01.925+0000] {logging_mixin.py:188} INFO - [2026-02-10T20:31:01.925+0000] {dag.py:3823} INFO - Setting next_dagrun for example_params_ui_tutorial to None, run_after=None
[2026-02-10T20:31:01.959+0000] {processor.py:183} INFO - Processing /home/airflow/.local/lib/python3.8/site-packages/airflow/example_dags/example_params_ui_tutorial.py took 0.087 seconds
[2026-02-10T20:31:32.335+0000] {processor.py:161} INFO - Started process (PID=989) to work on /home/airflow/.local/lib/python3.8/site-packages/airflow/example_dags/example_params_ui_tutorial.py
[2026-02-10T20:31:32.336+0000] {processor.py:830} INFO - Processing file /home/airflow/.local/lib/python3.8/site-packages/airflow/example_dags/example_params_ui_tutorial.py for tasks to queue
[2026-02-10T20:31:32.337+0000] {logging_mixin.py:188} INFO - [2026-02-10T20:31:32.337+0000] {dagbag.py:538} INFO - Filling up the DagBag from /home/airflow/.local/lib/python3.8/site-packages/airflow/example_dags/example_params_ui_tutorial.py
[2026-02-10T20:31:32.345+0000] {processor.py:840} INFO - DAG(s) 'example_params_ui_tutorial' retrieved from /home/airflow/.local/lib/python3.8/site-packages/airflow/example_dags/example_params_ui_tutorial.py
[2026-02-10T20:31:32.376+0000] {logging_mixin.py:188} INFO - [2026-02-10T20:31:32.376+0000] {dag.py:3036} INFO - Sync 1 DAGs
[2026-02-10T20:31:32.382+0000] {logging_mixin.py:188} INFO - [2026-02-10T20:31:32.382+0000] {dag.py:3823} INFO - Setting next_dagrun for example_params_ui_tutorial to None, run_after=None
[2026-02-10T20:31:32.389+0000] {processor.py:183} INFO - Processing /home/airflow/.local/lib/python3.8/site-packages/airflow/example_dags/example_params_ui_tutorial.py took 0.059 seconds
[2026-02-10T20:32:02.739+0000] {processor.py:161} INFO - Started process (PID=1044) to work on /home/airflow/.local/lib/python3.8/site-packages/airflow/example_dags/example_params_ui_tutorial.py
[2026-02-10T20:32:02.740+0000] {processor.py:830} INFO - Processing file /home/airflow/.local/lib/python3.8/site-packages/airflow/example_dags/example_params_ui_tutorial.py for tasks to queue
[2026-02-10T20:32:02.742+0000] {logging_mixin.py:188} INFO - [2026-02-10T20:32:02.741+0000] {dagbag.py:538} INFO - Filling up the DagBag from /home/airflow/.local/lib/python3.8/site-packages/airflow/example_dags/example_params_ui_tutorial.py
[2026-02-10T20:32:02.755+0000] {processor.py:840} INFO - DAG(s) 'example_params_ui_tutorial' retrieved from /home/airflow/.local/lib/python3.8/site-packages/airflow/example_dags/example_params_ui_tutorial.py
[2026-02-10T20:32:02.786+0000] {logging_mixin.py:188} INFO - [2026-02-10T20:32:02.786+0000] {dag.py:3036} INFO - Sync 1 DAGs
[2026-02-10T20:32:02.791+0000] {logging_mixin.py:188} INFO - [2026-02-10T20:32:02.791+0000] {dag.py:3823} INFO - Setting next_dagrun for example_params_ui_tutorial to None, run_after=None
[2026-02-10T20:32:02.798+0000] {processor.py:183} INFO - Processing /home/airflow/.local/lib/python3.8/site-packages/airflow/example_dags/example_params_ui_tutorial.py took 0.064 seconds
[2026-02-10T20:32:33.101+0000] {processor.py:161} INFO - Started process (PID=1099) to work on /home/airflow/.local/lib/python3.8/site-packages/airflow/example_dags/example_params_ui_tutorial.py
[2026-02-10T20:32:33.102+0000] {processor.py:830} INFO - Processing file /home/airflow/.local/lib/python3.8/site-packages/airflow/example_dags/example_params_ui_tutorial.py for tasks to queue
[2026-02-10T20:32:33.103+0000] {logging_mixin.py:188} INFO - [2026-02-10T20:32:33.103+0000] {dagbag.py:538} INFO - Filling up the DagBag from /home/airflow/.local/lib/python3.8/site-packages/airflow/example_dags/example_params_ui_tutorial.py
[2026-02-10T20:32:33.108+0000] {processor.py:840} INFO - DAG(s) 'example_params_ui_tutorial' retrieved from /home/airflow/.local/lib/python3.8/site-packages/airflow/example_dags/example_params_ui_tutorial.py
[2026-02-10T20:32:33.131+0000] {logging_mixin.py:188} INFO - [2026-02-10T20:32:33.130+0000] {dag.py:3036} INFO - Sync 1 DAGs
[2026-02-10T20:32:33.135+0000] {logging_mixin.py:188} INFO - [2026-02-10T20:32:33.135+0000] {dag.py:3823} INFO - Setting next_dagrun for example_params_ui_tutorial to None, run_after=None
[2026-02-10T20:32:33.142+0000] {processor.py:183} INFO - Processing /home/airflow/.local/lib/python3.8/site-packages/airflow/example_dags/example_params_ui_tutorial.py took 0.043 seconds
[2026-02-10T20:33:03.603+0000] {processor.py:161} INFO - Started process (PID=1155) to work on /home/airflow/.local/lib/python3.8/site-packages/airflow/example_dags/example_params_ui_tutorial.py
[2026-02-10T20:33:03.604+0000] {processor.py:830} INFO - Processing file /home/airflow/.local/lib/python3.8/site-packages/airflow/example_dags/example_params_ui_tutorial.py for tasks to queue
[2026-02-10T20:33:03.607+0000] {logging_mixin.py:188} INFO - [2026-02-10T20:33:03.607+0000] {dagbag.py:538} INFO - Filling up the DagBag from /home/airflow/.local/lib/python3.8/site-packages/airflow/example_dags/example_params_ui_tutorial.py
[2026-02-10T20:33:03.623+0000] {processor.py:840} INFO - DAG(s) 'example_params_ui_tutorial' retrieved from /home/airflow/.local/lib/python3.8/site-packages/airflow/example_dags/example_params_ui_tutorial.py
[2026-02-10T20:33:03.655+0000] {logging_mixin.py:188} INFO - [2026-02-10T20:33:03.655+0000] {dag.py:3036} INFO - Sync 1 DAGs
[2026-02-10T20:33:03.660+0000] {logging_mixin.py:188} INFO - [2026-02-10T20:33:03.660+0000] {dag.py:3823} INFO - Setting next_dagrun for example_params_ui_tutorial to None, run_after=None
[2026-02-10T20:33:03.669+0000] {processor.py:183} INFO - Processing /home/airflow/.local/lib/python3.8/site-packages/airflow/example_dags/example_params_ui_tutorial.py took 0.072 seconds
[2026-02-10T20:33:33.987+0000] {processor.py:161} INFO - Started process (PID=1211) to work on /home/airflow/.local/lib/python3.8/site-packages/airflow/example_dags/example_params_ui_tutorial.py
[2026-02-10T20:33:33.988+0000] {processor.py:830} INFO - Processing file /home/airflow/.local/lib/python3.8/site-packages/airflow/example_dags/example_params_ui_tutorial.py for tasks to queue
[2026-02-10T20:33:33.989+0000] {logging_mixin.py:188} INFO - [2026-02-10T20:33:33.989+0000] {dagbag.py:538} INFO - Filling up the DagBag from /home/airflow/.local/lib/python3.8/site-packages/airflow/example_dags/example_params_ui_tutorial.py
[2026-02-10T20:33:33.999+0000] {processor.py:840} INFO - DAG(s) 'example_params_ui_tutorial' retrieved from /home/airflow/.local/lib/python3.8/site-packages/airflow/example_dags/example_params_ui_tutorial.py
[2026-02-10T20:33:34.027+0000] {logging_mixin.py:188} INFO - [2026-02-10T20:33:34.027+0000] {dag.py:3036} INFO - Sync 1 DAGs
[2026-02-10T20:33:34.033+0000] {logging_mixin.py:188} INFO - [2026-02-10T20:33:34.033+0000] {dag.py:3823} INFO - Setting next_dagrun for example_params_ui_tutorial to None, run_after=None
[2026-02-10T20:33:34.043+0000] {processor.py:183} INFO - Processing /home/airflow/.local/lib/python3.8/site-packages/airflow/example_dags/example_params_ui_tutorial.py took 0.060 seconds
[2026-02-10T20:34:04.415+0000] {processor.py:161} INFO - Started process (PID=1267) to work on /home/airflow/.local/lib/python3.8/site-packages/airflow/example_dags/example_params_ui_tutorial.py
[2026-02-10T20:34:04.417+0000] {processor.py:830} INFO - Processing file /home/airflow/.local/lib/python3.8/site-packages/airflow/example_dags/example_params_ui_tutorial.py for tasks to queue
[2026-02-10T20:34:04.419+0000] {logging_mixin.py:188} INFO - [2026-02-10T20:34:04.419+0000] {dagbag.py:538} INFO - Filling up the DagBag from /home/airflow/.local/lib/python3.8/site-packages/airflow/example_dags/example_params_ui_tutorial.py
[2026-02-10T20:34:04.436+0000] {processor.py:840} INFO - DAG(s) 'example_params_ui_tutorial' retrieved from /home/airflow/.local/lib/python3.8/site-packages/airflow/example_dags/example_params_ui_tutorial.py
[2026-02-10T20:34:04.465+0000] {logging_mixin.py:188} INFO - [2026-02-10T20:34:04.465+0000] {dag.py:3036} INFO - Sync 1 DAGs
[2026-02-10T20:34:04.474+0000] {logging_mixin.py:188} INFO - [2026-02-10T20:34:04.473+0000] {dag.py:3823} INFO - Setting next_dagrun for example_params_ui_tutorial to None, run_after=None
[2026-02-10T20:34:04.486+0000] {processor.py:183} INFO - Processing /home/airflow/.local/lib/python3.8/site-packages/airflow/example_dags/example_params_ui_tutorial.py took 0.076 seconds
