[2026-02-10T20:22:53.950+0000] {processor.py:161} INFO - Started process (PID=52) to work on /home/airflow/.local/lib/python3.8/site-packages/airflow/example_dags/example_local_kubernetes_executor.py
[2026-02-10T20:22:53.954+0000] {processor.py:830} INFO - Processing file /home/airflow/.local/lib/python3.8/site-packages/airflow/example_dags/example_local_kubernetes_executor.py for tasks to queue
[2026-02-10T20:22:53.957+0000] {logging_mixin.py:188} INFO - [2026-02-10T20:22:53.956+0000] {dagbag.py:538} INFO - Filling up the DagBag from /home/airflow/.local/lib/python3.8/site-packages/airflow/example_dags/example_local_kubernetes_executor.py
[2026-02-10T20:22:53.974+0000] {processor.py:840} INFO - DAG(s) 'example_local_kubernetes_executor' retrieved from /home/airflow/.local/lib/python3.8/site-packages/airflow/example_dags/example_local_kubernetes_executor.py
[2026-02-10T20:22:53.997+0000] {logging_mixin.py:188} INFO - [2026-02-10T20:22:53.996+0000] {dag.py:3036} INFO - Sync 1 DAGs
[2026-02-10T20:22:54.007+0000] {logging_mixin.py:188} INFO - [2026-02-10T20:22:54.007+0000] {dag.py:3823} INFO - Setting next_dagrun for example_local_kubernetes_executor to None, run_after=None
[2026-02-10T20:22:54.029+0000] {processor.py:183} INFO - Processing /home/airflow/.local/lib/python3.8/site-packages/airflow/example_dags/example_local_kubernetes_executor.py took 0.082 seconds
[2026-02-10T20:23:24.202+0000] {processor.py:161} INFO - Started process (PID=107) to work on /home/airflow/.local/lib/python3.8/site-packages/airflow/example_dags/example_local_kubernetes_executor.py
[2026-02-10T20:23:24.203+0000] {processor.py:830} INFO - Processing file /home/airflow/.local/lib/python3.8/site-packages/airflow/example_dags/example_local_kubernetes_executor.py for tasks to queue
[2026-02-10T20:23:24.204+0000] {logging_mixin.py:188} INFO - [2026-02-10T20:23:24.204+0000] {dagbag.py:538} INFO - Filling up the DagBag from /home/airflow/.local/lib/python3.8/site-packages/airflow/example_dags/example_local_kubernetes_executor.py
[2026-02-10T20:23:24.208+0000] {processor.py:840} INFO - DAG(s) 'example_local_kubernetes_executor' retrieved from /home/airflow/.local/lib/python3.8/site-packages/airflow/example_dags/example_local_kubernetes_executor.py
[2026-02-10T20:23:24.250+0000] {logging_mixin.py:188} INFO - [2026-02-10T20:23:24.250+0000] {dag.py:3036} INFO - Sync 1 DAGs
[2026-02-10T20:23:24.254+0000] {logging_mixin.py:188} INFO - [2026-02-10T20:23:24.254+0000] {dag.py:3823} INFO - Setting next_dagrun for example_local_kubernetes_executor to None, run_after=None
[2026-02-10T20:23:24.260+0000] {processor.py:183} INFO - Processing /home/airflow/.local/lib/python3.8/site-packages/airflow/example_dags/example_local_kubernetes_executor.py took 0.059 seconds
[2026-02-10T20:23:55.224+0000] {processor.py:161} INFO - Started process (PID=162) to work on /home/airflow/.local/lib/python3.8/site-packages/airflow/example_dags/example_local_kubernetes_executor.py
[2026-02-10T20:23:55.225+0000] {processor.py:830} INFO - Processing file /home/airflow/.local/lib/python3.8/site-packages/airflow/example_dags/example_local_kubernetes_executor.py for tasks to queue
[2026-02-10T20:23:55.226+0000] {logging_mixin.py:188} INFO - [2026-02-10T20:23:55.226+0000] {dagbag.py:538} INFO - Filling up the DagBag from /home/airflow/.local/lib/python3.8/site-packages/airflow/example_dags/example_local_kubernetes_executor.py
[2026-02-10T20:23:55.229+0000] {processor.py:840} INFO - DAG(s) 'example_local_kubernetes_executor' retrieved from /home/airflow/.local/lib/python3.8/site-packages/airflow/example_dags/example_local_kubernetes_executor.py
[2026-02-10T20:23:55.242+0000] {logging_mixin.py:188} INFO - [2026-02-10T20:23:55.242+0000] {dag.py:3036} INFO - Sync 1 DAGs
[2026-02-10T20:23:55.247+0000] {logging_mixin.py:188} INFO - [2026-02-10T20:23:55.247+0000] {dag.py:3823} INFO - Setting next_dagrun for example_local_kubernetes_executor to None, run_after=None
[2026-02-10T20:23:55.255+0000] {processor.py:183} INFO - Processing /home/airflow/.local/lib/python3.8/site-packages/airflow/example_dags/example_local_kubernetes_executor.py took 0.032 seconds
[2026-02-10T20:24:25.647+0000] {processor.py:161} INFO - Started process (PID=217) to work on /home/airflow/.local/lib/python3.8/site-packages/airflow/example_dags/example_local_kubernetes_executor.py
[2026-02-10T20:24:25.647+0000] {processor.py:830} INFO - Processing file /home/airflow/.local/lib/python3.8/site-packages/airflow/example_dags/example_local_kubernetes_executor.py for tasks to queue
[2026-02-10T20:24:25.648+0000] {logging_mixin.py:188} INFO - [2026-02-10T20:24:25.648+0000] {dagbag.py:538} INFO - Filling up the DagBag from /home/airflow/.local/lib/python3.8/site-packages/airflow/example_dags/example_local_kubernetes_executor.py
[2026-02-10T20:24:25.651+0000] {processor.py:840} INFO - DAG(s) 'example_local_kubernetes_executor' retrieved from /home/airflow/.local/lib/python3.8/site-packages/airflow/example_dags/example_local_kubernetes_executor.py
[2026-02-10T20:24:25.662+0000] {logging_mixin.py:188} INFO - [2026-02-10T20:24:25.662+0000] {dag.py:3036} INFO - Sync 1 DAGs
[2026-02-10T20:24:25.666+0000] {logging_mixin.py:188} INFO - [2026-02-10T20:24:25.666+0000] {dag.py:3823} INFO - Setting next_dagrun for example_local_kubernetes_executor to None, run_after=None
[2026-02-10T20:24:25.671+0000] {processor.py:183} INFO - Processing /home/airflow/.local/lib/python3.8/site-packages/airflow/example_dags/example_local_kubernetes_executor.py took 0.025 seconds
[2026-02-10T20:24:56.151+0000] {processor.py:161} INFO - Started process (PID=272) to work on /home/airflow/.local/lib/python3.8/site-packages/airflow/example_dags/example_local_kubernetes_executor.py
[2026-02-10T20:24:56.151+0000] {processor.py:830} INFO - Processing file /home/airflow/.local/lib/python3.8/site-packages/airflow/example_dags/example_local_kubernetes_executor.py for tasks to queue
[2026-02-10T20:24:56.152+0000] {logging_mixin.py:188} INFO - [2026-02-10T20:24:56.152+0000] {dagbag.py:538} INFO - Filling up the DagBag from /home/airflow/.local/lib/python3.8/site-packages/airflow/example_dags/example_local_kubernetes_executor.py
[2026-02-10T20:24:56.157+0000] {processor.py:840} INFO - DAG(s) 'example_local_kubernetes_executor' retrieved from /home/airflow/.local/lib/python3.8/site-packages/airflow/example_dags/example_local_kubernetes_executor.py
[2026-02-10T20:24:56.172+0000] {logging_mixin.py:188} INFO - [2026-02-10T20:24:56.172+0000] {dag.py:3036} INFO - Sync 1 DAGs
[2026-02-10T20:24:56.181+0000] {logging_mixin.py:188} INFO - [2026-02-10T20:24:56.181+0000] {dag.py:3823} INFO - Setting next_dagrun for example_local_kubernetes_executor to None, run_after=None
[2026-02-10T20:24:56.190+0000] {processor.py:183} INFO - Processing /home/airflow/.local/lib/python3.8/site-packages/airflow/example_dags/example_local_kubernetes_executor.py took 0.041 seconds
[2026-02-10T20:25:26.755+0000] {processor.py:161} INFO - Started process (PID=327) to work on /home/airflow/.local/lib/python3.8/site-packages/airflow/example_dags/example_local_kubernetes_executor.py
[2026-02-10T20:25:26.756+0000] {processor.py:830} INFO - Processing file /home/airflow/.local/lib/python3.8/site-packages/airflow/example_dags/example_local_kubernetes_executor.py for tasks to queue
[2026-02-10T20:25:26.756+0000] {logging_mixin.py:188} INFO - [2026-02-10T20:25:26.756+0000] {dagbag.py:538} INFO - Filling up the DagBag from /home/airflow/.local/lib/python3.8/site-packages/airflow/example_dags/example_local_kubernetes_executor.py
[2026-02-10T20:25:26.760+0000] {processor.py:840} INFO - DAG(s) 'example_local_kubernetes_executor' retrieved from /home/airflow/.local/lib/python3.8/site-packages/airflow/example_dags/example_local_kubernetes_executor.py
[2026-02-10T20:25:26.775+0000] {logging_mixin.py:188} INFO - [2026-02-10T20:25:26.775+0000] {dag.py:3036} INFO - Sync 1 DAGs
[2026-02-10T20:25:26.782+0000] {logging_mixin.py:188} INFO - [2026-02-10T20:25:26.782+0000] {dag.py:3823} INFO - Setting next_dagrun for example_local_kubernetes_executor to None, run_after=None
[2026-02-10T20:25:26.794+0000] {processor.py:183} INFO - Processing /home/airflow/.local/lib/python3.8/site-packages/airflow/example_dags/example_local_kubernetes_executor.py took 0.041 seconds
[2026-02-10T20:25:57.230+0000] {processor.py:161} INFO - Started process (PID=388) to work on /home/airflow/.local/lib/python3.8/site-packages/airflow/example_dags/example_local_kubernetes_executor.py
[2026-02-10T20:25:57.231+0000] {processor.py:830} INFO - Processing file /home/airflow/.local/lib/python3.8/site-packages/airflow/example_dags/example_local_kubernetes_executor.py for tasks to queue
[2026-02-10T20:25:57.232+0000] {logging_mixin.py:188} INFO - [2026-02-10T20:25:57.232+0000] {dagbag.py:538} INFO - Filling up the DagBag from /home/airflow/.local/lib/python3.8/site-packages/airflow/example_dags/example_local_kubernetes_executor.py
[2026-02-10T20:25:57.243+0000] {processor.py:840} INFO - DAG(s) 'example_local_kubernetes_executor' retrieved from /home/airflow/.local/lib/python3.8/site-packages/airflow/example_dags/example_local_kubernetes_executor.py
[2026-02-10T20:25:57.258+0000] {logging_mixin.py:188} INFO - [2026-02-10T20:25:57.258+0000] {dag.py:3036} INFO - Sync 1 DAGs
[2026-02-10T20:25:57.262+0000] {logging_mixin.py:188} INFO - [2026-02-10T20:25:57.262+0000] {dag.py:3823} INFO - Setting next_dagrun for example_local_kubernetes_executor to None, run_after=None
[2026-02-10T20:25:57.274+0000] {processor.py:183} INFO - Processing /home/airflow/.local/lib/python3.8/site-packages/airflow/example_dags/example_local_kubernetes_executor.py took 0.046 seconds
[2026-02-10T20:26:27.643+0000] {processor.py:161} INFO - Started process (PID=443) to work on /home/airflow/.local/lib/python3.8/site-packages/airflow/example_dags/example_local_kubernetes_executor.py
[2026-02-10T20:26:27.644+0000] {processor.py:830} INFO - Processing file /home/airflow/.local/lib/python3.8/site-packages/airflow/example_dags/example_local_kubernetes_executor.py for tasks to queue
[2026-02-10T20:26:27.645+0000] {logging_mixin.py:188} INFO - [2026-02-10T20:26:27.645+0000] {dagbag.py:538} INFO - Filling up the DagBag from /home/airflow/.local/lib/python3.8/site-packages/airflow/example_dags/example_local_kubernetes_executor.py
[2026-02-10T20:26:27.649+0000] {processor.py:840} INFO - DAG(s) 'example_local_kubernetes_executor' retrieved from /home/airflow/.local/lib/python3.8/site-packages/airflow/example_dags/example_local_kubernetes_executor.py
[2026-02-10T20:26:27.667+0000] {logging_mixin.py:188} INFO - [2026-02-10T20:26:27.667+0000] {dag.py:3036} INFO - Sync 1 DAGs
[2026-02-10T20:26:27.671+0000] {logging_mixin.py:188} INFO - [2026-02-10T20:26:27.671+0000] {dag.py:3823} INFO - Setting next_dagrun for example_local_kubernetes_executor to None, run_after=None
[2026-02-10T20:26:27.677+0000] {processor.py:183} INFO - Processing /home/airflow/.local/lib/python3.8/site-packages/airflow/example_dags/example_local_kubernetes_executor.py took 0.036 seconds
[2026-02-10T20:26:58.030+0000] {processor.py:161} INFO - Started process (PID=498) to work on /home/airflow/.local/lib/python3.8/site-packages/airflow/example_dags/example_local_kubernetes_executor.py
[2026-02-10T20:26:58.031+0000] {processor.py:830} INFO - Processing file /home/airflow/.local/lib/python3.8/site-packages/airflow/example_dags/example_local_kubernetes_executor.py for tasks to queue
[2026-02-10T20:26:58.031+0000] {logging_mixin.py:188} INFO - [2026-02-10T20:26:58.031+0000] {dagbag.py:538} INFO - Filling up the DagBag from /home/airflow/.local/lib/python3.8/site-packages/airflow/example_dags/example_local_kubernetes_executor.py
[2026-02-10T20:26:58.034+0000] {processor.py:840} INFO - DAG(s) 'example_local_kubernetes_executor' retrieved from /home/airflow/.local/lib/python3.8/site-packages/airflow/example_dags/example_local_kubernetes_executor.py
[2026-02-10T20:26:58.049+0000] {logging_mixin.py:188} INFO - [2026-02-10T20:26:58.049+0000] {dag.py:3036} INFO - Sync 1 DAGs
[2026-02-10T20:26:58.055+0000] {logging_mixin.py:188} INFO - [2026-02-10T20:26:58.054+0000] {dag.py:3823} INFO - Setting next_dagrun for example_local_kubernetes_executor to None, run_after=None
[2026-02-10T20:26:58.063+0000] {processor.py:183} INFO - Processing /home/airflow/.local/lib/python3.8/site-packages/airflow/example_dags/example_local_kubernetes_executor.py took 0.034 seconds
[2026-02-10T20:27:28.387+0000] {processor.py:161} INFO - Started process (PID=553) to work on /home/airflow/.local/lib/python3.8/site-packages/airflow/example_dags/example_local_kubernetes_executor.py
[2026-02-10T20:27:28.388+0000] {processor.py:830} INFO - Processing file /home/airflow/.local/lib/python3.8/site-packages/airflow/example_dags/example_local_kubernetes_executor.py for tasks to queue
[2026-02-10T20:27:28.389+0000] {logging_mixin.py:188} INFO - [2026-02-10T20:27:28.389+0000] {dagbag.py:538} INFO - Filling up the DagBag from /home/airflow/.local/lib/python3.8/site-packages/airflow/example_dags/example_local_kubernetes_executor.py
[2026-02-10T20:27:28.393+0000] {processor.py:840} INFO - DAG(s) 'example_local_kubernetes_executor' retrieved from /home/airflow/.local/lib/python3.8/site-packages/airflow/example_dags/example_local_kubernetes_executor.py
[2026-02-10T20:27:28.409+0000] {logging_mixin.py:188} INFO - [2026-02-10T20:27:28.409+0000] {dag.py:3036} INFO - Sync 1 DAGs
[2026-02-10T20:27:28.414+0000] {logging_mixin.py:188} INFO - [2026-02-10T20:27:28.414+0000] {dag.py:3823} INFO - Setting next_dagrun for example_local_kubernetes_executor to None, run_after=None
[2026-02-10T20:27:28.424+0000] {processor.py:183} INFO - Processing /home/airflow/.local/lib/python3.8/site-packages/airflow/example_dags/example_local_kubernetes_executor.py took 0.038 seconds
[2026-02-10T20:27:58.827+0000] {processor.py:161} INFO - Started process (PID=607) to work on /home/airflow/.local/lib/python3.8/site-packages/airflow/example_dags/example_local_kubernetes_executor.py
[2026-02-10T20:27:58.828+0000] {processor.py:830} INFO - Processing file /home/airflow/.local/lib/python3.8/site-packages/airflow/example_dags/example_local_kubernetes_executor.py for tasks to queue
[2026-02-10T20:27:58.828+0000] {logging_mixin.py:188} INFO - [2026-02-10T20:27:58.828+0000] {dagbag.py:538} INFO - Filling up the DagBag from /home/airflow/.local/lib/python3.8/site-packages/airflow/example_dags/example_local_kubernetes_executor.py
[2026-02-10T20:27:58.831+0000] {processor.py:840} INFO - DAG(s) 'example_local_kubernetes_executor' retrieved from /home/airflow/.local/lib/python3.8/site-packages/airflow/example_dags/example_local_kubernetes_executor.py
[2026-02-10T20:27:58.843+0000] {logging_mixin.py:188} INFO - [2026-02-10T20:27:58.843+0000] {dag.py:3036} INFO - Sync 1 DAGs
[2026-02-10T20:27:58.847+0000] {logging_mixin.py:188} INFO - [2026-02-10T20:27:58.847+0000] {dag.py:3823} INFO - Setting next_dagrun for example_local_kubernetes_executor to None, run_after=None
[2026-02-10T20:27:58.852+0000] {processor.py:183} INFO - Processing /home/airflow/.local/lib/python3.8/site-packages/airflow/example_dags/example_local_kubernetes_executor.py took 0.026 seconds
[2026-02-10T20:28:29.433+0000] {processor.py:161} INFO - Started process (PID=662) to work on /home/airflow/.local/lib/python3.8/site-packages/airflow/example_dags/example_local_kubernetes_executor.py
[2026-02-10T20:28:29.433+0000] {processor.py:830} INFO - Processing file /home/airflow/.local/lib/python3.8/site-packages/airflow/example_dags/example_local_kubernetes_executor.py for tasks to queue
[2026-02-10T20:28:29.434+0000] {logging_mixin.py:188} INFO - [2026-02-10T20:28:29.434+0000] {dagbag.py:538} INFO - Filling up the DagBag from /home/airflow/.local/lib/python3.8/site-packages/airflow/example_dags/example_local_kubernetes_executor.py
[2026-02-10T20:28:29.437+0000] {processor.py:840} INFO - DAG(s) 'example_local_kubernetes_executor' retrieved from /home/airflow/.local/lib/python3.8/site-packages/airflow/example_dags/example_local_kubernetes_executor.py
[2026-02-10T20:28:29.451+0000] {logging_mixin.py:188} INFO - [2026-02-10T20:28:29.451+0000] {dag.py:3036} INFO - Sync 1 DAGs
[2026-02-10T20:28:29.458+0000] {logging_mixin.py:188} INFO - [2026-02-10T20:28:29.458+0000] {dag.py:3823} INFO - Setting next_dagrun for example_local_kubernetes_executor to None, run_after=None
[2026-02-10T20:28:29.465+0000] {processor.py:183} INFO - Processing /home/airflow/.local/lib/python3.8/site-packages/airflow/example_dags/example_local_kubernetes_executor.py took 0.034 seconds
[2026-02-10T20:29:00.039+0000] {processor.py:161} INFO - Started process (PID=717) to work on /home/airflow/.local/lib/python3.8/site-packages/airflow/example_dags/example_local_kubernetes_executor.py
[2026-02-10T20:29:00.040+0000] {processor.py:830} INFO - Processing file /home/airflow/.local/lib/python3.8/site-packages/airflow/example_dags/example_local_kubernetes_executor.py for tasks to queue
[2026-02-10T20:29:00.041+0000] {logging_mixin.py:188} INFO - [2026-02-10T20:29:00.041+0000] {dagbag.py:538} INFO - Filling up the DagBag from /home/airflow/.local/lib/python3.8/site-packages/airflow/example_dags/example_local_kubernetes_executor.py
[2026-02-10T20:29:00.044+0000] {processor.py:840} INFO - DAG(s) 'example_local_kubernetes_executor' retrieved from /home/airflow/.local/lib/python3.8/site-packages/airflow/example_dags/example_local_kubernetes_executor.py
[2026-02-10T20:29:00.062+0000] {logging_mixin.py:188} INFO - [2026-02-10T20:29:00.062+0000] {dag.py:3036} INFO - Sync 1 DAGs
[2026-02-10T20:29:00.067+0000] {logging_mixin.py:188} INFO - [2026-02-10T20:29:00.067+0000] {dag.py:3823} INFO - Setting next_dagrun for example_local_kubernetes_executor to None, run_after=None
[2026-02-10T20:29:00.079+0000] {processor.py:183} INFO - Processing /home/airflow/.local/lib/python3.8/site-packages/airflow/example_dags/example_local_kubernetes_executor.py took 0.041 seconds
[2026-02-10T20:29:30.682+0000] {processor.py:161} INFO - Started process (PID=772) to work on /home/airflow/.local/lib/python3.8/site-packages/airflow/example_dags/example_local_kubernetes_executor.py
[2026-02-10T20:29:30.684+0000] {processor.py:830} INFO - Processing file /home/airflow/.local/lib/python3.8/site-packages/airflow/example_dags/example_local_kubernetes_executor.py for tasks to queue
[2026-02-10T20:29:30.685+0000] {logging_mixin.py:188} INFO - [2026-02-10T20:29:30.685+0000] {dagbag.py:538} INFO - Filling up the DagBag from /home/airflow/.local/lib/python3.8/site-packages/airflow/example_dags/example_local_kubernetes_executor.py
[2026-02-10T20:29:30.688+0000] {processor.py:840} INFO - DAG(s) 'example_local_kubernetes_executor' retrieved from /home/airflow/.local/lib/python3.8/site-packages/airflow/example_dags/example_local_kubernetes_executor.py
[2026-02-10T20:29:30.704+0000] {logging_mixin.py:188} INFO - [2026-02-10T20:29:30.704+0000] {dag.py:3036} INFO - Sync 1 DAGs
[2026-02-10T20:29:30.709+0000] {logging_mixin.py:188} INFO - [2026-02-10T20:29:30.709+0000] {dag.py:3823} INFO - Setting next_dagrun for example_local_kubernetes_executor to None, run_after=None
[2026-02-10T20:29:30.716+0000] {processor.py:183} INFO - Processing /home/airflow/.local/lib/python3.8/site-packages/airflow/example_dags/example_local_kubernetes_executor.py took 0.035 seconds
[2026-02-10T20:30:01.173+0000] {processor.py:161} INFO - Started process (PID=827) to work on /home/airflow/.local/lib/python3.8/site-packages/airflow/example_dags/example_local_kubernetes_executor.py
[2026-02-10T20:30:01.174+0000] {processor.py:830} INFO - Processing file /home/airflow/.local/lib/python3.8/site-packages/airflow/example_dags/example_local_kubernetes_executor.py for tasks to queue
[2026-02-10T20:30:01.175+0000] {logging_mixin.py:188} INFO - [2026-02-10T20:30:01.175+0000] {dagbag.py:538} INFO - Filling up the DagBag from /home/airflow/.local/lib/python3.8/site-packages/airflow/example_dags/example_local_kubernetes_executor.py
[2026-02-10T20:30:01.179+0000] {processor.py:840} INFO - DAG(s) 'example_local_kubernetes_executor' retrieved from /home/airflow/.local/lib/python3.8/site-packages/airflow/example_dags/example_local_kubernetes_executor.py
[2026-02-10T20:30:01.195+0000] {logging_mixin.py:188} INFO - [2026-02-10T20:30:01.194+0000] {dag.py:3036} INFO - Sync 1 DAGs
[2026-02-10T20:30:01.201+0000] {logging_mixin.py:188} INFO - [2026-02-10T20:30:01.201+0000] {dag.py:3823} INFO - Setting next_dagrun for example_local_kubernetes_executor to None, run_after=None
[2026-02-10T20:30:01.215+0000] {processor.py:183} INFO - Processing /home/airflow/.local/lib/python3.8/site-packages/airflow/example_dags/example_local_kubernetes_executor.py took 0.044 seconds
[2026-02-10T20:30:31.615+0000] {processor.py:161} INFO - Started process (PID=882) to work on /home/airflow/.local/lib/python3.8/site-packages/airflow/example_dags/example_local_kubernetes_executor.py
[2026-02-10T20:30:31.615+0000] {processor.py:830} INFO - Processing file /home/airflow/.local/lib/python3.8/site-packages/airflow/example_dags/example_local_kubernetes_executor.py for tasks to queue
[2026-02-10T20:30:31.616+0000] {logging_mixin.py:188} INFO - [2026-02-10T20:30:31.616+0000] {dagbag.py:538} INFO - Filling up the DagBag from /home/airflow/.local/lib/python3.8/site-packages/airflow/example_dags/example_local_kubernetes_executor.py
[2026-02-10T20:30:31.619+0000] {processor.py:840} INFO - DAG(s) 'example_local_kubernetes_executor' retrieved from /home/airflow/.local/lib/python3.8/site-packages/airflow/example_dags/example_local_kubernetes_executor.py
[2026-02-10T20:30:31.633+0000] {logging_mixin.py:188} INFO - [2026-02-10T20:30:31.633+0000] {dag.py:3036} INFO - Sync 1 DAGs
[2026-02-10T20:30:31.638+0000] {logging_mixin.py:188} INFO - [2026-02-10T20:30:31.637+0000] {dag.py:3823} INFO - Setting next_dagrun for example_local_kubernetes_executor to None, run_after=None
[2026-02-10T20:30:31.647+0000] {processor.py:183} INFO - Processing /home/airflow/.local/lib/python3.8/site-packages/airflow/example_dags/example_local_kubernetes_executor.py took 0.034 seconds
[2026-02-10T20:31:02.030+0000] {processor.py:161} INFO - Started process (PID=937) to work on /home/airflow/.local/lib/python3.8/site-packages/airflow/example_dags/example_local_kubernetes_executor.py
[2026-02-10T20:31:02.030+0000] {processor.py:830} INFO - Processing file /home/airflow/.local/lib/python3.8/site-packages/airflow/example_dags/example_local_kubernetes_executor.py for tasks to queue
[2026-02-10T20:31:02.031+0000] {logging_mixin.py:188} INFO - [2026-02-10T20:31:02.031+0000] {dagbag.py:538} INFO - Filling up the DagBag from /home/airflow/.local/lib/python3.8/site-packages/airflow/example_dags/example_local_kubernetes_executor.py
[2026-02-10T20:31:02.035+0000] {processor.py:840} INFO - DAG(s) 'example_local_kubernetes_executor' retrieved from /home/airflow/.local/lib/python3.8/site-packages/airflow/example_dags/example_local_kubernetes_executor.py
[2026-02-10T20:31:02.047+0000] {logging_mixin.py:188} INFO - [2026-02-10T20:31:02.047+0000] {dag.py:3036} INFO - Sync 1 DAGs
[2026-02-10T20:31:02.052+0000] {logging_mixin.py:188} INFO - [2026-02-10T20:31:02.052+0000] {dag.py:3823} INFO - Setting next_dagrun for example_local_kubernetes_executor to None, run_after=None
[2026-02-10T20:31:02.059+0000] {processor.py:183} INFO - Processing /home/airflow/.local/lib/python3.8/site-packages/airflow/example_dags/example_local_kubernetes_executor.py took 0.030 seconds
[2026-02-10T20:31:32.439+0000] {processor.py:161} INFO - Started process (PID=992) to work on /home/airflow/.local/lib/python3.8/site-packages/airflow/example_dags/example_local_kubernetes_executor.py
[2026-02-10T20:31:32.441+0000] {processor.py:830} INFO - Processing file /home/airflow/.local/lib/python3.8/site-packages/airflow/example_dags/example_local_kubernetes_executor.py for tasks to queue
[2026-02-10T20:31:32.441+0000] {logging_mixin.py:188} INFO - [2026-02-10T20:31:32.441+0000] {dagbag.py:538} INFO - Filling up the DagBag from /home/airflow/.local/lib/python3.8/site-packages/airflow/example_dags/example_local_kubernetes_executor.py
[2026-02-10T20:31:32.445+0000] {processor.py:840} INFO - DAG(s) 'example_local_kubernetes_executor' retrieved from /home/airflow/.local/lib/python3.8/site-packages/airflow/example_dags/example_local_kubernetes_executor.py
[2026-02-10T20:31:32.458+0000] {logging_mixin.py:188} INFO - [2026-02-10T20:31:32.458+0000] {dag.py:3036} INFO - Sync 1 DAGs
[2026-02-10T20:31:32.463+0000] {logging_mixin.py:188} INFO - [2026-02-10T20:31:32.463+0000] {dag.py:3823} INFO - Setting next_dagrun for example_local_kubernetes_executor to None, run_after=None
[2026-02-10T20:31:32.472+0000] {processor.py:183} INFO - Processing /home/airflow/.local/lib/python3.8/site-packages/airflow/example_dags/example_local_kubernetes_executor.py took 0.034 seconds
[2026-02-10T20:32:02.841+0000] {processor.py:161} INFO - Started process (PID=1047) to work on /home/airflow/.local/lib/python3.8/site-packages/airflow/example_dags/example_local_kubernetes_executor.py
[2026-02-10T20:32:02.841+0000] {processor.py:830} INFO - Processing file /home/airflow/.local/lib/python3.8/site-packages/airflow/example_dags/example_local_kubernetes_executor.py for tasks to queue
[2026-02-10T20:32:02.842+0000] {logging_mixin.py:188} INFO - [2026-02-10T20:32:02.842+0000] {dagbag.py:538} INFO - Filling up the DagBag from /home/airflow/.local/lib/python3.8/site-packages/airflow/example_dags/example_local_kubernetes_executor.py
[2026-02-10T20:32:02.846+0000] {processor.py:840} INFO - DAG(s) 'example_local_kubernetes_executor' retrieved from /home/airflow/.local/lib/python3.8/site-packages/airflow/example_dags/example_local_kubernetes_executor.py
[2026-02-10T20:32:02.861+0000] {logging_mixin.py:188} INFO - [2026-02-10T20:32:02.861+0000] {dag.py:3036} INFO - Sync 1 DAGs
[2026-02-10T20:32:02.866+0000] {logging_mixin.py:188} INFO - [2026-02-10T20:32:02.865+0000] {dag.py:3823} INFO - Setting next_dagrun for example_local_kubernetes_executor to None, run_after=None
[2026-02-10T20:32:02.881+0000] {processor.py:183} INFO - Processing /home/airflow/.local/lib/python3.8/site-packages/airflow/example_dags/example_local_kubernetes_executor.py took 0.042 seconds
[2026-02-10T20:32:33.190+0000] {processor.py:161} INFO - Started process (PID=1102) to work on /home/airflow/.local/lib/python3.8/site-packages/airflow/example_dags/example_local_kubernetes_executor.py
[2026-02-10T20:32:33.191+0000] {processor.py:830} INFO - Processing file /home/airflow/.local/lib/python3.8/site-packages/airflow/example_dags/example_local_kubernetes_executor.py for tasks to queue
[2026-02-10T20:32:33.193+0000] {logging_mixin.py:188} INFO - [2026-02-10T20:32:33.192+0000] {dagbag.py:538} INFO - Filling up the DagBag from /home/airflow/.local/lib/python3.8/site-packages/airflow/example_dags/example_local_kubernetes_executor.py
[2026-02-10T20:32:33.197+0000] {processor.py:840} INFO - DAG(s) 'example_local_kubernetes_executor' retrieved from /home/airflow/.local/lib/python3.8/site-packages/airflow/example_dags/example_local_kubernetes_executor.py
[2026-02-10T20:32:33.209+0000] {logging_mixin.py:188} INFO - [2026-02-10T20:32:33.209+0000] {dag.py:3036} INFO - Sync 1 DAGs
[2026-02-10T20:32:33.214+0000] {logging_mixin.py:188} INFO - [2026-02-10T20:32:33.214+0000] {dag.py:3823} INFO - Setting next_dagrun for example_local_kubernetes_executor to None, run_after=None
[2026-02-10T20:32:33.223+0000] {processor.py:183} INFO - Processing /home/airflow/.local/lib/python3.8/site-packages/airflow/example_dags/example_local_kubernetes_executor.py took 0.034 seconds
[2026-02-10T20:33:03.725+0000] {processor.py:161} INFO - Started process (PID=1158) to work on /home/airflow/.local/lib/python3.8/site-packages/airflow/example_dags/example_local_kubernetes_executor.py
[2026-02-10T20:33:03.726+0000] {processor.py:830} INFO - Processing file /home/airflow/.local/lib/python3.8/site-packages/airflow/example_dags/example_local_kubernetes_executor.py for tasks to queue
[2026-02-10T20:33:03.727+0000] {logging_mixin.py:188} INFO - [2026-02-10T20:33:03.726+0000] {dagbag.py:538} INFO - Filling up the DagBag from /home/airflow/.local/lib/python3.8/site-packages/airflow/example_dags/example_local_kubernetes_executor.py
[2026-02-10T20:33:03.731+0000] {processor.py:840} INFO - DAG(s) 'example_local_kubernetes_executor' retrieved from /home/airflow/.local/lib/python3.8/site-packages/airflow/example_dags/example_local_kubernetes_executor.py
[2026-02-10T20:33:03.748+0000] {logging_mixin.py:188} INFO - [2026-02-10T20:33:03.747+0000] {dag.py:3036} INFO - Sync 1 DAGs
[2026-02-10T20:33:03.752+0000] {logging_mixin.py:188} INFO - [2026-02-10T20:33:03.752+0000] {dag.py:3823} INFO - Setting next_dagrun for example_local_kubernetes_executor to None, run_after=None
[2026-02-10T20:33:03.761+0000] {processor.py:183} INFO - Processing /home/airflow/.local/lib/python3.8/site-packages/airflow/example_dags/example_local_kubernetes_executor.py took 0.038 seconds
[2026-02-10T20:33:34.092+0000] {processor.py:161} INFO - Started process (PID=1214) to work on /home/airflow/.local/lib/python3.8/site-packages/airflow/example_dags/example_local_kubernetes_executor.py
[2026-02-10T20:33:34.092+0000] {processor.py:830} INFO - Processing file /home/airflow/.local/lib/python3.8/site-packages/airflow/example_dags/example_local_kubernetes_executor.py for tasks to queue
[2026-02-10T20:33:34.093+0000] {logging_mixin.py:188} INFO - [2026-02-10T20:33:34.093+0000] {dagbag.py:538} INFO - Filling up the DagBag from /home/airflow/.local/lib/python3.8/site-packages/airflow/example_dags/example_local_kubernetes_executor.py
[2026-02-10T20:33:34.096+0000] {processor.py:840} INFO - DAG(s) 'example_local_kubernetes_executor' retrieved from /home/airflow/.local/lib/python3.8/site-packages/airflow/example_dags/example_local_kubernetes_executor.py
[2026-02-10T20:33:34.110+0000] {logging_mixin.py:188} INFO - [2026-02-10T20:33:34.110+0000] {dag.py:3036} INFO - Sync 1 DAGs
[2026-02-10T20:33:34.115+0000] {logging_mixin.py:188} INFO - [2026-02-10T20:33:34.115+0000] {dag.py:3823} INFO - Setting next_dagrun for example_local_kubernetes_executor to None, run_after=None
[2026-02-10T20:33:34.123+0000] {processor.py:183} INFO - Processing /home/airflow/.local/lib/python3.8/site-packages/airflow/example_dags/example_local_kubernetes_executor.py took 0.033 seconds
[2026-02-10T20:34:04.533+0000] {processor.py:161} INFO - Started process (PID=1270) to work on /home/airflow/.local/lib/python3.8/site-packages/airflow/example_dags/example_local_kubernetes_executor.py
[2026-02-10T20:34:04.533+0000] {processor.py:830} INFO - Processing file /home/airflow/.local/lib/python3.8/site-packages/airflow/example_dags/example_local_kubernetes_executor.py for tasks to queue
[2026-02-10T20:34:04.534+0000] {logging_mixin.py:188} INFO - [2026-02-10T20:34:04.534+0000] {dagbag.py:538} INFO - Filling up the DagBag from /home/airflow/.local/lib/python3.8/site-packages/airflow/example_dags/example_local_kubernetes_executor.py
[2026-02-10T20:34:04.537+0000] {processor.py:840} INFO - DAG(s) 'example_local_kubernetes_executor' retrieved from /home/airflow/.local/lib/python3.8/site-packages/airflow/example_dags/example_local_kubernetes_executor.py
[2026-02-10T20:34:04.551+0000] {logging_mixin.py:188} INFO - [2026-02-10T20:34:04.551+0000] {dag.py:3036} INFO - Sync 1 DAGs
[2026-02-10T20:34:04.555+0000] {logging_mixin.py:188} INFO - [2026-02-10T20:34:04.555+0000] {dag.py:3823} INFO - Setting next_dagrun for example_local_kubernetes_executor to None, run_after=None
[2026-02-10T20:34:04.562+0000] {processor.py:183} INFO - Processing /home/airflow/.local/lib/python3.8/site-packages/airflow/example_dags/example_local_kubernetes_executor.py took 0.030 seconds
