[2026-02-10T20:22:53.514+0000] {processor.py:161} INFO - Started process (PID=43) to work on /home/airflow/.local/lib/python3.8/site-packages/airflow/example_dags/example_branch_day_of_week_operator.py
[2026-02-10T20:22:53.515+0000] {processor.py:830} INFO - Processing file /home/airflow/.local/lib/python3.8/site-packages/airflow/example_dags/example_branch_day_of_week_operator.py for tasks to queue
[2026-02-10T20:22:53.518+0000] {logging_mixin.py:188} INFO - [2026-02-10T20:22:53.518+0000] {dagbag.py:538} INFO - Filling up the DagBag from /home/airflow/.local/lib/python3.8/site-packages/airflow/example_dags/example_branch_day_of_week_operator.py
[2026-02-10T20:22:53.527+0000] {processor.py:840} INFO - DAG(s) 'example_weekday_branch_operator' retrieved from /home/airflow/.local/lib/python3.8/site-packages/airflow/example_dags/example_branch_day_of_week_operator.py
[2026-02-10T20:22:53.554+0000] {logging_mixin.py:188} INFO - [2026-02-10T20:22:53.553+0000] {dag.py:3036} INFO - Sync 1 DAGs
[2026-02-10T20:22:53.581+0000] {logging_mixin.py:188} INFO - [2026-02-10T20:22:53.581+0000] {dag.py:3823} INFO - Setting next_dagrun for example_weekday_branch_operator to 2026-02-09 00:00:00+00:00, run_after=2026-02-10 00:00:00+00:00
[2026-02-10T20:22:53.597+0000] {processor.py:183} INFO - Processing /home/airflow/.local/lib/python3.8/site-packages/airflow/example_dags/example_branch_day_of_week_operator.py took 0.086 seconds
[2026-02-10T20:23:23.689+0000] {processor.py:161} INFO - Started process (PID=98) to work on /home/airflow/.local/lib/python3.8/site-packages/airflow/example_dags/example_branch_day_of_week_operator.py
[2026-02-10T20:23:23.690+0000] {processor.py:830} INFO - Processing file /home/airflow/.local/lib/python3.8/site-packages/airflow/example_dags/example_branch_day_of_week_operator.py for tasks to queue
[2026-02-10T20:23:23.692+0000] {logging_mixin.py:188} INFO - [2026-02-10T20:23:23.692+0000] {dagbag.py:538} INFO - Filling up the DagBag from /home/airflow/.local/lib/python3.8/site-packages/airflow/example_dags/example_branch_day_of_week_operator.py
[2026-02-10T20:23:23.706+0000] {processor.py:840} INFO - DAG(s) 'example_weekday_branch_operator' retrieved from /home/airflow/.local/lib/python3.8/site-packages/airflow/example_dags/example_branch_day_of_week_operator.py
[2026-02-10T20:23:23.808+0000] {logging_mixin.py:188} INFO - [2026-02-10T20:23:23.808+0000] {dag.py:3036} INFO - Sync 1 DAGs
[2026-02-10T20:23:23.816+0000] {logging_mixin.py:188} INFO - [2026-02-10T20:23:23.816+0000] {dag.py:3823} INFO - Setting next_dagrun for example_weekday_branch_operator to 2026-02-09 00:00:00+00:00, run_after=2026-02-10 00:00:00+00:00
[2026-02-10T20:23:23.825+0000] {processor.py:183} INFO - Processing /home/airflow/.local/lib/python3.8/site-packages/airflow/example_dags/example_branch_day_of_week_operator.py took 0.139 seconds
[2026-02-10T20:23:53.902+0000] {processor.py:161} INFO - Started process (PID=153) to work on /home/airflow/.local/lib/python3.8/site-packages/airflow/example_dags/example_branch_day_of_week_operator.py
[2026-02-10T20:23:53.903+0000] {processor.py:830} INFO - Processing file /home/airflow/.local/lib/python3.8/site-packages/airflow/example_dags/example_branch_day_of_week_operator.py for tasks to queue
[2026-02-10T20:23:53.906+0000] {logging_mixin.py:188} INFO - [2026-02-10T20:23:53.905+0000] {dagbag.py:538} INFO - Filling up the DagBag from /home/airflow/.local/lib/python3.8/site-packages/airflow/example_dags/example_branch_day_of_week_operator.py
[2026-02-10T20:23:53.912+0000] {processor.py:840} INFO - DAG(s) 'example_weekday_branch_operator' retrieved from /home/airflow/.local/lib/python3.8/site-packages/airflow/example_dags/example_branch_day_of_week_operator.py
[2026-02-10T20:23:53.930+0000] {logging_mixin.py:188} INFO - [2026-02-10T20:23:53.930+0000] {dag.py:3036} INFO - Sync 1 DAGs
[2026-02-10T20:23:53.945+0000] {logging_mixin.py:188} INFO - [2026-02-10T20:23:53.945+0000] {dag.py:3823} INFO - Setting next_dagrun for example_weekday_branch_operator to 2026-02-09 00:00:00+00:00, run_after=2026-02-10 00:00:00+00:00
[2026-02-10T20:23:53.959+0000] {processor.py:183} INFO - Processing /home/airflow/.local/lib/python3.8/site-packages/airflow/example_dags/example_branch_day_of_week_operator.py took 0.061 seconds
[2026-02-10T20:24:24.342+0000] {processor.py:161} INFO - Started process (PID=208) to work on /home/airflow/.local/lib/python3.8/site-packages/airflow/example_dags/example_branch_day_of_week_operator.py
[2026-02-10T20:24:24.344+0000] {processor.py:830} INFO - Processing file /home/airflow/.local/lib/python3.8/site-packages/airflow/example_dags/example_branch_day_of_week_operator.py for tasks to queue
[2026-02-10T20:24:24.347+0000] {logging_mixin.py:188} INFO - [2026-02-10T20:24:24.346+0000] {dagbag.py:538} INFO - Filling up the DagBag from /home/airflow/.local/lib/python3.8/site-packages/airflow/example_dags/example_branch_day_of_week_operator.py
[2026-02-10T20:24:24.354+0000] {processor.py:840} INFO - DAG(s) 'example_weekday_branch_operator' retrieved from /home/airflow/.local/lib/python3.8/site-packages/airflow/example_dags/example_branch_day_of_week_operator.py
[2026-02-10T20:24:24.370+0000] {logging_mixin.py:188} INFO - [2026-02-10T20:24:24.370+0000] {dag.py:3036} INFO - Sync 1 DAGs
[2026-02-10T20:24:24.384+0000] {logging_mixin.py:188} INFO - [2026-02-10T20:24:24.384+0000] {dag.py:3823} INFO - Setting next_dagrun for example_weekday_branch_operator to 2026-02-09 00:00:00+00:00, run_after=2026-02-10 00:00:00+00:00
[2026-02-10T20:24:24.394+0000] {processor.py:183} INFO - Processing /home/airflow/.local/lib/python3.8/site-packages/airflow/example_dags/example_branch_day_of_week_operator.py took 0.056 seconds
[2026-02-10T20:24:54.846+0000] {processor.py:161} INFO - Started process (PID=263) to work on /home/airflow/.local/lib/python3.8/site-packages/airflow/example_dags/example_branch_day_of_week_operator.py
[2026-02-10T20:24:54.847+0000] {processor.py:830} INFO - Processing file /home/airflow/.local/lib/python3.8/site-packages/airflow/example_dags/example_branch_day_of_week_operator.py for tasks to queue
[2026-02-10T20:24:54.848+0000] {logging_mixin.py:188} INFO - [2026-02-10T20:24:54.848+0000] {dagbag.py:538} INFO - Filling up the DagBag from /home/airflow/.local/lib/python3.8/site-packages/airflow/example_dags/example_branch_day_of_week_operator.py
[2026-02-10T20:24:54.858+0000] {processor.py:840} INFO - DAG(s) 'example_weekday_branch_operator' retrieved from /home/airflow/.local/lib/python3.8/site-packages/airflow/example_dags/example_branch_day_of_week_operator.py
[2026-02-10T20:24:54.876+0000] {logging_mixin.py:188} INFO - [2026-02-10T20:24:54.876+0000] {dag.py:3036} INFO - Sync 1 DAGs
[2026-02-10T20:24:54.888+0000] {logging_mixin.py:188} INFO - [2026-02-10T20:24:54.888+0000] {dag.py:3823} INFO - Setting next_dagrun for example_weekday_branch_operator to 2026-02-09 00:00:00+00:00, run_after=2026-02-10 00:00:00+00:00
[2026-02-10T20:24:54.900+0000] {processor.py:183} INFO - Processing /home/airflow/.local/lib/python3.8/site-packages/airflow/example_dags/example_branch_day_of_week_operator.py took 0.057 seconds
[2026-02-10T20:25:25.377+0000] {processor.py:161} INFO - Started process (PID=318) to work on /home/airflow/.local/lib/python3.8/site-packages/airflow/example_dags/example_branch_day_of_week_operator.py
[2026-02-10T20:25:25.379+0000] {processor.py:830} INFO - Processing file /home/airflow/.local/lib/python3.8/site-packages/airflow/example_dags/example_branch_day_of_week_operator.py for tasks to queue
[2026-02-10T20:25:25.382+0000] {logging_mixin.py:188} INFO - [2026-02-10T20:25:25.381+0000] {dagbag.py:538} INFO - Filling up the DagBag from /home/airflow/.local/lib/python3.8/site-packages/airflow/example_dags/example_branch_day_of_week_operator.py
[2026-02-10T20:25:25.390+0000] {processor.py:840} INFO - DAG(s) 'example_weekday_branch_operator' retrieved from /home/airflow/.local/lib/python3.8/site-packages/airflow/example_dags/example_branch_day_of_week_operator.py
[2026-02-10T20:25:25.409+0000] {logging_mixin.py:188} INFO - [2026-02-10T20:25:25.408+0000] {dag.py:3036} INFO - Sync 1 DAGs
[2026-02-10T20:25:25.422+0000] {logging_mixin.py:188} INFO - [2026-02-10T20:25:25.422+0000] {dag.py:3823} INFO - Setting next_dagrun for example_weekday_branch_operator to 2026-02-09 00:00:00+00:00, run_after=2026-02-10 00:00:00+00:00
[2026-02-10T20:25:25.433+0000] {processor.py:183} INFO - Processing /home/airflow/.local/lib/python3.8/site-packages/airflow/example_dags/example_branch_day_of_week_operator.py took 0.060 seconds
[2026-02-10T20:25:55.936+0000] {processor.py:161} INFO - Started process (PID=373) to work on /home/airflow/.local/lib/python3.8/site-packages/airflow/example_dags/example_branch_day_of_week_operator.py
[2026-02-10T20:25:55.937+0000] {processor.py:830} INFO - Processing file /home/airflow/.local/lib/python3.8/site-packages/airflow/example_dags/example_branch_day_of_week_operator.py for tasks to queue
[2026-02-10T20:25:55.942+0000] {logging_mixin.py:188} INFO - [2026-02-10T20:25:55.942+0000] {dagbag.py:538} INFO - Filling up the DagBag from /home/airflow/.local/lib/python3.8/site-packages/airflow/example_dags/example_branch_day_of_week_operator.py
[2026-02-10T20:25:55.951+0000] {processor.py:840} INFO - DAG(s) 'example_weekday_branch_operator' retrieved from /home/airflow/.local/lib/python3.8/site-packages/airflow/example_dags/example_branch_day_of_week_operator.py
[2026-02-10T20:25:55.971+0000] {logging_mixin.py:188} INFO - [2026-02-10T20:25:55.971+0000] {dag.py:3036} INFO - Sync 1 DAGs
[2026-02-10T20:25:55.990+0000] {logging_mixin.py:188} INFO - [2026-02-10T20:25:55.990+0000] {dag.py:3823} INFO - Setting next_dagrun for example_weekday_branch_operator to 2026-02-09 00:00:00+00:00, run_after=2026-02-10 00:00:00+00:00
[2026-02-10T20:25:56.003+0000] {processor.py:183} INFO - Processing /home/airflow/.local/lib/python3.8/site-packages/airflow/example_dags/example_branch_day_of_week_operator.py took 0.071 seconds
[2026-02-10T20:26:26.369+0000] {processor.py:161} INFO - Started process (PID=428) to work on /home/airflow/.local/lib/python3.8/site-packages/airflow/example_dags/example_branch_day_of_week_operator.py
[2026-02-10T20:26:26.373+0000] {processor.py:830} INFO - Processing file /home/airflow/.local/lib/python3.8/site-packages/airflow/example_dags/example_branch_day_of_week_operator.py for tasks to queue
[2026-02-10T20:26:26.376+0000] {logging_mixin.py:188} INFO - [2026-02-10T20:26:26.376+0000] {dagbag.py:538} INFO - Filling up the DagBag from /home/airflow/.local/lib/python3.8/site-packages/airflow/example_dags/example_branch_day_of_week_operator.py
[2026-02-10T20:26:26.383+0000] {processor.py:840} INFO - DAG(s) 'example_weekday_branch_operator' retrieved from /home/airflow/.local/lib/python3.8/site-packages/airflow/example_dags/example_branch_day_of_week_operator.py
[2026-02-10T20:26:26.400+0000] {logging_mixin.py:188} INFO - [2026-02-10T20:26:26.400+0000] {dag.py:3036} INFO - Sync 1 DAGs
[2026-02-10T20:26:26.411+0000] {logging_mixin.py:188} INFO - [2026-02-10T20:26:26.410+0000] {dag.py:3823} INFO - Setting next_dagrun for example_weekday_branch_operator to 2026-02-09 00:00:00+00:00, run_after=2026-02-10 00:00:00+00:00
[2026-02-10T20:26:26.419+0000] {processor.py:183} INFO - Processing /home/airflow/.local/lib/python3.8/site-packages/airflow/example_dags/example_branch_day_of_week_operator.py took 0.054 seconds
[2026-02-10T20:26:56.760+0000] {processor.py:161} INFO - Started process (PID=483) to work on /home/airflow/.local/lib/python3.8/site-packages/airflow/example_dags/example_branch_day_of_week_operator.py
[2026-02-10T20:26:56.761+0000] {processor.py:830} INFO - Processing file /home/airflow/.local/lib/python3.8/site-packages/airflow/example_dags/example_branch_day_of_week_operator.py for tasks to queue
[2026-02-10T20:26:56.763+0000] {logging_mixin.py:188} INFO - [2026-02-10T20:26:56.763+0000] {dagbag.py:538} INFO - Filling up the DagBag from /home/airflow/.local/lib/python3.8/site-packages/airflow/example_dags/example_branch_day_of_week_operator.py
[2026-02-10T20:26:56.770+0000] {processor.py:840} INFO - DAG(s) 'example_weekday_branch_operator' retrieved from /home/airflow/.local/lib/python3.8/site-packages/airflow/example_dags/example_branch_day_of_week_operator.py
[2026-02-10T20:26:56.785+0000] {logging_mixin.py:188} INFO - [2026-02-10T20:26:56.785+0000] {dag.py:3036} INFO - Sync 1 DAGs
[2026-02-10T20:26:56.797+0000] {logging_mixin.py:188} INFO - [2026-02-10T20:26:56.797+0000] {dag.py:3823} INFO - Setting next_dagrun for example_weekday_branch_operator to 2026-02-09 00:00:00+00:00, run_after=2026-02-10 00:00:00+00:00
[2026-02-10T20:26:56.805+0000] {processor.py:183} INFO - Processing /home/airflow/.local/lib/python3.8/site-packages/airflow/example_dags/example_branch_day_of_week_operator.py took 0.050 seconds
[2026-02-10T20:27:27.104+0000] {processor.py:161} INFO - Started process (PID=538) to work on /home/airflow/.local/lib/python3.8/site-packages/airflow/example_dags/example_branch_day_of_week_operator.py
[2026-02-10T20:27:27.108+0000] {processor.py:830} INFO - Processing file /home/airflow/.local/lib/python3.8/site-packages/airflow/example_dags/example_branch_day_of_week_operator.py for tasks to queue
[2026-02-10T20:27:27.110+0000] {logging_mixin.py:188} INFO - [2026-02-10T20:27:27.110+0000] {dagbag.py:538} INFO - Filling up the DagBag from /home/airflow/.local/lib/python3.8/site-packages/airflow/example_dags/example_branch_day_of_week_operator.py
[2026-02-10T20:27:27.117+0000] {processor.py:840} INFO - DAG(s) 'example_weekday_branch_operator' retrieved from /home/airflow/.local/lib/python3.8/site-packages/airflow/example_dags/example_branch_day_of_week_operator.py
[2026-02-10T20:27:27.131+0000] {logging_mixin.py:188} INFO - [2026-02-10T20:27:27.130+0000] {dag.py:3036} INFO - Sync 1 DAGs
[2026-02-10T20:27:27.145+0000] {logging_mixin.py:188} INFO - [2026-02-10T20:27:27.145+0000] {dag.py:3823} INFO - Setting next_dagrun for example_weekday_branch_operator to 2026-02-09 00:00:00+00:00, run_after=2026-02-10 00:00:00+00:00
[2026-02-10T20:27:27.154+0000] {processor.py:183} INFO - Processing /home/airflow/.local/lib/python3.8/site-packages/airflow/example_dags/example_branch_day_of_week_operator.py took 0.054 seconds
[2026-02-10T20:27:57.463+0000] {processor.py:161} INFO - Started process (PID=598) to work on /home/airflow/.local/lib/python3.8/site-packages/airflow/example_dags/example_branch_day_of_week_operator.py
[2026-02-10T20:27:57.464+0000] {processor.py:830} INFO - Processing file /home/airflow/.local/lib/python3.8/site-packages/airflow/example_dags/example_branch_day_of_week_operator.py for tasks to queue
[2026-02-10T20:27:57.469+0000] {logging_mixin.py:188} INFO - [2026-02-10T20:27:57.468+0000] {dagbag.py:538} INFO - Filling up the DagBag from /home/airflow/.local/lib/python3.8/site-packages/airflow/example_dags/example_branch_day_of_week_operator.py
[2026-02-10T20:27:57.475+0000] {processor.py:840} INFO - DAG(s) 'example_weekday_branch_operator' retrieved from /home/airflow/.local/lib/python3.8/site-packages/airflow/example_dags/example_branch_day_of_week_operator.py
[2026-02-10T20:27:57.496+0000] {logging_mixin.py:188} INFO - [2026-02-10T20:27:57.495+0000] {dag.py:3036} INFO - Sync 1 DAGs
[2026-02-10T20:27:57.509+0000] {logging_mixin.py:188} INFO - [2026-02-10T20:27:57.509+0000] {dag.py:3823} INFO - Setting next_dagrun for example_weekday_branch_operator to 2026-02-09 00:00:00+00:00, run_after=2026-02-10 00:00:00+00:00
[2026-02-10T20:27:57.520+0000] {processor.py:183} INFO - Processing /home/airflow/.local/lib/python3.8/site-packages/airflow/example_dags/example_branch_day_of_week_operator.py took 0.060 seconds
[2026-02-10T20:28:28.050+0000] {processor.py:161} INFO - Started process (PID=653) to work on /home/airflow/.local/lib/python3.8/site-packages/airflow/example_dags/example_branch_day_of_week_operator.py
[2026-02-10T20:28:28.051+0000] {processor.py:830} INFO - Processing file /home/airflow/.local/lib/python3.8/site-packages/airflow/example_dags/example_branch_day_of_week_operator.py for tasks to queue
[2026-02-10T20:28:28.053+0000] {logging_mixin.py:188} INFO - [2026-02-10T20:28:28.053+0000] {dagbag.py:538} INFO - Filling up the DagBag from /home/airflow/.local/lib/python3.8/site-packages/airflow/example_dags/example_branch_day_of_week_operator.py
[2026-02-10T20:28:28.064+0000] {processor.py:840} INFO - DAG(s) 'example_weekday_branch_operator' retrieved from /home/airflow/.local/lib/python3.8/site-packages/airflow/example_dags/example_branch_day_of_week_operator.py
[2026-02-10T20:28:28.088+0000] {logging_mixin.py:188} INFO - [2026-02-10T20:28:28.088+0000] {dag.py:3036} INFO - Sync 1 DAGs
[2026-02-10T20:28:28.103+0000] {logging_mixin.py:188} INFO - [2026-02-10T20:28:28.103+0000] {dag.py:3823} INFO - Setting next_dagrun for example_weekday_branch_operator to 2026-02-09 00:00:00+00:00, run_after=2026-02-10 00:00:00+00:00
[2026-02-10T20:28:28.115+0000] {processor.py:183} INFO - Processing /home/airflow/.local/lib/python3.8/site-packages/airflow/example_dags/example_branch_day_of_week_operator.py took 0.070 seconds
[2026-02-10T20:28:58.707+0000] {processor.py:161} INFO - Started process (PID=708) to work on /home/airflow/.local/lib/python3.8/site-packages/airflow/example_dags/example_branch_day_of_week_operator.py
[2026-02-10T20:28:58.708+0000] {processor.py:830} INFO - Processing file /home/airflow/.local/lib/python3.8/site-packages/airflow/example_dags/example_branch_day_of_week_operator.py for tasks to queue
[2026-02-10T20:28:58.710+0000] {logging_mixin.py:188} INFO - [2026-02-10T20:28:58.710+0000] {dagbag.py:538} INFO - Filling up the DagBag from /home/airflow/.local/lib/python3.8/site-packages/airflow/example_dags/example_branch_day_of_week_operator.py
[2026-02-10T20:28:58.720+0000] {processor.py:840} INFO - DAG(s) 'example_weekday_branch_operator' retrieved from /home/airflow/.local/lib/python3.8/site-packages/airflow/example_dags/example_branch_day_of_week_operator.py
[2026-02-10T20:28:58.740+0000] {logging_mixin.py:188} INFO - [2026-02-10T20:28:58.740+0000] {dag.py:3036} INFO - Sync 1 DAGs
[2026-02-10T20:28:58.755+0000] {logging_mixin.py:188} INFO - [2026-02-10T20:28:58.755+0000] {dag.py:3823} INFO - Setting next_dagrun for example_weekday_branch_operator to 2026-02-09 00:00:00+00:00, run_after=2026-02-10 00:00:00+00:00
[2026-02-10T20:28:58.766+0000] {processor.py:183} INFO - Processing /home/airflow/.local/lib/python3.8/site-packages/airflow/example_dags/example_branch_day_of_week_operator.py took 0.063 seconds
[2026-02-10T20:29:29.362+0000] {processor.py:161} INFO - Started process (PID=763) to work on /home/airflow/.local/lib/python3.8/site-packages/airflow/example_dags/example_branch_day_of_week_operator.py
[2026-02-10T20:29:29.363+0000] {processor.py:830} INFO - Processing file /home/airflow/.local/lib/python3.8/site-packages/airflow/example_dags/example_branch_day_of_week_operator.py for tasks to queue
[2026-02-10T20:29:29.368+0000] {logging_mixin.py:188} INFO - [2026-02-10T20:29:29.368+0000] {dagbag.py:538} INFO - Filling up the DagBag from /home/airflow/.local/lib/python3.8/site-packages/airflow/example_dags/example_branch_day_of_week_operator.py
[2026-02-10T20:29:29.377+0000] {processor.py:840} INFO - DAG(s) 'example_weekday_branch_operator' retrieved from /home/airflow/.local/lib/python3.8/site-packages/airflow/example_dags/example_branch_day_of_week_operator.py
[2026-02-10T20:29:29.398+0000] {logging_mixin.py:188} INFO - [2026-02-10T20:29:29.398+0000] {dag.py:3036} INFO - Sync 1 DAGs
[2026-02-10T20:29:29.412+0000] {logging_mixin.py:188} INFO - [2026-02-10T20:29:29.411+0000] {dag.py:3823} INFO - Setting next_dagrun for example_weekday_branch_operator to 2026-02-09 00:00:00+00:00, run_after=2026-02-10 00:00:00+00:00
[2026-02-10T20:29:29.422+0000] {processor.py:183} INFO - Processing /home/airflow/.local/lib/python3.8/site-packages/airflow/example_dags/example_branch_day_of_week_operator.py took 0.064 seconds
[2026-02-10T20:29:59.813+0000] {processor.py:161} INFO - Started process (PID=818) to work on /home/airflow/.local/lib/python3.8/site-packages/airflow/example_dags/example_branch_day_of_week_operator.py
[2026-02-10T20:29:59.815+0000] {processor.py:830} INFO - Processing file /home/airflow/.local/lib/python3.8/site-packages/airflow/example_dags/example_branch_day_of_week_operator.py for tasks to queue
[2026-02-10T20:29:59.818+0000] {logging_mixin.py:188} INFO - [2026-02-10T20:29:59.818+0000] {dagbag.py:538} INFO - Filling up the DagBag from /home/airflow/.local/lib/python3.8/site-packages/airflow/example_dags/example_branch_day_of_week_operator.py
[2026-02-10T20:29:59.828+0000] {processor.py:840} INFO - DAG(s) 'example_weekday_branch_operator' retrieved from /home/airflow/.local/lib/python3.8/site-packages/airflow/example_dags/example_branch_day_of_week_operator.py
[2026-02-10T20:29:59.846+0000] {logging_mixin.py:188} INFO - [2026-02-10T20:29:59.846+0000] {dag.py:3036} INFO - Sync 1 DAGs
[2026-02-10T20:29:59.863+0000] {logging_mixin.py:188} INFO - [2026-02-10T20:29:59.863+0000] {dag.py:3823} INFO - Setting next_dagrun for example_weekday_branch_operator to 2026-02-09 00:00:00+00:00, run_after=2026-02-10 00:00:00+00:00
[2026-02-10T20:29:59.876+0000] {processor.py:183} INFO - Processing /home/airflow/.local/lib/python3.8/site-packages/airflow/example_dags/example_branch_day_of_week_operator.py took 0.066 seconds
[2026-02-10T20:30:30.331+0000] {processor.py:161} INFO - Started process (PID=873) to work on /home/airflow/.local/lib/python3.8/site-packages/airflow/example_dags/example_branch_day_of_week_operator.py
[2026-02-10T20:30:30.333+0000] {processor.py:830} INFO - Processing file /home/airflow/.local/lib/python3.8/site-packages/airflow/example_dags/example_branch_day_of_week_operator.py for tasks to queue
[2026-02-10T20:30:30.335+0000] {logging_mixin.py:188} INFO - [2026-02-10T20:30:30.335+0000] {dagbag.py:538} INFO - Filling up the DagBag from /home/airflow/.local/lib/python3.8/site-packages/airflow/example_dags/example_branch_day_of_week_operator.py
[2026-02-10T20:30:30.341+0000] {processor.py:840} INFO - DAG(s) 'example_weekday_branch_operator' retrieved from /home/airflow/.local/lib/python3.8/site-packages/airflow/example_dags/example_branch_day_of_week_operator.py
[2026-02-10T20:30:30.356+0000] {logging_mixin.py:188} INFO - [2026-02-10T20:30:30.356+0000] {dag.py:3036} INFO - Sync 1 DAGs
[2026-02-10T20:30:30.369+0000] {logging_mixin.py:188} INFO - [2026-02-10T20:30:30.369+0000] {dag.py:3823} INFO - Setting next_dagrun for example_weekday_branch_operator to 2026-02-09 00:00:00+00:00, run_after=2026-02-10 00:00:00+00:00
[2026-02-10T20:30:30.378+0000] {processor.py:183} INFO - Processing /home/airflow/.local/lib/python3.8/site-packages/airflow/example_dags/example_branch_day_of_week_operator.py took 0.051 seconds
[2026-02-10T20:31:00.719+0000] {processor.py:161} INFO - Started process (PID=928) to work on /home/airflow/.local/lib/python3.8/site-packages/airflow/example_dags/example_branch_day_of_week_operator.py
[2026-02-10T20:31:00.721+0000] {processor.py:830} INFO - Processing file /home/airflow/.local/lib/python3.8/site-packages/airflow/example_dags/example_branch_day_of_week_operator.py for tasks to queue
[2026-02-10T20:31:00.723+0000] {logging_mixin.py:188} INFO - [2026-02-10T20:31:00.723+0000] {dagbag.py:538} INFO - Filling up the DagBag from /home/airflow/.local/lib/python3.8/site-packages/airflow/example_dags/example_branch_day_of_week_operator.py
[2026-02-10T20:31:00.728+0000] {processor.py:840} INFO - DAG(s) 'example_weekday_branch_operator' retrieved from /home/airflow/.local/lib/python3.8/site-packages/airflow/example_dags/example_branch_day_of_week_operator.py
[2026-02-10T20:31:00.738+0000] {logging_mixin.py:188} INFO - [2026-02-10T20:31:00.738+0000] {dag.py:3036} INFO - Sync 1 DAGs
[2026-02-10T20:31:00.750+0000] {logging_mixin.py:188} INFO - [2026-02-10T20:31:00.750+0000] {dag.py:3823} INFO - Setting next_dagrun for example_weekday_branch_operator to 2026-02-09 00:00:00+00:00, run_after=2026-02-10 00:00:00+00:00
[2026-02-10T20:31:00.759+0000] {processor.py:183} INFO - Processing /home/airflow/.local/lib/python3.8/site-packages/airflow/example_dags/example_branch_day_of_week_operator.py took 0.042 seconds
[2026-02-10T20:31:31.181+0000] {processor.py:161} INFO - Started process (PID=983) to work on /home/airflow/.local/lib/python3.8/site-packages/airflow/example_dags/example_branch_day_of_week_operator.py
[2026-02-10T20:31:31.184+0000] {processor.py:830} INFO - Processing file /home/airflow/.local/lib/python3.8/site-packages/airflow/example_dags/example_branch_day_of_week_operator.py for tasks to queue
[2026-02-10T20:31:31.187+0000] {logging_mixin.py:188} INFO - [2026-02-10T20:31:31.187+0000] {dagbag.py:538} INFO - Filling up the DagBag from /home/airflow/.local/lib/python3.8/site-packages/airflow/example_dags/example_branch_day_of_week_operator.py
[2026-02-10T20:31:31.192+0000] {processor.py:840} INFO - DAG(s) 'example_weekday_branch_operator' retrieved from /home/airflow/.local/lib/python3.8/site-packages/airflow/example_dags/example_branch_day_of_week_operator.py
[2026-02-10T20:31:31.206+0000] {logging_mixin.py:188} INFO - [2026-02-10T20:31:31.206+0000] {dag.py:3036} INFO - Sync 1 DAGs
[2026-02-10T20:31:31.217+0000] {logging_mixin.py:188} INFO - [2026-02-10T20:31:31.217+0000] {dag.py:3823} INFO - Setting next_dagrun for example_weekday_branch_operator to 2026-02-09 00:00:00+00:00, run_after=2026-02-10 00:00:00+00:00
[2026-02-10T20:31:31.226+0000] {processor.py:183} INFO - Processing /home/airflow/.local/lib/python3.8/site-packages/airflow/example_dags/example_branch_day_of_week_operator.py took 0.048 seconds
[2026-02-10T20:32:01.568+0000] {processor.py:161} INFO - Started process (PID=1038) to work on /home/airflow/.local/lib/python3.8/site-packages/airflow/example_dags/example_branch_day_of_week_operator.py
[2026-02-10T20:32:01.570+0000] {processor.py:830} INFO - Processing file /home/airflow/.local/lib/python3.8/site-packages/airflow/example_dags/example_branch_day_of_week_operator.py for tasks to queue
[2026-02-10T20:32:01.572+0000] {logging_mixin.py:188} INFO - [2026-02-10T20:32:01.572+0000] {dagbag.py:538} INFO - Filling up the DagBag from /home/airflow/.local/lib/python3.8/site-packages/airflow/example_dags/example_branch_day_of_week_operator.py
[2026-02-10T20:32:01.580+0000] {processor.py:840} INFO - DAG(s) 'example_weekday_branch_operator' retrieved from /home/airflow/.local/lib/python3.8/site-packages/airflow/example_dags/example_branch_day_of_week_operator.py
[2026-02-10T20:32:01.595+0000] {logging_mixin.py:188} INFO - [2026-02-10T20:32:01.595+0000] {dag.py:3036} INFO - Sync 1 DAGs
[2026-02-10T20:32:01.608+0000] {logging_mixin.py:188} INFO - [2026-02-10T20:32:01.608+0000] {dag.py:3823} INFO - Setting next_dagrun for example_weekday_branch_operator to 2026-02-09 00:00:00+00:00, run_after=2026-02-10 00:00:00+00:00
[2026-02-10T20:32:01.618+0000] {processor.py:183} INFO - Processing /home/airflow/.local/lib/python3.8/site-packages/airflow/example_dags/example_branch_day_of_week_operator.py took 0.053 seconds
[2026-02-10T20:32:31.950+0000] {processor.py:161} INFO - Started process (PID=1093) to work on /home/airflow/.local/lib/python3.8/site-packages/airflow/example_dags/example_branch_day_of_week_operator.py
[2026-02-10T20:32:31.951+0000] {processor.py:830} INFO - Processing file /home/airflow/.local/lib/python3.8/site-packages/airflow/example_dags/example_branch_day_of_week_operator.py for tasks to queue
[2026-02-10T20:32:31.952+0000] {logging_mixin.py:188} INFO - [2026-02-10T20:32:31.952+0000] {dagbag.py:538} INFO - Filling up the DagBag from /home/airflow/.local/lib/python3.8/site-packages/airflow/example_dags/example_branch_day_of_week_operator.py
[2026-02-10T20:32:31.959+0000] {processor.py:840} INFO - DAG(s) 'example_weekday_branch_operator' retrieved from /home/airflow/.local/lib/python3.8/site-packages/airflow/example_dags/example_branch_day_of_week_operator.py
[2026-02-10T20:32:31.975+0000] {logging_mixin.py:188} INFO - [2026-02-10T20:32:31.975+0000] {dag.py:3036} INFO - Sync 1 DAGs
[2026-02-10T20:32:31.988+0000] {logging_mixin.py:188} INFO - [2026-02-10T20:32:31.988+0000] {dag.py:3823} INFO - Setting next_dagrun for example_weekday_branch_operator to 2026-02-09 00:00:00+00:00, run_after=2026-02-10 00:00:00+00:00
[2026-02-10T20:32:31.995+0000] {processor.py:183} INFO - Processing /home/airflow/.local/lib/python3.8/site-packages/airflow/example_dags/example_branch_day_of_week_operator.py took 0.050 seconds
[2026-02-10T20:33:02.387+0000] {processor.py:161} INFO - Started process (PID=1149) to work on /home/airflow/.local/lib/python3.8/site-packages/airflow/example_dags/example_branch_day_of_week_operator.py
[2026-02-10T20:33:02.388+0000] {processor.py:830} INFO - Processing file /home/airflow/.local/lib/python3.8/site-packages/airflow/example_dags/example_branch_day_of_week_operator.py for tasks to queue
[2026-02-10T20:33:02.390+0000] {logging_mixin.py:188} INFO - [2026-02-10T20:33:02.390+0000] {dagbag.py:538} INFO - Filling up the DagBag from /home/airflow/.local/lib/python3.8/site-packages/airflow/example_dags/example_branch_day_of_week_operator.py
[2026-02-10T20:33:02.396+0000] {processor.py:840} INFO - DAG(s) 'example_weekday_branch_operator' retrieved from /home/airflow/.local/lib/python3.8/site-packages/airflow/example_dags/example_branch_day_of_week_operator.py
[2026-02-10T20:33:02.410+0000] {logging_mixin.py:188} INFO - [2026-02-10T20:33:02.410+0000] {dag.py:3036} INFO - Sync 1 DAGs
[2026-02-10T20:33:02.424+0000] {logging_mixin.py:188} INFO - [2026-02-10T20:33:02.423+0000] {dag.py:3823} INFO - Setting next_dagrun for example_weekday_branch_operator to 2026-02-09 00:00:00+00:00, run_after=2026-02-10 00:00:00+00:00
[2026-02-10T20:33:02.433+0000] {processor.py:183} INFO - Processing /home/airflow/.local/lib/python3.8/site-packages/airflow/example_dags/example_branch_day_of_week_operator.py took 0.051 seconds
[2026-02-10T20:33:32.836+0000] {processor.py:161} INFO - Started process (PID=1205) to work on /home/airflow/.local/lib/python3.8/site-packages/airflow/example_dags/example_branch_day_of_week_operator.py
[2026-02-10T20:33:32.838+0000] {processor.py:830} INFO - Processing file /home/airflow/.local/lib/python3.8/site-packages/airflow/example_dags/example_branch_day_of_week_operator.py for tasks to queue
[2026-02-10T20:33:32.841+0000] {logging_mixin.py:188} INFO - [2026-02-10T20:33:32.841+0000] {dagbag.py:538} INFO - Filling up the DagBag from /home/airflow/.local/lib/python3.8/site-packages/airflow/example_dags/example_branch_day_of_week_operator.py
[2026-02-10T20:33:32.849+0000] {processor.py:840} INFO - DAG(s) 'example_weekday_branch_operator' retrieved from /home/airflow/.local/lib/python3.8/site-packages/airflow/example_dags/example_branch_day_of_week_operator.py
[2026-02-10T20:33:32.863+0000] {logging_mixin.py:188} INFO - [2026-02-10T20:33:32.863+0000] {dag.py:3036} INFO - Sync 1 DAGs
[2026-02-10T20:33:32.873+0000] {logging_mixin.py:188} INFO - [2026-02-10T20:33:32.873+0000] {dag.py:3823} INFO - Setting next_dagrun for example_weekday_branch_operator to 2026-02-09 00:00:00+00:00, run_after=2026-02-10 00:00:00+00:00
[2026-02-10T20:33:32.880+0000] {processor.py:183} INFO - Processing /home/airflow/.local/lib/python3.8/site-packages/airflow/example_dags/example_branch_day_of_week_operator.py took 0.048 seconds
[2026-02-10T20:34:03.225+0000] {processor.py:161} INFO - Started process (PID=1261) to work on /home/airflow/.local/lib/python3.8/site-packages/airflow/example_dags/example_branch_day_of_week_operator.py
[2026-02-10T20:34:03.226+0000] {processor.py:830} INFO - Processing file /home/airflow/.local/lib/python3.8/site-packages/airflow/example_dags/example_branch_day_of_week_operator.py for tasks to queue
[2026-02-10T20:34:03.228+0000] {logging_mixin.py:188} INFO - [2026-02-10T20:34:03.228+0000] {dagbag.py:538} INFO - Filling up the DagBag from /home/airflow/.local/lib/python3.8/site-packages/airflow/example_dags/example_branch_day_of_week_operator.py
[2026-02-10T20:34:03.234+0000] {processor.py:840} INFO - DAG(s) 'example_weekday_branch_operator' retrieved from /home/airflow/.local/lib/python3.8/site-packages/airflow/example_dags/example_branch_day_of_week_operator.py
[2026-02-10T20:34:03.249+0000] {logging_mixin.py:188} INFO - [2026-02-10T20:34:03.249+0000] {dag.py:3036} INFO - Sync 1 DAGs
[2026-02-10T20:34:03.260+0000] {logging_mixin.py:188} INFO - [2026-02-10T20:34:03.260+0000] {dag.py:3823} INFO - Setting next_dagrun for example_weekday_branch_operator to 2026-02-09 00:00:00+00:00, run_after=2026-02-10 00:00:00+00:00
[2026-02-10T20:34:03.271+0000] {processor.py:183} INFO - Processing /home/airflow/.local/lib/python3.8/site-packages/airflow/example_dags/example_branch_day_of_week_operator.py took 0.049 seconds
