[2026-02-10T20:22:54.613+0000] {processor.py:161} INFO - Started process (PID=65) to work on /home/airflow/.local/lib/python3.8/site-packages/airflow/example_dags/example_xcom.py
[2026-02-10T20:22:54.615+0000] {processor.py:830} INFO - Processing file /home/airflow/.local/lib/python3.8/site-packages/airflow/example_dags/example_xcom.py for tasks to queue
[2026-02-10T20:22:54.618+0000] {logging_mixin.py:188} INFO - [2026-02-10T20:22:54.617+0000] {dagbag.py:538} INFO - Filling up the DagBag from /home/airflow/.local/lib/python3.8/site-packages/airflow/example_dags/example_xcom.py
[2026-02-10T20:22:54.628+0000] {processor.py:840} INFO - DAG(s) 'example_xcom' retrieved from /home/airflow/.local/lib/python3.8/site-packages/airflow/example_dags/example_xcom.py
[2026-02-10T20:22:54.638+0000] {logging_mixin.py:188} INFO - [2026-02-10T20:22:54.638+0000] {dag.py:3036} INFO - Sync 1 DAGs
[2026-02-10T20:22:54.661+0000] {logging_mixin.py:188} INFO - [2026-02-10T20:22:54.660+0000] {dag.py:3823} INFO - Setting next_dagrun for example_xcom to 2021-01-01 00:00:00+00:00, run_after=2021-01-01 00:00:00+00:00
[2026-02-10T20:22:54.686+0000] {processor.py:183} INFO - Processing /home/airflow/.local/lib/python3.8/site-packages/airflow/example_dags/example_xcom.py took 0.076 seconds
[2026-02-10T20:23:24.730+0000] {processor.py:161} INFO - Started process (PID=120) to work on /home/airflow/.local/lib/python3.8/site-packages/airflow/example_dags/example_xcom.py
[2026-02-10T20:23:24.730+0000] {processor.py:830} INFO - Processing file /home/airflow/.local/lib/python3.8/site-packages/airflow/example_dags/example_xcom.py for tasks to queue
[2026-02-10T20:23:24.731+0000] {logging_mixin.py:188} INFO - [2026-02-10T20:23:24.731+0000] {dagbag.py:538} INFO - Filling up the DagBag from /home/airflow/.local/lib/python3.8/site-packages/airflow/example_dags/example_xcom.py
[2026-02-10T20:23:24.734+0000] {processor.py:840} INFO - DAG(s) 'example_xcom' retrieved from /home/airflow/.local/lib/python3.8/site-packages/airflow/example_dags/example_xcom.py
[2026-02-10T20:23:24.779+0000] {logging_mixin.py:188} INFO - [2026-02-10T20:23:24.779+0000] {dag.py:3036} INFO - Sync 1 DAGs
[2026-02-10T20:23:24.788+0000] {logging_mixin.py:188} INFO - [2026-02-10T20:23:24.788+0000] {dag.py:3823} INFO - Setting next_dagrun for example_xcom to 2021-01-01 00:00:00+00:00, run_after=2021-01-01 00:00:00+00:00
[2026-02-10T20:23:24.797+0000] {processor.py:183} INFO - Processing /home/airflow/.local/lib/python3.8/site-packages/airflow/example_dags/example_xcom.py took 0.069 seconds
[2026-02-10T20:23:55.543+0000] {processor.py:161} INFO - Started process (PID=175) to work on /home/airflow/.local/lib/python3.8/site-packages/airflow/example_dags/example_xcom.py
[2026-02-10T20:23:55.544+0000] {processor.py:830} INFO - Processing file /home/airflow/.local/lib/python3.8/site-packages/airflow/example_dags/example_xcom.py for tasks to queue
[2026-02-10T20:23:55.544+0000] {logging_mixin.py:188} INFO - [2026-02-10T20:23:55.544+0000] {dagbag.py:538} INFO - Filling up the DagBag from /home/airflow/.local/lib/python3.8/site-packages/airflow/example_dags/example_xcom.py
[2026-02-10T20:23:55.548+0000] {processor.py:840} INFO - DAG(s) 'example_xcom' retrieved from /home/airflow/.local/lib/python3.8/site-packages/airflow/example_dags/example_xcom.py
[2026-02-10T20:23:55.556+0000] {logging_mixin.py:188} INFO - [2026-02-10T20:23:55.555+0000] {dag.py:3036} INFO - Sync 1 DAGs
[2026-02-10T20:23:55.563+0000] {logging_mixin.py:188} INFO - [2026-02-10T20:23:55.563+0000] {dag.py:3823} INFO - Setting next_dagrun for example_xcom to 2021-01-01 00:00:00+00:00, run_after=2021-01-01 00:00:00+00:00
[2026-02-10T20:23:55.570+0000] {processor.py:183} INFO - Processing /home/airflow/.local/lib/python3.8/site-packages/airflow/example_dags/example_xcom.py took 0.029 seconds
[2026-02-10T20:24:25.940+0000] {processor.py:161} INFO - Started process (PID=230) to work on /home/airflow/.local/lib/python3.8/site-packages/airflow/example_dags/example_xcom.py
[2026-02-10T20:24:25.941+0000] {processor.py:830} INFO - Processing file /home/airflow/.local/lib/python3.8/site-packages/airflow/example_dags/example_xcom.py for tasks to queue
[2026-02-10T20:24:25.942+0000] {logging_mixin.py:188} INFO - [2026-02-10T20:24:25.942+0000] {dagbag.py:538} INFO - Filling up the DagBag from /home/airflow/.local/lib/python3.8/site-packages/airflow/example_dags/example_xcom.py
[2026-02-10T20:24:25.946+0000] {processor.py:840} INFO - DAG(s) 'example_xcom' retrieved from /home/airflow/.local/lib/python3.8/site-packages/airflow/example_dags/example_xcom.py
[2026-02-10T20:24:25.958+0000] {logging_mixin.py:188} INFO - [2026-02-10T20:24:25.958+0000] {dag.py:3036} INFO - Sync 1 DAGs
[2026-02-10T20:24:25.964+0000] {logging_mixin.py:188} INFO - [2026-02-10T20:24:25.964+0000] {dag.py:3823} INFO - Setting next_dagrun for example_xcom to 2021-01-01 00:00:00+00:00, run_after=2021-01-01 00:00:00+00:00
[2026-02-10T20:24:25.972+0000] {processor.py:183} INFO - Processing /home/airflow/.local/lib/python3.8/site-packages/airflow/example_dags/example_xcom.py took 0.034 seconds
[2026-02-10T20:24:56.479+0000] {processor.py:161} INFO - Started process (PID=285) to work on /home/airflow/.local/lib/python3.8/site-packages/airflow/example_dags/example_xcom.py
[2026-02-10T20:24:56.480+0000] {processor.py:830} INFO - Processing file /home/airflow/.local/lib/python3.8/site-packages/airflow/example_dags/example_xcom.py for tasks to queue
[2026-02-10T20:24:56.481+0000] {logging_mixin.py:188} INFO - [2026-02-10T20:24:56.481+0000] {dagbag.py:538} INFO - Filling up the DagBag from /home/airflow/.local/lib/python3.8/site-packages/airflow/example_dags/example_xcom.py
[2026-02-10T20:24:56.484+0000] {processor.py:840} INFO - DAG(s) 'example_xcom' retrieved from /home/airflow/.local/lib/python3.8/site-packages/airflow/example_dags/example_xcom.py
[2026-02-10T20:24:56.492+0000] {logging_mixin.py:188} INFO - [2026-02-10T20:24:56.492+0000] {dag.py:3036} INFO - Sync 1 DAGs
[2026-02-10T20:24:56.499+0000] {logging_mixin.py:188} INFO - [2026-02-10T20:24:56.499+0000] {dag.py:3823} INFO - Setting next_dagrun for example_xcom to 2021-01-01 00:00:00+00:00, run_after=2021-01-01 00:00:00+00:00
[2026-02-10T20:24:56.505+0000] {processor.py:183} INFO - Processing /home/airflow/.local/lib/python3.8/site-packages/airflow/example_dags/example_xcom.py took 0.027 seconds
[2026-02-10T20:25:27.108+0000] {processor.py:161} INFO - Started process (PID=346) to work on /home/airflow/.local/lib/python3.8/site-packages/airflow/example_dags/example_xcom.py
[2026-02-10T20:25:27.109+0000] {processor.py:830} INFO - Processing file /home/airflow/.local/lib/python3.8/site-packages/airflow/example_dags/example_xcom.py for tasks to queue
[2026-02-10T20:25:27.110+0000] {logging_mixin.py:188} INFO - [2026-02-10T20:25:27.110+0000] {dagbag.py:538} INFO - Filling up the DagBag from /home/airflow/.local/lib/python3.8/site-packages/airflow/example_dags/example_xcom.py
[2026-02-10T20:25:27.113+0000] {processor.py:840} INFO - DAG(s) 'example_xcom' retrieved from /home/airflow/.local/lib/python3.8/site-packages/airflow/example_dags/example_xcom.py
[2026-02-10T20:25:27.127+0000] {logging_mixin.py:188} INFO - [2026-02-10T20:25:27.127+0000] {dag.py:3036} INFO - Sync 1 DAGs
[2026-02-10T20:25:27.138+0000] {logging_mixin.py:188} INFO - [2026-02-10T20:25:27.138+0000] {dag.py:3823} INFO - Setting next_dagrun for example_xcom to 2021-01-01 00:00:00+00:00, run_after=2021-01-01 00:00:00+00:00
[2026-02-10T20:25:27.153+0000] {processor.py:183} INFO - Processing /home/airflow/.local/lib/python3.8/site-packages/airflow/example_dags/example_xcom.py took 0.047 seconds
[2026-02-10T20:25:57.522+0000] {processor.py:161} INFO - Started process (PID=401) to work on /home/airflow/.local/lib/python3.8/site-packages/airflow/example_dags/example_xcom.py
[2026-02-10T20:25:57.523+0000] {processor.py:830} INFO - Processing file /home/airflow/.local/lib/python3.8/site-packages/airflow/example_dags/example_xcom.py for tasks to queue
[2026-02-10T20:25:57.524+0000] {logging_mixin.py:188} INFO - [2026-02-10T20:25:57.524+0000] {dagbag.py:538} INFO - Filling up the DagBag from /home/airflow/.local/lib/python3.8/site-packages/airflow/example_dags/example_xcom.py
[2026-02-10T20:25:57.528+0000] {processor.py:840} INFO - DAG(s) 'example_xcom' retrieved from /home/airflow/.local/lib/python3.8/site-packages/airflow/example_dags/example_xcom.py
[2026-02-10T20:25:57.537+0000] {logging_mixin.py:188} INFO - [2026-02-10T20:25:57.537+0000] {dag.py:3036} INFO - Sync 1 DAGs
[2026-02-10T20:25:57.547+0000] {logging_mixin.py:188} INFO - [2026-02-10T20:25:57.547+0000] {dag.py:3823} INFO - Setting next_dagrun for example_xcom to 2021-01-01 00:00:00+00:00, run_after=2021-01-01 00:00:00+00:00
[2026-02-10T20:25:57.554+0000] {processor.py:183} INFO - Processing /home/airflow/.local/lib/python3.8/site-packages/airflow/example_dags/example_xcom.py took 0.034 seconds
[2026-02-10T20:26:27.935+0000] {processor.py:161} INFO - Started process (PID=456) to work on /home/airflow/.local/lib/python3.8/site-packages/airflow/example_dags/example_xcom.py
[2026-02-10T20:26:27.935+0000] {processor.py:830} INFO - Processing file /home/airflow/.local/lib/python3.8/site-packages/airflow/example_dags/example_xcom.py for tasks to queue
[2026-02-10T20:26:27.936+0000] {logging_mixin.py:188} INFO - [2026-02-10T20:26:27.936+0000] {dagbag.py:538} INFO - Filling up the DagBag from /home/airflow/.local/lib/python3.8/site-packages/airflow/example_dags/example_xcom.py
[2026-02-10T20:26:27.939+0000] {processor.py:840} INFO - DAG(s) 'example_xcom' retrieved from /home/airflow/.local/lib/python3.8/site-packages/airflow/example_dags/example_xcom.py
[2026-02-10T20:26:27.953+0000] {logging_mixin.py:188} INFO - [2026-02-10T20:26:27.953+0000] {dag.py:3036} INFO - Sync 1 DAGs
[2026-02-10T20:26:27.960+0000] {logging_mixin.py:188} INFO - [2026-02-10T20:26:27.960+0000] {dag.py:3823} INFO - Setting next_dagrun for example_xcom to 2021-01-01 00:00:00+00:00, run_after=2021-01-01 00:00:00+00:00
[2026-02-10T20:26:27.967+0000] {processor.py:183} INFO - Processing /home/airflow/.local/lib/python3.8/site-packages/airflow/example_dags/example_xcom.py took 0.033 seconds
[2026-02-10T20:26:58.329+0000] {processor.py:161} INFO - Started process (PID=511) to work on /home/airflow/.local/lib/python3.8/site-packages/airflow/example_dags/example_xcom.py
[2026-02-10T20:26:58.329+0000] {processor.py:830} INFO - Processing file /home/airflow/.local/lib/python3.8/site-packages/airflow/example_dags/example_xcom.py for tasks to queue
[2026-02-10T20:26:58.330+0000] {logging_mixin.py:188} INFO - [2026-02-10T20:26:58.330+0000] {dagbag.py:538} INFO - Filling up the DagBag from /home/airflow/.local/lib/python3.8/site-packages/airflow/example_dags/example_xcom.py
[2026-02-10T20:26:58.333+0000] {processor.py:840} INFO - DAG(s) 'example_xcom' retrieved from /home/airflow/.local/lib/python3.8/site-packages/airflow/example_dags/example_xcom.py
[2026-02-10T20:26:58.341+0000] {logging_mixin.py:188} INFO - [2026-02-10T20:26:58.341+0000] {dag.py:3036} INFO - Sync 1 DAGs
[2026-02-10T20:26:58.349+0000] {logging_mixin.py:188} INFO - [2026-02-10T20:26:58.348+0000] {dag.py:3823} INFO - Setting next_dagrun for example_xcom to 2021-01-01 00:00:00+00:00, run_after=2021-01-01 00:00:00+00:00
[2026-02-10T20:26:58.354+0000] {processor.py:183} INFO - Processing /home/airflow/.local/lib/python3.8/site-packages/airflow/example_dags/example_xcom.py took 0.026 seconds
[2026-02-10T20:27:28.691+0000] {processor.py:161} INFO - Started process (PID=566) to work on /home/airflow/.local/lib/python3.8/site-packages/airflow/example_dags/example_xcom.py
[2026-02-10T20:27:28.691+0000] {processor.py:830} INFO - Processing file /home/airflow/.local/lib/python3.8/site-packages/airflow/example_dags/example_xcom.py for tasks to queue
[2026-02-10T20:27:28.692+0000] {logging_mixin.py:188} INFO - [2026-02-10T20:27:28.692+0000] {dagbag.py:538} INFO - Filling up the DagBag from /home/airflow/.local/lib/python3.8/site-packages/airflow/example_dags/example_xcom.py
[2026-02-10T20:27:28.695+0000] {processor.py:840} INFO - DAG(s) 'example_xcom' retrieved from /home/airflow/.local/lib/python3.8/site-packages/airflow/example_dags/example_xcom.py
[2026-02-10T20:27:28.702+0000] {logging_mixin.py:188} INFO - [2026-02-10T20:27:28.702+0000] {dag.py:3036} INFO - Sync 1 DAGs
[2026-02-10T20:27:28.709+0000] {logging_mixin.py:188} INFO - [2026-02-10T20:27:28.709+0000] {dag.py:3823} INFO - Setting next_dagrun for example_xcom to 2021-01-01 00:00:00+00:00, run_after=2021-01-01 00:00:00+00:00
[2026-02-10T20:27:28.714+0000] {processor.py:183} INFO - Processing /home/airflow/.local/lib/python3.8/site-packages/airflow/example_dags/example_xcom.py took 0.024 seconds
[2026-02-10T20:27:59.136+0000] {processor.py:161} INFO - Started process (PID=620) to work on /home/airflow/.local/lib/python3.8/site-packages/airflow/example_dags/example_xcom.py
[2026-02-10T20:27:59.137+0000] {processor.py:830} INFO - Processing file /home/airflow/.local/lib/python3.8/site-packages/airflow/example_dags/example_xcom.py for tasks to queue
[2026-02-10T20:27:59.137+0000] {logging_mixin.py:188} INFO - [2026-02-10T20:27:59.137+0000] {dagbag.py:538} INFO - Filling up the DagBag from /home/airflow/.local/lib/python3.8/site-packages/airflow/example_dags/example_xcom.py
[2026-02-10T20:27:59.140+0000] {processor.py:840} INFO - DAG(s) 'example_xcom' retrieved from /home/airflow/.local/lib/python3.8/site-packages/airflow/example_dags/example_xcom.py
[2026-02-10T20:27:59.147+0000] {logging_mixin.py:188} INFO - [2026-02-10T20:27:59.147+0000] {dag.py:3036} INFO - Sync 1 DAGs
[2026-02-10T20:27:59.154+0000] {logging_mixin.py:188} INFO - [2026-02-10T20:27:59.154+0000] {dag.py:3823} INFO - Setting next_dagrun for example_xcom to 2021-01-01 00:00:00+00:00, run_after=2021-01-01 00:00:00+00:00
[2026-02-10T20:27:59.159+0000] {processor.py:183} INFO - Processing /home/airflow/.local/lib/python3.8/site-packages/airflow/example_dags/example_xcom.py took 0.025 seconds
[2026-02-10T20:28:29.750+0000] {processor.py:161} INFO - Started process (PID=675) to work on /home/airflow/.local/lib/python3.8/site-packages/airflow/example_dags/example_xcom.py
[2026-02-10T20:28:29.751+0000] {processor.py:830} INFO - Processing file /home/airflow/.local/lib/python3.8/site-packages/airflow/example_dags/example_xcom.py for tasks to queue
[2026-02-10T20:28:29.753+0000] {logging_mixin.py:188} INFO - [2026-02-10T20:28:29.753+0000] {dagbag.py:538} INFO - Filling up the DagBag from /home/airflow/.local/lib/python3.8/site-packages/airflow/example_dags/example_xcom.py
[2026-02-10T20:28:29.756+0000] {processor.py:840} INFO - DAG(s) 'example_xcom' retrieved from /home/airflow/.local/lib/python3.8/site-packages/airflow/example_dags/example_xcom.py
[2026-02-10T20:28:29.766+0000] {logging_mixin.py:188} INFO - [2026-02-10T20:28:29.766+0000] {dag.py:3036} INFO - Sync 1 DAGs
[2026-02-10T20:28:29.774+0000] {logging_mixin.py:188} INFO - [2026-02-10T20:28:29.773+0000] {dag.py:3823} INFO - Setting next_dagrun for example_xcom to 2021-01-01 00:00:00+00:00, run_after=2021-01-01 00:00:00+00:00
[2026-02-10T20:28:29.783+0000] {processor.py:183} INFO - Processing /home/airflow/.local/lib/python3.8/site-packages/airflow/example_dags/example_xcom.py took 0.034 seconds
[2026-02-10T20:29:00.371+0000] {processor.py:161} INFO - Started process (PID=730) to work on /home/airflow/.local/lib/python3.8/site-packages/airflow/example_dags/example_xcom.py
[2026-02-10T20:29:00.373+0000] {processor.py:830} INFO - Processing file /home/airflow/.local/lib/python3.8/site-packages/airflow/example_dags/example_xcom.py for tasks to queue
[2026-02-10T20:29:00.374+0000] {logging_mixin.py:188} INFO - [2026-02-10T20:29:00.374+0000] {dagbag.py:538} INFO - Filling up the DagBag from /home/airflow/.local/lib/python3.8/site-packages/airflow/example_dags/example_xcom.py
[2026-02-10T20:29:00.378+0000] {processor.py:840} INFO - DAG(s) 'example_xcom' retrieved from /home/airflow/.local/lib/python3.8/site-packages/airflow/example_dags/example_xcom.py
[2026-02-10T20:29:00.393+0000] {logging_mixin.py:188} INFO - [2026-02-10T20:29:00.392+0000] {dag.py:3036} INFO - Sync 1 DAGs
[2026-02-10T20:29:00.404+0000] {logging_mixin.py:188} INFO - [2026-02-10T20:29:00.403+0000] {dag.py:3823} INFO - Setting next_dagrun for example_xcom to 2021-01-01 00:00:00+00:00, run_after=2021-01-01 00:00:00+00:00
[2026-02-10T20:29:00.410+0000] {processor.py:183} INFO - Processing /home/airflow/.local/lib/python3.8/site-packages/airflow/example_dags/example_xcom.py took 0.040 seconds
[2026-02-10T20:29:30.993+0000] {processor.py:161} INFO - Started process (PID=785) to work on /home/airflow/.local/lib/python3.8/site-packages/airflow/example_dags/example_xcom.py
[2026-02-10T20:29:30.994+0000] {processor.py:830} INFO - Processing file /home/airflow/.local/lib/python3.8/site-packages/airflow/example_dags/example_xcom.py for tasks to queue
[2026-02-10T20:29:30.994+0000] {logging_mixin.py:188} INFO - [2026-02-10T20:29:30.994+0000] {dagbag.py:538} INFO - Filling up the DagBag from /home/airflow/.local/lib/python3.8/site-packages/airflow/example_dags/example_xcom.py
[2026-02-10T20:29:30.997+0000] {processor.py:840} INFO - DAG(s) 'example_xcom' retrieved from /home/airflow/.local/lib/python3.8/site-packages/airflow/example_dags/example_xcom.py
[2026-02-10T20:29:31.004+0000] {logging_mixin.py:188} INFO - [2026-02-10T20:29:31.004+0000] {dag.py:3036} INFO - Sync 1 DAGs
[2026-02-10T20:29:31.011+0000] {logging_mixin.py:188} INFO - [2026-02-10T20:29:31.011+0000] {dag.py:3823} INFO - Setting next_dagrun for example_xcom to 2021-01-01 00:00:00+00:00, run_after=2021-01-01 00:00:00+00:00
[2026-02-10T20:29:31.016+0000] {processor.py:183} INFO - Processing /home/airflow/.local/lib/python3.8/site-packages/airflow/example_dags/example_xcom.py took 0.025 seconds
[2026-02-10T20:30:01.498+0000] {processor.py:161} INFO - Started process (PID=840) to work on /home/airflow/.local/lib/python3.8/site-packages/airflow/example_dags/example_xcom.py
[2026-02-10T20:30:01.499+0000] {processor.py:830} INFO - Processing file /home/airflow/.local/lib/python3.8/site-packages/airflow/example_dags/example_xcom.py for tasks to queue
[2026-02-10T20:30:01.500+0000] {logging_mixin.py:188} INFO - [2026-02-10T20:30:01.500+0000] {dagbag.py:538} INFO - Filling up the DagBag from /home/airflow/.local/lib/python3.8/site-packages/airflow/example_dags/example_xcom.py
[2026-02-10T20:30:01.504+0000] {processor.py:840} INFO - DAG(s) 'example_xcom' retrieved from /home/airflow/.local/lib/python3.8/site-packages/airflow/example_dags/example_xcom.py
[2026-02-10T20:30:01.517+0000] {logging_mixin.py:188} INFO - [2026-02-10T20:30:01.517+0000] {dag.py:3036} INFO - Sync 1 DAGs
[2026-02-10T20:30:01.529+0000] {logging_mixin.py:188} INFO - [2026-02-10T20:30:01.529+0000] {dag.py:3823} INFO - Setting next_dagrun for example_xcom to 2021-01-01 00:00:00+00:00, run_after=2021-01-01 00:00:00+00:00
[2026-02-10T20:30:01.535+0000] {processor.py:183} INFO - Processing /home/airflow/.local/lib/python3.8/site-packages/airflow/example_dags/example_xcom.py took 0.038 seconds
[2026-02-10T20:30:31.926+0000] {processor.py:161} INFO - Started process (PID=895) to work on /home/airflow/.local/lib/python3.8/site-packages/airflow/example_dags/example_xcom.py
[2026-02-10T20:30:31.926+0000] {processor.py:830} INFO - Processing file /home/airflow/.local/lib/python3.8/site-packages/airflow/example_dags/example_xcom.py for tasks to queue
[2026-02-10T20:30:31.927+0000] {logging_mixin.py:188} INFO - [2026-02-10T20:30:31.927+0000] {dagbag.py:538} INFO - Filling up the DagBag from /home/airflow/.local/lib/python3.8/site-packages/airflow/example_dags/example_xcom.py
[2026-02-10T20:30:31.930+0000] {processor.py:840} INFO - DAG(s) 'example_xcom' retrieved from /home/airflow/.local/lib/python3.8/site-packages/airflow/example_dags/example_xcom.py
[2026-02-10T20:30:31.942+0000] {logging_mixin.py:188} INFO - [2026-02-10T20:30:31.941+0000] {dag.py:3036} INFO - Sync 1 DAGs
[2026-02-10T20:30:31.951+0000] {logging_mixin.py:188} INFO - [2026-02-10T20:30:31.949+0000] {dag.py:3823} INFO - Setting next_dagrun for example_xcom to 2021-01-01 00:00:00+00:00, run_after=2021-01-01 00:00:00+00:00
[2026-02-10T20:30:31.963+0000] {processor.py:183} INFO - Processing /home/airflow/.local/lib/python3.8/site-packages/airflow/example_dags/example_xcom.py took 0.038 seconds
[2026-02-10T20:31:02.394+0000] {processor.py:161} INFO - Started process (PID=950) to work on /home/airflow/.local/lib/python3.8/site-packages/airflow/example_dags/example_xcom.py
[2026-02-10T20:31:02.395+0000] {processor.py:830} INFO - Processing file /home/airflow/.local/lib/python3.8/site-packages/airflow/example_dags/example_xcom.py for tasks to queue
[2026-02-10T20:31:02.395+0000] {logging_mixin.py:188} INFO - [2026-02-10T20:31:02.395+0000] {dagbag.py:538} INFO - Filling up the DagBag from /home/airflow/.local/lib/python3.8/site-packages/airflow/example_dags/example_xcom.py
[2026-02-10T20:31:02.398+0000] {processor.py:840} INFO - DAG(s) 'example_xcom' retrieved from /home/airflow/.local/lib/python3.8/site-packages/airflow/example_dags/example_xcom.py
[2026-02-10T20:31:02.409+0000] {logging_mixin.py:188} INFO - [2026-02-10T20:31:02.409+0000] {dag.py:3036} INFO - Sync 1 DAGs
[2026-02-10T20:31:02.418+0000] {logging_mixin.py:188} INFO - [2026-02-10T20:31:02.418+0000] {dag.py:3823} INFO - Setting next_dagrun for example_xcom to 2021-01-01 00:00:00+00:00, run_after=2021-01-01 00:00:00+00:00
[2026-02-10T20:31:02.428+0000] {processor.py:183} INFO - Processing /home/airflow/.local/lib/python3.8/site-packages/airflow/example_dags/example_xcom.py took 0.035 seconds
[2026-02-10T20:31:32.755+0000] {processor.py:161} INFO - Started process (PID=1005) to work on /home/airflow/.local/lib/python3.8/site-packages/airflow/example_dags/example_xcom.py
[2026-02-10T20:31:32.755+0000] {processor.py:830} INFO - Processing file /home/airflow/.local/lib/python3.8/site-packages/airflow/example_dags/example_xcom.py for tasks to queue
[2026-02-10T20:31:32.756+0000] {logging_mixin.py:188} INFO - [2026-02-10T20:31:32.756+0000] {dagbag.py:538} INFO - Filling up the DagBag from /home/airflow/.local/lib/python3.8/site-packages/airflow/example_dags/example_xcom.py
[2026-02-10T20:31:32.759+0000] {processor.py:840} INFO - DAG(s) 'example_xcom' retrieved from /home/airflow/.local/lib/python3.8/site-packages/airflow/example_dags/example_xcom.py
[2026-02-10T20:31:32.766+0000] {logging_mixin.py:188} INFO - [2026-02-10T20:31:32.766+0000] {dag.py:3036} INFO - Sync 1 DAGs
[2026-02-10T20:31:32.773+0000] {logging_mixin.py:188} INFO - [2026-02-10T20:31:32.773+0000] {dag.py:3823} INFO - Setting next_dagrun for example_xcom to 2021-01-01 00:00:00+00:00, run_after=2021-01-01 00:00:00+00:00
[2026-02-10T20:31:32.779+0000] {processor.py:183} INFO - Processing /home/airflow/.local/lib/python3.8/site-packages/airflow/example_dags/example_xcom.py took 0.025 seconds
[2026-02-10T20:32:03.160+0000] {processor.py:161} INFO - Started process (PID=1060) to work on /home/airflow/.local/lib/python3.8/site-packages/airflow/example_dags/example_xcom.py
[2026-02-10T20:32:03.160+0000] {processor.py:830} INFO - Processing file /home/airflow/.local/lib/python3.8/site-packages/airflow/example_dags/example_xcom.py for tasks to queue
[2026-02-10T20:32:03.160+0000] {logging_mixin.py:188} INFO - [2026-02-10T20:32:03.160+0000] {dagbag.py:538} INFO - Filling up the DagBag from /home/airflow/.local/lib/python3.8/site-packages/airflow/example_dags/example_xcom.py
[2026-02-10T20:32:03.163+0000] {processor.py:840} INFO - DAG(s) 'example_xcom' retrieved from /home/airflow/.local/lib/python3.8/site-packages/airflow/example_dags/example_xcom.py
[2026-02-10T20:32:03.170+0000] {logging_mixin.py:188} INFO - [2026-02-10T20:32:03.170+0000] {dag.py:3036} INFO - Sync 1 DAGs
[2026-02-10T20:32:03.177+0000] {logging_mixin.py:188} INFO - [2026-02-10T20:32:03.176+0000] {dag.py:3823} INFO - Setting next_dagrun for example_xcom to 2021-01-01 00:00:00+00:00, run_after=2021-01-01 00:00:00+00:00
[2026-02-10T20:32:03.182+0000] {processor.py:183} INFO - Processing /home/airflow/.local/lib/python3.8/site-packages/airflow/example_dags/example_xcom.py took 0.023 seconds
[2026-02-10T20:32:33.481+0000] {processor.py:161} INFO - Started process (PID=1115) to work on /home/airflow/.local/lib/python3.8/site-packages/airflow/example_dags/example_xcom.py
[2026-02-10T20:32:33.481+0000] {processor.py:830} INFO - Processing file /home/airflow/.local/lib/python3.8/site-packages/airflow/example_dags/example_xcom.py for tasks to queue
[2026-02-10T20:32:33.482+0000] {logging_mixin.py:188} INFO - [2026-02-10T20:32:33.482+0000] {dagbag.py:538} INFO - Filling up the DagBag from /home/airflow/.local/lib/python3.8/site-packages/airflow/example_dags/example_xcom.py
[2026-02-10T20:32:33.484+0000] {processor.py:840} INFO - DAG(s) 'example_xcom' retrieved from /home/airflow/.local/lib/python3.8/site-packages/airflow/example_dags/example_xcom.py
[2026-02-10T20:32:33.492+0000] {logging_mixin.py:188} INFO - [2026-02-10T20:32:33.492+0000] {dag.py:3036} INFO - Sync 1 DAGs
[2026-02-10T20:32:33.498+0000] {logging_mixin.py:188} INFO - [2026-02-10T20:32:33.498+0000] {dag.py:3823} INFO - Setting next_dagrun for example_xcom to 2021-01-01 00:00:00+00:00, run_after=2021-01-01 00:00:00+00:00
[2026-02-10T20:32:33.503+0000] {processor.py:183} INFO - Processing /home/airflow/.local/lib/python3.8/site-packages/airflow/example_dags/example_xcom.py took 0.024 seconds
[2026-02-10T20:33:04.027+0000] {processor.py:161} INFO - Started process (PID=1171) to work on /home/airflow/.local/lib/python3.8/site-packages/airflow/example_dags/example_xcom.py
[2026-02-10T20:33:04.027+0000] {processor.py:830} INFO - Processing file /home/airflow/.local/lib/python3.8/site-packages/airflow/example_dags/example_xcom.py for tasks to queue
[2026-02-10T20:33:04.028+0000] {logging_mixin.py:188} INFO - [2026-02-10T20:33:04.028+0000] {dagbag.py:538} INFO - Filling up the DagBag from /home/airflow/.local/lib/python3.8/site-packages/airflow/example_dags/example_xcom.py
[2026-02-10T20:33:04.031+0000] {processor.py:840} INFO - DAG(s) 'example_xcom' retrieved from /home/airflow/.local/lib/python3.8/site-packages/airflow/example_dags/example_xcom.py
[2026-02-10T20:33:04.042+0000] {logging_mixin.py:188} INFO - [2026-02-10T20:33:04.042+0000] {dag.py:3036} INFO - Sync 1 DAGs
[2026-02-10T20:33:04.050+0000] {logging_mixin.py:188} INFO - [2026-02-10T20:33:04.050+0000] {dag.py:3823} INFO - Setting next_dagrun for example_xcom to 2021-01-01 00:00:00+00:00, run_after=2021-01-01 00:00:00+00:00
[2026-02-10T20:33:04.056+0000] {processor.py:183} INFO - Processing /home/airflow/.local/lib/python3.8/site-packages/airflow/example_dags/example_xcom.py took 0.032 seconds
[2026-02-10T20:33:34.441+0000] {processor.py:161} INFO - Started process (PID=1227) to work on /home/airflow/.local/lib/python3.8/site-packages/airflow/example_dags/example_xcom.py
[2026-02-10T20:33:34.441+0000] {processor.py:830} INFO - Processing file /home/airflow/.local/lib/python3.8/site-packages/airflow/example_dags/example_xcom.py for tasks to queue
[2026-02-10T20:33:34.442+0000] {logging_mixin.py:188} INFO - [2026-02-10T20:33:34.442+0000] {dagbag.py:538} INFO - Filling up the DagBag from /home/airflow/.local/lib/python3.8/site-packages/airflow/example_dags/example_xcom.py
[2026-02-10T20:33:34.444+0000] {processor.py:840} INFO - DAG(s) 'example_xcom' retrieved from /home/airflow/.local/lib/python3.8/site-packages/airflow/example_dags/example_xcom.py
[2026-02-10T20:33:34.452+0000] {logging_mixin.py:188} INFO - [2026-02-10T20:33:34.452+0000] {dag.py:3036} INFO - Sync 1 DAGs
[2026-02-10T20:33:34.459+0000] {logging_mixin.py:188} INFO - [2026-02-10T20:33:34.459+0000] {dag.py:3823} INFO - Setting next_dagrun for example_xcom to 2021-01-01 00:00:00+00:00, run_after=2021-01-01 00:00:00+00:00
[2026-02-10T20:33:34.465+0000] {processor.py:183} INFO - Processing /home/airflow/.local/lib/python3.8/site-packages/airflow/example_dags/example_xcom.py took 0.025 seconds
[2026-02-10T20:34:04.844+0000] {processor.py:161} INFO - Started process (PID=1283) to work on /home/airflow/.local/lib/python3.8/site-packages/airflow/example_dags/example_xcom.py
[2026-02-10T20:34:04.845+0000] {processor.py:830} INFO - Processing file /home/airflow/.local/lib/python3.8/site-packages/airflow/example_dags/example_xcom.py for tasks to queue
[2026-02-10T20:34:04.846+0000] {logging_mixin.py:188} INFO - [2026-02-10T20:34:04.846+0000] {dagbag.py:538} INFO - Filling up the DagBag from /home/airflow/.local/lib/python3.8/site-packages/airflow/example_dags/example_xcom.py
[2026-02-10T20:34:04.849+0000] {processor.py:840} INFO - DAG(s) 'example_xcom' retrieved from /home/airflow/.local/lib/python3.8/site-packages/airflow/example_dags/example_xcom.py
[2026-02-10T20:34:04.858+0000] {logging_mixin.py:188} INFO - [2026-02-10T20:34:04.858+0000] {dag.py:3036} INFO - Sync 1 DAGs
[2026-02-10T20:34:04.866+0000] {logging_mixin.py:188} INFO - [2026-02-10T20:34:04.866+0000] {dag.py:3823} INFO - Setting next_dagrun for example_xcom to 2021-01-01 00:00:00+00:00, run_after=2021-01-01 00:00:00+00:00
[2026-02-10T20:34:04.873+0000] {processor.py:183} INFO - Processing /home/airflow/.local/lib/python3.8/site-packages/airflow/example_dags/example_xcom.py took 0.031 seconds
