[2026-02-10T20:22:53.835+0000] {processor.py:161} INFO - Started process (PID=50) to work on /home/airflow/.local/lib/python3.8/site-packages/airflow/example_dags/example_dag_decorator.py
[2026-02-10T20:22:53.836+0000] {processor.py:830} INFO - Processing file /home/airflow/.local/lib/python3.8/site-packages/airflow/example_dags/example_dag_decorator.py for tasks to queue
[2026-02-10T20:22:53.838+0000] {logging_mixin.py:188} INFO - [2026-02-10T20:22:53.838+0000] {dagbag.py:538} INFO - Filling up the DagBag from /home/airflow/.local/lib/python3.8/site-packages/airflow/example_dags/example_dag_decorator.py
[2026-02-10T20:22:53.960+0000] {processor.py:840} INFO - DAG(s) 'example_dag_decorator' retrieved from /home/airflow/.local/lib/python3.8/site-packages/airflow/example_dags/example_dag_decorator.py
[2026-02-10T20:22:53.993+0000] {logging_mixin.py:188} INFO - [2026-02-10T20:22:53.993+0000] {dag.py:3036} INFO - Sync 1 DAGs
[2026-02-10T20:22:54.016+0000] {logging_mixin.py:188} INFO - [2026-02-10T20:22:54.015+0000] {dag.py:3823} INFO - Setting next_dagrun for example_dag_decorator to None, run_after=None
[2026-02-10T20:22:54.036+0000] {processor.py:183} INFO - Processing /home/airflow/.local/lib/python3.8/site-packages/airflow/example_dags/example_dag_decorator.py took 0.203 seconds
[2026-02-10T20:23:24.089+0000] {processor.py:161} INFO - Started process (PID=105) to work on /home/airflow/.local/lib/python3.8/site-packages/airflow/example_dags/example_dag_decorator.py
[2026-02-10T20:23:24.092+0000] {processor.py:830} INFO - Processing file /home/airflow/.local/lib/python3.8/site-packages/airflow/example_dags/example_dag_decorator.py for tasks to queue
[2026-02-10T20:23:24.093+0000] {logging_mixin.py:188} INFO - [2026-02-10T20:23:24.093+0000] {dagbag.py:538} INFO - Filling up the DagBag from /home/airflow/.local/lib/python3.8/site-packages/airflow/example_dags/example_dag_decorator.py
[2026-02-10T20:23:24.127+0000] {processor.py:840} INFO - DAG(s) 'example_dag_decorator' retrieved from /home/airflow/.local/lib/python3.8/site-packages/airflow/example_dags/example_dag_decorator.py
[2026-02-10T20:23:24.170+0000] {logging_mixin.py:188} INFO - [2026-02-10T20:23:24.170+0000] {dag.py:3036} INFO - Sync 1 DAGs
[2026-02-10T20:23:24.174+0000] {logging_mixin.py:188} INFO - [2026-02-10T20:23:24.174+0000] {dag.py:3823} INFO - Setting next_dagrun for example_dag_decorator to None, run_after=None
[2026-02-10T20:23:24.187+0000] {processor.py:183} INFO - Processing /home/airflow/.local/lib/python3.8/site-packages/airflow/example_dags/example_dag_decorator.py took 0.100 seconds
[2026-02-10T20:23:55.107+0000] {processor.py:161} INFO - Started process (PID=160) to work on /home/airflow/.local/lib/python3.8/site-packages/airflow/example_dags/example_dag_decorator.py
[2026-02-10T20:23:55.110+0000] {processor.py:830} INFO - Processing file /home/airflow/.local/lib/python3.8/site-packages/airflow/example_dags/example_dag_decorator.py for tasks to queue
[2026-02-10T20:23:55.111+0000] {logging_mixin.py:188} INFO - [2026-02-10T20:23:55.111+0000] {dagbag.py:538} INFO - Filling up the DagBag from /home/airflow/.local/lib/python3.8/site-packages/airflow/example_dags/example_dag_decorator.py
[2026-02-10T20:23:55.155+0000] {processor.py:840} INFO - DAG(s) 'example_dag_decorator' retrieved from /home/airflow/.local/lib/python3.8/site-packages/airflow/example_dags/example_dag_decorator.py
[2026-02-10T20:23:55.202+0000] {logging_mixin.py:188} INFO - [2026-02-10T20:23:55.202+0000] {dag.py:3036} INFO - Sync 1 DAGs
[2026-02-10T20:23:55.207+0000] {logging_mixin.py:188} INFO - [2026-02-10T20:23:55.207+0000] {dag.py:3823} INFO - Setting next_dagrun for example_dag_decorator to None, run_after=None
[2026-02-10T20:23:55.217+0000] {processor.py:183} INFO - Processing /home/airflow/.local/lib/python3.8/site-packages/airflow/example_dags/example_dag_decorator.py took 0.112 seconds
[2026-02-10T20:24:25.530+0000] {processor.py:161} INFO - Started process (PID=215) to work on /home/airflow/.local/lib/python3.8/site-packages/airflow/example_dags/example_dag_decorator.py
[2026-02-10T20:24:25.531+0000] {processor.py:830} INFO - Processing file /home/airflow/.local/lib/python3.8/site-packages/airflow/example_dags/example_dag_decorator.py for tasks to queue
[2026-02-10T20:24:25.536+0000] {logging_mixin.py:188} INFO - [2026-02-10T20:24:25.536+0000] {dagbag.py:538} INFO - Filling up the DagBag from /home/airflow/.local/lib/python3.8/site-packages/airflow/example_dags/example_dag_decorator.py
[2026-02-10T20:24:25.574+0000] {processor.py:840} INFO - DAG(s) 'example_dag_decorator' retrieved from /home/airflow/.local/lib/python3.8/site-packages/airflow/example_dags/example_dag_decorator.py
[2026-02-10T20:24:25.627+0000] {logging_mixin.py:188} INFO - [2026-02-10T20:24:25.627+0000] {dag.py:3036} INFO - Sync 1 DAGs
[2026-02-10T20:24:25.632+0000] {logging_mixin.py:188} INFO - [2026-02-10T20:24:25.632+0000] {dag.py:3823} INFO - Setting next_dagrun for example_dag_decorator to None, run_after=None
[2026-02-10T20:24:25.641+0000] {processor.py:183} INFO - Processing /home/airflow/.local/lib/python3.8/site-packages/airflow/example_dags/example_dag_decorator.py took 0.112 seconds
[2026-02-10T20:24:56.027+0000] {processor.py:161} INFO - Started process (PID=270) to work on /home/airflow/.local/lib/python3.8/site-packages/airflow/example_dags/example_dag_decorator.py
[2026-02-10T20:24:56.031+0000] {processor.py:830} INFO - Processing file /home/airflow/.local/lib/python3.8/site-packages/airflow/example_dags/example_dag_decorator.py for tasks to queue
[2026-02-10T20:24:56.032+0000] {logging_mixin.py:188} INFO - [2026-02-10T20:24:56.032+0000] {dagbag.py:538} INFO - Filling up the DagBag from /home/airflow/.local/lib/python3.8/site-packages/airflow/example_dags/example_dag_decorator.py
[2026-02-10T20:24:56.079+0000] {processor.py:840} INFO - DAG(s) 'example_dag_decorator' retrieved from /home/airflow/.local/lib/python3.8/site-packages/airflow/example_dags/example_dag_decorator.py
[2026-02-10T20:24:56.129+0000] {logging_mixin.py:188} INFO - [2026-02-10T20:24:56.129+0000] {dag.py:3036} INFO - Sync 1 DAGs
[2026-02-10T20:24:56.134+0000] {logging_mixin.py:188} INFO - [2026-02-10T20:24:56.134+0000] {dag.py:3823} INFO - Setting next_dagrun for example_dag_decorator to None, run_after=None
[2026-02-10T20:24:56.141+0000] {processor.py:183} INFO - Processing /home/airflow/.local/lib/python3.8/site-packages/airflow/example_dags/example_dag_decorator.py took 0.116 seconds
[2026-02-10T20:25:26.621+0000] {processor.py:161} INFO - Started process (PID=325) to work on /home/airflow/.local/lib/python3.8/site-packages/airflow/example_dags/example_dag_decorator.py
[2026-02-10T20:25:26.622+0000] {processor.py:830} INFO - Processing file /home/airflow/.local/lib/python3.8/site-packages/airflow/example_dags/example_dag_decorator.py for tasks to queue
[2026-02-10T20:25:26.624+0000] {logging_mixin.py:188} INFO - [2026-02-10T20:25:26.624+0000] {dagbag.py:538} INFO - Filling up the DagBag from /home/airflow/.local/lib/python3.8/site-packages/airflow/example_dags/example_dag_decorator.py
[2026-02-10T20:25:26.684+0000] {processor.py:840} INFO - DAG(s) 'example_dag_decorator' retrieved from /home/airflow/.local/lib/python3.8/site-packages/airflow/example_dags/example_dag_decorator.py
[2026-02-10T20:25:26.737+0000] {logging_mixin.py:188} INFO - [2026-02-10T20:25:26.737+0000] {dag.py:3036} INFO - Sync 1 DAGs
[2026-02-10T20:25:26.742+0000] {logging_mixin.py:188} INFO - [2026-02-10T20:25:26.742+0000] {dag.py:3823} INFO - Setting next_dagrun for example_dag_decorator to None, run_after=None
[2026-02-10T20:25:26.749+0000] {processor.py:183} INFO - Processing /home/airflow/.local/lib/python3.8/site-packages/airflow/example_dags/example_dag_decorator.py took 0.131 seconds
[2026-02-10T20:25:57.131+0000] {processor.py:161} INFO - Started process (PID=386) to work on /home/airflow/.local/lib/python3.8/site-packages/airflow/example_dags/example_dag_decorator.py
[2026-02-10T20:25:57.135+0000] {processor.py:830} INFO - Processing file /home/airflow/.local/lib/python3.8/site-packages/airflow/example_dags/example_dag_decorator.py for tasks to queue
[2026-02-10T20:25:57.140+0000] {logging_mixin.py:188} INFO - [2026-02-10T20:25:57.139+0000] {dagbag.py:538} INFO - Filling up the DagBag from /home/airflow/.local/lib/python3.8/site-packages/airflow/example_dags/example_dag_decorator.py
[2026-02-10T20:25:57.188+0000] {processor.py:840} INFO - DAG(s) 'example_dag_decorator' retrieved from /home/airflow/.local/lib/python3.8/site-packages/airflow/example_dags/example_dag_decorator.py
[2026-02-10T20:25:57.231+0000] {logging_mixin.py:188} INFO - [2026-02-10T20:25:57.230+0000] {dag.py:3036} INFO - Sync 1 DAGs
[2026-02-10T20:25:57.235+0000] {logging_mixin.py:188} INFO - [2026-02-10T20:25:57.234+0000] {dag.py:3823} INFO - Setting next_dagrun for example_dag_decorator to None, run_after=None
[2026-02-10T20:25:57.241+0000] {processor.py:183} INFO - Processing /home/airflow/.local/lib/python3.8/site-packages/airflow/example_dags/example_dag_decorator.py took 0.113 seconds
[2026-02-10T20:26:27.551+0000] {processor.py:161} INFO - Started process (PID=441) to work on /home/airflow/.local/lib/python3.8/site-packages/airflow/example_dags/example_dag_decorator.py
[2026-02-10T20:26:27.554+0000] {processor.py:830} INFO - Processing file /home/airflow/.local/lib/python3.8/site-packages/airflow/example_dags/example_dag_decorator.py for tasks to queue
[2026-02-10T20:26:27.556+0000] {logging_mixin.py:188} INFO - [2026-02-10T20:26:27.556+0000] {dagbag.py:538} INFO - Filling up the DagBag from /home/airflow/.local/lib/python3.8/site-packages/airflow/example_dags/example_dag_decorator.py
[2026-02-10T20:26:27.600+0000] {processor.py:840} INFO - DAG(s) 'example_dag_decorator' retrieved from /home/airflow/.local/lib/python3.8/site-packages/airflow/example_dags/example_dag_decorator.py
[2026-02-10T20:26:27.637+0000] {logging_mixin.py:188} INFO - [2026-02-10T20:26:27.637+0000] {dag.py:3036} INFO - Sync 1 DAGs
[2026-02-10T20:26:27.641+0000] {logging_mixin.py:188} INFO - [2026-02-10T20:26:27.641+0000] {dag.py:3823} INFO - Setting next_dagrun for example_dag_decorator to None, run_after=None
[2026-02-10T20:26:27.651+0000] {processor.py:183} INFO - Processing /home/airflow/.local/lib/python3.8/site-packages/airflow/example_dags/example_dag_decorator.py took 0.104 seconds
[2026-02-10T20:26:57.924+0000] {processor.py:161} INFO - Started process (PID=496) to work on /home/airflow/.local/lib/python3.8/site-packages/airflow/example_dags/example_dag_decorator.py
[2026-02-10T20:26:57.928+0000] {processor.py:830} INFO - Processing file /home/airflow/.local/lib/python3.8/site-packages/airflow/example_dags/example_dag_decorator.py for tasks to queue
[2026-02-10T20:26:57.930+0000] {logging_mixin.py:188} INFO - [2026-02-10T20:26:57.930+0000] {dagbag.py:538} INFO - Filling up the DagBag from /home/airflow/.local/lib/python3.8/site-packages/airflow/example_dags/example_dag_decorator.py
[2026-02-10T20:26:57.970+0000] {processor.py:840} INFO - DAG(s) 'example_dag_decorator' retrieved from /home/airflow/.local/lib/python3.8/site-packages/airflow/example_dags/example_dag_decorator.py
[2026-02-10T20:26:58.011+0000] {logging_mixin.py:188} INFO - [2026-02-10T20:26:58.011+0000] {dag.py:3036} INFO - Sync 1 DAGs
[2026-02-10T20:26:58.017+0000] {logging_mixin.py:188} INFO - [2026-02-10T20:26:58.017+0000] {dag.py:3823} INFO - Setting next_dagrun for example_dag_decorator to None, run_after=None
[2026-02-10T20:26:58.026+0000] {processor.py:183} INFO - Processing /home/airflow/.local/lib/python3.8/site-packages/airflow/example_dags/example_dag_decorator.py took 0.104 seconds
[2026-02-10T20:27:28.296+0000] {processor.py:161} INFO - Started process (PID=551) to work on /home/airflow/.local/lib/python3.8/site-packages/airflow/example_dags/example_dag_decorator.py
[2026-02-10T20:27:28.299+0000] {processor.py:830} INFO - Processing file /home/airflow/.local/lib/python3.8/site-packages/airflow/example_dags/example_dag_decorator.py for tasks to queue
[2026-02-10T20:27:28.301+0000] {logging_mixin.py:188} INFO - [2026-02-10T20:27:28.301+0000] {dagbag.py:538} INFO - Filling up the DagBag from /home/airflow/.local/lib/python3.8/site-packages/airflow/example_dags/example_dag_decorator.py
[2026-02-10T20:27:28.343+0000] {processor.py:840} INFO - DAG(s) 'example_dag_decorator' retrieved from /home/airflow/.local/lib/python3.8/site-packages/airflow/example_dags/example_dag_decorator.py
[2026-02-10T20:27:28.381+0000] {logging_mixin.py:188} INFO - [2026-02-10T20:27:28.381+0000] {dag.py:3036} INFO - Sync 1 DAGs
[2026-02-10T20:27:28.386+0000] {logging_mixin.py:188} INFO - [2026-02-10T20:27:28.386+0000] {dag.py:3823} INFO - Setting next_dagrun for example_dag_decorator to None, run_after=None
[2026-02-10T20:27:28.396+0000] {processor.py:183} INFO - Processing /home/airflow/.local/lib/python3.8/site-packages/airflow/example_dags/example_dag_decorator.py took 0.102 seconds
[2026-02-10T20:27:58.714+0000] {processor.py:161} INFO - Started process (PID=605) to work on /home/airflow/.local/lib/python3.8/site-packages/airflow/example_dags/example_dag_decorator.py
[2026-02-10T20:27:58.715+0000] {processor.py:830} INFO - Processing file /home/airflow/.local/lib/python3.8/site-packages/airflow/example_dags/example_dag_decorator.py for tasks to queue
[2026-02-10T20:27:58.717+0000] {logging_mixin.py:188} INFO - [2026-02-10T20:27:58.717+0000] {dagbag.py:538} INFO - Filling up the DagBag from /home/airflow/.local/lib/python3.8/site-packages/airflow/example_dags/example_dag_decorator.py
[2026-02-10T20:27:58.765+0000] {processor.py:840} INFO - DAG(s) 'example_dag_decorator' retrieved from /home/airflow/.local/lib/python3.8/site-packages/airflow/example_dags/example_dag_decorator.py
[2026-02-10T20:27:58.809+0000] {logging_mixin.py:188} INFO - [2026-02-10T20:27:58.809+0000] {dag.py:3036} INFO - Sync 1 DAGs
[2026-02-10T20:27:58.813+0000] {logging_mixin.py:188} INFO - [2026-02-10T20:27:58.813+0000] {dag.py:3823} INFO - Setting next_dagrun for example_dag_decorator to None, run_after=None
[2026-02-10T20:27:58.822+0000] {processor.py:183} INFO - Processing /home/airflow/.local/lib/python3.8/site-packages/airflow/example_dags/example_dag_decorator.py took 0.110 seconds
[2026-02-10T20:28:29.286+0000] {processor.py:161} INFO - Started process (PID=660) to work on /home/airflow/.local/lib/python3.8/site-packages/airflow/example_dags/example_dag_decorator.py
[2026-02-10T20:28:29.289+0000] {processor.py:830} INFO - Processing file /home/airflow/.local/lib/python3.8/site-packages/airflow/example_dags/example_dag_decorator.py for tasks to queue
[2026-02-10T20:28:29.292+0000] {logging_mixin.py:188} INFO - [2026-02-10T20:28:29.292+0000] {dagbag.py:538} INFO - Filling up the DagBag from /home/airflow/.local/lib/python3.8/site-packages/airflow/example_dags/example_dag_decorator.py
[2026-02-10T20:28:29.370+0000] {processor.py:840} INFO - DAG(s) 'example_dag_decorator' retrieved from /home/airflow/.local/lib/python3.8/site-packages/airflow/example_dags/example_dag_decorator.py
[2026-02-10T20:28:29.420+0000] {logging_mixin.py:188} INFO - [2026-02-10T20:28:29.419+0000] {dag.py:3036} INFO - Sync 1 DAGs
[2026-02-10T20:28:29.424+0000] {logging_mixin.py:188} INFO - [2026-02-10T20:28:29.424+0000] {dag.py:3823} INFO - Setting next_dagrun for example_dag_decorator to None, run_after=None
[2026-02-10T20:28:29.430+0000] {processor.py:183} INFO - Processing /home/airflow/.local/lib/python3.8/site-packages/airflow/example_dags/example_dag_decorator.py took 0.150 seconds
[2026-02-10T20:28:59.906+0000] {processor.py:161} INFO - Started process (PID=715) to work on /home/airflow/.local/lib/python3.8/site-packages/airflow/example_dags/example_dag_decorator.py
[2026-02-10T20:28:59.907+0000] {processor.py:830} INFO - Processing file /home/airflow/.local/lib/python3.8/site-packages/airflow/example_dags/example_dag_decorator.py for tasks to queue
[2026-02-10T20:28:59.908+0000] {logging_mixin.py:188} INFO - [2026-02-10T20:28:59.908+0000] {dagbag.py:538} INFO - Filling up the DagBag from /home/airflow/.local/lib/python3.8/site-packages/airflow/example_dags/example_dag_decorator.py
[2026-02-10T20:28:59.968+0000] {processor.py:840} INFO - DAG(s) 'example_dag_decorator' retrieved from /home/airflow/.local/lib/python3.8/site-packages/airflow/example_dags/example_dag_decorator.py
[2026-02-10T20:29:00.021+0000] {logging_mixin.py:188} INFO - [2026-02-10T20:29:00.021+0000] {dag.py:3036} INFO - Sync 1 DAGs
[2026-02-10T20:29:00.025+0000] {logging_mixin.py:188} INFO - [2026-02-10T20:29:00.025+0000] {dag.py:3823} INFO - Setting next_dagrun for example_dag_decorator to None, run_after=None
[2026-02-10T20:29:00.034+0000] {processor.py:183} INFO - Processing /home/airflow/.local/lib/python3.8/site-packages/airflow/example_dags/example_dag_decorator.py took 0.131 seconds
[2026-02-10T20:29:30.580+0000] {processor.py:161} INFO - Started process (PID=770) to work on /home/airflow/.local/lib/python3.8/site-packages/airflow/example_dags/example_dag_decorator.py
[2026-02-10T20:29:30.585+0000] {processor.py:830} INFO - Processing file /home/airflow/.local/lib/python3.8/site-packages/airflow/example_dags/example_dag_decorator.py for tasks to queue
[2026-02-10T20:29:30.587+0000] {logging_mixin.py:188} INFO - [2026-02-10T20:29:30.587+0000] {dagbag.py:538} INFO - Filling up the DagBag from /home/airflow/.local/lib/python3.8/site-packages/airflow/example_dags/example_dag_decorator.py
[2026-02-10T20:29:30.637+0000] {processor.py:840} INFO - DAG(s) 'example_dag_decorator' retrieved from /home/airflow/.local/lib/python3.8/site-packages/airflow/example_dags/example_dag_decorator.py
[2026-02-10T20:29:30.681+0000] {logging_mixin.py:188} INFO - [2026-02-10T20:29:30.681+0000] {dag.py:3036} INFO - Sync 1 DAGs
[2026-02-10T20:29:30.685+0000] {logging_mixin.py:188} INFO - [2026-02-10T20:29:30.685+0000] {dag.py:3823} INFO - Setting next_dagrun for example_dag_decorator to None, run_after=None
[2026-02-10T20:29:30.701+0000] {processor.py:183} INFO - Processing /home/airflow/.local/lib/python3.8/site-packages/airflow/example_dags/example_dag_decorator.py took 0.124 seconds
[2026-02-10T20:30:01.061+0000] {processor.py:161} INFO - Started process (PID=825) to work on /home/airflow/.local/lib/python3.8/site-packages/airflow/example_dags/example_dag_decorator.py
[2026-02-10T20:30:01.065+0000] {processor.py:830} INFO - Processing file /home/airflow/.local/lib/python3.8/site-packages/airflow/example_dags/example_dag_decorator.py for tasks to queue
[2026-02-10T20:30:01.068+0000] {logging_mixin.py:188} INFO - [2026-02-10T20:30:01.068+0000] {dagbag.py:538} INFO - Filling up the DagBag from /home/airflow/.local/lib/python3.8/site-packages/airflow/example_dags/example_dag_decorator.py
[2026-02-10T20:30:01.115+0000] {processor.py:840} INFO - DAG(s) 'example_dag_decorator' retrieved from /home/airflow/.local/lib/python3.8/site-packages/airflow/example_dags/example_dag_decorator.py
[2026-02-10T20:30:01.161+0000] {logging_mixin.py:188} INFO - [2026-02-10T20:30:01.161+0000] {dag.py:3036} INFO - Sync 1 DAGs
[2026-02-10T20:30:01.166+0000] {logging_mixin.py:188} INFO - [2026-02-10T20:30:01.166+0000] {dag.py:3823} INFO - Setting next_dagrun for example_dag_decorator to None, run_after=None
[2026-02-10T20:30:01.174+0000] {processor.py:183} INFO - Processing /home/airflow/.local/lib/python3.8/site-packages/airflow/example_dags/example_dag_decorator.py took 0.116 seconds
[2026-02-10T20:30:31.514+0000] {processor.py:161} INFO - Started process (PID=880) to work on /home/airflow/.local/lib/python3.8/site-packages/airflow/example_dags/example_dag_decorator.py
[2026-02-10T20:30:31.518+0000] {processor.py:830} INFO - Processing file /home/airflow/.local/lib/python3.8/site-packages/airflow/example_dags/example_dag_decorator.py for tasks to queue
[2026-02-10T20:30:31.520+0000] {logging_mixin.py:188} INFO - [2026-02-10T20:30:31.520+0000] {dagbag.py:538} INFO - Filling up the DagBag from /home/airflow/.local/lib/python3.8/site-packages/airflow/example_dags/example_dag_decorator.py
[2026-02-10T20:30:31.560+0000] {processor.py:840} INFO - DAG(s) 'example_dag_decorator' retrieved from /home/airflow/.local/lib/python3.8/site-packages/airflow/example_dags/example_dag_decorator.py
[2026-02-10T20:30:31.602+0000] {logging_mixin.py:188} INFO - [2026-02-10T20:30:31.602+0000] {dag.py:3036} INFO - Sync 1 DAGs
[2026-02-10T20:30:31.606+0000] {logging_mixin.py:188} INFO - [2026-02-10T20:30:31.606+0000] {dag.py:3823} INFO - Setting next_dagrun for example_dag_decorator to None, run_after=None
[2026-02-10T20:30:31.612+0000] {processor.py:183} INFO - Processing /home/airflow/.local/lib/python3.8/site-packages/airflow/example_dags/example_dag_decorator.py took 0.102 seconds
[2026-02-10T20:31:01.882+0000] {processor.py:161} INFO - Started process (PID=935) to work on /home/airflow/.local/lib/python3.8/site-packages/airflow/example_dags/example_dag_decorator.py
[2026-02-10T20:31:01.888+0000] {processor.py:830} INFO - Processing file /home/airflow/.local/lib/python3.8/site-packages/airflow/example_dags/example_dag_decorator.py for tasks to queue
[2026-02-10T20:31:01.890+0000] {logging_mixin.py:188} INFO - [2026-02-10T20:31:01.890+0000] {dagbag.py:538} INFO - Filling up the DagBag from /home/airflow/.local/lib/python3.8/site-packages/airflow/example_dags/example_dag_decorator.py
[2026-02-10T20:31:01.951+0000] {processor.py:840} INFO - DAG(s) 'example_dag_decorator' retrieved from /home/airflow/.local/lib/python3.8/site-packages/airflow/example_dags/example_dag_decorator.py
[2026-02-10T20:31:02.008+0000] {logging_mixin.py:188} INFO - [2026-02-10T20:31:02.008+0000] {dag.py:3036} INFO - Sync 1 DAGs
[2026-02-10T20:31:02.013+0000] {logging_mixin.py:188} INFO - [2026-02-10T20:31:02.013+0000] {dag.py:3823} INFO - Setting next_dagrun for example_dag_decorator to None, run_after=None
[2026-02-10T20:31:02.024+0000] {processor.py:183} INFO - Processing /home/airflow/.local/lib/python3.8/site-packages/airflow/example_dags/example_dag_decorator.py took 0.145 seconds
[2026-02-10T20:31:32.344+0000] {processor.py:161} INFO - Started process (PID=990) to work on /home/airflow/.local/lib/python3.8/site-packages/airflow/example_dags/example_dag_decorator.py
[2026-02-10T20:31:32.345+0000] {processor.py:830} INFO - Processing file /home/airflow/.local/lib/python3.8/site-packages/airflow/example_dags/example_dag_decorator.py for tasks to queue
[2026-02-10T20:31:32.347+0000] {logging_mixin.py:188} INFO - [2026-02-10T20:31:32.346+0000] {dagbag.py:538} INFO - Filling up the DagBag from /home/airflow/.local/lib/python3.8/site-packages/airflow/example_dags/example_dag_decorator.py
[2026-02-10T20:31:32.389+0000] {processor.py:840} INFO - DAG(s) 'example_dag_decorator' retrieved from /home/airflow/.local/lib/python3.8/site-packages/airflow/example_dags/example_dag_decorator.py
[2026-02-10T20:31:32.427+0000] {logging_mixin.py:188} INFO - [2026-02-10T20:31:32.427+0000] {dag.py:3036} INFO - Sync 1 DAGs
[2026-02-10T20:31:32.431+0000] {logging_mixin.py:188} INFO - [2026-02-10T20:31:32.431+0000] {dag.py:3823} INFO - Setting next_dagrun for example_dag_decorator to None, run_after=None
[2026-02-10T20:31:32.438+0000] {processor.py:183} INFO - Processing /home/airflow/.local/lib/python3.8/site-packages/airflow/example_dags/example_dag_decorator.py took 0.096 seconds
[2026-02-10T20:32:02.748+0000] {processor.py:161} INFO - Started process (PID=1045) to work on /home/airflow/.local/lib/python3.8/site-packages/airflow/example_dags/example_dag_decorator.py
[2026-02-10T20:32:02.750+0000] {processor.py:830} INFO - Processing file /home/airflow/.local/lib/python3.8/site-packages/airflow/example_dags/example_dag_decorator.py for tasks to queue
[2026-02-10T20:32:02.751+0000] {logging_mixin.py:188} INFO - [2026-02-10T20:32:02.751+0000] {dagbag.py:538} INFO - Filling up the DagBag from /home/airflow/.local/lib/python3.8/site-packages/airflow/example_dags/example_dag_decorator.py
[2026-02-10T20:32:02.796+0000] {processor.py:840} INFO - DAG(s) 'example_dag_decorator' retrieved from /home/airflow/.local/lib/python3.8/site-packages/airflow/example_dags/example_dag_decorator.py
[2026-02-10T20:32:02.835+0000] {logging_mixin.py:188} INFO - [2026-02-10T20:32:02.835+0000] {dag.py:3036} INFO - Sync 1 DAGs
[2026-02-10T20:32:02.839+0000] {logging_mixin.py:188} INFO - [2026-02-10T20:32:02.839+0000] {dag.py:3823} INFO - Setting next_dagrun for example_dag_decorator to None, run_after=None
[2026-02-10T20:32:02.849+0000] {processor.py:183} INFO - Processing /home/airflow/.local/lib/python3.8/site-packages/airflow/example_dags/example_dag_decorator.py took 0.105 seconds
[2026-02-10T20:32:33.103+0000] {processor.py:161} INFO - Started process (PID=1100) to work on /home/airflow/.local/lib/python3.8/site-packages/airflow/example_dags/example_dag_decorator.py
[2026-02-10T20:32:33.107+0000] {processor.py:830} INFO - Processing file /home/airflow/.local/lib/python3.8/site-packages/airflow/example_dags/example_dag_decorator.py for tasks to queue
[2026-02-10T20:32:33.108+0000] {logging_mixin.py:188} INFO - [2026-02-10T20:32:33.107+0000] {dagbag.py:538} INFO - Filling up the DagBag from /home/airflow/.local/lib/python3.8/site-packages/airflow/example_dags/example_dag_decorator.py
[2026-02-10T20:32:33.143+0000] {processor.py:840} INFO - DAG(s) 'example_dag_decorator' retrieved from /home/airflow/.local/lib/python3.8/site-packages/airflow/example_dags/example_dag_decorator.py
[2026-02-10T20:32:33.181+0000] {logging_mixin.py:188} INFO - [2026-02-10T20:32:33.181+0000] {dag.py:3036} INFO - Sync 1 DAGs
[2026-02-10T20:32:33.185+0000] {logging_mixin.py:188} INFO - [2026-02-10T20:32:33.185+0000] {dag.py:3823} INFO - Setting next_dagrun for example_dag_decorator to None, run_after=None
[2026-02-10T20:32:33.191+0000] {processor.py:183} INFO - Processing /home/airflow/.local/lib/python3.8/site-packages/airflow/example_dags/example_dag_decorator.py took 0.090 seconds
[2026-02-10T20:33:03.609+0000] {processor.py:161} INFO - Started process (PID=1156) to work on /home/airflow/.local/lib/python3.8/site-packages/airflow/example_dags/example_dag_decorator.py
[2026-02-10T20:33:03.611+0000] {processor.py:830} INFO - Processing file /home/airflow/.local/lib/python3.8/site-packages/airflow/example_dags/example_dag_decorator.py for tasks to queue
[2026-02-10T20:33:03.615+0000] {logging_mixin.py:188} INFO - [2026-02-10T20:33:03.614+0000] {dagbag.py:538} INFO - Filling up the DagBag from /home/airflow/.local/lib/python3.8/site-packages/airflow/example_dags/example_dag_decorator.py
[2026-02-10T20:33:03.664+0000] {processor.py:840} INFO - DAG(s) 'example_dag_decorator' retrieved from /home/airflow/.local/lib/python3.8/site-packages/airflow/example_dags/example_dag_decorator.py
[2026-02-10T20:33:03.711+0000] {logging_mixin.py:188} INFO - [2026-02-10T20:33:03.711+0000] {dag.py:3036} INFO - Sync 1 DAGs
[2026-02-10T20:33:03.715+0000] {logging_mixin.py:188} INFO - [2026-02-10T20:33:03.715+0000] {dag.py:3823} INFO - Setting next_dagrun for example_dag_decorator to None, run_after=None
[2026-02-10T20:33:03.721+0000] {processor.py:183} INFO - Processing /home/airflow/.local/lib/python3.8/site-packages/airflow/example_dags/example_dag_decorator.py took 0.117 seconds
[2026-02-10T20:33:33.990+0000] {processor.py:161} INFO - Started process (PID=1212) to work on /home/airflow/.local/lib/python3.8/site-packages/airflow/example_dags/example_dag_decorator.py
[2026-02-10T20:33:33.994+0000] {processor.py:830} INFO - Processing file /home/airflow/.local/lib/python3.8/site-packages/airflow/example_dags/example_dag_decorator.py for tasks to queue
[2026-02-10T20:33:33.995+0000] {logging_mixin.py:188} INFO - [2026-02-10T20:33:33.995+0000] {dagbag.py:538} INFO - Filling up the DagBag from /home/airflow/.local/lib/python3.8/site-packages/airflow/example_dags/example_dag_decorator.py
[2026-02-10T20:33:34.036+0000] {processor.py:840} INFO - DAG(s) 'example_dag_decorator' retrieved from /home/airflow/.local/lib/python3.8/site-packages/airflow/example_dags/example_dag_decorator.py
[2026-02-10T20:33:34.074+0000] {logging_mixin.py:188} INFO - [2026-02-10T20:33:34.074+0000] {dag.py:3036} INFO - Sync 1 DAGs
[2026-02-10T20:33:34.078+0000] {logging_mixin.py:188} INFO - [2026-02-10T20:33:34.078+0000] {dag.py:3823} INFO - Setting next_dagrun for example_dag_decorator to None, run_after=None
[2026-02-10T20:33:34.086+0000] {processor.py:183} INFO - Processing /home/airflow/.local/lib/python3.8/site-packages/airflow/example_dags/example_dag_decorator.py took 0.100 seconds
[2026-02-10T20:34:04.422+0000] {processor.py:161} INFO - Started process (PID=1268) to work on /home/airflow/.local/lib/python3.8/site-packages/airflow/example_dags/example_dag_decorator.py
[2026-02-10T20:34:04.431+0000] {processor.py:830} INFO - Processing file /home/airflow/.local/lib/python3.8/site-packages/airflow/example_dags/example_dag_decorator.py for tasks to queue
[2026-02-10T20:34:04.432+0000] {logging_mixin.py:188} INFO - [2026-02-10T20:34:04.432+0000] {dagbag.py:538} INFO - Filling up the DagBag from /home/airflow/.local/lib/python3.8/site-packages/airflow/example_dags/example_dag_decorator.py
[2026-02-10T20:34:04.474+0000] {processor.py:840} INFO - DAG(s) 'example_dag_decorator' retrieved from /home/airflow/.local/lib/python3.8/site-packages/airflow/example_dags/example_dag_decorator.py
[2026-02-10T20:34:04.582+0000] {logging_mixin.py:188} INFO - [2026-02-10T20:34:04.582+0000] {dag.py:3036} INFO - Sync 1 DAGs
[2026-02-10T20:34:04.587+0000] {logging_mixin.py:188} INFO - [2026-02-10T20:34:04.587+0000] {dag.py:3823} INFO - Setting next_dagrun for example_dag_decorator to None, run_after=None
[2026-02-10T20:34:04.596+0000] {processor.py:183} INFO - Processing /home/airflow/.local/lib/python3.8/site-packages/airflow/example_dags/example_dag_decorator.py took 0.177 seconds
