[2026-02-10T20:22:54.048+0000] {processor.py:161} INFO - Started process (PID=53) to work on /home/airflow/.local/lib/python3.8/site-packages/airflow/example_dags/example_time_delta_sensor_async.py
[2026-02-10T20:22:54.049+0000] {processor.py:830} INFO - Processing file /home/airflow/.local/lib/python3.8/site-packages/airflow/example_dags/example_time_delta_sensor_async.py for tasks to queue
[2026-02-10T20:22:54.049+0000] {logging_mixin.py:188} INFO - [2026-02-10T20:22:54.049+0000] {dagbag.py:538} INFO - Filling up the DagBag from /home/airflow/.local/lib/python3.8/site-packages/airflow/example_dags/example_time_delta_sensor_async.py
[2026-02-10T20:22:54.054+0000] {processor.py:840} INFO - DAG(s) 'example_time_delta_sensor_async' retrieved from /home/airflow/.local/lib/python3.8/site-packages/airflow/example_dags/example_time_delta_sensor_async.py
[2026-02-10T20:22:54.061+0000] {logging_mixin.py:188} INFO - [2026-02-10T20:22:54.061+0000] {dag.py:3036} INFO - Sync 1 DAGs
[2026-02-10T20:22:54.074+0000] {logging_mixin.py:188} INFO - [2026-02-10T20:22:54.074+0000] {dag.py:3823} INFO - Setting next_dagrun for example_time_delta_sensor_async to None, run_after=None
[2026-02-10T20:22:54.099+0000] {processor.py:183} INFO - Processing /home/airflow/.local/lib/python3.8/site-packages/airflow/example_dags/example_time_delta_sensor_async.py took 0.054 seconds
[2026-02-10T20:23:24.240+0000] {processor.py:161} INFO - Started process (PID=108) to work on /home/airflow/.local/lib/python3.8/site-packages/airflow/example_dags/example_time_delta_sensor_async.py
[2026-02-10T20:23:24.240+0000] {processor.py:830} INFO - Processing file /home/airflow/.local/lib/python3.8/site-packages/airflow/example_dags/example_time_delta_sensor_async.py for tasks to queue
[2026-02-10T20:23:24.241+0000] {logging_mixin.py:188} INFO - [2026-02-10T20:23:24.241+0000] {dagbag.py:538} INFO - Filling up the DagBag from /home/airflow/.local/lib/python3.8/site-packages/airflow/example_dags/example_time_delta_sensor_async.py
[2026-02-10T20:23:24.243+0000] {processor.py:840} INFO - DAG(s) 'example_time_delta_sensor_async' retrieved from /home/airflow/.local/lib/python3.8/site-packages/airflow/example_dags/example_time_delta_sensor_async.py
[2026-02-10T20:23:24.277+0000] {logging_mixin.py:188} INFO - [2026-02-10T20:23:24.277+0000] {dag.py:3036} INFO - Sync 1 DAGs
[2026-02-10T20:23:24.281+0000] {logging_mixin.py:188} INFO - [2026-02-10T20:23:24.281+0000] {dag.py:3823} INFO - Setting next_dagrun for example_time_delta_sensor_async to None, run_after=None
[2026-02-10T20:23:24.298+0000] {processor.py:183} INFO - Processing /home/airflow/.local/lib/python3.8/site-packages/airflow/example_dags/example_time_delta_sensor_async.py took 0.060 seconds
[2026-02-10T20:23:55.263+0000] {processor.py:161} INFO - Started process (PID=163) to work on /home/airflow/.local/lib/python3.8/site-packages/airflow/example_dags/example_time_delta_sensor_async.py
[2026-02-10T20:23:55.264+0000] {processor.py:830} INFO - Processing file /home/airflow/.local/lib/python3.8/site-packages/airflow/example_dags/example_time_delta_sensor_async.py for tasks to queue
[2026-02-10T20:23:55.264+0000] {logging_mixin.py:188} INFO - [2026-02-10T20:23:55.264+0000] {dagbag.py:538} INFO - Filling up the DagBag from /home/airflow/.local/lib/python3.8/site-packages/airflow/example_dags/example_time_delta_sensor_async.py
[2026-02-10T20:23:55.267+0000] {processor.py:840} INFO - DAG(s) 'example_time_delta_sensor_async' retrieved from /home/airflow/.local/lib/python3.8/site-packages/airflow/example_dags/example_time_delta_sensor_async.py
[2026-02-10T20:23:55.278+0000] {logging_mixin.py:188} INFO - [2026-02-10T20:23:55.278+0000] {dag.py:3036} INFO - Sync 1 DAGs
[2026-02-10T20:23:55.284+0000] {logging_mixin.py:188} INFO - [2026-02-10T20:23:55.284+0000] {dag.py:3823} INFO - Setting next_dagrun for example_time_delta_sensor_async to None, run_after=None
[2026-02-10T20:23:55.297+0000] {processor.py:183} INFO - Processing /home/airflow/.local/lib/python3.8/site-packages/airflow/example_dags/example_time_delta_sensor_async.py took 0.036 seconds
[2026-02-10T20:24:25.678+0000] {processor.py:161} INFO - Started process (PID=218) to work on /home/airflow/.local/lib/python3.8/site-packages/airflow/example_dags/example_time_delta_sensor_async.py
[2026-02-10T20:24:25.678+0000] {processor.py:830} INFO - Processing file /home/airflow/.local/lib/python3.8/site-packages/airflow/example_dags/example_time_delta_sensor_async.py for tasks to queue
[2026-02-10T20:24:25.679+0000] {logging_mixin.py:188} INFO - [2026-02-10T20:24:25.679+0000] {dagbag.py:538} INFO - Filling up the DagBag from /home/airflow/.local/lib/python3.8/site-packages/airflow/example_dags/example_time_delta_sensor_async.py
[2026-02-10T20:24:25.681+0000] {processor.py:840} INFO - DAG(s) 'example_time_delta_sensor_async' retrieved from /home/airflow/.local/lib/python3.8/site-packages/airflow/example_dags/example_time_delta_sensor_async.py
[2026-02-10T20:24:25.691+0000] {logging_mixin.py:188} INFO - [2026-02-10T20:24:25.691+0000] {dag.py:3036} INFO - Sync 1 DAGs
[2026-02-10T20:24:25.696+0000] {logging_mixin.py:188} INFO - [2026-02-10T20:24:25.696+0000] {dag.py:3823} INFO - Setting next_dagrun for example_time_delta_sensor_async to None, run_after=None
[2026-02-10T20:24:25.707+0000] {processor.py:183} INFO - Processing /home/airflow/.local/lib/python3.8/site-packages/airflow/example_dags/example_time_delta_sensor_async.py took 0.031 seconds
[2026-02-10T20:24:56.155+0000] {processor.py:161} INFO - Started process (PID=273) to work on /home/airflow/.local/lib/python3.8/site-packages/airflow/example_dags/example_time_delta_sensor_async.py
[2026-02-10T20:24:56.156+0000] {processor.py:830} INFO - Processing file /home/airflow/.local/lib/python3.8/site-packages/airflow/example_dags/example_time_delta_sensor_async.py for tasks to queue
[2026-02-10T20:24:56.157+0000] {logging_mixin.py:188} INFO - [2026-02-10T20:24:56.157+0000] {dagbag.py:538} INFO - Filling up the DagBag from /home/airflow/.local/lib/python3.8/site-packages/airflow/example_dags/example_time_delta_sensor_async.py
[2026-02-10T20:24:56.160+0000] {processor.py:840} INFO - DAG(s) 'example_time_delta_sensor_async' retrieved from /home/airflow/.local/lib/python3.8/site-packages/airflow/example_dags/example_time_delta_sensor_async.py
[2026-02-10T20:24:56.179+0000] {logging_mixin.py:188} INFO - [2026-02-10T20:24:56.179+0000] {dag.py:3036} INFO - Sync 1 DAGs
[2026-02-10T20:24:56.184+0000] {logging_mixin.py:188} INFO - [2026-02-10T20:24:56.184+0000] {dag.py:3823} INFO - Setting next_dagrun for example_time_delta_sensor_async to None, run_after=None
[2026-02-10T20:24:56.194+0000] {processor.py:183} INFO - Processing /home/airflow/.local/lib/python3.8/site-packages/airflow/example_dags/example_time_delta_sensor_async.py took 0.042 seconds
[2026-02-10T20:25:26.764+0000] {processor.py:161} INFO - Started process (PID=328) to work on /home/airflow/.local/lib/python3.8/site-packages/airflow/example_dags/example_time_delta_sensor_async.py
[2026-02-10T20:25:26.765+0000] {processor.py:830} INFO - Processing file /home/airflow/.local/lib/python3.8/site-packages/airflow/example_dags/example_time_delta_sensor_async.py for tasks to queue
[2026-02-10T20:25:26.766+0000] {logging_mixin.py:188} INFO - [2026-02-10T20:25:26.766+0000] {dagbag.py:538} INFO - Filling up the DagBag from /home/airflow/.local/lib/python3.8/site-packages/airflow/example_dags/example_time_delta_sensor_async.py
[2026-02-10T20:25:26.771+0000] {processor.py:840} INFO - DAG(s) 'example_time_delta_sensor_async' retrieved from /home/airflow/.local/lib/python3.8/site-packages/airflow/example_dags/example_time_delta_sensor_async.py
[2026-02-10T20:25:26.784+0000] {logging_mixin.py:188} INFO - [2026-02-10T20:25:26.784+0000] {dag.py:3036} INFO - Sync 1 DAGs
[2026-02-10T20:25:26.789+0000] {logging_mixin.py:188} INFO - [2026-02-10T20:25:26.789+0000] {dag.py:3823} INFO - Setting next_dagrun for example_time_delta_sensor_async to None, run_after=None
[2026-02-10T20:25:26.799+0000] {processor.py:183} INFO - Processing /home/airflow/.local/lib/python3.8/site-packages/airflow/example_dags/example_time_delta_sensor_async.py took 0.036 seconds
[2026-02-10T20:25:57.251+0000] {processor.py:161} INFO - Started process (PID=389) to work on /home/airflow/.local/lib/python3.8/site-packages/airflow/example_dags/example_time_delta_sensor_async.py
[2026-02-10T20:25:57.253+0000] {processor.py:830} INFO - Processing file /home/airflow/.local/lib/python3.8/site-packages/airflow/example_dags/example_time_delta_sensor_async.py for tasks to queue
[2026-02-10T20:25:57.254+0000] {logging_mixin.py:188} INFO - [2026-02-10T20:25:57.254+0000] {dagbag.py:538} INFO - Filling up the DagBag from /home/airflow/.local/lib/python3.8/site-packages/airflow/example_dags/example_time_delta_sensor_async.py
[2026-02-10T20:25:57.256+0000] {processor.py:840} INFO - DAG(s) 'example_time_delta_sensor_async' retrieved from /home/airflow/.local/lib/python3.8/site-packages/airflow/example_dags/example_time_delta_sensor_async.py
[2026-02-10T20:25:57.268+0000] {logging_mixin.py:188} INFO - [2026-02-10T20:25:57.268+0000] {dag.py:3036} INFO - Sync 1 DAGs
[2026-02-10T20:25:57.272+0000] {logging_mixin.py:188} INFO - [2026-02-10T20:25:57.272+0000] {dag.py:3823} INFO - Setting next_dagrun for example_time_delta_sensor_async to None, run_after=None
[2026-02-10T20:25:57.280+0000] {processor.py:183} INFO - Processing /home/airflow/.local/lib/python3.8/site-packages/airflow/example_dags/example_time_delta_sensor_async.py took 0.030 seconds
[2026-02-10T20:26:27.661+0000] {processor.py:161} INFO - Started process (PID=444) to work on /home/airflow/.local/lib/python3.8/site-packages/airflow/example_dags/example_time_delta_sensor_async.py
[2026-02-10T20:26:27.662+0000] {processor.py:830} INFO - Processing file /home/airflow/.local/lib/python3.8/site-packages/airflow/example_dags/example_time_delta_sensor_async.py for tasks to queue
[2026-02-10T20:26:27.663+0000] {logging_mixin.py:188} INFO - [2026-02-10T20:26:27.663+0000] {dagbag.py:538} INFO - Filling up the DagBag from /home/airflow/.local/lib/python3.8/site-packages/airflow/example_dags/example_time_delta_sensor_async.py
[2026-02-10T20:26:27.665+0000] {processor.py:840} INFO - DAG(s) 'example_time_delta_sensor_async' retrieved from /home/airflow/.local/lib/python3.8/site-packages/airflow/example_dags/example_time_delta_sensor_async.py
[2026-02-10T20:26:27.674+0000] {logging_mixin.py:188} INFO - [2026-02-10T20:26:27.674+0000] {dag.py:3036} INFO - Sync 1 DAGs
[2026-02-10T20:26:27.679+0000] {logging_mixin.py:188} INFO - [2026-02-10T20:26:27.679+0000] {dag.py:3823} INFO - Setting next_dagrun for example_time_delta_sensor_async to None, run_after=None
[2026-02-10T20:26:27.685+0000] {processor.py:183} INFO - Processing /home/airflow/.local/lib/python3.8/site-packages/airflow/example_dags/example_time_delta_sensor_async.py took 0.026 seconds
[2026-02-10T20:26:58.037+0000] {processor.py:161} INFO - Started process (PID=499) to work on /home/airflow/.local/lib/python3.8/site-packages/airflow/example_dags/example_time_delta_sensor_async.py
[2026-02-10T20:26:58.037+0000] {processor.py:830} INFO - Processing file /home/airflow/.local/lib/python3.8/site-packages/airflow/example_dags/example_time_delta_sensor_async.py for tasks to queue
[2026-02-10T20:26:58.038+0000] {logging_mixin.py:188} INFO - [2026-02-10T20:26:58.038+0000] {dagbag.py:538} INFO - Filling up the DagBag from /home/airflow/.local/lib/python3.8/site-packages/airflow/example_dags/example_time_delta_sensor_async.py
[2026-02-10T20:26:58.041+0000] {processor.py:840} INFO - DAG(s) 'example_time_delta_sensor_async' retrieved from /home/airflow/.local/lib/python3.8/site-packages/airflow/example_dags/example_time_delta_sensor_async.py
[2026-02-10T20:26:58.051+0000] {logging_mixin.py:188} INFO - [2026-02-10T20:26:58.051+0000] {dag.py:3036} INFO - Sync 1 DAGs
[2026-02-10T20:26:58.057+0000] {logging_mixin.py:188} INFO - [2026-02-10T20:26:58.057+0000] {dag.py:3823} INFO - Setting next_dagrun for example_time_delta_sensor_async to None, run_after=None
[2026-02-10T20:26:58.064+0000] {processor.py:183} INFO - Processing /home/airflow/.local/lib/python3.8/site-packages/airflow/example_dags/example_time_delta_sensor_async.py took 0.029 seconds
[2026-02-10T20:27:28.405+0000] {processor.py:161} INFO - Started process (PID=554) to work on /home/airflow/.local/lib/python3.8/site-packages/airflow/example_dags/example_time_delta_sensor_async.py
[2026-02-10T20:27:28.406+0000] {processor.py:830} INFO - Processing file /home/airflow/.local/lib/python3.8/site-packages/airflow/example_dags/example_time_delta_sensor_async.py for tasks to queue
[2026-02-10T20:27:28.407+0000] {logging_mixin.py:188} INFO - [2026-02-10T20:27:28.407+0000] {dagbag.py:538} INFO - Filling up the DagBag from /home/airflow/.local/lib/python3.8/site-packages/airflow/example_dags/example_time_delta_sensor_async.py
[2026-02-10T20:27:28.409+0000] {processor.py:840} INFO - DAG(s) 'example_time_delta_sensor_async' retrieved from /home/airflow/.local/lib/python3.8/site-packages/airflow/example_dags/example_time_delta_sensor_async.py
[2026-02-10T20:27:28.421+0000] {logging_mixin.py:188} INFO - [2026-02-10T20:27:28.421+0000] {dag.py:3036} INFO - Sync 1 DAGs
[2026-02-10T20:27:28.425+0000] {logging_mixin.py:188} INFO - [2026-02-10T20:27:28.425+0000] {dag.py:3823} INFO - Setting next_dagrun for example_time_delta_sensor_async to None, run_after=None
[2026-02-10T20:27:28.432+0000] {processor.py:183} INFO - Processing /home/airflow/.local/lib/python3.8/site-packages/airflow/example_dags/example_time_delta_sensor_async.py took 0.028 seconds
[2026-02-10T20:27:58.860+0000] {processor.py:161} INFO - Started process (PID=608) to work on /home/airflow/.local/lib/python3.8/site-packages/airflow/example_dags/example_time_delta_sensor_async.py
[2026-02-10T20:27:58.860+0000] {processor.py:830} INFO - Processing file /home/airflow/.local/lib/python3.8/site-packages/airflow/example_dags/example_time_delta_sensor_async.py for tasks to queue
[2026-02-10T20:27:58.861+0000] {logging_mixin.py:188} INFO - [2026-02-10T20:27:58.861+0000] {dagbag.py:538} INFO - Filling up the DagBag from /home/airflow/.local/lib/python3.8/site-packages/airflow/example_dags/example_time_delta_sensor_async.py
[2026-02-10T20:27:58.863+0000] {processor.py:840} INFO - DAG(s) 'example_time_delta_sensor_async' retrieved from /home/airflow/.local/lib/python3.8/site-packages/airflow/example_dags/example_time_delta_sensor_async.py
[2026-02-10T20:27:58.873+0000] {logging_mixin.py:188} INFO - [2026-02-10T20:27:58.873+0000] {dag.py:3036} INFO - Sync 1 DAGs
[2026-02-10T20:27:58.877+0000] {logging_mixin.py:188} INFO - [2026-02-10T20:27:58.877+0000] {dag.py:3823} INFO - Setting next_dagrun for example_time_delta_sensor_async to None, run_after=None
[2026-02-10T20:27:58.886+0000] {processor.py:183} INFO - Processing /home/airflow/.local/lib/python3.8/site-packages/airflow/example_dags/example_time_delta_sensor_async.py took 0.028 seconds
[2026-02-10T20:28:29.444+0000] {processor.py:161} INFO - Started process (PID=663) to work on /home/airflow/.local/lib/python3.8/site-packages/airflow/example_dags/example_time_delta_sensor_async.py
[2026-02-10T20:28:29.447+0000] {processor.py:830} INFO - Processing file /home/airflow/.local/lib/python3.8/site-packages/airflow/example_dags/example_time_delta_sensor_async.py for tasks to queue
[2026-02-10T20:28:29.448+0000] {logging_mixin.py:188} INFO - [2026-02-10T20:28:29.448+0000] {dagbag.py:538} INFO - Filling up the DagBag from /home/airflow/.local/lib/python3.8/site-packages/airflow/example_dags/example_time_delta_sensor_async.py
[2026-02-10T20:28:29.451+0000] {processor.py:840} INFO - DAG(s) 'example_time_delta_sensor_async' retrieved from /home/airflow/.local/lib/python3.8/site-packages/airflow/example_dags/example_time_delta_sensor_async.py
[2026-02-10T20:28:29.458+0000] {logging_mixin.py:188} INFO - [2026-02-10T20:28:29.458+0000] {dag.py:3036} INFO - Sync 1 DAGs
[2026-02-10T20:28:29.464+0000] {logging_mixin.py:188} INFO - [2026-02-10T20:28:29.464+0000] {dag.py:3823} INFO - Setting next_dagrun for example_time_delta_sensor_async to None, run_after=None
[2026-02-10T20:28:29.470+0000] {processor.py:183} INFO - Processing /home/airflow/.local/lib/python3.8/site-packages/airflow/example_dags/example_time_delta_sensor_async.py took 0.028 seconds
[2026-02-10T20:29:00.047+0000] {processor.py:161} INFO - Started process (PID=718) to work on /home/airflow/.local/lib/python3.8/site-packages/airflow/example_dags/example_time_delta_sensor_async.py
[2026-02-10T20:29:00.048+0000] {processor.py:830} INFO - Processing file /home/airflow/.local/lib/python3.8/site-packages/airflow/example_dags/example_time_delta_sensor_async.py for tasks to queue
[2026-02-10T20:29:00.049+0000] {logging_mixin.py:188} INFO - [2026-02-10T20:29:00.048+0000] {dagbag.py:538} INFO - Filling up the DagBag from /home/airflow/.local/lib/python3.8/site-packages/airflow/example_dags/example_time_delta_sensor_async.py
[2026-02-10T20:29:00.051+0000] {processor.py:840} INFO - DAG(s) 'example_time_delta_sensor_async' retrieved from /home/airflow/.local/lib/python3.8/site-packages/airflow/example_dags/example_time_delta_sensor_async.py
[2026-02-10T20:29:00.065+0000] {logging_mixin.py:188} INFO - [2026-02-10T20:29:00.065+0000] {dag.py:3036} INFO - Sync 1 DAGs
[2026-02-10T20:29:00.070+0000] {logging_mixin.py:188} INFO - [2026-02-10T20:29:00.069+0000] {dag.py:3823} INFO - Setting next_dagrun for example_time_delta_sensor_async to None, run_after=None
[2026-02-10T20:29:00.078+0000] {processor.py:183} INFO - Processing /home/airflow/.local/lib/python3.8/site-packages/airflow/example_dags/example_time_delta_sensor_async.py took 0.033 seconds
[2026-02-10T20:29:30.714+0000] {processor.py:161} INFO - Started process (PID=773) to work on /home/airflow/.local/lib/python3.8/site-packages/airflow/example_dags/example_time_delta_sensor_async.py
[2026-02-10T20:29:30.714+0000] {processor.py:830} INFO - Processing file /home/airflow/.local/lib/python3.8/site-packages/airflow/example_dags/example_time_delta_sensor_async.py for tasks to queue
[2026-02-10T20:29:30.715+0000] {logging_mixin.py:188} INFO - [2026-02-10T20:29:30.715+0000] {dagbag.py:538} INFO - Filling up the DagBag from /home/airflow/.local/lib/python3.8/site-packages/airflow/example_dags/example_time_delta_sensor_async.py
[2026-02-10T20:29:30.717+0000] {processor.py:840} INFO - DAG(s) 'example_time_delta_sensor_async' retrieved from /home/airflow/.local/lib/python3.8/site-packages/airflow/example_dags/example_time_delta_sensor_async.py
[2026-02-10T20:29:30.727+0000] {logging_mixin.py:188} INFO - [2026-02-10T20:29:30.726+0000] {dag.py:3036} INFO - Sync 1 DAGs
[2026-02-10T20:29:30.731+0000] {logging_mixin.py:188} INFO - [2026-02-10T20:29:30.731+0000] {dag.py:3823} INFO - Setting next_dagrun for example_time_delta_sensor_async to None, run_after=None
[2026-02-10T20:29:30.744+0000] {processor.py:183} INFO - Processing /home/airflow/.local/lib/python3.8/site-packages/airflow/example_dags/example_time_delta_sensor_async.py took 0.031 seconds
[2026-02-10T20:30:01.190+0000] {processor.py:161} INFO - Started process (PID=828) to work on /home/airflow/.local/lib/python3.8/site-packages/airflow/example_dags/example_time_delta_sensor_async.py
[2026-02-10T20:30:01.191+0000] {processor.py:830} INFO - Processing file /home/airflow/.local/lib/python3.8/site-packages/airflow/example_dags/example_time_delta_sensor_async.py for tasks to queue
[2026-02-10T20:30:01.194+0000] {logging_mixin.py:188} INFO - [2026-02-10T20:30:01.194+0000] {dagbag.py:538} INFO - Filling up the DagBag from /home/airflow/.local/lib/python3.8/site-packages/airflow/example_dags/example_time_delta_sensor_async.py
[2026-02-10T20:30:01.196+0000] {processor.py:840} INFO - DAG(s) 'example_time_delta_sensor_async' retrieved from /home/airflow/.local/lib/python3.8/site-packages/airflow/example_dags/example_time_delta_sensor_async.py
[2026-02-10T20:30:01.210+0000] {logging_mixin.py:188} INFO - [2026-02-10T20:30:01.210+0000] {dag.py:3036} INFO - Sync 1 DAGs
[2026-02-10T20:30:01.216+0000] {logging_mixin.py:188} INFO - [2026-02-10T20:30:01.216+0000] {dag.py:3823} INFO - Setting next_dagrun for example_time_delta_sensor_async to None, run_after=None
[2026-02-10T20:30:01.224+0000] {processor.py:183} INFO - Processing /home/airflow/.local/lib/python3.8/site-packages/airflow/example_dags/example_time_delta_sensor_async.py took 0.036 seconds
[2026-02-10T20:30:31.622+0000] {processor.py:161} INFO - Started process (PID=883) to work on /home/airflow/.local/lib/python3.8/site-packages/airflow/example_dags/example_time_delta_sensor_async.py
[2026-02-10T20:30:31.623+0000] {processor.py:830} INFO - Processing file /home/airflow/.local/lib/python3.8/site-packages/airflow/example_dags/example_time_delta_sensor_async.py for tasks to queue
[2026-02-10T20:30:31.624+0000] {logging_mixin.py:188} INFO - [2026-02-10T20:30:31.624+0000] {dagbag.py:538} INFO - Filling up the DagBag from /home/airflow/.local/lib/python3.8/site-packages/airflow/example_dags/example_time_delta_sensor_async.py
[2026-02-10T20:30:31.632+0000] {processor.py:840} INFO - DAG(s) 'example_time_delta_sensor_async' retrieved from /home/airflow/.local/lib/python3.8/site-packages/airflow/example_dags/example_time_delta_sensor_async.py
[2026-02-10T20:30:31.643+0000] {logging_mixin.py:188} INFO - [2026-02-10T20:30:31.643+0000] {dag.py:3036} INFO - Sync 1 DAGs
[2026-02-10T20:30:31.647+0000] {logging_mixin.py:188} INFO - [2026-02-10T20:30:31.647+0000] {dag.py:3823} INFO - Setting next_dagrun for example_time_delta_sensor_async to None, run_after=None
[2026-02-10T20:30:31.654+0000] {processor.py:183} INFO - Processing /home/airflow/.local/lib/python3.8/site-packages/airflow/example_dags/example_time_delta_sensor_async.py took 0.033 seconds
[2026-02-10T20:31:02.067+0000] {processor.py:161} INFO - Started process (PID=938) to work on /home/airflow/.local/lib/python3.8/site-packages/airflow/example_dags/example_time_delta_sensor_async.py
[2026-02-10T20:31:02.067+0000] {processor.py:830} INFO - Processing file /home/airflow/.local/lib/python3.8/site-packages/airflow/example_dags/example_time_delta_sensor_async.py for tasks to queue
[2026-02-10T20:31:02.069+0000] {logging_mixin.py:188} INFO - [2026-02-10T20:31:02.068+0000] {dagbag.py:538} INFO - Filling up the DagBag from /home/airflow/.local/lib/python3.8/site-packages/airflow/example_dags/example_time_delta_sensor_async.py
[2026-02-10T20:31:02.073+0000] {processor.py:840} INFO - DAG(s) 'example_time_delta_sensor_async' retrieved from /home/airflow/.local/lib/python3.8/site-packages/airflow/example_dags/example_time_delta_sensor_async.py
[2026-02-10T20:31:02.089+0000] {logging_mixin.py:188} INFO - [2026-02-10T20:31:02.089+0000] {dag.py:3036} INFO - Sync 1 DAGs
[2026-02-10T20:31:02.094+0000] {logging_mixin.py:188} INFO - [2026-02-10T20:31:02.094+0000] {dag.py:3823} INFO - Setting next_dagrun for example_time_delta_sensor_async to None, run_after=None
[2026-02-10T20:31:02.106+0000] {processor.py:183} INFO - Processing /home/airflow/.local/lib/python3.8/site-packages/airflow/example_dags/example_time_delta_sensor_async.py took 0.041 seconds
[2026-02-10T20:31:32.449+0000] {processor.py:161} INFO - Started process (PID=993) to work on /home/airflow/.local/lib/python3.8/site-packages/airflow/example_dags/example_time_delta_sensor_async.py
[2026-02-10T20:31:32.449+0000] {processor.py:830} INFO - Processing file /home/airflow/.local/lib/python3.8/site-packages/airflow/example_dags/example_time_delta_sensor_async.py for tasks to queue
[2026-02-10T20:31:32.450+0000] {logging_mixin.py:188} INFO - [2026-02-10T20:31:32.450+0000] {dagbag.py:538} INFO - Filling up the DagBag from /home/airflow/.local/lib/python3.8/site-packages/airflow/example_dags/example_time_delta_sensor_async.py
[2026-02-10T20:31:32.452+0000] {processor.py:840} INFO - DAG(s) 'example_time_delta_sensor_async' retrieved from /home/airflow/.local/lib/python3.8/site-packages/airflow/example_dags/example_time_delta_sensor_async.py
[2026-02-10T20:31:32.459+0000] {logging_mixin.py:188} INFO - [2026-02-10T20:31:32.459+0000] {dag.py:3036} INFO - Sync 1 DAGs
[2026-02-10T20:31:32.464+0000] {logging_mixin.py:188} INFO - [2026-02-10T20:31:32.464+0000] {dag.py:3823} INFO - Setting next_dagrun for example_time_delta_sensor_async to None, run_after=None
[2026-02-10T20:31:32.475+0000] {processor.py:183} INFO - Processing /home/airflow/.local/lib/python3.8/site-packages/airflow/example_dags/example_time_delta_sensor_async.py took 0.028 seconds
[2026-02-10T20:32:02.862+0000] {processor.py:161} INFO - Started process (PID=1048) to work on /home/airflow/.local/lib/python3.8/site-packages/airflow/example_dags/example_time_delta_sensor_async.py
[2026-02-10T20:32:02.864+0000] {processor.py:830} INFO - Processing file /home/airflow/.local/lib/python3.8/site-packages/airflow/example_dags/example_time_delta_sensor_async.py for tasks to queue
[2026-02-10T20:32:02.865+0000] {logging_mixin.py:188} INFO - [2026-02-10T20:32:02.865+0000] {dagbag.py:538} INFO - Filling up the DagBag from /home/airflow/.local/lib/python3.8/site-packages/airflow/example_dags/example_time_delta_sensor_async.py
[2026-02-10T20:32:02.867+0000] {processor.py:840} INFO - DAG(s) 'example_time_delta_sensor_async' retrieved from /home/airflow/.local/lib/python3.8/site-packages/airflow/example_dags/example_time_delta_sensor_async.py
[2026-02-10T20:32:02.878+0000] {logging_mixin.py:188} INFO - [2026-02-10T20:32:02.878+0000] {dag.py:3036} INFO - Sync 1 DAGs
[2026-02-10T20:32:02.882+0000] {logging_mixin.py:188} INFO - [2026-02-10T20:32:02.882+0000] {dag.py:3823} INFO - Setting next_dagrun for example_time_delta_sensor_async to None, run_after=None
[2026-02-10T20:32:02.889+0000] {processor.py:183} INFO - Processing /home/airflow/.local/lib/python3.8/site-packages/airflow/example_dags/example_time_delta_sensor_async.py took 0.029 seconds
[2026-02-10T20:32:33.201+0000] {processor.py:161} INFO - Started process (PID=1103) to work on /home/airflow/.local/lib/python3.8/site-packages/airflow/example_dags/example_time_delta_sensor_async.py
[2026-02-10T20:32:33.206+0000] {processor.py:830} INFO - Processing file /home/airflow/.local/lib/python3.8/site-packages/airflow/example_dags/example_time_delta_sensor_async.py for tasks to queue
[2026-02-10T20:32:33.207+0000] {logging_mixin.py:188} INFO - [2026-02-10T20:32:33.206+0000] {dagbag.py:538} INFO - Filling up the DagBag from /home/airflow/.local/lib/python3.8/site-packages/airflow/example_dags/example_time_delta_sensor_async.py
[2026-02-10T20:32:33.209+0000] {processor.py:840} INFO - DAG(s) 'example_time_delta_sensor_async' retrieved from /home/airflow/.local/lib/python3.8/site-packages/airflow/example_dags/example_time_delta_sensor_async.py
[2026-02-10T20:32:33.221+0000] {logging_mixin.py:188} INFO - [2026-02-10T20:32:33.221+0000] {dag.py:3036} INFO - Sync 1 DAGs
[2026-02-10T20:32:33.225+0000] {logging_mixin.py:188} INFO - [2026-02-10T20:32:33.225+0000] {dag.py:3823} INFO - Setting next_dagrun for example_time_delta_sensor_async to None, run_after=None
[2026-02-10T20:32:33.232+0000] {processor.py:183} INFO - Processing /home/airflow/.local/lib/python3.8/site-packages/airflow/example_dags/example_time_delta_sensor_async.py took 0.032 seconds
[2026-02-10T20:33:03.733+0000] {processor.py:161} INFO - Started process (PID=1159) to work on /home/airflow/.local/lib/python3.8/site-packages/airflow/example_dags/example_time_delta_sensor_async.py
[2026-02-10T20:33:03.733+0000] {processor.py:830} INFO - Processing file /home/airflow/.local/lib/python3.8/site-packages/airflow/example_dags/example_time_delta_sensor_async.py for tasks to queue
[2026-02-10T20:33:03.734+0000] {logging_mixin.py:188} INFO - [2026-02-10T20:33:03.734+0000] {dagbag.py:538} INFO - Filling up the DagBag from /home/airflow/.local/lib/python3.8/site-packages/airflow/example_dags/example_time_delta_sensor_async.py
[2026-02-10T20:33:03.736+0000] {processor.py:840} INFO - DAG(s) 'example_time_delta_sensor_async' retrieved from /home/airflow/.local/lib/python3.8/site-packages/airflow/example_dags/example_time_delta_sensor_async.py
[2026-02-10T20:33:03.745+0000] {logging_mixin.py:188} INFO - [2026-02-10T20:33:03.744+0000] {dag.py:3036} INFO - Sync 1 DAGs
[2026-02-10T20:33:03.750+0000] {logging_mixin.py:188} INFO - [2026-02-10T20:33:03.750+0000] {dag.py:3823} INFO - Setting next_dagrun for example_time_delta_sensor_async to None, run_after=None
[2026-02-10T20:33:03.758+0000] {processor.py:183} INFO - Processing /home/airflow/.local/lib/python3.8/site-packages/airflow/example_dags/example_time_delta_sensor_async.py took 0.027 seconds
[2026-02-10T20:33:34.098+0000] {processor.py:161} INFO - Started process (PID=1215) to work on /home/airflow/.local/lib/python3.8/site-packages/airflow/example_dags/example_time_delta_sensor_async.py
[2026-02-10T20:33:34.098+0000] {processor.py:830} INFO - Processing file /home/airflow/.local/lib/python3.8/site-packages/airflow/example_dags/example_time_delta_sensor_async.py for tasks to queue
[2026-02-10T20:33:34.099+0000] {logging_mixin.py:188} INFO - [2026-02-10T20:33:34.099+0000] {dagbag.py:538} INFO - Filling up the DagBag from /home/airflow/.local/lib/python3.8/site-packages/airflow/example_dags/example_time_delta_sensor_async.py
[2026-02-10T20:33:34.101+0000] {processor.py:840} INFO - DAG(s) 'example_time_delta_sensor_async' retrieved from /home/airflow/.local/lib/python3.8/site-packages/airflow/example_dags/example_time_delta_sensor_async.py
[2026-02-10T20:33:34.111+0000] {logging_mixin.py:188} INFO - [2026-02-10T20:33:34.111+0000] {dag.py:3036} INFO - Sync 1 DAGs
[2026-02-10T20:33:34.117+0000] {logging_mixin.py:188} INFO - [2026-02-10T20:33:34.117+0000] {dag.py:3823} INFO - Setting next_dagrun for example_time_delta_sensor_async to None, run_after=None
[2026-02-10T20:33:34.125+0000] {processor.py:183} INFO - Processing /home/airflow/.local/lib/python3.8/site-packages/airflow/example_dags/example_time_delta_sensor_async.py took 0.029 seconds
[2026-02-10T20:34:04.570+0000] {processor.py:161} INFO - Started process (PID=1271) to work on /home/airflow/.local/lib/python3.8/site-packages/airflow/example_dags/example_time_delta_sensor_async.py
[2026-02-10T20:34:04.570+0000] {processor.py:830} INFO - Processing file /home/airflow/.local/lib/python3.8/site-packages/airflow/example_dags/example_time_delta_sensor_async.py for tasks to queue
[2026-02-10T20:34:04.571+0000] {logging_mixin.py:188} INFO - [2026-02-10T20:34:04.571+0000] {dagbag.py:538} INFO - Filling up the DagBag from /home/airflow/.local/lib/python3.8/site-packages/airflow/example_dags/example_time_delta_sensor_async.py
[2026-02-10T20:34:04.573+0000] {processor.py:840} INFO - DAG(s) 'example_time_delta_sensor_async' retrieved from /home/airflow/.local/lib/python3.8/site-packages/airflow/example_dags/example_time_delta_sensor_async.py
[2026-02-10T20:34:04.581+0000] {logging_mixin.py:188} INFO - [2026-02-10T20:34:04.581+0000] {dag.py:3036} INFO - Sync 1 DAGs
[2026-02-10T20:34:04.585+0000] {logging_mixin.py:188} INFO - [2026-02-10T20:34:04.585+0000] {dag.py:3823} INFO - Setting next_dagrun for example_time_delta_sensor_async to None, run_after=None
[2026-02-10T20:34:04.594+0000] {processor.py:183} INFO - Processing /home/airflow/.local/lib/python3.8/site-packages/airflow/example_dags/example_time_delta_sensor_async.py took 0.025 seconds
