[2026-02-10T20:22:54.435+0000] {processor.py:161} INFO - Started process (PID=61) to work on /home/airflow/.local/lib/python3.8/site-packages/airflow/example_dags/example_branch_datetime_operator.py
[2026-02-10T20:22:54.436+0000] {processor.py:830} INFO - Processing file /home/airflow/.local/lib/python3.8/site-packages/airflow/example_dags/example_branch_datetime_operator.py for tasks to queue
[2026-02-10T20:22:54.438+0000] {logging_mixin.py:188} INFO - [2026-02-10T20:22:54.438+0000] {dagbag.py:538} INFO - Filling up the DagBag from /home/airflow/.local/lib/python3.8/site-packages/airflow/example_dags/example_branch_datetime_operator.py
[2026-02-10T20:22:54.443+0000] {processor.py:840} INFO - DAG(s) 'example_branch_datetime_operator_3', 'example_branch_datetime_operator', 'example_branch_datetime_operator_2' retrieved from /home/airflow/.local/lib/python3.8/site-packages/airflow/example_dags/example_branch_datetime_operator.py
[2026-02-10T20:22:54.453+0000] {logging_mixin.py:188} INFO - [2026-02-10T20:22:54.453+0000] {dag.py:3036} INFO - Sync 3 DAGs
[2026-02-10T20:22:54.477+0000] {logging_mixin.py:188} INFO - [2026-02-10T20:22:54.477+0000] {dag.py:3823} INFO - Setting next_dagrun for example_branch_datetime_operator to 2026-02-09 00:00:00+00:00, run_after=2026-02-10 00:00:00+00:00
[2026-02-10T20:22:54.479+0000] {logging_mixin.py:188} INFO - [2026-02-10T20:22:54.479+0000] {dag.py:3823} INFO - Setting next_dagrun for example_branch_datetime_operator_2 to 2026-02-09 00:00:00+00:00, run_after=2026-02-10 00:00:00+00:00
[2026-02-10T20:22:54.484+0000] {logging_mixin.py:188} INFO - [2026-02-10T20:22:54.483+0000] {dag.py:3823} INFO - Setting next_dagrun for example_branch_datetime_operator_3 to 2026-02-09 00:00:00+00:00, run_after=2026-02-10 00:00:00+00:00
[2026-02-10T20:22:54.505+0000] {processor.py:183} INFO - Processing /home/airflow/.local/lib/python3.8/site-packages/airflow/example_dags/example_branch_datetime_operator.py took 0.071 seconds
[2026-02-10T20:23:24.547+0000] {processor.py:161} INFO - Started process (PID=116) to work on /home/airflow/.local/lib/python3.8/site-packages/airflow/example_dags/example_branch_datetime_operator.py
[2026-02-10T20:23:24.549+0000] {processor.py:830} INFO - Processing file /home/airflow/.local/lib/python3.8/site-packages/airflow/example_dags/example_branch_datetime_operator.py for tasks to queue
[2026-02-10T20:23:24.550+0000] {logging_mixin.py:188} INFO - [2026-02-10T20:23:24.550+0000] {dagbag.py:538} INFO - Filling up the DagBag from /home/airflow/.local/lib/python3.8/site-packages/airflow/example_dags/example_branch_datetime_operator.py
[2026-02-10T20:23:24.554+0000] {processor.py:840} INFO - DAG(s) 'example_branch_datetime_operator_3', 'example_branch_datetime_operator_2', 'example_branch_datetime_operator' retrieved from /home/airflow/.local/lib/python3.8/site-packages/airflow/example_dags/example_branch_datetime_operator.py
[2026-02-10T20:23:24.594+0000] {logging_mixin.py:188} INFO - [2026-02-10T20:23:24.594+0000] {dag.py:3036} INFO - Sync 3 DAGs
[2026-02-10T20:23:24.604+0000] {logging_mixin.py:188} INFO - [2026-02-10T20:23:24.604+0000] {dag.py:3823} INFO - Setting next_dagrun for example_branch_datetime_operator to 2026-02-09 00:00:00+00:00, run_after=2026-02-10 00:00:00+00:00
[2026-02-10T20:23:24.605+0000] {logging_mixin.py:188} INFO - [2026-02-10T20:23:24.605+0000] {dag.py:3823} INFO - Setting next_dagrun for example_branch_datetime_operator_2 to 2026-02-09 00:00:00+00:00, run_after=2026-02-10 00:00:00+00:00
[2026-02-10T20:23:24.606+0000] {logging_mixin.py:188} INFO - [2026-02-10T20:23:24.606+0000] {dag.py:3823} INFO - Setting next_dagrun for example_branch_datetime_operator_3 to 2026-02-09 00:00:00+00:00, run_after=2026-02-10 00:00:00+00:00
[2026-02-10T20:23:24.613+0000] {processor.py:183} INFO - Processing /home/airflow/.local/lib/python3.8/site-packages/airflow/example_dags/example_branch_datetime_operator.py took 0.067 seconds
[2026-02-10T20:23:55.445+0000] {processor.py:161} INFO - Started process (PID=171) to work on /home/airflow/.local/lib/python3.8/site-packages/airflow/example_dags/example_branch_datetime_operator.py
[2026-02-10T20:23:55.447+0000] {processor.py:830} INFO - Processing file /home/airflow/.local/lib/python3.8/site-packages/airflow/example_dags/example_branch_datetime_operator.py for tasks to queue
[2026-02-10T20:23:55.449+0000] {logging_mixin.py:188} INFO - [2026-02-10T20:23:55.449+0000] {dagbag.py:538} INFO - Filling up the DagBag from /home/airflow/.local/lib/python3.8/site-packages/airflow/example_dags/example_branch_datetime_operator.py
[2026-02-10T20:23:55.453+0000] {processor.py:840} INFO - DAG(s) 'example_branch_datetime_operator', 'example_branch_datetime_operator_2', 'example_branch_datetime_operator_3' retrieved from /home/airflow/.local/lib/python3.8/site-packages/airflow/example_dags/example_branch_datetime_operator.py
[2026-02-10T20:23:55.465+0000] {logging_mixin.py:188} INFO - [2026-02-10T20:23:55.465+0000] {dag.py:3036} INFO - Sync 3 DAGs
[2026-02-10T20:23:55.473+0000] {logging_mixin.py:188} INFO - [2026-02-10T20:23:55.473+0000] {dag.py:3823} INFO - Setting next_dagrun for example_branch_datetime_operator to 2026-02-09 00:00:00+00:00, run_after=2026-02-10 00:00:00+00:00
[2026-02-10T20:23:55.475+0000] {logging_mixin.py:188} INFO - [2026-02-10T20:23:55.475+0000] {dag.py:3823} INFO - Setting next_dagrun for example_branch_datetime_operator_2 to 2026-02-09 00:00:00+00:00, run_after=2026-02-10 00:00:00+00:00
[2026-02-10T20:23:55.477+0000] {logging_mixin.py:188} INFO - [2026-02-10T20:23:55.477+0000] {dag.py:3823} INFO - Setting next_dagrun for example_branch_datetime_operator_3 to 2026-02-09 00:00:00+00:00, run_after=2026-02-10 00:00:00+00:00
[2026-02-10T20:23:55.482+0000] {processor.py:183} INFO - Processing /home/airflow/.local/lib/python3.8/site-packages/airflow/example_dags/example_branch_datetime_operator.py took 0.039 seconds
[2026-02-10T20:24:25.858+0000] {processor.py:161} INFO - Started process (PID=226) to work on /home/airflow/.local/lib/python3.8/site-packages/airflow/example_dags/example_branch_datetime_operator.py
[2026-02-10T20:24:25.859+0000] {processor.py:830} INFO - Processing file /home/airflow/.local/lib/python3.8/site-packages/airflow/example_dags/example_branch_datetime_operator.py for tasks to queue
[2026-02-10T20:24:25.860+0000] {logging_mixin.py:188} INFO - [2026-02-10T20:24:25.860+0000] {dagbag.py:538} INFO - Filling up the DagBag from /home/airflow/.local/lib/python3.8/site-packages/airflow/example_dags/example_branch_datetime_operator.py
[2026-02-10T20:24:25.864+0000] {processor.py:840} INFO - DAG(s) 'example_branch_datetime_operator', 'example_branch_datetime_operator_3', 'example_branch_datetime_operator_2' retrieved from /home/airflow/.local/lib/python3.8/site-packages/airflow/example_dags/example_branch_datetime_operator.py
[2026-02-10T20:24:25.877+0000] {logging_mixin.py:188} INFO - [2026-02-10T20:24:25.877+0000] {dag.py:3036} INFO - Sync 3 DAGs
[2026-02-10T20:24:25.885+0000] {logging_mixin.py:188} INFO - [2026-02-10T20:24:25.885+0000] {dag.py:3823} INFO - Setting next_dagrun for example_branch_datetime_operator to 2026-02-09 00:00:00+00:00, run_after=2026-02-10 00:00:00+00:00
[2026-02-10T20:24:25.888+0000] {logging_mixin.py:188} INFO - [2026-02-10T20:24:25.888+0000] {dag.py:3823} INFO - Setting next_dagrun for example_branch_datetime_operator_2 to 2026-02-09 00:00:00+00:00, run_after=2026-02-10 00:00:00+00:00
[2026-02-10T20:24:25.889+0000] {logging_mixin.py:188} INFO - [2026-02-10T20:24:25.889+0000] {dag.py:3823} INFO - Setting next_dagrun for example_branch_datetime_operator_3 to 2026-02-09 00:00:00+00:00, run_after=2026-02-10 00:00:00+00:00
[2026-02-10T20:24:25.896+0000] {processor.py:183} INFO - Processing /home/airflow/.local/lib/python3.8/site-packages/airflow/example_dags/example_branch_datetime_operator.py took 0.039 seconds
[2026-02-10T20:24:56.385+0000] {processor.py:161} INFO - Started process (PID=281) to work on /home/airflow/.local/lib/python3.8/site-packages/airflow/example_dags/example_branch_datetime_operator.py
[2026-02-10T20:24:56.385+0000] {processor.py:830} INFO - Processing file /home/airflow/.local/lib/python3.8/site-packages/airflow/example_dags/example_branch_datetime_operator.py for tasks to queue
[2026-02-10T20:24:56.386+0000] {logging_mixin.py:188} INFO - [2026-02-10T20:24:56.386+0000] {dagbag.py:538} INFO - Filling up the DagBag from /home/airflow/.local/lib/python3.8/site-packages/airflow/example_dags/example_branch_datetime_operator.py
[2026-02-10T20:24:56.391+0000] {processor.py:840} INFO - DAG(s) 'example_branch_datetime_operator', 'example_branch_datetime_operator_3', 'example_branch_datetime_operator_2' retrieved from /home/airflow/.local/lib/python3.8/site-packages/airflow/example_dags/example_branch_datetime_operator.py
[2026-02-10T20:24:56.402+0000] {logging_mixin.py:188} INFO - [2026-02-10T20:24:56.402+0000] {dag.py:3036} INFO - Sync 3 DAGs
[2026-02-10T20:24:56.411+0000] {logging_mixin.py:188} INFO - [2026-02-10T20:24:56.411+0000] {dag.py:3823} INFO - Setting next_dagrun for example_branch_datetime_operator to 2026-02-09 00:00:00+00:00, run_after=2026-02-10 00:00:00+00:00
[2026-02-10T20:24:56.414+0000] {logging_mixin.py:188} INFO - [2026-02-10T20:24:56.414+0000] {dag.py:3823} INFO - Setting next_dagrun for example_branch_datetime_operator_2 to 2026-02-09 00:00:00+00:00, run_after=2026-02-10 00:00:00+00:00
[2026-02-10T20:24:56.415+0000] {logging_mixin.py:188} INFO - [2026-02-10T20:24:56.415+0000] {dag.py:3823} INFO - Setting next_dagrun for example_branch_datetime_operator_3 to 2026-02-09 00:00:00+00:00, run_after=2026-02-10 00:00:00+00:00
[2026-02-10T20:24:56.424+0000] {processor.py:183} INFO - Processing /home/airflow/.local/lib/python3.8/site-packages/airflow/example_dags/example_branch_datetime_operator.py took 0.041 seconds
[2026-02-10T20:25:26.991+0000] {processor.py:161} INFO - Started process (PID=342) to work on /home/airflow/.local/lib/python3.8/site-packages/airflow/example_dags/example_branch_datetime_operator.py
[2026-02-10T20:25:26.994+0000] {processor.py:830} INFO - Processing file /home/airflow/.local/lib/python3.8/site-packages/airflow/example_dags/example_branch_datetime_operator.py for tasks to queue
[2026-02-10T20:25:26.996+0000] {logging_mixin.py:188} INFO - [2026-02-10T20:25:26.996+0000] {dagbag.py:538} INFO - Filling up the DagBag from /home/airflow/.local/lib/python3.8/site-packages/airflow/example_dags/example_branch_datetime_operator.py
[2026-02-10T20:25:27.000+0000] {processor.py:840} INFO - DAG(s) 'example_branch_datetime_operator_3', 'example_branch_datetime_operator_2', 'example_branch_datetime_operator' retrieved from /home/airflow/.local/lib/python3.8/site-packages/airflow/example_dags/example_branch_datetime_operator.py
[2026-02-10T20:25:27.019+0000] {logging_mixin.py:188} INFO - [2026-02-10T20:25:27.019+0000] {dag.py:3036} INFO - Sync 3 DAGs
[2026-02-10T20:25:27.027+0000] {logging_mixin.py:188} INFO - [2026-02-10T20:25:27.027+0000] {dag.py:3823} INFO - Setting next_dagrun for example_branch_datetime_operator to 2026-02-09 00:00:00+00:00, run_after=2026-02-10 00:00:00+00:00
[2026-02-10T20:25:27.030+0000] {logging_mixin.py:188} INFO - [2026-02-10T20:25:27.030+0000] {dag.py:3823} INFO - Setting next_dagrun for example_branch_datetime_operator_2 to 2026-02-09 00:00:00+00:00, run_after=2026-02-10 00:00:00+00:00
[2026-02-10T20:25:27.031+0000] {logging_mixin.py:188} INFO - [2026-02-10T20:25:27.031+0000] {dag.py:3823} INFO - Setting next_dagrun for example_branch_datetime_operator_3 to 2026-02-09 00:00:00+00:00, run_after=2026-02-10 00:00:00+00:00
[2026-02-10T20:25:27.038+0000] {processor.py:183} INFO - Processing /home/airflow/.local/lib/python3.8/site-packages/airflow/example_dags/example_branch_datetime_operator.py took 0.048 seconds
[2026-02-10T20:25:57.447+0000] {processor.py:161} INFO - Started process (PID=397) to work on /home/airflow/.local/lib/python3.8/site-packages/airflow/example_dags/example_branch_datetime_operator.py
[2026-02-10T20:25:57.447+0000] {processor.py:830} INFO - Processing file /home/airflow/.local/lib/python3.8/site-packages/airflow/example_dags/example_branch_datetime_operator.py for tasks to queue
[2026-02-10T20:25:57.449+0000] {logging_mixin.py:188} INFO - [2026-02-10T20:25:57.449+0000] {dagbag.py:538} INFO - Filling up the DagBag from /home/airflow/.local/lib/python3.8/site-packages/airflow/example_dags/example_branch_datetime_operator.py
[2026-02-10T20:25:57.453+0000] {processor.py:840} INFO - DAG(s) 'example_branch_datetime_operator', 'example_branch_datetime_operator_3', 'example_branch_datetime_operator_2' retrieved from /home/airflow/.local/lib/python3.8/site-packages/airflow/example_dags/example_branch_datetime_operator.py
[2026-02-10T20:25:57.463+0000] {logging_mixin.py:188} INFO - [2026-02-10T20:25:57.463+0000] {dag.py:3036} INFO - Sync 3 DAGs
[2026-02-10T20:25:57.471+0000] {logging_mixin.py:188} INFO - [2026-02-10T20:25:57.471+0000] {dag.py:3823} INFO - Setting next_dagrun for example_branch_datetime_operator to 2026-02-09 00:00:00+00:00, run_after=2026-02-10 00:00:00+00:00
[2026-02-10T20:25:57.474+0000] {logging_mixin.py:188} INFO - [2026-02-10T20:25:57.474+0000] {dag.py:3823} INFO - Setting next_dagrun for example_branch_datetime_operator_2 to 2026-02-09 00:00:00+00:00, run_after=2026-02-10 00:00:00+00:00
[2026-02-10T20:25:57.475+0000] {logging_mixin.py:188} INFO - [2026-02-10T20:25:57.475+0000] {dag.py:3823} INFO - Setting next_dagrun for example_branch_datetime_operator_3 to 2026-02-09 00:00:00+00:00, run_after=2026-02-10 00:00:00+00:00
[2026-02-10T20:25:57.482+0000] {processor.py:183} INFO - Processing /home/airflow/.local/lib/python3.8/site-packages/airflow/example_dags/example_branch_datetime_operator.py took 0.037 seconds
[2026-02-10T20:26:27.856+0000] {processor.py:161} INFO - Started process (PID=452) to work on /home/airflow/.local/lib/python3.8/site-packages/airflow/example_dags/example_branch_datetime_operator.py
[2026-02-10T20:26:27.857+0000] {processor.py:830} INFO - Processing file /home/airflow/.local/lib/python3.8/site-packages/airflow/example_dags/example_branch_datetime_operator.py for tasks to queue
[2026-02-10T20:26:27.857+0000] {logging_mixin.py:188} INFO - [2026-02-10T20:26:27.857+0000] {dagbag.py:538} INFO - Filling up the DagBag from /home/airflow/.local/lib/python3.8/site-packages/airflow/example_dags/example_branch_datetime_operator.py
[2026-02-10T20:26:27.861+0000] {processor.py:840} INFO - DAG(s) 'example_branch_datetime_operator', 'example_branch_datetime_operator_2', 'example_branch_datetime_operator_3' retrieved from /home/airflow/.local/lib/python3.8/site-packages/airflow/example_dags/example_branch_datetime_operator.py
[2026-02-10T20:26:27.870+0000] {logging_mixin.py:188} INFO - [2026-02-10T20:26:27.870+0000] {dag.py:3036} INFO - Sync 3 DAGs
[2026-02-10T20:26:27.877+0000] {logging_mixin.py:188} INFO - [2026-02-10T20:26:27.877+0000] {dag.py:3823} INFO - Setting next_dagrun for example_branch_datetime_operator to 2026-02-09 00:00:00+00:00, run_after=2026-02-10 00:00:00+00:00
[2026-02-10T20:26:27.878+0000] {logging_mixin.py:188} INFO - [2026-02-10T20:26:27.878+0000] {dag.py:3823} INFO - Setting next_dagrun for example_branch_datetime_operator_2 to 2026-02-09 00:00:00+00:00, run_after=2026-02-10 00:00:00+00:00
[2026-02-10T20:26:27.879+0000] {logging_mixin.py:188} INFO - [2026-02-10T20:26:27.879+0000] {dag.py:3823} INFO - Setting next_dagrun for example_branch_datetime_operator_3 to 2026-02-09 00:00:00+00:00, run_after=2026-02-10 00:00:00+00:00
[2026-02-10T20:26:27.884+0000] {processor.py:183} INFO - Processing /home/airflow/.local/lib/python3.8/site-packages/airflow/example_dags/example_branch_datetime_operator.py took 0.029 seconds
[2026-02-10T20:26:58.237+0000] {processor.py:161} INFO - Started process (PID=507) to work on /home/airflow/.local/lib/python3.8/site-packages/airflow/example_dags/example_branch_datetime_operator.py
[2026-02-10T20:26:58.238+0000] {processor.py:830} INFO - Processing file /home/airflow/.local/lib/python3.8/site-packages/airflow/example_dags/example_branch_datetime_operator.py for tasks to queue
[2026-02-10T20:26:58.239+0000] {logging_mixin.py:188} INFO - [2026-02-10T20:26:58.239+0000] {dagbag.py:538} INFO - Filling up the DagBag from /home/airflow/.local/lib/python3.8/site-packages/airflow/example_dags/example_branch_datetime_operator.py
[2026-02-10T20:26:58.244+0000] {processor.py:840} INFO - DAG(s) 'example_branch_datetime_operator_3', 'example_branch_datetime_operator', 'example_branch_datetime_operator_2' retrieved from /home/airflow/.local/lib/python3.8/site-packages/airflow/example_dags/example_branch_datetime_operator.py
[2026-02-10T20:26:58.256+0000] {logging_mixin.py:188} INFO - [2026-02-10T20:26:58.256+0000] {dag.py:3036} INFO - Sync 3 DAGs
[2026-02-10T20:26:58.264+0000] {logging_mixin.py:188} INFO - [2026-02-10T20:26:58.264+0000] {dag.py:3823} INFO - Setting next_dagrun for example_branch_datetime_operator to 2026-02-09 00:00:00+00:00, run_after=2026-02-10 00:00:00+00:00
[2026-02-10T20:26:58.268+0000] {logging_mixin.py:188} INFO - [2026-02-10T20:26:58.268+0000] {dag.py:3823} INFO - Setting next_dagrun for example_branch_datetime_operator_2 to 2026-02-09 00:00:00+00:00, run_after=2026-02-10 00:00:00+00:00
[2026-02-10T20:26:58.269+0000] {logging_mixin.py:188} INFO - [2026-02-10T20:26:58.269+0000] {dag.py:3823} INFO - Setting next_dagrun for example_branch_datetime_operator_3 to 2026-02-09 00:00:00+00:00, run_after=2026-02-10 00:00:00+00:00
[2026-02-10T20:26:58.280+0000] {processor.py:183} INFO - Processing /home/airflow/.local/lib/python3.8/site-packages/airflow/example_dags/example_branch_datetime_operator.py took 0.044 seconds
[2026-02-10T20:27:28.605+0000] {processor.py:161} INFO - Started process (PID=562) to work on /home/airflow/.local/lib/python3.8/site-packages/airflow/example_dags/example_branch_datetime_operator.py
[2026-02-10T20:27:28.606+0000] {processor.py:830} INFO - Processing file /home/airflow/.local/lib/python3.8/site-packages/airflow/example_dags/example_branch_datetime_operator.py for tasks to queue
[2026-02-10T20:27:28.607+0000] {logging_mixin.py:188} INFO - [2026-02-10T20:27:28.606+0000] {dagbag.py:538} INFO - Filling up the DagBag from /home/airflow/.local/lib/python3.8/site-packages/airflow/example_dags/example_branch_datetime_operator.py
[2026-02-10T20:27:28.610+0000] {processor.py:840} INFO - DAG(s) 'example_branch_datetime_operator_3', 'example_branch_datetime_operator_2', 'example_branch_datetime_operator' retrieved from /home/airflow/.local/lib/python3.8/site-packages/airflow/example_dags/example_branch_datetime_operator.py
[2026-02-10T20:27:28.623+0000] {logging_mixin.py:188} INFO - [2026-02-10T20:27:28.623+0000] {dag.py:3036} INFO - Sync 3 DAGs
[2026-02-10T20:27:28.634+0000] {logging_mixin.py:188} INFO - [2026-02-10T20:27:28.634+0000] {dag.py:3823} INFO - Setting next_dagrun for example_branch_datetime_operator to 2026-02-09 00:00:00+00:00, run_after=2026-02-10 00:00:00+00:00
[2026-02-10T20:27:28.638+0000] {logging_mixin.py:188} INFO - [2026-02-10T20:27:28.638+0000] {dag.py:3823} INFO - Setting next_dagrun for example_branch_datetime_operator_2 to 2026-02-09 00:00:00+00:00, run_after=2026-02-10 00:00:00+00:00
[2026-02-10T20:27:28.639+0000] {logging_mixin.py:188} INFO - [2026-02-10T20:27:28.639+0000] {dag.py:3823} INFO - Setting next_dagrun for example_branch_datetime_operator_3 to 2026-02-09 00:00:00+00:00, run_after=2026-02-10 00:00:00+00:00
[2026-02-10T20:27:28.646+0000] {processor.py:183} INFO - Processing /home/airflow/.local/lib/python3.8/site-packages/airflow/example_dags/example_branch_datetime_operator.py took 0.041 seconds
[2026-02-10T20:27:59.053+0000] {processor.py:161} INFO - Started process (PID=616) to work on /home/airflow/.local/lib/python3.8/site-packages/airflow/example_dags/example_branch_datetime_operator.py
[2026-02-10T20:27:59.054+0000] {processor.py:830} INFO - Processing file /home/airflow/.local/lib/python3.8/site-packages/airflow/example_dags/example_branch_datetime_operator.py for tasks to queue
[2026-02-10T20:27:59.054+0000] {logging_mixin.py:188} INFO - [2026-02-10T20:27:59.054+0000] {dagbag.py:538} INFO - Filling up the DagBag from /home/airflow/.local/lib/python3.8/site-packages/airflow/example_dags/example_branch_datetime_operator.py
[2026-02-10T20:27:59.058+0000] {processor.py:840} INFO - DAG(s) 'example_branch_datetime_operator', 'example_branch_datetime_operator_2', 'example_branch_datetime_operator_3' retrieved from /home/airflow/.local/lib/python3.8/site-packages/airflow/example_dags/example_branch_datetime_operator.py
[2026-02-10T20:27:59.070+0000] {logging_mixin.py:188} INFO - [2026-02-10T20:27:59.070+0000] {dag.py:3036} INFO - Sync 3 DAGs
[2026-02-10T20:27:59.079+0000] {logging_mixin.py:188} INFO - [2026-02-10T20:27:59.079+0000] {dag.py:3823} INFO - Setting next_dagrun for example_branch_datetime_operator to 2026-02-09 00:00:00+00:00, run_after=2026-02-10 00:00:00+00:00
[2026-02-10T20:27:59.082+0000] {logging_mixin.py:188} INFO - [2026-02-10T20:27:59.082+0000] {dag.py:3823} INFO - Setting next_dagrun for example_branch_datetime_operator_2 to 2026-02-09 00:00:00+00:00, run_after=2026-02-10 00:00:00+00:00
[2026-02-10T20:27:59.083+0000] {logging_mixin.py:188} INFO - [2026-02-10T20:27:59.083+0000] {dag.py:3823} INFO - Setting next_dagrun for example_branch_datetime_operator_3 to 2026-02-09 00:00:00+00:00, run_after=2026-02-10 00:00:00+00:00
[2026-02-10T20:27:59.089+0000] {processor.py:183} INFO - Processing /home/airflow/.local/lib/python3.8/site-packages/airflow/example_dags/example_branch_datetime_operator.py took 0.037 seconds
[2026-02-10T20:28:29.666+0000] {processor.py:161} INFO - Started process (PID=671) to work on /home/airflow/.local/lib/python3.8/site-packages/airflow/example_dags/example_branch_datetime_operator.py
[2026-02-10T20:28:29.668+0000] {processor.py:830} INFO - Processing file /home/airflow/.local/lib/python3.8/site-packages/airflow/example_dags/example_branch_datetime_operator.py for tasks to queue
[2026-02-10T20:28:29.669+0000] {logging_mixin.py:188} INFO - [2026-02-10T20:28:29.669+0000] {dagbag.py:538} INFO - Filling up the DagBag from /home/airflow/.local/lib/python3.8/site-packages/airflow/example_dags/example_branch_datetime_operator.py
[2026-02-10T20:28:29.673+0000] {processor.py:840} INFO - DAG(s) 'example_branch_datetime_operator', 'example_branch_datetime_operator_2', 'example_branch_datetime_operator_3' retrieved from /home/airflow/.local/lib/python3.8/site-packages/airflow/example_dags/example_branch_datetime_operator.py
[2026-02-10T20:28:29.683+0000] {logging_mixin.py:188} INFO - [2026-02-10T20:28:29.683+0000] {dag.py:3036} INFO - Sync 3 DAGs
[2026-02-10T20:28:29.694+0000] {logging_mixin.py:188} INFO - [2026-02-10T20:28:29.694+0000] {dag.py:3823} INFO - Setting next_dagrun for example_branch_datetime_operator to 2026-02-09 00:00:00+00:00, run_after=2026-02-10 00:00:00+00:00
[2026-02-10T20:28:29.697+0000] {logging_mixin.py:188} INFO - [2026-02-10T20:28:29.697+0000] {dag.py:3823} INFO - Setting next_dagrun for example_branch_datetime_operator_2 to 2026-02-09 00:00:00+00:00, run_after=2026-02-10 00:00:00+00:00
[2026-02-10T20:28:29.698+0000] {logging_mixin.py:188} INFO - [2026-02-10T20:28:29.698+0000] {dag.py:3823} INFO - Setting next_dagrun for example_branch_datetime_operator_3 to 2026-02-09 00:00:00+00:00, run_after=2026-02-10 00:00:00+00:00
[2026-02-10T20:28:29.707+0000] {processor.py:183} INFO - Processing /home/airflow/.local/lib/python3.8/site-packages/airflow/example_dags/example_branch_datetime_operator.py took 0.042 seconds
[2026-02-10T20:29:00.284+0000] {processor.py:161} INFO - Started process (PID=726) to work on /home/airflow/.local/lib/python3.8/site-packages/airflow/example_dags/example_branch_datetime_operator.py
[2026-02-10T20:29:00.285+0000] {processor.py:830} INFO - Processing file /home/airflow/.local/lib/python3.8/site-packages/airflow/example_dags/example_branch_datetime_operator.py for tasks to queue
[2026-02-10T20:29:00.286+0000] {logging_mixin.py:188} INFO - [2026-02-10T20:29:00.286+0000] {dagbag.py:538} INFO - Filling up the DagBag from /home/airflow/.local/lib/python3.8/site-packages/airflow/example_dags/example_branch_datetime_operator.py
[2026-02-10T20:29:00.291+0000] {processor.py:840} INFO - DAG(s) 'example_branch_datetime_operator', 'example_branch_datetime_operator_3', 'example_branch_datetime_operator_2' retrieved from /home/airflow/.local/lib/python3.8/site-packages/airflow/example_dags/example_branch_datetime_operator.py
[2026-02-10T20:29:00.301+0000] {logging_mixin.py:188} INFO - [2026-02-10T20:29:00.301+0000] {dag.py:3036} INFO - Sync 3 DAGs
[2026-02-10T20:29:00.313+0000] {logging_mixin.py:188} INFO - [2026-02-10T20:29:00.313+0000] {dag.py:3823} INFO - Setting next_dagrun for example_branch_datetime_operator to 2026-02-09 00:00:00+00:00, run_after=2026-02-10 00:00:00+00:00
[2026-02-10T20:29:00.316+0000] {logging_mixin.py:188} INFO - [2026-02-10T20:29:00.316+0000] {dag.py:3823} INFO - Setting next_dagrun for example_branch_datetime_operator_2 to 2026-02-09 00:00:00+00:00, run_after=2026-02-10 00:00:00+00:00
[2026-02-10T20:29:00.317+0000] {logging_mixin.py:188} INFO - [2026-02-10T20:29:00.317+0000] {dag.py:3823} INFO - Setting next_dagrun for example_branch_datetime_operator_3 to 2026-02-09 00:00:00+00:00, run_after=2026-02-10 00:00:00+00:00
[2026-02-10T20:29:00.324+0000] {processor.py:183} INFO - Processing /home/airflow/.local/lib/python3.8/site-packages/airflow/example_dags/example_branch_datetime_operator.py took 0.042 seconds
[2026-02-10T20:29:30.902+0000] {processor.py:161} INFO - Started process (PID=781) to work on /home/airflow/.local/lib/python3.8/site-packages/airflow/example_dags/example_branch_datetime_operator.py
[2026-02-10T20:29:30.902+0000] {processor.py:830} INFO - Processing file /home/airflow/.local/lib/python3.8/site-packages/airflow/example_dags/example_branch_datetime_operator.py for tasks to queue
[2026-02-10T20:29:30.903+0000] {logging_mixin.py:188} INFO - [2026-02-10T20:29:30.902+0000] {dagbag.py:538} INFO - Filling up the DagBag from /home/airflow/.local/lib/python3.8/site-packages/airflow/example_dags/example_branch_datetime_operator.py
[2026-02-10T20:29:30.906+0000] {processor.py:840} INFO - DAG(s) 'example_branch_datetime_operator_3', 'example_branch_datetime_operator_2', 'example_branch_datetime_operator' retrieved from /home/airflow/.local/lib/python3.8/site-packages/airflow/example_dags/example_branch_datetime_operator.py
[2026-02-10T20:29:30.919+0000] {logging_mixin.py:188} INFO - [2026-02-10T20:29:30.919+0000] {dag.py:3036} INFO - Sync 3 DAGs
[2026-02-10T20:29:30.929+0000] {logging_mixin.py:188} INFO - [2026-02-10T20:29:30.929+0000] {dag.py:3823} INFO - Setting next_dagrun for example_branch_datetime_operator to 2026-02-09 00:00:00+00:00, run_after=2026-02-10 00:00:00+00:00
[2026-02-10T20:29:30.932+0000] {logging_mixin.py:188} INFO - [2026-02-10T20:29:30.932+0000] {dag.py:3823} INFO - Setting next_dagrun for example_branch_datetime_operator_2 to 2026-02-09 00:00:00+00:00, run_after=2026-02-10 00:00:00+00:00
[2026-02-10T20:29:30.933+0000] {logging_mixin.py:188} INFO - [2026-02-10T20:29:30.933+0000] {dag.py:3823} INFO - Setting next_dagrun for example_branch_datetime_operator_3 to 2026-02-09 00:00:00+00:00, run_after=2026-02-10 00:00:00+00:00
[2026-02-10T20:29:30.941+0000] {processor.py:183} INFO - Processing /home/airflow/.local/lib/python3.8/site-packages/airflow/example_dags/example_branch_datetime_operator.py took 0.040 seconds
[2026-02-10T20:30:01.414+0000] {processor.py:161} INFO - Started process (PID=836) to work on /home/airflow/.local/lib/python3.8/site-packages/airflow/example_dags/example_branch_datetime_operator.py
[2026-02-10T20:30:01.416+0000] {processor.py:830} INFO - Processing file /home/airflow/.local/lib/python3.8/site-packages/airflow/example_dags/example_branch_datetime_operator.py for tasks to queue
[2026-02-10T20:30:01.416+0000] {logging_mixin.py:188} INFO - [2026-02-10T20:30:01.416+0000] {dagbag.py:538} INFO - Filling up the DagBag from /home/airflow/.local/lib/python3.8/site-packages/airflow/example_dags/example_branch_datetime_operator.py
[2026-02-10T20:30:01.421+0000] {processor.py:840} INFO - DAG(s) 'example_branch_datetime_operator_2', 'example_branch_datetime_operator_3', 'example_branch_datetime_operator' retrieved from /home/airflow/.local/lib/python3.8/site-packages/airflow/example_dags/example_branch_datetime_operator.py
[2026-02-10T20:30:01.431+0000] {logging_mixin.py:188} INFO - [2026-02-10T20:30:01.431+0000] {dag.py:3036} INFO - Sync 3 DAGs
[2026-02-10T20:30:01.441+0000] {logging_mixin.py:188} INFO - [2026-02-10T20:30:01.441+0000] {dag.py:3823} INFO - Setting next_dagrun for example_branch_datetime_operator to 2026-02-09 00:00:00+00:00, run_after=2026-02-10 00:00:00+00:00
[2026-02-10T20:30:01.443+0000] {logging_mixin.py:188} INFO - [2026-02-10T20:30:01.443+0000] {dag.py:3823} INFO - Setting next_dagrun for example_branch_datetime_operator_2 to 2026-02-09 00:00:00+00:00, run_after=2026-02-10 00:00:00+00:00
[2026-02-10T20:30:01.444+0000] {logging_mixin.py:188} INFO - [2026-02-10T20:30:01.444+0000] {dag.py:3823} INFO - Setting next_dagrun for example_branch_datetime_operator_3 to 2026-02-09 00:00:00+00:00, run_after=2026-02-10 00:00:00+00:00
[2026-02-10T20:30:01.452+0000] {processor.py:183} INFO - Processing /home/airflow/.local/lib/python3.8/site-packages/airflow/example_dags/example_branch_datetime_operator.py took 0.039 seconds
[2026-02-10T20:30:31.832+0000] {processor.py:161} INFO - Started process (PID=891) to work on /home/airflow/.local/lib/python3.8/site-packages/airflow/example_dags/example_branch_datetime_operator.py
[2026-02-10T20:30:31.832+0000] {processor.py:830} INFO - Processing file /home/airflow/.local/lib/python3.8/site-packages/airflow/example_dags/example_branch_datetime_operator.py for tasks to queue
[2026-02-10T20:30:31.833+0000] {logging_mixin.py:188} INFO - [2026-02-10T20:30:31.833+0000] {dagbag.py:538} INFO - Filling up the DagBag from /home/airflow/.local/lib/python3.8/site-packages/airflow/example_dags/example_branch_datetime_operator.py
[2026-02-10T20:30:31.837+0000] {processor.py:840} INFO - DAG(s) 'example_branch_datetime_operator_3', 'example_branch_datetime_operator_2', 'example_branch_datetime_operator' retrieved from /home/airflow/.local/lib/python3.8/site-packages/airflow/example_dags/example_branch_datetime_operator.py
[2026-02-10T20:30:31.849+0000] {logging_mixin.py:188} INFO - [2026-02-10T20:30:31.849+0000] {dag.py:3036} INFO - Sync 3 DAGs
[2026-02-10T20:30:31.857+0000] {logging_mixin.py:188} INFO - [2026-02-10T20:30:31.857+0000] {dag.py:3823} INFO - Setting next_dagrun for example_branch_datetime_operator to 2026-02-09 00:00:00+00:00, run_after=2026-02-10 00:00:00+00:00
[2026-02-10T20:30:31.859+0000] {logging_mixin.py:188} INFO - [2026-02-10T20:30:31.859+0000] {dag.py:3823} INFO - Setting next_dagrun for example_branch_datetime_operator_2 to 2026-02-09 00:00:00+00:00, run_after=2026-02-10 00:00:00+00:00
[2026-02-10T20:30:31.860+0000] {logging_mixin.py:188} INFO - [2026-02-10T20:30:31.860+0000] {dag.py:3823} INFO - Setting next_dagrun for example_branch_datetime_operator_3 to 2026-02-09 00:00:00+00:00, run_after=2026-02-10 00:00:00+00:00
[2026-02-10T20:30:31.871+0000] {processor.py:183} INFO - Processing /home/airflow/.local/lib/python3.8/site-packages/airflow/example_dags/example_branch_datetime_operator.py took 0.041 seconds
[2026-02-10T20:31:02.306+0000] {processor.py:161} INFO - Started process (PID=946) to work on /home/airflow/.local/lib/python3.8/site-packages/airflow/example_dags/example_branch_datetime_operator.py
[2026-02-10T20:31:02.306+0000] {processor.py:830} INFO - Processing file /home/airflow/.local/lib/python3.8/site-packages/airflow/example_dags/example_branch_datetime_operator.py for tasks to queue
[2026-02-10T20:31:02.307+0000] {logging_mixin.py:188} INFO - [2026-02-10T20:31:02.307+0000] {dagbag.py:538} INFO - Filling up the DagBag from /home/airflow/.local/lib/python3.8/site-packages/airflow/example_dags/example_branch_datetime_operator.py
[2026-02-10T20:31:02.311+0000] {processor.py:840} INFO - DAG(s) 'example_branch_datetime_operator', 'example_branch_datetime_operator_2', 'example_branch_datetime_operator_3' retrieved from /home/airflow/.local/lib/python3.8/site-packages/airflow/example_dags/example_branch_datetime_operator.py
[2026-02-10T20:31:02.327+0000] {logging_mixin.py:188} INFO - [2026-02-10T20:31:02.327+0000] {dag.py:3036} INFO - Sync 3 DAGs
[2026-02-10T20:31:02.334+0000] {logging_mixin.py:188} INFO - [2026-02-10T20:31:02.334+0000] {dag.py:3823} INFO - Setting next_dagrun for example_branch_datetime_operator to 2026-02-09 00:00:00+00:00, run_after=2026-02-10 00:00:00+00:00
[2026-02-10T20:31:02.337+0000] {logging_mixin.py:188} INFO - [2026-02-10T20:31:02.337+0000] {dag.py:3823} INFO - Setting next_dagrun for example_branch_datetime_operator_2 to 2026-02-09 00:00:00+00:00, run_after=2026-02-10 00:00:00+00:00
[2026-02-10T20:31:02.338+0000] {logging_mixin.py:188} INFO - [2026-02-10T20:31:02.338+0000] {dag.py:3823} INFO - Setting next_dagrun for example_branch_datetime_operator_3 to 2026-02-09 00:00:00+00:00, run_after=2026-02-10 00:00:00+00:00
[2026-02-10T20:31:02.347+0000] {processor.py:183} INFO - Processing /home/airflow/.local/lib/python3.8/site-packages/airflow/example_dags/example_branch_datetime_operator.py took 0.042 seconds
[2026-02-10T20:31:32.651+0000] {processor.py:161} INFO - Started process (PID=1001) to work on /home/airflow/.local/lib/python3.8/site-packages/airflow/example_dags/example_branch_datetime_operator.py
[2026-02-10T20:31:32.652+0000] {processor.py:830} INFO - Processing file /home/airflow/.local/lib/python3.8/site-packages/airflow/example_dags/example_branch_datetime_operator.py for tasks to queue
[2026-02-10T20:31:32.652+0000] {logging_mixin.py:188} INFO - [2026-02-10T20:31:32.652+0000] {dagbag.py:538} INFO - Filling up the DagBag from /home/airflow/.local/lib/python3.8/site-packages/airflow/example_dags/example_branch_datetime_operator.py
[2026-02-10T20:31:32.658+0000] {processor.py:840} INFO - DAG(s) 'example_branch_datetime_operator', 'example_branch_datetime_operator_2', 'example_branch_datetime_operator_3' retrieved from /home/airflow/.local/lib/python3.8/site-packages/airflow/example_dags/example_branch_datetime_operator.py
[2026-02-10T20:31:32.668+0000] {logging_mixin.py:188} INFO - [2026-02-10T20:31:32.668+0000] {dag.py:3036} INFO - Sync 3 DAGs
[2026-02-10T20:31:32.676+0000] {logging_mixin.py:188} INFO - [2026-02-10T20:31:32.676+0000] {dag.py:3823} INFO - Setting next_dagrun for example_branch_datetime_operator to 2026-02-09 00:00:00+00:00, run_after=2026-02-10 00:00:00+00:00
[2026-02-10T20:31:32.678+0000] {logging_mixin.py:188} INFO - [2026-02-10T20:31:32.678+0000] {dag.py:3823} INFO - Setting next_dagrun for example_branch_datetime_operator_2 to 2026-02-09 00:00:00+00:00, run_after=2026-02-10 00:00:00+00:00
[2026-02-10T20:31:32.679+0000] {logging_mixin.py:188} INFO - [2026-02-10T20:31:32.679+0000] {dag.py:3823} INFO - Setting next_dagrun for example_branch_datetime_operator_3 to 2026-02-09 00:00:00+00:00, run_after=2026-02-10 00:00:00+00:00
[2026-02-10T20:31:32.684+0000] {processor.py:183} INFO - Processing /home/airflow/.local/lib/python3.8/site-packages/airflow/example_dags/example_branch_datetime_operator.py took 0.035 seconds
[2026-02-10T20:32:03.059+0000] {processor.py:161} INFO - Started process (PID=1056) to work on /home/airflow/.local/lib/python3.8/site-packages/airflow/example_dags/example_branch_datetime_operator.py
[2026-02-10T20:32:03.059+0000] {processor.py:830} INFO - Processing file /home/airflow/.local/lib/python3.8/site-packages/airflow/example_dags/example_branch_datetime_operator.py for tasks to queue
[2026-02-10T20:32:03.060+0000] {logging_mixin.py:188} INFO - [2026-02-10T20:32:03.060+0000] {dagbag.py:538} INFO - Filling up the DagBag from /home/airflow/.local/lib/python3.8/site-packages/airflow/example_dags/example_branch_datetime_operator.py
[2026-02-10T20:32:03.063+0000] {processor.py:840} INFO - DAG(s) 'example_branch_datetime_operator', 'example_branch_datetime_operator_3', 'example_branch_datetime_operator_2' retrieved from /home/airflow/.local/lib/python3.8/site-packages/airflow/example_dags/example_branch_datetime_operator.py
[2026-02-10T20:32:03.072+0000] {logging_mixin.py:188} INFO - [2026-02-10T20:32:03.072+0000] {dag.py:3036} INFO - Sync 3 DAGs
[2026-02-10T20:32:03.079+0000] {logging_mixin.py:188} INFO - [2026-02-10T20:32:03.079+0000] {dag.py:3823} INFO - Setting next_dagrun for example_branch_datetime_operator to 2026-02-09 00:00:00+00:00, run_after=2026-02-10 00:00:00+00:00
[2026-02-10T20:32:03.081+0000] {logging_mixin.py:188} INFO - [2026-02-10T20:32:03.081+0000] {dag.py:3823} INFO - Setting next_dagrun for example_branch_datetime_operator_2 to 2026-02-09 00:00:00+00:00, run_after=2026-02-10 00:00:00+00:00
[2026-02-10T20:32:03.081+0000] {logging_mixin.py:188} INFO - [2026-02-10T20:32:03.081+0000] {dag.py:3823} INFO - Setting next_dagrun for example_branch_datetime_operator_3 to 2026-02-09 00:00:00+00:00, run_after=2026-02-10 00:00:00+00:00
[2026-02-10T20:32:03.086+0000] {processor.py:183} INFO - Processing /home/airflow/.local/lib/python3.8/site-packages/airflow/example_dags/example_branch_datetime_operator.py took 0.029 seconds
[2026-02-10T20:32:33.402+0000] {processor.py:161} INFO - Started process (PID=1111) to work on /home/airflow/.local/lib/python3.8/site-packages/airflow/example_dags/example_branch_datetime_operator.py
[2026-02-10T20:32:33.402+0000] {processor.py:830} INFO - Processing file /home/airflow/.local/lib/python3.8/site-packages/airflow/example_dags/example_branch_datetime_operator.py for tasks to queue
[2026-02-10T20:32:33.403+0000] {logging_mixin.py:188} INFO - [2026-02-10T20:32:33.403+0000] {dagbag.py:538} INFO - Filling up the DagBag from /home/airflow/.local/lib/python3.8/site-packages/airflow/example_dags/example_branch_datetime_operator.py
[2026-02-10T20:32:33.407+0000] {processor.py:840} INFO - DAG(s) 'example_branch_datetime_operator_3', 'example_branch_datetime_operator', 'example_branch_datetime_operator_2' retrieved from /home/airflow/.local/lib/python3.8/site-packages/airflow/example_dags/example_branch_datetime_operator.py
[2026-02-10T20:32:33.420+0000] {logging_mixin.py:188} INFO - [2026-02-10T20:32:33.420+0000] {dag.py:3036} INFO - Sync 3 DAGs
[2026-02-10T20:32:33.430+0000] {logging_mixin.py:188} INFO - [2026-02-10T20:32:33.430+0000] {dag.py:3823} INFO - Setting next_dagrun for example_branch_datetime_operator to 2026-02-09 00:00:00+00:00, run_after=2026-02-10 00:00:00+00:00
[2026-02-10T20:32:33.433+0000] {logging_mixin.py:188} INFO - [2026-02-10T20:32:33.433+0000] {dag.py:3823} INFO - Setting next_dagrun for example_branch_datetime_operator_2 to 2026-02-09 00:00:00+00:00, run_after=2026-02-10 00:00:00+00:00
[2026-02-10T20:32:33.434+0000] {logging_mixin.py:188} INFO - [2026-02-10T20:32:33.434+0000] {dag.py:3823} INFO - Setting next_dagrun for example_branch_datetime_operator_3 to 2026-02-09 00:00:00+00:00, run_after=2026-02-10 00:00:00+00:00
[2026-02-10T20:32:33.439+0000] {processor.py:183} INFO - Processing /home/airflow/.local/lib/python3.8/site-packages/airflow/example_dags/example_branch_datetime_operator.py took 0.039 seconds
[2026-02-10T20:33:03.937+0000] {processor.py:161} INFO - Started process (PID=1167) to work on /home/airflow/.local/lib/python3.8/site-packages/airflow/example_dags/example_branch_datetime_operator.py
[2026-02-10T20:33:03.938+0000] {processor.py:830} INFO - Processing file /home/airflow/.local/lib/python3.8/site-packages/airflow/example_dags/example_branch_datetime_operator.py for tasks to queue
[2026-02-10T20:33:03.939+0000] {logging_mixin.py:188} INFO - [2026-02-10T20:33:03.939+0000] {dagbag.py:538} INFO - Filling up the DagBag from /home/airflow/.local/lib/python3.8/site-packages/airflow/example_dags/example_branch_datetime_operator.py
[2026-02-10T20:33:03.943+0000] {processor.py:840} INFO - DAG(s) 'example_branch_datetime_operator', 'example_branch_datetime_operator_2', 'example_branch_datetime_operator_3' retrieved from /home/airflow/.local/lib/python3.8/site-packages/airflow/example_dags/example_branch_datetime_operator.py
[2026-02-10T20:33:03.955+0000] {logging_mixin.py:188} INFO - [2026-02-10T20:33:03.955+0000] {dag.py:3036} INFO - Sync 3 DAGs
[2026-02-10T20:33:03.964+0000] {logging_mixin.py:188} INFO - [2026-02-10T20:33:03.964+0000] {dag.py:3823} INFO - Setting next_dagrun for example_branch_datetime_operator to 2026-02-09 00:00:00+00:00, run_after=2026-02-10 00:00:00+00:00
[2026-02-10T20:33:03.966+0000] {logging_mixin.py:188} INFO - [2026-02-10T20:33:03.966+0000] {dag.py:3823} INFO - Setting next_dagrun for example_branch_datetime_operator_2 to 2026-02-09 00:00:00+00:00, run_after=2026-02-10 00:00:00+00:00
[2026-02-10T20:33:03.967+0000] {logging_mixin.py:188} INFO - [2026-02-10T20:33:03.967+0000] {dag.py:3823} INFO - Setting next_dagrun for example_branch_datetime_operator_3 to 2026-02-09 00:00:00+00:00, run_after=2026-02-10 00:00:00+00:00
[2026-02-10T20:33:03.974+0000] {processor.py:183} INFO - Processing /home/airflow/.local/lib/python3.8/site-packages/airflow/example_dags/example_branch_datetime_operator.py took 0.039 seconds
[2026-02-10T20:33:34.352+0000] {processor.py:161} INFO - Started process (PID=1223) to work on /home/airflow/.local/lib/python3.8/site-packages/airflow/example_dags/example_branch_datetime_operator.py
[2026-02-10T20:33:34.354+0000] {processor.py:830} INFO - Processing file /home/airflow/.local/lib/python3.8/site-packages/airflow/example_dags/example_branch_datetime_operator.py for tasks to queue
[2026-02-10T20:33:34.355+0000] {logging_mixin.py:188} INFO - [2026-02-10T20:33:34.354+0000] {dagbag.py:538} INFO - Filling up the DagBag from /home/airflow/.local/lib/python3.8/site-packages/airflow/example_dags/example_branch_datetime_operator.py
[2026-02-10T20:33:34.360+0000] {processor.py:840} INFO - DAG(s) 'example_branch_datetime_operator_2', 'example_branch_datetime_operator', 'example_branch_datetime_operator_3' retrieved from /home/airflow/.local/lib/python3.8/site-packages/airflow/example_dags/example_branch_datetime_operator.py
[2026-02-10T20:33:34.371+0000] {logging_mixin.py:188} INFO - [2026-02-10T20:33:34.371+0000] {dag.py:3036} INFO - Sync 3 DAGs
[2026-02-10T20:33:34.380+0000] {logging_mixin.py:188} INFO - [2026-02-10T20:33:34.380+0000] {dag.py:3823} INFO - Setting next_dagrun for example_branch_datetime_operator to 2026-02-09 00:00:00+00:00, run_after=2026-02-10 00:00:00+00:00
[2026-02-10T20:33:34.381+0000] {logging_mixin.py:188} INFO - [2026-02-10T20:33:34.381+0000] {dag.py:3823} INFO - Setting next_dagrun for example_branch_datetime_operator_2 to 2026-02-09 00:00:00+00:00, run_after=2026-02-10 00:00:00+00:00
[2026-02-10T20:33:34.382+0000] {logging_mixin.py:188} INFO - [2026-02-10T20:33:34.382+0000] {dag.py:3823} INFO - Setting next_dagrun for example_branch_datetime_operator_3 to 2026-02-09 00:00:00+00:00, run_after=2026-02-10 00:00:00+00:00
[2026-02-10T20:33:34.388+0000] {processor.py:183} INFO - Processing /home/airflow/.local/lib/python3.8/site-packages/airflow/example_dags/example_branch_datetime_operator.py took 0.037 seconds
[2026-02-10T20:34:04.764+0000] {processor.py:161} INFO - Started process (PID=1279) to work on /home/airflow/.local/lib/python3.8/site-packages/airflow/example_dags/example_branch_datetime_operator.py
[2026-02-10T20:34:04.764+0000] {processor.py:830} INFO - Processing file /home/airflow/.local/lib/python3.8/site-packages/airflow/example_dags/example_branch_datetime_operator.py for tasks to queue
[2026-02-10T20:34:04.765+0000] {logging_mixin.py:188} INFO - [2026-02-10T20:34:04.765+0000] {dagbag.py:538} INFO - Filling up the DagBag from /home/airflow/.local/lib/python3.8/site-packages/airflow/example_dags/example_branch_datetime_operator.py
[2026-02-10T20:34:04.768+0000] {processor.py:840} INFO - DAG(s) 'example_branch_datetime_operator_3', 'example_branch_datetime_operator', 'example_branch_datetime_operator_2' retrieved from /home/airflow/.local/lib/python3.8/site-packages/airflow/example_dags/example_branch_datetime_operator.py
[2026-02-10T20:34:04.779+0000] {logging_mixin.py:188} INFO - [2026-02-10T20:34:04.779+0000] {dag.py:3036} INFO - Sync 3 DAGs
[2026-02-10T20:34:04.787+0000] {logging_mixin.py:188} INFO - [2026-02-10T20:34:04.787+0000] {dag.py:3823} INFO - Setting next_dagrun for example_branch_datetime_operator to 2026-02-09 00:00:00+00:00, run_after=2026-02-10 00:00:00+00:00
[2026-02-10T20:34:04.792+0000] {logging_mixin.py:188} INFO - [2026-02-10T20:34:04.791+0000] {dag.py:3823} INFO - Setting next_dagrun for example_branch_datetime_operator_2 to 2026-02-09 00:00:00+00:00, run_after=2026-02-10 00:00:00+00:00
[2026-02-10T20:34:04.793+0000] {logging_mixin.py:188} INFO - [2026-02-10T20:34:04.793+0000] {dag.py:3823} INFO - Setting next_dagrun for example_branch_datetime_operator_3 to 2026-02-09 00:00:00+00:00, run_after=2026-02-10 00:00:00+00:00
[2026-02-10T20:34:04.802+0000] {processor.py:183} INFO - Processing /home/airflow/.local/lib/python3.8/site-packages/airflow/example_dags/example_branch_datetime_operator.py took 0.040 seconds
