[2026-02-10T20:22:54.711+0000] {processor.py:161} INFO - Started process (PID=67) to work on /home/airflow/.local/lib/python3.8/site-packages/airflow/example_dags/example_python_operator.py
[2026-02-10T20:22:54.712+0000] {processor.py:830} INFO - Processing file /home/airflow/.local/lib/python3.8/site-packages/airflow/example_dags/example_python_operator.py for tasks to queue
[2026-02-10T20:22:54.714+0000] {logging_mixin.py:188} INFO - [2026-02-10T20:22:54.714+0000] {dagbag.py:538} INFO - Filling up the DagBag from /home/airflow/.local/lib/python3.8/site-packages/airflow/example_dags/example_python_operator.py
[2026-02-10T20:22:54.722+0000] {processor.py:840} INFO - DAG(s) 'example_python_operator' retrieved from /home/airflow/.local/lib/python3.8/site-packages/airflow/example_dags/example_python_operator.py
[2026-02-10T20:22:54.734+0000] {logging_mixin.py:188} INFO - [2026-02-10T20:22:54.734+0000] {dag.py:3036} INFO - Sync 1 DAGs
[2026-02-10T20:22:54.743+0000] {logging_mixin.py:188} INFO - [2026-02-10T20:22:54.743+0000] {dag.py:3823} INFO - Setting next_dagrun for example_python_operator to None, run_after=None
[2026-02-10T20:22:54.756+0000] {processor.py:183} INFO - Processing /home/airflow/.local/lib/python3.8/site-packages/airflow/example_dags/example_python_operator.py took 0.048 seconds
[2026-02-10T20:23:24.805+0000] {processor.py:161} INFO - Started process (PID=122) to work on /home/airflow/.local/lib/python3.8/site-packages/airflow/example_dags/example_python_operator.py
[2026-02-10T20:23:24.806+0000] {processor.py:830} INFO - Processing file /home/airflow/.local/lib/python3.8/site-packages/airflow/example_dags/example_python_operator.py for tasks to queue
[2026-02-10T20:23:24.806+0000] {logging_mixin.py:188} INFO - [2026-02-10T20:23:24.806+0000] {dagbag.py:538} INFO - Filling up the DagBag from /home/airflow/.local/lib/python3.8/site-packages/airflow/example_dags/example_python_operator.py
[2026-02-10T20:23:24.811+0000] {processor.py:840} INFO - DAG(s) 'example_python_operator' retrieved from /home/airflow/.local/lib/python3.8/site-packages/airflow/example_dags/example_python_operator.py
[2026-02-10T20:23:24.843+0000] {logging_mixin.py:188} INFO - [2026-02-10T20:23:24.843+0000] {dag.py:3036} INFO - Sync 1 DAGs
[2026-02-10T20:23:24.846+0000] {logging_mixin.py:188} INFO - [2026-02-10T20:23:24.846+0000] {dag.py:3823} INFO - Setting next_dagrun for example_python_operator to None, run_after=None
[2026-02-10T20:23:24.852+0000] {processor.py:183} INFO - Processing /home/airflow/.local/lib/python3.8/site-packages/airflow/example_dags/example_python_operator.py took 0.048 seconds
[2026-02-10T20:23:55.579+0000] {processor.py:161} INFO - Started process (PID=177) to work on /home/airflow/.local/lib/python3.8/site-packages/airflow/example_dags/example_python_operator.py
[2026-02-10T20:23:55.580+0000] {processor.py:830} INFO - Processing file /home/airflow/.local/lib/python3.8/site-packages/airflow/example_dags/example_python_operator.py for tasks to queue
[2026-02-10T20:23:55.580+0000] {logging_mixin.py:188} INFO - [2026-02-10T20:23:55.580+0000] {dagbag.py:538} INFO - Filling up the DagBag from /home/airflow/.local/lib/python3.8/site-packages/airflow/example_dags/example_python_operator.py
[2026-02-10T20:23:55.585+0000] {processor.py:840} INFO - DAG(s) 'example_python_operator' retrieved from /home/airflow/.local/lib/python3.8/site-packages/airflow/example_dags/example_python_operator.py
[2026-02-10T20:23:55.593+0000] {logging_mixin.py:188} INFO - [2026-02-10T20:23:55.592+0000] {dag.py:3036} INFO - Sync 1 DAGs
[2026-02-10T20:23:55.597+0000] {logging_mixin.py:188} INFO - [2026-02-10T20:23:55.597+0000] {dag.py:3823} INFO - Setting next_dagrun for example_python_operator to None, run_after=None
[2026-02-10T20:23:55.607+0000] {processor.py:183} INFO - Processing /home/airflow/.local/lib/python3.8/site-packages/airflow/example_dags/example_python_operator.py took 0.030 seconds
[2026-02-10T20:24:26.013+0000] {processor.py:161} INFO - Started process (PID=232) to work on /home/airflow/.local/lib/python3.8/site-packages/airflow/example_dags/example_python_operator.py
[2026-02-10T20:24:26.014+0000] {processor.py:830} INFO - Processing file /home/airflow/.local/lib/python3.8/site-packages/airflow/example_dags/example_python_operator.py for tasks to queue
[2026-02-10T20:24:26.015+0000] {logging_mixin.py:188} INFO - [2026-02-10T20:24:26.015+0000] {dagbag.py:538} INFO - Filling up the DagBag from /home/airflow/.local/lib/python3.8/site-packages/airflow/example_dags/example_python_operator.py
[2026-02-10T20:24:26.023+0000] {processor.py:840} INFO - DAG(s) 'example_python_operator' retrieved from /home/airflow/.local/lib/python3.8/site-packages/airflow/example_dags/example_python_operator.py
[2026-02-10T20:24:26.037+0000] {logging_mixin.py:188} INFO - [2026-02-10T20:24:26.037+0000] {dag.py:3036} INFO - Sync 1 DAGs
[2026-02-10T20:24:26.042+0000] {logging_mixin.py:188} INFO - [2026-02-10T20:24:26.041+0000] {dag.py:3823} INFO - Setting next_dagrun for example_python_operator to None, run_after=None
[2026-02-10T20:24:26.052+0000] {processor.py:183} INFO - Processing /home/airflow/.local/lib/python3.8/site-packages/airflow/example_dags/example_python_operator.py took 0.043 seconds
[2026-02-10T20:24:56.554+0000] {processor.py:161} INFO - Started process (PID=287) to work on /home/airflow/.local/lib/python3.8/site-packages/airflow/example_dags/example_python_operator.py
[2026-02-10T20:24:56.555+0000] {processor.py:830} INFO - Processing file /home/airflow/.local/lib/python3.8/site-packages/airflow/example_dags/example_python_operator.py for tasks to queue
[2026-02-10T20:24:56.555+0000] {logging_mixin.py:188} INFO - [2026-02-10T20:24:56.555+0000] {dagbag.py:538} INFO - Filling up the DagBag from /home/airflow/.local/lib/python3.8/site-packages/airflow/example_dags/example_python_operator.py
[2026-02-10T20:24:56.560+0000] {processor.py:840} INFO - DAG(s) 'example_python_operator' retrieved from /home/airflow/.local/lib/python3.8/site-packages/airflow/example_dags/example_python_operator.py
[2026-02-10T20:24:56.571+0000] {logging_mixin.py:188} INFO - [2026-02-10T20:24:56.571+0000] {dag.py:3036} INFO - Sync 1 DAGs
[2026-02-10T20:24:56.576+0000] {logging_mixin.py:188} INFO - [2026-02-10T20:24:56.576+0000] {dag.py:3823} INFO - Setting next_dagrun for example_python_operator to None, run_after=None
[2026-02-10T20:24:56.592+0000] {processor.py:183} INFO - Processing /home/airflow/.local/lib/python3.8/site-packages/airflow/example_dags/example_python_operator.py took 0.039 seconds
[2026-02-10T20:25:27.167+0000] {processor.py:161} INFO - Started process (PID=348) to work on /home/airflow/.local/lib/python3.8/site-packages/airflow/example_dags/example_python_operator.py
[2026-02-10T20:25:27.169+0000] {processor.py:830} INFO - Processing file /home/airflow/.local/lib/python3.8/site-packages/airflow/example_dags/example_python_operator.py for tasks to queue
[2026-02-10T20:25:27.170+0000] {logging_mixin.py:188} INFO - [2026-02-10T20:25:27.170+0000] {dagbag.py:538} INFO - Filling up the DagBag from /home/airflow/.local/lib/python3.8/site-packages/airflow/example_dags/example_python_operator.py
[2026-02-10T20:25:27.174+0000] {processor.py:840} INFO - DAG(s) 'example_python_operator' retrieved from /home/airflow/.local/lib/python3.8/site-packages/airflow/example_dags/example_python_operator.py
[2026-02-10T20:25:27.186+0000] {logging_mixin.py:188} INFO - [2026-02-10T20:25:27.186+0000] {dag.py:3036} INFO - Sync 1 DAGs
[2026-02-10T20:25:27.191+0000] {logging_mixin.py:188} INFO - [2026-02-10T20:25:27.190+0000] {dag.py:3823} INFO - Setting next_dagrun for example_python_operator to None, run_after=None
[2026-02-10T20:25:27.200+0000] {processor.py:183} INFO - Processing /home/airflow/.local/lib/python3.8/site-packages/airflow/example_dags/example_python_operator.py took 0.035 seconds
[2026-02-10T20:25:57.565+0000] {processor.py:161} INFO - Started process (PID=403) to work on /home/airflow/.local/lib/python3.8/site-packages/airflow/example_dags/example_python_operator.py
[2026-02-10T20:25:57.566+0000] {processor.py:830} INFO - Processing file /home/airflow/.local/lib/python3.8/site-packages/airflow/example_dags/example_python_operator.py for tasks to queue
[2026-02-10T20:25:57.567+0000] {logging_mixin.py:188} INFO - [2026-02-10T20:25:57.567+0000] {dagbag.py:538} INFO - Filling up the DagBag from /home/airflow/.local/lib/python3.8/site-packages/airflow/example_dags/example_python_operator.py
[2026-02-10T20:25:57.571+0000] {processor.py:840} INFO - DAG(s) 'example_python_operator' retrieved from /home/airflow/.local/lib/python3.8/site-packages/airflow/example_dags/example_python_operator.py
[2026-02-10T20:25:57.580+0000] {logging_mixin.py:188} INFO - [2026-02-10T20:25:57.580+0000] {dag.py:3036} INFO - Sync 1 DAGs
[2026-02-10T20:25:57.584+0000] {logging_mixin.py:188} INFO - [2026-02-10T20:25:57.584+0000] {dag.py:3823} INFO - Setting next_dagrun for example_python_operator to None, run_after=None
[2026-02-10T20:25:57.592+0000] {processor.py:183} INFO - Processing /home/airflow/.local/lib/python3.8/site-packages/airflow/example_dags/example_python_operator.py took 0.028 seconds
[2026-02-10T20:26:27.977+0000] {processor.py:161} INFO - Started process (PID=458) to work on /home/airflow/.local/lib/python3.8/site-packages/airflow/example_dags/example_python_operator.py
[2026-02-10T20:26:27.978+0000] {processor.py:830} INFO - Processing file /home/airflow/.local/lib/python3.8/site-packages/airflow/example_dags/example_python_operator.py for tasks to queue
[2026-02-10T20:26:27.978+0000] {logging_mixin.py:188} INFO - [2026-02-10T20:26:27.978+0000] {dagbag.py:538} INFO - Filling up the DagBag from /home/airflow/.local/lib/python3.8/site-packages/airflow/example_dags/example_python_operator.py
[2026-02-10T20:26:27.982+0000] {processor.py:840} INFO - DAG(s) 'example_python_operator' retrieved from /home/airflow/.local/lib/python3.8/site-packages/airflow/example_dags/example_python_operator.py
[2026-02-10T20:26:27.993+0000] {logging_mixin.py:188} INFO - [2026-02-10T20:26:27.993+0000] {dag.py:3036} INFO - Sync 1 DAGs
[2026-02-10T20:26:27.998+0000] {logging_mixin.py:188} INFO - [2026-02-10T20:26:27.998+0000] {dag.py:3823} INFO - Setting next_dagrun for example_python_operator to None, run_after=None
[2026-02-10T20:26:28.006+0000] {processor.py:183} INFO - Processing /home/airflow/.local/lib/python3.8/site-packages/airflow/example_dags/example_python_operator.py took 0.030 seconds
[2026-02-10T20:26:58.363+0000] {processor.py:161} INFO - Started process (PID=513) to work on /home/airflow/.local/lib/python3.8/site-packages/airflow/example_dags/example_python_operator.py
[2026-02-10T20:26:58.363+0000] {processor.py:830} INFO - Processing file /home/airflow/.local/lib/python3.8/site-packages/airflow/example_dags/example_python_operator.py for tasks to queue
[2026-02-10T20:26:58.364+0000] {logging_mixin.py:188} INFO - [2026-02-10T20:26:58.364+0000] {dagbag.py:538} INFO - Filling up the DagBag from /home/airflow/.local/lib/python3.8/site-packages/airflow/example_dags/example_python_operator.py
[2026-02-10T20:26:58.368+0000] {processor.py:840} INFO - DAG(s) 'example_python_operator' retrieved from /home/airflow/.local/lib/python3.8/site-packages/airflow/example_dags/example_python_operator.py
[2026-02-10T20:26:58.377+0000] {logging_mixin.py:188} INFO - [2026-02-10T20:26:58.377+0000] {dag.py:3036} INFO - Sync 1 DAGs
[2026-02-10T20:26:58.382+0000] {logging_mixin.py:188} INFO - [2026-02-10T20:26:58.382+0000] {dag.py:3823} INFO - Setting next_dagrun for example_python_operator to None, run_after=None
[2026-02-10T20:26:58.388+0000] {processor.py:183} INFO - Processing /home/airflow/.local/lib/python3.8/site-packages/airflow/example_dags/example_python_operator.py took 0.026 seconds
[2026-02-10T20:27:28.724+0000] {processor.py:161} INFO - Started process (PID=568) to work on /home/airflow/.local/lib/python3.8/site-packages/airflow/example_dags/example_python_operator.py
[2026-02-10T20:27:28.728+0000] {processor.py:830} INFO - Processing file /home/airflow/.local/lib/python3.8/site-packages/airflow/example_dags/example_python_operator.py for tasks to queue
[2026-02-10T20:27:28.729+0000] {logging_mixin.py:188} INFO - [2026-02-10T20:27:28.729+0000] {dagbag.py:538} INFO - Filling up the DagBag from /home/airflow/.local/lib/python3.8/site-packages/airflow/example_dags/example_python_operator.py
[2026-02-10T20:27:28.735+0000] {processor.py:840} INFO - DAG(s) 'example_python_operator' retrieved from /home/airflow/.local/lib/python3.8/site-packages/airflow/example_dags/example_python_operator.py
[2026-02-10T20:27:28.746+0000] {logging_mixin.py:188} INFO - [2026-02-10T20:27:28.746+0000] {dag.py:3036} INFO - Sync 1 DAGs
[2026-02-10T20:27:28.750+0000] {logging_mixin.py:188} INFO - [2026-02-10T20:27:28.750+0000] {dag.py:3823} INFO - Setting next_dagrun for example_python_operator to None, run_after=None
[2026-02-10T20:27:28.758+0000] {processor.py:183} INFO - Processing /home/airflow/.local/lib/python3.8/site-packages/airflow/example_dags/example_python_operator.py took 0.036 seconds
[2026-02-10T20:27:59.170+0000] {processor.py:161} INFO - Started process (PID=622) to work on /home/airflow/.local/lib/python3.8/site-packages/airflow/example_dags/example_python_operator.py
[2026-02-10T20:27:59.172+0000] {processor.py:830} INFO - Processing file /home/airflow/.local/lib/python3.8/site-packages/airflow/example_dags/example_python_operator.py for tasks to queue
[2026-02-10T20:27:59.175+0000] {logging_mixin.py:188} INFO - [2026-02-10T20:27:59.175+0000] {dagbag.py:538} INFO - Filling up the DagBag from /home/airflow/.local/lib/python3.8/site-packages/airflow/example_dags/example_python_operator.py
[2026-02-10T20:27:59.179+0000] {processor.py:840} INFO - DAG(s) 'example_python_operator' retrieved from /home/airflow/.local/lib/python3.8/site-packages/airflow/example_dags/example_python_operator.py
[2026-02-10T20:27:59.187+0000] {logging_mixin.py:188} INFO - [2026-02-10T20:27:59.187+0000] {dag.py:3036} INFO - Sync 1 DAGs
[2026-02-10T20:27:59.192+0000] {logging_mixin.py:188} INFO - [2026-02-10T20:27:59.192+0000] {dag.py:3823} INFO - Setting next_dagrun for example_python_operator to None, run_after=None
[2026-02-10T20:27:59.202+0000] {processor.py:183} INFO - Processing /home/airflow/.local/lib/python3.8/site-packages/airflow/example_dags/example_python_operator.py took 0.034 seconds
[2026-02-10T20:28:29.822+0000] {processor.py:161} INFO - Started process (PID=677) to work on /home/airflow/.local/lib/python3.8/site-packages/airflow/example_dags/example_python_operator.py
[2026-02-10T20:28:29.823+0000] {processor.py:830} INFO - Processing file /home/airflow/.local/lib/python3.8/site-packages/airflow/example_dags/example_python_operator.py for tasks to queue
[2026-02-10T20:28:29.823+0000] {logging_mixin.py:188} INFO - [2026-02-10T20:28:29.823+0000] {dagbag.py:538} INFO - Filling up the DagBag from /home/airflow/.local/lib/python3.8/site-packages/airflow/example_dags/example_python_operator.py
[2026-02-10T20:28:29.827+0000] {processor.py:840} INFO - DAG(s) 'example_python_operator' retrieved from /home/airflow/.local/lib/python3.8/site-packages/airflow/example_dags/example_python_operator.py
[2026-02-10T20:28:29.839+0000] {logging_mixin.py:188} INFO - [2026-02-10T20:28:29.839+0000] {dag.py:3036} INFO - Sync 1 DAGs
[2026-02-10T20:28:29.844+0000] {logging_mixin.py:188} INFO - [2026-02-10T20:28:29.844+0000] {dag.py:3823} INFO - Setting next_dagrun for example_python_operator to None, run_after=None
[2026-02-10T20:28:29.856+0000] {processor.py:183} INFO - Processing /home/airflow/.local/lib/python3.8/site-packages/airflow/example_dags/example_python_operator.py took 0.036 seconds
[2026-02-10T20:29:00.419+0000] {processor.py:161} INFO - Started process (PID=732) to work on /home/airflow/.local/lib/python3.8/site-packages/airflow/example_dags/example_python_operator.py
[2026-02-10T20:29:00.420+0000] {processor.py:830} INFO - Processing file /home/airflow/.local/lib/python3.8/site-packages/airflow/example_dags/example_python_operator.py for tasks to queue
[2026-02-10T20:29:00.421+0000] {logging_mixin.py:188} INFO - [2026-02-10T20:29:00.421+0000] {dagbag.py:538} INFO - Filling up the DagBag from /home/airflow/.local/lib/python3.8/site-packages/airflow/example_dags/example_python_operator.py
[2026-02-10T20:29:00.425+0000] {processor.py:840} INFO - DAG(s) 'example_python_operator' retrieved from /home/airflow/.local/lib/python3.8/site-packages/airflow/example_dags/example_python_operator.py
[2026-02-10T20:29:00.433+0000] {logging_mixin.py:188} INFO - [2026-02-10T20:29:00.433+0000] {dag.py:3036} INFO - Sync 1 DAGs
[2026-02-10T20:29:00.438+0000] {logging_mixin.py:188} INFO - [2026-02-10T20:29:00.438+0000] {dag.py:3823} INFO - Setting next_dagrun for example_python_operator to None, run_after=None
[2026-02-10T20:29:00.449+0000] {processor.py:183} INFO - Processing /home/airflow/.local/lib/python3.8/site-packages/airflow/example_dags/example_python_operator.py took 0.031 seconds
[2026-02-10T20:29:31.027+0000] {processor.py:161} INFO - Started process (PID=787) to work on /home/airflow/.local/lib/python3.8/site-packages/airflow/example_dags/example_python_operator.py
[2026-02-10T20:29:31.027+0000] {processor.py:830} INFO - Processing file /home/airflow/.local/lib/python3.8/site-packages/airflow/example_dags/example_python_operator.py for tasks to queue
[2026-02-10T20:29:31.028+0000] {logging_mixin.py:188} INFO - [2026-02-10T20:29:31.028+0000] {dagbag.py:538} INFO - Filling up the DagBag from /home/airflow/.local/lib/python3.8/site-packages/airflow/example_dags/example_python_operator.py
[2026-02-10T20:29:31.032+0000] {processor.py:840} INFO - DAG(s) 'example_python_operator' retrieved from /home/airflow/.local/lib/python3.8/site-packages/airflow/example_dags/example_python_operator.py
[2026-02-10T20:29:31.042+0000] {logging_mixin.py:188} INFO - [2026-02-10T20:29:31.042+0000] {dag.py:3036} INFO - Sync 1 DAGs
[2026-02-10T20:29:31.048+0000] {logging_mixin.py:188} INFO - [2026-02-10T20:29:31.048+0000] {dag.py:3823} INFO - Setting next_dagrun for example_python_operator to None, run_after=None
[2026-02-10T20:29:31.057+0000] {processor.py:183} INFO - Processing /home/airflow/.local/lib/python3.8/site-packages/airflow/example_dags/example_python_operator.py took 0.031 seconds
[2026-02-10T20:30:01.546+0000] {processor.py:161} INFO - Started process (PID=842) to work on /home/airflow/.local/lib/python3.8/site-packages/airflow/example_dags/example_python_operator.py
[2026-02-10T20:30:01.547+0000] {processor.py:830} INFO - Processing file /home/airflow/.local/lib/python3.8/site-packages/airflow/example_dags/example_python_operator.py for tasks to queue
[2026-02-10T20:30:01.548+0000] {logging_mixin.py:188} INFO - [2026-02-10T20:30:01.548+0000] {dagbag.py:538} INFO - Filling up the DagBag from /home/airflow/.local/lib/python3.8/site-packages/airflow/example_dags/example_python_operator.py
[2026-02-10T20:30:01.553+0000] {processor.py:840} INFO - DAG(s) 'example_python_operator' retrieved from /home/airflow/.local/lib/python3.8/site-packages/airflow/example_dags/example_python_operator.py
[2026-02-10T20:30:01.563+0000] {logging_mixin.py:188} INFO - [2026-02-10T20:30:01.563+0000] {dag.py:3036} INFO - Sync 1 DAGs
[2026-02-10T20:30:01.567+0000] {logging_mixin.py:188} INFO - [2026-02-10T20:30:01.567+0000] {dag.py:3823} INFO - Setting next_dagrun for example_python_operator to None, run_after=None
[2026-02-10T20:30:01.575+0000] {processor.py:183} INFO - Processing /home/airflow/.local/lib/python3.8/site-packages/airflow/example_dags/example_python_operator.py took 0.031 seconds
[2026-02-10T20:30:31.972+0000] {processor.py:161} INFO - Started process (PID=897) to work on /home/airflow/.local/lib/python3.8/site-packages/airflow/example_dags/example_python_operator.py
[2026-02-10T20:30:31.972+0000] {processor.py:830} INFO - Processing file /home/airflow/.local/lib/python3.8/site-packages/airflow/example_dags/example_python_operator.py for tasks to queue
[2026-02-10T20:30:31.973+0000] {logging_mixin.py:188} INFO - [2026-02-10T20:30:31.973+0000] {dagbag.py:538} INFO - Filling up the DagBag from /home/airflow/.local/lib/python3.8/site-packages/airflow/example_dags/example_python_operator.py
[2026-02-10T20:30:31.977+0000] {processor.py:840} INFO - DAG(s) 'example_python_operator' retrieved from /home/airflow/.local/lib/python3.8/site-packages/airflow/example_dags/example_python_operator.py
[2026-02-10T20:30:31.986+0000] {logging_mixin.py:188} INFO - [2026-02-10T20:30:31.986+0000] {dag.py:3036} INFO - Sync 1 DAGs
[2026-02-10T20:30:31.993+0000] {logging_mixin.py:188} INFO - [2026-02-10T20:30:31.993+0000] {dag.py:3823} INFO - Setting next_dagrun for example_python_operator to None, run_after=None
[2026-02-10T20:30:32.005+0000] {processor.py:183} INFO - Processing /home/airflow/.local/lib/python3.8/site-packages/airflow/example_dags/example_python_operator.py took 0.035 seconds
[2026-02-10T20:31:02.438+0000] {processor.py:161} INFO - Started process (PID=952) to work on /home/airflow/.local/lib/python3.8/site-packages/airflow/example_dags/example_python_operator.py
[2026-02-10T20:31:02.438+0000] {processor.py:830} INFO - Processing file /home/airflow/.local/lib/python3.8/site-packages/airflow/example_dags/example_python_operator.py for tasks to queue
[2026-02-10T20:31:02.439+0000] {logging_mixin.py:188} INFO - [2026-02-10T20:31:02.439+0000] {dagbag.py:538} INFO - Filling up the DagBag from /home/airflow/.local/lib/python3.8/site-packages/airflow/example_dags/example_python_operator.py
[2026-02-10T20:31:02.443+0000] {processor.py:840} INFO - DAG(s) 'example_python_operator' retrieved from /home/airflow/.local/lib/python3.8/site-packages/airflow/example_dags/example_python_operator.py
[2026-02-10T20:31:02.453+0000] {logging_mixin.py:188} INFO - [2026-02-10T20:31:02.453+0000] {dag.py:3036} INFO - Sync 1 DAGs
[2026-02-10T20:31:02.458+0000] {logging_mixin.py:188} INFO - [2026-02-10T20:31:02.458+0000] {dag.py:3823} INFO - Setting next_dagrun for example_python_operator to None, run_after=None
[2026-02-10T20:31:02.466+0000] {processor.py:183} INFO - Processing /home/airflow/.local/lib/python3.8/site-packages/airflow/example_dags/example_python_operator.py took 0.030 seconds
[2026-02-10T20:31:32.788+0000] {processor.py:161} INFO - Started process (PID=1007) to work on /home/airflow/.local/lib/python3.8/site-packages/airflow/example_dags/example_python_operator.py
[2026-02-10T20:31:32.792+0000] {processor.py:830} INFO - Processing file /home/airflow/.local/lib/python3.8/site-packages/airflow/example_dags/example_python_operator.py for tasks to queue
[2026-02-10T20:31:32.793+0000] {logging_mixin.py:188} INFO - [2026-02-10T20:31:32.792+0000] {dagbag.py:538} INFO - Filling up the DagBag from /home/airflow/.local/lib/python3.8/site-packages/airflow/example_dags/example_python_operator.py
[2026-02-10T20:31:32.797+0000] {processor.py:840} INFO - DAG(s) 'example_python_operator' retrieved from /home/airflow/.local/lib/python3.8/site-packages/airflow/example_dags/example_python_operator.py
[2026-02-10T20:31:32.807+0000] {logging_mixin.py:188} INFO - [2026-02-10T20:31:32.807+0000] {dag.py:3036} INFO - Sync 1 DAGs
[2026-02-10T20:31:32.811+0000] {logging_mixin.py:188} INFO - [2026-02-10T20:31:32.811+0000] {dag.py:3823} INFO - Setting next_dagrun for example_python_operator to None, run_after=None
[2026-02-10T20:31:32.819+0000] {processor.py:183} INFO - Processing /home/airflow/.local/lib/python3.8/site-packages/airflow/example_dags/example_python_operator.py took 0.032 seconds
[2026-02-10T20:32:03.191+0000] {processor.py:161} INFO - Started process (PID=1062) to work on /home/airflow/.local/lib/python3.8/site-packages/airflow/example_dags/example_python_operator.py
[2026-02-10T20:32:03.195+0000] {processor.py:830} INFO - Processing file /home/airflow/.local/lib/python3.8/site-packages/airflow/example_dags/example_python_operator.py for tasks to queue
[2026-02-10T20:32:03.197+0000] {logging_mixin.py:188} INFO - [2026-02-10T20:32:03.196+0000] {dagbag.py:538} INFO - Filling up the DagBag from /home/airflow/.local/lib/python3.8/site-packages/airflow/example_dags/example_python_operator.py
[2026-02-10T20:32:03.201+0000] {processor.py:840} INFO - DAG(s) 'example_python_operator' retrieved from /home/airflow/.local/lib/python3.8/site-packages/airflow/example_dags/example_python_operator.py
[2026-02-10T20:32:03.213+0000] {logging_mixin.py:188} INFO - [2026-02-10T20:32:03.213+0000] {dag.py:3036} INFO - Sync 1 DAGs
[2026-02-10T20:32:03.217+0000] {logging_mixin.py:188} INFO - [2026-02-10T20:32:03.217+0000] {dag.py:3823} INFO - Setting next_dagrun for example_python_operator to None, run_after=None
[2026-02-10T20:32:03.225+0000] {processor.py:183} INFO - Processing /home/airflow/.local/lib/python3.8/site-packages/airflow/example_dags/example_python_operator.py took 0.036 seconds
[2026-02-10T20:32:33.517+0000] {processor.py:161} INFO - Started process (PID=1117) to work on /home/airflow/.local/lib/python3.8/site-packages/airflow/example_dags/example_python_operator.py
[2026-02-10T20:32:33.518+0000] {processor.py:830} INFO - Processing file /home/airflow/.local/lib/python3.8/site-packages/airflow/example_dags/example_python_operator.py for tasks to queue
[2026-02-10T20:32:33.519+0000] {logging_mixin.py:188} INFO - [2026-02-10T20:32:33.519+0000] {dagbag.py:538} INFO - Filling up the DagBag from /home/airflow/.local/lib/python3.8/site-packages/airflow/example_dags/example_python_operator.py
[2026-02-10T20:32:33.524+0000] {processor.py:840} INFO - DAG(s) 'example_python_operator' retrieved from /home/airflow/.local/lib/python3.8/site-packages/airflow/example_dags/example_python_operator.py
[2026-02-10T20:32:33.533+0000] {logging_mixin.py:188} INFO - [2026-02-10T20:32:33.533+0000] {dag.py:3036} INFO - Sync 1 DAGs
[2026-02-10T20:32:33.537+0000] {logging_mixin.py:188} INFO - [2026-02-10T20:32:33.537+0000] {dag.py:3823} INFO - Setting next_dagrun for example_python_operator to None, run_after=None
[2026-02-10T20:32:33.546+0000] {processor.py:183} INFO - Processing /home/airflow/.local/lib/python3.8/site-packages/airflow/example_dags/example_python_operator.py took 0.031 seconds
[2026-02-10T20:33:04.068+0000] {processor.py:161} INFO - Started process (PID=1173) to work on /home/airflow/.local/lib/python3.8/site-packages/airflow/example_dags/example_python_operator.py
[2026-02-10T20:33:04.070+0000] {processor.py:830} INFO - Processing file /home/airflow/.local/lib/python3.8/site-packages/airflow/example_dags/example_python_operator.py for tasks to queue
[2026-02-10T20:33:04.072+0000] {logging_mixin.py:188} INFO - [2026-02-10T20:33:04.071+0000] {dagbag.py:538} INFO - Filling up the DagBag from /home/airflow/.local/lib/python3.8/site-packages/airflow/example_dags/example_python_operator.py
[2026-02-10T20:33:04.076+0000] {processor.py:840} INFO - DAG(s) 'example_python_operator' retrieved from /home/airflow/.local/lib/python3.8/site-packages/airflow/example_dags/example_python_operator.py
[2026-02-10T20:33:04.086+0000] {logging_mixin.py:188} INFO - [2026-02-10T20:33:04.086+0000] {dag.py:3036} INFO - Sync 1 DAGs
[2026-02-10T20:33:04.090+0000] {logging_mixin.py:188} INFO - [2026-02-10T20:33:04.090+0000] {dag.py:3823} INFO - Setting next_dagrun for example_python_operator to None, run_after=None
[2026-02-10T20:33:04.096+0000] {processor.py:183} INFO - Processing /home/airflow/.local/lib/python3.8/site-packages/airflow/example_dags/example_python_operator.py took 0.030 seconds
[2026-02-10T20:33:34.475+0000] {processor.py:161} INFO - Started process (PID=1229) to work on /home/airflow/.local/lib/python3.8/site-packages/airflow/example_dags/example_python_operator.py
[2026-02-10T20:33:34.478+0000] {processor.py:830} INFO - Processing file /home/airflow/.local/lib/python3.8/site-packages/airflow/example_dags/example_python_operator.py for tasks to queue
[2026-02-10T20:33:34.479+0000] {logging_mixin.py:188} INFO - [2026-02-10T20:33:34.479+0000] {dagbag.py:538} INFO - Filling up the DagBag from /home/airflow/.local/lib/python3.8/site-packages/airflow/example_dags/example_python_operator.py
[2026-02-10T20:33:34.484+0000] {processor.py:840} INFO - DAG(s) 'example_python_operator' retrieved from /home/airflow/.local/lib/python3.8/site-packages/airflow/example_dags/example_python_operator.py
[2026-02-10T20:33:34.493+0000] {logging_mixin.py:188} INFO - [2026-02-10T20:33:34.493+0000] {dag.py:3036} INFO - Sync 1 DAGs
[2026-02-10T20:33:34.498+0000] {logging_mixin.py:188} INFO - [2026-02-10T20:33:34.498+0000] {dag.py:3823} INFO - Setting next_dagrun for example_python_operator to None, run_after=None
[2026-02-10T20:33:34.507+0000] {processor.py:183} INFO - Processing /home/airflow/.local/lib/python3.8/site-packages/airflow/example_dags/example_python_operator.py took 0.033 seconds
[2026-02-10T20:34:04.884+0000] {processor.py:161} INFO - Started process (PID=1285) to work on /home/airflow/.local/lib/python3.8/site-packages/airflow/example_dags/example_python_operator.py
[2026-02-10T20:34:04.885+0000] {processor.py:830} INFO - Processing file /home/airflow/.local/lib/python3.8/site-packages/airflow/example_dags/example_python_operator.py for tasks to queue
[2026-02-10T20:34:04.886+0000] {logging_mixin.py:188} INFO - [2026-02-10T20:34:04.886+0000] {dagbag.py:538} INFO - Filling up the DagBag from /home/airflow/.local/lib/python3.8/site-packages/airflow/example_dags/example_python_operator.py
[2026-02-10T20:34:04.890+0000] {processor.py:840} INFO - DAG(s) 'example_python_operator' retrieved from /home/airflow/.local/lib/python3.8/site-packages/airflow/example_dags/example_python_operator.py
[2026-02-10T20:34:04.898+0000] {logging_mixin.py:188} INFO - [2026-02-10T20:34:04.898+0000] {dag.py:3036} INFO - Sync 1 DAGs
[2026-02-10T20:34:04.902+0000] {logging_mixin.py:188} INFO - [2026-02-10T20:34:04.902+0000] {dag.py:3823} INFO - Setting next_dagrun for example_python_operator to None, run_after=None
[2026-02-10T20:34:04.909+0000] {processor.py:183} INFO - Processing /home/airflow/.local/lib/python3.8/site-packages/airflow/example_dags/example_python_operator.py took 0.026 seconds
