[2026-02-10T20:22:54.220+0000] {processor.py:161} INFO - Started process (PID=56) to work on /home/airflow/.local/lib/python3.8/site-packages/airflow/example_dags/example_latest_only_with_trigger.py
[2026-02-10T20:22:54.220+0000] {processor.py:830} INFO - Processing file /home/airflow/.local/lib/python3.8/site-packages/airflow/example_dags/example_latest_only_with_trigger.py for tasks to queue
[2026-02-10T20:22:54.221+0000] {logging_mixin.py:188} INFO - [2026-02-10T20:22:54.221+0000] {dagbag.py:538} INFO - Filling up the DagBag from /home/airflow/.local/lib/python3.8/site-packages/airflow/example_dags/example_latest_only_with_trigger.py
[2026-02-10T20:22:54.227+0000] {processor.py:840} INFO - DAG(s) 'latest_only_with_trigger' retrieved from /home/airflow/.local/lib/python3.8/site-packages/airflow/example_dags/example_latest_only_with_trigger.py
[2026-02-10T20:22:54.234+0000] {logging_mixin.py:188} INFO - [2026-02-10T20:22:54.234+0000] {dag.py:3036} INFO - Sync 1 DAGs
[2026-02-10T20:22:54.244+0000] {logging_mixin.py:188} INFO - [2026-02-10T20:22:54.244+0000] {dag.py:3823} INFO - Setting next_dagrun for latest_only_with_trigger to 2026-02-10 16:00:00+00:00, run_after=2026-02-10 20:00:00+00:00
[2026-02-10T20:22:54.253+0000] {processor.py:183} INFO - Processing /home/airflow/.local/lib/python3.8/site-packages/airflow/example_dags/example_latest_only_with_trigger.py took 0.035 seconds
[2026-02-10T20:23:24.348+0000] {processor.py:161} INFO - Started process (PID=111) to work on /home/airflow/.local/lib/python3.8/site-packages/airflow/example_dags/example_latest_only_with_trigger.py
[2026-02-10T20:23:24.348+0000] {processor.py:830} INFO - Processing file /home/airflow/.local/lib/python3.8/site-packages/airflow/example_dags/example_latest_only_with_trigger.py for tasks to queue
[2026-02-10T20:23:24.349+0000] {logging_mixin.py:188} INFO - [2026-02-10T20:23:24.349+0000] {dagbag.py:538} INFO - Filling up the DagBag from /home/airflow/.local/lib/python3.8/site-packages/airflow/example_dags/example_latest_only_with_trigger.py
[2026-02-10T20:23:24.351+0000] {processor.py:840} INFO - DAG(s) 'latest_only_with_trigger' retrieved from /home/airflow/.local/lib/python3.8/site-packages/airflow/example_dags/example_latest_only_with_trigger.py
[2026-02-10T20:23:24.387+0000] {logging_mixin.py:188} INFO - [2026-02-10T20:23:24.387+0000] {dag.py:3036} INFO - Sync 1 DAGs
[2026-02-10T20:23:24.394+0000] {logging_mixin.py:188} INFO - [2026-02-10T20:23:24.394+0000] {dag.py:3823} INFO - Setting next_dagrun for latest_only_with_trigger to 2026-02-10 16:00:00+00:00, run_after=2026-02-10 20:00:00+00:00
[2026-02-10T20:23:24.401+0000] {processor.py:183} INFO - Processing /home/airflow/.local/lib/python3.8/site-packages/airflow/example_dags/example_latest_only_with_trigger.py took 0.055 seconds
[2026-02-10T20:23:55.318+0000] {processor.py:161} INFO - Started process (PID=166) to work on /home/airflow/.local/lib/python3.8/site-packages/airflow/example_dags/example_latest_only_with_trigger.py
[2026-02-10T20:23:55.319+0000] {processor.py:830} INFO - Processing file /home/airflow/.local/lib/python3.8/site-packages/airflow/example_dags/example_latest_only_with_trigger.py for tasks to queue
[2026-02-10T20:23:55.319+0000] {logging_mixin.py:188} INFO - [2026-02-10T20:23:55.319+0000] {dagbag.py:538} INFO - Filling up the DagBag from /home/airflow/.local/lib/python3.8/site-packages/airflow/example_dags/example_latest_only_with_trigger.py
[2026-02-10T20:23:55.323+0000] {processor.py:840} INFO - DAG(s) 'latest_only_with_trigger' retrieved from /home/airflow/.local/lib/python3.8/site-packages/airflow/example_dags/example_latest_only_with_trigger.py
[2026-02-10T20:23:55.334+0000] {logging_mixin.py:188} INFO - [2026-02-10T20:23:55.334+0000] {dag.py:3036} INFO - Sync 1 DAGs
[2026-02-10T20:23:55.344+0000] {logging_mixin.py:188} INFO - [2026-02-10T20:23:55.344+0000] {dag.py:3823} INFO - Setting next_dagrun for latest_only_with_trigger to 2026-02-10 16:00:00+00:00, run_after=2026-02-10 20:00:00+00:00
[2026-02-10T20:23:55.350+0000] {processor.py:183} INFO - Processing /home/airflow/.local/lib/python3.8/site-packages/airflow/example_dags/example_latest_only_with_trigger.py took 0.034 seconds
[2026-02-10T20:24:25.731+0000] {processor.py:161} INFO - Started process (PID=221) to work on /home/airflow/.local/lib/python3.8/site-packages/airflow/example_dags/example_latest_only_with_trigger.py
[2026-02-10T20:24:25.732+0000] {processor.py:830} INFO - Processing file /home/airflow/.local/lib/python3.8/site-packages/airflow/example_dags/example_latest_only_with_trigger.py for tasks to queue
[2026-02-10T20:24:25.733+0000] {logging_mixin.py:188} INFO - [2026-02-10T20:24:25.733+0000] {dagbag.py:538} INFO - Filling up the DagBag from /home/airflow/.local/lib/python3.8/site-packages/airflow/example_dags/example_latest_only_with_trigger.py
[2026-02-10T20:24:25.735+0000] {processor.py:840} INFO - DAG(s) 'latest_only_with_trigger' retrieved from /home/airflow/.local/lib/python3.8/site-packages/airflow/example_dags/example_latest_only_with_trigger.py
[2026-02-10T20:24:25.746+0000] {logging_mixin.py:188} INFO - [2026-02-10T20:24:25.745+0000] {dag.py:3036} INFO - Sync 1 DAGs
[2026-02-10T20:24:25.754+0000] {logging_mixin.py:188} INFO - [2026-02-10T20:24:25.754+0000] {dag.py:3823} INFO - Setting next_dagrun for latest_only_with_trigger to 2026-02-10 16:00:00+00:00, run_after=2026-02-10 20:00:00+00:00
[2026-02-10T20:24:25.760+0000] {processor.py:183} INFO - Processing /home/airflow/.local/lib/python3.8/site-packages/airflow/example_dags/example_latest_only_with_trigger.py took 0.030 seconds
[2026-02-10T20:24:56.243+0000] {processor.py:161} INFO - Started process (PID=276) to work on /home/airflow/.local/lib/python3.8/site-packages/airflow/example_dags/example_latest_only_with_trigger.py
[2026-02-10T20:24:56.245+0000] {processor.py:830} INFO - Processing file /home/airflow/.local/lib/python3.8/site-packages/airflow/example_dags/example_latest_only_with_trigger.py for tasks to queue
[2026-02-10T20:24:56.247+0000] {logging_mixin.py:188} INFO - [2026-02-10T20:24:56.247+0000] {dagbag.py:538} INFO - Filling up the DagBag from /home/airflow/.local/lib/python3.8/site-packages/airflow/example_dags/example_latest_only_with_trigger.py
[2026-02-10T20:24:56.250+0000] {processor.py:840} INFO - DAG(s) 'latest_only_with_trigger' retrieved from /home/airflow/.local/lib/python3.8/site-packages/airflow/example_dags/example_latest_only_with_trigger.py
[2026-02-10T20:24:56.265+0000] {logging_mixin.py:188} INFO - [2026-02-10T20:24:56.265+0000] {dag.py:3036} INFO - Sync 1 DAGs
[2026-02-10T20:24:56.274+0000] {logging_mixin.py:188} INFO - [2026-02-10T20:24:56.274+0000] {dag.py:3823} INFO - Setting next_dagrun for latest_only_with_trigger to 2026-02-10 16:00:00+00:00, run_after=2026-02-10 20:00:00+00:00
[2026-02-10T20:24:56.281+0000] {processor.py:183} INFO - Processing /home/airflow/.local/lib/python3.8/site-packages/airflow/example_dags/example_latest_only_with_trigger.py took 0.039 seconds
[2026-02-10T20:25:26.855+0000] {processor.py:161} INFO - Started process (PID=337) to work on /home/airflow/.local/lib/python3.8/site-packages/airflow/example_dags/example_latest_only_with_trigger.py
[2026-02-10T20:25:26.856+0000] {processor.py:830} INFO - Processing file /home/airflow/.local/lib/python3.8/site-packages/airflow/example_dags/example_latest_only_with_trigger.py for tasks to queue
[2026-02-10T20:25:26.856+0000] {logging_mixin.py:188} INFO - [2026-02-10T20:25:26.856+0000] {dagbag.py:538} INFO - Filling up the DagBag from /home/airflow/.local/lib/python3.8/site-packages/airflow/example_dags/example_latest_only_with_trigger.py
[2026-02-10T20:25:26.859+0000] {processor.py:840} INFO - DAG(s) 'latest_only_with_trigger' retrieved from /home/airflow/.local/lib/python3.8/site-packages/airflow/example_dags/example_latest_only_with_trigger.py
[2026-02-10T20:25:26.871+0000] {logging_mixin.py:188} INFO - [2026-02-10T20:25:26.870+0000] {dag.py:3036} INFO - Sync 1 DAGs
[2026-02-10T20:25:26.879+0000] {logging_mixin.py:188} INFO - [2026-02-10T20:25:26.879+0000] {dag.py:3823} INFO - Setting next_dagrun for latest_only_with_trigger to 2026-02-10 16:00:00+00:00, run_after=2026-02-10 20:00:00+00:00
[2026-02-10T20:25:26.885+0000] {processor.py:183} INFO - Processing /home/airflow/.local/lib/python3.8/site-packages/airflow/example_dags/example_latest_only_with_trigger.py took 0.032 seconds
[2026-02-10T20:25:57.329+0000] {processor.py:161} INFO - Started process (PID=392) to work on /home/airflow/.local/lib/python3.8/site-packages/airflow/example_dags/example_latest_only_with_trigger.py
[2026-02-10T20:25:57.329+0000] {processor.py:830} INFO - Processing file /home/airflow/.local/lib/python3.8/site-packages/airflow/example_dags/example_latest_only_with_trigger.py for tasks to queue
[2026-02-10T20:25:57.330+0000] {logging_mixin.py:188} INFO - [2026-02-10T20:25:57.330+0000] {dagbag.py:538} INFO - Filling up the DagBag from /home/airflow/.local/lib/python3.8/site-packages/airflow/example_dags/example_latest_only_with_trigger.py
[2026-02-10T20:25:57.332+0000] {processor.py:840} INFO - DAG(s) 'latest_only_with_trigger' retrieved from /home/airflow/.local/lib/python3.8/site-packages/airflow/example_dags/example_latest_only_with_trigger.py
[2026-02-10T20:25:57.339+0000] {logging_mixin.py:188} INFO - [2026-02-10T20:25:57.339+0000] {dag.py:3036} INFO - Sync 1 DAGs
[2026-02-10T20:25:57.346+0000] {logging_mixin.py:188} INFO - [2026-02-10T20:25:57.346+0000] {dag.py:3823} INFO - Setting next_dagrun for latest_only_with_trigger to 2026-02-10 16:00:00+00:00, run_after=2026-02-10 20:00:00+00:00
[2026-02-10T20:25:57.351+0000] {processor.py:183} INFO - Processing /home/airflow/.local/lib/python3.8/site-packages/airflow/example_dags/example_latest_only_with_trigger.py took 0.023 seconds
[2026-02-10T20:26:27.731+0000] {processor.py:161} INFO - Started process (PID=447) to work on /home/airflow/.local/lib/python3.8/site-packages/airflow/example_dags/example_latest_only_with_trigger.py
[2026-02-10T20:26:27.732+0000] {processor.py:830} INFO - Processing file /home/airflow/.local/lib/python3.8/site-packages/airflow/example_dags/example_latest_only_with_trigger.py for tasks to queue
[2026-02-10T20:26:27.733+0000] {logging_mixin.py:188} INFO - [2026-02-10T20:26:27.732+0000] {dagbag.py:538} INFO - Filling up the DagBag from /home/airflow/.local/lib/python3.8/site-packages/airflow/example_dags/example_latest_only_with_trigger.py
[2026-02-10T20:26:27.734+0000] {processor.py:840} INFO - DAG(s) 'latest_only_with_trigger' retrieved from /home/airflow/.local/lib/python3.8/site-packages/airflow/example_dags/example_latest_only_with_trigger.py
[2026-02-10T20:26:27.742+0000] {logging_mixin.py:188} INFO - [2026-02-10T20:26:27.742+0000] {dag.py:3036} INFO - Sync 1 DAGs
[2026-02-10T20:26:27.748+0000] {logging_mixin.py:188} INFO - [2026-02-10T20:26:27.748+0000] {dag.py:3823} INFO - Setting next_dagrun for latest_only_with_trigger to 2026-02-10 16:00:00+00:00, run_after=2026-02-10 20:00:00+00:00
[2026-02-10T20:26:27.753+0000] {processor.py:183} INFO - Processing /home/airflow/.local/lib/python3.8/site-packages/airflow/example_dags/example_latest_only_with_trigger.py took 0.023 seconds
[2026-02-10T20:26:58.108+0000] {processor.py:161} INFO - Started process (PID=502) to work on /home/airflow/.local/lib/python3.8/site-packages/airflow/example_dags/example_latest_only_with_trigger.py
[2026-02-10T20:26:58.110+0000] {processor.py:830} INFO - Processing file /home/airflow/.local/lib/python3.8/site-packages/airflow/example_dags/example_latest_only_with_trigger.py for tasks to queue
[2026-02-10T20:26:58.112+0000] {logging_mixin.py:188} INFO - [2026-02-10T20:26:58.112+0000] {dagbag.py:538} INFO - Filling up the DagBag from /home/airflow/.local/lib/python3.8/site-packages/airflow/example_dags/example_latest_only_with_trigger.py
[2026-02-10T20:26:58.115+0000] {processor.py:840} INFO - DAG(s) 'latest_only_with_trigger' retrieved from /home/airflow/.local/lib/python3.8/site-packages/airflow/example_dags/example_latest_only_with_trigger.py
[2026-02-10T20:26:58.124+0000] {logging_mixin.py:188} INFO - [2026-02-10T20:26:58.124+0000] {dag.py:3036} INFO - Sync 1 DAGs
[2026-02-10T20:26:58.131+0000] {logging_mixin.py:188} INFO - [2026-02-10T20:26:58.131+0000] {dag.py:3823} INFO - Setting next_dagrun for latest_only_with_trigger to 2026-02-10 16:00:00+00:00, run_after=2026-02-10 20:00:00+00:00
[2026-02-10T20:26:58.140+0000] {processor.py:183} INFO - Processing /home/airflow/.local/lib/python3.8/site-packages/airflow/example_dags/example_latest_only_with_trigger.py took 0.033 seconds
[2026-02-10T20:27:28.483+0000] {processor.py:161} INFO - Started process (PID=557) to work on /home/airflow/.local/lib/python3.8/site-packages/airflow/example_dags/example_latest_only_with_trigger.py
[2026-02-10T20:27:28.483+0000] {processor.py:830} INFO - Processing file /home/airflow/.local/lib/python3.8/site-packages/airflow/example_dags/example_latest_only_with_trigger.py for tasks to queue
[2026-02-10T20:27:28.484+0000] {logging_mixin.py:188} INFO - [2026-02-10T20:27:28.484+0000] {dagbag.py:538} INFO - Filling up the DagBag from /home/airflow/.local/lib/python3.8/site-packages/airflow/example_dags/example_latest_only_with_trigger.py
[2026-02-10T20:27:28.486+0000] {processor.py:840} INFO - DAG(s) 'latest_only_with_trigger' retrieved from /home/airflow/.local/lib/python3.8/site-packages/airflow/example_dags/example_latest_only_with_trigger.py
[2026-02-10T20:27:28.498+0000] {logging_mixin.py:188} INFO - [2026-02-10T20:27:28.498+0000] {dag.py:3036} INFO - Sync 1 DAGs
[2026-02-10T20:27:28.508+0000] {logging_mixin.py:188} INFO - [2026-02-10T20:27:28.508+0000] {dag.py:3823} INFO - Setting next_dagrun for latest_only_with_trigger to 2026-02-10 16:00:00+00:00, run_after=2026-02-10 20:00:00+00:00
[2026-02-10T20:27:28.519+0000] {processor.py:183} INFO - Processing /home/airflow/.local/lib/python3.8/site-packages/airflow/example_dags/example_latest_only_with_trigger.py took 0.038 seconds
[2026-02-10T20:27:58.918+0000] {processor.py:161} INFO - Started process (PID=611) to work on /home/airflow/.local/lib/python3.8/site-packages/airflow/example_dags/example_latest_only_with_trigger.py
[2026-02-10T20:27:58.919+0000] {processor.py:830} INFO - Processing file /home/airflow/.local/lib/python3.8/site-packages/airflow/example_dags/example_latest_only_with_trigger.py for tasks to queue
[2026-02-10T20:27:58.921+0000] {logging_mixin.py:188} INFO - [2026-02-10T20:27:58.921+0000] {dagbag.py:538} INFO - Filling up the DagBag from /home/airflow/.local/lib/python3.8/site-packages/airflow/example_dags/example_latest_only_with_trigger.py
[2026-02-10T20:27:58.925+0000] {processor.py:840} INFO - DAG(s) 'latest_only_with_trigger' retrieved from /home/airflow/.local/lib/python3.8/site-packages/airflow/example_dags/example_latest_only_with_trigger.py
[2026-02-10T20:27:58.936+0000] {logging_mixin.py:188} INFO - [2026-02-10T20:27:58.936+0000] {dag.py:3036} INFO - Sync 1 DAGs
[2026-02-10T20:27:58.944+0000] {logging_mixin.py:188} INFO - [2026-02-10T20:27:58.944+0000] {dag.py:3823} INFO - Setting next_dagrun for latest_only_with_trigger to 2026-02-10 16:00:00+00:00, run_after=2026-02-10 20:00:00+00:00
[2026-02-10T20:27:58.950+0000] {processor.py:183} INFO - Processing /home/airflow/.local/lib/python3.8/site-packages/airflow/example_dags/example_latest_only_with_trigger.py took 0.033 seconds
[2026-02-10T20:28:29.529+0000] {processor.py:161} INFO - Started process (PID=666) to work on /home/airflow/.local/lib/python3.8/site-packages/airflow/example_dags/example_latest_only_with_trigger.py
[2026-02-10T20:28:29.529+0000] {processor.py:830} INFO - Processing file /home/airflow/.local/lib/python3.8/site-packages/airflow/example_dags/example_latest_only_with_trigger.py for tasks to queue
[2026-02-10T20:28:29.530+0000] {logging_mixin.py:188} INFO - [2026-02-10T20:28:29.530+0000] {dagbag.py:538} INFO - Filling up the DagBag from /home/airflow/.local/lib/python3.8/site-packages/airflow/example_dags/example_latest_only_with_trigger.py
[2026-02-10T20:28:29.532+0000] {processor.py:840} INFO - DAG(s) 'latest_only_with_trigger' retrieved from /home/airflow/.local/lib/python3.8/site-packages/airflow/example_dags/example_latest_only_with_trigger.py
[2026-02-10T20:28:29.541+0000] {logging_mixin.py:188} INFO - [2026-02-10T20:28:29.541+0000] {dag.py:3036} INFO - Sync 1 DAGs
[2026-02-10T20:28:29.549+0000] {logging_mixin.py:188} INFO - [2026-02-10T20:28:29.548+0000] {dag.py:3823} INFO - Setting next_dagrun for latest_only_with_trigger to 2026-02-10 16:00:00+00:00, run_after=2026-02-10 20:00:00+00:00
[2026-02-10T20:28:29.554+0000] {processor.py:183} INFO - Processing /home/airflow/.local/lib/python3.8/site-packages/airflow/example_dags/example_latest_only_with_trigger.py took 0.027 seconds
[2026-02-10T20:29:00.130+0000] {processor.py:161} INFO - Started process (PID=721) to work on /home/airflow/.local/lib/python3.8/site-packages/airflow/example_dags/example_latest_only_with_trigger.py
[2026-02-10T20:29:00.132+0000] {processor.py:830} INFO - Processing file /home/airflow/.local/lib/python3.8/site-packages/airflow/example_dags/example_latest_only_with_trigger.py for tasks to queue
[2026-02-10T20:29:00.134+0000] {logging_mixin.py:188} INFO - [2026-02-10T20:29:00.133+0000] {dagbag.py:538} INFO - Filling up the DagBag from /home/airflow/.local/lib/python3.8/site-packages/airflow/example_dags/example_latest_only_with_trigger.py
[2026-02-10T20:29:00.138+0000] {processor.py:840} INFO - DAG(s) 'latest_only_with_trigger' retrieved from /home/airflow/.local/lib/python3.8/site-packages/airflow/example_dags/example_latest_only_with_trigger.py
[2026-02-10T20:29:00.152+0000] {logging_mixin.py:188} INFO - [2026-02-10T20:29:00.152+0000] {dag.py:3036} INFO - Sync 1 DAGs
[2026-02-10T20:29:00.164+0000] {logging_mixin.py:188} INFO - [2026-02-10T20:29:00.163+0000] {dag.py:3823} INFO - Setting next_dagrun for latest_only_with_trigger to 2026-02-10 16:00:00+00:00, run_after=2026-02-10 20:00:00+00:00
[2026-02-10T20:29:00.175+0000] {processor.py:183} INFO - Processing /home/airflow/.local/lib/python3.8/site-packages/airflow/example_dags/example_latest_only_with_trigger.py took 0.047 seconds
[2026-02-10T20:29:30.787+0000] {processor.py:161} INFO - Started process (PID=776) to work on /home/airflow/.local/lib/python3.8/site-packages/airflow/example_dags/example_latest_only_with_trigger.py
[2026-02-10T20:29:30.788+0000] {processor.py:830} INFO - Processing file /home/airflow/.local/lib/python3.8/site-packages/airflow/example_dags/example_latest_only_with_trigger.py for tasks to queue
[2026-02-10T20:29:30.789+0000] {logging_mixin.py:188} INFO - [2026-02-10T20:29:30.789+0000] {dagbag.py:538} INFO - Filling up the DagBag from /home/airflow/.local/lib/python3.8/site-packages/airflow/example_dags/example_latest_only_with_trigger.py
[2026-02-10T20:29:30.791+0000] {processor.py:840} INFO - DAG(s) 'latest_only_with_trigger' retrieved from /home/airflow/.local/lib/python3.8/site-packages/airflow/example_dags/example_latest_only_with_trigger.py
[2026-02-10T20:29:30.800+0000] {logging_mixin.py:188} INFO - [2026-02-10T20:29:30.800+0000] {dag.py:3036} INFO - Sync 1 DAGs
[2026-02-10T20:29:30.808+0000] {logging_mixin.py:188} INFO - [2026-02-10T20:29:30.808+0000] {dag.py:3823} INFO - Setting next_dagrun for latest_only_with_trigger to 2026-02-10 16:00:00+00:00, run_after=2026-02-10 20:00:00+00:00
[2026-02-10T20:29:30.822+0000] {processor.py:183} INFO - Processing /home/airflow/.local/lib/python3.8/site-packages/airflow/example_dags/example_latest_only_with_trigger.py took 0.036 seconds
[2026-02-10T20:30:01.275+0000] {processor.py:161} INFO - Started process (PID=831) to work on /home/airflow/.local/lib/python3.8/site-packages/airflow/example_dags/example_latest_only_with_trigger.py
[2026-02-10T20:30:01.276+0000] {processor.py:830} INFO - Processing file /home/airflow/.local/lib/python3.8/site-packages/airflow/example_dags/example_latest_only_with_trigger.py for tasks to queue
[2026-02-10T20:30:01.277+0000] {logging_mixin.py:188} INFO - [2026-02-10T20:30:01.276+0000] {dagbag.py:538} INFO - Filling up the DagBag from /home/airflow/.local/lib/python3.8/site-packages/airflow/example_dags/example_latest_only_with_trigger.py
[2026-02-10T20:30:01.279+0000] {processor.py:840} INFO - DAG(s) 'latest_only_with_trigger' retrieved from /home/airflow/.local/lib/python3.8/site-packages/airflow/example_dags/example_latest_only_with_trigger.py
[2026-02-10T20:30:01.287+0000] {logging_mixin.py:188} INFO - [2026-02-10T20:30:01.287+0000] {dag.py:3036} INFO - Sync 1 DAGs
[2026-02-10T20:30:01.295+0000] {logging_mixin.py:188} INFO - [2026-02-10T20:30:01.295+0000] {dag.py:3823} INFO - Setting next_dagrun for latest_only_with_trigger to 2026-02-10 16:00:00+00:00, run_after=2026-02-10 20:00:00+00:00
[2026-02-10T20:30:01.302+0000] {processor.py:183} INFO - Processing /home/airflow/.local/lib/python3.8/site-packages/airflow/example_dags/example_latest_only_with_trigger.py took 0.028 seconds
[2026-02-10T20:30:31.708+0000] {processor.py:161} INFO - Started process (PID=886) to work on /home/airflow/.local/lib/python3.8/site-packages/airflow/example_dags/example_latest_only_with_trigger.py
[2026-02-10T20:30:31.708+0000] {processor.py:830} INFO - Processing file /home/airflow/.local/lib/python3.8/site-packages/airflow/example_dags/example_latest_only_with_trigger.py for tasks to queue
[2026-02-10T20:30:31.709+0000] {logging_mixin.py:188} INFO - [2026-02-10T20:30:31.709+0000] {dagbag.py:538} INFO - Filling up the DagBag from /home/airflow/.local/lib/python3.8/site-packages/airflow/example_dags/example_latest_only_with_trigger.py
[2026-02-10T20:30:31.711+0000] {processor.py:840} INFO - DAG(s) 'latest_only_with_trigger' retrieved from /home/airflow/.local/lib/python3.8/site-packages/airflow/example_dags/example_latest_only_with_trigger.py
[2026-02-10T20:30:31.718+0000] {logging_mixin.py:188} INFO - [2026-02-10T20:30:31.718+0000] {dag.py:3036} INFO - Sync 1 DAGs
[2026-02-10T20:30:31.724+0000] {logging_mixin.py:188} INFO - [2026-02-10T20:30:31.724+0000] {dag.py:3823} INFO - Setting next_dagrun for latest_only_with_trigger to 2026-02-10 16:00:00+00:00, run_after=2026-02-10 20:00:00+00:00
[2026-02-10T20:30:31.730+0000] {processor.py:183} INFO - Processing /home/airflow/.local/lib/python3.8/site-packages/airflow/example_dags/example_latest_only_with_trigger.py took 0.024 seconds
[2026-02-10T20:31:02.142+0000] {processor.py:161} INFO - Started process (PID=941) to work on /home/airflow/.local/lib/python3.8/site-packages/airflow/example_dags/example_latest_only_with_trigger.py
[2026-02-10T20:31:02.144+0000] {processor.py:830} INFO - Processing file /home/airflow/.local/lib/python3.8/site-packages/airflow/example_dags/example_latest_only_with_trigger.py for tasks to queue
[2026-02-10T20:31:02.145+0000] {logging_mixin.py:188} INFO - [2026-02-10T20:31:02.145+0000] {dagbag.py:538} INFO - Filling up the DagBag from /home/airflow/.local/lib/python3.8/site-packages/airflow/example_dags/example_latest_only_with_trigger.py
[2026-02-10T20:31:02.149+0000] {processor.py:840} INFO - DAG(s) 'latest_only_with_trigger' retrieved from /home/airflow/.local/lib/python3.8/site-packages/airflow/example_dags/example_latest_only_with_trigger.py
[2026-02-10T20:31:02.166+0000] {logging_mixin.py:188} INFO - [2026-02-10T20:31:02.166+0000] {dag.py:3036} INFO - Sync 1 DAGs
[2026-02-10T20:31:02.176+0000] {logging_mixin.py:188} INFO - [2026-02-10T20:31:02.176+0000] {dag.py:3823} INFO - Setting next_dagrun for latest_only_with_trigger to 2026-02-10 16:00:00+00:00, run_after=2026-02-10 20:00:00+00:00
[2026-02-10T20:31:02.187+0000] {processor.py:183} INFO - Processing /home/airflow/.local/lib/python3.8/site-packages/airflow/example_dags/example_latest_only_with_trigger.py took 0.046 seconds
[2026-02-10T20:31:32.519+0000] {processor.py:161} INFO - Started process (PID=996) to work on /home/airflow/.local/lib/python3.8/site-packages/airflow/example_dags/example_latest_only_with_trigger.py
[2026-02-10T20:31:32.519+0000] {processor.py:830} INFO - Processing file /home/airflow/.local/lib/python3.8/site-packages/airflow/example_dags/example_latest_only_with_trigger.py for tasks to queue
[2026-02-10T20:31:32.520+0000] {logging_mixin.py:188} INFO - [2026-02-10T20:31:32.520+0000] {dagbag.py:538} INFO - Filling up the DagBag from /home/airflow/.local/lib/python3.8/site-packages/airflow/example_dags/example_latest_only_with_trigger.py
[2026-02-10T20:31:32.522+0000] {processor.py:840} INFO - DAG(s) 'latest_only_with_trigger' retrieved from /home/airflow/.local/lib/python3.8/site-packages/airflow/example_dags/example_latest_only_with_trigger.py
[2026-02-10T20:31:32.533+0000] {logging_mixin.py:188} INFO - [2026-02-10T20:31:32.533+0000] {dag.py:3036} INFO - Sync 1 DAGs
[2026-02-10T20:31:32.540+0000] {logging_mixin.py:188} INFO - [2026-02-10T20:31:32.540+0000] {dag.py:3823} INFO - Setting next_dagrun for latest_only_with_trigger to 2026-02-10 16:00:00+00:00, run_after=2026-02-10 20:00:00+00:00
[2026-02-10T20:31:32.549+0000] {processor.py:183} INFO - Processing /home/airflow/.local/lib/python3.8/site-packages/airflow/example_dags/example_latest_only_with_trigger.py took 0.032 seconds
[2026-02-10T20:32:02.938+0000] {processor.py:161} INFO - Started process (PID=1051) to work on /home/airflow/.local/lib/python3.8/site-packages/airflow/example_dags/example_latest_only_with_trigger.py
[2026-02-10T20:32:02.938+0000] {processor.py:830} INFO - Processing file /home/airflow/.local/lib/python3.8/site-packages/airflow/example_dags/example_latest_only_with_trigger.py for tasks to queue
[2026-02-10T20:32:02.939+0000] {logging_mixin.py:188} INFO - [2026-02-10T20:32:02.939+0000] {dagbag.py:538} INFO - Filling up the DagBag from /home/airflow/.local/lib/python3.8/site-packages/airflow/example_dags/example_latest_only_with_trigger.py
[2026-02-10T20:32:02.941+0000] {processor.py:840} INFO - DAG(s) 'latest_only_with_trigger' retrieved from /home/airflow/.local/lib/python3.8/site-packages/airflow/example_dags/example_latest_only_with_trigger.py
[2026-02-10T20:32:02.951+0000] {logging_mixin.py:188} INFO - [2026-02-10T20:32:02.950+0000] {dag.py:3036} INFO - Sync 1 DAGs
[2026-02-10T20:32:02.960+0000] {logging_mixin.py:188} INFO - [2026-02-10T20:32:02.960+0000] {dag.py:3823} INFO - Setting next_dagrun for latest_only_with_trigger to 2026-02-10 16:00:00+00:00, run_after=2026-02-10 20:00:00+00:00
[2026-02-10T20:32:02.968+0000] {processor.py:183} INFO - Processing /home/airflow/.local/lib/python3.8/site-packages/airflow/example_dags/example_latest_only_with_trigger.py took 0.031 seconds
[2026-02-10T20:32:33.278+0000] {processor.py:161} INFO - Started process (PID=1106) to work on /home/airflow/.local/lib/python3.8/site-packages/airflow/example_dags/example_latest_only_with_trigger.py
[2026-02-10T20:32:33.278+0000] {processor.py:830} INFO - Processing file /home/airflow/.local/lib/python3.8/site-packages/airflow/example_dags/example_latest_only_with_trigger.py for tasks to queue
[2026-02-10T20:32:33.279+0000] {logging_mixin.py:188} INFO - [2026-02-10T20:32:33.279+0000] {dagbag.py:538} INFO - Filling up the DagBag from /home/airflow/.local/lib/python3.8/site-packages/airflow/example_dags/example_latest_only_with_trigger.py
[2026-02-10T20:32:33.281+0000] {processor.py:840} INFO - DAG(s) 'latest_only_with_trigger' retrieved from /home/airflow/.local/lib/python3.8/site-packages/airflow/example_dags/example_latest_only_with_trigger.py
[2026-02-10T20:32:33.288+0000] {logging_mixin.py:188} INFO - [2026-02-10T20:32:33.288+0000] {dag.py:3036} INFO - Sync 1 DAGs
[2026-02-10T20:32:33.295+0000] {logging_mixin.py:188} INFO - [2026-02-10T20:32:33.295+0000] {dag.py:3823} INFO - Setting next_dagrun for latest_only_with_trigger to 2026-02-10 16:00:00+00:00, run_after=2026-02-10 20:00:00+00:00
[2026-02-10T20:32:33.300+0000] {processor.py:183} INFO - Processing /home/airflow/.local/lib/python3.8/site-packages/airflow/example_dags/example_latest_only_with_trigger.py took 0.023 seconds
[2026-02-10T20:33:03.805+0000] {processor.py:161} INFO - Started process (PID=1162) to work on /home/airflow/.local/lib/python3.8/site-packages/airflow/example_dags/example_latest_only_with_trigger.py
[2026-02-10T20:33:03.807+0000] {processor.py:830} INFO - Processing file /home/airflow/.local/lib/python3.8/site-packages/airflow/example_dags/example_latest_only_with_trigger.py for tasks to queue
[2026-02-10T20:33:03.809+0000] {logging_mixin.py:188} INFO - [2026-02-10T20:33:03.809+0000] {dagbag.py:538} INFO - Filling up the DagBag from /home/airflow/.local/lib/python3.8/site-packages/airflow/example_dags/example_latest_only_with_trigger.py
[2026-02-10T20:33:03.812+0000] {processor.py:840} INFO - DAG(s) 'latest_only_with_trigger' retrieved from /home/airflow/.local/lib/python3.8/site-packages/airflow/example_dags/example_latest_only_with_trigger.py
[2026-02-10T20:33:03.825+0000] {logging_mixin.py:188} INFO - [2026-02-10T20:33:03.825+0000] {dag.py:3036} INFO - Sync 1 DAGs
[2026-02-10T20:33:03.833+0000] {logging_mixin.py:188} INFO - [2026-02-10T20:33:03.833+0000] {dag.py:3823} INFO - Setting next_dagrun for latest_only_with_trigger to 2026-02-10 16:00:00+00:00, run_after=2026-02-10 20:00:00+00:00
[2026-02-10T20:33:03.840+0000] {processor.py:183} INFO - Processing /home/airflow/.local/lib/python3.8/site-packages/airflow/example_dags/example_latest_only_with_trigger.py took 0.036 seconds
[2026-02-10T20:33:34.168+0000] {processor.py:161} INFO - Started process (PID=1218) to work on /home/airflow/.local/lib/python3.8/site-packages/airflow/example_dags/example_latest_only_with_trigger.py
[2026-02-10T20:33:34.169+0000] {processor.py:830} INFO - Processing file /home/airflow/.local/lib/python3.8/site-packages/airflow/example_dags/example_latest_only_with_trigger.py for tasks to queue
[2026-02-10T20:33:34.170+0000] {logging_mixin.py:188} INFO - [2026-02-10T20:33:34.169+0000] {dagbag.py:538} INFO - Filling up the DagBag from /home/airflow/.local/lib/python3.8/site-packages/airflow/example_dags/example_latest_only_with_trigger.py
[2026-02-10T20:33:34.175+0000] {processor.py:840} INFO - DAG(s) 'latest_only_with_trigger' retrieved from /home/airflow/.local/lib/python3.8/site-packages/airflow/example_dags/example_latest_only_with_trigger.py
[2026-02-10T20:33:34.184+0000] {logging_mixin.py:188} INFO - [2026-02-10T20:33:34.184+0000] {dag.py:3036} INFO - Sync 1 DAGs
[2026-02-10T20:33:34.193+0000] {logging_mixin.py:188} INFO - [2026-02-10T20:33:34.193+0000] {dag.py:3823} INFO - Setting next_dagrun for latest_only_with_trigger to 2026-02-10 16:00:00+00:00, run_after=2026-02-10 20:00:00+00:00
[2026-02-10T20:33:34.238+0000] {processor.py:183} INFO - Processing /home/airflow/.local/lib/python3.8/site-packages/airflow/example_dags/example_latest_only_with_trigger.py took 0.071 seconds
[2026-02-10T20:34:04.643+0000] {processor.py:161} INFO - Started process (PID=1274) to work on /home/airflow/.local/lib/python3.8/site-packages/airflow/example_dags/example_latest_only_with_trigger.py
[2026-02-10T20:34:04.644+0000] {processor.py:830} INFO - Processing file /home/airflow/.local/lib/python3.8/site-packages/airflow/example_dags/example_latest_only_with_trigger.py for tasks to queue
[2026-02-10T20:34:04.644+0000] {logging_mixin.py:188} INFO - [2026-02-10T20:34:04.644+0000] {dagbag.py:538} INFO - Filling up the DagBag from /home/airflow/.local/lib/python3.8/site-packages/airflow/example_dags/example_latest_only_with_trigger.py
[2026-02-10T20:34:04.647+0000] {processor.py:840} INFO - DAG(s) 'latest_only_with_trigger' retrieved from /home/airflow/.local/lib/python3.8/site-packages/airflow/example_dags/example_latest_only_with_trigger.py
[2026-02-10T20:34:04.654+0000] {logging_mixin.py:188} INFO - [2026-02-10T20:34:04.654+0000] {dag.py:3036} INFO - Sync 1 DAGs
[2026-02-10T20:34:04.661+0000] {logging_mixin.py:188} INFO - [2026-02-10T20:34:04.660+0000] {dag.py:3823} INFO - Setting next_dagrun for latest_only_with_trigger to 2026-02-10 16:00:00+00:00, run_after=2026-02-10 20:00:00+00:00
[2026-02-10T20:34:04.666+0000] {processor.py:183} INFO - Processing /home/airflow/.local/lib/python3.8/site-packages/airflow/example_dags/example_latest_only_with_trigger.py took 0.024 seconds
