[2026-02-10T20:22:55.156+0000] {processor.py:161} INFO - Started process (PID=77) to work on /home/airflow/.local/lib/python3.8/site-packages/airflow/example_dags/example_short_circuit_decorator.py
[2026-02-10T20:22:55.156+0000] {processor.py:830} INFO - Processing file /home/airflow/.local/lib/python3.8/site-packages/airflow/example_dags/example_short_circuit_decorator.py for tasks to queue
[2026-02-10T20:22:55.158+0000] {logging_mixin.py:188} INFO - [2026-02-10T20:22:55.157+0000] {dagbag.py:538} INFO - Filling up the DagBag from /home/airflow/.local/lib/python3.8/site-packages/airflow/example_dags/example_short_circuit_decorator.py
[2026-02-10T20:22:55.162+0000] {processor.py:840} INFO - DAG(s) 'example_short_circuit_decorator' retrieved from /home/airflow/.local/lib/python3.8/site-packages/airflow/example_dags/example_short_circuit_decorator.py
[2026-02-10T20:22:55.168+0000] {logging_mixin.py:188} INFO - [2026-02-10T20:22:55.168+0000] {dag.py:3036} INFO - Sync 1 DAGs
[2026-02-10T20:22:55.178+0000] {logging_mixin.py:188} INFO - [2026-02-10T20:22:55.177+0000] {dag.py:3823} INFO - Setting next_dagrun for example_short_circuit_decorator to 2026-02-09 00:00:00+00:00, run_after=2026-02-10 00:00:00+00:00
[2026-02-10T20:22:55.185+0000] {processor.py:183} INFO - Processing /home/airflow/.local/lib/python3.8/site-packages/airflow/example_dags/example_short_circuit_decorator.py took 0.031 seconds
[2026-02-10T20:23:25.299+0000] {processor.py:161} INFO - Started process (PID=132) to work on /home/airflow/.local/lib/python3.8/site-packages/airflow/example_dags/example_short_circuit_decorator.py
[2026-02-10T20:23:25.299+0000] {processor.py:830} INFO - Processing file /home/airflow/.local/lib/python3.8/site-packages/airflow/example_dags/example_short_circuit_decorator.py for tasks to queue
[2026-02-10T20:23:25.300+0000] {logging_mixin.py:188} INFO - [2026-02-10T20:23:25.300+0000] {dagbag.py:538} INFO - Filling up the DagBag from /home/airflow/.local/lib/python3.8/site-packages/airflow/example_dags/example_short_circuit_decorator.py
[2026-02-10T20:23:25.303+0000] {processor.py:840} INFO - DAG(s) 'example_short_circuit_decorator' retrieved from /home/airflow/.local/lib/python3.8/site-packages/airflow/example_dags/example_short_circuit_decorator.py
[2026-02-10T20:23:25.344+0000] {logging_mixin.py:188} INFO - [2026-02-10T20:23:25.344+0000] {dag.py:3036} INFO - Sync 1 DAGs
[2026-02-10T20:23:25.352+0000] {logging_mixin.py:188} INFO - [2026-02-10T20:23:25.352+0000] {dag.py:3823} INFO - Setting next_dagrun for example_short_circuit_decorator to 2026-02-09 00:00:00+00:00, run_after=2026-02-10 00:00:00+00:00
[2026-02-10T20:23:25.362+0000] {processor.py:183} INFO - Processing /home/airflow/.local/lib/python3.8/site-packages/airflow/example_dags/example_short_circuit_decorator.py took 0.065 seconds
[2026-02-10T20:23:55.795+0000] {processor.py:161} INFO - Started process (PID=187) to work on /home/airflow/.local/lib/python3.8/site-packages/airflow/example_dags/example_short_circuit_decorator.py
[2026-02-10T20:23:55.796+0000] {processor.py:830} INFO - Processing file /home/airflow/.local/lib/python3.8/site-packages/airflow/example_dags/example_short_circuit_decorator.py for tasks to queue
[2026-02-10T20:23:55.797+0000] {logging_mixin.py:188} INFO - [2026-02-10T20:23:55.797+0000] {dagbag.py:538} INFO - Filling up the DagBag from /home/airflow/.local/lib/python3.8/site-packages/airflow/example_dags/example_short_circuit_decorator.py
[2026-02-10T20:23:55.802+0000] {processor.py:840} INFO - DAG(s) 'example_short_circuit_decorator' retrieved from /home/airflow/.local/lib/python3.8/site-packages/airflow/example_dags/example_short_circuit_decorator.py
[2026-02-10T20:23:55.810+0000] {logging_mixin.py:188} INFO - [2026-02-10T20:23:55.809+0000] {dag.py:3036} INFO - Sync 1 DAGs
[2026-02-10T20:23:55.817+0000] {logging_mixin.py:188} INFO - [2026-02-10T20:23:55.817+0000] {dag.py:3823} INFO - Setting next_dagrun for example_short_circuit_decorator to 2026-02-09 00:00:00+00:00, run_after=2026-02-10 00:00:00+00:00
[2026-02-10T20:23:55.829+0000] {processor.py:183} INFO - Processing /home/airflow/.local/lib/python3.8/site-packages/airflow/example_dags/example_short_circuit_decorator.py took 0.036 seconds
[2026-02-10T20:24:26.239+0000] {processor.py:161} INFO - Started process (PID=242) to work on /home/airflow/.local/lib/python3.8/site-packages/airflow/example_dags/example_short_circuit_decorator.py
[2026-02-10T20:24:26.240+0000] {processor.py:830} INFO - Processing file /home/airflow/.local/lib/python3.8/site-packages/airflow/example_dags/example_short_circuit_decorator.py for tasks to queue
[2026-02-10T20:24:26.241+0000] {logging_mixin.py:188} INFO - [2026-02-10T20:24:26.241+0000] {dagbag.py:538} INFO - Filling up the DagBag from /home/airflow/.local/lib/python3.8/site-packages/airflow/example_dags/example_short_circuit_decorator.py
[2026-02-10T20:24:26.246+0000] {processor.py:840} INFO - DAG(s) 'example_short_circuit_decorator' retrieved from /home/airflow/.local/lib/python3.8/site-packages/airflow/example_dags/example_short_circuit_decorator.py
[2026-02-10T20:24:26.257+0000] {logging_mixin.py:188} INFO - [2026-02-10T20:24:26.257+0000] {dag.py:3036} INFO - Sync 1 DAGs
[2026-02-10T20:24:26.265+0000] {logging_mixin.py:188} INFO - [2026-02-10T20:24:26.265+0000] {dag.py:3823} INFO - Setting next_dagrun for example_short_circuit_decorator to 2026-02-09 00:00:00+00:00, run_after=2026-02-10 00:00:00+00:00
[2026-02-10T20:24:26.274+0000] {processor.py:183} INFO - Processing /home/airflow/.local/lib/python3.8/site-packages/airflow/example_dags/example_short_circuit_decorator.py took 0.037 seconds
[2026-02-10T20:24:56.801+0000] {processor.py:161} INFO - Started process (PID=297) to work on /home/airflow/.local/lib/python3.8/site-packages/airflow/example_dags/example_short_circuit_decorator.py
[2026-02-10T20:24:56.801+0000] {processor.py:830} INFO - Processing file /home/airflow/.local/lib/python3.8/site-packages/airflow/example_dags/example_short_circuit_decorator.py for tasks to queue
[2026-02-10T20:24:56.802+0000] {logging_mixin.py:188} INFO - [2026-02-10T20:24:56.801+0000] {dagbag.py:538} INFO - Filling up the DagBag from /home/airflow/.local/lib/python3.8/site-packages/airflow/example_dags/example_short_circuit_decorator.py
[2026-02-10T20:24:56.805+0000] {processor.py:840} INFO - DAG(s) 'example_short_circuit_decorator' retrieved from /home/airflow/.local/lib/python3.8/site-packages/airflow/example_dags/example_short_circuit_decorator.py
[2026-02-10T20:24:56.813+0000] {logging_mixin.py:188} INFO - [2026-02-10T20:24:56.813+0000] {dag.py:3036} INFO - Sync 1 DAGs
[2026-02-10T20:24:56.820+0000] {logging_mixin.py:188} INFO - [2026-02-10T20:24:56.819+0000] {dag.py:3823} INFO - Setting next_dagrun for example_short_circuit_decorator to 2026-02-09 00:00:00+00:00, run_after=2026-02-10 00:00:00+00:00
[2026-02-10T20:24:56.828+0000] {processor.py:183} INFO - Processing /home/airflow/.local/lib/python3.8/site-packages/airflow/example_dags/example_short_circuit_decorator.py took 0.029 seconds
[2026-02-10T20:25:27.392+0000] {processor.py:161} INFO - Started process (PID=358) to work on /home/airflow/.local/lib/python3.8/site-packages/airflow/example_dags/example_short_circuit_decorator.py
[2026-02-10T20:25:27.392+0000] {processor.py:830} INFO - Processing file /home/airflow/.local/lib/python3.8/site-packages/airflow/example_dags/example_short_circuit_decorator.py for tasks to queue
[2026-02-10T20:25:27.393+0000] {logging_mixin.py:188} INFO - [2026-02-10T20:25:27.393+0000] {dagbag.py:538} INFO - Filling up the DagBag from /home/airflow/.local/lib/python3.8/site-packages/airflow/example_dags/example_short_circuit_decorator.py
[2026-02-10T20:25:27.396+0000] {processor.py:840} INFO - DAG(s) 'example_short_circuit_decorator' retrieved from /home/airflow/.local/lib/python3.8/site-packages/airflow/example_dags/example_short_circuit_decorator.py
[2026-02-10T20:25:27.410+0000] {logging_mixin.py:188} INFO - [2026-02-10T20:25:27.410+0000] {dag.py:3036} INFO - Sync 1 DAGs
[2026-02-10T20:25:27.421+0000] {logging_mixin.py:188} INFO - [2026-02-10T20:25:27.420+0000] {dag.py:3823} INFO - Setting next_dagrun for example_short_circuit_decorator to 2026-02-09 00:00:00+00:00, run_after=2026-02-10 00:00:00+00:00
[2026-02-10T20:25:27.427+0000] {processor.py:183} INFO - Processing /home/airflow/.local/lib/python3.8/site-packages/airflow/example_dags/example_short_circuit_decorator.py took 0.037 seconds
[2026-02-10T20:25:57.770+0000] {processor.py:161} INFO - Started process (PID=413) to work on /home/airflow/.local/lib/python3.8/site-packages/airflow/example_dags/example_short_circuit_decorator.py
[2026-02-10T20:25:57.771+0000] {processor.py:830} INFO - Processing file /home/airflow/.local/lib/python3.8/site-packages/airflow/example_dags/example_short_circuit_decorator.py for tasks to queue
[2026-02-10T20:25:57.771+0000] {logging_mixin.py:188} INFO - [2026-02-10T20:25:57.771+0000] {dagbag.py:538} INFO - Filling up the DagBag from /home/airflow/.local/lib/python3.8/site-packages/airflow/example_dags/example_short_circuit_decorator.py
[2026-02-10T20:25:57.775+0000] {processor.py:840} INFO - DAG(s) 'example_short_circuit_decorator' retrieved from /home/airflow/.local/lib/python3.8/site-packages/airflow/example_dags/example_short_circuit_decorator.py
[2026-02-10T20:25:57.784+0000] {logging_mixin.py:188} INFO - [2026-02-10T20:25:57.784+0000] {dag.py:3036} INFO - Sync 1 DAGs
[2026-02-10T20:25:57.795+0000] {logging_mixin.py:188} INFO - [2026-02-10T20:25:57.795+0000] {dag.py:3823} INFO - Setting next_dagrun for example_short_circuit_decorator to 2026-02-09 00:00:00+00:00, run_after=2026-02-10 00:00:00+00:00
[2026-02-10T20:25:57.803+0000] {processor.py:183} INFO - Processing /home/airflow/.local/lib/python3.8/site-packages/airflow/example_dags/example_short_circuit_decorator.py took 0.035 seconds
[2026-02-10T20:26:28.191+0000] {processor.py:161} INFO - Started process (PID=468) to work on /home/airflow/.local/lib/python3.8/site-packages/airflow/example_dags/example_short_circuit_decorator.py
[2026-02-10T20:26:28.192+0000] {processor.py:830} INFO - Processing file /home/airflow/.local/lib/python3.8/site-packages/airflow/example_dags/example_short_circuit_decorator.py for tasks to queue
[2026-02-10T20:26:28.192+0000] {logging_mixin.py:188} INFO - [2026-02-10T20:26:28.192+0000] {dagbag.py:538} INFO - Filling up the DagBag from /home/airflow/.local/lib/python3.8/site-packages/airflow/example_dags/example_short_circuit_decorator.py
[2026-02-10T20:26:28.196+0000] {processor.py:840} INFO - DAG(s) 'example_short_circuit_decorator' retrieved from /home/airflow/.local/lib/python3.8/site-packages/airflow/example_dags/example_short_circuit_decorator.py
[2026-02-10T20:26:28.207+0000] {logging_mixin.py:188} INFO - [2026-02-10T20:26:28.207+0000] {dag.py:3036} INFO - Sync 1 DAGs
[2026-02-10T20:26:28.216+0000] {logging_mixin.py:188} INFO - [2026-02-10T20:26:28.216+0000] {dag.py:3823} INFO - Setting next_dagrun for example_short_circuit_decorator to 2026-02-09 00:00:00+00:00, run_after=2026-02-10 00:00:00+00:00
[2026-02-10T20:26:28.225+0000] {processor.py:183} INFO - Processing /home/airflow/.local/lib/python3.8/site-packages/airflow/example_dags/example_short_circuit_decorator.py took 0.035 seconds
[2026-02-10T20:26:58.548+0000] {processor.py:161} INFO - Started process (PID=523) to work on /home/airflow/.local/lib/python3.8/site-packages/airflow/example_dags/example_short_circuit_decorator.py
[2026-02-10T20:26:58.549+0000] {processor.py:830} INFO - Processing file /home/airflow/.local/lib/python3.8/site-packages/airflow/example_dags/example_short_circuit_decorator.py for tasks to queue
[2026-02-10T20:26:58.549+0000] {logging_mixin.py:188} INFO - [2026-02-10T20:26:58.549+0000] {dagbag.py:538} INFO - Filling up the DagBag from /home/airflow/.local/lib/python3.8/site-packages/airflow/example_dags/example_short_circuit_decorator.py
[2026-02-10T20:26:58.553+0000] {processor.py:840} INFO - DAG(s) 'example_short_circuit_decorator' retrieved from /home/airflow/.local/lib/python3.8/site-packages/airflow/example_dags/example_short_circuit_decorator.py
[2026-02-10T20:26:58.565+0000] {logging_mixin.py:188} INFO - [2026-02-10T20:26:58.565+0000] {dag.py:3036} INFO - Sync 1 DAGs
[2026-02-10T20:26:58.574+0000] {logging_mixin.py:188} INFO - [2026-02-10T20:26:58.573+0000] {dag.py:3823} INFO - Setting next_dagrun for example_short_circuit_decorator to 2026-02-09 00:00:00+00:00, run_after=2026-02-10 00:00:00+00:00
[2026-02-10T20:26:58.579+0000] {processor.py:183} INFO - Processing /home/airflow/.local/lib/python3.8/site-packages/airflow/example_dags/example_short_circuit_decorator.py took 0.033 seconds
[2026-02-10T20:27:28.951+0000] {processor.py:161} INFO - Started process (PID=578) to work on /home/airflow/.local/lib/python3.8/site-packages/airflow/example_dags/example_short_circuit_decorator.py
[2026-02-10T20:27:28.951+0000] {processor.py:830} INFO - Processing file /home/airflow/.local/lib/python3.8/site-packages/airflow/example_dags/example_short_circuit_decorator.py for tasks to queue
[2026-02-10T20:27:28.952+0000] {logging_mixin.py:188} INFO - [2026-02-10T20:27:28.952+0000] {dagbag.py:538} INFO - Filling up the DagBag from /home/airflow/.local/lib/python3.8/site-packages/airflow/example_dags/example_short_circuit_decorator.py
[2026-02-10T20:27:28.956+0000] {processor.py:840} INFO - DAG(s) 'example_short_circuit_decorator' retrieved from /home/airflow/.local/lib/python3.8/site-packages/airflow/example_dags/example_short_circuit_decorator.py
[2026-02-10T20:27:28.965+0000] {logging_mixin.py:188} INFO - [2026-02-10T20:27:28.964+0000] {dag.py:3036} INFO - Sync 1 DAGs
[2026-02-10T20:27:28.973+0000] {logging_mixin.py:188} INFO - [2026-02-10T20:27:28.972+0000] {dag.py:3823} INFO - Setting next_dagrun for example_short_circuit_decorator to 2026-02-09 00:00:00+00:00, run_after=2026-02-10 00:00:00+00:00
[2026-02-10T20:27:28.978+0000] {processor.py:183} INFO - Processing /home/airflow/.local/lib/python3.8/site-packages/airflow/example_dags/example_short_circuit_decorator.py took 0.029 seconds
[2026-02-10T20:27:59.384+0000] {processor.py:161} INFO - Started process (PID=632) to work on /home/airflow/.local/lib/python3.8/site-packages/airflow/example_dags/example_short_circuit_decorator.py
[2026-02-10T20:27:59.385+0000] {processor.py:830} INFO - Processing file /home/airflow/.local/lib/python3.8/site-packages/airflow/example_dags/example_short_circuit_decorator.py for tasks to queue
[2026-02-10T20:27:59.386+0000] {logging_mixin.py:188} INFO - [2026-02-10T20:27:59.386+0000] {dagbag.py:538} INFO - Filling up the DagBag from /home/airflow/.local/lib/python3.8/site-packages/airflow/example_dags/example_short_circuit_decorator.py
[2026-02-10T20:27:59.391+0000] {processor.py:840} INFO - DAG(s) 'example_short_circuit_decorator' retrieved from /home/airflow/.local/lib/python3.8/site-packages/airflow/example_dags/example_short_circuit_decorator.py
[2026-02-10T20:27:59.401+0000] {logging_mixin.py:188} INFO - [2026-02-10T20:27:59.401+0000] {dag.py:3036} INFO - Sync 1 DAGs
[2026-02-10T20:27:59.410+0000] {logging_mixin.py:188} INFO - [2026-02-10T20:27:59.410+0000] {dag.py:3823} INFO - Setting next_dagrun for example_short_circuit_decorator to 2026-02-09 00:00:00+00:00, run_after=2026-02-10 00:00:00+00:00
[2026-02-10T20:27:59.419+0000] {processor.py:183} INFO - Processing /home/airflow/.local/lib/python3.8/site-packages/airflow/example_dags/example_short_circuit_decorator.py took 0.036 seconds
[2026-02-10T20:28:30.080+0000] {processor.py:161} INFO - Started process (PID=687) to work on /home/airflow/.local/lib/python3.8/site-packages/airflow/example_dags/example_short_circuit_decorator.py
[2026-02-10T20:28:30.082+0000] {processor.py:830} INFO - Processing file /home/airflow/.local/lib/python3.8/site-packages/airflow/example_dags/example_short_circuit_decorator.py for tasks to queue
[2026-02-10T20:28:30.084+0000] {logging_mixin.py:188} INFO - [2026-02-10T20:28:30.083+0000] {dagbag.py:538} INFO - Filling up the DagBag from /home/airflow/.local/lib/python3.8/site-packages/airflow/example_dags/example_short_circuit_decorator.py
[2026-02-10T20:28:30.088+0000] {processor.py:840} INFO - DAG(s) 'example_short_circuit_decorator' retrieved from /home/airflow/.local/lib/python3.8/site-packages/airflow/example_dags/example_short_circuit_decorator.py
[2026-02-10T20:28:30.105+0000] {logging_mixin.py:188} INFO - [2026-02-10T20:28:30.105+0000] {dag.py:3036} INFO - Sync 1 DAGs
[2026-02-10T20:28:30.113+0000] {logging_mixin.py:188} INFO - [2026-02-10T20:28:30.113+0000] {dag.py:3823} INFO - Setting next_dagrun for example_short_circuit_decorator to 2026-02-09 00:00:00+00:00, run_after=2026-02-10 00:00:00+00:00
[2026-02-10T20:28:30.123+0000] {processor.py:183} INFO - Processing /home/airflow/.local/lib/python3.8/site-packages/airflow/example_dags/example_short_circuit_decorator.py took 0.044 seconds
[2026-02-10T20:29:00.637+0000] {processor.py:161} INFO - Started process (PID=742) to work on /home/airflow/.local/lib/python3.8/site-packages/airflow/example_dags/example_short_circuit_decorator.py
[2026-02-10T20:29:00.638+0000] {processor.py:830} INFO - Processing file /home/airflow/.local/lib/python3.8/site-packages/airflow/example_dags/example_short_circuit_decorator.py for tasks to queue
[2026-02-10T20:29:00.638+0000] {logging_mixin.py:188} INFO - [2026-02-10T20:29:00.638+0000] {dagbag.py:538} INFO - Filling up the DagBag from /home/airflow/.local/lib/python3.8/site-packages/airflow/example_dags/example_short_circuit_decorator.py
[2026-02-10T20:29:00.642+0000] {processor.py:840} INFO - DAG(s) 'example_short_circuit_decorator' retrieved from /home/airflow/.local/lib/python3.8/site-packages/airflow/example_dags/example_short_circuit_decorator.py
[2026-02-10T20:29:00.655+0000] {logging_mixin.py:188} INFO - [2026-02-10T20:29:00.655+0000] {dag.py:3036} INFO - Sync 1 DAGs
[2026-02-10T20:29:00.663+0000] {logging_mixin.py:188} INFO - [2026-02-10T20:29:00.663+0000] {dag.py:3823} INFO - Setting next_dagrun for example_short_circuit_decorator to 2026-02-09 00:00:00+00:00, run_after=2026-02-10 00:00:00+00:00
[2026-02-10T20:29:00.670+0000] {processor.py:183} INFO - Processing /home/airflow/.local/lib/python3.8/site-packages/airflow/example_dags/example_short_circuit_decorator.py took 0.035 seconds
[2026-02-10T20:29:31.265+0000] {processor.py:161} INFO - Started process (PID=797) to work on /home/airflow/.local/lib/python3.8/site-packages/airflow/example_dags/example_short_circuit_decorator.py
[2026-02-10T20:29:31.266+0000] {processor.py:830} INFO - Processing file /home/airflow/.local/lib/python3.8/site-packages/airflow/example_dags/example_short_circuit_decorator.py for tasks to queue
[2026-02-10T20:29:31.267+0000] {logging_mixin.py:188} INFO - [2026-02-10T20:29:31.267+0000] {dagbag.py:538} INFO - Filling up the DagBag from /home/airflow/.local/lib/python3.8/site-packages/airflow/example_dags/example_short_circuit_decorator.py
[2026-02-10T20:29:31.270+0000] {processor.py:840} INFO - DAG(s) 'example_short_circuit_decorator' retrieved from /home/airflow/.local/lib/python3.8/site-packages/airflow/example_dags/example_short_circuit_decorator.py
[2026-02-10T20:29:31.279+0000] {logging_mixin.py:188} INFO - [2026-02-10T20:29:31.278+0000] {dag.py:3036} INFO - Sync 1 DAGs
[2026-02-10T20:29:31.288+0000] {logging_mixin.py:188} INFO - [2026-02-10T20:29:31.288+0000] {dag.py:3823} INFO - Setting next_dagrun for example_short_circuit_decorator to 2026-02-09 00:00:00+00:00, run_after=2026-02-10 00:00:00+00:00
[2026-02-10T20:29:31.301+0000] {processor.py:183} INFO - Processing /home/airflow/.local/lib/python3.8/site-packages/airflow/example_dags/example_short_circuit_decorator.py took 0.038 seconds
[2026-02-10T20:30:01.781+0000] {processor.py:161} INFO - Started process (PID=852) to work on /home/airflow/.local/lib/python3.8/site-packages/airflow/example_dags/example_short_circuit_decorator.py
[2026-02-10T20:30:01.784+0000] {processor.py:830} INFO - Processing file /home/airflow/.local/lib/python3.8/site-packages/airflow/example_dags/example_short_circuit_decorator.py for tasks to queue
[2026-02-10T20:30:01.786+0000] {logging_mixin.py:188} INFO - [2026-02-10T20:30:01.785+0000] {dagbag.py:538} INFO - Filling up the DagBag from /home/airflow/.local/lib/python3.8/site-packages/airflow/example_dags/example_short_circuit_decorator.py
[2026-02-10T20:30:01.789+0000] {processor.py:840} INFO - DAG(s) 'example_short_circuit_decorator' retrieved from /home/airflow/.local/lib/python3.8/site-packages/airflow/example_dags/example_short_circuit_decorator.py
[2026-02-10T20:30:01.800+0000] {logging_mixin.py:188} INFO - [2026-02-10T20:30:01.800+0000] {dag.py:3036} INFO - Sync 1 DAGs
[2026-02-10T20:30:01.808+0000] {logging_mixin.py:188} INFO - [2026-02-10T20:30:01.808+0000] {dag.py:3823} INFO - Setting next_dagrun for example_short_circuit_decorator to 2026-02-09 00:00:00+00:00, run_after=2026-02-10 00:00:00+00:00
[2026-02-10T20:30:01.816+0000] {processor.py:183} INFO - Processing /home/airflow/.local/lib/python3.8/site-packages/airflow/example_dags/example_short_circuit_decorator.py took 0.037 seconds
[2026-02-10T20:30:32.192+0000] {processor.py:161} INFO - Started process (PID=907) to work on /home/airflow/.local/lib/python3.8/site-packages/airflow/example_dags/example_short_circuit_decorator.py
[2026-02-10T20:30:32.192+0000] {processor.py:830} INFO - Processing file /home/airflow/.local/lib/python3.8/site-packages/airflow/example_dags/example_short_circuit_decorator.py for tasks to queue
[2026-02-10T20:30:32.193+0000] {logging_mixin.py:188} INFO - [2026-02-10T20:30:32.193+0000] {dagbag.py:538} INFO - Filling up the DagBag from /home/airflow/.local/lib/python3.8/site-packages/airflow/example_dags/example_short_circuit_decorator.py
[2026-02-10T20:30:32.196+0000] {processor.py:840} INFO - DAG(s) 'example_short_circuit_decorator' retrieved from /home/airflow/.local/lib/python3.8/site-packages/airflow/example_dags/example_short_circuit_decorator.py
[2026-02-10T20:30:32.206+0000] {logging_mixin.py:188} INFO - [2026-02-10T20:30:32.206+0000] {dag.py:3036} INFO - Sync 1 DAGs
[2026-02-10T20:30:32.215+0000] {logging_mixin.py:188} INFO - [2026-02-10T20:30:32.215+0000] {dag.py:3823} INFO - Setting next_dagrun for example_short_circuit_decorator to 2026-02-09 00:00:00+00:00, run_after=2026-02-10 00:00:00+00:00
[2026-02-10T20:30:32.226+0000] {processor.py:183} INFO - Processing /home/airflow/.local/lib/python3.8/site-packages/airflow/example_dags/example_short_circuit_decorator.py took 0.036 seconds
[2026-02-10T20:31:02.642+0000] {processor.py:161} INFO - Started process (PID=962) to work on /home/airflow/.local/lib/python3.8/site-packages/airflow/example_dags/example_short_circuit_decorator.py
[2026-02-10T20:31:02.642+0000] {processor.py:830} INFO - Processing file /home/airflow/.local/lib/python3.8/site-packages/airflow/example_dags/example_short_circuit_decorator.py for tasks to queue
[2026-02-10T20:31:02.643+0000] {logging_mixin.py:188} INFO - [2026-02-10T20:31:02.643+0000] {dagbag.py:538} INFO - Filling up the DagBag from /home/airflow/.local/lib/python3.8/site-packages/airflow/example_dags/example_short_circuit_decorator.py
[2026-02-10T20:31:02.646+0000] {processor.py:840} INFO - DAG(s) 'example_short_circuit_decorator' retrieved from /home/airflow/.local/lib/python3.8/site-packages/airflow/example_dags/example_short_circuit_decorator.py
[2026-02-10T20:31:02.656+0000] {logging_mixin.py:188} INFO - [2026-02-10T20:31:02.656+0000] {dag.py:3036} INFO - Sync 1 DAGs
[2026-02-10T20:31:02.665+0000] {logging_mixin.py:188} INFO - [2026-02-10T20:31:02.665+0000] {dag.py:3823} INFO - Setting next_dagrun for example_short_circuit_decorator to 2026-02-09 00:00:00+00:00, run_after=2026-02-10 00:00:00+00:00
[2026-02-10T20:31:02.672+0000] {processor.py:183} INFO - Processing /home/airflow/.local/lib/python3.8/site-packages/airflow/example_dags/example_short_circuit_decorator.py took 0.032 seconds
[2026-02-10T20:31:33.023+0000] {processor.py:161} INFO - Started process (PID=1017) to work on /home/airflow/.local/lib/python3.8/site-packages/airflow/example_dags/example_short_circuit_decorator.py
[2026-02-10T20:31:33.023+0000] {processor.py:830} INFO - Processing file /home/airflow/.local/lib/python3.8/site-packages/airflow/example_dags/example_short_circuit_decorator.py for tasks to queue
[2026-02-10T20:31:33.024+0000] {logging_mixin.py:188} INFO - [2026-02-10T20:31:33.024+0000] {dagbag.py:538} INFO - Filling up the DagBag from /home/airflow/.local/lib/python3.8/site-packages/airflow/example_dags/example_short_circuit_decorator.py
[2026-02-10T20:31:33.027+0000] {processor.py:840} INFO - DAG(s) 'example_short_circuit_decorator' retrieved from /home/airflow/.local/lib/python3.8/site-packages/airflow/example_dags/example_short_circuit_decorator.py
[2026-02-10T20:31:33.038+0000] {logging_mixin.py:188} INFO - [2026-02-10T20:31:33.038+0000] {dag.py:3036} INFO - Sync 1 DAGs
[2026-02-10T20:31:33.045+0000] {logging_mixin.py:188} INFO - [2026-02-10T20:31:33.045+0000] {dag.py:3823} INFO - Setting next_dagrun for example_short_circuit_decorator to 2026-02-09 00:00:00+00:00, run_after=2026-02-10 00:00:00+00:00
[2026-02-10T20:31:33.053+0000] {processor.py:183} INFO - Processing /home/airflow/.local/lib/python3.8/site-packages/airflow/example_dags/example_short_circuit_decorator.py took 0.031 seconds
[2026-02-10T20:32:03.411+0000] {processor.py:161} INFO - Started process (PID=1072) to work on /home/airflow/.local/lib/python3.8/site-packages/airflow/example_dags/example_short_circuit_decorator.py
[2026-02-10T20:32:03.412+0000] {processor.py:830} INFO - Processing file /home/airflow/.local/lib/python3.8/site-packages/airflow/example_dags/example_short_circuit_decorator.py for tasks to queue
[2026-02-10T20:32:03.412+0000] {logging_mixin.py:188} INFO - [2026-02-10T20:32:03.412+0000] {dagbag.py:538} INFO - Filling up the DagBag from /home/airflow/.local/lib/python3.8/site-packages/airflow/example_dags/example_short_circuit_decorator.py
[2026-02-10T20:32:03.418+0000] {processor.py:840} INFO - DAG(s) 'example_short_circuit_decorator' retrieved from /home/airflow/.local/lib/python3.8/site-packages/airflow/example_dags/example_short_circuit_decorator.py
[2026-02-10T20:32:03.429+0000] {logging_mixin.py:188} INFO - [2026-02-10T20:32:03.428+0000] {dag.py:3036} INFO - Sync 1 DAGs
[2026-02-10T20:32:03.436+0000] {logging_mixin.py:188} INFO - [2026-02-10T20:32:03.436+0000] {dag.py:3823} INFO - Setting next_dagrun for example_short_circuit_decorator to 2026-02-09 00:00:00+00:00, run_after=2026-02-10 00:00:00+00:00
[2026-02-10T20:32:03.444+0000] {processor.py:183} INFO - Processing /home/airflow/.local/lib/python3.8/site-packages/airflow/example_dags/example_short_circuit_decorator.py took 0.035 seconds
[2026-02-10T20:32:33.736+0000] {processor.py:161} INFO - Started process (PID=1127) to work on /home/airflow/.local/lib/python3.8/site-packages/airflow/example_dags/example_short_circuit_decorator.py
[2026-02-10T20:32:33.737+0000] {processor.py:830} INFO - Processing file /home/airflow/.local/lib/python3.8/site-packages/airflow/example_dags/example_short_circuit_decorator.py for tasks to queue
[2026-02-10T20:32:33.737+0000] {logging_mixin.py:188} INFO - [2026-02-10T20:32:33.737+0000] {dagbag.py:538} INFO - Filling up the DagBag from /home/airflow/.local/lib/python3.8/site-packages/airflow/example_dags/example_short_circuit_decorator.py
[2026-02-10T20:32:33.741+0000] {processor.py:840} INFO - DAG(s) 'example_short_circuit_decorator' retrieved from /home/airflow/.local/lib/python3.8/site-packages/airflow/example_dags/example_short_circuit_decorator.py
[2026-02-10T20:32:33.752+0000] {logging_mixin.py:188} INFO - [2026-02-10T20:32:33.752+0000] {dag.py:3036} INFO - Sync 1 DAGs
[2026-02-10T20:32:33.759+0000] {logging_mixin.py:188} INFO - [2026-02-10T20:32:33.759+0000] {dag.py:3823} INFO - Setting next_dagrun for example_short_circuit_decorator to 2026-02-09 00:00:00+00:00, run_after=2026-02-10 00:00:00+00:00
[2026-02-10T20:32:33.765+0000] {processor.py:183} INFO - Processing /home/airflow/.local/lib/python3.8/site-packages/airflow/example_dags/example_short_circuit_decorator.py took 0.030 seconds
[2026-02-10T20:33:04.259+0000] {processor.py:161} INFO - Started process (PID=1183) to work on /home/airflow/.local/lib/python3.8/site-packages/airflow/example_dags/example_short_circuit_decorator.py
[2026-02-10T20:33:04.259+0000] {processor.py:830} INFO - Processing file /home/airflow/.local/lib/python3.8/site-packages/airflow/example_dags/example_short_circuit_decorator.py for tasks to queue
[2026-02-10T20:33:04.260+0000] {logging_mixin.py:188} INFO - [2026-02-10T20:33:04.260+0000] {dagbag.py:538} INFO - Filling up the DagBag from /home/airflow/.local/lib/python3.8/site-packages/airflow/example_dags/example_short_circuit_decorator.py
[2026-02-10T20:33:04.264+0000] {processor.py:840} INFO - DAG(s) 'example_short_circuit_decorator' retrieved from /home/airflow/.local/lib/python3.8/site-packages/airflow/example_dags/example_short_circuit_decorator.py
[2026-02-10T20:33:04.274+0000] {logging_mixin.py:188} INFO - [2026-02-10T20:33:04.274+0000] {dag.py:3036} INFO - Sync 1 DAGs
[2026-02-10T20:33:04.282+0000] {logging_mixin.py:188} INFO - [2026-02-10T20:33:04.282+0000] {dag.py:3823} INFO - Setting next_dagrun for example_short_circuit_decorator to 2026-02-09 00:00:00+00:00, run_after=2026-02-10 00:00:00+00:00
[2026-02-10T20:33:04.290+0000] {processor.py:183} INFO - Processing /home/airflow/.local/lib/python3.8/site-packages/airflow/example_dags/example_short_circuit_decorator.py took 0.032 seconds
[2026-02-10T20:33:34.716+0000] {processor.py:161} INFO - Started process (PID=1239) to work on /home/airflow/.local/lib/python3.8/site-packages/airflow/example_dags/example_short_circuit_decorator.py
[2026-02-10T20:33:34.716+0000] {processor.py:830} INFO - Processing file /home/airflow/.local/lib/python3.8/site-packages/airflow/example_dags/example_short_circuit_decorator.py for tasks to queue
[2026-02-10T20:33:34.717+0000] {logging_mixin.py:188} INFO - [2026-02-10T20:33:34.717+0000] {dagbag.py:538} INFO - Filling up the DagBag from /home/airflow/.local/lib/python3.8/site-packages/airflow/example_dags/example_short_circuit_decorator.py
[2026-02-10T20:33:34.720+0000] {processor.py:840} INFO - DAG(s) 'example_short_circuit_decorator' retrieved from /home/airflow/.local/lib/python3.8/site-packages/airflow/example_dags/example_short_circuit_decorator.py
[2026-02-10T20:33:34.728+0000] {logging_mixin.py:188} INFO - [2026-02-10T20:33:34.728+0000] {dag.py:3036} INFO - Sync 1 DAGs
[2026-02-10T20:33:34.735+0000] {logging_mixin.py:188} INFO - [2026-02-10T20:33:34.735+0000] {dag.py:3823} INFO - Setting next_dagrun for example_short_circuit_decorator to 2026-02-09 00:00:00+00:00, run_after=2026-02-10 00:00:00+00:00
[2026-02-10T20:33:34.740+0000] {processor.py:183} INFO - Processing /home/airflow/.local/lib/python3.8/site-packages/airflow/example_dags/example_short_circuit_decorator.py took 0.026 seconds
[2026-02-10T20:34:05.105+0000] {processor.py:161} INFO - Started process (PID=1295) to work on /home/airflow/.local/lib/python3.8/site-packages/airflow/example_dags/example_short_circuit_decorator.py
[2026-02-10T20:34:05.106+0000] {processor.py:830} INFO - Processing file /home/airflow/.local/lib/python3.8/site-packages/airflow/example_dags/example_short_circuit_decorator.py for tasks to queue
[2026-02-10T20:34:05.107+0000] {logging_mixin.py:188} INFO - [2026-02-10T20:34:05.106+0000] {dagbag.py:538} INFO - Filling up the DagBag from /home/airflow/.local/lib/python3.8/site-packages/airflow/example_dags/example_short_circuit_decorator.py
[2026-02-10T20:34:05.111+0000] {processor.py:840} INFO - DAG(s) 'example_short_circuit_decorator' retrieved from /home/airflow/.local/lib/python3.8/site-packages/airflow/example_dags/example_short_circuit_decorator.py
[2026-02-10T20:34:05.126+0000] {logging_mixin.py:188} INFO - [2026-02-10T20:34:05.126+0000] {dag.py:3036} INFO - Sync 1 DAGs
[2026-02-10T20:34:05.135+0000] {logging_mixin.py:188} INFO - [2026-02-10T20:34:05.135+0000] {dag.py:3823} INFO - Setting next_dagrun for example_short_circuit_decorator to 2026-02-09 00:00:00+00:00, run_after=2026-02-10 00:00:00+00:00
[2026-02-10T20:34:05.141+0000] {processor.py:183} INFO - Processing /home/airflow/.local/lib/python3.8/site-packages/airflow/example_dags/example_short_circuit_decorator.py took 0.038 seconds
