[2026-02-10T20:22:55.198+0000] {processor.py:161} INFO - Started process (PID=79) to work on /home/airflow/.local/lib/python3.8/site-packages/airflow/example_dags/tutorial_taskflow_api.py
[2026-02-10T20:22:55.199+0000] {processor.py:830} INFO - Processing file /home/airflow/.local/lib/python3.8/site-packages/airflow/example_dags/tutorial_taskflow_api.py for tasks to queue
[2026-02-10T20:22:55.200+0000] {logging_mixin.py:188} INFO - [2026-02-10T20:22:55.200+0000] {dagbag.py:538} INFO - Filling up the DagBag from /home/airflow/.local/lib/python3.8/site-packages/airflow/example_dags/tutorial_taskflow_api.py
[2026-02-10T20:22:55.207+0000] {processor.py:840} INFO - DAG(s) 'tutorial_taskflow_api' retrieved from /home/airflow/.local/lib/python3.8/site-packages/airflow/example_dags/tutorial_taskflow_api.py
[2026-02-10T20:22:55.213+0000] {logging_mixin.py:188} INFO - [2026-02-10T20:22:55.213+0000] {dag.py:3036} INFO - Sync 1 DAGs
[2026-02-10T20:22:55.219+0000] {logging_mixin.py:188} INFO - [2026-02-10T20:22:55.219+0000] {dag.py:3823} INFO - Setting next_dagrun for tutorial_taskflow_api to None, run_after=None
[2026-02-10T20:22:55.234+0000] {processor.py:183} INFO - Processing /home/airflow/.local/lib/python3.8/site-packages/airflow/example_dags/tutorial_taskflow_api.py took 0.038 seconds
[2026-02-10T20:23:25.372+0000] {processor.py:161} INFO - Started process (PID=134) to work on /home/airflow/.local/lib/python3.8/site-packages/airflow/example_dags/tutorial_taskflow_api.py
[2026-02-10T20:23:25.374+0000] {processor.py:830} INFO - Processing file /home/airflow/.local/lib/python3.8/site-packages/airflow/example_dags/tutorial_taskflow_api.py for tasks to queue
[2026-02-10T20:23:25.375+0000] {logging_mixin.py:188} INFO - [2026-02-10T20:23:25.374+0000] {dagbag.py:538} INFO - Filling up the DagBag from /home/airflow/.local/lib/python3.8/site-packages/airflow/example_dags/tutorial_taskflow_api.py
[2026-02-10T20:23:25.377+0000] {processor.py:840} INFO - DAG(s) 'tutorial_taskflow_api' retrieved from /home/airflow/.local/lib/python3.8/site-packages/airflow/example_dags/tutorial_taskflow_api.py
[2026-02-10T20:23:25.413+0000] {logging_mixin.py:188} INFO - [2026-02-10T20:23:25.412+0000] {dag.py:3036} INFO - Sync 1 DAGs
[2026-02-10T20:23:25.419+0000] {logging_mixin.py:188} INFO - [2026-02-10T20:23:25.419+0000] {dag.py:3823} INFO - Setting next_dagrun for tutorial_taskflow_api to None, run_after=None
[2026-02-10T20:23:25.431+0000] {processor.py:183} INFO - Processing /home/airflow/.local/lib/python3.8/site-packages/airflow/example_dags/tutorial_taskflow_api.py took 0.060 seconds
[2026-02-10T20:23:55.839+0000] {processor.py:161} INFO - Started process (PID=189) to work on /home/airflow/.local/lib/python3.8/site-packages/airflow/example_dags/tutorial_taskflow_api.py
[2026-02-10T20:23:55.841+0000] {processor.py:830} INFO - Processing file /home/airflow/.local/lib/python3.8/site-packages/airflow/example_dags/tutorial_taskflow_api.py for tasks to queue
[2026-02-10T20:23:55.843+0000] {logging_mixin.py:188} INFO - [2026-02-10T20:23:55.842+0000] {dagbag.py:538} INFO - Filling up the DagBag from /home/airflow/.local/lib/python3.8/site-packages/airflow/example_dags/tutorial_taskflow_api.py
[2026-02-10T20:23:55.846+0000] {processor.py:840} INFO - DAG(s) 'tutorial_taskflow_api' retrieved from /home/airflow/.local/lib/python3.8/site-packages/airflow/example_dags/tutorial_taskflow_api.py
[2026-02-10T20:23:55.856+0000] {logging_mixin.py:188} INFO - [2026-02-10T20:23:55.856+0000] {dag.py:3036} INFO - Sync 1 DAGs
[2026-02-10T20:23:55.861+0000] {logging_mixin.py:188} INFO - [2026-02-10T20:23:55.861+0000] {dag.py:3823} INFO - Setting next_dagrun for tutorial_taskflow_api to None, run_after=None
[2026-02-10T20:23:55.867+0000] {processor.py:183} INFO - Processing /home/airflow/.local/lib/python3.8/site-packages/airflow/example_dags/tutorial_taskflow_api.py took 0.029 seconds
[2026-02-10T20:24:26.317+0000] {processor.py:161} INFO - Started process (PID=244) to work on /home/airflow/.local/lib/python3.8/site-packages/airflow/example_dags/tutorial_taskflow_api.py
[2026-02-10T20:24:26.318+0000] {processor.py:830} INFO - Processing file /home/airflow/.local/lib/python3.8/site-packages/airflow/example_dags/tutorial_taskflow_api.py for tasks to queue
[2026-02-10T20:24:26.318+0000] {logging_mixin.py:188} INFO - [2026-02-10T20:24:26.318+0000] {dagbag.py:538} INFO - Filling up the DagBag from /home/airflow/.local/lib/python3.8/site-packages/airflow/example_dags/tutorial_taskflow_api.py
[2026-02-10T20:24:26.321+0000] {processor.py:840} INFO - DAG(s) 'tutorial_taskflow_api' retrieved from /home/airflow/.local/lib/python3.8/site-packages/airflow/example_dags/tutorial_taskflow_api.py
[2026-02-10T20:24:26.327+0000] {logging_mixin.py:188} INFO - [2026-02-10T20:24:26.327+0000] {dag.py:3036} INFO - Sync 1 DAGs
[2026-02-10T20:24:26.331+0000] {logging_mixin.py:188} INFO - [2026-02-10T20:24:26.331+0000] {dag.py:3823} INFO - Setting next_dagrun for tutorial_taskflow_api to None, run_after=None
[2026-02-10T20:24:26.336+0000] {processor.py:183} INFO - Processing /home/airflow/.local/lib/python3.8/site-packages/airflow/example_dags/tutorial_taskflow_api.py took 0.020 seconds
[2026-02-10T20:24:56.839+0000] {processor.py:161} INFO - Started process (PID=305) to work on /home/airflow/.local/lib/python3.8/site-packages/airflow/example_dags/tutorial_taskflow_api.py
[2026-02-10T20:24:56.842+0000] {processor.py:830} INFO - Processing file /home/airflow/.local/lib/python3.8/site-packages/airflow/example_dags/tutorial_taskflow_api.py for tasks to queue
[2026-02-10T20:24:56.843+0000] {logging_mixin.py:188} INFO - [2026-02-10T20:24:56.843+0000] {dagbag.py:538} INFO - Filling up the DagBag from /home/airflow/.local/lib/python3.8/site-packages/airflow/example_dags/tutorial_taskflow_api.py
[2026-02-10T20:24:56.847+0000] {processor.py:840} INFO - DAG(s) 'tutorial_taskflow_api' retrieved from /home/airflow/.local/lib/python3.8/site-packages/airflow/example_dags/tutorial_taskflow_api.py
[2026-02-10T20:24:56.859+0000] {logging_mixin.py:188} INFO - [2026-02-10T20:24:56.859+0000] {dag.py:3036} INFO - Sync 1 DAGs
[2026-02-10T20:24:56.866+0000] {logging_mixin.py:188} INFO - [2026-02-10T20:24:56.866+0000] {dag.py:3823} INFO - Setting next_dagrun for tutorial_taskflow_api to None, run_after=None
[2026-02-10T20:24:56.874+0000] {processor.py:183} INFO - Processing /home/airflow/.local/lib/python3.8/site-packages/airflow/example_dags/tutorial_taskflow_api.py took 0.036 seconds
[2026-02-10T20:25:27.438+0000] {processor.py:161} INFO - Started process (PID=360) to work on /home/airflow/.local/lib/python3.8/site-packages/airflow/example_dags/tutorial_taskflow_api.py
[2026-02-10T20:25:27.438+0000] {processor.py:830} INFO - Processing file /home/airflow/.local/lib/python3.8/site-packages/airflow/example_dags/tutorial_taskflow_api.py for tasks to queue
[2026-02-10T20:25:27.439+0000] {logging_mixin.py:188} INFO - [2026-02-10T20:25:27.439+0000] {dagbag.py:538} INFO - Filling up the DagBag from /home/airflow/.local/lib/python3.8/site-packages/airflow/example_dags/tutorial_taskflow_api.py
[2026-02-10T20:25:27.442+0000] {processor.py:840} INFO - DAG(s) 'tutorial_taskflow_api' retrieved from /home/airflow/.local/lib/python3.8/site-packages/airflow/example_dags/tutorial_taskflow_api.py
[2026-02-10T20:25:27.449+0000] {logging_mixin.py:188} INFO - [2026-02-10T20:25:27.449+0000] {dag.py:3036} INFO - Sync 1 DAGs
[2026-02-10T20:25:27.454+0000] {logging_mixin.py:188} INFO - [2026-02-10T20:25:27.453+0000] {dag.py:3823} INFO - Setting next_dagrun for tutorial_taskflow_api to None, run_after=None
[2026-02-10T20:25:27.461+0000] {processor.py:183} INFO - Processing /home/airflow/.local/lib/python3.8/site-packages/airflow/example_dags/tutorial_taskflow_api.py took 0.025 seconds
[2026-02-10T20:25:57.815+0000] {processor.py:161} INFO - Started process (PID=415) to work on /home/airflow/.local/lib/python3.8/site-packages/airflow/example_dags/tutorial_taskflow_api.py
[2026-02-10T20:25:57.816+0000] {processor.py:830} INFO - Processing file /home/airflow/.local/lib/python3.8/site-packages/airflow/example_dags/tutorial_taskflow_api.py for tasks to queue
[2026-02-10T20:25:57.817+0000] {logging_mixin.py:188} INFO - [2026-02-10T20:25:57.817+0000] {dagbag.py:538} INFO - Filling up the DagBag from /home/airflow/.local/lib/python3.8/site-packages/airflow/example_dags/tutorial_taskflow_api.py
[2026-02-10T20:25:57.820+0000] {processor.py:840} INFO - DAG(s) 'tutorial_taskflow_api' retrieved from /home/airflow/.local/lib/python3.8/site-packages/airflow/example_dags/tutorial_taskflow_api.py
[2026-02-10T20:25:57.831+0000] {logging_mixin.py:188} INFO - [2026-02-10T20:25:57.831+0000] {dag.py:3036} INFO - Sync 1 DAGs
[2026-02-10T20:25:57.836+0000] {logging_mixin.py:188} INFO - [2026-02-10T20:25:57.836+0000] {dag.py:3823} INFO - Setting next_dagrun for tutorial_taskflow_api to None, run_after=None
[2026-02-10T20:25:57.844+0000] {processor.py:183} INFO - Processing /home/airflow/.local/lib/python3.8/site-packages/airflow/example_dags/tutorial_taskflow_api.py took 0.031 seconds
[2026-02-10T20:26:28.268+0000] {processor.py:161} INFO - Started process (PID=470) to work on /home/airflow/.local/lib/python3.8/site-packages/airflow/example_dags/tutorial_taskflow_api.py
[2026-02-10T20:26:28.268+0000] {processor.py:830} INFO - Processing file /home/airflow/.local/lib/python3.8/site-packages/airflow/example_dags/tutorial_taskflow_api.py for tasks to queue
[2026-02-10T20:26:28.269+0000] {logging_mixin.py:188} INFO - [2026-02-10T20:26:28.269+0000] {dagbag.py:538} INFO - Filling up the DagBag from /home/airflow/.local/lib/python3.8/site-packages/airflow/example_dags/tutorial_taskflow_api.py
[2026-02-10T20:26:28.271+0000] {processor.py:840} INFO - DAG(s) 'tutorial_taskflow_api' retrieved from /home/airflow/.local/lib/python3.8/site-packages/airflow/example_dags/tutorial_taskflow_api.py
[2026-02-10T20:26:28.280+0000] {logging_mixin.py:188} INFO - [2026-02-10T20:26:28.280+0000] {dag.py:3036} INFO - Sync 1 DAGs
[2026-02-10T20:26:28.284+0000] {logging_mixin.py:188} INFO - [2026-02-10T20:26:28.284+0000] {dag.py:3823} INFO - Setting next_dagrun for tutorial_taskflow_api to None, run_after=None
[2026-02-10T20:26:28.292+0000] {processor.py:183} INFO - Processing /home/airflow/.local/lib/python3.8/site-packages/airflow/example_dags/tutorial_taskflow_api.py took 0.026 seconds
[2026-02-10T20:26:58.588+0000] {processor.py:161} INFO - Started process (PID=525) to work on /home/airflow/.local/lib/python3.8/site-packages/airflow/example_dags/tutorial_taskflow_api.py
[2026-02-10T20:26:58.589+0000] {processor.py:830} INFO - Processing file /home/airflow/.local/lib/python3.8/site-packages/airflow/example_dags/tutorial_taskflow_api.py for tasks to queue
[2026-02-10T20:26:58.590+0000] {logging_mixin.py:188} INFO - [2026-02-10T20:26:58.590+0000] {dagbag.py:538} INFO - Filling up the DagBag from /home/airflow/.local/lib/python3.8/site-packages/airflow/example_dags/tutorial_taskflow_api.py
[2026-02-10T20:26:58.593+0000] {processor.py:840} INFO - DAG(s) 'tutorial_taskflow_api' retrieved from /home/airflow/.local/lib/python3.8/site-packages/airflow/example_dags/tutorial_taskflow_api.py
[2026-02-10T20:26:58.600+0000] {logging_mixin.py:188} INFO - [2026-02-10T20:26:58.600+0000] {dag.py:3036} INFO - Sync 1 DAGs
[2026-02-10T20:26:58.608+0000] {logging_mixin.py:188} INFO - [2026-02-10T20:26:58.608+0000] {dag.py:3823} INFO - Setting next_dagrun for tutorial_taskflow_api to None, run_after=None
[2026-02-10T20:26:58.620+0000] {processor.py:183} INFO - Processing /home/airflow/.local/lib/python3.8/site-packages/airflow/example_dags/tutorial_taskflow_api.py took 0.033 seconds
[2026-02-10T20:27:28.987+0000] {processor.py:161} INFO - Started process (PID=580) to work on /home/airflow/.local/lib/python3.8/site-packages/airflow/example_dags/tutorial_taskflow_api.py
[2026-02-10T20:27:28.988+0000] {processor.py:830} INFO - Processing file /home/airflow/.local/lib/python3.8/site-packages/airflow/example_dags/tutorial_taskflow_api.py for tasks to queue
[2026-02-10T20:27:28.988+0000] {logging_mixin.py:188} INFO - [2026-02-10T20:27:28.988+0000] {dagbag.py:538} INFO - Filling up the DagBag from /home/airflow/.local/lib/python3.8/site-packages/airflow/example_dags/tutorial_taskflow_api.py
[2026-02-10T20:27:28.991+0000] {processor.py:840} INFO - DAG(s) 'tutorial_taskflow_api' retrieved from /home/airflow/.local/lib/python3.8/site-packages/airflow/example_dags/tutorial_taskflow_api.py
[2026-02-10T20:27:28.999+0000] {logging_mixin.py:188} INFO - [2026-02-10T20:27:28.999+0000] {dag.py:3036} INFO - Sync 1 DAGs
[2026-02-10T20:27:29.003+0000] {logging_mixin.py:188} INFO - [2026-02-10T20:27:29.003+0000] {dag.py:3823} INFO - Setting next_dagrun for tutorial_taskflow_api to None, run_after=None
[2026-02-10T20:27:29.012+0000] {processor.py:183} INFO - Processing /home/airflow/.local/lib/python3.8/site-packages/airflow/example_dags/tutorial_taskflow_api.py took 0.027 seconds
[2026-02-10T20:27:59.464+0000] {processor.py:161} INFO - Started process (PID=634) to work on /home/airflow/.local/lib/python3.8/site-packages/airflow/example_dags/tutorial_taskflow_api.py
[2026-02-10T20:27:59.464+0000] {processor.py:830} INFO - Processing file /home/airflow/.local/lib/python3.8/site-packages/airflow/example_dags/tutorial_taskflow_api.py for tasks to queue
[2026-02-10T20:27:59.465+0000] {logging_mixin.py:188} INFO - [2026-02-10T20:27:59.465+0000] {dagbag.py:538} INFO - Filling up the DagBag from /home/airflow/.local/lib/python3.8/site-packages/airflow/example_dags/tutorial_taskflow_api.py
[2026-02-10T20:27:59.467+0000] {processor.py:840} INFO - DAG(s) 'tutorial_taskflow_api' retrieved from /home/airflow/.local/lib/python3.8/site-packages/airflow/example_dags/tutorial_taskflow_api.py
[2026-02-10T20:27:59.478+0000] {logging_mixin.py:188} INFO - [2026-02-10T20:27:59.478+0000] {dag.py:3036} INFO - Sync 1 DAGs
[2026-02-10T20:27:59.486+0000] {logging_mixin.py:188} INFO - [2026-02-10T20:27:59.485+0000] {dag.py:3823} INFO - Setting next_dagrun for tutorial_taskflow_api to None, run_after=None
[2026-02-10T20:27:59.492+0000] {processor.py:183} INFO - Processing /home/airflow/.local/lib/python3.8/site-packages/airflow/example_dags/tutorial_taskflow_api.py took 0.030 seconds
[2026-02-10T20:28:30.183+0000] {processor.py:161} INFO - Started process (PID=689) to work on /home/airflow/.local/lib/python3.8/site-packages/airflow/example_dags/tutorial_taskflow_api.py
[2026-02-10T20:28:30.183+0000] {processor.py:830} INFO - Processing file /home/airflow/.local/lib/python3.8/site-packages/airflow/example_dags/tutorial_taskflow_api.py for tasks to queue
[2026-02-10T20:28:30.185+0000] {logging_mixin.py:188} INFO - [2026-02-10T20:28:30.185+0000] {dagbag.py:538} INFO - Filling up the DagBag from /home/airflow/.local/lib/python3.8/site-packages/airflow/example_dags/tutorial_taskflow_api.py
[2026-02-10T20:28:30.188+0000] {processor.py:840} INFO - DAG(s) 'tutorial_taskflow_api' retrieved from /home/airflow/.local/lib/python3.8/site-packages/airflow/example_dags/tutorial_taskflow_api.py
[2026-02-10T20:28:30.202+0000] {logging_mixin.py:188} INFO - [2026-02-10T20:28:30.202+0000] {dag.py:3036} INFO - Sync 1 DAGs
[2026-02-10T20:28:30.207+0000] {logging_mixin.py:188} INFO - [2026-02-10T20:28:30.207+0000] {dag.py:3823} INFO - Setting next_dagrun for tutorial_taskflow_api to None, run_after=None
[2026-02-10T20:28:30.219+0000] {processor.py:183} INFO - Processing /home/airflow/.local/lib/python3.8/site-packages/airflow/example_dags/tutorial_taskflow_api.py took 0.039 seconds
[2026-02-10T20:29:00.716+0000] {processor.py:161} INFO - Started process (PID=744) to work on /home/airflow/.local/lib/python3.8/site-packages/airflow/example_dags/tutorial_taskflow_api.py
[2026-02-10T20:29:00.716+0000] {processor.py:830} INFO - Processing file /home/airflow/.local/lib/python3.8/site-packages/airflow/example_dags/tutorial_taskflow_api.py for tasks to queue
[2026-02-10T20:29:00.717+0000] {logging_mixin.py:188} INFO - [2026-02-10T20:29:00.717+0000] {dagbag.py:538} INFO - Filling up the DagBag from /home/airflow/.local/lib/python3.8/site-packages/airflow/example_dags/tutorial_taskflow_api.py
[2026-02-10T20:29:00.720+0000] {processor.py:840} INFO - DAG(s) 'tutorial_taskflow_api' retrieved from /home/airflow/.local/lib/python3.8/site-packages/airflow/example_dags/tutorial_taskflow_api.py
[2026-02-10T20:29:00.732+0000] {logging_mixin.py:188} INFO - [2026-02-10T20:29:00.731+0000] {dag.py:3036} INFO - Sync 1 DAGs
[2026-02-10T20:29:00.736+0000] {logging_mixin.py:188} INFO - [2026-02-10T20:29:00.736+0000] {dag.py:3823} INFO - Setting next_dagrun for tutorial_taskflow_api to None, run_after=None
[2026-02-10T20:29:00.748+0000] {processor.py:183} INFO - Processing /home/airflow/.local/lib/python3.8/site-packages/airflow/example_dags/tutorial_taskflow_api.py took 0.034 seconds
[2026-02-10T20:29:31.312+0000] {processor.py:161} INFO - Started process (PID=799) to work on /home/airflow/.local/lib/python3.8/site-packages/airflow/example_dags/tutorial_taskflow_api.py
[2026-02-10T20:29:31.312+0000] {processor.py:830} INFO - Processing file /home/airflow/.local/lib/python3.8/site-packages/airflow/example_dags/tutorial_taskflow_api.py for tasks to queue
[2026-02-10T20:29:31.313+0000] {logging_mixin.py:188} INFO - [2026-02-10T20:29:31.313+0000] {dagbag.py:538} INFO - Filling up the DagBag from /home/airflow/.local/lib/python3.8/site-packages/airflow/example_dags/tutorial_taskflow_api.py
[2026-02-10T20:29:31.316+0000] {processor.py:840} INFO - DAG(s) 'tutorial_taskflow_api' retrieved from /home/airflow/.local/lib/python3.8/site-packages/airflow/example_dags/tutorial_taskflow_api.py
[2026-02-10T20:29:31.323+0000] {logging_mixin.py:188} INFO - [2026-02-10T20:29:31.323+0000] {dag.py:3036} INFO - Sync 1 DAGs
[2026-02-10T20:29:31.328+0000] {logging_mixin.py:188} INFO - [2026-02-10T20:29:31.328+0000] {dag.py:3823} INFO - Setting next_dagrun for tutorial_taskflow_api to None, run_after=None
[2026-02-10T20:29:31.340+0000] {processor.py:183} INFO - Processing /home/airflow/.local/lib/python3.8/site-packages/airflow/example_dags/tutorial_taskflow_api.py took 0.029 seconds
[2026-02-10T20:30:01.868+0000] {processor.py:161} INFO - Started process (PID=854) to work on /home/airflow/.local/lib/python3.8/site-packages/airflow/example_dags/tutorial_taskflow_api.py
[2026-02-10T20:30:01.869+0000] {processor.py:830} INFO - Processing file /home/airflow/.local/lib/python3.8/site-packages/airflow/example_dags/tutorial_taskflow_api.py for tasks to queue
[2026-02-10T20:30:01.869+0000] {logging_mixin.py:188} INFO - [2026-02-10T20:30:01.869+0000] {dagbag.py:538} INFO - Filling up the DagBag from /home/airflow/.local/lib/python3.8/site-packages/airflow/example_dags/tutorial_taskflow_api.py
[2026-02-10T20:30:01.872+0000] {processor.py:840} INFO - DAG(s) 'tutorial_taskflow_api' retrieved from /home/airflow/.local/lib/python3.8/site-packages/airflow/example_dags/tutorial_taskflow_api.py
[2026-02-10T20:30:01.883+0000] {logging_mixin.py:188} INFO - [2026-02-10T20:30:01.883+0000] {dag.py:3036} INFO - Sync 1 DAGs
[2026-02-10T20:30:01.889+0000] {logging_mixin.py:188} INFO - [2026-02-10T20:30:01.889+0000] {dag.py:3823} INFO - Setting next_dagrun for tutorial_taskflow_api to None, run_after=None
[2026-02-10T20:30:01.899+0000] {processor.py:183} INFO - Processing /home/airflow/.local/lib/python3.8/site-packages/airflow/example_dags/tutorial_taskflow_api.py took 0.032 seconds
[2026-02-10T20:30:32.234+0000] {processor.py:161} INFO - Started process (PID=909) to work on /home/airflow/.local/lib/python3.8/site-packages/airflow/example_dags/tutorial_taskflow_api.py
[2026-02-10T20:30:32.235+0000] {processor.py:830} INFO - Processing file /home/airflow/.local/lib/python3.8/site-packages/airflow/example_dags/tutorial_taskflow_api.py for tasks to queue
[2026-02-10T20:30:32.236+0000] {logging_mixin.py:188} INFO - [2026-02-10T20:30:32.235+0000] {dagbag.py:538} INFO - Filling up the DagBag from /home/airflow/.local/lib/python3.8/site-packages/airflow/example_dags/tutorial_taskflow_api.py
[2026-02-10T20:30:32.238+0000] {processor.py:840} INFO - DAG(s) 'tutorial_taskflow_api' retrieved from /home/airflow/.local/lib/python3.8/site-packages/airflow/example_dags/tutorial_taskflow_api.py
[2026-02-10T20:30:32.246+0000] {logging_mixin.py:188} INFO - [2026-02-10T20:30:32.246+0000] {dag.py:3036} INFO - Sync 1 DAGs
[2026-02-10T20:30:32.251+0000] {logging_mixin.py:188} INFO - [2026-02-10T20:30:32.251+0000] {dag.py:3823} INFO - Setting next_dagrun for tutorial_taskflow_api to None, run_after=None
[2026-02-10T20:30:32.258+0000] {processor.py:183} INFO - Processing /home/airflow/.local/lib/python3.8/site-packages/airflow/example_dags/tutorial_taskflow_api.py took 0.025 seconds
[2026-02-10T20:31:02.682+0000] {processor.py:161} INFO - Started process (PID=964) to work on /home/airflow/.local/lib/python3.8/site-packages/airflow/example_dags/tutorial_taskflow_api.py
[2026-02-10T20:31:02.683+0000] {processor.py:830} INFO - Processing file /home/airflow/.local/lib/python3.8/site-packages/airflow/example_dags/tutorial_taskflow_api.py for tasks to queue
[2026-02-10T20:31:02.684+0000] {logging_mixin.py:188} INFO - [2026-02-10T20:31:02.684+0000] {dagbag.py:538} INFO - Filling up the DagBag from /home/airflow/.local/lib/python3.8/site-packages/airflow/example_dags/tutorial_taskflow_api.py
[2026-02-10T20:31:02.687+0000] {processor.py:840} INFO - DAG(s) 'tutorial_taskflow_api' retrieved from /home/airflow/.local/lib/python3.8/site-packages/airflow/example_dags/tutorial_taskflow_api.py
[2026-02-10T20:31:02.697+0000] {logging_mixin.py:188} INFO - [2026-02-10T20:31:02.697+0000] {dag.py:3036} INFO - Sync 1 DAGs
[2026-02-10T20:31:02.701+0000] {logging_mixin.py:188} INFO - [2026-02-10T20:31:02.701+0000] {dag.py:3823} INFO - Setting next_dagrun for tutorial_taskflow_api to None, run_after=None
[2026-02-10T20:31:02.711+0000] {processor.py:183} INFO - Processing /home/airflow/.local/lib/python3.8/site-packages/airflow/example_dags/tutorial_taskflow_api.py took 0.030 seconds
[2026-02-10T20:31:33.063+0000] {processor.py:161} INFO - Started process (PID=1019) to work on /home/airflow/.local/lib/python3.8/site-packages/airflow/example_dags/tutorial_taskflow_api.py
[2026-02-10T20:31:33.063+0000] {processor.py:830} INFO - Processing file /home/airflow/.local/lib/python3.8/site-packages/airflow/example_dags/tutorial_taskflow_api.py for tasks to queue
[2026-02-10T20:31:33.064+0000] {logging_mixin.py:188} INFO - [2026-02-10T20:31:33.064+0000] {dagbag.py:538} INFO - Filling up the DagBag from /home/airflow/.local/lib/python3.8/site-packages/airflow/example_dags/tutorial_taskflow_api.py
[2026-02-10T20:31:33.068+0000] {processor.py:840} INFO - DAG(s) 'tutorial_taskflow_api' retrieved from /home/airflow/.local/lib/python3.8/site-packages/airflow/example_dags/tutorial_taskflow_api.py
[2026-02-10T20:31:33.080+0000] {logging_mixin.py:188} INFO - [2026-02-10T20:31:33.080+0000] {dag.py:3036} INFO - Sync 1 DAGs
[2026-02-10T20:31:33.084+0000] {logging_mixin.py:188} INFO - [2026-02-10T20:31:33.084+0000] {dag.py:3823} INFO - Setting next_dagrun for tutorial_taskflow_api to None, run_after=None
[2026-02-10T20:31:33.093+0000] {processor.py:183} INFO - Processing /home/airflow/.local/lib/python3.8/site-packages/airflow/example_dags/tutorial_taskflow_api.py took 0.031 seconds
[2026-02-10T20:32:03.456+0000] {processor.py:161} INFO - Started process (PID=1074) to work on /home/airflow/.local/lib/python3.8/site-packages/airflow/example_dags/tutorial_taskflow_api.py
[2026-02-10T20:32:03.456+0000] {processor.py:830} INFO - Processing file /home/airflow/.local/lib/python3.8/site-packages/airflow/example_dags/tutorial_taskflow_api.py for tasks to queue
[2026-02-10T20:32:03.457+0000] {logging_mixin.py:188} INFO - [2026-02-10T20:32:03.457+0000] {dagbag.py:538} INFO - Filling up the DagBag from /home/airflow/.local/lib/python3.8/site-packages/airflow/example_dags/tutorial_taskflow_api.py
[2026-02-10T20:32:03.460+0000] {processor.py:840} INFO - DAG(s) 'tutorial_taskflow_api' retrieved from /home/airflow/.local/lib/python3.8/site-packages/airflow/example_dags/tutorial_taskflow_api.py
[2026-02-10T20:32:03.472+0000] {logging_mixin.py:188} INFO - [2026-02-10T20:32:03.472+0000] {dag.py:3036} INFO - Sync 1 DAGs
[2026-02-10T20:32:03.479+0000] {logging_mixin.py:188} INFO - [2026-02-10T20:32:03.479+0000] {dag.py:3823} INFO - Setting next_dagrun for tutorial_taskflow_api to None, run_after=None
[2026-02-10T20:32:03.487+0000] {processor.py:183} INFO - Processing /home/airflow/.local/lib/python3.8/site-packages/airflow/example_dags/tutorial_taskflow_api.py took 0.033 seconds
[2026-02-10T20:32:33.775+0000] {processor.py:161} INFO - Started process (PID=1129) to work on /home/airflow/.local/lib/python3.8/site-packages/airflow/example_dags/tutorial_taskflow_api.py
[2026-02-10T20:32:33.776+0000] {processor.py:830} INFO - Processing file /home/airflow/.local/lib/python3.8/site-packages/airflow/example_dags/tutorial_taskflow_api.py for tasks to queue
[2026-02-10T20:32:33.777+0000] {logging_mixin.py:188} INFO - [2026-02-10T20:32:33.776+0000] {dagbag.py:538} INFO - Filling up the DagBag from /home/airflow/.local/lib/python3.8/site-packages/airflow/example_dags/tutorial_taskflow_api.py
[2026-02-10T20:32:33.779+0000] {processor.py:840} INFO - DAG(s) 'tutorial_taskflow_api' retrieved from /home/airflow/.local/lib/python3.8/site-packages/airflow/example_dags/tutorial_taskflow_api.py
[2026-02-10T20:32:33.787+0000] {logging_mixin.py:188} INFO - [2026-02-10T20:32:33.787+0000] {dag.py:3036} INFO - Sync 1 DAGs
[2026-02-10T20:32:33.792+0000] {logging_mixin.py:188} INFO - [2026-02-10T20:32:33.792+0000] {dag.py:3823} INFO - Setting next_dagrun for tutorial_taskflow_api to None, run_after=None
[2026-02-10T20:32:33.806+0000] {processor.py:183} INFO - Processing /home/airflow/.local/lib/python3.8/site-packages/airflow/example_dags/tutorial_taskflow_api.py took 0.033 seconds
[2026-02-10T20:33:04.301+0000] {processor.py:161} INFO - Started process (PID=1185) to work on /home/airflow/.local/lib/python3.8/site-packages/airflow/example_dags/tutorial_taskflow_api.py
[2026-02-10T20:33:04.302+0000] {processor.py:830} INFO - Processing file /home/airflow/.local/lib/python3.8/site-packages/airflow/example_dags/tutorial_taskflow_api.py for tasks to queue
[2026-02-10T20:33:04.303+0000] {logging_mixin.py:188} INFO - [2026-02-10T20:33:04.303+0000] {dagbag.py:538} INFO - Filling up the DagBag from /home/airflow/.local/lib/python3.8/site-packages/airflow/example_dags/tutorial_taskflow_api.py
[2026-02-10T20:33:04.306+0000] {processor.py:840} INFO - DAG(s) 'tutorial_taskflow_api' retrieved from /home/airflow/.local/lib/python3.8/site-packages/airflow/example_dags/tutorial_taskflow_api.py
[2026-02-10T20:33:04.313+0000] {logging_mixin.py:188} INFO - [2026-02-10T20:33:04.313+0000] {dag.py:3036} INFO - Sync 1 DAGs
[2026-02-10T20:33:04.317+0000] {logging_mixin.py:188} INFO - [2026-02-10T20:33:04.317+0000] {dag.py:3823} INFO - Setting next_dagrun for tutorial_taskflow_api to None, run_after=None
[2026-02-10T20:33:04.328+0000] {processor.py:183} INFO - Processing /home/airflow/.local/lib/python3.8/site-packages/airflow/example_dags/tutorial_taskflow_api.py took 0.028 seconds
[2026-02-10T20:33:34.750+0000] {processor.py:161} INFO - Started process (PID=1241) to work on /home/airflow/.local/lib/python3.8/site-packages/airflow/example_dags/tutorial_taskflow_api.py
[2026-02-10T20:33:34.751+0000] {processor.py:830} INFO - Processing file /home/airflow/.local/lib/python3.8/site-packages/airflow/example_dags/tutorial_taskflow_api.py for tasks to queue
[2026-02-10T20:33:34.751+0000] {logging_mixin.py:188} INFO - [2026-02-10T20:33:34.751+0000] {dagbag.py:538} INFO - Filling up the DagBag from /home/airflow/.local/lib/python3.8/site-packages/airflow/example_dags/tutorial_taskflow_api.py
[2026-02-10T20:33:34.754+0000] {processor.py:840} INFO - DAG(s) 'tutorial_taskflow_api' retrieved from /home/airflow/.local/lib/python3.8/site-packages/airflow/example_dags/tutorial_taskflow_api.py
[2026-02-10T20:33:34.763+0000] {logging_mixin.py:188} INFO - [2026-02-10T20:33:34.763+0000] {dag.py:3036} INFO - Sync 1 DAGs
[2026-02-10T20:33:34.767+0000] {logging_mixin.py:188} INFO - [2026-02-10T20:33:34.767+0000] {dag.py:3823} INFO - Setting next_dagrun for tutorial_taskflow_api to None, run_after=None
[2026-02-10T20:33:34.774+0000] {processor.py:183} INFO - Processing /home/airflow/.local/lib/python3.8/site-packages/airflow/example_dags/tutorial_taskflow_api.py took 0.025 seconds
[2026-02-10T20:34:05.150+0000] {processor.py:161} INFO - Started process (PID=1297) to work on /home/airflow/.local/lib/python3.8/site-packages/airflow/example_dags/tutorial_taskflow_api.py
[2026-02-10T20:34:05.153+0000] {processor.py:830} INFO - Processing file /home/airflow/.local/lib/python3.8/site-packages/airflow/example_dags/tutorial_taskflow_api.py for tasks to queue
[2026-02-10T20:34:05.154+0000] {logging_mixin.py:188} INFO - [2026-02-10T20:34:05.154+0000] {dagbag.py:538} INFO - Filling up the DagBag from /home/airflow/.local/lib/python3.8/site-packages/airflow/example_dags/tutorial_taskflow_api.py
[2026-02-10T20:34:05.157+0000] {processor.py:840} INFO - DAG(s) 'tutorial_taskflow_api' retrieved from /home/airflow/.local/lib/python3.8/site-packages/airflow/example_dags/tutorial_taskflow_api.py
[2026-02-10T20:34:05.166+0000] {logging_mixin.py:188} INFO - [2026-02-10T20:34:05.166+0000] {dag.py:3036} INFO - Sync 1 DAGs
[2026-02-10T20:34:05.170+0000] {logging_mixin.py:188} INFO - [2026-02-10T20:34:05.170+0000] {dag.py:3823} INFO - Setting next_dagrun for tutorial_taskflow_api to None, run_after=None
[2026-02-10T20:34:05.177+0000] {processor.py:183} INFO - Processing /home/airflow/.local/lib/python3.8/site-packages/airflow/example_dags/tutorial_taskflow_api.py took 0.029 seconds
