[2026-02-10T20:22:54.456+0000] {processor.py:161} INFO - Started process (PID=62) to work on /home/airflow/.local/lib/python3.8/site-packages/airflow/example_dags/tutorial_dag.py
[2026-02-10T20:22:54.461+0000] {processor.py:830} INFO - Processing file /home/airflow/.local/lib/python3.8/site-packages/airflow/example_dags/tutorial_dag.py for tasks to queue
[2026-02-10T20:22:54.463+0000] {logging_mixin.py:188} INFO - [2026-02-10T20:22:54.462+0000] {dagbag.py:538} INFO - Filling up the DagBag from /home/airflow/.local/lib/python3.8/site-packages/airflow/example_dags/tutorial_dag.py
[2026-02-10T20:22:54.470+0000] {processor.py:840} INFO - DAG(s) 'tutorial_dag' retrieved from /home/airflow/.local/lib/python3.8/site-packages/airflow/example_dags/tutorial_dag.py
[2026-02-10T20:22:54.486+0000] {logging_mixin.py:188} INFO - [2026-02-10T20:22:54.485+0000] {dag.py:3036} INFO - Sync 1 DAGs
[2026-02-10T20:22:54.496+0000] {logging_mixin.py:188} INFO - [2026-02-10T20:22:54.496+0000] {dag.py:3823} INFO - Setting next_dagrun for tutorial_dag to None, run_after=None
[2026-02-10T20:22:54.516+0000] {processor.py:183} INFO - Processing /home/airflow/.local/lib/python3.8/site-packages/airflow/example_dags/tutorial_dag.py took 0.063 seconds
[2026-02-10T20:23:24.558+0000] {processor.py:161} INFO - Started process (PID=117) to work on /home/airflow/.local/lib/python3.8/site-packages/airflow/example_dags/tutorial_dag.py
[2026-02-10T20:23:24.558+0000] {processor.py:830} INFO - Processing file /home/airflow/.local/lib/python3.8/site-packages/airflow/example_dags/tutorial_dag.py for tasks to queue
[2026-02-10T20:23:24.559+0000] {logging_mixin.py:188} INFO - [2026-02-10T20:23:24.559+0000] {dagbag.py:538} INFO - Filling up the DagBag from /home/airflow/.local/lib/python3.8/site-packages/airflow/example_dags/tutorial_dag.py
[2026-02-10T20:23:24.561+0000] {processor.py:840} INFO - DAG(s) 'tutorial_dag' retrieved from /home/airflow/.local/lib/python3.8/site-packages/airflow/example_dags/tutorial_dag.py
[2026-02-10T20:23:24.594+0000] {logging_mixin.py:188} INFO - [2026-02-10T20:23:24.594+0000] {dag.py:3036} INFO - Sync 1 DAGs
[2026-02-10T20:23:24.597+0000] {logging_mixin.py:188} INFO - [2026-02-10T20:23:24.597+0000] {dag.py:3823} INFO - Setting next_dagrun for tutorial_dag to None, run_after=None
[2026-02-10T20:23:24.607+0000] {processor.py:183} INFO - Processing /home/airflow/.local/lib/python3.8/site-packages/airflow/example_dags/tutorial_dag.py took 0.051 seconds
[2026-02-10T20:23:55.484+0000] {processor.py:161} INFO - Started process (PID=172) to work on /home/airflow/.local/lib/python3.8/site-packages/airflow/example_dags/tutorial_dag.py
[2026-02-10T20:23:55.485+0000] {processor.py:830} INFO - Processing file /home/airflow/.local/lib/python3.8/site-packages/airflow/example_dags/tutorial_dag.py for tasks to queue
[2026-02-10T20:23:55.486+0000] {logging_mixin.py:188} INFO - [2026-02-10T20:23:55.486+0000] {dagbag.py:538} INFO - Filling up the DagBag from /home/airflow/.local/lib/python3.8/site-packages/airflow/example_dags/tutorial_dag.py
[2026-02-10T20:23:55.488+0000] {processor.py:840} INFO - DAG(s) 'tutorial_dag' retrieved from /home/airflow/.local/lib/python3.8/site-packages/airflow/example_dags/tutorial_dag.py
[2026-02-10T20:23:55.497+0000] {logging_mixin.py:188} INFO - [2026-02-10T20:23:55.497+0000] {dag.py:3036} INFO - Sync 1 DAGs
[2026-02-10T20:23:55.502+0000] {logging_mixin.py:188} INFO - [2026-02-10T20:23:55.502+0000] {dag.py:3823} INFO - Setting next_dagrun for tutorial_dag to None, run_after=None
[2026-02-10T20:23:55.511+0000] {processor.py:183} INFO - Processing /home/airflow/.local/lib/python3.8/site-packages/airflow/example_dags/tutorial_dag.py took 0.028 seconds
[2026-02-10T20:24:25.865+0000] {processor.py:161} INFO - Started process (PID=227) to work on /home/airflow/.local/lib/python3.8/site-packages/airflow/example_dags/tutorial_dag.py
[2026-02-10T20:24:25.866+0000] {processor.py:830} INFO - Processing file /home/airflow/.local/lib/python3.8/site-packages/airflow/example_dags/tutorial_dag.py for tasks to queue
[2026-02-10T20:24:25.867+0000] {logging_mixin.py:188} INFO - [2026-02-10T20:24:25.866+0000] {dagbag.py:538} INFO - Filling up the DagBag from /home/airflow/.local/lib/python3.8/site-packages/airflow/example_dags/tutorial_dag.py
[2026-02-10T20:24:25.873+0000] {processor.py:840} INFO - DAG(s) 'tutorial_dag' retrieved from /home/airflow/.local/lib/python3.8/site-packages/airflow/example_dags/tutorial_dag.py
[2026-02-10T20:24:25.885+0000] {logging_mixin.py:188} INFO - [2026-02-10T20:24:25.885+0000] {dag.py:3036} INFO - Sync 1 DAGs
[2026-02-10T20:24:25.890+0000] {logging_mixin.py:188} INFO - [2026-02-10T20:24:25.890+0000] {dag.py:3823} INFO - Setting next_dagrun for tutorial_dag to None, run_after=None
[2026-02-10T20:24:25.899+0000] {processor.py:183} INFO - Processing /home/airflow/.local/lib/python3.8/site-packages/airflow/example_dags/tutorial_dag.py took 0.035 seconds
[2026-02-10T20:24:56.401+0000] {processor.py:161} INFO - Started process (PID=282) to work on /home/airflow/.local/lib/python3.8/site-packages/airflow/example_dags/tutorial_dag.py
[2026-02-10T20:24:56.404+0000] {processor.py:830} INFO - Processing file /home/airflow/.local/lib/python3.8/site-packages/airflow/example_dags/tutorial_dag.py for tasks to queue
[2026-02-10T20:24:56.405+0000] {logging_mixin.py:188} INFO - [2026-02-10T20:24:56.405+0000] {dagbag.py:538} INFO - Filling up the DagBag from /home/airflow/.local/lib/python3.8/site-packages/airflow/example_dags/tutorial_dag.py
[2026-02-10T20:24:56.408+0000] {processor.py:840} INFO - DAG(s) 'tutorial_dag' retrieved from /home/airflow/.local/lib/python3.8/site-packages/airflow/example_dags/tutorial_dag.py
[2026-02-10T20:24:56.419+0000] {logging_mixin.py:188} INFO - [2026-02-10T20:24:56.419+0000] {dag.py:3036} INFO - Sync 1 DAGs
[2026-02-10T20:24:56.425+0000] {logging_mixin.py:188} INFO - [2026-02-10T20:24:56.424+0000] {dag.py:3823} INFO - Setting next_dagrun for tutorial_dag to None, run_after=None
[2026-02-10T20:24:56.433+0000] {processor.py:183} INFO - Processing /home/airflow/.local/lib/python3.8/site-packages/airflow/example_dags/tutorial_dag.py took 0.033 seconds
[2026-02-10T20:25:27.039+0000] {processor.py:161} INFO - Started process (PID=343) to work on /home/airflow/.local/lib/python3.8/site-packages/airflow/example_dags/tutorial_dag.py
[2026-02-10T20:25:27.040+0000] {processor.py:830} INFO - Processing file /home/airflow/.local/lib/python3.8/site-packages/airflow/example_dags/tutorial_dag.py for tasks to queue
[2026-02-10T20:25:27.041+0000] {logging_mixin.py:188} INFO - [2026-02-10T20:25:27.041+0000] {dagbag.py:538} INFO - Filling up the DagBag from /home/airflow/.local/lib/python3.8/site-packages/airflow/example_dags/tutorial_dag.py
[2026-02-10T20:25:27.043+0000] {processor.py:840} INFO - DAG(s) 'tutorial_dag' retrieved from /home/airflow/.local/lib/python3.8/site-packages/airflow/example_dags/tutorial_dag.py
[2026-02-10T20:25:27.052+0000] {logging_mixin.py:188} INFO - [2026-02-10T20:25:27.052+0000] {dag.py:3036} INFO - Sync 1 DAGs
[2026-02-10T20:25:27.057+0000] {logging_mixin.py:188} INFO - [2026-02-10T20:25:27.057+0000] {dag.py:3823} INFO - Setting next_dagrun for tutorial_dag to None, run_after=None
[2026-02-10T20:25:27.069+0000] {processor.py:183} INFO - Processing /home/airflow/.local/lib/python3.8/site-packages/airflow/example_dags/tutorial_dag.py took 0.032 seconds
[2026-02-10T20:25:57.457+0000] {processor.py:161} INFO - Started process (PID=398) to work on /home/airflow/.local/lib/python3.8/site-packages/airflow/example_dags/tutorial_dag.py
[2026-02-10T20:25:57.457+0000] {processor.py:830} INFO - Processing file /home/airflow/.local/lib/python3.8/site-packages/airflow/example_dags/tutorial_dag.py for tasks to queue
[2026-02-10T20:25:57.458+0000] {logging_mixin.py:188} INFO - [2026-02-10T20:25:57.458+0000] {dagbag.py:538} INFO - Filling up the DagBag from /home/airflow/.local/lib/python3.8/site-packages/airflow/example_dags/tutorial_dag.py
[2026-02-10T20:25:57.460+0000] {processor.py:840} INFO - DAG(s) 'tutorial_dag' retrieved from /home/airflow/.local/lib/python3.8/site-packages/airflow/example_dags/tutorial_dag.py
[2026-02-10T20:25:57.467+0000] {logging_mixin.py:188} INFO - [2026-02-10T20:25:57.467+0000] {dag.py:3036} INFO - Sync 1 DAGs
[2026-02-10T20:25:57.471+0000] {logging_mixin.py:188} INFO - [2026-02-10T20:25:57.471+0000] {dag.py:3823} INFO - Setting next_dagrun for tutorial_dag to None, run_after=None
[2026-02-10T20:25:57.479+0000] {processor.py:183} INFO - Processing /home/airflow/.local/lib/python3.8/site-packages/airflow/example_dags/tutorial_dag.py took 0.024 seconds
[2026-02-10T20:26:27.891+0000] {processor.py:161} INFO - Started process (PID=453) to work on /home/airflow/.local/lib/python3.8/site-packages/airflow/example_dags/tutorial_dag.py
[2026-02-10T20:26:27.892+0000] {processor.py:830} INFO - Processing file /home/airflow/.local/lib/python3.8/site-packages/airflow/example_dags/tutorial_dag.py for tasks to queue
[2026-02-10T20:26:27.892+0000] {logging_mixin.py:188} INFO - [2026-02-10T20:26:27.892+0000] {dagbag.py:538} INFO - Filling up the DagBag from /home/airflow/.local/lib/python3.8/site-packages/airflow/example_dags/tutorial_dag.py
[2026-02-10T20:26:27.896+0000] {processor.py:840} INFO - DAG(s) 'tutorial_dag' retrieved from /home/airflow/.local/lib/python3.8/site-packages/airflow/example_dags/tutorial_dag.py
[2026-02-10T20:26:27.907+0000] {logging_mixin.py:188} INFO - [2026-02-10T20:26:27.907+0000] {dag.py:3036} INFO - Sync 1 DAGs
[2026-02-10T20:26:27.912+0000] {logging_mixin.py:188} INFO - [2026-02-10T20:26:27.911+0000] {dag.py:3823} INFO - Setting next_dagrun for tutorial_dag to None, run_after=None
[2026-02-10T20:26:27.921+0000] {processor.py:183} INFO - Processing /home/airflow/.local/lib/python3.8/site-packages/airflow/example_dags/tutorial_dag.py took 0.032 seconds
[2026-02-10T20:26:58.261+0000] {processor.py:161} INFO - Started process (PID=508) to work on /home/airflow/.local/lib/python3.8/site-packages/airflow/example_dags/tutorial_dag.py
[2026-02-10T20:26:58.262+0000] {processor.py:830} INFO - Processing file /home/airflow/.local/lib/python3.8/site-packages/airflow/example_dags/tutorial_dag.py for tasks to queue
[2026-02-10T20:26:58.263+0000] {logging_mixin.py:188} INFO - [2026-02-10T20:26:58.263+0000] {dagbag.py:538} INFO - Filling up the DagBag from /home/airflow/.local/lib/python3.8/site-packages/airflow/example_dags/tutorial_dag.py
[2026-02-10T20:26:58.265+0000] {processor.py:840} INFO - DAG(s) 'tutorial_dag' retrieved from /home/airflow/.local/lib/python3.8/site-packages/airflow/example_dags/tutorial_dag.py
[2026-02-10T20:26:58.276+0000] {logging_mixin.py:188} INFO - [2026-02-10T20:26:58.276+0000] {dag.py:3036} INFO - Sync 1 DAGs
[2026-02-10T20:26:58.281+0000] {logging_mixin.py:188} INFO - [2026-02-10T20:26:58.281+0000] {dag.py:3823} INFO - Setting next_dagrun for tutorial_dag to None, run_after=None
[2026-02-10T20:26:58.287+0000] {processor.py:183} INFO - Processing /home/airflow/.local/lib/python3.8/site-packages/airflow/example_dags/tutorial_dag.py took 0.027 seconds
[2026-02-10T20:27:28.613+0000] {processor.py:161} INFO - Started process (PID=563) to work on /home/airflow/.local/lib/python3.8/site-packages/airflow/example_dags/tutorial_dag.py
[2026-02-10T20:27:28.613+0000] {processor.py:830} INFO - Processing file /home/airflow/.local/lib/python3.8/site-packages/airflow/example_dags/tutorial_dag.py for tasks to queue
[2026-02-10T20:27:28.614+0000] {logging_mixin.py:188} INFO - [2026-02-10T20:27:28.614+0000] {dagbag.py:538} INFO - Filling up the DagBag from /home/airflow/.local/lib/python3.8/site-packages/airflow/example_dags/tutorial_dag.py
[2026-02-10T20:27:28.616+0000] {processor.py:840} INFO - DAG(s) 'tutorial_dag' retrieved from /home/airflow/.local/lib/python3.8/site-packages/airflow/example_dags/tutorial_dag.py
[2026-02-10T20:27:28.628+0000] {logging_mixin.py:188} INFO - [2026-02-10T20:27:28.628+0000] {dag.py:3036} INFO - Sync 1 DAGs
[2026-02-10T20:27:28.633+0000] {logging_mixin.py:188} INFO - [2026-02-10T20:27:28.632+0000] {dag.py:3823} INFO - Setting next_dagrun for tutorial_dag to None, run_after=None
[2026-02-10T20:27:28.641+0000] {processor.py:183} INFO - Processing /home/airflow/.local/lib/python3.8/site-packages/airflow/example_dags/tutorial_dag.py took 0.030 seconds
[2026-02-10T20:27:59.060+0000] {processor.py:161} INFO - Started process (PID=617) to work on /home/airflow/.local/lib/python3.8/site-packages/airflow/example_dags/tutorial_dag.py
[2026-02-10T20:27:59.061+0000] {processor.py:830} INFO - Processing file /home/airflow/.local/lib/python3.8/site-packages/airflow/example_dags/tutorial_dag.py for tasks to queue
[2026-02-10T20:27:59.061+0000] {logging_mixin.py:188} INFO - [2026-02-10T20:27:59.061+0000] {dagbag.py:538} INFO - Filling up the DagBag from /home/airflow/.local/lib/python3.8/site-packages/airflow/example_dags/tutorial_dag.py
[2026-02-10T20:27:59.064+0000] {processor.py:840} INFO - DAG(s) 'tutorial_dag' retrieved from /home/airflow/.local/lib/python3.8/site-packages/airflow/example_dags/tutorial_dag.py
[2026-02-10T20:27:59.072+0000] {logging_mixin.py:188} INFO - [2026-02-10T20:27:59.072+0000] {dag.py:3036} INFO - Sync 1 DAGs
[2026-02-10T20:27:59.077+0000] {logging_mixin.py:188} INFO - [2026-02-10T20:27:59.077+0000] {dag.py:3823} INFO - Setting next_dagrun for tutorial_dag to None, run_after=None
[2026-02-10T20:27:59.086+0000] {processor.py:183} INFO - Processing /home/airflow/.local/lib/python3.8/site-packages/airflow/example_dags/tutorial_dag.py took 0.027 seconds
[2026-02-10T20:28:29.677+0000] {processor.py:161} INFO - Started process (PID=672) to work on /home/airflow/.local/lib/python3.8/site-packages/airflow/example_dags/tutorial_dag.py
[2026-02-10T20:28:29.680+0000] {processor.py:830} INFO - Processing file /home/airflow/.local/lib/python3.8/site-packages/airflow/example_dags/tutorial_dag.py for tasks to queue
[2026-02-10T20:28:29.681+0000] {logging_mixin.py:188} INFO - [2026-02-10T20:28:29.681+0000] {dagbag.py:538} INFO - Filling up the DagBag from /home/airflow/.local/lib/python3.8/site-packages/airflow/example_dags/tutorial_dag.py
[2026-02-10T20:28:29.683+0000] {processor.py:840} INFO - DAG(s) 'tutorial_dag' retrieved from /home/airflow/.local/lib/python3.8/site-packages/airflow/example_dags/tutorial_dag.py
[2026-02-10T20:28:29.695+0000] {logging_mixin.py:188} INFO - [2026-02-10T20:28:29.695+0000] {dag.py:3036} INFO - Sync 1 DAGs
[2026-02-10T20:28:29.700+0000] {logging_mixin.py:188} INFO - [2026-02-10T20:28:29.700+0000] {dag.py:3823} INFO - Setting next_dagrun for tutorial_dag to None, run_after=None
[2026-02-10T20:28:29.709+0000] {processor.py:183} INFO - Processing /home/airflow/.local/lib/python3.8/site-packages/airflow/example_dags/tutorial_dag.py took 0.034 seconds
[2026-02-10T20:29:00.301+0000] {processor.py:161} INFO - Started process (PID=727) to work on /home/airflow/.local/lib/python3.8/site-packages/airflow/example_dags/tutorial_dag.py
[2026-02-10T20:29:00.301+0000] {processor.py:830} INFO - Processing file /home/airflow/.local/lib/python3.8/site-packages/airflow/example_dags/tutorial_dag.py for tasks to queue
[2026-02-10T20:29:00.303+0000] {logging_mixin.py:188} INFO - [2026-02-10T20:29:00.302+0000] {dagbag.py:538} INFO - Filling up the DagBag from /home/airflow/.local/lib/python3.8/site-packages/airflow/example_dags/tutorial_dag.py
[2026-02-10T20:29:00.305+0000] {processor.py:840} INFO - DAG(s) 'tutorial_dag' retrieved from /home/airflow/.local/lib/python3.8/site-packages/airflow/example_dags/tutorial_dag.py
[2026-02-10T20:29:00.313+0000] {logging_mixin.py:188} INFO - [2026-02-10T20:29:00.313+0000] {dag.py:3036} INFO - Sync 1 DAGs
[2026-02-10T20:29:00.317+0000] {logging_mixin.py:188} INFO - [2026-02-10T20:29:00.317+0000] {dag.py:3823} INFO - Setting next_dagrun for tutorial_dag to None, run_after=None
[2026-02-10T20:29:00.327+0000] {processor.py:183} INFO - Processing /home/airflow/.local/lib/python3.8/site-packages/airflow/example_dags/tutorial_dag.py took 0.028 seconds
[2026-02-10T20:29:30.909+0000] {processor.py:161} INFO - Started process (PID=782) to work on /home/airflow/.local/lib/python3.8/site-packages/airflow/example_dags/tutorial_dag.py
[2026-02-10T20:29:30.910+0000] {processor.py:830} INFO - Processing file /home/airflow/.local/lib/python3.8/site-packages/airflow/example_dags/tutorial_dag.py for tasks to queue
[2026-02-10T20:29:30.911+0000] {logging_mixin.py:188} INFO - [2026-02-10T20:29:30.911+0000] {dagbag.py:538} INFO - Filling up the DagBag from /home/airflow/.local/lib/python3.8/site-packages/airflow/example_dags/tutorial_dag.py
[2026-02-10T20:29:30.913+0000] {processor.py:840} INFO - DAG(s) 'tutorial_dag' retrieved from /home/airflow/.local/lib/python3.8/site-packages/airflow/example_dags/tutorial_dag.py
[2026-02-10T20:29:30.924+0000] {logging_mixin.py:188} INFO - [2026-02-10T20:29:30.924+0000] {dag.py:3036} INFO - Sync 1 DAGs
[2026-02-10T20:29:30.929+0000] {logging_mixin.py:188} INFO - [2026-02-10T20:29:30.928+0000] {dag.py:3823} INFO - Setting next_dagrun for tutorial_dag to None, run_after=None
[2026-02-10T20:29:30.937+0000] {processor.py:183} INFO - Processing /home/airflow/.local/lib/python3.8/site-packages/airflow/example_dags/tutorial_dag.py took 0.029 seconds
[2026-02-10T20:30:01.424+0000] {processor.py:161} INFO - Started process (PID=837) to work on /home/airflow/.local/lib/python3.8/site-packages/airflow/example_dags/tutorial_dag.py
[2026-02-10T20:30:01.425+0000] {processor.py:830} INFO - Processing file /home/airflow/.local/lib/python3.8/site-packages/airflow/example_dags/tutorial_dag.py for tasks to queue
[2026-02-10T20:30:01.425+0000] {logging_mixin.py:188} INFO - [2026-02-10T20:30:01.425+0000] {dagbag.py:538} INFO - Filling up the DagBag from /home/airflow/.local/lib/python3.8/site-packages/airflow/example_dags/tutorial_dag.py
[2026-02-10T20:30:01.428+0000] {processor.py:840} INFO - DAG(s) 'tutorial_dag' retrieved from /home/airflow/.local/lib/python3.8/site-packages/airflow/example_dags/tutorial_dag.py
[2026-02-10T20:30:01.435+0000] {logging_mixin.py:188} INFO - [2026-02-10T20:30:01.435+0000] {dag.py:3036} INFO - Sync 1 DAGs
[2026-02-10T20:30:01.443+0000] {logging_mixin.py:188} INFO - [2026-02-10T20:30:01.443+0000] {dag.py:3823} INFO - Setting next_dagrun for tutorial_dag to None, run_after=None
[2026-02-10T20:30:01.454+0000] {processor.py:183} INFO - Processing /home/airflow/.local/lib/python3.8/site-packages/airflow/example_dags/tutorial_dag.py took 0.031 seconds
[2026-02-10T20:30:31.848+0000] {processor.py:161} INFO - Started process (PID=892) to work on /home/airflow/.local/lib/python3.8/site-packages/airflow/example_dags/tutorial_dag.py
[2026-02-10T20:30:31.849+0000] {processor.py:830} INFO - Processing file /home/airflow/.local/lib/python3.8/site-packages/airflow/example_dags/tutorial_dag.py for tasks to queue
[2026-02-10T20:30:31.852+0000] {logging_mixin.py:188} INFO - [2026-02-10T20:30:31.852+0000] {dagbag.py:538} INFO - Filling up the DagBag from /home/airflow/.local/lib/python3.8/site-packages/airflow/example_dags/tutorial_dag.py
[2026-02-10T20:30:31.855+0000] {processor.py:840} INFO - DAG(s) 'tutorial_dag' retrieved from /home/airflow/.local/lib/python3.8/site-packages/airflow/example_dags/tutorial_dag.py
[2026-02-10T20:30:31.866+0000] {logging_mixin.py:188} INFO - [2026-02-10T20:30:31.866+0000] {dag.py:3036} INFO - Sync 1 DAGs
[2026-02-10T20:30:31.871+0000] {logging_mixin.py:188} INFO - [2026-02-10T20:30:31.871+0000] {dag.py:3823} INFO - Setting next_dagrun for tutorial_dag to None, run_after=None
[2026-02-10T20:30:31.877+0000] {processor.py:183} INFO - Processing /home/airflow/.local/lib/python3.8/site-packages/airflow/example_dags/tutorial_dag.py took 0.031 seconds
[2026-02-10T20:31:02.313+0000] {processor.py:161} INFO - Started process (PID=947) to work on /home/airflow/.local/lib/python3.8/site-packages/airflow/example_dags/tutorial_dag.py
[2026-02-10T20:31:02.313+0000] {processor.py:830} INFO - Processing file /home/airflow/.local/lib/python3.8/site-packages/airflow/example_dags/tutorial_dag.py for tasks to queue
[2026-02-10T20:31:02.314+0000] {logging_mixin.py:188} INFO - [2026-02-10T20:31:02.314+0000] {dagbag.py:538} INFO - Filling up the DagBag from /home/airflow/.local/lib/python3.8/site-packages/airflow/example_dags/tutorial_dag.py
[2026-02-10T20:31:02.316+0000] {processor.py:840} INFO - DAG(s) 'tutorial_dag' retrieved from /home/airflow/.local/lib/python3.8/site-packages/airflow/example_dags/tutorial_dag.py
[2026-02-10T20:31:02.328+0000] {logging_mixin.py:188} INFO - [2026-02-10T20:31:02.328+0000] {dag.py:3036} INFO - Sync 1 DAGs
[2026-02-10T20:31:02.332+0000] {logging_mixin.py:188} INFO - [2026-02-10T20:31:02.332+0000] {dag.py:3823} INFO - Setting next_dagrun for tutorial_dag to None, run_after=None
[2026-02-10T20:31:02.342+0000] {processor.py:183} INFO - Processing /home/airflow/.local/lib/python3.8/site-packages/airflow/example_dags/tutorial_dag.py took 0.031 seconds
[2026-02-10T20:31:32.669+0000] {processor.py:161} INFO - Started process (PID=1002) to work on /home/airflow/.local/lib/python3.8/site-packages/airflow/example_dags/tutorial_dag.py
[2026-02-10T20:31:32.672+0000] {processor.py:830} INFO - Processing file /home/airflow/.local/lib/python3.8/site-packages/airflow/example_dags/tutorial_dag.py for tasks to queue
[2026-02-10T20:31:32.672+0000] {logging_mixin.py:188} INFO - [2026-02-10T20:31:32.672+0000] {dagbag.py:538} INFO - Filling up the DagBag from /home/airflow/.local/lib/python3.8/site-packages/airflow/example_dags/tutorial_dag.py
[2026-02-10T20:31:32.675+0000] {processor.py:840} INFO - DAG(s) 'tutorial_dag' retrieved from /home/airflow/.local/lib/python3.8/site-packages/airflow/example_dags/tutorial_dag.py
[2026-02-10T20:31:32.683+0000] {logging_mixin.py:188} INFO - [2026-02-10T20:31:32.683+0000] {dag.py:3036} INFO - Sync 1 DAGs
[2026-02-10T20:31:32.687+0000] {logging_mixin.py:188} INFO - [2026-02-10T20:31:32.687+0000] {dag.py:3823} INFO - Setting next_dagrun for tutorial_dag to None, run_after=None
[2026-02-10T20:31:32.693+0000] {processor.py:183} INFO - Processing /home/airflow/.local/lib/python3.8/site-packages/airflow/example_dags/tutorial_dag.py took 0.025 seconds
[2026-02-10T20:32:03.093+0000] {processor.py:161} INFO - Started process (PID=1057) to work on /home/airflow/.local/lib/python3.8/site-packages/airflow/example_dags/tutorial_dag.py
[2026-02-10T20:32:03.094+0000] {processor.py:830} INFO - Processing file /home/airflow/.local/lib/python3.8/site-packages/airflow/example_dags/tutorial_dag.py for tasks to queue
[2026-02-10T20:32:03.094+0000] {logging_mixin.py:188} INFO - [2026-02-10T20:32:03.094+0000] {dagbag.py:538} INFO - Filling up the DagBag from /home/airflow/.local/lib/python3.8/site-packages/airflow/example_dags/tutorial_dag.py
[2026-02-10T20:32:03.096+0000] {processor.py:840} INFO - DAG(s) 'tutorial_dag' retrieved from /home/airflow/.local/lib/python3.8/site-packages/airflow/example_dags/tutorial_dag.py
[2026-02-10T20:32:03.103+0000] {logging_mixin.py:188} INFO - [2026-02-10T20:32:03.103+0000] {dag.py:3036} INFO - Sync 1 DAGs
[2026-02-10T20:32:03.107+0000] {logging_mixin.py:188} INFO - [2026-02-10T20:32:03.107+0000] {dag.py:3823} INFO - Setting next_dagrun for tutorial_dag to None, run_after=None
[2026-02-10T20:32:03.112+0000] {processor.py:183} INFO - Processing /home/airflow/.local/lib/python3.8/site-packages/airflow/example_dags/tutorial_dag.py took 0.020 seconds
[2026-02-10T20:32:33.408+0000] {processor.py:161} INFO - Started process (PID=1112) to work on /home/airflow/.local/lib/python3.8/site-packages/airflow/example_dags/tutorial_dag.py
[2026-02-10T20:32:33.409+0000] {processor.py:830} INFO - Processing file /home/airflow/.local/lib/python3.8/site-packages/airflow/example_dags/tutorial_dag.py for tasks to queue
[2026-02-10T20:32:33.410+0000] {logging_mixin.py:188} INFO - [2026-02-10T20:32:33.410+0000] {dagbag.py:538} INFO - Filling up the DagBag from /home/airflow/.local/lib/python3.8/site-packages/airflow/example_dags/tutorial_dag.py
[2026-02-10T20:32:33.412+0000] {processor.py:840} INFO - DAG(s) 'tutorial_dag' retrieved from /home/airflow/.local/lib/python3.8/site-packages/airflow/example_dags/tutorial_dag.py
[2026-02-10T20:32:33.420+0000] {logging_mixin.py:188} INFO - [2026-02-10T20:32:33.420+0000] {dag.py:3036} INFO - Sync 1 DAGs
[2026-02-10T20:32:33.424+0000] {logging_mixin.py:188} INFO - [2026-02-10T20:32:33.424+0000] {dag.py:3823} INFO - Setting next_dagrun for tutorial_dag to None, run_after=None
[2026-02-10T20:32:33.431+0000] {processor.py:183} INFO - Processing /home/airflow/.local/lib/python3.8/site-packages/airflow/example_dags/tutorial_dag.py took 0.024 seconds
[2026-02-10T20:33:03.979+0000] {processor.py:161} INFO - Started process (PID=1168) to work on /home/airflow/.local/lib/python3.8/site-packages/airflow/example_dags/tutorial_dag.py
[2026-02-10T20:33:03.979+0000] {processor.py:830} INFO - Processing file /home/airflow/.local/lib/python3.8/site-packages/airflow/example_dags/tutorial_dag.py for tasks to queue
[2026-02-10T20:33:03.980+0000] {logging_mixin.py:188} INFO - [2026-02-10T20:33:03.980+0000] {dagbag.py:538} INFO - Filling up the DagBag from /home/airflow/.local/lib/python3.8/site-packages/airflow/example_dags/tutorial_dag.py
[2026-02-10T20:33:03.982+0000] {processor.py:840} INFO - DAG(s) 'tutorial_dag' retrieved from /home/airflow/.local/lib/python3.8/site-packages/airflow/example_dags/tutorial_dag.py
[2026-02-10T20:33:03.991+0000] {logging_mixin.py:188} INFO - [2026-02-10T20:33:03.991+0000] {dag.py:3036} INFO - Sync 1 DAGs
[2026-02-10T20:33:03.996+0000] {logging_mixin.py:188} INFO - [2026-02-10T20:33:03.996+0000] {dag.py:3823} INFO - Setting next_dagrun for tutorial_dag to None, run_after=None
[2026-02-10T20:33:04.002+0000] {processor.py:183} INFO - Processing /home/airflow/.local/lib/python3.8/site-packages/airflow/example_dags/tutorial_dag.py took 0.024 seconds
[2026-02-10T20:33:34.373+0000] {processor.py:161} INFO - Started process (PID=1224) to work on /home/airflow/.local/lib/python3.8/site-packages/airflow/example_dags/tutorial_dag.py
[2026-02-10T20:33:34.374+0000] {processor.py:830} INFO - Processing file /home/airflow/.local/lib/python3.8/site-packages/airflow/example_dags/tutorial_dag.py for tasks to queue
[2026-02-10T20:33:34.375+0000] {logging_mixin.py:188} INFO - [2026-02-10T20:33:34.375+0000] {dagbag.py:538} INFO - Filling up the DagBag from /home/airflow/.local/lib/python3.8/site-packages/airflow/example_dags/tutorial_dag.py
[2026-02-10T20:33:34.377+0000] {processor.py:840} INFO - DAG(s) 'tutorial_dag' retrieved from /home/airflow/.local/lib/python3.8/site-packages/airflow/example_dags/tutorial_dag.py
[2026-02-10T20:33:34.386+0000] {logging_mixin.py:188} INFO - [2026-02-10T20:33:34.385+0000] {dag.py:3036} INFO - Sync 1 DAGs
[2026-02-10T20:33:34.391+0000] {logging_mixin.py:188} INFO - [2026-02-10T20:33:34.390+0000] {dag.py:3823} INFO - Setting next_dagrun for tutorial_dag to None, run_after=None
[2026-02-10T20:33:34.398+0000] {processor.py:183} INFO - Processing /home/airflow/.local/lib/python3.8/site-packages/airflow/example_dags/tutorial_dag.py took 0.026 seconds
[2026-02-10T20:34:04.772+0000] {processor.py:161} INFO - Started process (PID=1280) to work on /home/airflow/.local/lib/python3.8/site-packages/airflow/example_dags/tutorial_dag.py
[2026-02-10T20:34:04.772+0000] {processor.py:830} INFO - Processing file /home/airflow/.local/lib/python3.8/site-packages/airflow/example_dags/tutorial_dag.py for tasks to queue
[2026-02-10T20:34:04.773+0000] {logging_mixin.py:188} INFO - [2026-02-10T20:34:04.773+0000] {dagbag.py:538} INFO - Filling up the DagBag from /home/airflow/.local/lib/python3.8/site-packages/airflow/example_dags/tutorial_dag.py
[2026-02-10T20:34:04.778+0000] {processor.py:840} INFO - DAG(s) 'tutorial_dag' retrieved from /home/airflow/.local/lib/python3.8/site-packages/airflow/example_dags/tutorial_dag.py
[2026-02-10T20:34:04.786+0000] {logging_mixin.py:188} INFO - [2026-02-10T20:34:04.786+0000] {dag.py:3036} INFO - Sync 1 DAGs
[2026-02-10T20:34:04.791+0000] {logging_mixin.py:188} INFO - [2026-02-10T20:34:04.791+0000] {dag.py:3823} INFO - Setting next_dagrun for tutorial_dag to None, run_after=None
[2026-02-10T20:34:04.800+0000] {processor.py:183} INFO - Processing /home/airflow/.local/lib/python3.8/site-packages/airflow/example_dags/tutorial_dag.py took 0.030 seconds
