[2026-02-11T00:03:06.181+0000] {taskinstance.py:1956} INFO - Dependencies all met for dep_context=non-requeueable deps ti=<TaskInstance: Airflow_Lab2_Flask.start_flask_api manual__2026-02-11T00:03:05.296256+00:00 [queued]>
[2026-02-11T00:03:06.184+0000] {taskinstance.py:1956} INFO - Dependencies all met for dep_context=requeueable deps ti=<TaskInstance: Airflow_Lab2_Flask.start_flask_api manual__2026-02-11T00:03:05.296256+00:00 [queued]>
[2026-02-11T00:03:06.184+0000] {taskinstance.py:2170} INFO - Starting attempt 1 of 1
[2026-02-11T00:03:06.188+0000] {taskinstance.py:2191} INFO - Executing <Task(PythonOperator): start_flask_api> on 2026-02-11 00:03:05.296256+00:00
[2026-02-11T00:03:06.190+0000] {standard_task_runner.py:60} INFO - Started process 161 to run task
[2026-02-11T00:03:06.192+0000] {standard_task_runner.py:87} INFO - Running: ['***', 'tasks', 'run', 'Airflow_Lab2_Flask', 'start_flask_api', 'manual__2026-02-11T00:03:05.296256+00:00', '--job-id', '47', '--raw', '--subdir', 'DAGS_FOLDER/***_lab2_flask.py', '--cfg-path', '/tmp/tmp97n5v7ay']
[2026-02-11T00:03:06.192+0000] {standard_task_runner.py:88} INFO - Job 47: Subtask start_flask_api
[2026-02-11T00:03:06.210+0000] {task_command.py:423} INFO - Running <TaskInstance: Airflow_Lab2_Flask.start_flask_api manual__2026-02-11T00:03:05.296256+00:00 [running]> on host 7cd5265a8e53
[2026-02-11T00:03:06.232+0000] {taskinstance.py:2480} INFO - Exporting env vars: AIRFLOW_CTX_DAG_OWNER='dhruv' AIRFLOW_CTX_DAG_ID='Airflow_Lab2_Flask' AIRFLOW_CTX_TASK_ID='start_flask_api' AIRFLOW_CTX_EXECUTION_DATE='2026-02-11T00:03:05.296256+00:00' AIRFLOW_CTX_TRY_NUMBER='1' AIRFLOW_CTX_DAG_RUN_ID='manual__2026-02-11T00:03:05.296256+00:00'
[2026-02-11T00:03:06.233+0000] {logging_mixin.py:188} INFO - Starting Flask server on port 5001...
[2026-02-11T00:03:06.233+0000] {logging_mixin.py:188} INFO - Access the API at: http://localhost:5001/api
[2026-02-11T00:03:06.233+0000] {logging_mixin.py:188} INFO - Flask server started successfully!
[2026-02-11T00:03:06.234+0000] {logging_mixin.py:188} INFO - Visit http://localhost:5001/api to check pipeline status
[2026-02-11T00:03:06.240+0000] {logging_mixin.py:188} INFO -  * Serving Flask app 'unusual_prefix_cfb3f0cfbb71061060e8d0f15e470db38587132a_***_lab2_flask'
[2026-02-11T00:03:06.240+0000] {logging_mixin.py:188} INFO -  * Debug mode: off
[2026-02-11T00:03:06.241+0000] {_internal.py:224} INFO - [31m[1mWARNING: This is a development server. Do not use it in a production deployment. Use a production WSGI server instead.[0m
 * Running on all addresses (0.0.0.0)
 * Running on http://127.0.0.1:5001
 * Running on http://172.19.0.5:5001
[2026-02-11T00:03:06.241+0000] {_internal.py:224} INFO - [33mPress CTRL+C to quit[0m
