[2026-02-11T00:57:05.387+0000] {taskinstance.py:1956} INFO - Dependencies all met for dep_context=non-requeueable deps ti=<TaskInstance: Airflow_Lab2.load_model manual__2026-02-11T00:56:54.928289+00:00 [queued]>
[2026-02-11T00:57:05.390+0000] {taskinstance.py:1956} INFO - Dependencies all met for dep_context=requeueable deps ti=<TaskInstance: Airflow_Lab2.load_model manual__2026-02-11T00:56:54.928289+00:00 [queued]>
[2026-02-11T00:57:05.390+0000] {taskinstance.py:2170} INFO - Starting attempt 1 of 1
[2026-02-11T00:57:05.394+0000] {taskinstance.py:2191} INFO - Executing <Task(PythonOperator): load_model> on 2026-02-11 00:56:54.928289+00:00
[2026-02-11T00:57:05.396+0000] {standard_task_runner.py:60} INFO - Started process 797 to run task
[2026-02-11T00:57:05.398+0000] {standard_task_runner.py:87} INFO - Running: ['***', 'tasks', 'run', 'Airflow_Lab2', 'load_model', 'manual__2026-02-11T00:56:54.928289+00:00', '--job-id', '118', '--raw', '--subdir', 'DAGS_FOLDER/***_lab2.py', '--cfg-path', '/tmp/tmpco7w79lk']
[2026-02-11T00:57:05.399+0000] {standard_task_runner.py:88} INFO - Job 118: Subtask load_model
[2026-02-11T00:57:05.413+0000] {task_command.py:423} INFO - Running <TaskInstance: Airflow_Lab2.load_model manual__2026-02-11T00:56:54.928289+00:00 [running]> on host b6f148865f36
[2026-02-11T00:57:05.437+0000] {taskinstance.py:2480} INFO - Exporting env vars: AIRFLOW_CTX_DAG_OWNER='dhruv' AIRFLOW_CTX_DAG_ID='Airflow_Lab2' AIRFLOW_CTX_TASK_ID='load_model' AIRFLOW_CTX_EXECUTION_DATE='2026-02-11T00:56:54.928289+00:00' AIRFLOW_CTX_TRY_NUMBER='1' AIRFLOW_CTX_DAG_RUN_ID='manual__2026-02-11T00:56:54.928289+00:00'
[2026-02-11T00:57:05.438+0000] {logging_mixin.py:188} INFO - Loading model and finding optimal clusters...
[2026-02-11T00:57:05.438+0000] {logging_mixin.py:188} INFO - Model loaded from /opt/***/working_data/model_lab2.pkl
[2026-02-11T00:57:05.439+0000] {logging_mixin.py:188} INFO - Model has 3 clusters
[2026-02-11T00:57:05.439+0000] {logging_mixin.py:188} INFO - 
Optimal number of clusters (Elbow Method): 3
[2026-02-11T00:57:05.439+0000] {logging_mixin.py:188} INFO - SSE values: [59.99999999999999, 18.102586147087393, 10.258257513497604, 7.515245048460385, 5.404618409187224, 2.8624911268410655, 1.861419865220772, 1.3008852622620917, 0.9498078926005455, 0.6286053297374432]
[2026-02-11T00:57:05.439+0000] {logging_mixin.py:188} INFO - 
Result: {'optimal_k': 3, 'sse_values': [59.99999999999999, 18.102586147087393, 10.258257513497604, 7.515245048460385, 5.404618409187224, 2.8624911268410655, 1.861419865220772, 1.3008852622620917, 0.9498078926005455, 0.6286053297374432], 'model_clusters': 3}
[2026-02-11T00:57:05.439+0000] {python.py:201} INFO - Done. Returned value was: {'optimal_k': 3, 'sse_values': [59.99999999999999, 18.102586147087393, 10.258257513497604, 7.515245048460385, 5.404618409187224, 2.8624911268410655, 1.861419865220772, 1.3008852622620917, 0.9498078926005455, 0.6286053297374432], 'model_clusters': 3}
[2026-02-11T00:57:05.445+0000] {taskinstance.py:1138} INFO - Marking task as SUCCESS. dag_id=Airflow_Lab2, task_id=load_model, execution_date=20260211T005654, start_date=20260211T005705, end_date=20260211T005705
[2026-02-11T00:57:05.447+0000] {warnings.py:109} WARNING - /home/***/.local/lib/python3.8/site-packages/***/utils/email.py:154: RemovedInAirflow3Warning: Fetching SMTP credentials from configuration variables will be deprecated in a future release. Please set credentials using a connection instead.
  send_mime_email(e_from=mail_from, e_to=recipients, mime_msg=msg, conn_id=conn_id, dryrun=dryrun)

[2026-02-11T00:57:05.447+0000] {email.py:270} INFO - Email alerting: attempt 1
[2026-02-11T00:57:05.855+0000] {email.py:281} INFO - Sent an alert email to ['tishapatel133@gmail.com']
[2026-02-11T00:57:06.517+0000] {local_task_job_runner.py:234} INFO - Task exited with return code 0
[2026-02-11T00:57:06.535+0000] {taskinstance.py:3280} INFO - 1 downstream tasks scheduled from follow-on schedule check
