[2026-02-11T00:37:56.886+0000] {taskinstance.py:1956} INFO - Dependencies all met for dep_context=non-requeueable deps ti=<TaskInstance: Airflow_Lab2_Flask.start_flask_api manual__2026-02-11T00:37:56.194297+00:00 [queued]>
[2026-02-11T00:37:56.890+0000] {taskinstance.py:1956} INFO - Dependencies all met for dep_context=requeueable deps ti=<TaskInstance: Airflow_Lab2_Flask.start_flask_api manual__2026-02-11T00:37:56.194297+00:00 [queued]>
[2026-02-11T00:37:56.890+0000] {taskinstance.py:2170} INFO - Starting attempt 1 of 1
[2026-02-11T00:37:56.894+0000] {taskinstance.py:2191} INFO - Executing <Task(PythonOperator): start_flask_api> on 2026-02-11 00:37:56.194297+00:00
[2026-02-11T00:37:56.896+0000] {standard_task_runner.py:60} INFO - Started process 269 to run task
[2026-02-11T00:37:56.898+0000] {standard_task_runner.py:87} INFO - Running: ['***', 'tasks', 'run', 'Airflow_Lab2_Flask', 'start_flask_api', 'manual__2026-02-11T00:37:56.194297+00:00', '--job-id', '103', '--raw', '--subdir', 'DAGS_FOLDER/***_lab2_flask.py', '--cfg-path', '/tmp/tmpgx4hr6el']
[2026-02-11T00:37:56.898+0000] {standard_task_runner.py:88} INFO - Job 103: Subtask start_flask_api
[2026-02-11T00:37:56.922+0000] {task_command.py:423} INFO - Running <TaskInstance: Airflow_Lab2_Flask.start_flask_api manual__2026-02-11T00:37:56.194297+00:00 [running]> on host b6f148865f36
[2026-02-11T00:37:56.955+0000] {taskinstance.py:2480} INFO - Exporting env vars: AIRFLOW_CTX_DAG_OWNER='dhruv' AIRFLOW_CTX_DAG_ID='Airflow_Lab2_Flask' AIRFLOW_CTX_TASK_ID='start_flask_api' AIRFLOW_CTX_EXECUTION_DATE='2026-02-11T00:37:56.194297+00:00' AIRFLOW_CTX_TRY_NUMBER='1' AIRFLOW_CTX_DAG_RUN_ID='manual__2026-02-11T00:37:56.194297+00:00'
[2026-02-11T00:37:56.956+0000] {logging_mixin.py:188} INFO - Starting Flask server on port 5002...
[2026-02-11T00:37:56.956+0000] {logging_mixin.py:188} INFO - Access the API at: http://localhost:2/api
[2026-02-11T00:37:56.957+0000] {logging_mixin.py:188} INFO - Flask server started successfully!
[2026-02-11T00:37:56.957+0000] {logging_mixin.py:188} INFO - Visit http://localhost:5002/api to check pipeline status
[2026-02-11T00:37:56.960+0000] {logging_mixin.py:188} INFO -  * Serving Flask app 'unusual_prefix_cfb3f0cfbb71061060e8d0f15e470db38587132a_***_lab2_flask'
[2026-02-11T00:37:56.960+0000] {logging_mixin.py:188} INFO -  * Debug mode: off
[2026-02-11T00:37:56.961+0000] {logging_mixin.py:188} WARNING - Address already in use
[2026-02-11T00:37:56.961+0000] {logging_mixin.py:188} WARNING - Port 5002 is in use by another program. Either identify and stop that program, or start the server with a different port.
[2026-02-11T00:42:57.058+0000] {python.py:201} INFO - Done. Returned value was: None
[2026-02-11T00:42:57.082+0000] {taskinstance.py:1138} INFO - Marking task as SUCCESS. dag_id=Airflow_Lab2_Flask, task_id=start_flask_api, execution_date=20260211T003756, start_date=20260211T003756, end_date=20260211T004257
[2026-02-11T00:42:57.108+0000] {local_task_job_runner.py:234} INFO - Task exited with return code 0
[2026-02-11T00:42:57.121+0000] {taskinstance.py:3280} INFO - 0 downstream tasks scheduled from follow-on schedule check
