[2026-02-11T00:03:04.362+0000] {taskinstance.py:1956} INFO - Dependencies all met for dep_context=non-requeueable deps ti=<TaskInstance: Airflow_Lab2.send_start_email manual__2026-02-11T00:03:01.324408+00:00 [queued]>
[2026-02-11T00:03:04.364+0000] {taskinstance.py:1956} INFO - Dependencies all met for dep_context=requeueable deps ti=<TaskInstance: Airflow_Lab2.send_start_email manual__2026-02-11T00:03:01.324408+00:00 [queued]>
[2026-02-11T00:03:04.365+0000] {taskinstance.py:2170} INFO - Starting attempt 1 of 1
[2026-02-11T00:03:04.369+0000] {taskinstance.py:2191} INFO - Executing <Task(EmailOperator): send_start_email> on 2026-02-11 00:03:01.324408+00:00
[2026-02-11T00:03:04.372+0000] {standard_task_runner.py:60} INFO - Started process 159 to run task
[2026-02-11T00:03:04.374+0000] {standard_task_runner.py:87} INFO - Running: ['***', 'tasks', 'run', 'Airflow_Lab2', 'send_start_email', 'manual__2026-02-11T00:03:01.324408+00:00', '--job-id', '46', '--raw', '--subdir', 'DAGS_FOLDER/***_lab2.py', '--cfg-path', '/tmp/tmpisw4mblo']
[2026-02-11T00:03:04.377+0000] {standard_task_runner.py:88} INFO - Job 46: Subtask send_start_email
[2026-02-11T00:03:04.398+0000] {task_command.py:423} INFO - Running <TaskInstance: Airflow_Lab2.send_start_email manual__2026-02-11T00:03:01.324408+00:00 [running]> on host 7cd5265a8e53
[2026-02-11T00:03:04.418+0000] {warnings.py:109} WARNING - /home/***/.local/lib/python3.8/site-packages/***/utils/context.py:207: AirflowContextDeprecationWarning: Accessing 'execution_date' from the template is deprecated and will be removed in a future version. Please use 'data_interval_start' or 'logical_date' instead.
  warnings.warn(_create_deprecation_warning(key, self._deprecation_replacements[key]))

[2026-02-11T00:03:04.434+0000] {taskinstance.py:2480} INFO - Exporting env vars: AIRFLOW_CTX_DAG_OWNER='dhruv' AIRFLOW_CTX_DAG_ID='Airflow_Lab2' AIRFLOW_CTX_TASK_ID='send_start_email' AIRFLOW_CTX_EXECUTION_DATE='2026-02-11T00:03:01.324408+00:00' AIRFLOW_CTX_TRY_NUMBER='1' AIRFLOW_CTX_DAG_RUN_ID='manual__2026-02-11T00:03:01.324408+00:00'
[2026-02-11T00:03:04.439+0000] {warnings.py:109} WARNING - /home/***/.local/lib/python3.8/site-packages/***/utils/email.py:154: RemovedInAirflow3Warning: Fetching SMTP credentials from configuration variables will be deprecated in a future release. Please set credentials using a connection instead.
  send_mime_email(e_from=mail_from, e_to=recipients, mime_msg=msg, conn_id=conn_id, dryrun=dryrun)

[2026-02-11T00:03:04.439+0000] {configuration.py:1046} WARNING - section/key [smtp/smtp_user] not found in config
[2026-02-11T00:03:04.439+0000] {email.py:270} INFO - Email alerting: attempt 1
[2026-02-11T00:03:04.440+0000] {taskinstance.py:2698} ERROR - Task failed with exception
Traceback (most recent call last):
  File "/home/airflow/.local/lib/python3.8/site-packages/airflow/models/taskinstance.py", line 433, in _execute_task
    result = execute_callable(context=context, **execute_callable_kwargs)
  File "/home/airflow/.local/lib/python3.8/site-packages/airflow/operators/email.py", line 79, in execute
    send_email(
  File "/home/airflow/.local/lib/python3.8/site-packages/airflow/utils/email.py", line 80, in send_email
    return backend(
  File "/home/airflow/.local/lib/python3.8/site-packages/airflow/utils/email.py", line 154, in send_email_smtp
    send_mime_email(e_from=mail_from, e_to=recipients, mime_msg=msg, conn_id=conn_id, dryrun=dryrun)
  File "/home/airflow/.local/lib/python3.8/site-packages/airflow/utils/email.py", line 272, in send_mime_email
    smtp_conn = _get_smtp_connection(smtp_host, smtp_port, smtp_timeout, smtp_ssl)
  File "/home/airflow/.local/lib/python3.8/site-packages/airflow/utils/email.py", line 316, in _get_smtp_connection
    return smtplib.SMTP(host=host, port=port, timeout=timeout)
  File "/usr/local/lib/python3.8/smtplib.py", line 255, in __init__
    (code, msg) = self.connect(host, port)
  File "/usr/local/lib/python3.8/smtplib.py", line 339, in connect
    self.sock = self._get_socket(host, port, self.timeout)
  File "/usr/local/lib/python3.8/smtplib.py", line 310, in _get_socket
    return socket.create_connection((host, port), timeout,
  File "/usr/local/lib/python3.8/socket.py", line 808, in create_connection
    raise err
  File "/usr/local/lib/python3.8/socket.py", line 796, in create_connection
    sock.connect(sa)
ConnectionRefusedError: [Errno 111] Connection refused
[2026-02-11T00:03:04.443+0000] {taskinstance.py:1138} INFO - Marking task as FAILED. dag_id=Airflow_Lab2, task_id=send_start_email, execution_date=20260211T000301, start_date=20260211T000304, end_date=20260211T000304
[2026-02-11T00:03:04.448+0000] {standard_task_runner.py:107} ERROR - Failed to execute job 46 for task send_start_email ([Errno 111] Connection refused; 159)
[2026-02-11T00:03:04.473+0000] {local_task_job_runner.py:234} INFO - Task exited with return code 1
[2026-02-11T00:03:04.490+0000] {taskinstance.py:3280} INFO - 0 downstream tasks scheduled from follow-on schedule check
