[2026-03-14T14:54:50.364+0000] {processor.py:161} INFO - Started process (PID=60) to work on /opt/airflow/dags/airflow_lab2_flask.py
[2026-03-14T14:54:50.376+0000] {processor.py:830} INFO - Processing file /opt/airflow/dags/airflow_lab2_flask.py for tasks to queue
[2026-03-14T14:54:50.381+0000] {logging_mixin.py:188} INFO - [2026-03-14T14:54:50.381+0000] {dagbag.py:538} INFO - Filling up the DagBag from /opt/airflow/dags/airflow_lab2_flask.py
[2026-03-14T14:54:50.396+0000] {processor.py:840} INFO - DAG(s) 'Airflow_Lab2_Flask' retrieved from /opt/airflow/dags/airflow_lab2_flask.py
[2026-03-14T14:54:50.428+0000] {logging_mixin.py:188} INFO - [2026-03-14T14:54:50.428+0000] {dag.py:3036} INFO - Sync 1 DAGs
[2026-03-14T14:54:50.437+0000] {logging_mixin.py:188} INFO - [2026-03-14T14:54:50.437+0000] {dag.py:3823} INFO - Setting next_dagrun for Airflow_Lab2_Flask to None, run_after=None
[2026-03-14T14:54:50.456+0000] {processor.py:183} INFO - Processing /opt/airflow/dags/airflow_lab2_flask.py took 0.094 seconds
[2026-03-14T14:55:20.972+0000] {processor.py:161} INFO - Started process (PID=120) to work on /opt/airflow/dags/airflow_lab2_flask.py
[2026-03-14T14:55:20.974+0000] {processor.py:830} INFO - Processing file /opt/airflow/dags/airflow_lab2_flask.py for tasks to queue
[2026-03-14T14:55:20.977+0000] {logging_mixin.py:188} INFO - [2026-03-14T14:55:20.977+0000] {dagbag.py:538} INFO - Filling up the DagBag from /opt/airflow/dags/airflow_lab2_flask.py
[2026-03-14T14:55:20.994+0000] {processor.py:840} INFO - DAG(s) 'Airflow_Lab2_Flask' retrieved from /opt/airflow/dags/airflow_lab2_flask.py
[2026-03-14T14:55:21.008+0000] {logging_mixin.py:188} INFO - [2026-03-14T14:55:21.008+0000] {dag.py:3036} INFO - Sync 1 DAGs
[2026-03-14T14:55:21.017+0000] {logging_mixin.py:188} INFO - [2026-03-14T14:55:21.017+0000] {dag.py:3823} INFO - Setting next_dagrun for Airflow_Lab2_Flask to None, run_after=None
[2026-03-14T14:55:21.029+0000] {processor.py:183} INFO - Processing /opt/airflow/dags/airflow_lab2_flask.py took 0.062 seconds
[2026-03-14T14:55:51.851+0000] {processor.py:161} INFO - Started process (PID=151) to work on /opt/airflow/dags/airflow_lab2_flask.py
[2026-03-14T14:55:51.852+0000] {processor.py:830} INFO - Processing file /opt/airflow/dags/airflow_lab2_flask.py for tasks to queue
[2026-03-14T14:55:51.854+0000] {logging_mixin.py:188} INFO - [2026-03-14T14:55:51.854+0000] {dagbag.py:538} INFO - Filling up the DagBag from /opt/airflow/dags/airflow_lab2_flask.py
[2026-03-14T14:55:51.867+0000] {processor.py:840} INFO - DAG(s) 'Airflow_Lab2_Flask' retrieved from /opt/airflow/dags/airflow_lab2_flask.py
[2026-03-14T14:55:51.880+0000] {logging_mixin.py:188} INFO - [2026-03-14T14:55:51.879+0000] {dag.py:3036} INFO - Sync 1 DAGs
[2026-03-14T14:55:51.887+0000] {logging_mixin.py:188} INFO - [2026-03-14T14:55:51.887+0000] {dag.py:3823} INFO - Setting next_dagrun for Airflow_Lab2_Flask to None, run_after=None
[2026-03-14T14:55:51.899+0000] {processor.py:183} INFO - Processing /opt/airflow/dags/airflow_lab2_flask.py took 0.053 seconds
[2026-03-14T14:56:22.711+0000] {processor.py:161} INFO - Started process (PID=188) to work on /opt/airflow/dags/airflow_lab2_flask.py
[2026-03-14T14:56:22.713+0000] {processor.py:830} INFO - Processing file /opt/airflow/dags/airflow_lab2_flask.py for tasks to queue
[2026-03-14T14:56:22.714+0000] {logging_mixin.py:188} INFO - [2026-03-14T14:56:22.714+0000] {dagbag.py:538} INFO - Filling up the DagBag from /opt/airflow/dags/airflow_lab2_flask.py
[2026-03-14T14:56:22.729+0000] {processor.py:840} INFO - DAG(s) 'Airflow_Lab2_Flask' retrieved from /opt/airflow/dags/airflow_lab2_flask.py
[2026-03-14T14:56:22.741+0000] {logging_mixin.py:188} INFO - [2026-03-14T14:56:22.741+0000] {dag.py:3036} INFO - Sync 1 DAGs
[2026-03-14T14:56:22.747+0000] {logging_mixin.py:188} INFO - [2026-03-14T14:56:22.746+0000] {dag.py:3823} INFO - Setting next_dagrun for Airflow_Lab2_Flask to None, run_after=None
[2026-03-14T14:56:22.757+0000] {processor.py:183} INFO - Processing /opt/airflow/dags/airflow_lab2_flask.py took 0.050 seconds
[2026-03-14T14:56:53.471+0000] {processor.py:161} INFO - Started process (PID=219) to work on /opt/airflow/dags/airflow_lab2_flask.py
[2026-03-14T14:56:53.474+0000] {processor.py:830} INFO - Processing file /opt/airflow/dags/airflow_lab2_flask.py for tasks to queue
[2026-03-14T14:56:53.478+0000] {logging_mixin.py:188} INFO - [2026-03-14T14:56:53.476+0000] {dagbag.py:538} INFO - Filling up the DagBag from /opt/airflow/dags/airflow_lab2_flask.py
[2026-03-14T14:56:53.498+0000] {processor.py:840} INFO - DAG(s) 'Airflow_Lab2_Flask' retrieved from /opt/airflow/dags/airflow_lab2_flask.py
[2026-03-14T14:56:53.528+0000] {logging_mixin.py:188} INFO - [2026-03-14T14:56:53.528+0000] {dag.py:3036} INFO - Sync 1 DAGs
[2026-03-14T14:56:53.543+0000] {logging_mixin.py:188} INFO - [2026-03-14T14:56:53.540+0000] {dag.py:3823} INFO - Setting next_dagrun for Airflow_Lab2_Flask to None, run_after=None
[2026-03-14T14:56:53.581+0000] {processor.py:183} INFO - Processing /opt/airflow/dags/airflow_lab2_flask.py took 0.118 seconds
[2026-03-14T14:57:24.354+0000] {processor.py:161} INFO - Started process (PID=250) to work on /opt/airflow/dags/airflow_lab2_flask.py
[2026-03-14T14:57:24.355+0000] {processor.py:830} INFO - Processing file /opt/airflow/dags/airflow_lab2_flask.py for tasks to queue
[2026-03-14T14:57:24.357+0000] {logging_mixin.py:188} INFO - [2026-03-14T14:57:24.357+0000] {dagbag.py:538} INFO - Filling up the DagBag from /opt/airflow/dags/airflow_lab2_flask.py
[2026-03-14T14:57:24.371+0000] {processor.py:840} INFO - DAG(s) 'Airflow_Lab2_Flask' retrieved from /opt/airflow/dags/airflow_lab2_flask.py
[2026-03-14T14:57:24.381+0000] {logging_mixin.py:188} INFO - [2026-03-14T14:57:24.381+0000] {dag.py:3036} INFO - Sync 1 DAGs
[2026-03-14T14:57:24.387+0000] {logging_mixin.py:188} INFO - [2026-03-14T14:57:24.386+0000] {dag.py:3823} INFO - Setting next_dagrun for Airflow_Lab2_Flask to None, run_after=None
[2026-03-14T14:57:24.399+0000] {processor.py:183} INFO - Processing /opt/airflow/dags/airflow_lab2_flask.py took 0.049 seconds
[2026-03-14T14:57:55.080+0000] {processor.py:161} INFO - Started process (PID=281) to work on /opt/airflow/dags/airflow_lab2_flask.py
[2026-03-14T14:57:55.081+0000] {processor.py:830} INFO - Processing file /opt/airflow/dags/airflow_lab2_flask.py for tasks to queue
[2026-03-14T14:57:55.083+0000] {logging_mixin.py:188} INFO - [2026-03-14T14:57:55.083+0000] {dagbag.py:538} INFO - Filling up the DagBag from /opt/airflow/dags/airflow_lab2_flask.py
[2026-03-14T14:57:55.103+0000] {processor.py:840} INFO - DAG(s) 'Airflow_Lab2_Flask' retrieved from /opt/airflow/dags/airflow_lab2_flask.py
[2026-03-14T14:57:55.117+0000] {logging_mixin.py:188} INFO - [2026-03-14T14:57:55.117+0000] {dag.py:3036} INFO - Sync 1 DAGs
[2026-03-14T14:57:55.123+0000] {logging_mixin.py:188} INFO - [2026-03-14T14:57:55.123+0000] {dag.py:3823} INFO - Setting next_dagrun for Airflow_Lab2_Flask to None, run_after=None
[2026-03-14T14:57:55.134+0000] {processor.py:183} INFO - Processing /opt/airflow/dags/airflow_lab2_flask.py took 0.059 seconds
[2026-03-14T14:58:25.907+0000] {processor.py:161} INFO - Started process (PID=312) to work on /opt/airflow/dags/airflow_lab2_flask.py
[2026-03-14T14:58:25.909+0000] {processor.py:830} INFO - Processing file /opt/airflow/dags/airflow_lab2_flask.py for tasks to queue
[2026-03-14T14:58:25.911+0000] {logging_mixin.py:188} INFO - [2026-03-14T14:58:25.911+0000] {dagbag.py:538} INFO - Filling up the DagBag from /opt/airflow/dags/airflow_lab2_flask.py
[2026-03-14T14:58:25.925+0000] {processor.py:840} INFO - DAG(s) 'Airflow_Lab2_Flask' retrieved from /opt/airflow/dags/airflow_lab2_flask.py
[2026-03-14T14:58:25.945+0000] {logging_mixin.py:188} INFO - [2026-03-14T14:58:25.944+0000] {dag.py:3036} INFO - Sync 1 DAGs
[2026-03-14T14:58:25.951+0000] {logging_mixin.py:188} INFO - [2026-03-14T14:58:25.951+0000] {dag.py:3823} INFO - Setting next_dagrun for Airflow_Lab2_Flask to None, run_after=None
[2026-03-14T14:58:25.960+0000] {processor.py:183} INFO - Processing /opt/airflow/dags/airflow_lab2_flask.py took 0.057 seconds
[2026-03-14T14:58:56.977+0000] {processor.py:161} INFO - Started process (PID=342) to work on /opt/airflow/dags/airflow_lab2_flask.py
[2026-03-14T14:58:56.979+0000] {processor.py:830} INFO - Processing file /opt/airflow/dags/airflow_lab2_flask.py for tasks to queue
[2026-03-14T14:58:56.981+0000] {logging_mixin.py:188} INFO - [2026-03-14T14:58:56.981+0000] {dagbag.py:538} INFO - Filling up the DagBag from /opt/airflow/dags/airflow_lab2_flask.py
[2026-03-14T14:58:56.993+0000] {processor.py:840} INFO - DAG(s) 'Airflow_Lab2_Flask' retrieved from /opt/airflow/dags/airflow_lab2_flask.py
[2026-03-14T14:58:57.009+0000] {logging_mixin.py:188} INFO - [2026-03-14T14:58:57.009+0000] {dag.py:3036} INFO - Sync 1 DAGs
[2026-03-14T14:58:57.016+0000] {logging_mixin.py:188} INFO - [2026-03-14T14:58:57.016+0000] {dag.py:3823} INFO - Setting next_dagrun for Airflow_Lab2_Flask to None, run_after=None
[2026-03-14T14:58:57.024+0000] {processor.py:183} INFO - Processing /opt/airflow/dags/airflow_lab2_flask.py took 0.051 seconds
[2026-03-14T15:15:12.106+0000] {processor.py:161} INFO - Started process (PID=368) to work on /opt/airflow/dags/airflow_lab2_flask.py
[2026-03-14T15:15:12.108+0000] {processor.py:830} INFO - Processing file /opt/airflow/dags/airflow_lab2_flask.py for tasks to queue
[2026-03-14T15:15:12.110+0000] {logging_mixin.py:188} INFO - [2026-03-14T15:15:12.109+0000] {dagbag.py:538} INFO - Filling up the DagBag from /opt/airflow/dags/airflow_lab2_flask.py
[2026-03-14T15:15:12.128+0000] {processor.py:840} INFO - DAG(s) 'Airflow_Lab2_Flask' retrieved from /opt/airflow/dags/airflow_lab2_flask.py
[2026-03-14T15:15:12.146+0000] {logging_mixin.py:188} INFO - [2026-03-14T15:15:12.146+0000] {dag.py:3036} INFO - Sync 1 DAGs
[2026-03-14T15:15:12.153+0000] {logging_mixin.py:188} INFO - [2026-03-14T15:15:12.153+0000] {dag.py:3823} INFO - Setting next_dagrun for Airflow_Lab2_Flask to None, run_after=None
[2026-03-14T15:15:12.162+0000] {processor.py:183} INFO - Processing /opt/airflow/dags/airflow_lab2_flask.py took 0.059 seconds
[2026-03-14T15:15:42.797+0000] {processor.py:161} INFO - Started process (PID=398) to work on /opt/airflow/dags/airflow_lab2_flask.py
[2026-03-14T15:15:42.800+0000] {processor.py:830} INFO - Processing file /opt/airflow/dags/airflow_lab2_flask.py for tasks to queue
[2026-03-14T15:15:42.807+0000] {logging_mixin.py:188} INFO - [2026-03-14T15:15:42.806+0000] {dagbag.py:538} INFO - Filling up the DagBag from /opt/airflow/dags/airflow_lab2_flask.py
[2026-03-14T15:15:42.821+0000] {processor.py:840} INFO - DAG(s) 'Airflow_Lab2_Flask' retrieved from /opt/airflow/dags/airflow_lab2_flask.py
[2026-03-14T15:15:42.839+0000] {logging_mixin.py:188} INFO - [2026-03-14T15:15:42.839+0000] {dag.py:3036} INFO - Sync 1 DAGs
[2026-03-14T15:15:42.851+0000] {logging_mixin.py:188} INFO - [2026-03-14T15:15:42.850+0000] {dag.py:3823} INFO - Setting next_dagrun for Airflow_Lab2_Flask to None, run_after=None
[2026-03-14T15:15:42.859+0000] {processor.py:183} INFO - Processing /opt/airflow/dags/airflow_lab2_flask.py took 0.068 seconds
[2026-03-14T15:16:13.648+0000] {processor.py:161} INFO - Started process (PID=429) to work on /opt/airflow/dags/airflow_lab2_flask.py
[2026-03-14T15:16:13.649+0000] {processor.py:830} INFO - Processing file /opt/airflow/dags/airflow_lab2_flask.py for tasks to queue
[2026-03-14T15:16:13.652+0000] {logging_mixin.py:188} INFO - [2026-03-14T15:16:13.651+0000] {dagbag.py:538} INFO - Filling up the DagBag from /opt/airflow/dags/airflow_lab2_flask.py
[2026-03-14T15:16:13.667+0000] {processor.py:840} INFO - DAG(s) 'Airflow_Lab2_Flask' retrieved from /opt/airflow/dags/airflow_lab2_flask.py
[2026-03-14T15:16:13.680+0000] {logging_mixin.py:188} INFO - [2026-03-14T15:16:13.680+0000] {dag.py:3036} INFO - Sync 1 DAGs
[2026-03-14T15:16:13.687+0000] {logging_mixin.py:188} INFO - [2026-03-14T15:16:13.687+0000] {dag.py:3823} INFO - Setting next_dagrun for Airflow_Lab2_Flask to None, run_after=None
[2026-03-14T15:16:13.697+0000] {processor.py:183} INFO - Processing /opt/airflow/dags/airflow_lab2_flask.py took 0.056 seconds
[2026-03-14T15:16:44.466+0000] {processor.py:161} INFO - Started process (PID=460) to work on /opt/airflow/dags/airflow_lab2_flask.py
[2026-03-14T15:16:44.467+0000] {processor.py:830} INFO - Processing file /opt/airflow/dags/airflow_lab2_flask.py for tasks to queue
[2026-03-14T15:16:44.469+0000] {logging_mixin.py:188} INFO - [2026-03-14T15:16:44.469+0000] {dagbag.py:538} INFO - Filling up the DagBag from /opt/airflow/dags/airflow_lab2_flask.py
[2026-03-14T15:16:44.478+0000] {processor.py:840} INFO - DAG(s) 'Airflow_Lab2_Flask' retrieved from /opt/airflow/dags/airflow_lab2_flask.py
[2026-03-14T15:16:44.493+0000] {logging_mixin.py:188} INFO - [2026-03-14T15:16:44.493+0000] {dag.py:3036} INFO - Sync 1 DAGs
[2026-03-14T15:16:44.499+0000] {logging_mixin.py:188} INFO - [2026-03-14T15:16:44.499+0000] {dag.py:3823} INFO - Setting next_dagrun for Airflow_Lab2_Flask to None, run_after=None
[2026-03-14T15:16:44.508+0000] {processor.py:183} INFO - Processing /opt/airflow/dags/airflow_lab2_flask.py took 0.045 seconds
[2026-03-14T15:17:15.282+0000] {processor.py:161} INFO - Started process (PID=491) to work on /opt/airflow/dags/airflow_lab2_flask.py
[2026-03-14T15:17:15.284+0000] {processor.py:830} INFO - Processing file /opt/airflow/dags/airflow_lab2_flask.py for tasks to queue
[2026-03-14T15:17:15.286+0000] {logging_mixin.py:188} INFO - [2026-03-14T15:17:15.285+0000] {dagbag.py:538} INFO - Filling up the DagBag from /opt/airflow/dags/airflow_lab2_flask.py
[2026-03-14T15:17:15.301+0000] {processor.py:840} INFO - DAG(s) 'Airflow_Lab2_Flask' retrieved from /opt/airflow/dags/airflow_lab2_flask.py
[2026-03-14T15:17:15.313+0000] {logging_mixin.py:188} INFO - [2026-03-14T15:17:15.313+0000] {dag.py:3036} INFO - Sync 1 DAGs
[2026-03-14T15:17:15.319+0000] {logging_mixin.py:188} INFO - [2026-03-14T15:17:15.319+0000] {dag.py:3823} INFO - Setting next_dagrun for Airflow_Lab2_Flask to None, run_after=None
[2026-03-14T15:17:15.329+0000] {processor.py:183} INFO - Processing /opt/airflow/dags/airflow_lab2_flask.py took 0.052 seconds
[2026-03-14T15:17:46.133+0000] {processor.py:161} INFO - Started process (PID=522) to work on /opt/airflow/dags/airflow_lab2_flask.py
[2026-03-14T15:17:46.134+0000] {processor.py:830} INFO - Processing file /opt/airflow/dags/airflow_lab2_flask.py for tasks to queue
[2026-03-14T15:17:46.137+0000] {logging_mixin.py:188} INFO - [2026-03-14T15:17:46.136+0000] {dagbag.py:538} INFO - Filling up the DagBag from /opt/airflow/dags/airflow_lab2_flask.py
[2026-03-14T15:17:46.150+0000] {processor.py:840} INFO - DAG(s) 'Airflow_Lab2_Flask' retrieved from /opt/airflow/dags/airflow_lab2_flask.py
[2026-03-14T15:17:46.164+0000] {logging_mixin.py:188} INFO - [2026-03-14T15:17:46.163+0000] {dag.py:3036} INFO - Sync 1 DAGs
[2026-03-14T15:17:46.171+0000] {logging_mixin.py:188} INFO - [2026-03-14T15:17:46.171+0000] {dag.py:3823} INFO - Setting next_dagrun for Airflow_Lab2_Flask to None, run_after=None
[2026-03-14T15:17:46.179+0000] {processor.py:183} INFO - Processing /opt/airflow/dags/airflow_lab2_flask.py took 0.051 seconds
[2026-03-14T15:33:13.518+0000] {processor.py:161} INFO - Started process (PID=554) to work on /opt/airflow/dags/airflow_lab2_flask.py
[2026-03-14T15:33:13.519+0000] {processor.py:830} INFO - Processing file /opt/airflow/dags/airflow_lab2_flask.py for tasks to queue
[2026-03-14T15:33:13.521+0000] {logging_mixin.py:188} INFO - [2026-03-14T15:33:13.520+0000] {dagbag.py:538} INFO - Filling up the DagBag from /opt/airflow/dags/airflow_lab2_flask.py
[2026-03-14T15:33:13.539+0000] {processor.py:840} INFO - DAG(s) 'Airflow_Lab2_Flask' retrieved from /opt/airflow/dags/airflow_lab2_flask.py
[2026-03-14T15:33:13.561+0000] {logging_mixin.py:188} INFO - [2026-03-14T15:33:13.561+0000] {dag.py:3036} INFO - Sync 1 DAGs
[2026-03-14T15:33:13.575+0000] {logging_mixin.py:188} INFO - [2026-03-14T15:33:13.575+0000] {dag.py:3823} INFO - Setting next_dagrun for Airflow_Lab2_Flask to None, run_after=None
[2026-03-14T15:33:13.600+0000] {processor.py:183} INFO - Processing /opt/airflow/dags/airflow_lab2_flask.py took 0.084 seconds
[2026-03-14T15:54:38.004+0000] {processor.py:161} INFO - Started process (PID=585) to work on /opt/airflow/dags/airflow_lab2_flask.py
[2026-03-14T15:54:38.006+0000] {processor.py:830} INFO - Processing file /opt/airflow/dags/airflow_lab2_flask.py for tasks to queue
[2026-03-14T15:54:38.007+0000] {logging_mixin.py:188} INFO - [2026-03-14T15:54:38.007+0000] {dagbag.py:538} INFO - Filling up the DagBag from /opt/airflow/dags/airflow_lab2_flask.py
[2026-03-14T15:54:38.018+0000] {processor.py:840} INFO - DAG(s) 'Airflow_Lab2_Flask' retrieved from /opt/airflow/dags/airflow_lab2_flask.py
[2026-03-14T15:54:38.033+0000] {logging_mixin.py:188} INFO - [2026-03-14T15:54:38.033+0000] {dag.py:3036} INFO - Sync 1 DAGs
[2026-03-14T15:54:38.041+0000] {logging_mixin.py:188} INFO - [2026-03-14T15:54:38.041+0000] {dag.py:3823} INFO - Setting next_dagrun for Airflow_Lab2_Flask to None, run_after=None
[2026-03-14T15:54:38.051+0000] {processor.py:183} INFO - Processing /opt/airflow/dags/airflow_lab2_flask.py took 0.049 seconds
[2026-03-14T15:55:08.229+0000] {processor.py:161} INFO - Started process (PID=615) to work on /opt/airflow/dags/airflow_lab2_flask.py
[2026-03-14T15:55:08.231+0000] {processor.py:830} INFO - Processing file /opt/airflow/dags/airflow_lab2_flask.py for tasks to queue
[2026-03-14T15:55:08.245+0000] {logging_mixin.py:188} INFO - [2026-03-14T15:55:08.245+0000] {dagbag.py:538} INFO - Filling up the DagBag from /opt/airflow/dags/airflow_lab2_flask.py
[2026-03-14T15:55:08.269+0000] {processor.py:840} INFO - DAG(s) 'Airflow_Lab2_Flask' retrieved from /opt/airflow/dags/airflow_lab2_flask.py
[2026-03-14T15:55:08.280+0000] {logging_mixin.py:188} INFO - [2026-03-14T15:55:08.280+0000] {dag.py:3036} INFO - Sync 1 DAGs
[2026-03-14T15:55:08.286+0000] {logging_mixin.py:188} INFO - [2026-03-14T15:55:08.286+0000] {dag.py:3823} INFO - Setting next_dagrun for Airflow_Lab2_Flask to None, run_after=None
[2026-03-14T15:55:08.299+0000] {processor.py:183} INFO - Processing /opt/airflow/dags/airflow_lab2_flask.py took 0.075 seconds
[2026-03-14T15:56:08.004+0000] {processor.py:161} INFO - Started process (PID=647) to work on /opt/airflow/dags/airflow_lab2_flask.py
[2026-03-14T15:56:08.005+0000] {processor.py:830} INFO - Processing file /opt/airflow/dags/airflow_lab2_flask.py for tasks to queue
[2026-03-14T15:56:08.006+0000] {logging_mixin.py:188} INFO - [2026-03-14T15:56:08.006+0000] {dagbag.py:538} INFO - Filling up the DagBag from /opt/airflow/dags/airflow_lab2_flask.py
[2026-03-14T15:56:08.020+0000] {processor.py:840} INFO - DAG(s) 'Airflow_Lab2_Flask' retrieved from /opt/airflow/dags/airflow_lab2_flask.py
[2026-03-14T15:56:08.033+0000] {logging_mixin.py:188} INFO - [2026-03-14T15:56:08.032+0000] {dag.py:3036} INFO - Sync 1 DAGs
[2026-03-14T15:56:08.041+0000] {logging_mixin.py:188} INFO - [2026-03-14T15:56:08.040+0000] {dag.py:3823} INFO - Setting next_dagrun for Airflow_Lab2_Flask to None, run_after=None
[2026-03-14T15:56:08.051+0000] {processor.py:183} INFO - Processing /opt/airflow/dags/airflow_lab2_flask.py took 0.050 seconds
[2026-03-14T15:56:45.015+0000] {processor.py:161} INFO - Started process (PID=678) to work on /opt/airflow/dags/airflow_lab2_flask.py
[2026-03-14T15:56:45.015+0000] {processor.py:830} INFO - Processing file /opt/airflow/dags/airflow_lab2_flask.py for tasks to queue
[2026-03-14T15:56:45.017+0000] {logging_mixin.py:188} INFO - [2026-03-14T15:56:45.017+0000] {dagbag.py:538} INFO - Filling up the DagBag from /opt/airflow/dags/airflow_lab2_flask.py
[2026-03-14T15:56:45.031+0000] {processor.py:840} INFO - DAG(s) 'Airflow_Lab2_Flask' retrieved from /opt/airflow/dags/airflow_lab2_flask.py
[2026-03-14T15:56:45.043+0000] {logging_mixin.py:188} INFO - [2026-03-14T15:56:45.043+0000] {dag.py:3036} INFO - Sync 1 DAGs
[2026-03-14T15:56:45.049+0000] {logging_mixin.py:188} INFO - [2026-03-14T15:56:45.049+0000] {dag.py:3823} INFO - Setting next_dagrun for Airflow_Lab2_Flask to None, run_after=None
[2026-03-14T15:56:45.058+0000] {processor.py:183} INFO - Processing /opt/airflow/dags/airflow_lab2_flask.py took 0.046 seconds
[2026-03-14T15:57:15.762+0000] {processor.py:161} INFO - Started process (PID=709) to work on /opt/airflow/dags/airflow_lab2_flask.py
[2026-03-14T15:57:15.763+0000] {processor.py:830} INFO - Processing file /opt/airflow/dags/airflow_lab2_flask.py for tasks to queue
[2026-03-14T15:57:15.765+0000] {logging_mixin.py:188} INFO - [2026-03-14T15:57:15.765+0000] {dagbag.py:538} INFO - Filling up the DagBag from /opt/airflow/dags/airflow_lab2_flask.py
[2026-03-14T15:57:15.776+0000] {processor.py:840} INFO - DAG(s) 'Airflow_Lab2_Flask' retrieved from /opt/airflow/dags/airflow_lab2_flask.py
[2026-03-14T15:57:15.787+0000] {logging_mixin.py:188} INFO - [2026-03-14T15:57:15.787+0000] {dag.py:3036} INFO - Sync 1 DAGs
[2026-03-14T15:57:15.793+0000] {logging_mixin.py:188} INFO - [2026-03-14T15:57:15.793+0000] {dag.py:3823} INFO - Setting next_dagrun for Airflow_Lab2_Flask to None, run_after=None
[2026-03-14T15:57:15.802+0000] {processor.py:183} INFO - Processing /opt/airflow/dags/airflow_lab2_flask.py took 0.043 seconds
[2026-03-14T16:05:57.591+0000] {processor.py:161} INFO - Started process (PID=740) to work on /opt/airflow/dags/airflow_lab2_flask.py
[2026-03-14T16:05:57.593+0000] {processor.py:830} INFO - Processing file /opt/airflow/dags/airflow_lab2_flask.py for tasks to queue
[2026-03-14T16:05:57.595+0000] {logging_mixin.py:188} INFO - [2026-03-14T16:05:57.595+0000] {dagbag.py:538} INFO - Filling up the DagBag from /opt/airflow/dags/airflow_lab2_flask.py
[2026-03-14T16:05:57.613+0000] {processor.py:840} INFO - DAG(s) 'Airflow_Lab2_Flask' retrieved from /opt/airflow/dags/airflow_lab2_flask.py
[2026-03-14T16:05:57.703+0000] {logging_mixin.py:188} INFO - [2026-03-14T16:05:57.703+0000] {dag.py:3036} INFO - Sync 1 DAGs
[2026-03-14T16:05:57.728+0000] {logging_mixin.py:188} INFO - [2026-03-14T16:05:57.728+0000] {dag.py:3823} INFO - Setting next_dagrun for Airflow_Lab2_Flask to None, run_after=None
[2026-03-14T16:05:57.759+0000] {processor.py:183} INFO - Processing /opt/airflow/dags/airflow_lab2_flask.py took 0.171 seconds
[2026-03-14T16:06:28.613+0000] {processor.py:161} INFO - Started process (PID=771) to work on /opt/airflow/dags/airflow_lab2_flask.py
[2026-03-14T16:06:28.615+0000] {processor.py:830} INFO - Processing file /opt/airflow/dags/airflow_lab2_flask.py for tasks to queue
[2026-03-14T16:06:28.616+0000] {logging_mixin.py:188} INFO - [2026-03-14T16:06:28.616+0000] {dagbag.py:538} INFO - Filling up the DagBag from /opt/airflow/dags/airflow_lab2_flask.py
[2026-03-14T16:06:28.635+0000] {processor.py:840} INFO - DAG(s) 'Airflow_Lab2_Flask' retrieved from /opt/airflow/dags/airflow_lab2_flask.py
[2026-03-14T16:06:28.656+0000] {logging_mixin.py:188} INFO - [2026-03-14T16:06:28.656+0000] {dag.py:3036} INFO - Sync 1 DAGs
[2026-03-14T16:06:28.664+0000] {logging_mixin.py:188} INFO - [2026-03-14T16:06:28.664+0000] {dag.py:3823} INFO - Setting next_dagrun for Airflow_Lab2_Flask to None, run_after=None
[2026-03-14T16:06:28.673+0000] {processor.py:183} INFO - Processing /opt/airflow/dags/airflow_lab2_flask.py took 0.064 seconds
[2026-03-14T16:24:37.000+0000] {processor.py:161} INFO - Started process (PID=802) to work on /opt/airflow/dags/airflow_lab2_flask.py
[2026-03-14T16:24:37.000+0000] {processor.py:830} INFO - Processing file /opt/airflow/dags/airflow_lab2_flask.py for tasks to queue
[2026-03-14T16:24:37.002+0000] {logging_mixin.py:188} INFO - [2026-03-14T16:24:37.002+0000] {dagbag.py:538} INFO - Filling up the DagBag from /opt/airflow/dags/airflow_lab2_flask.py
[2026-03-14T16:24:37.011+0000] {processor.py:840} INFO - DAG(s) 'Airflow_Lab2_Flask' retrieved from /opt/airflow/dags/airflow_lab2_flask.py
[2026-03-14T16:24:37.024+0000] {logging_mixin.py:188} INFO - [2026-03-14T16:24:37.023+0000] {dag.py:3036} INFO - Sync 1 DAGs
[2026-03-14T16:24:37.030+0000] {logging_mixin.py:188} INFO - [2026-03-14T16:24:37.029+0000] {dag.py:3823} INFO - Setting next_dagrun for Airflow_Lab2_Flask to None, run_after=None
[2026-03-14T16:24:37.036+0000] {processor.py:183} INFO - Processing /opt/airflow/dags/airflow_lab2_flask.py took 0.038 seconds
[2026-03-14T16:30:26.971+0000] {processor.py:161} INFO - Started process (PID=833) to work on /opt/airflow/dags/airflow_lab2_flask.py
[2026-03-14T16:30:26.973+0000] {processor.py:830} INFO - Processing file /opt/airflow/dags/airflow_lab2_flask.py for tasks to queue
[2026-03-14T16:30:26.975+0000] {logging_mixin.py:188} INFO - [2026-03-14T16:30:26.975+0000] {dagbag.py:538} INFO - Filling up the DagBag from /opt/airflow/dags/airflow_lab2_flask.py
[2026-03-14T16:30:26.996+0000] {processor.py:840} INFO - DAG(s) 'Airflow_Lab2_Flask' retrieved from /opt/airflow/dags/airflow_lab2_flask.py
[2026-03-14T16:30:27.022+0000] {logging_mixin.py:188} INFO - [2026-03-14T16:30:27.022+0000] {dag.py:3036} INFO - Sync 1 DAGs
[2026-03-14T16:30:27.035+0000] {logging_mixin.py:188} INFO - [2026-03-14T16:30:27.035+0000] {dag.py:3823} INFO - Setting next_dagrun for Airflow_Lab2_Flask to None, run_after=None
[2026-03-14T16:30:27.052+0000] {processor.py:183} INFO - Processing /opt/airflow/dags/airflow_lab2_flask.py took 0.084 seconds
[2026-03-14T16:39:40.151+0000] {processor.py:161} INFO - Started process (PID=864) to work on /opt/airflow/dags/airflow_lab2_flask.py
[2026-03-14T16:39:40.153+0000] {processor.py:830} INFO - Processing file /opt/airflow/dags/airflow_lab2_flask.py for tasks to queue
[2026-03-14T16:39:40.158+0000] {logging_mixin.py:188} INFO - [2026-03-14T16:39:40.158+0000] {dagbag.py:538} INFO - Filling up the DagBag from /opt/airflow/dags/airflow_lab2_flask.py
[2026-03-14T16:39:40.185+0000] {processor.py:840} INFO - DAG(s) 'Airflow_Lab2_Flask' retrieved from /opt/airflow/dags/airflow_lab2_flask.py
[2026-03-14T16:39:40.220+0000] {logging_mixin.py:188} INFO - [2026-03-14T16:39:40.220+0000] {dag.py:3036} INFO - Sync 1 DAGs
[2026-03-14T16:39:40.236+0000] {logging_mixin.py:188} INFO - [2026-03-14T16:39:40.236+0000] {dag.py:3823} INFO - Setting next_dagrun for Airflow_Lab2_Flask to None, run_after=None
[2026-03-14T16:39:40.258+0000] {processor.py:183} INFO - Processing /opt/airflow/dags/airflow_lab2_flask.py took 0.112 seconds
