[2026-03-14T14:54:50.364+0000] {processor.py:161} INFO - Started process (PID=59) to work on /opt/airflow/dags/airflow_lab2.py
[2026-03-14T14:54:50.376+0000] {processor.py:830} INFO - Processing file /opt/airflow/dags/airflow_lab2.py for tasks to queue
[2026-03-14T14:54:50.382+0000] {logging_mixin.py:188} INFO - [2026-03-14T14:54:50.382+0000] {dagbag.py:538} INFO - Filling up the DagBag from /opt/airflow/dags/airflow_lab2.py
[2026-03-14T14:54:51.581+0000] {processor.py:840} INFO - DAG(s) 'Airflow_Lab2' retrieved from /opt/airflow/dags/airflow_lab2.py
[2026-03-14T14:54:51.618+0000] {logging_mixin.py:188} INFO - [2026-03-14T14:54:51.618+0000] {dag.py:3036} INFO - Sync 1 DAGs
[2026-03-14T14:54:51.628+0000] {logging_mixin.py:188} INFO - [2026-03-14T14:54:51.628+0000] {dag.py:3823} INFO - Setting next_dagrun for Airflow_Lab2 to None, run_after=None
[2026-03-14T14:54:51.638+0000] {processor.py:183} INFO - Processing /opt/airflow/dags/airflow_lab2.py took 1.276 seconds
[2026-03-14T14:55:22.064+0000] {processor.py:161} INFO - Started process (PID=122) to work on /opt/airflow/dags/airflow_lab2.py
[2026-03-14T14:55:22.066+0000] {processor.py:830} INFO - Processing file /opt/airflow/dags/airflow_lab2.py for tasks to queue
[2026-03-14T14:55:22.068+0000] {logging_mixin.py:188} INFO - [2026-03-14T14:55:22.067+0000] {dagbag.py:538} INFO - Filling up the DagBag from /opt/airflow/dags/airflow_lab2.py
[2026-03-14T14:55:22.566+0000] {processor.py:840} INFO - DAG(s) 'Airflow_Lab2' retrieved from /opt/airflow/dags/airflow_lab2.py
[2026-03-14T14:55:22.582+0000] {logging_mixin.py:188} INFO - [2026-03-14T14:55:22.582+0000] {dag.py:3036} INFO - Sync 1 DAGs
[2026-03-14T14:55:22.586+0000] {logging_mixin.py:188} INFO - [2026-03-14T14:55:22.586+0000] {dag.py:3823} INFO - Setting next_dagrun for Airflow_Lab2 to None, run_after=None
[2026-03-14T14:55:22.593+0000] {processor.py:183} INFO - Processing /opt/airflow/dags/airflow_lab2.py took 0.533 seconds
[2026-03-14T14:55:52.942+0000] {processor.py:161} INFO - Started process (PID=159) to work on /opt/airflow/dags/airflow_lab2.py
[2026-03-14T14:55:52.943+0000] {processor.py:830} INFO - Processing file /opt/airflow/dags/airflow_lab2.py for tasks to queue
[2026-03-14T14:55:52.944+0000] {logging_mixin.py:188} INFO - [2026-03-14T14:55:52.944+0000] {dagbag.py:538} INFO - Filling up the DagBag from /opt/airflow/dags/airflow_lab2.py
[2026-03-14T14:55:53.423+0000] {processor.py:840} INFO - DAG(s) 'Airflow_Lab2' retrieved from /opt/airflow/dags/airflow_lab2.py
[2026-03-14T14:55:53.439+0000] {logging_mixin.py:188} INFO - [2026-03-14T14:55:53.439+0000] {dag.py:3036} INFO - Sync 1 DAGs
[2026-03-14T14:55:53.443+0000] {logging_mixin.py:188} INFO - [2026-03-14T14:55:53.443+0000] {dag.py:3823} INFO - Setting next_dagrun for Airflow_Lab2 to None, run_after=None
[2026-03-14T14:55:53.450+0000] {processor.py:183} INFO - Processing /opt/airflow/dags/airflow_lab2.py took 0.512 seconds
[2026-03-14T14:56:23.786+0000] {processor.py:161} INFO - Started process (PID=190) to work on /opt/airflow/dags/airflow_lab2.py
[2026-03-14T14:56:23.787+0000] {processor.py:830} INFO - Processing file /opt/airflow/dags/airflow_lab2.py for tasks to queue
[2026-03-14T14:56:23.788+0000] {logging_mixin.py:188} INFO - [2026-03-14T14:56:23.788+0000] {dagbag.py:538} INFO - Filling up the DagBag from /opt/airflow/dags/airflow_lab2.py
[2026-03-14T14:56:24.136+0000] {processor.py:840} INFO - DAG(s) 'Airflow_Lab2' retrieved from /opt/airflow/dags/airflow_lab2.py
[2026-03-14T14:56:24.148+0000] {logging_mixin.py:188} INFO - [2026-03-14T14:56:24.148+0000] {dag.py:3036} INFO - Sync 1 DAGs
[2026-03-14T14:56:24.152+0000] {logging_mixin.py:188} INFO - [2026-03-14T14:56:24.152+0000] {dag.py:3823} INFO - Setting next_dagrun for Airflow_Lab2 to None, run_after=None
[2026-03-14T14:56:24.158+0000] {processor.py:183} INFO - Processing /opt/airflow/dags/airflow_lab2.py took 0.373 seconds
[2026-03-14T14:56:54.626+0000] {processor.py:161} INFO - Started process (PID=221) to work on /opt/airflow/dags/airflow_lab2.py
[2026-03-14T14:56:54.627+0000] {processor.py:830} INFO - Processing file /opt/airflow/dags/airflow_lab2.py for tasks to queue
[2026-03-14T14:56:54.629+0000] {logging_mixin.py:188} INFO - [2026-03-14T14:56:54.629+0000] {dagbag.py:538} INFO - Filling up the DagBag from /opt/airflow/dags/airflow_lab2.py
[2026-03-14T14:56:55.029+0000] {processor.py:840} INFO - DAG(s) 'Airflow_Lab2' retrieved from /opt/airflow/dags/airflow_lab2.py
[2026-03-14T14:56:55.044+0000] {logging_mixin.py:188} INFO - [2026-03-14T14:56:55.044+0000] {dag.py:3036} INFO - Sync 1 DAGs
[2026-03-14T14:56:55.048+0000] {logging_mixin.py:188} INFO - [2026-03-14T14:56:55.048+0000] {dag.py:3823} INFO - Setting next_dagrun for Airflow_Lab2 to None, run_after=None
[2026-03-14T14:56:55.055+0000] {processor.py:183} INFO - Processing /opt/airflow/dags/airflow_lab2.py took 0.433 seconds
[2026-03-14T14:57:25.428+0000] {processor.py:161} INFO - Started process (PID=252) to work on /opt/airflow/dags/airflow_lab2.py
[2026-03-14T14:57:25.429+0000] {processor.py:830} INFO - Processing file /opt/airflow/dags/airflow_lab2.py for tasks to queue
[2026-03-14T14:57:25.431+0000] {logging_mixin.py:188} INFO - [2026-03-14T14:57:25.431+0000] {dagbag.py:538} INFO - Filling up the DagBag from /opt/airflow/dags/airflow_lab2.py
[2026-03-14T14:57:25.764+0000] {processor.py:840} INFO - DAG(s) 'Airflow_Lab2' retrieved from /opt/airflow/dags/airflow_lab2.py
[2026-03-14T14:57:25.776+0000] {logging_mixin.py:188} INFO - [2026-03-14T14:57:25.776+0000] {dag.py:3036} INFO - Sync 1 DAGs
[2026-03-14T14:57:25.780+0000] {logging_mixin.py:188} INFO - [2026-03-14T14:57:25.780+0000] {dag.py:3823} INFO - Setting next_dagrun for Airflow_Lab2 to None, run_after=None
[2026-03-14T14:57:25.787+0000] {processor.py:183} INFO - Processing /opt/airflow/dags/airflow_lab2.py took 0.362 seconds
[2026-03-14T14:57:56.166+0000] {processor.py:161} INFO - Started process (PID=283) to work on /opt/airflow/dags/airflow_lab2.py
[2026-03-14T14:57:56.168+0000] {processor.py:830} INFO - Processing file /opt/airflow/dags/airflow_lab2.py for tasks to queue
[2026-03-14T14:57:56.169+0000] {logging_mixin.py:188} INFO - [2026-03-14T14:57:56.169+0000] {dagbag.py:538} INFO - Filling up the DagBag from /opt/airflow/dags/airflow_lab2.py
[2026-03-14T14:57:56.614+0000] {processor.py:840} INFO - DAG(s) 'Airflow_Lab2' retrieved from /opt/airflow/dags/airflow_lab2.py
[2026-03-14T14:57:56.626+0000] {logging_mixin.py:188} INFO - [2026-03-14T14:57:56.626+0000] {dag.py:3036} INFO - Sync 1 DAGs
[2026-03-14T14:57:56.633+0000] {logging_mixin.py:188} INFO - [2026-03-14T14:57:56.633+0000] {dag.py:3823} INFO - Setting next_dagrun for Airflow_Lab2 to None, run_after=None
[2026-03-14T14:57:56.640+0000] {processor.py:183} INFO - Processing /opt/airflow/dags/airflow_lab2.py took 0.478 seconds
[2026-03-14T14:58:26.990+0000] {processor.py:161} INFO - Started process (PID=314) to work on /opt/airflow/dags/airflow_lab2.py
[2026-03-14T14:58:26.991+0000] {processor.py:830} INFO - Processing file /opt/airflow/dags/airflow_lab2.py for tasks to queue
[2026-03-14T14:58:26.992+0000] {logging_mixin.py:188} INFO - [2026-03-14T14:58:26.992+0000] {dagbag.py:538} INFO - Filling up the DagBag from /opt/airflow/dags/airflow_lab2.py
[2026-03-14T14:58:27.648+0000] {processor.py:840} INFO - DAG(s) 'Airflow_Lab2' retrieved from /opt/airflow/dags/airflow_lab2.py
[2026-03-14T14:58:27.664+0000] {logging_mixin.py:188} INFO - [2026-03-14T14:58:27.664+0000] {dag.py:3036} INFO - Sync 1 DAGs
[2026-03-14T14:58:27.670+0000] {logging_mixin.py:188} INFO - [2026-03-14T14:58:27.670+0000] {dag.py:3823} INFO - Setting next_dagrun for Airflow_Lab2 to None, run_after=None
[2026-03-14T14:58:27.680+0000] {processor.py:183} INFO - Processing /opt/airflow/dags/airflow_lab2.py took 0.693 seconds
[2026-03-14T14:58:58.046+0000] {processor.py:161} INFO - Started process (PID=344) to work on /opt/airflow/dags/airflow_lab2.py
[2026-03-14T14:58:58.048+0000] {processor.py:830} INFO - Processing file /opt/airflow/dags/airflow_lab2.py for tasks to queue
[2026-03-14T14:58:58.049+0000] {logging_mixin.py:188} INFO - [2026-03-14T14:58:58.048+0000] {dagbag.py:538} INFO - Filling up the DagBag from /opt/airflow/dags/airflow_lab2.py
[2026-03-14T14:58:58.463+0000] {processor.py:840} INFO - DAG(s) 'Airflow_Lab2' retrieved from /opt/airflow/dags/airflow_lab2.py
[2026-03-14T14:58:58.474+0000] {logging_mixin.py:188} INFO - [2026-03-14T14:58:58.474+0000] {dag.py:3036} INFO - Sync 1 DAGs
[2026-03-14T14:58:58.479+0000] {logging_mixin.py:188} INFO - [2026-03-14T14:58:58.479+0000] {dag.py:3823} INFO - Setting next_dagrun for Airflow_Lab2 to None, run_after=None
[2026-03-14T14:58:58.486+0000] {processor.py:183} INFO - Processing /opt/airflow/dags/airflow_lab2.py took 0.443 seconds
[2026-03-14T15:15:12.104+0000] {processor.py:161} INFO - Started process (PID=367) to work on /opt/airflow/dags/airflow_lab2.py
[2026-03-14T15:15:12.105+0000] {processor.py:830} INFO - Processing file /opt/airflow/dags/airflow_lab2.py for tasks to queue
[2026-03-14T15:15:12.107+0000] {logging_mixin.py:188} INFO - [2026-03-14T15:15:12.107+0000] {dagbag.py:538} INFO - Filling up the DagBag from /opt/airflow/dags/airflow_lab2.py
[2026-03-14T15:15:13.342+0000] {processor.py:840} INFO - DAG(s) 'Airflow_Lab2' retrieved from /opt/airflow/dags/airflow_lab2.py
[2026-03-14T15:15:13.377+0000] {logging_mixin.py:188} INFO - [2026-03-14T15:15:13.376+0000] {dag.py:3036} INFO - Sync 1 DAGs
[2026-03-14T15:15:13.389+0000] {logging_mixin.py:188} INFO - [2026-03-14T15:15:13.389+0000] {dag.py:3823} INFO - Setting next_dagrun for Airflow_Lab2 to None, run_after=None
[2026-03-14T15:15:13.405+0000] {processor.py:183} INFO - Processing /opt/airflow/dags/airflow_lab2.py took 1.307 seconds
[2026-03-14T15:15:43.902+0000] {processor.py:161} INFO - Started process (PID=400) to work on /opt/airflow/dags/airflow_lab2.py
[2026-03-14T15:15:43.904+0000] {processor.py:830} INFO - Processing file /opt/airflow/dags/airflow_lab2.py for tasks to queue
[2026-03-14T15:15:43.906+0000] {logging_mixin.py:188} INFO - [2026-03-14T15:15:43.906+0000] {dagbag.py:538} INFO - Filling up the DagBag from /opt/airflow/dags/airflow_lab2.py
[2026-03-14T15:15:44.320+0000] {processor.py:840} INFO - DAG(s) 'Airflow_Lab2' retrieved from /opt/airflow/dags/airflow_lab2.py
[2026-03-14T15:15:44.331+0000] {logging_mixin.py:188} INFO - [2026-03-14T15:15:44.331+0000] {dag.py:3036} INFO - Sync 1 DAGs
[2026-03-14T15:15:44.337+0000] {logging_mixin.py:188} INFO - [2026-03-14T15:15:44.337+0000] {dag.py:3823} INFO - Setting next_dagrun for Airflow_Lab2 to None, run_after=None
[2026-03-14T15:15:44.344+0000] {processor.py:183} INFO - Processing /opt/airflow/dags/airflow_lab2.py took 0.445 seconds
[2026-03-14T15:16:14.727+0000] {processor.py:161} INFO - Started process (PID=431) to work on /opt/airflow/dags/airflow_lab2.py
[2026-03-14T15:16:14.728+0000] {processor.py:830} INFO - Processing file /opt/airflow/dags/airflow_lab2.py for tasks to queue
[2026-03-14T15:16:14.730+0000] {logging_mixin.py:188} INFO - [2026-03-14T15:16:14.730+0000] {dagbag.py:538} INFO - Filling up the DagBag from /opt/airflow/dags/airflow_lab2.py
[2026-03-14T15:16:15.094+0000] {processor.py:840} INFO - DAG(s) 'Airflow_Lab2' retrieved from /opt/airflow/dags/airflow_lab2.py
[2026-03-14T15:16:15.105+0000] {logging_mixin.py:188} INFO - [2026-03-14T15:16:15.105+0000] {dag.py:3036} INFO - Sync 1 DAGs
[2026-03-14T15:16:15.110+0000] {logging_mixin.py:188} INFO - [2026-03-14T15:16:15.110+0000] {dag.py:3823} INFO - Setting next_dagrun for Airflow_Lab2 to None, run_after=None
[2026-03-14T15:16:15.117+0000] {processor.py:183} INFO - Processing /opt/airflow/dags/airflow_lab2.py took 0.394 seconds
[2026-03-14T15:16:45.547+0000] {processor.py:161} INFO - Started process (PID=462) to work on /opt/airflow/dags/airflow_lab2.py
[2026-03-14T15:16:45.550+0000] {processor.py:830} INFO - Processing file /opt/airflow/dags/airflow_lab2.py for tasks to queue
[2026-03-14T15:16:45.553+0000] {logging_mixin.py:188} INFO - [2026-03-14T15:16:45.553+0000] {dagbag.py:538} INFO - Filling up the DagBag from /opt/airflow/dags/airflow_lab2.py
[2026-03-14T15:16:45.892+0000] {processor.py:840} INFO - DAG(s) 'Airflow_Lab2' retrieved from /opt/airflow/dags/airflow_lab2.py
[2026-03-14T15:16:45.904+0000] {logging_mixin.py:188} INFO - [2026-03-14T15:16:45.904+0000] {dag.py:3036} INFO - Sync 1 DAGs
[2026-03-14T15:16:45.909+0000] {logging_mixin.py:188} INFO - [2026-03-14T15:16:45.909+0000] {dag.py:3823} INFO - Setting next_dagrun for Airflow_Lab2 to None, run_after=None
[2026-03-14T15:16:45.918+0000] {processor.py:183} INFO - Processing /opt/airflow/dags/airflow_lab2.py took 0.375 seconds
[2026-03-14T15:17:16.370+0000] {processor.py:161} INFO - Started process (PID=493) to work on /opt/airflow/dags/airflow_lab2.py
[2026-03-14T15:17:16.372+0000] {processor.py:830} INFO - Processing file /opt/airflow/dags/airflow_lab2.py for tasks to queue
[2026-03-14T15:17:16.374+0000] {logging_mixin.py:188} INFO - [2026-03-14T15:17:16.374+0000] {dagbag.py:538} INFO - Filling up the DagBag from /opt/airflow/dags/airflow_lab2.py
[2026-03-14T15:17:16.784+0000] {processor.py:840} INFO - DAG(s) 'Airflow_Lab2' retrieved from /opt/airflow/dags/airflow_lab2.py
[2026-03-14T15:17:16.796+0000] {logging_mixin.py:188} INFO - [2026-03-14T15:17:16.795+0000] {dag.py:3036} INFO - Sync 1 DAGs
[2026-03-14T15:17:16.799+0000] {logging_mixin.py:188} INFO - [2026-03-14T15:17:16.799+0000] {dag.py:3823} INFO - Setting next_dagrun for Airflow_Lab2 to None, run_after=None
[2026-03-14T15:17:16.806+0000] {processor.py:183} INFO - Processing /opt/airflow/dags/airflow_lab2.py took 0.440 seconds
[2026-03-14T15:17:47.204+0000] {processor.py:161} INFO - Started process (PID=524) to work on /opt/airflow/dags/airflow_lab2.py
[2026-03-14T15:17:47.204+0000] {processor.py:830} INFO - Processing file /opt/airflow/dags/airflow_lab2.py for tasks to queue
[2026-03-14T15:17:47.206+0000] {logging_mixin.py:188} INFO - [2026-03-14T15:17:47.205+0000] {dagbag.py:538} INFO - Filling up the DagBag from /opt/airflow/dags/airflow_lab2.py
[2026-03-14T15:17:47.512+0000] {processor.py:840} INFO - DAG(s) 'Airflow_Lab2' retrieved from /opt/airflow/dags/airflow_lab2.py
[2026-03-14T15:17:47.527+0000] {logging_mixin.py:188} INFO - [2026-03-14T15:17:47.527+0000] {dag.py:3036} INFO - Sync 1 DAGs
[2026-03-14T15:17:47.531+0000] {logging_mixin.py:188} INFO - [2026-03-14T15:17:47.531+0000] {dag.py:3823} INFO - Setting next_dagrun for Airflow_Lab2 to None, run_after=None
[2026-03-14T15:17:47.538+0000] {processor.py:183} INFO - Processing /opt/airflow/dags/airflow_lab2.py took 0.337 seconds
[2026-03-14T15:33:13.517+0000] {processor.py:161} INFO - Started process (PID=553) to work on /opt/airflow/dags/airflow_lab2.py
[2026-03-14T15:33:13.518+0000] {processor.py:830} INFO - Processing file /opt/airflow/dags/airflow_lab2.py for tasks to queue
[2026-03-14T15:33:13.520+0000] {logging_mixin.py:188} INFO - [2026-03-14T15:33:13.520+0000] {dagbag.py:538} INFO - Filling up the DagBag from /opt/airflow/dags/airflow_lab2.py
[2026-03-14T15:33:14.195+0000] {processor.py:840} INFO - DAG(s) 'Airflow_Lab2' retrieved from /opt/airflow/dags/airflow_lab2.py
[2026-03-14T15:33:14.217+0000] {logging_mixin.py:188} INFO - [2026-03-14T15:33:14.217+0000] {dag.py:3036} INFO - Sync 1 DAGs
[2026-03-14T15:33:14.227+0000] {logging_mixin.py:188} INFO - [2026-03-14T15:33:14.226+0000] {dag.py:3823} INFO - Setting next_dagrun for Airflow_Lab2 to None, run_after=None
[2026-03-14T15:33:14.243+0000] {processor.py:183} INFO - Processing /opt/airflow/dags/airflow_lab2.py took 0.730 seconds
[2026-03-14T15:54:38.004+0000] {processor.py:161} INFO - Started process (PID=584) to work on /opt/airflow/dags/airflow_lab2.py
[2026-03-14T15:54:38.005+0000] {processor.py:830} INFO - Processing file /opt/airflow/dags/airflow_lab2.py for tasks to queue
[2026-03-14T15:54:38.008+0000] {logging_mixin.py:188} INFO - [2026-03-14T15:54:38.008+0000] {dagbag.py:538} INFO - Filling up the DagBag from /opt/airflow/dags/airflow_lab2.py
[2026-03-14T15:54:38.751+0000] {processor.py:840} INFO - DAG(s) 'Airflow_Lab2' retrieved from /opt/airflow/dags/airflow_lab2.py
[2026-03-14T15:54:38.769+0000] {logging_mixin.py:188} INFO - [2026-03-14T15:54:38.769+0000] {dag.py:3036} INFO - Sync 1 DAGs
[2026-03-14T15:54:38.775+0000] {logging_mixin.py:188} INFO - [2026-03-14T15:54:38.775+0000] {dag.py:3823} INFO - Setting next_dagrun for Airflow_Lab2 to None, run_after=None
[2026-03-14T15:54:38.792+0000] {processor.py:183} INFO - Processing /opt/airflow/dags/airflow_lab2.py took 0.790 seconds
[2026-03-14T15:55:09.326+0000] {processor.py:161} INFO - Started process (PID=617) to work on /opt/airflow/dags/airflow_lab2.py
[2026-03-14T15:55:09.328+0000] {processor.py:830} INFO - Processing file /opt/airflow/dags/airflow_lab2.py for tasks to queue
[2026-03-14T15:55:09.329+0000] {logging_mixin.py:188} INFO - [2026-03-14T15:55:09.329+0000] {dagbag.py:538} INFO - Filling up the DagBag from /opt/airflow/dags/airflow_lab2.py
[2026-03-14T15:55:09.720+0000] {processor.py:840} INFO - DAG(s) 'Airflow_Lab2' retrieved from /opt/airflow/dags/airflow_lab2.py
[2026-03-14T15:55:09.733+0000] {logging_mixin.py:188} INFO - [2026-03-14T15:55:09.733+0000] {dag.py:3036} INFO - Sync 1 DAGs
[2026-03-14T15:55:09.737+0000] {logging_mixin.py:188} INFO - [2026-03-14T15:55:09.737+0000] {dag.py:3823} INFO - Setting next_dagrun for Airflow_Lab2 to None, run_after=None
[2026-03-14T15:55:09.744+0000] {processor.py:183} INFO - Processing /opt/airflow/dags/airflow_lab2.py took 0.422 seconds
[2026-03-14T15:56:08.003+0000] {processor.py:161} INFO - Started process (PID=646) to work on /opt/airflow/dags/airflow_lab2.py
[2026-03-14T15:56:08.004+0000] {processor.py:830} INFO - Processing file /opt/airflow/dags/airflow_lab2.py for tasks to queue
[2026-03-14T15:56:08.007+0000] {logging_mixin.py:188} INFO - [2026-03-14T15:56:08.007+0000] {dagbag.py:538} INFO - Filling up the DagBag from /opt/airflow/dags/airflow_lab2.py
[2026-03-14T15:56:08.482+0000] {processor.py:840} INFO - DAG(s) 'Airflow_Lab2' retrieved from /opt/airflow/dags/airflow_lab2.py
[2026-03-14T15:56:08.497+0000] {logging_mixin.py:188} INFO - [2026-03-14T15:56:08.496+0000] {dag.py:3036} INFO - Sync 1 DAGs
[2026-03-14T15:56:08.501+0000] {logging_mixin.py:188} INFO - [2026-03-14T15:56:08.501+0000] {dag.py:3823} INFO - Setting next_dagrun for Airflow_Lab2 to None, run_after=None
[2026-03-14T15:56:08.510+0000] {processor.py:183} INFO - Processing /opt/airflow/dags/airflow_lab2.py took 0.509 seconds
[2026-03-14T15:56:45.012+0000] {processor.py:161} INFO - Started process (PID=677) to work on /opt/airflow/dags/airflow_lab2.py
[2026-03-14T15:56:45.013+0000] {processor.py:830} INFO - Processing file /opt/airflow/dags/airflow_lab2.py for tasks to queue
[2026-03-14T15:56:45.015+0000] {logging_mixin.py:188} INFO - [2026-03-14T15:56:45.015+0000] {dagbag.py:538} INFO - Filling up the DagBag from /opt/airflow/dags/airflow_lab2.py
[2026-03-14T15:56:45.385+0000] {processor.py:840} INFO - DAG(s) 'Airflow_Lab2' retrieved from /opt/airflow/dags/airflow_lab2.py
[2026-03-14T15:56:45.396+0000] {logging_mixin.py:188} INFO - [2026-03-14T15:56:45.396+0000] {dag.py:3036} INFO - Sync 1 DAGs
[2026-03-14T15:56:45.400+0000] {logging_mixin.py:188} INFO - [2026-03-14T15:56:45.400+0000] {dag.py:3823} INFO - Setting next_dagrun for Airflow_Lab2 to None, run_after=None
[2026-03-14T15:56:45.406+0000] {processor.py:183} INFO - Processing /opt/airflow/dags/airflow_lab2.py took 0.399 seconds
[2026-03-14T15:57:15.761+0000] {processor.py:161} INFO - Started process (PID=708) to work on /opt/airflow/dags/airflow_lab2.py
[2026-03-14T15:57:15.762+0000] {processor.py:830} INFO - Processing file /opt/airflow/dags/airflow_lab2.py for tasks to queue
[2026-03-14T15:57:15.763+0000] {logging_mixin.py:188} INFO - [2026-03-14T15:57:15.763+0000] {dagbag.py:538} INFO - Filling up the DagBag from /opt/airflow/dags/airflow_lab2.py
[2026-03-14T15:57:16.137+0000] {processor.py:840} INFO - DAG(s) 'Airflow_Lab2' retrieved from /opt/airflow/dags/airflow_lab2.py
[2026-03-14T15:57:16.147+0000] {logging_mixin.py:188} INFO - [2026-03-14T15:57:16.147+0000] {dag.py:3036} INFO - Sync 1 DAGs
[2026-03-14T15:57:16.152+0000] {logging_mixin.py:188} INFO - [2026-03-14T15:57:16.152+0000] {dag.py:3823} INFO - Setting next_dagrun for Airflow_Lab2 to None, run_after=None
[2026-03-14T15:57:16.159+0000] {processor.py:183} INFO - Processing /opt/airflow/dags/airflow_lab2.py took 0.401 seconds
[2026-03-14T16:05:57.590+0000] {processor.py:161} INFO - Started process (PID=739) to work on /opt/airflow/dags/airflow_lab2.py
[2026-03-14T16:05:57.592+0000] {processor.py:830} INFO - Processing file /opt/airflow/dags/airflow_lab2.py for tasks to queue
[2026-03-14T16:05:57.595+0000] {logging_mixin.py:188} INFO - [2026-03-14T16:05:57.595+0000] {dagbag.py:538} INFO - Filling up the DagBag from /opt/airflow/dags/airflow_lab2.py
[2026-03-14T16:05:58.157+0000] {processor.py:840} INFO - DAG(s) 'Airflow_Lab2' retrieved from /opt/airflow/dags/airflow_lab2.py
[2026-03-14T16:05:58.170+0000] {logging_mixin.py:188} INFO - [2026-03-14T16:05:58.170+0000] {dag.py:3036} INFO - Sync 1 DAGs
[2026-03-14T16:05:58.174+0000] {logging_mixin.py:188} INFO - [2026-03-14T16:05:58.174+0000] {dag.py:3823} INFO - Setting next_dagrun for Airflow_Lab2 to None, run_after=None
[2026-03-14T16:05:58.180+0000] {processor.py:183} INFO - Processing /opt/airflow/dags/airflow_lab2.py took 0.600 seconds
[2026-03-14T16:06:28.610+0000] {processor.py:161} INFO - Started process (PID=770) to work on /opt/airflow/dags/airflow_lab2.py
[2026-03-14T16:06:28.612+0000] {processor.py:830} INFO - Processing file /opt/airflow/dags/airflow_lab2.py for tasks to queue
[2026-03-14T16:06:28.615+0000] {logging_mixin.py:188} INFO - [2026-03-14T16:06:28.614+0000] {dagbag.py:538} INFO - Filling up the DagBag from /opt/airflow/dags/airflow_lab2.py
[2026-03-14T16:06:29.075+0000] {processor.py:840} INFO - DAG(s) 'Airflow_Lab2' retrieved from /opt/airflow/dags/airflow_lab2.py
[2026-03-14T16:06:29.086+0000] {logging_mixin.py:188} INFO - [2026-03-14T16:06:29.086+0000] {dag.py:3036} INFO - Sync 1 DAGs
[2026-03-14T16:06:29.090+0000] {logging_mixin.py:188} INFO - [2026-03-14T16:06:29.090+0000] {dag.py:3823} INFO - Setting next_dagrun for Airflow_Lab2 to None, run_after=None
[2026-03-14T16:06:29.097+0000] {processor.py:183} INFO - Processing /opt/airflow/dags/airflow_lab2.py took 0.493 seconds
[2026-03-14T16:24:36.998+0000] {processor.py:161} INFO - Started process (PID=801) to work on /opt/airflow/dags/airflow_lab2.py
[2026-03-14T16:24:36.999+0000] {processor.py:830} INFO - Processing file /opt/airflow/dags/airflow_lab2.py for tasks to queue
[2026-03-14T16:24:37.000+0000] {logging_mixin.py:188} INFO - [2026-03-14T16:24:37.000+0000] {dagbag.py:538} INFO - Filling up the DagBag from /opt/airflow/dags/airflow_lab2.py
[2026-03-14T16:24:37.561+0000] {processor.py:840} INFO - DAG(s) 'Airflow_Lab2' retrieved from /opt/airflow/dags/airflow_lab2.py
[2026-03-14T16:24:37.587+0000] {logging_mixin.py:188} INFO - [2026-03-14T16:24:37.587+0000] {dag.py:3036} INFO - Sync 1 DAGs
[2026-03-14T16:24:37.599+0000] {logging_mixin.py:188} INFO - [2026-03-14T16:24:37.599+0000] {dag.py:3823} INFO - Setting next_dagrun for Airflow_Lab2 to None, run_after=None
[2026-03-14T16:24:37.618+0000] {processor.py:183} INFO - Processing /opt/airflow/dags/airflow_lab2.py took 0.622 seconds
[2026-03-14T16:30:26.968+0000] {processor.py:161} INFO - Started process (PID=832) to work on /opt/airflow/dags/airflow_lab2.py
[2026-03-14T16:30:26.970+0000] {processor.py:830} INFO - Processing file /opt/airflow/dags/airflow_lab2.py for tasks to queue
[2026-03-14T16:30:26.974+0000] {logging_mixin.py:188} INFO - [2026-03-14T16:30:26.973+0000] {dagbag.py:538} INFO - Filling up the DagBag from /opt/airflow/dags/airflow_lab2.py
[2026-03-14T16:30:27.541+0000] {processor.py:840} INFO - DAG(s) 'Airflow_Lab2' retrieved from /opt/airflow/dags/airflow_lab2.py
[2026-03-14T16:30:27.555+0000] {logging_mixin.py:188} INFO - [2026-03-14T16:30:27.555+0000] {dag.py:3036} INFO - Sync 1 DAGs
[2026-03-14T16:30:27.559+0000] {logging_mixin.py:188} INFO - [2026-03-14T16:30:27.559+0000] {dag.py:3823} INFO - Setting next_dagrun for Airflow_Lab2 to None, run_after=None
[2026-03-14T16:30:27.564+0000] {processor.py:183} INFO - Processing /opt/airflow/dags/airflow_lab2.py took 0.603 seconds
[2026-03-14T16:39:40.151+0000] {processor.py:161} INFO - Started process (PID=863) to work on /opt/airflow/dags/airflow_lab2.py
[2026-03-14T16:39:40.154+0000] {processor.py:830} INFO - Processing file /opt/airflow/dags/airflow_lab2.py for tasks to queue
[2026-03-14T16:39:40.158+0000] {logging_mixin.py:188} INFO - [2026-03-14T16:39:40.157+0000] {dagbag.py:538} INFO - Filling up the DagBag from /opt/airflow/dags/airflow_lab2.py
[2026-03-14T16:39:40.928+0000] {processor.py:840} INFO - DAG(s) 'Airflow_Lab2' retrieved from /opt/airflow/dags/airflow_lab2.py
[2026-03-14T16:39:40.945+0000] {logging_mixin.py:188} INFO - [2026-03-14T16:39:40.945+0000] {dag.py:3036} INFO - Sync 1 DAGs
[2026-03-14T16:39:40.950+0000] {logging_mixin.py:188} INFO - [2026-03-14T16:39:40.950+0000] {dag.py:3823} INFO - Setting next_dagrun for Airflow_Lab2 to None, run_after=None
[2026-03-14T16:39:40.956+0000] {processor.py:183} INFO - Processing /opt/airflow/dags/airflow_lab2.py took 0.809 seconds
