[2026-03-14T14:54:51.644+0000] {processor.py:161} INFO - Started process (PID=91) to work on /opt/airflow/dags/my_first_dag.py
[2026-03-14T14:54:51.645+0000] {processor.py:830} INFO - Processing file /opt/airflow/dags/my_first_dag.py for tasks to queue
[2026-03-14T14:54:51.646+0000] {logging_mixin.py:188} INFO - [2026-03-14T14:54:51.646+0000] {dagbag.py:538} INFO - Filling up the DagBag from /opt/airflow/dags/my_first_dag.py
[2026-03-14T14:54:51.662+0000] {processor.py:840} INFO - DAG(s) 'my_first_dag' retrieved from /opt/airflow/dags/my_first_dag.py
[2026-03-14T14:54:51.676+0000] {logging_mixin.py:188} INFO - [2026-03-14T14:54:51.676+0000] {dag.py:3036} INFO - Sync 1 DAGs
[2026-03-14T14:54:51.691+0000] {logging_mixin.py:188} INFO - [2026-03-14T14:54:51.691+0000] {dag.py:3823} INFO - Setting next_dagrun for my_first_dag to 2026-03-14 00:00:00+00:00, run_after=2026-03-15 00:00:00+00:00
[2026-03-14T14:54:51.701+0000] {processor.py:183} INFO - Processing /opt/airflow/dags/my_first_dag.py took 0.059 seconds
[2026-03-14T14:55:22.601+0000] {processor.py:161} INFO - Started process (PID=150) to work on /opt/airflow/dags/my_first_dag.py
[2026-03-14T14:55:22.602+0000] {processor.py:830} INFO - Processing file /opt/airflow/dags/my_first_dag.py for tasks to queue
[2026-03-14T14:55:22.603+0000] {logging_mixin.py:188} INFO - [2026-03-14T14:55:22.603+0000] {dagbag.py:538} INFO - Filling up the DagBag from /opt/airflow/dags/my_first_dag.py
[2026-03-14T14:55:22.608+0000] {processor.py:840} INFO - DAG(s) 'my_first_dag' retrieved from /opt/airflow/dags/my_first_dag.py
[2026-03-14T14:55:22.616+0000] {logging_mixin.py:188} INFO - [2026-03-14T14:55:22.616+0000] {dag.py:3036} INFO - Sync 1 DAGs
[2026-03-14T14:55:22.625+0000] {logging_mixin.py:188} INFO - [2026-03-14T14:55:22.625+0000] {dag.py:3823} INFO - Setting next_dagrun for my_first_dag to 2026-03-14 00:00:00+00:00, run_after=2026-03-15 00:00:00+00:00
[2026-03-14T14:55:22.631+0000] {processor.py:183} INFO - Processing /opt/airflow/dags/my_first_dag.py took 0.032 seconds
[2026-03-14T14:55:53.457+0000] {processor.py:161} INFO - Started process (PID=181) to work on /opt/airflow/dags/my_first_dag.py
[2026-03-14T14:55:53.458+0000] {processor.py:830} INFO - Processing file /opt/airflow/dags/my_first_dag.py for tasks to queue
[2026-03-14T14:55:53.458+0000] {logging_mixin.py:188} INFO - [2026-03-14T14:55:53.458+0000] {dagbag.py:538} INFO - Filling up the DagBag from /opt/airflow/dags/my_first_dag.py
[2026-03-14T14:55:53.463+0000] {processor.py:840} INFO - DAG(s) 'my_first_dag' retrieved from /opt/airflow/dags/my_first_dag.py
[2026-03-14T14:55:53.471+0000] {logging_mixin.py:188} INFO - [2026-03-14T14:55:53.471+0000] {dag.py:3036} INFO - Sync 1 DAGs
[2026-03-14T14:55:53.478+0000] {logging_mixin.py:188} INFO - [2026-03-14T14:55:53.478+0000] {dag.py:3823} INFO - Setting next_dagrun for my_first_dag to 2026-03-14 00:00:00+00:00, run_after=2026-03-15 00:00:00+00:00
[2026-03-14T14:55:53.484+0000] {processor.py:183} INFO - Processing /opt/airflow/dags/my_first_dag.py took 0.028 seconds
[2026-03-14T14:56:24.160+0000] {processor.py:161} INFO - Started process (PID=212) to work on /opt/airflow/dags/my_first_dag.py
[2026-03-14T14:56:24.160+0000] {processor.py:830} INFO - Processing file /opt/airflow/dags/my_first_dag.py for tasks to queue
[2026-03-14T14:56:24.161+0000] {logging_mixin.py:188} INFO - [2026-03-14T14:56:24.161+0000] {dagbag.py:538} INFO - Filling up the DagBag from /opt/airflow/dags/my_first_dag.py
[2026-03-14T14:56:24.166+0000] {processor.py:840} INFO - DAG(s) 'my_first_dag' retrieved from /opt/airflow/dags/my_first_dag.py
[2026-03-14T14:56:24.173+0000] {logging_mixin.py:188} INFO - [2026-03-14T14:56:24.173+0000] {dag.py:3036} INFO - Sync 1 DAGs
[2026-03-14T14:56:24.180+0000] {logging_mixin.py:188} INFO - [2026-03-14T14:56:24.180+0000] {dag.py:3823} INFO - Setting next_dagrun for my_first_dag to 2026-03-14 00:00:00+00:00, run_after=2026-03-15 00:00:00+00:00
[2026-03-14T14:56:24.185+0000] {processor.py:183} INFO - Processing /opt/airflow/dags/my_first_dag.py took 0.027 seconds
[2026-03-14T14:56:55.063+0000] {processor.py:161} INFO - Started process (PID=243) to work on /opt/airflow/dags/my_first_dag.py
[2026-03-14T14:56:55.064+0000] {processor.py:830} INFO - Processing file /opt/airflow/dags/my_first_dag.py for tasks to queue
[2026-03-14T14:56:55.064+0000] {logging_mixin.py:188} INFO - [2026-03-14T14:56:55.064+0000] {dagbag.py:538} INFO - Filling up the DagBag from /opt/airflow/dags/my_first_dag.py
[2026-03-14T14:56:55.069+0000] {processor.py:840} INFO - DAG(s) 'my_first_dag' retrieved from /opt/airflow/dags/my_first_dag.py
[2026-03-14T14:56:55.077+0000] {logging_mixin.py:188} INFO - [2026-03-14T14:56:55.077+0000] {dag.py:3036} INFO - Sync 1 DAGs
[2026-03-14T14:56:55.084+0000] {logging_mixin.py:188} INFO - [2026-03-14T14:56:55.084+0000] {dag.py:3823} INFO - Setting next_dagrun for my_first_dag to 2026-03-14 00:00:00+00:00, run_after=2026-03-15 00:00:00+00:00
[2026-03-14T14:56:55.089+0000] {processor.py:183} INFO - Processing /opt/airflow/dags/my_first_dag.py took 0.027 seconds
[2026-03-14T14:57:25.794+0000] {processor.py:161} INFO - Started process (PID=274) to work on /opt/airflow/dags/my_first_dag.py
[2026-03-14T14:57:25.795+0000] {processor.py:830} INFO - Processing file /opt/airflow/dags/my_first_dag.py for tasks to queue
[2026-03-14T14:57:25.795+0000] {logging_mixin.py:188} INFO - [2026-03-14T14:57:25.795+0000] {dagbag.py:538} INFO - Filling up the DagBag from /opt/airflow/dags/my_first_dag.py
[2026-03-14T14:57:25.800+0000] {processor.py:840} INFO - DAG(s) 'my_first_dag' retrieved from /opt/airflow/dags/my_first_dag.py
[2026-03-14T14:57:25.807+0000] {logging_mixin.py:188} INFO - [2026-03-14T14:57:25.807+0000] {dag.py:3036} INFO - Sync 1 DAGs
[2026-03-14T14:57:25.814+0000] {logging_mixin.py:188} INFO - [2026-03-14T14:57:25.814+0000] {dag.py:3823} INFO - Setting next_dagrun for my_first_dag to 2026-03-14 00:00:00+00:00, run_after=2026-03-15 00:00:00+00:00
[2026-03-14T14:57:25.819+0000] {processor.py:183} INFO - Processing /opt/airflow/dags/my_first_dag.py took 0.026 seconds
[2026-03-14T14:57:56.648+0000] {processor.py:161} INFO - Started process (PID=305) to work on /opt/airflow/dags/my_first_dag.py
[2026-03-14T14:57:56.649+0000] {processor.py:830} INFO - Processing file /opt/airflow/dags/my_first_dag.py for tasks to queue
[2026-03-14T14:57:56.649+0000] {logging_mixin.py:188} INFO - [2026-03-14T14:57:56.649+0000] {dagbag.py:538} INFO - Filling up the DagBag from /opt/airflow/dags/my_first_dag.py
[2026-03-14T14:57:56.653+0000] {processor.py:840} INFO - DAG(s) 'my_first_dag' retrieved from /opt/airflow/dags/my_first_dag.py
[2026-03-14T14:57:56.661+0000] {logging_mixin.py:188} INFO - [2026-03-14T14:57:56.661+0000] {dag.py:3036} INFO - Sync 1 DAGs
[2026-03-14T14:57:56.668+0000] {logging_mixin.py:188} INFO - [2026-03-14T14:57:56.668+0000] {dag.py:3823} INFO - Setting next_dagrun for my_first_dag to 2026-03-14 00:00:00+00:00, run_after=2026-03-15 00:00:00+00:00
[2026-03-14T14:57:56.674+0000] {processor.py:183} INFO - Processing /opt/airflow/dags/my_first_dag.py took 0.027 seconds
[2026-03-14T14:58:27.692+0000] {processor.py:161} INFO - Started process (PID=336) to work on /opt/airflow/dags/my_first_dag.py
[2026-03-14T14:58:27.692+0000] {processor.py:830} INFO - Processing file /opt/airflow/dags/my_first_dag.py for tasks to queue
[2026-03-14T14:58:27.693+0000] {logging_mixin.py:188} INFO - [2026-03-14T14:58:27.693+0000] {dagbag.py:538} INFO - Filling up the DagBag from /opt/airflow/dags/my_first_dag.py
[2026-03-14T14:58:27.699+0000] {processor.py:840} INFO - DAG(s) 'my_first_dag' retrieved from /opt/airflow/dags/my_first_dag.py
[2026-03-14T14:58:27.712+0000] {logging_mixin.py:188} INFO - [2026-03-14T14:58:27.712+0000] {dag.py:3036} INFO - Sync 1 DAGs
[2026-03-14T14:58:27.728+0000] {logging_mixin.py:188} INFO - [2026-03-14T14:58:27.728+0000] {dag.py:3823} INFO - Setting next_dagrun for my_first_dag to 2026-03-14 00:00:00+00:00, run_after=2026-03-15 00:00:00+00:00
[2026-03-14T14:58:27.736+0000] {processor.py:183} INFO - Processing /opt/airflow/dags/my_first_dag.py took 0.046 seconds
[2026-03-14T14:58:58.497+0000] {processor.py:161} INFO - Started process (PID=366) to work on /opt/airflow/dags/my_first_dag.py
[2026-03-14T14:58:58.497+0000] {processor.py:830} INFO - Processing file /opt/airflow/dags/my_first_dag.py for tasks to queue
[2026-03-14T14:58:58.498+0000] {logging_mixin.py:188} INFO - [2026-03-14T14:58:58.498+0000] {dagbag.py:538} INFO - Filling up the DagBag from /opt/airflow/dags/my_first_dag.py
[2026-03-14T14:58:58.503+0000] {processor.py:840} INFO - DAG(s) 'my_first_dag' retrieved from /opt/airflow/dags/my_first_dag.py
[2026-03-14T14:58:58.514+0000] {logging_mixin.py:188} INFO - [2026-03-14T14:58:58.514+0000] {dag.py:3036} INFO - Sync 1 DAGs
[2026-03-14T14:58:58.523+0000] {logging_mixin.py:188} INFO - [2026-03-14T14:58:58.523+0000] {dag.py:3823} INFO - Setting next_dagrun for my_first_dag to 2026-03-14 00:00:00+00:00, run_after=2026-03-15 00:00:00+00:00
[2026-03-14T14:58:58.530+0000] {processor.py:183} INFO - Processing /opt/airflow/dags/my_first_dag.py took 0.034 seconds
[2026-03-14T15:15:13.421+0000] {processor.py:161} INFO - Started process (PID=391) to work on /opt/airflow/dags/my_first_dag.py
[2026-03-14T15:15:13.422+0000] {processor.py:830} INFO - Processing file /opt/airflow/dags/my_first_dag.py for tasks to queue
[2026-03-14T15:15:13.426+0000] {logging_mixin.py:188} INFO - [2026-03-14T15:15:13.425+0000] {dagbag.py:538} INFO - Filling up the DagBag from /opt/airflow/dags/my_first_dag.py
[2026-03-14T15:15:13.444+0000] {processor.py:840} INFO - DAG(s) 'my_first_dag' retrieved from /opt/airflow/dags/my_first_dag.py
[2026-03-14T15:15:13.468+0000] {logging_mixin.py:188} INFO - [2026-03-14T15:15:13.468+0000] {dag.py:3036} INFO - Sync 1 DAGs
[2026-03-14T15:15:13.490+0000] {logging_mixin.py:188} INFO - [2026-03-14T15:15:13.490+0000] {dag.py:3823} INFO - Setting next_dagrun for my_first_dag to 2026-03-14 00:00:00+00:00, run_after=2026-03-15 00:00:00+00:00
[2026-03-14T15:15:13.505+0000] {processor.py:183} INFO - Processing /opt/airflow/dags/my_first_dag.py took 0.090 seconds
[2026-03-14T15:15:44.353+0000] {processor.py:161} INFO - Started process (PID=422) to work on /opt/airflow/dags/my_first_dag.py
[2026-03-14T15:15:44.354+0000] {processor.py:830} INFO - Processing file /opt/airflow/dags/my_first_dag.py for tasks to queue
[2026-03-14T15:15:44.354+0000] {logging_mixin.py:188} INFO - [2026-03-14T15:15:44.354+0000] {dagbag.py:538} INFO - Filling up the DagBag from /opt/airflow/dags/my_first_dag.py
[2026-03-14T15:15:44.361+0000] {processor.py:840} INFO - DAG(s) 'my_first_dag' retrieved from /opt/airflow/dags/my_first_dag.py
[2026-03-14T15:15:44.369+0000] {logging_mixin.py:188} INFO - [2026-03-14T15:15:44.369+0000] {dag.py:3036} INFO - Sync 1 DAGs
[2026-03-14T15:15:44.377+0000] {logging_mixin.py:188} INFO - [2026-03-14T15:15:44.377+0000] {dag.py:3823} INFO - Setting next_dagrun for my_first_dag to 2026-03-14 00:00:00+00:00, run_after=2026-03-15 00:00:00+00:00
[2026-03-14T15:15:44.381+0000] {processor.py:183} INFO - Processing /opt/airflow/dags/my_first_dag.py took 0.030 seconds
[2026-03-14T15:16:15.089+0000] {processor.py:161} INFO - Started process (PID=453) to work on /opt/airflow/dags/my_first_dag.py
[2026-03-14T15:16:15.090+0000] {processor.py:830} INFO - Processing file /opt/airflow/dags/my_first_dag.py for tasks to queue
[2026-03-14T15:16:15.091+0000] {logging_mixin.py:188} INFO - [2026-03-14T15:16:15.090+0000] {dagbag.py:538} INFO - Filling up the DagBag from /opt/airflow/dags/my_first_dag.py
[2026-03-14T15:16:15.096+0000] {processor.py:840} INFO - DAG(s) 'my_first_dag' retrieved from /opt/airflow/dags/my_first_dag.py
[2026-03-14T15:16:15.106+0000] {logging_mixin.py:188} INFO - [2026-03-14T15:16:15.106+0000] {dag.py:3036} INFO - Sync 1 DAGs
[2026-03-14T15:16:15.119+0000] {logging_mixin.py:188} INFO - [2026-03-14T15:16:15.119+0000] {dag.py:3823} INFO - Setting next_dagrun for my_first_dag to 2026-03-14 00:00:00+00:00, run_after=2026-03-15 00:00:00+00:00
[2026-03-14T15:16:15.125+0000] {processor.py:183} INFO - Processing /opt/airflow/dags/my_first_dag.py took 0.037 seconds
[2026-03-14T15:16:45.929+0000] {processor.py:161} INFO - Started process (PID=484) to work on /opt/airflow/dags/my_first_dag.py
[2026-03-14T15:16:45.930+0000] {processor.py:830} INFO - Processing file /opt/airflow/dags/my_first_dag.py for tasks to queue
[2026-03-14T15:16:45.931+0000] {logging_mixin.py:188} INFO - [2026-03-14T15:16:45.931+0000] {dagbag.py:538} INFO - Filling up the DagBag from /opt/airflow/dags/my_first_dag.py
[2026-03-14T15:16:45.935+0000] {processor.py:840} INFO - DAG(s) 'my_first_dag' retrieved from /opt/airflow/dags/my_first_dag.py
[2026-03-14T15:16:45.942+0000] {logging_mixin.py:188} INFO - [2026-03-14T15:16:45.942+0000] {dag.py:3036} INFO - Sync 1 DAGs
[2026-03-14T15:16:45.949+0000] {logging_mixin.py:188} INFO - [2026-03-14T15:16:45.949+0000] {dag.py:3823} INFO - Setting next_dagrun for my_first_dag to 2026-03-14 00:00:00+00:00, run_after=2026-03-15 00:00:00+00:00
[2026-03-14T15:16:45.954+0000] {processor.py:183} INFO - Processing /opt/airflow/dags/my_first_dag.py took 0.027 seconds
[2026-03-14T15:17:16.820+0000] {processor.py:161} INFO - Started process (PID=515) to work on /opt/airflow/dags/my_first_dag.py
[2026-03-14T15:17:16.820+0000] {processor.py:830} INFO - Processing file /opt/airflow/dags/my_first_dag.py for tasks to queue
[2026-03-14T15:17:16.821+0000] {logging_mixin.py:188} INFO - [2026-03-14T15:17:16.821+0000] {dagbag.py:538} INFO - Filling up the DagBag from /opt/airflow/dags/my_first_dag.py
[2026-03-14T15:17:16.828+0000] {processor.py:840} INFO - DAG(s) 'my_first_dag' retrieved from /opt/airflow/dags/my_first_dag.py
[2026-03-14T15:17:16.838+0000] {logging_mixin.py:188} INFO - [2026-03-14T15:17:16.837+0000] {dag.py:3036} INFO - Sync 1 DAGs
[2026-03-14T15:17:16.845+0000] {logging_mixin.py:188} INFO - [2026-03-14T15:17:16.845+0000] {dag.py:3823} INFO - Setting next_dagrun for my_first_dag to 2026-03-14 00:00:00+00:00, run_after=2026-03-15 00:00:00+00:00
[2026-03-14T15:17:16.850+0000] {processor.py:183} INFO - Processing /opt/airflow/dags/my_first_dag.py took 0.032 seconds
[2026-03-14T15:17:47.553+0000] {processor.py:161} INFO - Started process (PID=546) to work on /opt/airflow/dags/my_first_dag.py
[2026-03-14T15:17:47.553+0000] {processor.py:830} INFO - Processing file /opt/airflow/dags/my_first_dag.py for tasks to queue
[2026-03-14T15:17:47.554+0000] {logging_mixin.py:188} INFO - [2026-03-14T15:17:47.554+0000] {dagbag.py:538} INFO - Filling up the DagBag from /opt/airflow/dags/my_first_dag.py
[2026-03-14T15:17:47.559+0000] {processor.py:840} INFO - DAG(s) 'my_first_dag' retrieved from /opt/airflow/dags/my_first_dag.py
[2026-03-14T15:17:47.567+0000] {logging_mixin.py:188} INFO - [2026-03-14T15:17:47.566+0000] {dag.py:3036} INFO - Sync 1 DAGs
[2026-03-14T15:17:47.574+0000] {logging_mixin.py:188} INFO - [2026-03-14T15:17:47.574+0000] {dag.py:3823} INFO - Setting next_dagrun for my_first_dag to 2026-03-14 00:00:00+00:00, run_after=2026-03-15 00:00:00+00:00
[2026-03-14T15:17:47.579+0000] {processor.py:183} INFO - Processing /opt/airflow/dags/my_first_dag.py took 0.027 seconds
[2026-03-14T15:33:14.264+0000] {processor.py:161} INFO - Started process (PID=577) to work on /opt/airflow/dags/my_first_dag.py
[2026-03-14T15:33:14.265+0000] {processor.py:830} INFO - Processing file /opt/airflow/dags/my_first_dag.py for tasks to queue
[2026-03-14T15:33:14.266+0000] {logging_mixin.py:188} INFO - [2026-03-14T15:33:14.266+0000] {dagbag.py:538} INFO - Filling up the DagBag from /opt/airflow/dags/my_first_dag.py
[2026-03-14T15:33:14.276+0000] {processor.py:840} INFO - DAG(s) 'my_first_dag' retrieved from /opt/airflow/dags/my_first_dag.py
[2026-03-14T15:33:14.294+0000] {logging_mixin.py:188} INFO - [2026-03-14T15:33:14.294+0000] {dag.py:3036} INFO - Sync 1 DAGs
[2026-03-14T15:33:14.303+0000] {logging_mixin.py:188} INFO - [2026-03-14T15:33:14.303+0000] {dag.py:3823} INFO - Setting next_dagrun for my_first_dag to 2026-03-14 00:00:00+00:00, run_after=2026-03-15 00:00:00+00:00
[2026-03-14T15:33:14.312+0000] {processor.py:183} INFO - Processing /opt/airflow/dags/my_first_dag.py took 0.051 seconds
[2026-03-14T15:54:38.824+0000] {processor.py:161} INFO - Started process (PID=608) to work on /opt/airflow/dags/my_first_dag.py
[2026-03-14T15:54:38.827+0000] {processor.py:830} INFO - Processing file /opt/airflow/dags/my_first_dag.py for tasks to queue
[2026-03-14T15:54:38.829+0000] {logging_mixin.py:188} INFO - [2026-03-14T15:54:38.829+0000] {dagbag.py:538} INFO - Filling up the DagBag from /opt/airflow/dags/my_first_dag.py
[2026-03-14T15:54:38.845+0000] {processor.py:840} INFO - DAG(s) 'my_first_dag' retrieved from /opt/airflow/dags/my_first_dag.py
[2026-03-14T15:54:38.867+0000] {logging_mixin.py:188} INFO - [2026-03-14T15:54:38.866+0000] {dag.py:3036} INFO - Sync 1 DAGs
[2026-03-14T15:54:38.881+0000] {logging_mixin.py:188} INFO - [2026-03-14T15:54:38.881+0000] {dag.py:3823} INFO - Setting next_dagrun for my_first_dag to 2026-03-14 00:00:00+00:00, run_after=2026-03-15 00:00:00+00:00
[2026-03-14T15:54:38.901+0000] {processor.py:183} INFO - Processing /opt/airflow/dags/my_first_dag.py took 0.081 seconds
[2026-03-14T15:55:09.755+0000] {processor.py:161} INFO - Started process (PID=639) to work on /opt/airflow/dags/my_first_dag.py
[2026-03-14T15:55:09.756+0000] {processor.py:830} INFO - Processing file /opt/airflow/dags/my_first_dag.py for tasks to queue
[2026-03-14T15:55:09.756+0000] {logging_mixin.py:188} INFO - [2026-03-14T15:55:09.756+0000] {dagbag.py:538} INFO - Filling up the DagBag from /opt/airflow/dags/my_first_dag.py
[2026-03-14T15:55:09.761+0000] {processor.py:840} INFO - DAG(s) 'my_first_dag' retrieved from /opt/airflow/dags/my_first_dag.py
[2026-03-14T15:55:09.769+0000] {logging_mixin.py:188} INFO - [2026-03-14T15:55:09.769+0000] {dag.py:3036} INFO - Sync 1 DAGs
[2026-03-14T15:55:09.777+0000] {logging_mixin.py:188} INFO - [2026-03-14T15:55:09.777+0000] {dag.py:3823} INFO - Setting next_dagrun for my_first_dag to 2026-03-14 00:00:00+00:00, run_after=2026-03-15 00:00:00+00:00
[2026-03-14T15:55:09.782+0000] {processor.py:183} INFO - Processing /opt/airflow/dags/my_first_dag.py took 0.028 seconds
[2026-03-14T15:56:08.524+0000] {processor.py:161} INFO - Started process (PID=670) to work on /opt/airflow/dags/my_first_dag.py
[2026-03-14T15:56:08.524+0000] {processor.py:830} INFO - Processing file /opt/airflow/dags/my_first_dag.py for tasks to queue
[2026-03-14T15:56:08.525+0000] {logging_mixin.py:188} INFO - [2026-03-14T15:56:08.525+0000] {dagbag.py:538} INFO - Filling up the DagBag from /opt/airflow/dags/my_first_dag.py
[2026-03-14T15:56:08.531+0000] {processor.py:840} INFO - DAG(s) 'my_first_dag' retrieved from /opt/airflow/dags/my_first_dag.py
[2026-03-14T15:56:08.539+0000] {logging_mixin.py:188} INFO - [2026-03-14T15:56:08.539+0000] {dag.py:3036} INFO - Sync 1 DAGs
[2026-03-14T15:56:08.548+0000] {logging_mixin.py:188} INFO - [2026-03-14T15:56:08.548+0000] {dag.py:3823} INFO - Setting next_dagrun for my_first_dag to 2026-03-14 00:00:00+00:00, run_after=2026-03-15 00:00:00+00:00
[2026-03-14T15:56:08.554+0000] {processor.py:183} INFO - Processing /opt/airflow/dags/my_first_dag.py took 0.032 seconds
[2026-03-14T15:56:45.419+0000] {processor.py:161} INFO - Started process (PID=701) to work on /opt/airflow/dags/my_first_dag.py
[2026-03-14T15:56:45.419+0000] {processor.py:830} INFO - Processing file /opt/airflow/dags/my_first_dag.py for tasks to queue
[2026-03-14T15:56:45.420+0000] {logging_mixin.py:188} INFO - [2026-03-14T15:56:45.420+0000] {dagbag.py:538} INFO - Filling up the DagBag from /opt/airflow/dags/my_first_dag.py
[2026-03-14T15:56:45.426+0000] {processor.py:840} INFO - DAG(s) 'my_first_dag' retrieved from /opt/airflow/dags/my_first_dag.py
[2026-03-14T15:56:45.434+0000] {logging_mixin.py:188} INFO - [2026-03-14T15:56:45.434+0000] {dag.py:3036} INFO - Sync 1 DAGs
[2026-03-14T15:56:45.443+0000] {logging_mixin.py:188} INFO - [2026-03-14T15:56:45.443+0000] {dag.py:3823} INFO - Setting next_dagrun for my_first_dag to 2026-03-14 00:00:00+00:00, run_after=2026-03-15 00:00:00+00:00
[2026-03-14T15:56:45.449+0000] {processor.py:183} INFO - Processing /opt/airflow/dags/my_first_dag.py took 0.032 seconds
[2026-03-14T15:57:16.174+0000] {processor.py:161} INFO - Started process (PID=732) to work on /opt/airflow/dags/my_first_dag.py
[2026-03-14T15:57:16.175+0000] {processor.py:830} INFO - Processing file /opt/airflow/dags/my_first_dag.py for tasks to queue
[2026-03-14T15:57:16.175+0000] {logging_mixin.py:188} INFO - [2026-03-14T15:57:16.175+0000] {dagbag.py:538} INFO - Filling up the DagBag from /opt/airflow/dags/my_first_dag.py
[2026-03-14T15:57:16.181+0000] {processor.py:840} INFO - DAG(s) 'my_first_dag' retrieved from /opt/airflow/dags/my_first_dag.py
[2026-03-14T15:57:16.189+0000] {logging_mixin.py:188} INFO - [2026-03-14T15:57:16.189+0000] {dag.py:3036} INFO - Sync 1 DAGs
[2026-03-14T15:57:16.197+0000] {logging_mixin.py:188} INFO - [2026-03-14T15:57:16.197+0000] {dag.py:3823} INFO - Setting next_dagrun for my_first_dag to 2026-03-14 00:00:00+00:00, run_after=2026-03-15 00:00:00+00:00
[2026-03-14T15:57:16.203+0000] {processor.py:183} INFO - Processing /opt/airflow/dags/my_first_dag.py took 0.031 seconds
[2026-03-14T16:05:58.192+0000] {processor.py:161} INFO - Started process (PID=763) to work on /opt/airflow/dags/my_first_dag.py
[2026-03-14T16:05:58.193+0000] {processor.py:830} INFO - Processing file /opt/airflow/dags/my_first_dag.py for tasks to queue
[2026-03-14T16:05:58.193+0000] {logging_mixin.py:188} INFO - [2026-03-14T16:05:58.193+0000] {dagbag.py:538} INFO - Filling up the DagBag from /opt/airflow/dags/my_first_dag.py
[2026-03-14T16:05:58.199+0000] {processor.py:840} INFO - DAG(s) 'my_first_dag' retrieved from /opt/airflow/dags/my_first_dag.py
[2026-03-14T16:05:58.207+0000] {logging_mixin.py:188} INFO - [2026-03-14T16:05:58.206+0000] {dag.py:3036} INFO - Sync 1 DAGs
[2026-03-14T16:05:58.215+0000] {logging_mixin.py:188} INFO - [2026-03-14T16:05:58.215+0000] {dag.py:3823} INFO - Setting next_dagrun for my_first_dag to 2026-03-14 00:00:00+00:00, run_after=2026-03-15 00:00:00+00:00
[2026-03-14T16:05:58.223+0000] {processor.py:183} INFO - Processing /opt/airflow/dags/my_first_dag.py took 0.032 seconds
[2026-03-14T16:06:29.112+0000] {processor.py:161} INFO - Started process (PID=794) to work on /opt/airflow/dags/my_first_dag.py
[2026-03-14T16:06:29.113+0000] {processor.py:830} INFO - Processing file /opt/airflow/dags/my_first_dag.py for tasks to queue
[2026-03-14T16:06:29.116+0000] {logging_mixin.py:188} INFO - [2026-03-14T16:06:29.115+0000] {dagbag.py:538} INFO - Filling up the DagBag from /opt/airflow/dags/my_first_dag.py
[2026-03-14T16:06:29.123+0000] {processor.py:840} INFO - DAG(s) 'my_first_dag' retrieved from /opt/airflow/dags/my_first_dag.py
[2026-03-14T16:06:29.133+0000] {logging_mixin.py:188} INFO - [2026-03-14T16:06:29.133+0000] {dag.py:3036} INFO - Sync 1 DAGs
[2026-03-14T16:06:29.141+0000] {logging_mixin.py:188} INFO - [2026-03-14T16:06:29.141+0000] {dag.py:3823} INFO - Setting next_dagrun for my_first_dag to 2026-03-14 00:00:00+00:00, run_after=2026-03-15 00:00:00+00:00
[2026-03-14T16:06:29.146+0000] {processor.py:183} INFO - Processing /opt/airflow/dags/my_first_dag.py took 0.037 seconds
[2026-03-14T16:24:37.653+0000] {processor.py:161} INFO - Started process (PID=825) to work on /opt/airflow/dags/my_first_dag.py
[2026-03-14T16:24:37.654+0000] {processor.py:830} INFO - Processing file /opt/airflow/dags/my_first_dag.py for tasks to queue
[2026-03-14T16:24:37.656+0000] {logging_mixin.py:188} INFO - [2026-03-14T16:24:37.656+0000] {dagbag.py:538} INFO - Filling up the DagBag from /opt/airflow/dags/my_first_dag.py
[2026-03-14T16:24:37.667+0000] {processor.py:840} INFO - DAG(s) 'my_first_dag' retrieved from /opt/airflow/dags/my_first_dag.py
[2026-03-14T16:24:37.686+0000] {logging_mixin.py:188} INFO - [2026-03-14T16:24:37.686+0000] {dag.py:3036} INFO - Sync 1 DAGs
[2026-03-14T16:24:37.708+0000] {logging_mixin.py:188} INFO - [2026-03-14T16:24:37.707+0000] {dag.py:3823} INFO - Setting next_dagrun for my_first_dag to 2026-03-14 00:00:00+00:00, run_after=2026-03-15 00:00:00+00:00
[2026-03-14T16:24:37.726+0000] {processor.py:183} INFO - Processing /opt/airflow/dags/my_first_dag.py took 0.076 seconds
[2026-03-14T16:30:27.576+0000] {processor.py:161} INFO - Started process (PID=856) to work on /opt/airflow/dags/my_first_dag.py
[2026-03-14T16:30:27.577+0000] {processor.py:830} INFO - Processing file /opt/airflow/dags/my_first_dag.py for tasks to queue
[2026-03-14T16:30:27.578+0000] {logging_mixin.py:188} INFO - [2026-03-14T16:30:27.578+0000] {dagbag.py:538} INFO - Filling up the DagBag from /opt/airflow/dags/my_first_dag.py
[2026-03-14T16:30:27.583+0000] {processor.py:840} INFO - DAG(s) 'my_first_dag' retrieved from /opt/airflow/dags/my_first_dag.py
[2026-03-14T16:30:27.591+0000] {logging_mixin.py:188} INFO - [2026-03-14T16:30:27.591+0000] {dag.py:3036} INFO - Sync 1 DAGs
[2026-03-14T16:30:27.599+0000] {logging_mixin.py:188} INFO - [2026-03-14T16:30:27.599+0000] {dag.py:3823} INFO - Setting next_dagrun for my_first_dag to 2026-03-14 00:00:00+00:00, run_after=2026-03-15 00:00:00+00:00
[2026-03-14T16:30:27.604+0000] {processor.py:183} INFO - Processing /opt/airflow/dags/my_first_dag.py took 0.030 seconds
[2026-03-14T16:39:40.969+0000] {processor.py:161} INFO - Started process (PID=887) to work on /opt/airflow/dags/my_first_dag.py
[2026-03-14T16:39:40.970+0000] {processor.py:830} INFO - Processing file /opt/airflow/dags/my_first_dag.py for tasks to queue
[2026-03-14T16:39:40.970+0000] {logging_mixin.py:188} INFO - [2026-03-14T16:39:40.970+0000] {dagbag.py:538} INFO - Filling up the DagBag from /opt/airflow/dags/my_first_dag.py
[2026-03-14T16:39:40.976+0000] {processor.py:840} INFO - DAG(s) 'my_first_dag' retrieved from /opt/airflow/dags/my_first_dag.py
[2026-03-14T16:39:40.985+0000] {logging_mixin.py:188} INFO - [2026-03-14T16:39:40.985+0000] {dag.py:3036} INFO - Sync 1 DAGs
[2026-03-14T16:39:40.994+0000] {logging_mixin.py:188} INFO - [2026-03-14T16:39:40.994+0000] {dag.py:3823} INFO - Setting next_dagrun for my_first_dag to 2026-03-14 00:00:00+00:00, run_after=2026-03-15 00:00:00+00:00
[2026-03-14T16:39:41.007+0000] {processor.py:183} INFO - Processing /opt/airflow/dags/my_first_dag.py took 0.039 seconds
