[2026-03-14T14:54:50.479+0000] {processor.py:161} INFO - Started process (PID=65) to work on /opt/airflow/dags/sandbox.py
[2026-03-14T14:54:50.480+0000] {processor.py:830} INFO - Processing file /opt/airflow/dags/sandbox.py for tasks to queue
[2026-03-14T14:54:50.482+0000] {logging_mixin.py:188} INFO - [2026-03-14T14:54:50.482+0000] {dagbag.py:538} INFO - Filling up the DagBag from /opt/airflow/dags/sandbox.py
[2026-03-14T14:54:50.500+0000] {processor.py:840} INFO - DAG(s) 'sandbox_demo' retrieved from /opt/airflow/dags/sandbox.py
[2026-03-14T14:54:50.522+0000] {logging_mixin.py:188} INFO - [2026-03-14T14:54:50.521+0000] {dag.py:3036} INFO - Sync 1 DAGs
[2026-03-14T14:54:50.539+0000] {logging_mixin.py:188} INFO - [2026-03-14T14:54:50.539+0000] {dag.py:3823} INFO - Setting next_dagrun for sandbox_demo to 2026-03-13 02:00:00+00:00, run_after=2026-03-14 02:00:00+00:00
[2026-03-14T14:54:50.553+0000] {processor.py:183} INFO - Processing /opt/airflow/dags/sandbox.py took 0.077 seconds
[2026-03-14T14:55:20.974+0000] {processor.py:161} INFO - Started process (PID=121) to work on /opt/airflow/dags/sandbox.py
[2026-03-14T14:55:20.975+0000] {processor.py:830} INFO - Processing file /opt/airflow/dags/sandbox.py for tasks to queue
[2026-03-14T14:55:20.979+0000] {logging_mixin.py:188} INFO - [2026-03-14T14:55:20.978+0000] {dagbag.py:538} INFO - Filling up the DagBag from /opt/airflow/dags/sandbox.py
[2026-03-14T14:55:20.998+0000] {processor.py:840} INFO - DAG(s) 'sandbox_demo' retrieved from /opt/airflow/dags/sandbox.py
[2026-03-14T14:55:21.016+0000] {logging_mixin.py:188} INFO - [2026-03-14T14:55:21.016+0000] {dag.py:3036} INFO - Sync 1 DAGs
[2026-03-14T14:55:21.026+0000] {logging_mixin.py:188} INFO - [2026-03-14T14:55:21.025+0000] {dag.py:3823} INFO - Setting next_dagrun for sandbox_demo to 2026-03-14 02:00:00+00:00, run_after=2026-03-15 02:00:00+00:00
[2026-03-14T14:55:21.034+0000] {processor.py:183} INFO - Processing /opt/airflow/dags/sandbox.py took 0.063 seconds
[2026-03-14T14:55:51.852+0000] {processor.py:161} INFO - Started process (PID=152) to work on /opt/airflow/dags/sandbox.py
[2026-03-14T14:55:51.853+0000] {processor.py:830} INFO - Processing file /opt/airflow/dags/sandbox.py for tasks to queue
[2026-03-14T14:55:51.855+0000] {logging_mixin.py:188} INFO - [2026-03-14T14:55:51.855+0000] {dagbag.py:538} INFO - Filling up the DagBag from /opt/airflow/dags/sandbox.py
[2026-03-14T14:55:51.869+0000] {processor.py:840} INFO - DAG(s) 'sandbox_demo' retrieved from /opt/airflow/dags/sandbox.py
[2026-03-14T14:55:51.887+0000] {logging_mixin.py:188} INFO - [2026-03-14T14:55:51.887+0000] {dag.py:3036} INFO - Sync 1 DAGs
[2026-03-14T14:55:51.898+0000] {logging_mixin.py:188} INFO - [2026-03-14T14:55:51.898+0000] {dag.py:3823} INFO - Setting next_dagrun for sandbox_demo to 2026-03-14 02:00:00+00:00, run_after=2026-03-15 02:00:00+00:00
[2026-03-14T14:55:51.904+0000] {processor.py:183} INFO - Processing /opt/airflow/dags/sandbox.py took 0.055 seconds
[2026-03-14T14:56:22.714+0000] {processor.py:161} INFO - Started process (PID=189) to work on /opt/airflow/dags/sandbox.py
[2026-03-14T14:56:22.715+0000] {processor.py:830} INFO - Processing file /opt/airflow/dags/sandbox.py for tasks to queue
[2026-03-14T14:56:22.716+0000] {logging_mixin.py:188} INFO - [2026-03-14T14:56:22.716+0000] {dagbag.py:538} INFO - Filling up the DagBag from /opt/airflow/dags/sandbox.py
[2026-03-14T14:56:22.730+0000] {processor.py:840} INFO - DAG(s) 'sandbox_demo' retrieved from /opt/airflow/dags/sandbox.py
[2026-03-14T14:56:22.748+0000] {logging_mixin.py:188} INFO - [2026-03-14T14:56:22.747+0000] {dag.py:3036} INFO - Sync 1 DAGs
[2026-03-14T14:56:22.759+0000] {logging_mixin.py:188} INFO - [2026-03-14T14:56:22.759+0000] {dag.py:3823} INFO - Setting next_dagrun for sandbox_demo to 2026-03-14 02:00:00+00:00, run_after=2026-03-15 02:00:00+00:00
[2026-03-14T14:56:22.765+0000] {processor.py:183} INFO - Processing /opt/airflow/dags/sandbox.py took 0.054 seconds
[2026-03-14T14:56:53.471+0000] {processor.py:161} INFO - Started process (PID=220) to work on /opt/airflow/dags/sandbox.py
[2026-03-14T14:56:53.475+0000] {processor.py:830} INFO - Processing file /opt/airflow/dags/sandbox.py for tasks to queue
[2026-03-14T14:56:53.479+0000] {logging_mixin.py:188} INFO - [2026-03-14T14:56:53.479+0000] {dagbag.py:538} INFO - Filling up the DagBag from /opt/airflow/dags/sandbox.py
[2026-03-14T14:56:53.500+0000] {processor.py:840} INFO - DAG(s) 'sandbox_demo' retrieved from /opt/airflow/dags/sandbox.py
[2026-03-14T14:56:53.534+0000] {logging_mixin.py:188} INFO - [2026-03-14T14:56:53.534+0000] {dag.py:3036} INFO - Sync 1 DAGs
[2026-03-14T14:56:53.570+0000] {logging_mixin.py:188} INFO - [2026-03-14T14:56:53.569+0000] {dag.py:3823} INFO - Setting next_dagrun for sandbox_demo to 2026-03-14 02:00:00+00:00, run_after=2026-03-15 02:00:00+00:00
[2026-03-14T14:56:53.593+0000] {processor.py:183} INFO - Processing /opt/airflow/dags/sandbox.py took 0.128 seconds
[2026-03-14T14:57:24.357+0000] {processor.py:161} INFO - Started process (PID=251) to work on /opt/airflow/dags/sandbox.py
[2026-03-14T14:57:24.358+0000] {processor.py:830} INFO - Processing file /opt/airflow/dags/sandbox.py for tasks to queue
[2026-03-14T14:57:24.360+0000] {logging_mixin.py:188} INFO - [2026-03-14T14:57:24.360+0000] {dagbag.py:538} INFO - Filling up the DagBag from /opt/airflow/dags/sandbox.py
[2026-03-14T14:57:24.373+0000] {processor.py:840} INFO - DAG(s) 'sandbox_demo' retrieved from /opt/airflow/dags/sandbox.py
[2026-03-14T14:57:24.389+0000] {logging_mixin.py:188} INFO - [2026-03-14T14:57:24.389+0000] {dag.py:3036} INFO - Sync 1 DAGs
[2026-03-14T14:57:24.399+0000] {logging_mixin.py:188} INFO - [2026-03-14T14:57:24.398+0000] {dag.py:3823} INFO - Setting next_dagrun for sandbox_demo to 2026-03-14 02:00:00+00:00, run_after=2026-03-15 02:00:00+00:00
[2026-03-14T14:57:24.405+0000] {processor.py:183} INFO - Processing /opt/airflow/dags/sandbox.py took 0.051 seconds
[2026-03-14T14:57:55.080+0000] {processor.py:161} INFO - Started process (PID=282) to work on /opt/airflow/dags/sandbox.py
[2026-03-14T14:57:55.081+0000] {processor.py:830} INFO - Processing file /opt/airflow/dags/sandbox.py for tasks to queue
[2026-03-14T14:57:55.083+0000] {logging_mixin.py:188} INFO - [2026-03-14T14:57:55.083+0000] {dagbag.py:538} INFO - Filling up the DagBag from /opt/airflow/dags/sandbox.py
[2026-03-14T14:57:55.106+0000] {processor.py:840} INFO - DAG(s) 'sandbox_demo' retrieved from /opt/airflow/dags/sandbox.py
[2026-03-14T14:57:55.123+0000] {logging_mixin.py:188} INFO - [2026-03-14T14:57:55.122+0000] {dag.py:3036} INFO - Sync 1 DAGs
[2026-03-14T14:57:55.133+0000] {logging_mixin.py:188} INFO - [2026-03-14T14:57:55.133+0000] {dag.py:3823} INFO - Setting next_dagrun for sandbox_demo to 2026-03-14 02:00:00+00:00, run_after=2026-03-15 02:00:00+00:00
[2026-03-14T14:57:55.140+0000] {processor.py:183} INFO - Processing /opt/airflow/dags/sandbox.py took 0.064 seconds
[2026-03-14T14:58:25.907+0000] {processor.py:161} INFO - Started process (PID=313) to work on /opt/airflow/dags/sandbox.py
[2026-03-14T14:58:25.909+0000] {processor.py:830} INFO - Processing file /opt/airflow/dags/sandbox.py for tasks to queue
[2026-03-14T14:58:25.911+0000] {logging_mixin.py:188} INFO - [2026-03-14T14:58:25.911+0000] {dagbag.py:538} INFO - Filling up the DagBag from /opt/airflow/dags/sandbox.py
[2026-03-14T14:58:25.928+0000] {processor.py:840} INFO - DAG(s) 'sandbox_demo' retrieved from /opt/airflow/dags/sandbox.py
[2026-03-14T14:58:25.948+0000] {logging_mixin.py:188} INFO - [2026-03-14T14:58:25.947+0000] {dag.py:3036} INFO - Sync 1 DAGs
[2026-03-14T14:58:25.961+0000] {logging_mixin.py:188} INFO - [2026-03-14T14:58:25.960+0000] {dag.py:3823} INFO - Setting next_dagrun for sandbox_demo to 2026-03-14 02:00:00+00:00, run_after=2026-03-15 02:00:00+00:00
[2026-03-14T14:58:25.970+0000] {processor.py:183} INFO - Processing /opt/airflow/dags/sandbox.py took 0.065 seconds
[2026-03-14T14:58:56.980+0000] {processor.py:161} INFO - Started process (PID=343) to work on /opt/airflow/dags/sandbox.py
[2026-03-14T14:58:56.981+0000] {processor.py:830} INFO - Processing file /opt/airflow/dags/sandbox.py for tasks to queue
[2026-03-14T14:58:56.983+0000] {logging_mixin.py:188} INFO - [2026-03-14T14:58:56.983+0000] {dagbag.py:538} INFO - Filling up the DagBag from /opt/airflow/dags/sandbox.py
[2026-03-14T14:58:57.005+0000] {processor.py:840} INFO - DAG(s) 'sandbox_demo' retrieved from /opt/airflow/dags/sandbox.py
[2026-03-14T14:58:57.021+0000] {logging_mixin.py:188} INFO - [2026-03-14T14:58:57.020+0000] {dag.py:3036} INFO - Sync 1 DAGs
[2026-03-14T14:58:57.030+0000] {logging_mixin.py:188} INFO - [2026-03-14T14:58:57.030+0000] {dag.py:3823} INFO - Setting next_dagrun for sandbox_demo to 2026-03-14 02:00:00+00:00, run_after=2026-03-15 02:00:00+00:00
[2026-03-14T14:58:57.035+0000] {processor.py:183} INFO - Processing /opt/airflow/dags/sandbox.py took 0.058 seconds
[2026-03-14T15:15:12.176+0000] {processor.py:161} INFO - Started process (PID=370) to work on /opt/airflow/dags/sandbox.py
[2026-03-14T15:15:12.177+0000] {processor.py:830} INFO - Processing file /opt/airflow/dags/sandbox.py for tasks to queue
[2026-03-14T15:15:12.177+0000] {logging_mixin.py:188} INFO - [2026-03-14T15:15:12.177+0000] {dagbag.py:538} INFO - Filling up the DagBag from /opt/airflow/dags/sandbox.py
[2026-03-14T15:15:12.184+0000] {processor.py:840} INFO - DAG(s) 'sandbox_demo' retrieved from /opt/airflow/dags/sandbox.py
[2026-03-14T15:15:12.209+0000] {logging_mixin.py:188} INFO - [2026-03-14T15:15:12.208+0000] {dag.py:3036} INFO - Sync 1 DAGs
[2026-03-14T15:15:12.231+0000] {logging_mixin.py:188} INFO - [2026-03-14T15:15:12.231+0000] {dag.py:3823} INFO - Setting next_dagrun for sandbox_demo to 2026-03-14 02:00:00+00:00, run_after=2026-03-15 02:00:00+00:00
[2026-03-14T15:15:12.251+0000] {processor.py:183} INFO - Processing /opt/airflow/dags/sandbox.py took 0.076 seconds
[2026-03-14T15:15:42.801+0000] {processor.py:161} INFO - Started process (PID=399) to work on /opt/airflow/dags/sandbox.py
[2026-03-14T15:15:42.803+0000] {processor.py:830} INFO - Processing file /opt/airflow/dags/sandbox.py for tasks to queue
[2026-03-14T15:15:42.807+0000] {logging_mixin.py:188} INFO - [2026-03-14T15:15:42.806+0000] {dagbag.py:538} INFO - Filling up the DagBag from /opt/airflow/dags/sandbox.py
[2026-03-14T15:15:42.824+0000] {processor.py:840} INFO - DAG(s) 'sandbox_demo' retrieved from /opt/airflow/dags/sandbox.py
[2026-03-14T15:15:42.845+0000] {logging_mixin.py:188} INFO - [2026-03-14T15:15:42.845+0000] {dag.py:3036} INFO - Sync 1 DAGs
[2026-03-14T15:15:42.855+0000] {logging_mixin.py:188} INFO - [2026-03-14T15:15:42.855+0000] {dag.py:3823} INFO - Setting next_dagrun for sandbox_demo to 2026-03-14 02:00:00+00:00, run_after=2026-03-15 02:00:00+00:00
[2026-03-14T15:15:42.863+0000] {processor.py:183} INFO - Processing /opt/airflow/dags/sandbox.py took 0.068 seconds
[2026-03-14T15:16:13.648+0000] {processor.py:161} INFO - Started process (PID=430) to work on /opt/airflow/dags/sandbox.py
[2026-03-14T15:16:13.650+0000] {processor.py:830} INFO - Processing file /opt/airflow/dags/sandbox.py for tasks to queue
[2026-03-14T15:16:13.652+0000] {logging_mixin.py:188} INFO - [2026-03-14T15:16:13.651+0000] {dagbag.py:538} INFO - Filling up the DagBag from /opt/airflow/dags/sandbox.py
[2026-03-14T15:16:13.667+0000] {processor.py:840} INFO - DAG(s) 'sandbox_demo' retrieved from /opt/airflow/dags/sandbox.py
[2026-03-14T15:16:13.684+0000] {logging_mixin.py:188} INFO - [2026-03-14T15:16:13.684+0000] {dag.py:3036} INFO - Sync 1 DAGs
[2026-03-14T15:16:13.693+0000] {logging_mixin.py:188} INFO - [2026-03-14T15:16:13.693+0000] {dag.py:3823} INFO - Setting next_dagrun for sandbox_demo to 2026-03-14 02:00:00+00:00, run_after=2026-03-15 02:00:00+00:00
[2026-03-14T15:16:13.700+0000] {processor.py:183} INFO - Processing /opt/airflow/dags/sandbox.py took 0.056 seconds
[2026-03-14T15:16:44.467+0000] {processor.py:161} INFO - Started process (PID=461) to work on /opt/airflow/dags/sandbox.py
[2026-03-14T15:16:44.468+0000] {processor.py:830} INFO - Processing file /opt/airflow/dags/sandbox.py for tasks to queue
[2026-03-14T15:16:44.470+0000] {logging_mixin.py:188} INFO - [2026-03-14T15:16:44.470+0000] {dagbag.py:538} INFO - Filling up the DagBag from /opt/airflow/dags/sandbox.py
[2026-03-14T15:16:44.488+0000] {processor.py:840} INFO - DAG(s) 'sandbox_demo' retrieved from /opt/airflow/dags/sandbox.py
[2026-03-14T15:16:44.506+0000] {logging_mixin.py:188} INFO - [2026-03-14T15:16:44.506+0000] {dag.py:3036} INFO - Sync 1 DAGs
[2026-03-14T15:16:44.515+0000] {logging_mixin.py:188} INFO - [2026-03-14T15:16:44.515+0000] {dag.py:3823} INFO - Setting next_dagrun for sandbox_demo to 2026-03-14 02:00:00+00:00, run_after=2026-03-15 02:00:00+00:00
[2026-03-14T15:16:44.520+0000] {processor.py:183} INFO - Processing /opt/airflow/dags/sandbox.py took 0.056 seconds
[2026-03-14T15:17:15.285+0000] {processor.py:161} INFO - Started process (PID=492) to work on /opt/airflow/dags/sandbox.py
[2026-03-14T15:17:15.286+0000] {processor.py:830} INFO - Processing file /opt/airflow/dags/sandbox.py for tasks to queue
[2026-03-14T15:17:15.288+0000] {logging_mixin.py:188} INFO - [2026-03-14T15:17:15.287+0000] {dagbag.py:538} INFO - Filling up the DagBag from /opt/airflow/dags/sandbox.py
[2026-03-14T15:17:15.304+0000] {processor.py:840} INFO - DAG(s) 'sandbox_demo' retrieved from /opt/airflow/dags/sandbox.py
[2026-03-14T15:17:15.320+0000] {logging_mixin.py:188} INFO - [2026-03-14T15:17:15.320+0000] {dag.py:3036} INFO - Sync 1 DAGs
[2026-03-14T15:17:15.331+0000] {logging_mixin.py:188} INFO - [2026-03-14T15:17:15.331+0000] {dag.py:3823} INFO - Setting next_dagrun for sandbox_demo to 2026-03-14 02:00:00+00:00, run_after=2026-03-15 02:00:00+00:00
[2026-03-14T15:17:15.336+0000] {processor.py:183} INFO - Processing /opt/airflow/dags/sandbox.py took 0.055 seconds
[2026-03-14T15:17:46.134+0000] {processor.py:161} INFO - Started process (PID=523) to work on /opt/airflow/dags/sandbox.py
[2026-03-14T15:17:46.136+0000] {processor.py:830} INFO - Processing file /opt/airflow/dags/sandbox.py for tasks to queue
[2026-03-14T15:17:46.137+0000] {logging_mixin.py:188} INFO - [2026-03-14T15:17:46.137+0000] {dagbag.py:538} INFO - Filling up the DagBag from /opt/airflow/dags/sandbox.py
[2026-03-14T15:17:46.153+0000] {processor.py:840} INFO - DAG(s) 'sandbox_demo' retrieved from /opt/airflow/dags/sandbox.py
[2026-03-14T15:17:46.168+0000] {logging_mixin.py:188} INFO - [2026-03-14T15:17:46.168+0000] {dag.py:3036} INFO - Sync 1 DAGs
[2026-03-14T15:17:46.177+0000] {logging_mixin.py:188} INFO - [2026-03-14T15:17:46.177+0000] {dag.py:3823} INFO - Setting next_dagrun for sandbox_demo to 2026-03-14 02:00:00+00:00, run_after=2026-03-15 02:00:00+00:00
[2026-03-14T15:17:46.184+0000] {processor.py:183} INFO - Processing /opt/airflow/dags/sandbox.py took 0.052 seconds
[2026-03-14T15:33:13.625+0000] {processor.py:161} INFO - Started process (PID=556) to work on /opt/airflow/dags/sandbox.py
[2026-03-14T15:33:13.627+0000] {processor.py:830} INFO - Processing file /opt/airflow/dags/sandbox.py for tasks to queue
[2026-03-14T15:33:13.629+0000] {logging_mixin.py:188} INFO - [2026-03-14T15:33:13.629+0000] {dagbag.py:538} INFO - Filling up the DagBag from /opt/airflow/dags/sandbox.py
[2026-03-14T15:33:13.646+0000] {processor.py:840} INFO - DAG(s) 'sandbox_demo' retrieved from /opt/airflow/dags/sandbox.py
[2026-03-14T15:33:13.671+0000] {logging_mixin.py:188} INFO - [2026-03-14T15:33:13.671+0000] {dag.py:3036} INFO - Sync 1 DAGs
[2026-03-14T15:33:13.691+0000] {logging_mixin.py:188} INFO - [2026-03-14T15:33:13.691+0000] {dag.py:3823} INFO - Setting next_dagrun for sandbox_demo to 2026-03-14 02:00:00+00:00, run_after=2026-03-15 02:00:00+00:00
[2026-03-14T15:33:13.706+0000] {processor.py:183} INFO - Processing /opt/airflow/dags/sandbox.py took 0.086 seconds
[2026-03-14T15:54:38.064+0000] {processor.py:161} INFO - Started process (PID=586) to work on /opt/airflow/dags/sandbox.py
[2026-03-14T15:54:38.065+0000] {processor.py:830} INFO - Processing file /opt/airflow/dags/sandbox.py for tasks to queue
[2026-03-14T15:54:38.066+0000] {logging_mixin.py:188} INFO - [2026-03-14T15:54:38.065+0000] {dagbag.py:538} INFO - Filling up the DagBag from /opt/airflow/dags/sandbox.py
[2026-03-14T15:54:38.075+0000] {processor.py:840} INFO - DAG(s) 'sandbox_demo' retrieved from /opt/airflow/dags/sandbox.py
[2026-03-14T15:54:38.088+0000] {logging_mixin.py:188} INFO - [2026-03-14T15:54:38.088+0000] {dag.py:3036} INFO - Sync 1 DAGs
[2026-03-14T15:54:38.099+0000] {logging_mixin.py:188} INFO - [2026-03-14T15:54:38.099+0000] {dag.py:3823} INFO - Setting next_dagrun for sandbox_demo to 2026-03-14 02:00:00+00:00, run_after=2026-03-15 02:00:00+00:00
[2026-03-14T15:54:38.107+0000] {processor.py:183} INFO - Processing /opt/airflow/dags/sandbox.py took 0.044 seconds
[2026-03-14T15:55:08.230+0000] {processor.py:161} INFO - Started process (PID=616) to work on /opt/airflow/dags/sandbox.py
[2026-03-14T15:55:08.234+0000] {processor.py:830} INFO - Processing file /opt/airflow/dags/sandbox.py for tasks to queue
[2026-03-14T15:55:08.245+0000] {logging_mixin.py:188} INFO - [2026-03-14T15:55:08.244+0000] {dagbag.py:538} INFO - Filling up the DagBag from /opt/airflow/dags/sandbox.py
[2026-03-14T15:55:08.269+0000] {processor.py:840} INFO - DAG(s) 'sandbox_demo' retrieved from /opt/airflow/dags/sandbox.py
[2026-03-14T15:55:08.284+0000] {logging_mixin.py:188} INFO - [2026-03-14T15:55:08.284+0000] {dag.py:3036} INFO - Sync 1 DAGs
[2026-03-14T15:55:08.298+0000] {logging_mixin.py:188} INFO - [2026-03-14T15:55:08.298+0000] {dag.py:3823} INFO - Setting next_dagrun for sandbox_demo to 2026-03-14 02:00:00+00:00, run_after=2026-03-15 02:00:00+00:00
[2026-03-14T15:55:08.305+0000] {processor.py:183} INFO - Processing /opt/airflow/dags/sandbox.py took 0.079 seconds
[2026-03-14T15:56:08.060+0000] {processor.py:161} INFO - Started process (PID=649) to work on /opt/airflow/dags/sandbox.py
[2026-03-14T15:56:08.061+0000] {processor.py:830} INFO - Processing file /opt/airflow/dags/sandbox.py for tasks to queue
[2026-03-14T15:56:08.061+0000] {logging_mixin.py:188} INFO - [2026-03-14T15:56:08.061+0000] {dagbag.py:538} INFO - Filling up the DagBag from /opt/airflow/dags/sandbox.py
[2026-03-14T15:56:08.069+0000] {processor.py:840} INFO - DAG(s) 'sandbox_demo' retrieved from /opt/airflow/dags/sandbox.py
[2026-03-14T15:56:08.083+0000] {logging_mixin.py:188} INFO - [2026-03-14T15:56:08.083+0000] {dag.py:3036} INFO - Sync 1 DAGs
[2026-03-14T15:56:08.094+0000] {logging_mixin.py:188} INFO - [2026-03-14T15:56:08.093+0000] {dag.py:3823} INFO - Setting next_dagrun for sandbox_demo to 2026-03-14 02:00:00+00:00, run_after=2026-03-15 02:00:00+00:00
[2026-03-14T15:56:08.101+0000] {processor.py:183} INFO - Processing /opt/airflow/dags/sandbox.py took 0.042 seconds
[2026-03-14T15:56:45.070+0000] {processor.py:161} INFO - Started process (PID=680) to work on /opt/airflow/dags/sandbox.py
[2026-03-14T15:56:45.070+0000] {processor.py:830} INFO - Processing file /opt/airflow/dags/sandbox.py for tasks to queue
[2026-03-14T15:56:45.071+0000] {logging_mixin.py:188} INFO - [2026-03-14T15:56:45.071+0000] {dagbag.py:538} INFO - Filling up the DagBag from /opt/airflow/dags/sandbox.py
[2026-03-14T15:56:45.077+0000] {processor.py:840} INFO - DAG(s) 'sandbox_demo' retrieved from /opt/airflow/dags/sandbox.py
[2026-03-14T15:56:45.089+0000] {logging_mixin.py:188} INFO - [2026-03-14T15:56:45.088+0000] {dag.py:3036} INFO - Sync 1 DAGs
[2026-03-14T15:56:45.096+0000] {logging_mixin.py:188} INFO - [2026-03-14T15:56:45.096+0000] {dag.py:3823} INFO - Setting next_dagrun for sandbox_demo to 2026-03-14 02:00:00+00:00, run_after=2026-03-15 02:00:00+00:00
[2026-03-14T15:56:45.102+0000] {processor.py:183} INFO - Processing /opt/airflow/dags/sandbox.py took 0.034 seconds
[2026-03-14T15:57:15.813+0000] {processor.py:161} INFO - Started process (PID=711) to work on /opt/airflow/dags/sandbox.py
[2026-03-14T15:57:15.814+0000] {processor.py:830} INFO - Processing file /opt/airflow/dags/sandbox.py for tasks to queue
[2026-03-14T15:57:15.814+0000] {logging_mixin.py:188} INFO - [2026-03-14T15:57:15.814+0000] {dagbag.py:538} INFO - Filling up the DagBag from /opt/airflow/dags/sandbox.py
[2026-03-14T15:57:15.820+0000] {processor.py:840} INFO - DAG(s) 'sandbox_demo' retrieved from /opt/airflow/dags/sandbox.py
[2026-03-14T15:57:15.832+0000] {logging_mixin.py:188} INFO - [2026-03-14T15:57:15.832+0000] {dag.py:3036} INFO - Sync 1 DAGs
[2026-03-14T15:57:15.840+0000] {logging_mixin.py:188} INFO - [2026-03-14T15:57:15.840+0000] {dag.py:3823} INFO - Setting next_dagrun for sandbox_demo to 2026-03-14 02:00:00+00:00, run_after=2026-03-15 02:00:00+00:00
[2026-03-14T15:57:15.845+0000] {processor.py:183} INFO - Processing /opt/airflow/dags/sandbox.py took 0.033 seconds
[2026-03-14T16:05:57.780+0000] {processor.py:161} INFO - Started process (PID=742) to work on /opt/airflow/dags/sandbox.py
[2026-03-14T16:05:57.781+0000] {processor.py:830} INFO - Processing file /opt/airflow/dags/sandbox.py for tasks to queue
[2026-03-14T16:05:57.783+0000] {logging_mixin.py:188} INFO - [2026-03-14T16:05:57.782+0000] {dagbag.py:538} INFO - Filling up the DagBag from /opt/airflow/dags/sandbox.py
[2026-03-14T16:05:57.792+0000] {processor.py:840} INFO - DAG(s) 'sandbox_demo' retrieved from /opt/airflow/dags/sandbox.py
[2026-03-14T16:05:57.805+0000] {logging_mixin.py:188} INFO - [2026-03-14T16:05:57.804+0000] {dag.py:3036} INFO - Sync 1 DAGs
[2026-03-14T16:05:57.813+0000] {logging_mixin.py:188} INFO - [2026-03-14T16:05:57.813+0000] {dag.py:3823} INFO - Setting next_dagrun for sandbox_demo to 2026-03-14 02:00:00+00:00, run_after=2026-03-15 02:00:00+00:00
[2026-03-14T16:05:57.821+0000] {processor.py:183} INFO - Processing /opt/airflow/dags/sandbox.py took 0.044 seconds
[2026-03-14T16:06:28.681+0000] {processor.py:161} INFO - Started process (PID=773) to work on /opt/airflow/dags/sandbox.py
[2026-03-14T16:06:28.682+0000] {processor.py:830} INFO - Processing file /opt/airflow/dags/sandbox.py for tasks to queue
[2026-03-14T16:06:28.682+0000] {logging_mixin.py:188} INFO - [2026-03-14T16:06:28.682+0000] {dagbag.py:538} INFO - Filling up the DagBag from /opt/airflow/dags/sandbox.py
[2026-03-14T16:06:28.690+0000] {processor.py:840} INFO - DAG(s) 'sandbox_demo' retrieved from /opt/airflow/dags/sandbox.py
[2026-03-14T16:06:28.702+0000] {logging_mixin.py:188} INFO - [2026-03-14T16:06:28.702+0000] {dag.py:3036} INFO - Sync 1 DAGs
[2026-03-14T16:06:28.713+0000] {logging_mixin.py:188} INFO - [2026-03-14T16:06:28.713+0000] {dag.py:3823} INFO - Setting next_dagrun for sandbox_demo to 2026-03-14 02:00:00+00:00, run_after=2026-03-15 02:00:00+00:00
[2026-03-14T16:06:28.720+0000] {processor.py:183} INFO - Processing /opt/airflow/dags/sandbox.py took 0.041 seconds
[2026-03-14T16:24:37.043+0000] {processor.py:161} INFO - Started process (PID=804) to work on /opt/airflow/dags/sandbox.py
[2026-03-14T16:24:37.044+0000] {processor.py:830} INFO - Processing file /opt/airflow/dags/sandbox.py for tasks to queue
[2026-03-14T16:24:37.044+0000] {logging_mixin.py:188} INFO - [2026-03-14T16:24:37.044+0000] {dagbag.py:538} INFO - Filling up the DagBag from /opt/airflow/dags/sandbox.py
[2026-03-14T16:24:37.050+0000] {processor.py:840} INFO - DAG(s) 'sandbox_demo' retrieved from /opt/airflow/dags/sandbox.py
[2026-03-14T16:24:37.061+0000] {logging_mixin.py:188} INFO - [2026-03-14T16:24:37.061+0000] {dag.py:3036} INFO - Sync 1 DAGs
[2026-03-14T16:24:37.069+0000] {logging_mixin.py:188} INFO - [2026-03-14T16:24:37.069+0000] {dag.py:3823} INFO - Setting next_dagrun for sandbox_demo to 2026-03-14 02:00:00+00:00, run_after=2026-03-15 02:00:00+00:00
[2026-03-14T16:24:37.074+0000] {processor.py:183} INFO - Processing /opt/airflow/dags/sandbox.py took 0.032 seconds
[2026-03-14T16:30:27.074+0000] {processor.py:161} INFO - Started process (PID=835) to work on /opt/airflow/dags/sandbox.py
[2026-03-14T16:30:27.075+0000] {processor.py:830} INFO - Processing file /opt/airflow/dags/sandbox.py for tasks to queue
[2026-03-14T16:30:27.078+0000] {logging_mixin.py:188} INFO - [2026-03-14T16:30:27.078+0000] {dagbag.py:538} INFO - Filling up the DagBag from /opt/airflow/dags/sandbox.py
[2026-03-14T16:30:27.097+0000] {processor.py:840} INFO - DAG(s) 'sandbox_demo' retrieved from /opt/airflow/dags/sandbox.py
[2026-03-14T16:30:27.128+0000] {logging_mixin.py:188} INFO - [2026-03-14T16:30:27.127+0000] {dag.py:3036} INFO - Sync 1 DAGs
[2026-03-14T16:30:27.164+0000] {logging_mixin.py:188} INFO - [2026-03-14T16:30:27.164+0000] {dag.py:3823} INFO - Setting next_dagrun for sandbox_demo to 2026-03-14 02:00:00+00:00, run_after=2026-03-15 02:00:00+00:00
[2026-03-14T16:30:27.185+0000] {processor.py:183} INFO - Processing /opt/airflow/dags/sandbox.py took 0.116 seconds
[2026-03-14T16:39:40.279+0000] {processor.py:161} INFO - Started process (PID=866) to work on /opt/airflow/dags/sandbox.py
[2026-03-14T16:39:40.281+0000] {processor.py:830} INFO - Processing file /opt/airflow/dags/sandbox.py for tasks to queue
[2026-03-14T16:39:40.282+0000] {logging_mixin.py:188} INFO - [2026-03-14T16:39:40.282+0000] {dagbag.py:538} INFO - Filling up the DagBag from /opt/airflow/dags/sandbox.py
[2026-03-14T16:39:40.294+0000] {processor.py:840} INFO - DAG(s) 'sandbox_demo' retrieved from /opt/airflow/dags/sandbox.py
[2026-03-14T16:39:40.319+0000] {logging_mixin.py:188} INFO - [2026-03-14T16:39:40.319+0000] {dag.py:3036} INFO - Sync 1 DAGs
[2026-03-14T16:39:40.337+0000] {logging_mixin.py:188} INFO - [2026-03-14T16:39:40.337+0000] {dag.py:3823} INFO - Setting next_dagrun for sandbox_demo to 2026-03-14 02:00:00+00:00, run_after=2026-03-15 02:00:00+00:00
[2026-03-14T16:39:40.355+0000] {processor.py:183} INFO - Processing /opt/airflow/dags/sandbox.py took 0.079 seconds
