[2026-02-15T16:45:53.308+0000] {processor.py:161} INFO - Started process (PID=72) to work on /opt/airflow/dags/airflow_lab2_flask.py
[2026-02-15T16:45:53.309+0000] {processor.py:830} INFO - Processing file /opt/airflow/dags/airflow_lab2_flask.py for tasks to queue
[2026-02-15T16:45:53.310+0000] {logging_mixin.py:188} INFO - [2026-02-15T16:45:53.310+0000] {dagbag.py:538} INFO - Filling up the DagBag from /opt/airflow/dags/airflow_lab2_flask.py
[2026-02-15T16:45:53.322+0000] {processor.py:840} INFO - DAG(s) 'Airflow_Lab2_Flask' retrieved from /opt/airflow/dags/airflow_lab2_flask.py
[2026-02-15T16:45:53.415+0000] {logging_mixin.py:188} INFO - [2026-02-15T16:45:53.415+0000] {dag.py:3036} INFO - Sync 1 DAGs
[2026-02-15T16:45:53.419+0000] {logging_mixin.py:188} INFO - [2026-02-15T16:45:53.419+0000] {dag.py:3823} INFO - Setting next_dagrun for Airflow_Lab2_Flask to None, run_after=None
[2026-02-15T16:45:53.427+0000] {processor.py:183} INFO - Processing /opt/airflow/dags/airflow_lab2_flask.py took 0.121 seconds
[2026-02-15T16:46:24.459+0000] {processor.py:161} INFO - Started process (PID=103) to work on /opt/airflow/dags/airflow_lab2_flask.py
[2026-02-15T16:46:24.460+0000] {processor.py:830} INFO - Processing file /opt/airflow/dags/airflow_lab2_flask.py for tasks to queue
[2026-02-15T16:46:24.463+0000] {logging_mixin.py:188} INFO - [2026-02-15T16:46:24.462+0000] {dagbag.py:538} INFO - Filling up the DagBag from /opt/airflow/dags/airflow_lab2_flask.py
[2026-02-15T16:46:24.479+0000] {processor.py:840} INFO - DAG(s) 'Airflow_Lab2_Flask' retrieved from /opt/airflow/dags/airflow_lab2_flask.py
[2026-02-15T16:46:24.493+0000] {logging_mixin.py:188} INFO - [2026-02-15T16:46:24.493+0000] {dag.py:3036} INFO - Sync 1 DAGs
[2026-02-15T16:46:24.503+0000] {logging_mixin.py:188} INFO - [2026-02-15T16:46:24.503+0000] {dag.py:3823} INFO - Setting next_dagrun for Airflow_Lab2_Flask to None, run_after=None
[2026-02-15T16:46:24.511+0000] {processor.py:183} INFO - Processing /opt/airflow/dags/airflow_lab2_flask.py took 0.055 seconds
[2026-02-15T16:46:55.317+0000] {processor.py:161} INFO - Started process (PID=134) to work on /opt/airflow/dags/airflow_lab2_flask.py
[2026-02-15T16:46:55.318+0000] {processor.py:830} INFO - Processing file /opt/airflow/dags/airflow_lab2_flask.py for tasks to queue
[2026-02-15T16:46:55.320+0000] {logging_mixin.py:188} INFO - [2026-02-15T16:46:55.320+0000] {dagbag.py:538} INFO - Filling up the DagBag from /opt/airflow/dags/airflow_lab2_flask.py
[2026-02-15T16:46:55.338+0000] {processor.py:840} INFO - DAG(s) 'Airflow_Lab2_Flask' retrieved from /opt/airflow/dags/airflow_lab2_flask.py
[2026-02-15T16:46:55.351+0000] {logging_mixin.py:188} INFO - [2026-02-15T16:46:55.351+0000] {dag.py:3036} INFO - Sync 1 DAGs
[2026-02-15T16:46:55.357+0000] {logging_mixin.py:188} INFO - [2026-02-15T16:46:55.357+0000] {dag.py:3823} INFO - Setting next_dagrun for Airflow_Lab2_Flask to None, run_after=None
[2026-02-15T16:46:55.367+0000] {processor.py:183} INFO - Processing /opt/airflow/dags/airflow_lab2_flask.py took 0.053 seconds
[2026-02-15T16:47:26.146+0000] {processor.py:161} INFO - Started process (PID=171) to work on /opt/airflow/dags/airflow_lab2_flask.py
[2026-02-15T16:47:26.152+0000] {processor.py:830} INFO - Processing file /opt/airflow/dags/airflow_lab2_flask.py for tasks to queue
[2026-02-15T16:47:26.154+0000] {logging_mixin.py:188} INFO - [2026-02-15T16:47:26.153+0000] {dagbag.py:538} INFO - Filling up the DagBag from /opt/airflow/dags/airflow_lab2_flask.py
[2026-02-15T16:47:26.180+0000] {processor.py:840} INFO - DAG(s) 'Airflow_Lab2_Flask' retrieved from /opt/airflow/dags/airflow_lab2_flask.py
[2026-02-15T16:47:26.215+0000] {logging_mixin.py:188} INFO - [2026-02-15T16:47:26.214+0000] {dag.py:3036} INFO - Sync 1 DAGs
[2026-02-15T16:47:26.242+0000] {logging_mixin.py:188} INFO - [2026-02-15T16:47:26.241+0000] {dag.py:3823} INFO - Setting next_dagrun for Airflow_Lab2_Flask to None, run_after=None
[2026-02-15T16:47:26.260+0000] {processor.py:183} INFO - Processing /opt/airflow/dags/airflow_lab2_flask.py took 0.120 seconds
[2026-02-15T16:47:57.168+0000] {processor.py:161} INFO - Started process (PID=202) to work on /opt/airflow/dags/airflow_lab2_flask.py
[2026-02-15T16:47:57.170+0000] {processor.py:830} INFO - Processing file /opt/airflow/dags/airflow_lab2_flask.py for tasks to queue
[2026-02-15T16:47:57.171+0000] {logging_mixin.py:188} INFO - [2026-02-15T16:47:57.170+0000] {dagbag.py:538} INFO - Filling up the DagBag from /opt/airflow/dags/airflow_lab2_flask.py
[2026-02-15T16:47:57.185+0000] {processor.py:840} INFO - DAG(s) 'Airflow_Lab2_Flask' retrieved from /opt/airflow/dags/airflow_lab2_flask.py
[2026-02-15T16:47:57.203+0000] {logging_mixin.py:188} INFO - [2026-02-15T16:47:57.203+0000] {dag.py:3036} INFO - Sync 1 DAGs
[2026-02-15T16:47:57.215+0000] {logging_mixin.py:188} INFO - [2026-02-15T16:47:57.215+0000] {dag.py:3823} INFO - Setting next_dagrun for Airflow_Lab2_Flask to None, run_after=None
[2026-02-15T16:47:57.223+0000] {processor.py:183} INFO - Processing /opt/airflow/dags/airflow_lab2_flask.py took 0.058 seconds
[2026-02-15T16:48:27.984+0000] {processor.py:161} INFO - Started process (PID=233) to work on /opt/airflow/dags/airflow_lab2_flask.py
[2026-02-15T16:48:27.985+0000] {processor.py:830} INFO - Processing file /opt/airflow/dags/airflow_lab2_flask.py for tasks to queue
[2026-02-15T16:48:27.988+0000] {logging_mixin.py:188} INFO - [2026-02-15T16:48:27.988+0000] {dagbag.py:538} INFO - Filling up the DagBag from /opt/airflow/dags/airflow_lab2_flask.py
[2026-02-15T16:48:28.001+0000] {processor.py:840} INFO - DAG(s) 'Airflow_Lab2_Flask' retrieved from /opt/airflow/dags/airflow_lab2_flask.py
[2026-02-15T16:48:28.012+0000] {logging_mixin.py:188} INFO - [2026-02-15T16:48:28.012+0000] {dag.py:3036} INFO - Sync 1 DAGs
[2026-02-15T16:48:28.018+0000] {logging_mixin.py:188} INFO - [2026-02-15T16:48:28.018+0000] {dag.py:3823} INFO - Setting next_dagrun for Airflow_Lab2_Flask to None, run_after=None
[2026-02-15T16:48:28.026+0000] {processor.py:183} INFO - Processing /opt/airflow/dags/airflow_lab2_flask.py took 0.045 seconds
[2026-02-15T16:48:58.672+0000] {processor.py:161} INFO - Started process (PID=264) to work on /opt/airflow/dags/airflow_lab2_flask.py
[2026-02-15T16:48:58.673+0000] {processor.py:830} INFO - Processing file /opt/airflow/dags/airflow_lab2_flask.py for tasks to queue
[2026-02-15T16:48:58.676+0000] {logging_mixin.py:188} INFO - [2026-02-15T16:48:58.675+0000] {dagbag.py:538} INFO - Filling up the DagBag from /opt/airflow/dags/airflow_lab2_flask.py
[2026-02-15T16:48:58.694+0000] {processor.py:840} INFO - DAG(s) 'Airflow_Lab2_Flask' retrieved from /opt/airflow/dags/airflow_lab2_flask.py
[2026-02-15T16:48:58.712+0000] {logging_mixin.py:188} INFO - [2026-02-15T16:48:58.711+0000] {dag.py:3036} INFO - Sync 1 DAGs
[2026-02-15T16:48:58.719+0000] {logging_mixin.py:188} INFO - [2026-02-15T16:48:58.719+0000] {dag.py:3823} INFO - Setting next_dagrun for Airflow_Lab2_Flask to None, run_after=None
[2026-02-15T16:48:58.731+0000] {processor.py:183} INFO - Processing /opt/airflow/dags/airflow_lab2_flask.py took 0.063 seconds
[2026-02-15T16:49:29.502+0000] {processor.py:161} INFO - Started process (PID=295) to work on /opt/airflow/dags/airflow_lab2_flask.py
[2026-02-15T16:49:29.504+0000] {processor.py:830} INFO - Processing file /opt/airflow/dags/airflow_lab2_flask.py for tasks to queue
[2026-02-15T16:49:29.508+0000] {logging_mixin.py:188} INFO - [2026-02-15T16:49:29.508+0000] {dagbag.py:538} INFO - Filling up the DagBag from /opt/airflow/dags/airflow_lab2_flask.py
[2026-02-15T16:49:29.536+0000] {processor.py:840} INFO - DAG(s) 'Airflow_Lab2_Flask' retrieved from /opt/airflow/dags/airflow_lab2_flask.py
[2026-02-15T16:49:29.569+0000] {logging_mixin.py:188} INFO - [2026-02-15T16:49:29.569+0000] {dag.py:3036} INFO - Sync 1 DAGs
[2026-02-15T16:49:29.581+0000] {logging_mixin.py:188} INFO - [2026-02-15T16:49:29.581+0000] {dag.py:3823} INFO - Setting next_dagrun for Airflow_Lab2_Flask to None, run_after=None
[2026-02-15T16:49:29.595+0000] {processor.py:183} INFO - Processing /opt/airflow/dags/airflow_lab2_flask.py took 0.099 seconds
[2026-02-15T16:49:59.620+0000] {processor.py:161} INFO - Started process (PID=325) to work on /opt/airflow/dags/airflow_lab2_flask.py
[2026-02-15T16:49:59.620+0000] {processor.py:830} INFO - Processing file /opt/airflow/dags/airflow_lab2_flask.py for tasks to queue
[2026-02-15T16:49:59.622+0000] {logging_mixin.py:188} INFO - [2026-02-15T16:49:59.622+0000] {dagbag.py:538} INFO - Filling up the DagBag from /opt/airflow/dags/airflow_lab2_flask.py
[2026-02-15T16:49:59.632+0000] {processor.py:840} INFO - DAG(s) 'Airflow_Lab2_Flask' retrieved from /opt/airflow/dags/airflow_lab2_flask.py
[2026-02-15T16:49:59.643+0000] {logging_mixin.py:188} INFO - [2026-02-15T16:49:59.643+0000] {dag.py:3036} INFO - Sync 1 DAGs
[2026-02-15T16:49:59.649+0000] {logging_mixin.py:188} INFO - [2026-02-15T16:49:59.649+0000] {dag.py:3823} INFO - Setting next_dagrun for Airflow_Lab2_Flask to None, run_after=None
[2026-02-15T16:49:59.657+0000] {processor.py:183} INFO - Processing /opt/airflow/dags/airflow_lab2_flask.py took 0.040 seconds
[2026-02-15T16:50:30.342+0000] {processor.py:161} INFO - Started process (PID=356) to work on /opt/airflow/dags/airflow_lab2_flask.py
[2026-02-15T16:50:30.343+0000] {processor.py:830} INFO - Processing file /opt/airflow/dags/airflow_lab2_flask.py for tasks to queue
[2026-02-15T16:50:30.344+0000] {logging_mixin.py:188} INFO - [2026-02-15T16:50:30.344+0000] {dagbag.py:538} INFO - Filling up the DagBag from /opt/airflow/dags/airflow_lab2_flask.py
[2026-02-15T16:50:30.350+0000] {processor.py:840} INFO - DAG(s) 'Airflow_Lab2_Flask' retrieved from /opt/airflow/dags/airflow_lab2_flask.py
[2026-02-15T16:50:30.358+0000] {logging_mixin.py:188} INFO - [2026-02-15T16:50:30.358+0000] {dag.py:3036} INFO - Sync 1 DAGs
[2026-02-15T16:50:30.363+0000] {logging_mixin.py:188} INFO - [2026-02-15T16:50:30.363+0000] {dag.py:3823} INFO - Setting next_dagrun for Airflow_Lab2_Flask to None, run_after=None
[2026-02-15T16:50:30.369+0000] {processor.py:183} INFO - Processing /opt/airflow/dags/airflow_lab2_flask.py took 0.028 seconds
[2026-02-15T16:51:01.118+0000] {processor.py:161} INFO - Started process (PID=387) to work on /opt/airflow/dags/airflow_lab2_flask.py
[2026-02-15T16:51:01.118+0000] {processor.py:830} INFO - Processing file /opt/airflow/dags/airflow_lab2_flask.py for tasks to queue
[2026-02-15T16:51:01.121+0000] {logging_mixin.py:188} INFO - [2026-02-15T16:51:01.120+0000] {dagbag.py:538} INFO - Filling up the DagBag from /opt/airflow/dags/airflow_lab2_flask.py
[2026-02-15T16:51:01.135+0000] {processor.py:840} INFO - DAG(s) 'Airflow_Lab2_Flask' retrieved from /opt/airflow/dags/airflow_lab2_flask.py
[2026-02-15T16:51:01.151+0000] {logging_mixin.py:188} INFO - [2026-02-15T16:51:01.151+0000] {dag.py:3036} INFO - Sync 1 DAGs
[2026-02-15T16:51:01.158+0000] {logging_mixin.py:188} INFO - [2026-02-15T16:51:01.158+0000] {dag.py:3823} INFO - Setting next_dagrun for Airflow_Lab2_Flask to None, run_after=None
[2026-02-15T16:51:01.165+0000] {processor.py:183} INFO - Processing /opt/airflow/dags/airflow_lab2_flask.py took 0.049 seconds
[2026-02-15T16:51:31.938+0000] {processor.py:161} INFO - Started process (PID=418) to work on /opt/airflow/dags/airflow_lab2_flask.py
[2026-02-15T16:51:31.938+0000] {processor.py:830} INFO - Processing file /opt/airflow/dags/airflow_lab2_flask.py for tasks to queue
[2026-02-15T16:51:31.941+0000] {logging_mixin.py:188} INFO - [2026-02-15T16:51:31.940+0000] {dagbag.py:538} INFO - Filling up the DagBag from /opt/airflow/dags/airflow_lab2_flask.py
[2026-02-15T16:51:31.953+0000] {processor.py:840} INFO - DAG(s) 'Airflow_Lab2_Flask' retrieved from /opt/airflow/dags/airflow_lab2_flask.py
[2026-02-15T16:51:31.968+0000] {logging_mixin.py:188} INFO - [2026-02-15T16:51:31.968+0000] {dag.py:3036} INFO - Sync 1 DAGs
[2026-02-15T16:51:31.975+0000] {logging_mixin.py:188} INFO - [2026-02-15T16:51:31.975+0000] {dag.py:3823} INFO - Setting next_dagrun for Airflow_Lab2_Flask to None, run_after=None
[2026-02-15T16:51:31.984+0000] {processor.py:183} INFO - Processing /opt/airflow/dags/airflow_lab2_flask.py took 0.050 seconds
[2026-02-15T16:52:02.677+0000] {processor.py:161} INFO - Started process (PID=449) to work on /opt/airflow/dags/airflow_lab2_flask.py
[2026-02-15T16:52:02.678+0000] {processor.py:830} INFO - Processing file /opt/airflow/dags/airflow_lab2_flask.py for tasks to queue
[2026-02-15T16:52:02.680+0000] {logging_mixin.py:188} INFO - [2026-02-15T16:52:02.679+0000] {dagbag.py:538} INFO - Filling up the DagBag from /opt/airflow/dags/airflow_lab2_flask.py
[2026-02-15T16:52:02.692+0000] {processor.py:840} INFO - DAG(s) 'Airflow_Lab2_Flask' retrieved from /opt/airflow/dags/airflow_lab2_flask.py
[2026-02-15T16:52:02.709+0000] {logging_mixin.py:188} INFO - [2026-02-15T16:52:02.709+0000] {dag.py:3036} INFO - Sync 1 DAGs
[2026-02-15T16:52:02.715+0000] {logging_mixin.py:188} INFO - [2026-02-15T16:52:02.715+0000] {dag.py:3823} INFO - Setting next_dagrun for Airflow_Lab2_Flask to None, run_after=None
[2026-02-15T16:52:02.722+0000] {processor.py:183} INFO - Processing /opt/airflow/dags/airflow_lab2_flask.py took 0.049 seconds
[2026-02-15T16:52:33.475+0000] {processor.py:161} INFO - Started process (PID=480) to work on /opt/airflow/dags/airflow_lab2_flask.py
[2026-02-15T16:52:33.475+0000] {processor.py:830} INFO - Processing file /opt/airflow/dags/airflow_lab2_flask.py for tasks to queue
[2026-02-15T16:52:33.477+0000] {logging_mixin.py:188} INFO - [2026-02-15T16:52:33.477+0000] {dagbag.py:538} INFO - Filling up the DagBag from /opt/airflow/dags/airflow_lab2_flask.py
[2026-02-15T16:52:33.494+0000] {processor.py:840} INFO - DAG(s) 'Airflow_Lab2_Flask' retrieved from /opt/airflow/dags/airflow_lab2_flask.py
[2026-02-15T16:52:33.511+0000] {logging_mixin.py:188} INFO - [2026-02-15T16:52:33.511+0000] {dag.py:3036} INFO - Sync 1 DAGs
[2026-02-15T16:52:33.518+0000] {logging_mixin.py:188} INFO - [2026-02-15T16:52:33.518+0000] {dag.py:3823} INFO - Setting next_dagrun for Airflow_Lab2_Flask to None, run_after=None
[2026-02-15T16:52:33.525+0000] {processor.py:183} INFO - Processing /opt/airflow/dags/airflow_lab2_flask.py took 0.053 seconds
[2026-02-15T16:53:04.276+0000] {processor.py:161} INFO - Started process (PID=511) to work on /opt/airflow/dags/airflow_lab2_flask.py
[2026-02-15T16:53:04.276+0000] {processor.py:830} INFO - Processing file /opt/airflow/dags/airflow_lab2_flask.py for tasks to queue
[2026-02-15T16:53:04.278+0000] {logging_mixin.py:188} INFO - [2026-02-15T16:53:04.278+0000] {dagbag.py:538} INFO - Filling up the DagBag from /opt/airflow/dags/airflow_lab2_flask.py
[2026-02-15T16:53:04.289+0000] {processor.py:840} INFO - DAG(s) 'Airflow_Lab2_Flask' retrieved from /opt/airflow/dags/airflow_lab2_flask.py
[2026-02-15T16:53:04.304+0000] {logging_mixin.py:188} INFO - [2026-02-15T16:53:04.303+0000] {dag.py:3036} INFO - Sync 1 DAGs
[2026-02-15T16:53:04.310+0000] {logging_mixin.py:188} INFO - [2026-02-15T16:53:04.310+0000] {dag.py:3823} INFO - Setting next_dagrun for Airflow_Lab2_Flask to None, run_after=None
[2026-02-15T16:53:04.318+0000] {processor.py:183} INFO - Processing /opt/airflow/dags/airflow_lab2_flask.py took 0.046 seconds
[2026-02-15T16:53:35.156+0000] {processor.py:161} INFO - Started process (PID=542) to work on /opt/airflow/dags/airflow_lab2_flask.py
[2026-02-15T16:53:35.157+0000] {processor.py:830} INFO - Processing file /opt/airflow/dags/airflow_lab2_flask.py for tasks to queue
[2026-02-15T16:53:35.159+0000] {logging_mixin.py:188} INFO - [2026-02-15T16:53:35.159+0000] {dagbag.py:538} INFO - Filling up the DagBag from /opt/airflow/dags/airflow_lab2_flask.py
[2026-02-15T16:53:35.173+0000] {processor.py:840} INFO - DAG(s) 'Airflow_Lab2_Flask' retrieved from /opt/airflow/dags/airflow_lab2_flask.py
[2026-02-15T16:53:35.189+0000] {logging_mixin.py:188} INFO - [2026-02-15T16:53:35.188+0000] {dag.py:3036} INFO - Sync 1 DAGs
[2026-02-15T16:53:35.196+0000] {logging_mixin.py:188} INFO - [2026-02-15T16:53:35.195+0000] {dag.py:3823} INFO - Setting next_dagrun for Airflow_Lab2_Flask to None, run_after=None
[2026-02-15T16:53:35.203+0000] {processor.py:183} INFO - Processing /opt/airflow/dags/airflow_lab2_flask.py took 0.051 seconds
[2026-02-15T16:54:05.977+0000] {processor.py:161} INFO - Started process (PID=573) to work on /opt/airflow/dags/airflow_lab2_flask.py
[2026-02-15T16:54:05.979+0000] {processor.py:830} INFO - Processing file /opt/airflow/dags/airflow_lab2_flask.py for tasks to queue
[2026-02-15T16:54:05.982+0000] {logging_mixin.py:188} INFO - [2026-02-15T16:54:05.982+0000] {dagbag.py:538} INFO - Filling up the DagBag from /opt/airflow/dags/airflow_lab2_flask.py
[2026-02-15T16:54:06.000+0000] {processor.py:840} INFO - DAG(s) 'Airflow_Lab2_Flask' retrieved from /opt/airflow/dags/airflow_lab2_flask.py
[2026-02-15T16:54:06.020+0000] {logging_mixin.py:188} INFO - [2026-02-15T16:54:06.019+0000] {dag.py:3036} INFO - Sync 1 DAGs
[2026-02-15T16:54:06.029+0000] {logging_mixin.py:188} INFO - [2026-02-15T16:54:06.029+0000] {dag.py:3823} INFO - Setting next_dagrun for Airflow_Lab2_Flask to None, run_after=None
[2026-02-15T16:54:06.039+0000] {processor.py:183} INFO - Processing /opt/airflow/dags/airflow_lab2_flask.py took 0.068 seconds
[2026-02-15T16:54:36.895+0000] {processor.py:161} INFO - Started process (PID=604) to work on /opt/airflow/dags/airflow_lab2_flask.py
[2026-02-15T16:54:36.903+0000] {processor.py:830} INFO - Processing file /opt/airflow/dags/airflow_lab2_flask.py for tasks to queue
[2026-02-15T16:54:36.914+0000] {logging_mixin.py:188} INFO - [2026-02-15T16:54:36.913+0000] {dagbag.py:538} INFO - Filling up the DagBag from /opt/airflow/dags/airflow_lab2_flask.py
[2026-02-15T16:54:36.931+0000] {processor.py:840} INFO - DAG(s) 'Airflow_Lab2_Flask' retrieved from /opt/airflow/dags/airflow_lab2_flask.py
[2026-02-15T16:54:36.946+0000] {logging_mixin.py:188} INFO - [2026-02-15T16:54:36.946+0000] {dag.py:3036} INFO - Sync 1 DAGs
[2026-02-15T16:54:36.955+0000] {logging_mixin.py:188} INFO - [2026-02-15T16:54:36.955+0000] {dag.py:3823} INFO - Setting next_dagrun for Airflow_Lab2_Flask to None, run_after=None
[2026-02-15T16:54:36.961+0000] {processor.py:183} INFO - Processing /opt/airflow/dags/airflow_lab2_flask.py took 0.070 seconds
[2026-02-15T16:55:07.771+0000] {processor.py:161} INFO - Started process (PID=635) to work on /opt/airflow/dags/airflow_lab2_flask.py
[2026-02-15T16:55:07.773+0000] {processor.py:830} INFO - Processing file /opt/airflow/dags/airflow_lab2_flask.py for tasks to queue
[2026-02-15T16:55:07.776+0000] {logging_mixin.py:188} INFO - [2026-02-15T16:55:07.776+0000] {dagbag.py:538} INFO - Filling up the DagBag from /opt/airflow/dags/airflow_lab2_flask.py
[2026-02-15T16:55:07.796+0000] {processor.py:840} INFO - DAG(s) 'Airflow_Lab2_Flask' retrieved from /opt/airflow/dags/airflow_lab2_flask.py
[2026-02-15T16:55:07.811+0000] {logging_mixin.py:188} INFO - [2026-02-15T16:55:07.811+0000] {dag.py:3036} INFO - Sync 1 DAGs
[2026-02-15T16:55:07.818+0000] {logging_mixin.py:188} INFO - [2026-02-15T16:55:07.818+0000] {dag.py:3823} INFO - Setting next_dagrun for Airflow_Lab2_Flask to None, run_after=None
[2026-02-15T16:55:07.826+0000] {processor.py:183} INFO - Processing /opt/airflow/dags/airflow_lab2_flask.py took 0.061 seconds
[2026-02-15T16:55:38.632+0000] {processor.py:161} INFO - Started process (PID=666) to work on /opt/airflow/dags/airflow_lab2_flask.py
[2026-02-15T16:55:38.634+0000] {processor.py:830} INFO - Processing file /opt/airflow/dags/airflow_lab2_flask.py for tasks to queue
[2026-02-15T16:55:38.636+0000] {logging_mixin.py:188} INFO - [2026-02-15T16:55:38.636+0000] {dagbag.py:538} INFO - Filling up the DagBag from /opt/airflow/dags/airflow_lab2_flask.py
[2026-02-15T16:55:38.653+0000] {processor.py:840} INFO - DAG(s) 'Airflow_Lab2_Flask' retrieved from /opt/airflow/dags/airflow_lab2_flask.py
[2026-02-15T16:55:38.671+0000] {logging_mixin.py:188} INFO - [2026-02-15T16:55:38.671+0000] {dag.py:3036} INFO - Sync 1 DAGs
[2026-02-15T16:55:38.678+0000] {logging_mixin.py:188} INFO - [2026-02-15T16:55:38.678+0000] {dag.py:3823} INFO - Setting next_dagrun for Airflow_Lab2_Flask to None, run_after=None
[2026-02-15T16:55:38.686+0000] {processor.py:183} INFO - Processing /opt/airflow/dags/airflow_lab2_flask.py took 0.059 seconds
[2026-02-15T16:56:09.383+0000] {processor.py:161} INFO - Started process (PID=697) to work on /opt/airflow/dags/airflow_lab2_flask.py
[2026-02-15T16:56:09.384+0000] {processor.py:830} INFO - Processing file /opt/airflow/dags/airflow_lab2_flask.py for tasks to queue
[2026-02-15T16:56:09.386+0000] {logging_mixin.py:188} INFO - [2026-02-15T16:56:09.386+0000] {dagbag.py:538} INFO - Filling up the DagBag from /opt/airflow/dags/airflow_lab2_flask.py
[2026-02-15T16:56:09.397+0000] {processor.py:840} INFO - DAG(s) 'Airflow_Lab2_Flask' retrieved from /opt/airflow/dags/airflow_lab2_flask.py
[2026-02-15T16:56:09.410+0000] {logging_mixin.py:188} INFO - [2026-02-15T16:56:09.409+0000] {dag.py:3036} INFO - Sync 1 DAGs
[2026-02-15T16:56:09.416+0000] {logging_mixin.py:188} INFO - [2026-02-15T16:56:09.416+0000] {dag.py:3823} INFO - Setting next_dagrun for Airflow_Lab2_Flask to None, run_after=None
[2026-02-15T16:56:09.424+0000] {processor.py:183} INFO - Processing /opt/airflow/dags/airflow_lab2_flask.py took 0.045 seconds
[2026-02-15T16:56:40.068+0000] {processor.py:161} INFO - Started process (PID=728) to work on /opt/airflow/dags/airflow_lab2_flask.py
[2026-02-15T16:56:40.069+0000] {processor.py:830} INFO - Processing file /opt/airflow/dags/airflow_lab2_flask.py for tasks to queue
[2026-02-15T16:56:40.070+0000] {logging_mixin.py:188} INFO - [2026-02-15T16:56:40.070+0000] {dagbag.py:538} INFO - Filling up the DagBag from /opt/airflow/dags/airflow_lab2_flask.py
[2026-02-15T16:56:40.080+0000] {processor.py:840} INFO - DAG(s) 'Airflow_Lab2_Flask' retrieved from /opt/airflow/dags/airflow_lab2_flask.py
[2026-02-15T16:56:40.099+0000] {logging_mixin.py:188} INFO - [2026-02-15T16:56:40.098+0000] {dag.py:3036} INFO - Sync 1 DAGs
[2026-02-15T16:56:40.107+0000] {logging_mixin.py:188} INFO - [2026-02-15T16:56:40.107+0000] {dag.py:3823} INFO - Setting next_dagrun for Airflow_Lab2_Flask to None, run_after=None
[2026-02-15T16:56:40.120+0000] {processor.py:183} INFO - Processing /opt/airflow/dags/airflow_lab2_flask.py took 0.055 seconds
[2026-02-15T16:57:10.904+0000] {processor.py:161} INFO - Started process (PID=759) to work on /opt/airflow/dags/airflow_lab2_flask.py
[2026-02-15T16:57:10.905+0000] {processor.py:830} INFO - Processing file /opt/airflow/dags/airflow_lab2_flask.py for tasks to queue
[2026-02-15T16:57:10.906+0000] {logging_mixin.py:188} INFO - [2026-02-15T16:57:10.906+0000] {dagbag.py:538} INFO - Filling up the DagBag from /opt/airflow/dags/airflow_lab2_flask.py
[2026-02-15T16:57:10.917+0000] {processor.py:840} INFO - DAG(s) 'Airflow_Lab2_Flask' retrieved from /opt/airflow/dags/airflow_lab2_flask.py
[2026-02-15T16:57:10.931+0000] {logging_mixin.py:188} INFO - [2026-02-15T16:57:10.931+0000] {dag.py:3036} INFO - Sync 1 DAGs
[2026-02-15T16:57:10.938+0000] {logging_mixin.py:188} INFO - [2026-02-15T16:57:10.938+0000] {dag.py:3823} INFO - Setting next_dagrun for Airflow_Lab2_Flask to None, run_after=None
[2026-02-15T16:57:10.945+0000] {processor.py:183} INFO - Processing /opt/airflow/dags/airflow_lab2_flask.py took 0.045 seconds
[2026-02-15T16:57:41.656+0000] {processor.py:161} INFO - Started process (PID=790) to work on /opt/airflow/dags/airflow_lab2_flask.py
[2026-02-15T16:57:41.657+0000] {processor.py:830} INFO - Processing file /opt/airflow/dags/airflow_lab2_flask.py for tasks to queue
[2026-02-15T16:57:41.658+0000] {logging_mixin.py:188} INFO - [2026-02-15T16:57:41.658+0000] {dagbag.py:538} INFO - Filling up the DagBag from /opt/airflow/dags/airflow_lab2_flask.py
[2026-02-15T16:57:41.670+0000] {processor.py:840} INFO - DAG(s) 'Airflow_Lab2_Flask' retrieved from /opt/airflow/dags/airflow_lab2_flask.py
[2026-02-15T16:57:41.683+0000] {logging_mixin.py:188} INFO - [2026-02-15T16:57:41.683+0000] {dag.py:3036} INFO - Sync 1 DAGs
[2026-02-15T16:57:41.689+0000] {logging_mixin.py:188} INFO - [2026-02-15T16:57:41.689+0000] {dag.py:3823} INFO - Setting next_dagrun for Airflow_Lab2_Flask to None, run_after=None
[2026-02-15T16:57:41.696+0000] {processor.py:183} INFO - Processing /opt/airflow/dags/airflow_lab2_flask.py took 0.043 seconds
[2026-02-15T16:58:12.422+0000] {processor.py:161} INFO - Started process (PID=821) to work on /opt/airflow/dags/airflow_lab2_flask.py
[2026-02-15T16:58:12.423+0000] {processor.py:830} INFO - Processing file /opt/airflow/dags/airflow_lab2_flask.py for tasks to queue
[2026-02-15T16:58:12.426+0000] {logging_mixin.py:188} INFO - [2026-02-15T16:58:12.425+0000] {dagbag.py:538} INFO - Filling up the DagBag from /opt/airflow/dags/airflow_lab2_flask.py
[2026-02-15T16:58:12.442+0000] {processor.py:840} INFO - DAG(s) 'Airflow_Lab2_Flask' retrieved from /opt/airflow/dags/airflow_lab2_flask.py
[2026-02-15T16:58:12.457+0000] {logging_mixin.py:188} INFO - [2026-02-15T16:58:12.457+0000] {dag.py:3036} INFO - Sync 1 DAGs
[2026-02-15T16:58:12.463+0000] {logging_mixin.py:188} INFO - [2026-02-15T16:58:12.463+0000] {dag.py:3823} INFO - Setting next_dagrun for Airflow_Lab2_Flask to None, run_after=None
[2026-02-15T16:58:12.470+0000] {processor.py:183} INFO - Processing /opt/airflow/dags/airflow_lab2_flask.py took 0.053 seconds
[2026-02-15T16:58:43.195+0000] {processor.py:161} INFO - Started process (PID=852) to work on /opt/airflow/dags/airflow_lab2_flask.py
[2026-02-15T16:58:43.196+0000] {processor.py:830} INFO - Processing file /opt/airflow/dags/airflow_lab2_flask.py for tasks to queue
[2026-02-15T16:58:43.197+0000] {logging_mixin.py:188} INFO - [2026-02-15T16:58:43.197+0000] {dagbag.py:538} INFO - Filling up the DagBag from /opt/airflow/dags/airflow_lab2_flask.py
[2026-02-15T16:58:43.208+0000] {processor.py:840} INFO - DAG(s) 'Airflow_Lab2_Flask' retrieved from /opt/airflow/dags/airflow_lab2_flask.py
[2026-02-15T16:58:43.220+0000] {logging_mixin.py:188} INFO - [2026-02-15T16:58:43.220+0000] {dag.py:3036} INFO - Sync 1 DAGs
[2026-02-15T16:58:43.226+0000] {logging_mixin.py:188} INFO - [2026-02-15T16:58:43.226+0000] {dag.py:3823} INFO - Setting next_dagrun for Airflow_Lab2_Flask to None, run_after=None
[2026-02-15T16:58:43.233+0000] {processor.py:183} INFO - Processing /opt/airflow/dags/airflow_lab2_flask.py took 0.042 seconds
[2026-02-15T16:59:13.977+0000] {processor.py:161} INFO - Started process (PID=883) to work on /opt/airflow/dags/airflow_lab2_flask.py
[2026-02-15T16:59:13.978+0000] {processor.py:830} INFO - Processing file /opt/airflow/dags/airflow_lab2_flask.py for tasks to queue
[2026-02-15T16:59:13.980+0000] {logging_mixin.py:188} INFO - [2026-02-15T16:59:13.980+0000] {dagbag.py:538} INFO - Filling up the DagBag from /opt/airflow/dags/airflow_lab2_flask.py
[2026-02-15T16:59:13.992+0000] {processor.py:840} INFO - DAG(s) 'Airflow_Lab2_Flask' retrieved from /opt/airflow/dags/airflow_lab2_flask.py
[2026-02-15T16:59:14.007+0000] {logging_mixin.py:188} INFO - [2026-02-15T16:59:14.006+0000] {dag.py:3036} INFO - Sync 1 DAGs
[2026-02-15T16:59:14.013+0000] {logging_mixin.py:188} INFO - [2026-02-15T16:59:14.013+0000] {dag.py:3823} INFO - Setting next_dagrun for Airflow_Lab2_Flask to None, run_after=None
[2026-02-15T16:59:14.020+0000] {processor.py:183} INFO - Processing /opt/airflow/dags/airflow_lab2_flask.py took 0.048 seconds
[2026-02-15T16:59:44.674+0000] {processor.py:161} INFO - Started process (PID=914) to work on /opt/airflow/dags/airflow_lab2_flask.py
[2026-02-15T16:59:44.675+0000] {processor.py:830} INFO - Processing file /opt/airflow/dags/airflow_lab2_flask.py for tasks to queue
[2026-02-15T16:59:44.678+0000] {logging_mixin.py:188} INFO - [2026-02-15T16:59:44.677+0000] {dagbag.py:538} INFO - Filling up the DagBag from /opt/airflow/dags/airflow_lab2_flask.py
[2026-02-15T16:59:44.693+0000] {processor.py:840} INFO - DAG(s) 'Airflow_Lab2_Flask' retrieved from /opt/airflow/dags/airflow_lab2_flask.py
[2026-02-15T16:59:44.710+0000] {logging_mixin.py:188} INFO - [2026-02-15T16:59:44.710+0000] {dag.py:3036} INFO - Sync 1 DAGs
[2026-02-15T16:59:44.717+0000] {logging_mixin.py:188} INFO - [2026-02-15T16:59:44.717+0000] {dag.py:3823} INFO - Setting next_dagrun for Airflow_Lab2_Flask to None, run_after=None
[2026-02-15T16:59:44.724+0000] {processor.py:183} INFO - Processing /opt/airflow/dags/airflow_lab2_flask.py took 0.055 seconds
[2026-02-15T17:00:15.420+0000] {processor.py:161} INFO - Started process (PID=945) to work on /opt/airflow/dags/airflow_lab2_flask.py
[2026-02-15T17:00:15.422+0000] {processor.py:830} INFO - Processing file /opt/airflow/dags/airflow_lab2_flask.py for tasks to queue
[2026-02-15T17:00:15.424+0000] {logging_mixin.py:188} INFO - [2026-02-15T17:00:15.424+0000] {dagbag.py:538} INFO - Filling up the DagBag from /opt/airflow/dags/airflow_lab2_flask.py
[2026-02-15T17:00:15.436+0000] {processor.py:840} INFO - DAG(s) 'Airflow_Lab2_Flask' retrieved from /opt/airflow/dags/airflow_lab2_flask.py
[2026-02-15T17:00:15.450+0000] {logging_mixin.py:188} INFO - [2026-02-15T17:00:15.450+0000] {dag.py:3036} INFO - Sync 1 DAGs
[2026-02-15T17:00:15.456+0000] {logging_mixin.py:188} INFO - [2026-02-15T17:00:15.456+0000] {dag.py:3823} INFO - Setting next_dagrun for Airflow_Lab2_Flask to None, run_after=None
[2026-02-15T17:00:15.462+0000] {processor.py:183} INFO - Processing /opt/airflow/dags/airflow_lab2_flask.py took 0.047 seconds
