[2026-02-15T16:45:53.307+0000] {processor.py:161} INFO - Started process (PID=71) to work on /opt/airflow/dags/airflow_lab2.py
[2026-02-15T16:45:53.308+0000] {processor.py:830} INFO - Processing file /opt/airflow/dags/airflow_lab2.py for tasks to queue
[2026-02-15T16:45:53.310+0000] {logging_mixin.py:188} INFO - [2026-02-15T16:45:53.309+0000] {dagbag.py:538} INFO - Filling up the DagBag from /opt/airflow/dags/airflow_lab2.py
[2026-02-15T16:45:54.126+0000] {processor.py:840} INFO - DAG(s) 'Airflow_Lab2' retrieved from /opt/airflow/dags/airflow_lab2.py
[2026-02-15T16:45:54.173+0000] {logging_mixin.py:188} INFO - [2026-02-15T16:45:54.173+0000] {dag.py:3036} INFO - Sync 1 DAGs
[2026-02-15T16:45:54.177+0000] {logging_mixin.py:188} INFO - [2026-02-15T16:45:54.177+0000] {dag.py:3823} INFO - Setting next_dagrun for Airflow_Lab2 to None, run_after=None
[2026-02-15T16:45:54.186+0000] {processor.py:183} INFO - Processing /opt/airflow/dags/airflow_lab2.py took 0.880 seconds
[2026-02-15T16:46:24.458+0000] {processor.py:161} INFO - Started process (PID=102) to work on /opt/airflow/dags/airflow_lab2.py
[2026-02-15T16:46:24.459+0000] {processor.py:830} INFO - Processing file /opt/airflow/dags/airflow_lab2.py for tasks to queue
[2026-02-15T16:46:24.461+0000] {logging_mixin.py:188} INFO - [2026-02-15T16:46:24.461+0000] {dagbag.py:538} INFO - Filling up the DagBag from /opt/airflow/dags/airflow_lab2.py
[2026-02-15T16:46:24.999+0000] {processor.py:840} INFO - DAG(s) 'Airflow_Lab2' retrieved from /opt/airflow/dags/airflow_lab2.py
[2026-02-15T16:46:25.013+0000] {logging_mixin.py:188} INFO - [2026-02-15T16:46:25.013+0000] {dag.py:3036} INFO - Sync 1 DAGs
[2026-02-15T16:46:25.018+0000] {logging_mixin.py:188} INFO - [2026-02-15T16:46:25.018+0000] {dag.py:3823} INFO - Setting next_dagrun for Airflow_Lab2 to None, run_after=None
[2026-02-15T16:46:25.029+0000] {processor.py:183} INFO - Processing /opt/airflow/dags/airflow_lab2.py took 0.574 seconds
[2026-02-15T16:46:55.316+0000] {processor.py:161} INFO - Started process (PID=133) to work on /opt/airflow/dags/airflow_lab2.py
[2026-02-15T16:46:55.318+0000] {processor.py:830} INFO - Processing file /opt/airflow/dags/airflow_lab2.py for tasks to queue
[2026-02-15T16:46:55.320+0000] {logging_mixin.py:188} INFO - [2026-02-15T16:46:55.320+0000] {dagbag.py:538} INFO - Filling up the DagBag from /opt/airflow/dags/airflow_lab2.py
[2026-02-15T16:46:55.847+0000] {processor.py:840} INFO - DAG(s) 'Airflow_Lab2' retrieved from /opt/airflow/dags/airflow_lab2.py
[2026-02-15T16:46:55.863+0000] {logging_mixin.py:188} INFO - [2026-02-15T16:46:55.863+0000] {dag.py:3036} INFO - Sync 1 DAGs
[2026-02-15T16:46:55.867+0000] {logging_mixin.py:188} INFO - [2026-02-15T16:46:55.866+0000] {dag.py:3823} INFO - Setting next_dagrun for Airflow_Lab2 to None, run_after=None
[2026-02-15T16:46:55.874+0000] {processor.py:183} INFO - Processing /opt/airflow/dags/airflow_lab2.py took 0.565 seconds
[2026-02-15T16:47:26.146+0000] {processor.py:161} INFO - Started process (PID=170) to work on /opt/airflow/dags/airflow_lab2.py
[2026-02-15T16:47:26.150+0000] {processor.py:830} INFO - Processing file /opt/airflow/dags/airflow_lab2.py for tasks to queue
[2026-02-15T16:47:26.155+0000] {logging_mixin.py:188} INFO - [2026-02-15T16:47:26.154+0000] {dagbag.py:538} INFO - Filling up the DagBag from /opt/airflow/dags/airflow_lab2.py
[2026-02-15T16:47:26.781+0000] {processor.py:840} INFO - DAG(s) 'Airflow_Lab2' retrieved from /opt/airflow/dags/airflow_lab2.py
[2026-02-15T16:47:26.793+0000] {logging_mixin.py:188} INFO - [2026-02-15T16:47:26.792+0000] {dag.py:3036} INFO - Sync 1 DAGs
[2026-02-15T16:47:26.797+0000] {logging_mixin.py:188} INFO - [2026-02-15T16:47:26.797+0000] {dag.py:3823} INFO - Setting next_dagrun for Airflow_Lab2 to None, run_after=None
[2026-02-15T16:47:26.804+0000] {processor.py:183} INFO - Processing /opt/airflow/dags/airflow_lab2.py took 0.666 seconds
[2026-02-15T16:47:57.167+0000] {processor.py:161} INFO - Started process (PID=201) to work on /opt/airflow/dags/airflow_lab2.py
[2026-02-15T16:47:57.168+0000] {processor.py:830} INFO - Processing file /opt/airflow/dags/airflow_lab2.py for tasks to queue
[2026-02-15T16:47:57.171+0000] {logging_mixin.py:188} INFO - [2026-02-15T16:47:57.171+0000] {dagbag.py:538} INFO - Filling up the DagBag from /opt/airflow/dags/airflow_lab2.py
[2026-02-15T16:47:57.673+0000] {processor.py:840} INFO - DAG(s) 'Airflow_Lab2' retrieved from /opt/airflow/dags/airflow_lab2.py
[2026-02-15T16:47:57.686+0000] {logging_mixin.py:188} INFO - [2026-02-15T16:47:57.686+0000] {dag.py:3036} INFO - Sync 1 DAGs
[2026-02-15T16:47:57.691+0000] {logging_mixin.py:188} INFO - [2026-02-15T16:47:57.691+0000] {dag.py:3823} INFO - Setting next_dagrun for Airflow_Lab2 to None, run_after=None
[2026-02-15T16:47:57.699+0000] {processor.py:183} INFO - Processing /opt/airflow/dags/airflow_lab2.py took 0.537 seconds
[2026-02-15T16:48:27.979+0000] {processor.py:161} INFO - Started process (PID=232) to work on /opt/airflow/dags/airflow_lab2.py
[2026-02-15T16:48:27.980+0000] {processor.py:830} INFO - Processing file /opt/airflow/dags/airflow_lab2.py for tasks to queue
[2026-02-15T16:48:27.983+0000] {logging_mixin.py:188} INFO - [2026-02-15T16:48:27.982+0000] {dagbag.py:538} INFO - Filling up the DagBag from /opt/airflow/dags/airflow_lab2.py
[2026-02-15T16:48:28.350+0000] {processor.py:840} INFO - DAG(s) 'Airflow_Lab2' retrieved from /opt/airflow/dags/airflow_lab2.py
[2026-02-15T16:48:28.364+0000] {logging_mixin.py:188} INFO - [2026-02-15T16:48:28.364+0000] {dag.py:3036} INFO - Sync 1 DAGs
[2026-02-15T16:48:28.368+0000] {logging_mixin.py:188} INFO - [2026-02-15T16:48:28.368+0000] {dag.py:3823} INFO - Setting next_dagrun for Airflow_Lab2 to None, run_after=None
[2026-02-15T16:48:28.374+0000] {processor.py:183} INFO - Processing /opt/airflow/dags/airflow_lab2.py took 0.398 seconds
[2026-02-15T16:48:58.672+0000] {processor.py:161} INFO - Started process (PID=263) to work on /opt/airflow/dags/airflow_lab2.py
[2026-02-15T16:48:58.673+0000] {processor.py:830} INFO - Processing file /opt/airflow/dags/airflow_lab2.py for tasks to queue
[2026-02-15T16:48:58.676+0000] {logging_mixin.py:188} INFO - [2026-02-15T16:48:58.676+0000] {dagbag.py:538} INFO - Filling up the DagBag from /opt/airflow/dags/airflow_lab2.py
[2026-02-15T16:48:59.171+0000] {processor.py:840} INFO - DAG(s) 'Airflow_Lab2' retrieved from /opt/airflow/dags/airflow_lab2.py
[2026-02-15T16:48:59.180+0000] {logging_mixin.py:188} INFO - [2026-02-15T16:48:59.180+0000] {dag.py:3036} INFO - Sync 1 DAGs
[2026-02-15T16:48:59.185+0000] {logging_mixin.py:188} INFO - [2026-02-15T16:48:59.185+0000] {dag.py:3823} INFO - Setting next_dagrun for Airflow_Lab2 to None, run_after=None
[2026-02-15T16:48:59.194+0000] {processor.py:183} INFO - Processing /opt/airflow/dags/airflow_lab2.py took 0.528 seconds
[2026-02-15T16:49:29.502+0000] {processor.py:161} INFO - Started process (PID=294) to work on /opt/airflow/dags/airflow_lab2.py
[2026-02-15T16:49:29.504+0000] {processor.py:830} INFO - Processing file /opt/airflow/dags/airflow_lab2.py for tasks to queue
[2026-02-15T16:49:29.507+0000] {logging_mixin.py:188} INFO - [2026-02-15T16:49:29.507+0000] {dagbag.py:538} INFO - Filling up the DagBag from /opt/airflow/dags/airflow_lab2.py
[2026-02-15T16:49:30.310+0000] {processor.py:840} INFO - DAG(s) 'Airflow_Lab2' retrieved from /opt/airflow/dags/airflow_lab2.py
[2026-02-15T16:49:30.323+0000] {logging_mixin.py:188} INFO - [2026-02-15T16:49:30.323+0000] {dag.py:3036} INFO - Sync 1 DAGs
[2026-02-15T16:49:30.327+0000] {logging_mixin.py:188} INFO - [2026-02-15T16:49:30.327+0000] {dag.py:3823} INFO - Setting next_dagrun for Airflow_Lab2 to None, run_after=None
[2026-02-15T16:49:30.341+0000] {processor.py:183} INFO - Processing /opt/airflow/dags/airflow_lab2.py took 0.845 seconds
[2026-02-15T16:50:00.648+0000] {processor.py:161} INFO - Started process (PID=326) to work on /opt/airflow/dags/airflow_lab2.py
[2026-02-15T16:50:00.650+0000] {processor.py:830} INFO - Processing file /opt/airflow/dags/airflow_lab2.py for tasks to queue
[2026-02-15T16:50:00.652+0000] {logging_mixin.py:188} INFO - [2026-02-15T16:50:00.651+0000] {dagbag.py:538} INFO - Filling up the DagBag from /opt/airflow/dags/airflow_lab2.py
[2026-02-15T16:50:01.069+0000] {processor.py:840} INFO - DAG(s) 'Airflow_Lab2' retrieved from /opt/airflow/dags/airflow_lab2.py
[2026-02-15T16:50:01.083+0000] {logging_mixin.py:188} INFO - [2026-02-15T16:50:01.083+0000] {dag.py:3036} INFO - Sync 1 DAGs
[2026-02-15T16:50:01.090+0000] {logging_mixin.py:188} INFO - [2026-02-15T16:50:01.090+0000] {dag.py:3823} INFO - Setting next_dagrun for Airflow_Lab2 to None, run_after=None
[2026-02-15T16:50:01.098+0000] {processor.py:183} INFO - Processing /opt/airflow/dags/airflow_lab2.py took 0.456 seconds
[2026-02-15T16:50:31.356+0000] {processor.py:161} INFO - Started process (PID=357) to work on /opt/airflow/dags/airflow_lab2.py
[2026-02-15T16:50:31.357+0000] {processor.py:830} INFO - Processing file /opt/airflow/dags/airflow_lab2.py for tasks to queue
[2026-02-15T16:50:31.359+0000] {logging_mixin.py:188} INFO - [2026-02-15T16:50:31.358+0000] {dagbag.py:538} INFO - Filling up the DagBag from /opt/airflow/dags/airflow_lab2.py
[2026-02-15T16:50:31.756+0000] {processor.py:840} INFO - DAG(s) 'Airflow_Lab2' retrieved from /opt/airflow/dags/airflow_lab2.py
[2026-02-15T16:50:31.775+0000] {logging_mixin.py:188} INFO - [2026-02-15T16:50:31.775+0000] {dag.py:3036} INFO - Sync 1 DAGs
[2026-02-15T16:50:31.781+0000] {logging_mixin.py:188} INFO - [2026-02-15T16:50:31.781+0000] {dag.py:3823} INFO - Setting next_dagrun for Airflow_Lab2 to None, run_after=None
[2026-02-15T16:50:31.793+0000] {processor.py:183} INFO - Processing /opt/airflow/dags/airflow_lab2.py took 0.439 seconds
[2026-02-15T16:51:02.139+0000] {processor.py:161} INFO - Started process (PID=388) to work on /opt/airflow/dags/airflow_lab2.py
[2026-02-15T16:51:02.140+0000] {processor.py:830} INFO - Processing file /opt/airflow/dags/airflow_lab2.py for tasks to queue
[2026-02-15T16:51:02.141+0000] {logging_mixin.py:188} INFO - [2026-02-15T16:51:02.140+0000] {dagbag.py:538} INFO - Filling up the DagBag from /opt/airflow/dags/airflow_lab2.py
[2026-02-15T16:51:02.619+0000] {processor.py:840} INFO - DAG(s) 'Airflow_Lab2' retrieved from /opt/airflow/dags/airflow_lab2.py
[2026-02-15T16:51:02.634+0000] {logging_mixin.py:188} INFO - [2026-02-15T16:51:02.633+0000] {dag.py:3036} INFO - Sync 1 DAGs
[2026-02-15T16:51:02.639+0000] {logging_mixin.py:188} INFO - [2026-02-15T16:51:02.639+0000] {dag.py:3823} INFO - Setting next_dagrun for Airflow_Lab2 to None, run_after=None
[2026-02-15T16:51:02.658+0000] {processor.py:183} INFO - Processing /opt/airflow/dags/airflow_lab2.py took 0.521 seconds
[2026-02-15T16:51:32.961+0000] {processor.py:161} INFO - Started process (PID=419) to work on /opt/airflow/dags/airflow_lab2.py
[2026-02-15T16:51:32.962+0000] {processor.py:830} INFO - Processing file /opt/airflow/dags/airflow_lab2.py for tasks to queue
[2026-02-15T16:51:32.964+0000] {logging_mixin.py:188} INFO - [2026-02-15T16:51:32.964+0000] {dagbag.py:538} INFO - Filling up the DagBag from /opt/airflow/dags/airflow_lab2.py
[2026-02-15T16:51:33.377+0000] {processor.py:840} INFO - DAG(s) 'Airflow_Lab2' retrieved from /opt/airflow/dags/airflow_lab2.py
[2026-02-15T16:51:33.391+0000] {logging_mixin.py:188} INFO - [2026-02-15T16:51:33.391+0000] {dag.py:3036} INFO - Sync 1 DAGs
[2026-02-15T16:51:33.396+0000] {logging_mixin.py:188} INFO - [2026-02-15T16:51:33.396+0000] {dag.py:3823} INFO - Setting next_dagrun for Airflow_Lab2 to None, run_after=None
[2026-02-15T16:51:33.404+0000] {processor.py:183} INFO - Processing /opt/airflow/dags/airflow_lab2.py took 0.445 seconds
[2026-02-15T16:52:03.685+0000] {processor.py:161} INFO - Started process (PID=450) to work on /opt/airflow/dags/airflow_lab2.py
[2026-02-15T16:52:03.686+0000] {processor.py:830} INFO - Processing file /opt/airflow/dags/airflow_lab2.py for tasks to queue
[2026-02-15T16:52:03.687+0000] {logging_mixin.py:188} INFO - [2026-02-15T16:52:03.687+0000] {dagbag.py:538} INFO - Filling up the DagBag from /opt/airflow/dags/airflow_lab2.py
[2026-02-15T16:52:04.104+0000] {processor.py:840} INFO - DAG(s) 'Airflow_Lab2' retrieved from /opt/airflow/dags/airflow_lab2.py
[2026-02-15T16:52:04.115+0000] {logging_mixin.py:188} INFO - [2026-02-15T16:52:04.115+0000] {dag.py:3036} INFO - Sync 1 DAGs
[2026-02-15T16:52:04.120+0000] {logging_mixin.py:188} INFO - [2026-02-15T16:52:04.120+0000] {dag.py:3823} INFO - Setting next_dagrun for Airflow_Lab2 to None, run_after=None
[2026-02-15T16:52:04.131+0000] {processor.py:183} INFO - Processing /opt/airflow/dags/airflow_lab2.py took 0.448 seconds
[2026-02-15T16:52:34.488+0000] {processor.py:161} INFO - Started process (PID=481) to work on /opt/airflow/dags/airflow_lab2.py
[2026-02-15T16:52:34.488+0000] {processor.py:830} INFO - Processing file /opt/airflow/dags/airflow_lab2.py for tasks to queue
[2026-02-15T16:52:34.489+0000] {logging_mixin.py:188} INFO - [2026-02-15T16:52:34.489+0000] {dagbag.py:538} INFO - Filling up the DagBag from /opt/airflow/dags/airflow_lab2.py
[2026-02-15T16:52:35.005+0000] {processor.py:840} INFO - DAG(s) 'Airflow_Lab2' retrieved from /opt/airflow/dags/airflow_lab2.py
[2026-02-15T16:52:35.016+0000] {logging_mixin.py:188} INFO - [2026-02-15T16:52:35.016+0000] {dag.py:3036} INFO - Sync 1 DAGs
[2026-02-15T16:52:35.020+0000] {logging_mixin.py:188} INFO - [2026-02-15T16:52:35.020+0000] {dag.py:3823} INFO - Setting next_dagrun for Airflow_Lab2 to None, run_after=None
[2026-02-15T16:52:35.028+0000] {processor.py:183} INFO - Processing /opt/airflow/dags/airflow_lab2.py took 0.543 seconds
[2026-02-15T16:53:05.283+0000] {processor.py:161} INFO - Started process (PID=512) to work on /opt/airflow/dags/airflow_lab2.py
[2026-02-15T16:53:05.283+0000] {processor.py:830} INFO - Processing file /opt/airflow/dags/airflow_lab2.py for tasks to queue
[2026-02-15T16:53:05.284+0000] {logging_mixin.py:188} INFO - [2026-02-15T16:53:05.284+0000] {dagbag.py:538} INFO - Filling up the DagBag from /opt/airflow/dags/airflow_lab2.py
[2026-02-15T16:53:05.838+0000] {processor.py:840} INFO - DAG(s) 'Airflow_Lab2' retrieved from /opt/airflow/dags/airflow_lab2.py
[2026-02-15T16:53:05.852+0000] {logging_mixin.py:188} INFO - [2026-02-15T16:53:05.852+0000] {dag.py:3036} INFO - Sync 1 DAGs
[2026-02-15T16:53:05.859+0000] {logging_mixin.py:188} INFO - [2026-02-15T16:53:05.858+0000] {dag.py:3823} INFO - Setting next_dagrun for Airflow_Lab2 to None, run_after=None
[2026-02-15T16:53:05.874+0000] {processor.py:183} INFO - Processing /opt/airflow/dags/airflow_lab2.py took 0.593 seconds
[2026-02-15T16:53:36.168+0000] {processor.py:161} INFO - Started process (PID=543) to work on /opt/airflow/dags/airflow_lab2.py
[2026-02-15T16:53:36.169+0000] {processor.py:830} INFO - Processing file /opt/airflow/dags/airflow_lab2.py for tasks to queue
[2026-02-15T16:53:36.170+0000] {logging_mixin.py:188} INFO - [2026-02-15T16:53:36.170+0000] {dagbag.py:538} INFO - Filling up the DagBag from /opt/airflow/dags/airflow_lab2.py
[2026-02-15T16:53:36.648+0000] {processor.py:840} INFO - DAG(s) 'Airflow_Lab2' retrieved from /opt/airflow/dags/airflow_lab2.py
[2026-02-15T16:53:36.665+0000] {logging_mixin.py:188} INFO - [2026-02-15T16:53:36.664+0000] {dag.py:3036} INFO - Sync 1 DAGs
[2026-02-15T16:53:36.672+0000] {logging_mixin.py:188} INFO - [2026-02-15T16:53:36.672+0000] {dag.py:3823} INFO - Setting next_dagrun for Airflow_Lab2 to None, run_after=None
[2026-02-15T16:53:36.681+0000] {processor.py:183} INFO - Processing /opt/airflow/dags/airflow_lab2.py took 0.517 seconds
[2026-02-15T16:54:06.993+0000] {processor.py:161} INFO - Started process (PID=574) to work on /opt/airflow/dags/airflow_lab2.py
[2026-02-15T16:54:06.995+0000] {processor.py:830} INFO - Processing file /opt/airflow/dags/airflow_lab2.py for tasks to queue
[2026-02-15T16:54:06.997+0000] {logging_mixin.py:188} INFO - [2026-02-15T16:54:06.996+0000] {dagbag.py:538} INFO - Filling up the DagBag from /opt/airflow/dags/airflow_lab2.py
[2026-02-15T16:54:07.471+0000] {processor.py:840} INFO - DAG(s) 'Airflow_Lab2' retrieved from /opt/airflow/dags/airflow_lab2.py
[2026-02-15T16:54:07.481+0000] {logging_mixin.py:188} INFO - [2026-02-15T16:54:07.481+0000] {dag.py:3036} INFO - Sync 1 DAGs
[2026-02-15T16:54:07.487+0000] {logging_mixin.py:188} INFO - [2026-02-15T16:54:07.486+0000] {dag.py:3823} INFO - Setting next_dagrun for Airflow_Lab2 to None, run_after=None
[2026-02-15T16:54:07.493+0000] {processor.py:183} INFO - Processing /opt/airflow/dags/airflow_lab2.py took 0.503 seconds
[2026-02-15T16:54:37.915+0000] {processor.py:161} INFO - Started process (PID=605) to work on /opt/airflow/dags/airflow_lab2.py
[2026-02-15T16:54:37.917+0000] {processor.py:830} INFO - Processing file /opt/airflow/dags/airflow_lab2.py for tasks to queue
[2026-02-15T16:54:37.918+0000] {logging_mixin.py:188} INFO - [2026-02-15T16:54:37.918+0000] {dagbag.py:538} INFO - Filling up the DagBag from /opt/airflow/dags/airflow_lab2.py
[2026-02-15T16:54:38.435+0000] {processor.py:840} INFO - DAG(s) 'Airflow_Lab2' retrieved from /opt/airflow/dags/airflow_lab2.py
[2026-02-15T16:54:38.450+0000] {logging_mixin.py:188} INFO - [2026-02-15T16:54:38.449+0000] {dag.py:3036} INFO - Sync 1 DAGs
[2026-02-15T16:54:38.455+0000] {logging_mixin.py:188} INFO - [2026-02-15T16:54:38.454+0000] {dag.py:3823} INFO - Setting next_dagrun for Airflow_Lab2 to None, run_after=None
[2026-02-15T16:54:38.465+0000] {processor.py:183} INFO - Processing /opt/airflow/dags/airflow_lab2.py took 0.551 seconds
[2026-02-15T16:55:08.800+0000] {processor.py:161} INFO - Started process (PID=636) to work on /opt/airflow/dags/airflow_lab2.py
[2026-02-15T16:55:08.804+0000] {processor.py:830} INFO - Processing file /opt/airflow/dags/airflow_lab2.py for tasks to queue
[2026-02-15T16:55:08.806+0000] {logging_mixin.py:188} INFO - [2026-02-15T16:55:08.806+0000] {dagbag.py:538} INFO - Filling up the DagBag from /opt/airflow/dags/airflow_lab2.py
[2026-02-15T16:55:09.332+0000] {processor.py:840} INFO - DAG(s) 'Airflow_Lab2' retrieved from /opt/airflow/dags/airflow_lab2.py
[2026-02-15T16:55:09.347+0000] {logging_mixin.py:188} INFO - [2026-02-15T16:55:09.347+0000] {dag.py:3036} INFO - Sync 1 DAGs
[2026-02-15T16:55:09.351+0000] {logging_mixin.py:188} INFO - [2026-02-15T16:55:09.351+0000] {dag.py:3823} INFO - Setting next_dagrun for Airflow_Lab2 to None, run_after=None
[2026-02-15T16:55:09.360+0000] {processor.py:183} INFO - Processing /opt/airflow/dags/airflow_lab2.py took 0.566 seconds
[2026-02-15T16:55:39.661+0000] {processor.py:161} INFO - Started process (PID=667) to work on /opt/airflow/dags/airflow_lab2.py
[2026-02-15T16:55:39.664+0000] {processor.py:830} INFO - Processing file /opt/airflow/dags/airflow_lab2.py for tasks to queue
[2026-02-15T16:55:39.666+0000] {logging_mixin.py:188} INFO - [2026-02-15T16:55:39.666+0000] {dagbag.py:538} INFO - Filling up the DagBag from /opt/airflow/dags/airflow_lab2.py
[2026-02-15T16:55:40.052+0000] {processor.py:840} INFO - DAG(s) 'Airflow_Lab2' retrieved from /opt/airflow/dags/airflow_lab2.py
[2026-02-15T16:55:40.063+0000] {logging_mixin.py:188} INFO - [2026-02-15T16:55:40.062+0000] {dag.py:3036} INFO - Sync 1 DAGs
[2026-02-15T16:55:40.066+0000] {logging_mixin.py:188} INFO - [2026-02-15T16:55:40.066+0000] {dag.py:3823} INFO - Setting next_dagrun for Airflow_Lab2 to None, run_after=None
[2026-02-15T16:55:40.073+0000] {processor.py:183} INFO - Processing /opt/airflow/dags/airflow_lab2.py took 0.417 seconds
[2026-02-15T16:56:10.408+0000] {processor.py:161} INFO - Started process (PID=698) to work on /opt/airflow/dags/airflow_lab2.py
[2026-02-15T16:56:10.409+0000] {processor.py:830} INFO - Processing file /opt/airflow/dags/airflow_lab2.py for tasks to queue
[2026-02-15T16:56:10.410+0000] {logging_mixin.py:188} INFO - [2026-02-15T16:56:10.410+0000] {dagbag.py:538} INFO - Filling up the DagBag from /opt/airflow/dags/airflow_lab2.py
[2026-02-15T16:56:10.816+0000] {processor.py:840} INFO - DAG(s) 'Airflow_Lab2' retrieved from /opt/airflow/dags/airflow_lab2.py
[2026-02-15T16:56:10.828+0000] {logging_mixin.py:188} INFO - [2026-02-15T16:56:10.828+0000] {dag.py:3036} INFO - Sync 1 DAGs
[2026-02-15T16:56:10.832+0000] {logging_mixin.py:188} INFO - [2026-02-15T16:56:10.832+0000] {dag.py:3823} INFO - Setting next_dagrun for Airflow_Lab2 to None, run_after=None
[2026-02-15T16:56:10.839+0000] {processor.py:183} INFO - Processing /opt/airflow/dags/airflow_lab2.py took 0.435 seconds
[2026-02-15T16:56:41.095+0000] {processor.py:161} INFO - Started process (PID=729) to work on /opt/airflow/dags/airflow_lab2.py
[2026-02-15T16:56:41.098+0000] {processor.py:830} INFO - Processing file /opt/airflow/dags/airflow_lab2.py for tasks to queue
[2026-02-15T16:56:41.100+0000] {logging_mixin.py:188} INFO - [2026-02-15T16:56:41.100+0000] {dagbag.py:538} INFO - Filling up the DagBag from /opt/airflow/dags/airflow_lab2.py
[2026-02-15T16:56:41.549+0000] {processor.py:840} INFO - DAG(s) 'Airflow_Lab2' retrieved from /opt/airflow/dags/airflow_lab2.py
[2026-02-15T16:56:41.559+0000] {logging_mixin.py:188} INFO - [2026-02-15T16:56:41.558+0000] {dag.py:3036} INFO - Sync 1 DAGs
[2026-02-15T16:56:41.563+0000] {logging_mixin.py:188} INFO - [2026-02-15T16:56:41.563+0000] {dag.py:3823} INFO - Setting next_dagrun for Airflow_Lab2 to None, run_after=None
[2026-02-15T16:56:41.569+0000] {processor.py:183} INFO - Processing /opt/airflow/dags/airflow_lab2.py took 0.478 seconds
[2026-02-15T16:57:11.935+0000] {processor.py:161} INFO - Started process (PID=760) to work on /opt/airflow/dags/airflow_lab2.py
[2026-02-15T16:57:11.936+0000] {processor.py:830} INFO - Processing file /opt/airflow/dags/airflow_lab2.py for tasks to queue
[2026-02-15T16:57:11.939+0000] {logging_mixin.py:188} INFO - [2026-02-15T16:57:11.938+0000] {dagbag.py:538} INFO - Filling up the DagBag from /opt/airflow/dags/airflow_lab2.py
[2026-02-15T16:57:12.331+0000] {processor.py:840} INFO - DAG(s) 'Airflow_Lab2' retrieved from /opt/airflow/dags/airflow_lab2.py
[2026-02-15T16:57:12.341+0000] {logging_mixin.py:188} INFO - [2026-02-15T16:57:12.341+0000] {dag.py:3036} INFO - Sync 1 DAGs
[2026-02-15T16:57:12.345+0000] {logging_mixin.py:188} INFO - [2026-02-15T16:57:12.345+0000] {dag.py:3823} INFO - Setting next_dagrun for Airflow_Lab2 to None, run_after=None
[2026-02-15T16:57:12.354+0000] {processor.py:183} INFO - Processing /opt/airflow/dags/airflow_lab2.py took 0.422 seconds
[2026-02-15T16:57:42.680+0000] {processor.py:161} INFO - Started process (PID=791) to work on /opt/airflow/dags/airflow_lab2.py
[2026-02-15T16:57:42.681+0000] {processor.py:830} INFO - Processing file /opt/airflow/dags/airflow_lab2.py for tasks to queue
[2026-02-15T16:57:42.682+0000] {logging_mixin.py:188} INFO - [2026-02-15T16:57:42.682+0000] {dagbag.py:538} INFO - Filling up the DagBag from /opt/airflow/dags/airflow_lab2.py
[2026-02-15T16:57:43.072+0000] {processor.py:840} INFO - DAG(s) 'Airflow_Lab2' retrieved from /opt/airflow/dags/airflow_lab2.py
[2026-02-15T16:57:43.082+0000] {logging_mixin.py:188} INFO - [2026-02-15T16:57:43.082+0000] {dag.py:3036} INFO - Sync 1 DAGs
[2026-02-15T16:57:43.086+0000] {logging_mixin.py:188} INFO - [2026-02-15T16:57:43.086+0000] {dag.py:3823} INFO - Setting next_dagrun for Airflow_Lab2 to None, run_after=None
[2026-02-15T16:57:43.092+0000] {processor.py:183} INFO - Processing /opt/airflow/dags/airflow_lab2.py took 0.416 seconds
[2026-02-15T16:58:13.447+0000] {processor.py:161} INFO - Started process (PID=822) to work on /opt/airflow/dags/airflow_lab2.py
[2026-02-15T16:58:13.448+0000] {processor.py:830} INFO - Processing file /opt/airflow/dags/airflow_lab2.py for tasks to queue
[2026-02-15T16:58:13.450+0000] {logging_mixin.py:188} INFO - [2026-02-15T16:58:13.449+0000] {dagbag.py:538} INFO - Filling up the DagBag from /opt/airflow/dags/airflow_lab2.py
[2026-02-15T16:58:13.873+0000] {processor.py:840} INFO - DAG(s) 'Airflow_Lab2' retrieved from /opt/airflow/dags/airflow_lab2.py
[2026-02-15T16:58:13.882+0000] {logging_mixin.py:188} INFO - [2026-02-15T16:58:13.882+0000] {dag.py:3036} INFO - Sync 1 DAGs
[2026-02-15T16:58:13.886+0000] {logging_mixin.py:188} INFO - [2026-02-15T16:58:13.886+0000] {dag.py:3823} INFO - Setting next_dagrun for Airflow_Lab2 to None, run_after=None
[2026-02-15T16:58:13.893+0000] {processor.py:183} INFO - Processing /opt/airflow/dags/airflow_lab2.py took 0.450 seconds
[2026-02-15T16:58:44.216+0000] {processor.py:161} INFO - Started process (PID=853) to work on /opt/airflow/dags/airflow_lab2.py
[2026-02-15T16:58:44.220+0000] {processor.py:830} INFO - Processing file /opt/airflow/dags/airflow_lab2.py for tasks to queue
[2026-02-15T16:58:44.222+0000] {logging_mixin.py:188} INFO - [2026-02-15T16:58:44.222+0000] {dagbag.py:538} INFO - Filling up the DagBag from /opt/airflow/dags/airflow_lab2.py
[2026-02-15T16:58:44.655+0000] {processor.py:840} INFO - DAG(s) 'Airflow_Lab2' retrieved from /opt/airflow/dags/airflow_lab2.py
[2026-02-15T16:58:44.669+0000] {logging_mixin.py:188} INFO - [2026-02-15T16:58:44.669+0000] {dag.py:3036} INFO - Sync 1 DAGs
[2026-02-15T16:58:44.673+0000] {logging_mixin.py:188} INFO - [2026-02-15T16:58:44.673+0000] {dag.py:3823} INFO - Setting next_dagrun for Airflow_Lab2 to None, run_after=None
[2026-02-15T16:58:44.679+0000] {processor.py:183} INFO - Processing /opt/airflow/dags/airflow_lab2.py took 0.467 seconds
[2026-02-15T16:59:15.004+0000] {processor.py:161} INFO - Started process (PID=884) to work on /opt/airflow/dags/airflow_lab2.py
[2026-02-15T16:59:15.005+0000] {processor.py:830} INFO - Processing file /opt/airflow/dags/airflow_lab2.py for tasks to queue
[2026-02-15T16:59:15.007+0000] {logging_mixin.py:188} INFO - [2026-02-15T16:59:15.006+0000] {dagbag.py:538} INFO - Filling up the DagBag from /opt/airflow/dags/airflow_lab2.py
[2026-02-15T16:59:15.395+0000] {processor.py:840} INFO - DAG(s) 'Airflow_Lab2' retrieved from /opt/airflow/dags/airflow_lab2.py
[2026-02-15T16:59:15.406+0000] {logging_mixin.py:188} INFO - [2026-02-15T16:59:15.406+0000] {dag.py:3036} INFO - Sync 1 DAGs
[2026-02-15T16:59:15.412+0000] {logging_mixin.py:188} INFO - [2026-02-15T16:59:15.412+0000] {dag.py:3823} INFO - Setting next_dagrun for Airflow_Lab2 to None, run_after=None
[2026-02-15T16:59:15.419+0000] {processor.py:183} INFO - Processing /opt/airflow/dags/airflow_lab2.py took 0.418 seconds
[2026-02-15T16:59:45.702+0000] {processor.py:161} INFO - Started process (PID=915) to work on /opt/airflow/dags/airflow_lab2.py
[2026-02-15T16:59:45.703+0000] {processor.py:830} INFO - Processing file /opt/airflow/dags/airflow_lab2.py for tasks to queue
[2026-02-15T16:59:45.705+0000] {logging_mixin.py:188} INFO - [2026-02-15T16:59:45.704+0000] {dagbag.py:538} INFO - Filling up the DagBag from /opt/airflow/dags/airflow_lab2.py
[2026-02-15T16:59:46.098+0000] {processor.py:840} INFO - DAG(s) 'Airflow_Lab2' retrieved from /opt/airflow/dags/airflow_lab2.py
[2026-02-15T16:59:46.110+0000] {logging_mixin.py:188} INFO - [2026-02-15T16:59:46.110+0000] {dag.py:3036} INFO - Sync 1 DAGs
[2026-02-15T16:59:46.114+0000] {logging_mixin.py:188} INFO - [2026-02-15T16:59:46.114+0000] {dag.py:3823} INFO - Setting next_dagrun for Airflow_Lab2 to None, run_after=None
[2026-02-15T16:59:46.122+0000] {processor.py:183} INFO - Processing /opt/airflow/dags/airflow_lab2.py took 0.426 seconds
[2026-02-15T17:00:16.452+0000] {processor.py:161} INFO - Started process (PID=946) to work on /opt/airflow/dags/airflow_lab2.py
[2026-02-15T17:00:16.453+0000] {processor.py:830} INFO - Processing file /opt/airflow/dags/airflow_lab2.py for tasks to queue
[2026-02-15T17:00:16.455+0000] {logging_mixin.py:188} INFO - [2026-02-15T17:00:16.454+0000] {dagbag.py:538} INFO - Filling up the DagBag from /opt/airflow/dags/airflow_lab2.py
[2026-02-15T17:00:16.854+0000] {processor.py:840} INFO - DAG(s) 'Airflow_Lab2' retrieved from /opt/airflow/dags/airflow_lab2.py
[2026-02-15T17:00:16.863+0000] {logging_mixin.py:188} INFO - [2026-02-15T17:00:16.863+0000] {dag.py:3036} INFO - Sync 1 DAGs
[2026-02-15T17:00:16.867+0000] {logging_mixin.py:188} INFO - [2026-02-15T17:00:16.867+0000] {dag.py:3823} INFO - Setting next_dagrun for Airflow_Lab2 to None, run_after=None
[2026-02-15T17:00:16.872+0000] {processor.py:183} INFO - Processing /opt/airflow/dags/airflow_lab2.py took 0.424 seconds
