[2026-02-15T16:45:53.512+0000] {processor.py:161} INFO - Started process (PID=75) to work on /opt/airflow/dags/ml_pipeline.py
[2026-02-15T16:45:53.512+0000] {processor.py:830} INFO - Processing file /opt/airflow/dags/ml_pipeline.py for tasks to queue
[2026-02-15T16:45:53.513+0000] {logging_mixin.py:188} INFO - [2026-02-15T16:45:53.513+0000] {dagbag.py:538} INFO - Filling up the DagBag from /opt/airflow/dags/ml_pipeline.py
[2026-02-15T16:45:54.122+0000] {processor.py:840} INFO - DAG(s) 'ml_clustering_pipeline' retrieved from /opt/airflow/dags/ml_pipeline.py
[2026-02-15T16:45:54.163+0000] {logging_mixin.py:188} INFO - [2026-02-15T16:45:54.163+0000] {dag.py:3036} INFO - Sync 1 DAGs
[2026-02-15T16:45:54.168+0000] {logging_mixin.py:188} INFO - [2026-02-15T16:45:54.168+0000] {dag.py:3823} INFO - Setting next_dagrun for ml_clustering_pipeline to None, run_after=None
[2026-02-15T16:45:54.179+0000] {processor.py:183} INFO - Processing /opt/airflow/dags/ml_pipeline.py took 0.668 seconds
[2026-02-15T16:46:24.581+0000] {processor.py:161} INFO - Started process (PID=106) to work on /opt/airflow/dags/ml_pipeline.py
[2026-02-15T16:46:24.581+0000] {processor.py:830} INFO - Processing file /opt/airflow/dags/ml_pipeline.py for tasks to queue
[2026-02-15T16:46:24.582+0000] {logging_mixin.py:188} INFO - [2026-02-15T16:46:24.582+0000] {dagbag.py:538} INFO - Filling up the DagBag from /opt/airflow/dags/ml_pipeline.py
[2026-02-15T16:46:25.008+0000] {processor.py:840} INFO - DAG(s) 'ml_clustering_pipeline' retrieved from /opt/airflow/dags/ml_pipeline.py
[2026-02-15T16:46:25.016+0000] {logging_mixin.py:188} INFO - [2026-02-15T16:46:25.016+0000] {dag.py:3036} INFO - Sync 1 DAGs
[2026-02-15T16:46:25.022+0000] {logging_mixin.py:188} INFO - [2026-02-15T16:46:25.022+0000] {dag.py:3823} INFO - Setting next_dagrun for ml_clustering_pipeline to None, run_after=None
[2026-02-15T16:46:25.030+0000] {processor.py:183} INFO - Processing /opt/airflow/dags/ml_pipeline.py took 0.451 seconds
[2026-02-15T16:46:55.424+0000] {processor.py:161} INFO - Started process (PID=137) to work on /opt/airflow/dags/ml_pipeline.py
[2026-02-15T16:46:55.424+0000] {processor.py:830} INFO - Processing file /opt/airflow/dags/ml_pipeline.py for tasks to queue
[2026-02-15T16:46:55.425+0000] {logging_mixin.py:188} INFO - [2026-02-15T16:46:55.425+0000] {dagbag.py:538} INFO - Filling up the DagBag from /opt/airflow/dags/ml_pipeline.py
[2026-02-15T16:46:55.844+0000] {processor.py:840} INFO - DAG(s) 'ml_clustering_pipeline' retrieved from /opt/airflow/dags/ml_pipeline.py
[2026-02-15T16:46:55.854+0000] {logging_mixin.py:188} INFO - [2026-02-15T16:46:55.854+0000] {dag.py:3036} INFO - Sync 1 DAGs
[2026-02-15T16:46:55.858+0000] {logging_mixin.py:188} INFO - [2026-02-15T16:46:55.858+0000] {dag.py:3823} INFO - Setting next_dagrun for ml_clustering_pipeline to None, run_after=None
[2026-02-15T16:46:55.868+0000] {processor.py:183} INFO - Processing /opt/airflow/dags/ml_pipeline.py took 0.446 seconds
[2026-02-15T16:47:26.357+0000] {processor.py:161} INFO - Started process (PID=174) to work on /opt/airflow/dags/ml_pipeline.py
[2026-02-15T16:47:26.358+0000] {processor.py:830} INFO - Processing file /opt/airflow/dags/ml_pipeline.py for tasks to queue
[2026-02-15T16:47:26.359+0000] {logging_mixin.py:188} INFO - [2026-02-15T16:47:26.359+0000] {dagbag.py:538} INFO - Filling up the DagBag from /opt/airflow/dags/ml_pipeline.py
[2026-02-15T16:47:26.830+0000] {processor.py:840} INFO - DAG(s) 'ml_clustering_pipeline' retrieved from /opt/airflow/dags/ml_pipeline.py
[2026-02-15T16:47:26.841+0000] {logging_mixin.py:188} INFO - [2026-02-15T16:47:26.841+0000] {dag.py:3036} INFO - Sync 1 DAGs
[2026-02-15T16:47:26.849+0000] {logging_mixin.py:188} INFO - [2026-02-15T16:47:26.848+0000] {dag.py:3823} INFO - Setting next_dagrun for ml_clustering_pipeline to None, run_after=None
[2026-02-15T16:47:26.858+0000] {processor.py:183} INFO - Processing /opt/airflow/dags/ml_pipeline.py took 0.504 seconds
[2026-02-15T16:47:57.277+0000] {processor.py:161} INFO - Started process (PID=205) to work on /opt/airflow/dags/ml_pipeline.py
[2026-02-15T16:47:57.278+0000] {processor.py:830} INFO - Processing file /opt/airflow/dags/ml_pipeline.py for tasks to queue
[2026-02-15T16:47:57.278+0000] {logging_mixin.py:188} INFO - [2026-02-15T16:47:57.278+0000] {dagbag.py:538} INFO - Filling up the DagBag from /opt/airflow/dags/ml_pipeline.py
[2026-02-15T16:47:57.672+0000] {processor.py:840} INFO - DAG(s) 'ml_clustering_pipeline' retrieved from /opt/airflow/dags/ml_pipeline.py
[2026-02-15T16:47:57.684+0000] {logging_mixin.py:188} INFO - [2026-02-15T16:47:57.684+0000] {dag.py:3036} INFO - Sync 1 DAGs
[2026-02-15T16:47:57.689+0000] {logging_mixin.py:188} INFO - [2026-02-15T16:47:57.689+0000] {dag.py:3823} INFO - Setting next_dagrun for ml_clustering_pipeline to None, run_after=None
[2026-02-15T16:47:57.696+0000] {processor.py:183} INFO - Processing /opt/airflow/dags/ml_pipeline.py took 0.421 seconds
[2026-02-15T16:48:28.073+0000] {processor.py:161} INFO - Started process (PID=236) to work on /opt/airflow/dags/ml_pipeline.py
[2026-02-15T16:48:28.073+0000] {processor.py:830} INFO - Processing file /opt/airflow/dags/ml_pipeline.py for tasks to queue
[2026-02-15T16:48:28.074+0000] {logging_mixin.py:188} INFO - [2026-02-15T16:48:28.074+0000] {dagbag.py:538} INFO - Filling up the DagBag from /opt/airflow/dags/ml_pipeline.py
[2026-02-15T16:48:28.415+0000] {processor.py:840} INFO - DAG(s) 'ml_clustering_pipeline' retrieved from /opt/airflow/dags/ml_pipeline.py
[2026-02-15T16:48:28.421+0000] {logging_mixin.py:188} INFO - [2026-02-15T16:48:28.420+0000] {dag.py:3036} INFO - Sync 1 DAGs
[2026-02-15T16:48:28.424+0000] {logging_mixin.py:188} INFO - [2026-02-15T16:48:28.424+0000] {dag.py:3823} INFO - Setting next_dagrun for ml_clustering_pipeline to None, run_after=None
[2026-02-15T16:48:28.429+0000] {processor.py:183} INFO - Processing /opt/airflow/dags/ml_pipeline.py took 0.357 seconds
[2026-02-15T16:48:58.801+0000] {processor.py:161} INFO - Started process (PID=267) to work on /opt/airflow/dags/ml_pipeline.py
[2026-02-15T16:48:58.801+0000] {processor.py:830} INFO - Processing file /opt/airflow/dags/ml_pipeline.py for tasks to queue
[2026-02-15T16:48:58.802+0000] {logging_mixin.py:188} INFO - [2026-02-15T16:48:58.802+0000] {dagbag.py:538} INFO - Filling up the DagBag from /opt/airflow/dags/ml_pipeline.py
[2026-02-15T16:48:59.180+0000] {processor.py:840} INFO - DAG(s) 'ml_clustering_pipeline' retrieved from /opt/airflow/dags/ml_pipeline.py
[2026-02-15T16:48:59.187+0000] {logging_mixin.py:188} INFO - [2026-02-15T16:48:59.187+0000] {dag.py:3036} INFO - Sync 1 DAGs
[2026-02-15T16:48:59.192+0000] {logging_mixin.py:188} INFO - [2026-02-15T16:48:59.192+0000] {dag.py:3823} INFO - Setting next_dagrun for ml_clustering_pipeline to None, run_after=None
[2026-02-15T16:48:59.199+0000] {processor.py:183} INFO - Processing /opt/airflow/dags/ml_pipeline.py took 0.400 seconds
[2026-02-15T16:49:29.680+0000] {processor.py:161} INFO - Started process (PID=298) to work on /opt/airflow/dags/ml_pipeline.py
[2026-02-15T16:49:29.681+0000] {processor.py:830} INFO - Processing file /opt/airflow/dags/ml_pipeline.py for tasks to queue
[2026-02-15T16:49:29.682+0000] {logging_mixin.py:188} INFO - [2026-02-15T16:49:29.682+0000] {dagbag.py:538} INFO - Filling up the DagBag from /opt/airflow/dags/ml_pipeline.py
[2026-02-15T16:49:30.324+0000] {processor.py:840} INFO - DAG(s) 'ml_clustering_pipeline' retrieved from /opt/airflow/dags/ml_pipeline.py
[2026-02-15T16:49:30.336+0000] {logging_mixin.py:188} INFO - [2026-02-15T16:49:30.336+0000] {dag.py:3036} INFO - Sync 1 DAGs
[2026-02-15T16:49:30.340+0000] {logging_mixin.py:188} INFO - [2026-02-15T16:49:30.340+0000] {dag.py:3823} INFO - Setting next_dagrun for ml_clustering_pipeline to None, run_after=None
[2026-02-15T16:49:30.352+0000] {processor.py:183} INFO - Processing /opt/airflow/dags/ml_pipeline.py took 0.673 seconds
[2026-02-15T16:50:00.714+0000] {processor.py:161} INFO - Started process (PID=329) to work on /opt/airflow/dags/ml_pipeline.py
[2026-02-15T16:50:00.714+0000] {processor.py:830} INFO - Processing file /opt/airflow/dags/ml_pipeline.py for tasks to queue
[2026-02-15T16:50:00.715+0000] {logging_mixin.py:188} INFO - [2026-02-15T16:50:00.715+0000] {dagbag.py:538} INFO - Filling up the DagBag from /opt/airflow/dags/ml_pipeline.py
[2026-02-15T16:50:01.076+0000] {processor.py:840} INFO - DAG(s) 'ml_clustering_pipeline' retrieved from /opt/airflow/dags/ml_pipeline.py
[2026-02-15T16:50:01.088+0000] {logging_mixin.py:188} INFO - [2026-02-15T16:50:01.088+0000] {dag.py:3036} INFO - Sync 1 DAGs
[2026-02-15T16:50:01.092+0000] {logging_mixin.py:188} INFO - [2026-02-15T16:50:01.092+0000] {dag.py:3823} INFO - Setting next_dagrun for ml_clustering_pipeline to None, run_after=None
[2026-02-15T16:50:01.100+0000] {processor.py:183} INFO - Processing /opt/airflow/dags/ml_pipeline.py took 0.388 seconds
[2026-02-15T16:50:31.419+0000] {processor.py:161} INFO - Started process (PID=360) to work on /opt/airflow/dags/ml_pipeline.py
[2026-02-15T16:50:31.419+0000] {processor.py:830} INFO - Processing file /opt/airflow/dags/ml_pipeline.py for tasks to queue
[2026-02-15T16:50:31.420+0000] {logging_mixin.py:188} INFO - [2026-02-15T16:50:31.420+0000] {dagbag.py:538} INFO - Filling up the DagBag from /opt/airflow/dags/ml_pipeline.py
[2026-02-15T16:50:31.774+0000] {processor.py:840} INFO - DAG(s) 'ml_clustering_pipeline' retrieved from /opt/airflow/dags/ml_pipeline.py
[2026-02-15T16:50:31.785+0000] {logging_mixin.py:188} INFO - [2026-02-15T16:50:31.785+0000] {dag.py:3036} INFO - Sync 1 DAGs
[2026-02-15T16:50:31.790+0000] {logging_mixin.py:188} INFO - [2026-02-15T16:50:31.790+0000] {dag.py:3823} INFO - Setting next_dagrun for ml_clustering_pipeline to None, run_after=None
[2026-02-15T16:50:31.797+0000] {processor.py:183} INFO - Processing /opt/airflow/dags/ml_pipeline.py took 0.380 seconds
[2026-02-15T16:51:02.207+0000] {processor.py:161} INFO - Started process (PID=391) to work on /opt/airflow/dags/ml_pipeline.py
[2026-02-15T16:51:02.208+0000] {processor.py:830} INFO - Processing file /opt/airflow/dags/ml_pipeline.py for tasks to queue
[2026-02-15T16:51:02.208+0000] {logging_mixin.py:188} INFO - [2026-02-15T16:51:02.208+0000] {dagbag.py:538} INFO - Filling up the DagBag from /opt/airflow/dags/ml_pipeline.py
[2026-02-15T16:51:02.618+0000] {processor.py:840} INFO - DAG(s) 'ml_clustering_pipeline' retrieved from /opt/airflow/dags/ml_pipeline.py
[2026-02-15T16:51:02.628+0000] {logging_mixin.py:188} INFO - [2026-02-15T16:51:02.628+0000] {dag.py:3036} INFO - Sync 1 DAGs
[2026-02-15T16:51:02.635+0000] {logging_mixin.py:188} INFO - [2026-02-15T16:51:02.635+0000] {dag.py:3823} INFO - Setting next_dagrun for ml_clustering_pipeline to None, run_after=None
[2026-02-15T16:51:02.646+0000] {processor.py:183} INFO - Processing /opt/airflow/dags/ml_pipeline.py took 0.441 seconds
[2026-02-15T16:51:33.021+0000] {processor.py:161} INFO - Started process (PID=422) to work on /opt/airflow/dags/ml_pipeline.py
[2026-02-15T16:51:33.021+0000] {processor.py:830} INFO - Processing file /opt/airflow/dags/ml_pipeline.py for tasks to queue
[2026-02-15T16:51:33.022+0000] {logging_mixin.py:188} INFO - [2026-02-15T16:51:33.022+0000] {dagbag.py:538} INFO - Filling up the DagBag from /opt/airflow/dags/ml_pipeline.py
[2026-02-15T16:51:33.382+0000] {processor.py:840} INFO - DAG(s) 'ml_clustering_pipeline' retrieved from /opt/airflow/dags/ml_pipeline.py
[2026-02-15T16:51:33.393+0000] {logging_mixin.py:188} INFO - [2026-02-15T16:51:33.393+0000] {dag.py:3036} INFO - Sync 1 DAGs
[2026-02-15T16:51:33.398+0000] {logging_mixin.py:188} INFO - [2026-02-15T16:51:33.398+0000] {dag.py:3823} INFO - Setting next_dagrun for ml_clustering_pipeline to None, run_after=None
[2026-02-15T16:51:33.408+0000] {processor.py:183} INFO - Processing /opt/airflow/dags/ml_pipeline.py took 0.389 seconds
[2026-02-15T16:52:03.738+0000] {processor.py:161} INFO - Started process (PID=452) to work on /opt/airflow/dags/ml_pipeline.py
[2026-02-15T16:52:03.738+0000] {processor.py:830} INFO - Processing file /opt/airflow/dags/ml_pipeline.py for tasks to queue
[2026-02-15T16:52:03.739+0000] {logging_mixin.py:188} INFO - [2026-02-15T16:52:03.739+0000] {dagbag.py:538} INFO - Filling up the DagBag from /opt/airflow/dags/ml_pipeline.py
[2026-02-15T16:52:04.081+0000] {processor.py:840} INFO - DAG(s) 'ml_clustering_pipeline' retrieved from /opt/airflow/dags/ml_pipeline.py
[2026-02-15T16:52:04.089+0000] {logging_mixin.py:188} INFO - [2026-02-15T16:52:04.088+0000] {dag.py:3036} INFO - Sync 1 DAGs
[2026-02-15T16:52:04.092+0000] {logging_mixin.py:188} INFO - [2026-02-15T16:52:04.092+0000] {dag.py:3823} INFO - Setting next_dagrun for ml_clustering_pipeline to None, run_after=None
[2026-02-15T16:52:04.097+0000] {processor.py:183} INFO - Processing /opt/airflow/dags/ml_pipeline.py took 0.362 seconds
[2026-02-15T16:52:34.562+0000] {processor.py:161} INFO - Started process (PID=484) to work on /opt/airflow/dags/ml_pipeline.py
[2026-02-15T16:52:34.563+0000] {processor.py:830} INFO - Processing file /opt/airflow/dags/ml_pipeline.py for tasks to queue
[2026-02-15T16:52:34.564+0000] {logging_mixin.py:188} INFO - [2026-02-15T16:52:34.563+0000] {dagbag.py:538} INFO - Filling up the DagBag from /opt/airflow/dags/ml_pipeline.py
[2026-02-15T16:52:35.004+0000] {processor.py:840} INFO - DAG(s) 'ml_clustering_pipeline' retrieved from /opt/airflow/dags/ml_pipeline.py
[2026-02-15T16:52:35.012+0000] {logging_mixin.py:188} INFO - [2026-02-15T16:52:35.012+0000] {dag.py:3036} INFO - Sync 1 DAGs
[2026-02-15T16:52:35.017+0000] {logging_mixin.py:188} INFO - [2026-02-15T16:52:35.017+0000] {dag.py:3823} INFO - Setting next_dagrun for ml_clustering_pipeline to None, run_after=None
[2026-02-15T16:52:35.027+0000] {processor.py:183} INFO - Processing /opt/airflow/dags/ml_pipeline.py took 0.468 seconds
[2026-02-15T16:53:05.349+0000] {processor.py:161} INFO - Started process (PID=515) to work on /opt/airflow/dags/ml_pipeline.py
[2026-02-15T16:53:05.350+0000] {processor.py:830} INFO - Processing file /opt/airflow/dags/ml_pipeline.py for tasks to queue
[2026-02-15T16:53:05.351+0000] {logging_mixin.py:188} INFO - [2026-02-15T16:53:05.351+0000] {dagbag.py:538} INFO - Filling up the DagBag from /opt/airflow/dags/ml_pipeline.py
[2026-02-15T16:53:05.848+0000] {processor.py:840} INFO - DAG(s) 'ml_clustering_pipeline' retrieved from /opt/airflow/dags/ml_pipeline.py
[2026-02-15T16:53:05.861+0000] {logging_mixin.py:188} INFO - [2026-02-15T16:53:05.861+0000] {dag.py:3036} INFO - Sync 1 DAGs
[2026-02-15T16:53:05.869+0000] {logging_mixin.py:188} INFO - [2026-02-15T16:53:05.869+0000] {dag.py:3823} INFO - Setting next_dagrun for ml_clustering_pipeline to None, run_after=None
[2026-02-15T16:53:05.881+0000] {processor.py:183} INFO - Processing /opt/airflow/dags/ml_pipeline.py took 0.533 seconds
[2026-02-15T16:53:36.240+0000] {processor.py:161} INFO - Started process (PID=546) to work on /opt/airflow/dags/ml_pipeline.py
[2026-02-15T16:53:36.241+0000] {processor.py:830} INFO - Processing file /opt/airflow/dags/ml_pipeline.py for tasks to queue
[2026-02-15T16:53:36.242+0000] {logging_mixin.py:188} INFO - [2026-02-15T16:53:36.242+0000] {dagbag.py:538} INFO - Filling up the DagBag from /opt/airflow/dags/ml_pipeline.py
[2026-02-15T16:53:36.672+0000] {processor.py:840} INFO - DAG(s) 'ml_clustering_pipeline' retrieved from /opt/airflow/dags/ml_pipeline.py
[2026-02-15T16:53:36.683+0000] {logging_mixin.py:188} INFO - [2026-02-15T16:53:36.683+0000] {dag.py:3036} INFO - Sync 1 DAGs
[2026-02-15T16:53:36.688+0000] {logging_mixin.py:188} INFO - [2026-02-15T16:53:36.688+0000] {dag.py:3823} INFO - Setting next_dagrun for ml_clustering_pipeline to None, run_after=None
[2026-02-15T16:53:36.695+0000] {processor.py:183} INFO - Processing /opt/airflow/dags/ml_pipeline.py took 0.457 seconds
[2026-02-15T16:54:07.075+0000] {processor.py:161} INFO - Started process (PID=577) to work on /opt/airflow/dags/ml_pipeline.py
[2026-02-15T16:54:07.075+0000] {processor.py:830} INFO - Processing file /opt/airflow/dags/ml_pipeline.py for tasks to queue
[2026-02-15T16:54:07.076+0000] {logging_mixin.py:188} INFO - [2026-02-15T16:54:07.076+0000] {dagbag.py:538} INFO - Filling up the DagBag from /opt/airflow/dags/ml_pipeline.py
[2026-02-15T16:54:07.505+0000] {processor.py:840} INFO - DAG(s) 'ml_clustering_pipeline' retrieved from /opt/airflow/dags/ml_pipeline.py
[2026-02-15T16:54:07.513+0000] {logging_mixin.py:188} INFO - [2026-02-15T16:54:07.513+0000] {dag.py:3036} INFO - Sync 1 DAGs
[2026-02-15T16:54:07.518+0000] {logging_mixin.py:188} INFO - [2026-02-15T16:54:07.518+0000] {dag.py:3823} INFO - Setting next_dagrun for ml_clustering_pipeline to None, run_after=None
[2026-02-15T16:54:07.530+0000] {processor.py:183} INFO - Processing /opt/airflow/dags/ml_pipeline.py took 0.458 seconds
[2026-02-15T16:54:37.989+0000] {processor.py:161} INFO - Started process (PID=608) to work on /opt/airflow/dags/ml_pipeline.py
[2026-02-15T16:54:37.992+0000] {processor.py:830} INFO - Processing file /opt/airflow/dags/ml_pipeline.py for tasks to queue
[2026-02-15T16:54:37.996+0000] {logging_mixin.py:188} INFO - [2026-02-15T16:54:37.995+0000] {dagbag.py:538} INFO - Filling up the DagBag from /opt/airflow/dags/ml_pipeline.py
[2026-02-15T16:54:38.434+0000] {processor.py:840} INFO - DAG(s) 'ml_clustering_pipeline' retrieved from /opt/airflow/dags/ml_pipeline.py
[2026-02-15T16:54:38.447+0000] {logging_mixin.py:188} INFO - [2026-02-15T16:54:38.447+0000] {dag.py:3036} INFO - Sync 1 DAGs
[2026-02-15T16:54:38.453+0000] {logging_mixin.py:188} INFO - [2026-02-15T16:54:38.453+0000] {dag.py:3823} INFO - Setting next_dagrun for ml_clustering_pipeline to None, run_after=None
[2026-02-15T16:54:38.463+0000] {processor.py:183} INFO - Processing /opt/airflow/dags/ml_pipeline.py took 0.476 seconds
[2026-02-15T16:55:08.870+0000] {processor.py:161} INFO - Started process (PID=639) to work on /opt/airflow/dags/ml_pipeline.py
[2026-02-15T16:55:08.871+0000] {processor.py:830} INFO - Processing file /opt/airflow/dags/ml_pipeline.py for tasks to queue
[2026-02-15T16:55:08.872+0000] {logging_mixin.py:188} INFO - [2026-02-15T16:55:08.871+0000] {dagbag.py:538} INFO - Filling up the DagBag from /opt/airflow/dags/ml_pipeline.py
[2026-02-15T16:55:09.332+0000] {processor.py:840} INFO - DAG(s) 'ml_clustering_pipeline' retrieved from /opt/airflow/dags/ml_pipeline.py
[2026-02-15T16:55:09.344+0000] {logging_mixin.py:188} INFO - [2026-02-15T16:55:09.344+0000] {dag.py:3036} INFO - Sync 1 DAGs
[2026-02-15T16:55:09.349+0000] {logging_mixin.py:188} INFO - [2026-02-15T16:55:09.349+0000] {dag.py:3823} INFO - Setting next_dagrun for ml_clustering_pipeline to None, run_after=None
[2026-02-15T16:55:09.359+0000] {processor.py:183} INFO - Processing /opt/airflow/dags/ml_pipeline.py took 0.491 seconds
[2026-02-15T16:55:39.732+0000] {processor.py:161} INFO - Started process (PID=670) to work on /opt/airflow/dags/ml_pipeline.py
[2026-02-15T16:55:39.733+0000] {processor.py:830} INFO - Processing file /opt/airflow/dags/ml_pipeline.py for tasks to queue
[2026-02-15T16:55:39.734+0000] {logging_mixin.py:188} INFO - [2026-02-15T16:55:39.734+0000] {dagbag.py:538} INFO - Filling up the DagBag from /opt/airflow/dags/ml_pipeline.py
[2026-02-15T16:55:40.064+0000] {processor.py:840} INFO - DAG(s) 'ml_clustering_pipeline' retrieved from /opt/airflow/dags/ml_pipeline.py
[2026-02-15T16:55:40.073+0000] {logging_mixin.py:188} INFO - [2026-02-15T16:55:40.073+0000] {dag.py:3036} INFO - Sync 1 DAGs
[2026-02-15T16:55:40.076+0000] {logging_mixin.py:188} INFO - [2026-02-15T16:55:40.076+0000] {dag.py:3823} INFO - Setting next_dagrun for ml_clustering_pipeline to None, run_after=None
[2026-02-15T16:55:40.082+0000] {processor.py:183} INFO - Processing /opt/airflow/dags/ml_pipeline.py took 0.351 seconds
[2026-02-15T16:56:10.470+0000] {processor.py:161} INFO - Started process (PID=701) to work on /opt/airflow/dags/ml_pipeline.py
[2026-02-15T16:56:10.470+0000] {processor.py:830} INFO - Processing file /opt/airflow/dags/ml_pipeline.py for tasks to queue
[2026-02-15T16:56:10.471+0000] {logging_mixin.py:188} INFO - [2026-02-15T16:56:10.471+0000] {dagbag.py:538} INFO - Filling up the DagBag from /opt/airflow/dags/ml_pipeline.py
[2026-02-15T16:56:10.817+0000] {processor.py:840} INFO - DAG(s) 'ml_clustering_pipeline' retrieved from /opt/airflow/dags/ml_pipeline.py
[2026-02-15T16:56:10.824+0000] {logging_mixin.py:188} INFO - [2026-02-15T16:56:10.824+0000] {dag.py:3036} INFO - Sync 1 DAGs
[2026-02-15T16:56:10.829+0000] {logging_mixin.py:188} INFO - [2026-02-15T16:56:10.829+0000] {dag.py:3823} INFO - Setting next_dagrun for ml_clustering_pipeline to None, run_after=None
[2026-02-15T16:56:10.838+0000] {processor.py:183} INFO - Processing /opt/airflow/dags/ml_pipeline.py took 0.369 seconds
[2026-02-15T16:56:41.166+0000] {processor.py:161} INFO - Started process (PID=732) to work on /opt/airflow/dags/ml_pipeline.py
[2026-02-15T16:56:41.166+0000] {processor.py:830} INFO - Processing file /opt/airflow/dags/ml_pipeline.py for tasks to queue
[2026-02-15T16:56:41.167+0000] {logging_mixin.py:188} INFO - [2026-02-15T16:56:41.167+0000] {dagbag.py:538} INFO - Filling up the DagBag from /opt/airflow/dags/ml_pipeline.py
[2026-02-15T16:56:41.575+0000] {processor.py:840} INFO - DAG(s) 'ml_clustering_pipeline' retrieved from /opt/airflow/dags/ml_pipeline.py
[2026-02-15T16:56:41.582+0000] {logging_mixin.py:188} INFO - [2026-02-15T16:56:41.581+0000] {dag.py:3036} INFO - Sync 1 DAGs
[2026-02-15T16:56:41.587+0000] {logging_mixin.py:188} INFO - [2026-02-15T16:56:41.587+0000] {dag.py:3823} INFO - Setting next_dagrun for ml_clustering_pipeline to None, run_after=None
[2026-02-15T16:56:41.595+0000] {processor.py:183} INFO - Processing /opt/airflow/dags/ml_pipeline.py took 0.430 seconds
[2026-02-15T16:57:12.001+0000] {processor.py:161} INFO - Started process (PID=763) to work on /opt/airflow/dags/ml_pipeline.py
[2026-02-15T16:57:12.002+0000] {processor.py:830} INFO - Processing file /opt/airflow/dags/ml_pipeline.py for tasks to queue
[2026-02-15T16:57:12.002+0000] {logging_mixin.py:188} INFO - [2026-02-15T16:57:12.002+0000] {dagbag.py:538} INFO - Filling up the DagBag from /opt/airflow/dags/ml_pipeline.py
[2026-02-15T16:57:12.346+0000] {processor.py:840} INFO - DAG(s) 'ml_clustering_pipeline' retrieved from /opt/airflow/dags/ml_pipeline.py
[2026-02-15T16:57:12.356+0000] {logging_mixin.py:188} INFO - [2026-02-15T16:57:12.356+0000] {dag.py:3036} INFO - Sync 1 DAGs
[2026-02-15T16:57:12.360+0000] {logging_mixin.py:188} INFO - [2026-02-15T16:57:12.360+0000] {dag.py:3823} INFO - Setting next_dagrun for ml_clustering_pipeline to None, run_after=None
[2026-02-15T16:57:12.366+0000] {processor.py:183} INFO - Processing /opt/airflow/dags/ml_pipeline.py took 0.366 seconds
[2026-02-15T16:57:42.741+0000] {processor.py:161} INFO - Started process (PID=794) to work on /opt/airflow/dags/ml_pipeline.py
[2026-02-15T16:57:42.741+0000] {processor.py:830} INFO - Processing file /opt/airflow/dags/ml_pipeline.py for tasks to queue
[2026-02-15T16:57:42.742+0000] {logging_mixin.py:188} INFO - [2026-02-15T16:57:42.742+0000] {dagbag.py:538} INFO - Filling up the DagBag from /opt/airflow/dags/ml_pipeline.py
[2026-02-15T16:57:43.145+0000] {processor.py:840} INFO - DAG(s) 'ml_clustering_pipeline' retrieved from /opt/airflow/dags/ml_pipeline.py
[2026-02-15T16:57:43.151+0000] {logging_mixin.py:188} INFO - [2026-02-15T16:57:43.151+0000] {dag.py:3036} INFO - Sync 1 DAGs
[2026-02-15T16:57:43.155+0000] {logging_mixin.py:188} INFO - [2026-02-15T16:57:43.155+0000] {dag.py:3823} INFO - Setting next_dagrun for ml_clustering_pipeline to None, run_after=None
[2026-02-15T16:57:43.160+0000] {processor.py:183} INFO - Processing /opt/airflow/dags/ml_pipeline.py took 0.420 seconds
[2026-02-15T16:58:13.526+0000] {processor.py:161} INFO - Started process (PID=825) to work on /opt/airflow/dags/ml_pipeline.py
[2026-02-15T16:58:13.527+0000] {processor.py:830} INFO - Processing file /opt/airflow/dags/ml_pipeline.py for tasks to queue
[2026-02-15T16:58:13.527+0000] {logging_mixin.py:188} INFO - [2026-02-15T16:58:13.527+0000] {dagbag.py:538} INFO - Filling up the DagBag from /opt/airflow/dags/ml_pipeline.py
[2026-02-15T16:58:13.884+0000] {processor.py:840} INFO - DAG(s) 'ml_clustering_pipeline' retrieved from /opt/airflow/dags/ml_pipeline.py
[2026-02-15T16:58:13.893+0000] {logging_mixin.py:188} INFO - [2026-02-15T16:58:13.892+0000] {dag.py:3036} INFO - Sync 1 DAGs
[2026-02-15T16:58:13.896+0000] {logging_mixin.py:188} INFO - [2026-02-15T16:58:13.896+0000] {dag.py:3823} INFO - Setting next_dagrun for ml_clustering_pipeline to None, run_after=None
[2026-02-15T16:58:13.904+0000] {processor.py:183} INFO - Processing /opt/airflow/dags/ml_pipeline.py took 0.379 seconds
[2026-02-15T16:58:44.283+0000] {processor.py:161} INFO - Started process (PID=856) to work on /opt/airflow/dags/ml_pipeline.py
[2026-02-15T16:58:44.283+0000] {processor.py:830} INFO - Processing file /opt/airflow/dags/ml_pipeline.py for tasks to queue
[2026-02-15T16:58:44.284+0000] {logging_mixin.py:188} INFO - [2026-02-15T16:58:44.284+0000] {dagbag.py:538} INFO - Filling up the DagBag from /opt/airflow/dags/ml_pipeline.py
[2026-02-15T16:58:44.648+0000] {processor.py:840} INFO - DAG(s) 'ml_clustering_pipeline' retrieved from /opt/airflow/dags/ml_pipeline.py
[2026-02-15T16:58:44.655+0000] {logging_mixin.py:188} INFO - [2026-02-15T16:58:44.655+0000] {dag.py:3036} INFO - Sync 1 DAGs
[2026-02-15T16:58:44.660+0000] {logging_mixin.py:188} INFO - [2026-02-15T16:58:44.660+0000] {dag.py:3823} INFO - Setting next_dagrun for ml_clustering_pipeline to None, run_after=None
[2026-02-15T16:58:44.667+0000] {processor.py:183} INFO - Processing /opt/airflow/dags/ml_pipeline.py took 0.386 seconds
[2026-02-15T16:59:15.065+0000] {processor.py:161} INFO - Started process (PID=887) to work on /opt/airflow/dags/ml_pipeline.py
[2026-02-15T16:59:15.066+0000] {processor.py:830} INFO - Processing file /opt/airflow/dags/ml_pipeline.py for tasks to queue
[2026-02-15T16:59:15.066+0000] {logging_mixin.py:188} INFO - [2026-02-15T16:59:15.066+0000] {dagbag.py:538} INFO - Filling up the DagBag from /opt/airflow/dags/ml_pipeline.py
[2026-02-15T16:59:15.402+0000] {processor.py:840} INFO - DAG(s) 'ml_clustering_pipeline' retrieved from /opt/airflow/dags/ml_pipeline.py
[2026-02-15T16:59:15.410+0000] {logging_mixin.py:188} INFO - [2026-02-15T16:59:15.410+0000] {dag.py:3036} INFO - Sync 1 DAGs
[2026-02-15T16:59:15.415+0000] {logging_mixin.py:188} INFO - [2026-02-15T16:59:15.414+0000] {dag.py:3823} INFO - Setting next_dagrun for ml_clustering_pipeline to None, run_after=None
[2026-02-15T16:59:15.421+0000] {processor.py:183} INFO - Processing /opt/airflow/dags/ml_pipeline.py took 0.357 seconds
[2026-02-15T16:59:45.776+0000] {processor.py:161} INFO - Started process (PID=918) to work on /opt/airflow/dags/ml_pipeline.py
[2026-02-15T16:59:45.777+0000] {processor.py:830} INFO - Processing file /opt/airflow/dags/ml_pipeline.py for tasks to queue
[2026-02-15T16:59:45.778+0000] {logging_mixin.py:188} INFO - [2026-02-15T16:59:45.778+0000] {dagbag.py:538} INFO - Filling up the DagBag from /opt/airflow/dags/ml_pipeline.py
[2026-02-15T16:59:46.106+0000] {processor.py:840} INFO - DAG(s) 'ml_clustering_pipeline' retrieved from /opt/airflow/dags/ml_pipeline.py
[2026-02-15T16:59:46.115+0000] {logging_mixin.py:188} INFO - [2026-02-15T16:59:46.114+0000] {dag.py:3036} INFO - Sync 1 DAGs
[2026-02-15T16:59:46.119+0000] {logging_mixin.py:188} INFO - [2026-02-15T16:59:46.119+0000] {dag.py:3823} INFO - Setting next_dagrun for ml_clustering_pipeline to None, run_after=None
[2026-02-15T16:59:46.125+0000] {processor.py:183} INFO - Processing /opt/airflow/dags/ml_pipeline.py took 0.351 seconds
[2026-02-15T17:00:16.515+0000] {processor.py:161} INFO - Started process (PID=949) to work on /opt/airflow/dags/ml_pipeline.py
[2026-02-15T17:00:16.516+0000] {processor.py:830} INFO - Processing file /opt/airflow/dags/ml_pipeline.py for tasks to queue
[2026-02-15T17:00:16.516+0000] {logging_mixin.py:188} INFO - [2026-02-15T17:00:16.516+0000] {dagbag.py:538} INFO - Filling up the DagBag from /opt/airflow/dags/ml_pipeline.py
[2026-02-15T17:00:16.893+0000] {processor.py:840} INFO - DAG(s) 'ml_clustering_pipeline' retrieved from /opt/airflow/dags/ml_pipeline.py
[2026-02-15T17:00:16.901+0000] {logging_mixin.py:188} INFO - [2026-02-15T17:00:16.901+0000] {dag.py:3036} INFO - Sync 1 DAGs
[2026-02-15T17:00:16.906+0000] {logging_mixin.py:188} INFO - [2026-02-15T17:00:16.906+0000] {dag.py:3823} INFO - Setting next_dagrun for ml_clustering_pipeline to None, run_after=None
[2026-02-15T17:00:16.914+0000] {processor.py:183} INFO - Processing /opt/airflow/dags/ml_pipeline.py took 0.400 seconds
