[2026-02-15T16:45:54.194+0000] {processor.py:161} INFO - Started process (PID=95) to work on /opt/airflow/dags/my_first_dag.py
[2026-02-15T16:45:54.194+0000] {processor.py:830} INFO - Processing file /opt/airflow/dags/my_first_dag.py for tasks to queue
[2026-02-15T16:45:54.195+0000] {logging_mixin.py:188} INFO - [2026-02-15T16:45:54.195+0000] {dagbag.py:538} INFO - Filling up the DagBag from /opt/airflow/dags/my_first_dag.py
[2026-02-15T16:45:54.203+0000] {processor.py:840} INFO - DAG(s) 'my_first_dag' retrieved from /opt/airflow/dags/my_first_dag.py
[2026-02-15T16:45:54.239+0000] {logging_mixin.py:188} INFO - [2026-02-15T16:45:54.239+0000] {dag.py:3036} INFO - Sync 1 DAGs
[2026-02-15T16:45:54.247+0000] {logging_mixin.py:188} INFO - [2026-02-15T16:45:54.247+0000] {dag.py:3823} INFO - Setting next_dagrun for my_first_dag to 2026-02-15 00:00:00+00:00, run_after=2026-02-16 00:00:00+00:00
[2026-02-15T16:45:54.255+0000] {processor.py:183} INFO - Processing /opt/airflow/dags/my_first_dag.py took 0.063 seconds
[2026-02-15T16:46:25.042+0000] {processor.py:161} INFO - Started process (PID=126) to work on /opt/airflow/dags/my_first_dag.py
[2026-02-15T16:46:25.044+0000] {processor.py:830} INFO - Processing file /opt/airflow/dags/my_first_dag.py for tasks to queue
[2026-02-15T16:46:25.045+0000] {logging_mixin.py:188} INFO - [2026-02-15T16:46:25.045+0000] {dagbag.py:538} INFO - Filling up the DagBag from /opt/airflow/dags/my_first_dag.py
[2026-02-15T16:46:25.050+0000] {processor.py:840} INFO - DAG(s) 'my_first_dag' retrieved from /opt/airflow/dags/my_first_dag.py
[2026-02-15T16:46:25.058+0000] {logging_mixin.py:188} INFO - [2026-02-15T16:46:25.058+0000] {dag.py:3036} INFO - Sync 1 DAGs
[2026-02-15T16:46:25.066+0000] {logging_mixin.py:188} INFO - [2026-02-15T16:46:25.066+0000] {dag.py:3823} INFO - Setting next_dagrun for my_first_dag to 2026-02-15 00:00:00+00:00, run_after=2026-02-16 00:00:00+00:00
[2026-02-15T16:46:25.071+0000] {processor.py:183} INFO - Processing /opt/airflow/dags/my_first_dag.py took 0.033 seconds
[2026-02-15T16:46:55.882+0000] {processor.py:161} INFO - Started process (PID=163) to work on /opt/airflow/dags/my_first_dag.py
[2026-02-15T16:46:55.883+0000] {processor.py:830} INFO - Processing file /opt/airflow/dags/my_first_dag.py for tasks to queue
[2026-02-15T16:46:55.883+0000] {logging_mixin.py:188} INFO - [2026-02-15T16:46:55.883+0000] {dagbag.py:538} INFO - Filling up the DagBag from /opt/airflow/dags/my_first_dag.py
[2026-02-15T16:46:55.888+0000] {processor.py:840} INFO - DAG(s) 'my_first_dag' retrieved from /opt/airflow/dags/my_first_dag.py
[2026-02-15T16:46:55.896+0000] {logging_mixin.py:188} INFO - [2026-02-15T16:46:55.896+0000] {dag.py:3036} INFO - Sync 1 DAGs
[2026-02-15T16:46:55.904+0000] {logging_mixin.py:188} INFO - [2026-02-15T16:46:55.903+0000] {dag.py:3823} INFO - Setting next_dagrun for my_first_dag to 2026-02-15 00:00:00+00:00, run_after=2026-02-16 00:00:00+00:00
[2026-02-15T16:46:55.909+0000] {processor.py:183} INFO - Processing /opt/airflow/dags/my_first_dag.py took 0.028 seconds
[2026-02-15T16:47:26.832+0000] {processor.py:161} INFO - Started process (PID=194) to work on /opt/airflow/dags/my_first_dag.py
[2026-02-15T16:47:26.833+0000] {processor.py:830} INFO - Processing file /opt/airflow/dags/my_first_dag.py for tasks to queue
[2026-02-15T16:47:26.834+0000] {logging_mixin.py:188} INFO - [2026-02-15T16:47:26.834+0000] {dagbag.py:538} INFO - Filling up the DagBag from /opt/airflow/dags/my_first_dag.py
[2026-02-15T16:47:26.842+0000] {processor.py:840} INFO - DAG(s) 'my_first_dag' retrieved from /opt/airflow/dags/my_first_dag.py
[2026-02-15T16:47:26.856+0000] {logging_mixin.py:188} INFO - [2026-02-15T16:47:26.856+0000] {dag.py:3036} INFO - Sync 1 DAGs
[2026-02-15T16:47:26.868+0000] {logging_mixin.py:188} INFO - [2026-02-15T16:47:26.868+0000] {dag.py:3823} INFO - Setting next_dagrun for my_first_dag to 2026-02-15 00:00:00+00:00, run_after=2026-02-16 00:00:00+00:00
[2026-02-15T16:47:26.874+0000] {processor.py:183} INFO - Processing /opt/airflow/dags/my_first_dag.py took 0.047 seconds
[2026-02-15T16:47:57.709+0000] {processor.py:161} INFO - Started process (PID=225) to work on /opt/airflow/dags/my_first_dag.py
[2026-02-15T16:47:57.710+0000] {processor.py:830} INFO - Processing file /opt/airflow/dags/my_first_dag.py for tasks to queue
[2026-02-15T16:47:57.711+0000] {logging_mixin.py:188} INFO - [2026-02-15T16:47:57.711+0000] {dagbag.py:538} INFO - Filling up the DagBag from /opt/airflow/dags/my_first_dag.py
[2026-02-15T16:47:57.716+0000] {processor.py:840} INFO - DAG(s) 'my_first_dag' retrieved from /opt/airflow/dags/my_first_dag.py
[2026-02-15T16:47:57.724+0000] {logging_mixin.py:188} INFO - [2026-02-15T16:47:57.724+0000] {dag.py:3036} INFO - Sync 1 DAGs
[2026-02-15T16:47:57.732+0000] {logging_mixin.py:188} INFO - [2026-02-15T16:47:57.732+0000] {dag.py:3823} INFO - Setting next_dagrun for my_first_dag to 2026-02-15 00:00:00+00:00, run_after=2026-02-16 00:00:00+00:00
[2026-02-15T16:47:57.738+0000] {processor.py:183} INFO - Processing /opt/airflow/dags/my_first_dag.py took 0.030 seconds
[2026-02-15T16:48:28.385+0000] {processor.py:161} INFO - Started process (PID=256) to work on /opt/airflow/dags/my_first_dag.py
[2026-02-15T16:48:28.385+0000] {processor.py:830} INFO - Processing file /opt/airflow/dags/my_first_dag.py for tasks to queue
[2026-02-15T16:48:28.386+0000] {logging_mixin.py:188} INFO - [2026-02-15T16:48:28.386+0000] {dagbag.py:538} INFO - Filling up the DagBag from /opt/airflow/dags/my_first_dag.py
[2026-02-15T16:48:28.391+0000] {processor.py:840} INFO - DAG(s) 'my_first_dag' retrieved from /opt/airflow/dags/my_first_dag.py
[2026-02-15T16:48:28.399+0000] {logging_mixin.py:188} INFO - [2026-02-15T16:48:28.399+0000] {dag.py:3036} INFO - Sync 1 DAGs
[2026-02-15T16:48:28.407+0000] {logging_mixin.py:188} INFO - [2026-02-15T16:48:28.407+0000] {dag.py:3823} INFO - Setting next_dagrun for my_first_dag to 2026-02-15 00:00:00+00:00, run_after=2026-02-16 00:00:00+00:00
[2026-02-15T16:48:28.412+0000] {processor.py:183} INFO - Processing /opt/airflow/dags/my_first_dag.py took 0.029 seconds
[2026-02-15T16:48:59.206+0000] {processor.py:161} INFO - Started process (PID=287) to work on /opt/airflow/dags/my_first_dag.py
[2026-02-15T16:48:59.206+0000] {processor.py:830} INFO - Processing file /opt/airflow/dags/my_first_dag.py for tasks to queue
[2026-02-15T16:48:59.207+0000] {logging_mixin.py:188} INFO - [2026-02-15T16:48:59.207+0000] {dagbag.py:538} INFO - Filling up the DagBag from /opt/airflow/dags/my_first_dag.py
[2026-02-15T16:48:59.212+0000] {processor.py:840} INFO - DAG(s) 'my_first_dag' retrieved from /opt/airflow/dags/my_first_dag.py
[2026-02-15T16:48:59.220+0000] {logging_mixin.py:188} INFO - [2026-02-15T16:48:59.220+0000] {dag.py:3036} INFO - Sync 1 DAGs
[2026-02-15T16:48:59.228+0000] {logging_mixin.py:188} INFO - [2026-02-15T16:48:59.228+0000] {dag.py:3823} INFO - Setting next_dagrun for my_first_dag to 2026-02-15 00:00:00+00:00, run_after=2026-02-16 00:00:00+00:00
[2026-02-15T16:48:59.233+0000] {processor.py:183} INFO - Processing /opt/airflow/dags/my_first_dag.py took 0.029 seconds
[2026-02-15T16:49:30.358+0000] {processor.py:161} INFO - Started process (PID=318) to work on /opt/airflow/dags/my_first_dag.py
[2026-02-15T16:49:30.359+0000] {processor.py:830} INFO - Processing file /opt/airflow/dags/my_first_dag.py for tasks to queue
[2026-02-15T16:49:30.360+0000] {logging_mixin.py:188} INFO - [2026-02-15T16:49:30.360+0000] {dagbag.py:538} INFO - Filling up the DagBag from /opt/airflow/dags/my_first_dag.py
[2026-02-15T16:49:30.366+0000] {processor.py:840} INFO - DAG(s) 'my_first_dag' retrieved from /opt/airflow/dags/my_first_dag.py
[2026-02-15T16:49:30.374+0000] {logging_mixin.py:188} INFO - [2026-02-15T16:49:30.374+0000] {dag.py:3036} INFO - Sync 1 DAGs
[2026-02-15T16:49:30.382+0000] {logging_mixin.py:188} INFO - [2026-02-15T16:49:30.382+0000] {dag.py:3823} INFO - Setting next_dagrun for my_first_dag to 2026-02-15 00:00:00+00:00, run_after=2026-02-16 00:00:00+00:00
[2026-02-15T16:49:30.387+0000] {processor.py:183} INFO - Processing /opt/airflow/dags/my_first_dag.py took 0.031 seconds
[2026-02-15T16:50:01.110+0000] {processor.py:161} INFO - Started process (PID=349) to work on /opt/airflow/dags/my_first_dag.py
[2026-02-15T16:50:01.110+0000] {processor.py:830} INFO - Processing file /opt/airflow/dags/my_first_dag.py for tasks to queue
[2026-02-15T16:50:01.111+0000] {logging_mixin.py:188} INFO - [2026-02-15T16:50:01.111+0000] {dagbag.py:538} INFO - Filling up the DagBag from /opt/airflow/dags/my_first_dag.py
[2026-02-15T16:50:01.116+0000] {processor.py:840} INFO - DAG(s) 'my_first_dag' retrieved from /opt/airflow/dags/my_first_dag.py
[2026-02-15T16:50:01.124+0000] {logging_mixin.py:188} INFO - [2026-02-15T16:50:01.124+0000] {dag.py:3036} INFO - Sync 1 DAGs
[2026-02-15T16:50:01.131+0000] {logging_mixin.py:188} INFO - [2026-02-15T16:50:01.131+0000] {dag.py:3823} INFO - Setting next_dagrun for my_first_dag to 2026-02-15 00:00:00+00:00, run_after=2026-02-16 00:00:00+00:00
[2026-02-15T16:50:01.136+0000] {processor.py:183} INFO - Processing /opt/airflow/dags/my_first_dag.py took 0.027 seconds
[2026-02-15T16:50:31.807+0000] {processor.py:161} INFO - Started process (PID=380) to work on /opt/airflow/dags/my_first_dag.py
[2026-02-15T16:50:31.807+0000] {processor.py:830} INFO - Processing file /opt/airflow/dags/my_first_dag.py for tasks to queue
[2026-02-15T16:50:31.808+0000] {logging_mixin.py:188} INFO - [2026-02-15T16:50:31.808+0000] {dagbag.py:538} INFO - Filling up the DagBag from /opt/airflow/dags/my_first_dag.py
[2026-02-15T16:50:31.812+0000] {processor.py:840} INFO - DAG(s) 'my_first_dag' retrieved from /opt/airflow/dags/my_first_dag.py
[2026-02-15T16:50:31.820+0000] {logging_mixin.py:188} INFO - [2026-02-15T16:50:31.820+0000] {dag.py:3036} INFO - Sync 1 DAGs
[2026-02-15T16:50:31.828+0000] {logging_mixin.py:188} INFO - [2026-02-15T16:50:31.828+0000] {dag.py:3823} INFO - Setting next_dagrun for my_first_dag to 2026-02-15 00:00:00+00:00, run_after=2026-02-16 00:00:00+00:00
[2026-02-15T16:50:31.833+0000] {processor.py:183} INFO - Processing /opt/airflow/dags/my_first_dag.py took 0.028 seconds
[2026-02-15T16:51:02.678+0000] {processor.py:161} INFO - Started process (PID=411) to work on /opt/airflow/dags/my_first_dag.py
[2026-02-15T16:51:02.679+0000] {processor.py:830} INFO - Processing file /opt/airflow/dags/my_first_dag.py for tasks to queue
[2026-02-15T16:51:02.680+0000] {logging_mixin.py:188} INFO - [2026-02-15T16:51:02.680+0000] {dagbag.py:538} INFO - Filling up the DagBag from /opt/airflow/dags/my_first_dag.py
[2026-02-15T16:51:02.685+0000] {processor.py:840} INFO - DAG(s) 'my_first_dag' retrieved from /opt/airflow/dags/my_first_dag.py
[2026-02-15T16:51:02.695+0000] {logging_mixin.py:188} INFO - [2026-02-15T16:51:02.695+0000] {dag.py:3036} INFO - Sync 1 DAGs
[2026-02-15T16:51:02.703+0000] {logging_mixin.py:188} INFO - [2026-02-15T16:51:02.703+0000] {dag.py:3823} INFO - Setting next_dagrun for my_first_dag to 2026-02-15 00:00:00+00:00, run_after=2026-02-16 00:00:00+00:00
[2026-02-15T16:51:02.710+0000] {processor.py:183} INFO - Processing /opt/airflow/dags/my_first_dag.py took 0.033 seconds
[2026-02-15T16:51:33.417+0000] {processor.py:161} INFO - Started process (PID=442) to work on /opt/airflow/dags/my_first_dag.py
[2026-02-15T16:51:33.418+0000] {processor.py:830} INFO - Processing file /opt/airflow/dags/my_first_dag.py for tasks to queue
[2026-02-15T16:51:33.418+0000] {logging_mixin.py:188} INFO - [2026-02-15T16:51:33.418+0000] {dagbag.py:538} INFO - Filling up the DagBag from /opt/airflow/dags/my_first_dag.py
[2026-02-15T16:51:33.423+0000] {processor.py:840} INFO - DAG(s) 'my_first_dag' retrieved from /opt/airflow/dags/my_first_dag.py
[2026-02-15T16:51:33.430+0000] {logging_mixin.py:188} INFO - [2026-02-15T16:51:33.430+0000] {dag.py:3036} INFO - Sync 1 DAGs
[2026-02-15T16:51:33.438+0000] {logging_mixin.py:188} INFO - [2026-02-15T16:51:33.438+0000] {dag.py:3823} INFO - Setting next_dagrun for my_first_dag to 2026-02-15 00:00:00+00:00, run_after=2026-02-16 00:00:00+00:00
[2026-02-15T16:51:33.443+0000] {processor.py:183} INFO - Processing /opt/airflow/dags/my_first_dag.py took 0.027 seconds
[2026-02-15T16:52:04.111+0000] {processor.py:161} INFO - Started process (PID=473) to work on /opt/airflow/dags/my_first_dag.py
[2026-02-15T16:52:04.114+0000] {processor.py:830} INFO - Processing file /opt/airflow/dags/my_first_dag.py for tasks to queue
[2026-02-15T16:52:04.115+0000] {logging_mixin.py:188} INFO - [2026-02-15T16:52:04.115+0000] {dagbag.py:538} INFO - Filling up the DagBag from /opt/airflow/dags/my_first_dag.py
[2026-02-15T16:52:04.123+0000] {processor.py:840} INFO - DAG(s) 'my_first_dag' retrieved from /opt/airflow/dags/my_first_dag.py
[2026-02-15T16:52:04.132+0000] {logging_mixin.py:188} INFO - [2026-02-15T16:52:04.132+0000] {dag.py:3036} INFO - Sync 1 DAGs
[2026-02-15T16:52:04.141+0000] {logging_mixin.py:188} INFO - [2026-02-15T16:52:04.141+0000] {dag.py:3823} INFO - Setting next_dagrun for my_first_dag to 2026-02-15 00:00:00+00:00, run_after=2026-02-16 00:00:00+00:00
[2026-02-15T16:52:04.147+0000] {processor.py:183} INFO - Processing /opt/airflow/dags/my_first_dag.py took 0.038 seconds
[2026-02-15T16:52:35.039+0000] {processor.py:161} INFO - Started process (PID=504) to work on /opt/airflow/dags/my_first_dag.py
[2026-02-15T16:52:35.040+0000] {processor.py:830} INFO - Processing file /opt/airflow/dags/my_first_dag.py for tasks to queue
[2026-02-15T16:52:35.041+0000] {logging_mixin.py:188} INFO - [2026-02-15T16:52:35.040+0000] {dagbag.py:538} INFO - Filling up the DagBag from /opt/airflow/dags/my_first_dag.py
[2026-02-15T16:52:35.046+0000] {processor.py:840} INFO - DAG(s) 'my_first_dag' retrieved from /opt/airflow/dags/my_first_dag.py
[2026-02-15T16:52:35.054+0000] {logging_mixin.py:188} INFO - [2026-02-15T16:52:35.054+0000] {dag.py:3036} INFO - Sync 1 DAGs
[2026-02-15T16:52:35.062+0000] {logging_mixin.py:188} INFO - [2026-02-15T16:52:35.062+0000] {dag.py:3823} INFO - Setting next_dagrun for my_first_dag to 2026-02-15 00:00:00+00:00, run_after=2026-02-16 00:00:00+00:00
[2026-02-15T16:52:35.068+0000] {processor.py:183} INFO - Processing /opt/airflow/dags/my_first_dag.py took 0.030 seconds
[2026-02-15T16:53:05.892+0000] {processor.py:161} INFO - Started process (PID=535) to work on /opt/airflow/dags/my_first_dag.py
[2026-02-15T16:53:05.892+0000] {processor.py:830} INFO - Processing file /opt/airflow/dags/my_first_dag.py for tasks to queue
[2026-02-15T16:53:05.894+0000] {logging_mixin.py:188} INFO - [2026-02-15T16:53:05.893+0000] {dagbag.py:538} INFO - Filling up the DagBag from /opt/airflow/dags/my_first_dag.py
[2026-02-15T16:53:05.901+0000] {processor.py:840} INFO - DAG(s) 'my_first_dag' retrieved from /opt/airflow/dags/my_first_dag.py
[2026-02-15T16:53:05.911+0000] {logging_mixin.py:188} INFO - [2026-02-15T16:53:05.911+0000] {dag.py:3036} INFO - Sync 1 DAGs
[2026-02-15T16:53:05.920+0000] {logging_mixin.py:188} INFO - [2026-02-15T16:53:05.920+0000] {dag.py:3823} INFO - Setting next_dagrun for my_first_dag to 2026-02-15 00:00:00+00:00, run_after=2026-02-16 00:00:00+00:00
[2026-02-15T16:53:05.926+0000] {processor.py:183} INFO - Processing /opt/airflow/dags/my_first_dag.py took 0.036 seconds
[2026-02-15T16:53:36.697+0000] {processor.py:161} INFO - Started process (PID=566) to work on /opt/airflow/dags/my_first_dag.py
[2026-02-15T16:53:36.698+0000] {processor.py:830} INFO - Processing file /opt/airflow/dags/my_first_dag.py for tasks to queue
[2026-02-15T16:53:36.699+0000] {logging_mixin.py:188} INFO - [2026-02-15T16:53:36.699+0000] {dagbag.py:538} INFO - Filling up the DagBag from /opt/airflow/dags/my_first_dag.py
[2026-02-15T16:53:36.705+0000] {processor.py:840} INFO - DAG(s) 'my_first_dag' retrieved from /opt/airflow/dags/my_first_dag.py
[2026-02-15T16:53:36.713+0000] {logging_mixin.py:188} INFO - [2026-02-15T16:53:36.713+0000] {dag.py:3036} INFO - Sync 1 DAGs
[2026-02-15T16:53:36.723+0000] {logging_mixin.py:188} INFO - [2026-02-15T16:53:36.723+0000] {dag.py:3823} INFO - Setting next_dagrun for my_first_dag to 2026-02-15 00:00:00+00:00, run_after=2026-02-16 00:00:00+00:00
[2026-02-15T16:53:36.730+0000] {processor.py:183} INFO - Processing /opt/airflow/dags/my_first_dag.py took 0.034 seconds
[2026-02-15T16:54:07.509+0000] {processor.py:161} INFO - Started process (PID=597) to work on /opt/airflow/dags/my_first_dag.py
[2026-02-15T16:54:07.513+0000] {processor.py:830} INFO - Processing file /opt/airflow/dags/my_first_dag.py for tasks to queue
[2026-02-15T16:54:07.515+0000] {logging_mixin.py:188} INFO - [2026-02-15T16:54:07.515+0000] {dagbag.py:538} INFO - Filling up the DagBag from /opt/airflow/dags/my_first_dag.py
[2026-02-15T16:54:07.522+0000] {processor.py:840} INFO - DAG(s) 'my_first_dag' retrieved from /opt/airflow/dags/my_first_dag.py
[2026-02-15T16:54:07.532+0000] {logging_mixin.py:188} INFO - [2026-02-15T16:54:07.532+0000] {dag.py:3036} INFO - Sync 1 DAGs
[2026-02-15T16:54:07.541+0000] {logging_mixin.py:188} INFO - [2026-02-15T16:54:07.541+0000] {dag.py:3823} INFO - Setting next_dagrun for my_first_dag to 2026-02-15 00:00:00+00:00, run_after=2026-02-16 00:00:00+00:00
[2026-02-15T16:54:07.546+0000] {processor.py:183} INFO - Processing /opt/airflow/dags/my_first_dag.py took 0.039 seconds
[2026-02-15T16:54:38.477+0000] {processor.py:161} INFO - Started process (PID=628) to work on /opt/airflow/dags/my_first_dag.py
[2026-02-15T16:54:38.477+0000] {processor.py:830} INFO - Processing file /opt/airflow/dags/my_first_dag.py for tasks to queue
[2026-02-15T16:54:38.478+0000] {logging_mixin.py:188} INFO - [2026-02-15T16:54:38.478+0000] {dagbag.py:538} INFO - Filling up the DagBag from /opt/airflow/dags/my_first_dag.py
[2026-02-15T16:54:38.484+0000] {processor.py:840} INFO - DAG(s) 'my_first_dag' retrieved from /opt/airflow/dags/my_first_dag.py
[2026-02-15T16:54:38.493+0000] {logging_mixin.py:188} INFO - [2026-02-15T16:54:38.493+0000] {dag.py:3036} INFO - Sync 1 DAGs
[2026-02-15T16:54:38.502+0000] {logging_mixin.py:188} INFO - [2026-02-15T16:54:38.502+0000] {dag.py:3823} INFO - Setting next_dagrun for my_first_dag to 2026-02-15 00:00:00+00:00, run_after=2026-02-16 00:00:00+00:00
[2026-02-15T16:54:38.508+0000] {processor.py:183} INFO - Processing /opt/airflow/dags/my_first_dag.py took 0.033 seconds
[2026-02-15T16:55:09.372+0000] {processor.py:161} INFO - Started process (PID=659) to work on /opt/airflow/dags/my_first_dag.py
[2026-02-15T16:55:09.373+0000] {processor.py:830} INFO - Processing file /opt/airflow/dags/my_first_dag.py for tasks to queue
[2026-02-15T16:55:09.374+0000] {logging_mixin.py:188} INFO - [2026-02-15T16:55:09.374+0000] {dagbag.py:538} INFO - Filling up the DagBag from /opt/airflow/dags/my_first_dag.py
[2026-02-15T16:55:09.380+0000] {processor.py:840} INFO - DAG(s) 'my_first_dag' retrieved from /opt/airflow/dags/my_first_dag.py
[2026-02-15T16:55:09.389+0000] {logging_mixin.py:188} INFO - [2026-02-15T16:55:09.389+0000] {dag.py:3036} INFO - Sync 1 DAGs
[2026-02-15T16:55:09.397+0000] {logging_mixin.py:188} INFO - [2026-02-15T16:55:09.397+0000] {dag.py:3823} INFO - Setting next_dagrun for my_first_dag to 2026-02-15 00:00:00+00:00, run_after=2026-02-16 00:00:00+00:00
[2026-02-15T16:55:09.404+0000] {processor.py:183} INFO - Processing /opt/airflow/dags/my_first_dag.py took 0.033 seconds
[2026-02-15T16:55:40.090+0000] {processor.py:161} INFO - Started process (PID=690) to work on /opt/airflow/dags/my_first_dag.py
[2026-02-15T16:55:40.091+0000] {processor.py:830} INFO - Processing file /opt/airflow/dags/my_first_dag.py for tasks to queue
[2026-02-15T16:55:40.091+0000] {logging_mixin.py:188} INFO - [2026-02-15T16:55:40.091+0000] {dagbag.py:538} INFO - Filling up the DagBag from /opt/airflow/dags/my_first_dag.py
[2026-02-15T16:55:40.096+0000] {processor.py:840} INFO - DAG(s) 'my_first_dag' retrieved from /opt/airflow/dags/my_first_dag.py
[2026-02-15T16:55:40.104+0000] {logging_mixin.py:188} INFO - [2026-02-15T16:55:40.104+0000] {dag.py:3036} INFO - Sync 1 DAGs
[2026-02-15T16:55:40.111+0000] {logging_mixin.py:188} INFO - [2026-02-15T16:55:40.111+0000] {dag.py:3823} INFO - Setting next_dagrun for my_first_dag to 2026-02-15 00:00:00+00:00, run_after=2026-02-16 00:00:00+00:00
[2026-02-15T16:55:40.116+0000] {processor.py:183} INFO - Processing /opt/airflow/dags/my_first_dag.py took 0.027 seconds
[2026-02-15T16:56:10.849+0000] {processor.py:161} INFO - Started process (PID=721) to work on /opt/airflow/dags/my_first_dag.py
[2026-02-15T16:56:10.849+0000] {processor.py:830} INFO - Processing file /opt/airflow/dags/my_first_dag.py for tasks to queue
[2026-02-15T16:56:10.850+0000] {logging_mixin.py:188} INFO - [2026-02-15T16:56:10.850+0000] {dagbag.py:538} INFO - Filling up the DagBag from /opt/airflow/dags/my_first_dag.py
[2026-02-15T16:56:10.854+0000] {processor.py:840} INFO - DAG(s) 'my_first_dag' retrieved from /opt/airflow/dags/my_first_dag.py
[2026-02-15T16:56:10.861+0000] {logging_mixin.py:188} INFO - [2026-02-15T16:56:10.861+0000] {dag.py:3036} INFO - Sync 1 DAGs
[2026-02-15T16:56:10.869+0000] {logging_mixin.py:188} INFO - [2026-02-15T16:56:10.869+0000] {dag.py:3823} INFO - Setting next_dagrun for my_first_dag to 2026-02-15 00:00:00+00:00, run_after=2026-02-16 00:00:00+00:00
[2026-02-15T16:56:10.875+0000] {processor.py:183} INFO - Processing /opt/airflow/dags/my_first_dag.py took 0.027 seconds
[2026-02-15T16:56:41.580+0000] {processor.py:161} INFO - Started process (PID=752) to work on /opt/airflow/dags/my_first_dag.py
[2026-02-15T16:56:41.581+0000] {processor.py:830} INFO - Processing file /opt/airflow/dags/my_first_dag.py for tasks to queue
[2026-02-15T16:56:41.581+0000] {logging_mixin.py:188} INFO - [2026-02-15T16:56:41.581+0000] {dagbag.py:538} INFO - Filling up the DagBag from /opt/airflow/dags/my_first_dag.py
[2026-02-15T16:56:41.589+0000] {processor.py:840} INFO - DAG(s) 'my_first_dag' retrieved from /opt/airflow/dags/my_first_dag.py
[2026-02-15T16:56:41.598+0000] {logging_mixin.py:188} INFO - [2026-02-15T16:56:41.597+0000] {dag.py:3036} INFO - Sync 1 DAGs
[2026-02-15T16:56:41.606+0000] {logging_mixin.py:188} INFO - [2026-02-15T16:56:41.606+0000] {dag.py:3823} INFO - Setting next_dagrun for my_first_dag to 2026-02-15 00:00:00+00:00, run_after=2026-02-16 00:00:00+00:00
[2026-02-15T16:56:41.610+0000] {processor.py:183} INFO - Processing /opt/airflow/dags/my_first_dag.py took 0.032 seconds
[2026-02-15T16:57:12.368+0000] {processor.py:161} INFO - Started process (PID=783) to work on /opt/airflow/dags/my_first_dag.py
[2026-02-15T16:57:12.369+0000] {processor.py:830} INFO - Processing file /opt/airflow/dags/my_first_dag.py for tasks to queue
[2026-02-15T16:57:12.369+0000] {logging_mixin.py:188} INFO - [2026-02-15T16:57:12.369+0000] {dagbag.py:538} INFO - Filling up the DagBag from /opt/airflow/dags/my_first_dag.py
[2026-02-15T16:57:12.374+0000] {processor.py:840} INFO - DAG(s) 'my_first_dag' retrieved from /opt/airflow/dags/my_first_dag.py
[2026-02-15T16:57:12.382+0000] {logging_mixin.py:188} INFO - [2026-02-15T16:57:12.382+0000] {dag.py:3036} INFO - Sync 1 DAGs
[2026-02-15T16:57:12.389+0000] {logging_mixin.py:188} INFO - [2026-02-15T16:57:12.389+0000] {dag.py:3823} INFO - Setting next_dagrun for my_first_dag to 2026-02-15 00:00:00+00:00, run_after=2026-02-16 00:00:00+00:00
[2026-02-15T16:57:12.395+0000] {processor.py:183} INFO - Processing /opt/airflow/dags/my_first_dag.py took 0.028 seconds
[2026-02-15T16:57:43.104+0000] {processor.py:161} INFO - Started process (PID=814) to work on /opt/airflow/dags/my_first_dag.py
[2026-02-15T16:57:43.105+0000] {processor.py:830} INFO - Processing file /opt/airflow/dags/my_first_dag.py for tasks to queue
[2026-02-15T16:57:43.105+0000] {logging_mixin.py:188} INFO - [2026-02-15T16:57:43.105+0000] {dagbag.py:538} INFO - Filling up the DagBag from /opt/airflow/dags/my_first_dag.py
[2026-02-15T16:57:43.110+0000] {processor.py:840} INFO - DAG(s) 'my_first_dag' retrieved from /opt/airflow/dags/my_first_dag.py
[2026-02-15T16:57:43.119+0000] {logging_mixin.py:188} INFO - [2026-02-15T16:57:43.118+0000] {dag.py:3036} INFO - Sync 1 DAGs
[2026-02-15T16:57:43.129+0000] {logging_mixin.py:188} INFO - [2026-02-15T16:57:43.129+0000] {dag.py:3823} INFO - Setting next_dagrun for my_first_dag to 2026-02-15 00:00:00+00:00, run_after=2026-02-16 00:00:00+00:00
[2026-02-15T16:57:43.136+0000] {processor.py:183} INFO - Processing /opt/airflow/dags/my_first_dag.py took 0.033 seconds
[2026-02-15T16:58:13.907+0000] {processor.py:161} INFO - Started process (PID=845) to work on /opt/airflow/dags/my_first_dag.py
[2026-02-15T16:58:13.907+0000] {processor.py:830} INFO - Processing file /opt/airflow/dags/my_first_dag.py for tasks to queue
[2026-02-15T16:58:13.908+0000] {logging_mixin.py:188} INFO - [2026-02-15T16:58:13.908+0000] {dagbag.py:538} INFO - Filling up the DagBag from /opt/airflow/dags/my_first_dag.py
[2026-02-15T16:58:13.913+0000] {processor.py:840} INFO - DAG(s) 'my_first_dag' retrieved from /opt/airflow/dags/my_first_dag.py
[2026-02-15T16:58:13.920+0000] {logging_mixin.py:188} INFO - [2026-02-15T16:58:13.920+0000] {dag.py:3036} INFO - Sync 1 DAGs
[2026-02-15T16:58:13.927+0000] {logging_mixin.py:188} INFO - [2026-02-15T16:58:13.927+0000] {dag.py:3823} INFO - Setting next_dagrun for my_first_dag to 2026-02-15 00:00:00+00:00, run_after=2026-02-16 00:00:00+00:00
[2026-02-15T16:58:13.933+0000] {processor.py:183} INFO - Processing /opt/airflow/dags/my_first_dag.py took 0.027 seconds
[2026-02-15T16:58:44.680+0000] {processor.py:161} INFO - Started process (PID=876) to work on /opt/airflow/dags/my_first_dag.py
[2026-02-15T16:58:44.680+0000] {processor.py:830} INFO - Processing file /opt/airflow/dags/my_first_dag.py for tasks to queue
[2026-02-15T16:58:44.681+0000] {logging_mixin.py:188} INFO - [2026-02-15T16:58:44.681+0000] {dagbag.py:538} INFO - Filling up the DagBag from /opt/airflow/dags/my_first_dag.py
[2026-02-15T16:58:44.686+0000] {processor.py:840} INFO - DAG(s) 'my_first_dag' retrieved from /opt/airflow/dags/my_first_dag.py
[2026-02-15T16:58:44.694+0000] {logging_mixin.py:188} INFO - [2026-02-15T16:58:44.693+0000] {dag.py:3036} INFO - Sync 1 DAGs
[2026-02-15T16:58:44.701+0000] {logging_mixin.py:188} INFO - [2026-02-15T16:58:44.701+0000] {dag.py:3823} INFO - Setting next_dagrun for my_first_dag to 2026-02-15 00:00:00+00:00, run_after=2026-02-16 00:00:00+00:00
[2026-02-15T16:58:44.707+0000] {processor.py:183} INFO - Processing /opt/airflow/dags/my_first_dag.py took 0.028 seconds
[2026-02-15T16:59:15.431+0000] {processor.py:161} INFO - Started process (PID=907) to work on /opt/airflow/dags/my_first_dag.py
[2026-02-15T16:59:15.431+0000] {processor.py:830} INFO - Processing file /opt/airflow/dags/my_first_dag.py for tasks to queue
[2026-02-15T16:59:15.431+0000] {logging_mixin.py:188} INFO - [2026-02-15T16:59:15.431+0000] {dagbag.py:538} INFO - Filling up the DagBag from /opt/airflow/dags/my_first_dag.py
[2026-02-15T16:59:15.436+0000] {processor.py:840} INFO - DAG(s) 'my_first_dag' retrieved from /opt/airflow/dags/my_first_dag.py
[2026-02-15T16:59:15.443+0000] {logging_mixin.py:188} INFO - [2026-02-15T16:59:15.443+0000] {dag.py:3036} INFO - Sync 1 DAGs
[2026-02-15T16:59:15.451+0000] {logging_mixin.py:188} INFO - [2026-02-15T16:59:15.451+0000] {dag.py:3823} INFO - Setting next_dagrun for my_first_dag to 2026-02-15 00:00:00+00:00, run_after=2026-02-16 00:00:00+00:00
[2026-02-15T16:59:15.456+0000] {processor.py:183} INFO - Processing /opt/airflow/dags/my_first_dag.py took 0.027 seconds
[2026-02-15T16:59:46.135+0000] {processor.py:161} INFO - Started process (PID=938) to work on /opt/airflow/dags/my_first_dag.py
[2026-02-15T16:59:46.136+0000] {processor.py:830} INFO - Processing file /opt/airflow/dags/my_first_dag.py for tasks to queue
[2026-02-15T16:59:46.136+0000] {logging_mixin.py:188} INFO - [2026-02-15T16:59:46.136+0000] {dagbag.py:538} INFO - Filling up the DagBag from /opt/airflow/dags/my_first_dag.py
[2026-02-15T16:59:46.141+0000] {processor.py:840} INFO - DAG(s) 'my_first_dag' retrieved from /opt/airflow/dags/my_first_dag.py
[2026-02-15T16:59:46.149+0000] {logging_mixin.py:188} INFO - [2026-02-15T16:59:46.148+0000] {dag.py:3036} INFO - Sync 1 DAGs
[2026-02-15T16:59:46.156+0000] {logging_mixin.py:188} INFO - [2026-02-15T16:59:46.156+0000] {dag.py:3823} INFO - Setting next_dagrun for my_first_dag to 2026-02-15 00:00:00+00:00, run_after=2026-02-16 00:00:00+00:00
[2026-02-15T16:59:46.161+0000] {processor.py:183} INFO - Processing /opt/airflow/dags/my_first_dag.py took 0.027 seconds
[2026-02-15T17:00:16.884+0000] {processor.py:161} INFO - Started process (PID=969) to work on /opt/airflow/dags/my_first_dag.py
[2026-02-15T17:00:16.885+0000] {processor.py:830} INFO - Processing file /opt/airflow/dags/my_first_dag.py for tasks to queue
[2026-02-15T17:00:16.886+0000] {logging_mixin.py:188} INFO - [2026-02-15T17:00:16.886+0000] {dagbag.py:538} INFO - Filling up the DagBag from /opt/airflow/dags/my_first_dag.py
[2026-02-15T17:00:16.891+0000] {processor.py:840} INFO - DAG(s) 'my_first_dag' retrieved from /opt/airflow/dags/my_first_dag.py
[2026-02-15T17:00:16.900+0000] {logging_mixin.py:188} INFO - [2026-02-15T17:00:16.900+0000] {dag.py:3036} INFO - Sync 1 DAGs
[2026-02-15T17:00:16.908+0000] {logging_mixin.py:188} INFO - [2026-02-15T17:00:16.908+0000] {dag.py:3823} INFO - Setting next_dagrun for my_first_dag to 2026-02-15 00:00:00+00:00, run_after=2026-02-16 00:00:00+00:00
[2026-02-15T17:00:16.916+0000] {processor.py:183} INFO - Processing /opt/airflow/dags/my_first_dag.py took 0.034 seconds
