[2026-02-15T16:45:53.436+0000] {processor.py:161} INFO - Started process (PID=74) to work on /opt/airflow/dags/sandbox.py
[2026-02-15T16:45:53.436+0000] {processor.py:830} INFO - Processing file /opt/airflow/dags/sandbox.py for tasks to queue
[2026-02-15T16:45:53.437+0000] {logging_mixin.py:188} INFO - [2026-02-15T16:45:53.437+0000] {dagbag.py:538} INFO - Filling up the DagBag from /opt/airflow/dags/sandbox.py
[2026-02-15T16:45:53.444+0000] {processor.py:840} INFO - DAG(s) 'sandbox_demo' retrieved from /opt/airflow/dags/sandbox.py
[2026-02-15T16:45:53.486+0000] {logging_mixin.py:188} INFO - [2026-02-15T16:45:53.486+0000] {dag.py:3036} INFO - Sync 1 DAGs
[2026-02-15T16:45:53.494+0000] {logging_mixin.py:188} INFO - [2026-02-15T16:45:53.494+0000] {dag.py:3823} INFO - Setting next_dagrun for sandbox_demo to 2026-02-15 02:00:00+00:00, run_after=2026-02-16 02:00:00+00:00
[2026-02-15T16:45:53.502+0000] {processor.py:183} INFO - Processing /opt/airflow/dags/sandbox.py took 0.068 seconds
[2026-02-15T16:46:24.526+0000] {processor.py:161} INFO - Started process (PID=105) to work on /opt/airflow/dags/sandbox.py
[2026-02-15T16:46:24.527+0000] {processor.py:830} INFO - Processing file /opt/airflow/dags/sandbox.py for tasks to queue
[2026-02-15T16:46:24.529+0000] {logging_mixin.py:188} INFO - [2026-02-15T16:46:24.529+0000] {dagbag.py:538} INFO - Filling up the DagBag from /opt/airflow/dags/sandbox.py
[2026-02-15T16:46:24.541+0000] {processor.py:840} INFO - DAG(s) 'sandbox_demo' retrieved from /opt/airflow/dags/sandbox.py
[2026-02-15T16:46:24.555+0000] {logging_mixin.py:188} INFO - [2026-02-15T16:46:24.555+0000] {dag.py:3036} INFO - Sync 1 DAGs
[2026-02-15T16:46:24.564+0000] {logging_mixin.py:188} INFO - [2026-02-15T16:46:24.564+0000] {dag.py:3823} INFO - Setting next_dagrun for sandbox_demo to 2026-02-15 02:00:00+00:00, run_after=2026-02-16 02:00:00+00:00
[2026-02-15T16:46:24.572+0000] {processor.py:183} INFO - Processing /opt/airflow/dags/sandbox.py took 0.048 seconds
[2026-02-15T16:46:55.378+0000] {processor.py:161} INFO - Started process (PID=135) to work on /opt/airflow/dags/sandbox.py
[2026-02-15T16:46:55.379+0000] {processor.py:830} INFO - Processing file /opt/airflow/dags/sandbox.py for tasks to queue
[2026-02-15T16:46:55.380+0000] {logging_mixin.py:188} INFO - [2026-02-15T16:46:55.380+0000] {dagbag.py:538} INFO - Filling up the DagBag from /opt/airflow/dags/sandbox.py
[2026-02-15T16:46:55.388+0000] {processor.py:840} INFO - DAG(s) 'sandbox_demo' retrieved from /opt/airflow/dags/sandbox.py
[2026-02-15T16:46:55.400+0000] {logging_mixin.py:188} INFO - [2026-02-15T16:46:55.400+0000] {dag.py:3036} INFO - Sync 1 DAGs
[2026-02-15T16:46:55.409+0000] {logging_mixin.py:188} INFO - [2026-02-15T16:46:55.409+0000] {dag.py:3823} INFO - Setting next_dagrun for sandbox_demo to 2026-02-15 02:00:00+00:00, run_after=2026-02-16 02:00:00+00:00
[2026-02-15T16:46:55.415+0000] {processor.py:183} INFO - Processing /opt/airflow/dags/sandbox.py took 0.039 seconds
[2026-02-15T16:47:26.275+0000] {processor.py:161} INFO - Started process (PID=172) to work on /opt/airflow/dags/sandbox.py
[2026-02-15T16:47:26.276+0000] {processor.py:830} INFO - Processing file /opt/airflow/dags/sandbox.py for tasks to queue
[2026-02-15T16:47:26.277+0000] {logging_mixin.py:188} INFO - [2026-02-15T16:47:26.277+0000] {dagbag.py:538} INFO - Filling up the DagBag from /opt/airflow/dags/sandbox.py
[2026-02-15T16:47:26.292+0000] {processor.py:840} INFO - DAG(s) 'sandbox_demo' retrieved from /opt/airflow/dags/sandbox.py
[2026-02-15T16:47:26.311+0000] {logging_mixin.py:188} INFO - [2026-02-15T16:47:26.311+0000] {dag.py:3036} INFO - Sync 1 DAGs
[2026-02-15T16:47:26.327+0000] {logging_mixin.py:188} INFO - [2026-02-15T16:47:26.327+0000] {dag.py:3823} INFO - Setting next_dagrun for sandbox_demo to 2026-02-15 02:00:00+00:00, run_after=2026-02-16 02:00:00+00:00
[2026-02-15T16:47:26.341+0000] {processor.py:183} INFO - Processing /opt/airflow/dags/sandbox.py took 0.068 seconds
[2026-02-15T16:47:57.234+0000] {processor.py:161} INFO - Started process (PID=204) to work on /opt/airflow/dags/sandbox.py
[2026-02-15T16:47:57.235+0000] {processor.py:830} INFO - Processing file /opt/airflow/dags/sandbox.py for tasks to queue
[2026-02-15T16:47:57.236+0000] {logging_mixin.py:188} INFO - [2026-02-15T16:47:57.236+0000] {dagbag.py:538} INFO - Filling up the DagBag from /opt/airflow/dags/sandbox.py
[2026-02-15T16:47:57.243+0000] {processor.py:840} INFO - DAG(s) 'sandbox_demo' retrieved from /opt/airflow/dags/sandbox.py
[2026-02-15T16:47:57.255+0000] {logging_mixin.py:188} INFO - [2026-02-15T16:47:57.255+0000] {dag.py:3036} INFO - Sync 1 DAGs
[2026-02-15T16:47:57.263+0000] {logging_mixin.py:188} INFO - [2026-02-15T16:47:57.263+0000] {dag.py:3823} INFO - Setting next_dagrun for sandbox_demo to 2026-02-15 02:00:00+00:00, run_after=2026-02-16 02:00:00+00:00
[2026-02-15T16:47:57.269+0000] {processor.py:183} INFO - Processing /opt/airflow/dags/sandbox.py took 0.036 seconds
[2026-02-15T16:48:28.034+0000] {processor.py:161} INFO - Started process (PID=235) to work on /opt/airflow/dags/sandbox.py
[2026-02-15T16:48:28.034+0000] {processor.py:830} INFO - Processing file /opt/airflow/dags/sandbox.py for tasks to queue
[2026-02-15T16:48:28.035+0000] {logging_mixin.py:188} INFO - [2026-02-15T16:48:28.035+0000] {dagbag.py:538} INFO - Filling up the DagBag from /opt/airflow/dags/sandbox.py
[2026-02-15T16:48:28.041+0000] {processor.py:840} INFO - DAG(s) 'sandbox_demo' retrieved from /opt/airflow/dags/sandbox.py
[2026-02-15T16:48:28.053+0000] {logging_mixin.py:188} INFO - [2026-02-15T16:48:28.052+0000] {dag.py:3036} INFO - Sync 1 DAGs
[2026-02-15T16:48:28.060+0000] {logging_mixin.py:188} INFO - [2026-02-15T16:48:28.060+0000] {dag.py:3823} INFO - Setting next_dagrun for sandbox_demo to 2026-02-15 02:00:00+00:00, run_after=2026-02-16 02:00:00+00:00
[2026-02-15T16:48:28.066+0000] {processor.py:183} INFO - Processing /opt/airflow/dags/sandbox.py took 0.033 seconds
[2026-02-15T16:48:58.744+0000] {processor.py:161} INFO - Started process (PID=266) to work on /opt/airflow/dags/sandbox.py
[2026-02-15T16:48:58.745+0000] {processor.py:830} INFO - Processing file /opt/airflow/dags/sandbox.py for tasks to queue
[2026-02-15T16:48:58.746+0000] {logging_mixin.py:188} INFO - [2026-02-15T16:48:58.746+0000] {dagbag.py:538} INFO - Filling up the DagBag from /opt/airflow/dags/sandbox.py
[2026-02-15T16:48:58.755+0000] {processor.py:840} INFO - DAG(s) 'sandbox_demo' retrieved from /opt/airflow/dags/sandbox.py
[2026-02-15T16:48:58.771+0000] {logging_mixin.py:188} INFO - [2026-02-15T16:48:58.771+0000] {dag.py:3036} INFO - Sync 1 DAGs
[2026-02-15T16:48:58.782+0000] {logging_mixin.py:188} INFO - [2026-02-15T16:48:58.781+0000] {dag.py:3823} INFO - Setting next_dagrun for sandbox_demo to 2026-02-15 02:00:00+00:00, run_after=2026-02-16 02:00:00+00:00
[2026-02-15T16:48:58.790+0000] {processor.py:183} INFO - Processing /opt/airflow/dags/sandbox.py took 0.050 seconds
[2026-02-15T16:49:29.617+0000] {processor.py:161} INFO - Started process (PID=296) to work on /opt/airflow/dags/sandbox.py
[2026-02-15T16:49:29.619+0000] {processor.py:830} INFO - Processing file /opt/airflow/dags/sandbox.py for tasks to queue
[2026-02-15T16:49:29.621+0000] {logging_mixin.py:188} INFO - [2026-02-15T16:49:29.621+0000] {dagbag.py:538} INFO - Filling up the DagBag from /opt/airflow/dags/sandbox.py
[2026-02-15T16:49:29.634+0000] {processor.py:840} INFO - DAG(s) 'sandbox_demo' retrieved from /opt/airflow/dags/sandbox.py
[2026-02-15T16:49:29.651+0000] {logging_mixin.py:188} INFO - [2026-02-15T16:49:29.651+0000] {dag.py:3036} INFO - Sync 1 DAGs
[2026-02-15T16:49:29.662+0000] {logging_mixin.py:188} INFO - [2026-02-15T16:49:29.662+0000] {dag.py:3823} INFO - Setting next_dagrun for sandbox_demo to 2026-02-15 02:00:00+00:00, run_after=2026-02-16 02:00:00+00:00
[2026-02-15T16:49:29.670+0000] {processor.py:183} INFO - Processing /opt/airflow/dags/sandbox.py took 0.061 seconds
[2026-02-15T16:50:00.649+0000] {processor.py:161} INFO - Started process (PID=327) to work on /opt/airflow/dags/sandbox.py
[2026-02-15T16:50:00.651+0000] {processor.py:830} INFO - Processing file /opt/airflow/dags/sandbox.py for tasks to queue
[2026-02-15T16:50:00.652+0000] {logging_mixin.py:188} INFO - [2026-02-15T16:50:00.652+0000] {dagbag.py:538} INFO - Filling up the DagBag from /opt/airflow/dags/sandbox.py
[2026-02-15T16:50:00.668+0000] {processor.py:840} INFO - DAG(s) 'sandbox_demo' retrieved from /opt/airflow/dags/sandbox.py
[2026-02-15T16:50:00.686+0000] {logging_mixin.py:188} INFO - [2026-02-15T16:50:00.686+0000] {dag.py:3036} INFO - Sync 1 DAGs
[2026-02-15T16:50:00.699+0000] {logging_mixin.py:188} INFO - [2026-02-15T16:50:00.698+0000] {dag.py:3823} INFO - Setting next_dagrun for sandbox_demo to 2026-02-15 02:00:00+00:00, run_after=2026-02-16 02:00:00+00:00
[2026-02-15T16:50:00.706+0000] {processor.py:183} INFO - Processing /opt/airflow/dags/sandbox.py took 0.060 seconds
[2026-02-15T16:50:31.361+0000] {processor.py:161} INFO - Started process (PID=358) to work on /opt/airflow/dags/sandbox.py
[2026-02-15T16:50:31.362+0000] {processor.py:830} INFO - Processing file /opt/airflow/dags/sandbox.py for tasks to queue
[2026-02-15T16:50:31.363+0000] {logging_mixin.py:188} INFO - [2026-02-15T16:50:31.363+0000] {dagbag.py:538} INFO - Filling up the DagBag from /opt/airflow/dags/sandbox.py
[2026-02-15T16:50:31.375+0000] {processor.py:840} INFO - DAG(s) 'sandbox_demo' retrieved from /opt/airflow/dags/sandbox.py
[2026-02-15T16:50:31.395+0000] {logging_mixin.py:188} INFO - [2026-02-15T16:50:31.395+0000] {dag.py:3036} INFO - Sync 1 DAGs
[2026-02-15T16:50:31.405+0000] {logging_mixin.py:188} INFO - [2026-02-15T16:50:31.404+0000] {dag.py:3823} INFO - Setting next_dagrun for sandbox_demo to 2026-02-15 02:00:00+00:00, run_after=2026-02-16 02:00:00+00:00
[2026-02-15T16:50:31.411+0000] {processor.py:183} INFO - Processing /opt/airflow/dags/sandbox.py took 0.053 seconds
[2026-02-15T16:51:02.140+0000] {processor.py:161} INFO - Started process (PID=389) to work on /opt/airflow/dags/sandbox.py
[2026-02-15T16:51:02.141+0000] {processor.py:830} INFO - Processing file /opt/airflow/dags/sandbox.py for tasks to queue
[2026-02-15T16:51:02.142+0000] {logging_mixin.py:188} INFO - [2026-02-15T16:51:02.142+0000] {dagbag.py:538} INFO - Filling up the DagBag from /opt/airflow/dags/sandbox.py
[2026-02-15T16:51:02.154+0000] {processor.py:840} INFO - DAG(s) 'sandbox_demo' retrieved from /opt/airflow/dags/sandbox.py
[2026-02-15T16:51:02.174+0000] {logging_mixin.py:188} INFO - [2026-02-15T16:51:02.173+0000] {dag.py:3036} INFO - Sync 1 DAGs
[2026-02-15T16:51:02.188+0000] {logging_mixin.py:188} INFO - [2026-02-15T16:51:02.188+0000] {dag.py:3823} INFO - Setting next_dagrun for sandbox_demo to 2026-02-15 02:00:00+00:00, run_after=2026-02-16 02:00:00+00:00
[2026-02-15T16:51:02.197+0000] {processor.py:183} INFO - Processing /opt/airflow/dags/sandbox.py took 0.059 seconds
[2026-02-15T16:51:32.966+0000] {processor.py:161} INFO - Started process (PID=420) to work on /opt/airflow/dags/sandbox.py
[2026-02-15T16:51:32.967+0000] {processor.py:830} INFO - Processing file /opt/airflow/dags/sandbox.py for tasks to queue
[2026-02-15T16:51:32.968+0000] {logging_mixin.py:188} INFO - [2026-02-15T16:51:32.968+0000] {dagbag.py:538} INFO - Filling up the DagBag from /opt/airflow/dags/sandbox.py
[2026-02-15T16:51:32.979+0000] {processor.py:840} INFO - DAG(s) 'sandbox_demo' retrieved from /opt/airflow/dags/sandbox.py
[2026-02-15T16:51:32.995+0000] {logging_mixin.py:188} INFO - [2026-02-15T16:51:32.995+0000] {dag.py:3036} INFO - Sync 1 DAGs
[2026-02-15T16:51:33.005+0000] {logging_mixin.py:188} INFO - [2026-02-15T16:51:33.005+0000] {dag.py:3823} INFO - Setting next_dagrun for sandbox_demo to 2026-02-15 02:00:00+00:00, run_after=2026-02-16 02:00:00+00:00
[2026-02-15T16:51:33.012+0000] {processor.py:183} INFO - Processing /opt/airflow/dags/sandbox.py took 0.049 seconds
[2026-02-15T16:52:03.686+0000] {processor.py:161} INFO - Started process (PID=451) to work on /opt/airflow/dags/sandbox.py
[2026-02-15T16:52:03.687+0000] {processor.py:830} INFO - Processing file /opt/airflow/dags/sandbox.py for tasks to queue
[2026-02-15T16:52:03.687+0000] {logging_mixin.py:188} INFO - [2026-02-15T16:52:03.687+0000] {dagbag.py:538} INFO - Filling up the DagBag from /opt/airflow/dags/sandbox.py
[2026-02-15T16:52:03.696+0000] {processor.py:840} INFO - DAG(s) 'sandbox_demo' retrieved from /opt/airflow/dags/sandbox.py
[2026-02-15T16:52:03.713+0000] {logging_mixin.py:188} INFO - [2026-02-15T16:52:03.713+0000] {dag.py:3036} INFO - Sync 1 DAGs
[2026-02-15T16:52:03.723+0000] {logging_mixin.py:188} INFO - [2026-02-15T16:52:03.722+0000] {dag.py:3823} INFO - Setting next_dagrun for sandbox_demo to 2026-02-15 02:00:00+00:00, run_after=2026-02-16 02:00:00+00:00
[2026-02-15T16:52:03.729+0000] {processor.py:183} INFO - Processing /opt/airflow/dags/sandbox.py took 0.046 seconds
[2026-02-15T16:52:34.489+0000] {processor.py:161} INFO - Started process (PID=482) to work on /opt/airflow/dags/sandbox.py
[2026-02-15T16:52:34.489+0000] {processor.py:830} INFO - Processing file /opt/airflow/dags/sandbox.py for tasks to queue
[2026-02-15T16:52:34.491+0000] {logging_mixin.py:188} INFO - [2026-02-15T16:52:34.491+0000] {dagbag.py:538} INFO - Filling up the DagBag from /opt/airflow/dags/sandbox.py
[2026-02-15T16:52:34.505+0000] {processor.py:840} INFO - DAG(s) 'sandbox_demo' retrieved from /opt/airflow/dags/sandbox.py
[2026-02-15T16:52:34.524+0000] {logging_mixin.py:188} INFO - [2026-02-15T16:52:34.524+0000] {dag.py:3036} INFO - Sync 1 DAGs
[2026-02-15T16:52:34.541+0000] {logging_mixin.py:188} INFO - [2026-02-15T16:52:34.541+0000] {dag.py:3823} INFO - Setting next_dagrun for sandbox_demo to 2026-02-15 02:00:00+00:00, run_after=2026-02-16 02:00:00+00:00
[2026-02-15T16:52:34.550+0000] {processor.py:183} INFO - Processing /opt/airflow/dags/sandbox.py took 0.064 seconds
[2026-02-15T16:53:05.286+0000] {processor.py:161} INFO - Started process (PID=513) to work on /opt/airflow/dags/sandbox.py
[2026-02-15T16:53:05.287+0000] {processor.py:830} INFO - Processing file /opt/airflow/dags/sandbox.py for tasks to queue
[2026-02-15T16:53:05.287+0000] {logging_mixin.py:188} INFO - [2026-02-15T16:53:05.287+0000] {dagbag.py:538} INFO - Filling up the DagBag from /opt/airflow/dags/sandbox.py
[2026-02-15T16:53:05.299+0000] {processor.py:840} INFO - DAG(s) 'sandbox_demo' retrieved from /opt/airflow/dags/sandbox.py
[2026-02-15T16:53:05.316+0000] {logging_mixin.py:188} INFO - [2026-02-15T16:53:05.316+0000] {dag.py:3036} INFO - Sync 1 DAGs
[2026-02-15T16:53:05.331+0000] {logging_mixin.py:188} INFO - [2026-02-15T16:53:05.331+0000] {dag.py:3823} INFO - Setting next_dagrun for sandbox_demo to 2026-02-15 02:00:00+00:00, run_after=2026-02-16 02:00:00+00:00
[2026-02-15T16:53:05.340+0000] {processor.py:183} INFO - Processing /opt/airflow/dags/sandbox.py took 0.055 seconds
[2026-02-15T16:53:36.172+0000] {processor.py:161} INFO - Started process (PID=544) to work on /opt/airflow/dags/sandbox.py
[2026-02-15T16:53:36.173+0000] {processor.py:830} INFO - Processing file /opt/airflow/dags/sandbox.py for tasks to queue
[2026-02-15T16:53:36.174+0000] {logging_mixin.py:188} INFO - [2026-02-15T16:53:36.174+0000] {dagbag.py:538} INFO - Filling up the DagBag from /opt/airflow/dags/sandbox.py
[2026-02-15T16:53:36.189+0000] {processor.py:840} INFO - DAG(s) 'sandbox_demo' retrieved from /opt/airflow/dags/sandbox.py
[2026-02-15T16:53:36.207+0000] {logging_mixin.py:188} INFO - [2026-02-15T16:53:36.207+0000] {dag.py:3036} INFO - Sync 1 DAGs
[2026-02-15T16:53:36.221+0000] {logging_mixin.py:188} INFO - [2026-02-15T16:53:36.220+0000] {dag.py:3823} INFO - Setting next_dagrun for sandbox_demo to 2026-02-15 02:00:00+00:00, run_after=2026-02-16 02:00:00+00:00
[2026-02-15T16:53:36.230+0000] {processor.py:183} INFO - Processing /opt/airflow/dags/sandbox.py took 0.062 seconds
[2026-02-15T16:54:07.002+0000] {processor.py:161} INFO - Started process (PID=575) to work on /opt/airflow/dags/sandbox.py
[2026-02-15T16:54:07.009+0000] {processor.py:830} INFO - Processing file /opt/airflow/dags/sandbox.py for tasks to queue
[2026-02-15T16:54:07.013+0000] {logging_mixin.py:188} INFO - [2026-02-15T16:54:07.013+0000] {dagbag.py:538} INFO - Filling up the DagBag from /opt/airflow/dags/sandbox.py
[2026-02-15T16:54:07.024+0000] {processor.py:840} INFO - DAG(s) 'sandbox_demo' retrieved from /opt/airflow/dags/sandbox.py
[2026-02-15T16:54:07.043+0000] {logging_mixin.py:188} INFO - [2026-02-15T16:54:07.043+0000] {dag.py:3036} INFO - Sync 1 DAGs
[2026-02-15T16:54:07.057+0000] {logging_mixin.py:188} INFO - [2026-02-15T16:54:07.057+0000] {dag.py:3823} INFO - Setting next_dagrun for sandbox_demo to 2026-02-15 02:00:00+00:00, run_after=2026-02-16 02:00:00+00:00
[2026-02-15T16:54:07.065+0000] {processor.py:183} INFO - Processing /opt/airflow/dags/sandbox.py took 0.069 seconds
[2026-02-15T16:54:37.918+0000] {processor.py:161} INFO - Started process (PID=606) to work on /opt/airflow/dags/sandbox.py
[2026-02-15T16:54:37.918+0000] {processor.py:830} INFO - Processing file /opt/airflow/dags/sandbox.py for tasks to queue
[2026-02-15T16:54:37.920+0000] {logging_mixin.py:188} INFO - [2026-02-15T16:54:37.919+0000] {dagbag.py:538} INFO - Filling up the DagBag from /opt/airflow/dags/sandbox.py
[2026-02-15T16:54:37.934+0000] {processor.py:840} INFO - DAG(s) 'sandbox_demo' retrieved from /opt/airflow/dags/sandbox.py
[2026-02-15T16:54:37.959+0000] {logging_mixin.py:188} INFO - [2026-02-15T16:54:37.958+0000] {dag.py:3036} INFO - Sync 1 DAGs
[2026-02-15T16:54:37.972+0000] {logging_mixin.py:188} INFO - [2026-02-15T16:54:37.971+0000] {dag.py:3823} INFO - Setting next_dagrun for sandbox_demo to 2026-02-15 02:00:00+00:00, run_after=2026-02-16 02:00:00+00:00
[2026-02-15T16:54:37.978+0000] {processor.py:183} INFO - Processing /opt/airflow/dags/sandbox.py took 0.063 seconds
[2026-02-15T16:55:08.803+0000] {processor.py:161} INFO - Started process (PID=637) to work on /opt/airflow/dags/sandbox.py
[2026-02-15T16:55:08.805+0000] {processor.py:830} INFO - Processing file /opt/airflow/dags/sandbox.py for tasks to queue
[2026-02-15T16:55:08.806+0000] {logging_mixin.py:188} INFO - [2026-02-15T16:55:08.806+0000] {dagbag.py:538} INFO - Filling up the DagBag from /opt/airflow/dags/sandbox.py
[2026-02-15T16:55:08.819+0000] {processor.py:840} INFO - DAG(s) 'sandbox_demo' retrieved from /opt/airflow/dags/sandbox.py
[2026-02-15T16:55:08.840+0000] {logging_mixin.py:188} INFO - [2026-02-15T16:55:08.840+0000] {dag.py:3036} INFO - Sync 1 DAGs
[2026-02-15T16:55:08.852+0000] {logging_mixin.py:188} INFO - [2026-02-15T16:55:08.852+0000] {dag.py:3823} INFO - Setting next_dagrun for sandbox_demo to 2026-02-15 02:00:00+00:00, run_after=2026-02-16 02:00:00+00:00
[2026-02-15T16:55:08.860+0000] {processor.py:183} INFO - Processing /opt/airflow/dags/sandbox.py took 0.060 seconds
[2026-02-15T16:55:39.664+0000] {processor.py:161} INFO - Started process (PID=668) to work on /opt/airflow/dags/sandbox.py
[2026-02-15T16:55:39.665+0000] {processor.py:830} INFO - Processing file /opt/airflow/dags/sandbox.py for tasks to queue
[2026-02-15T16:55:39.666+0000] {logging_mixin.py:188} INFO - [2026-02-15T16:55:39.666+0000] {dagbag.py:538} INFO - Filling up the DagBag from /opt/airflow/dags/sandbox.py
[2026-02-15T16:55:39.682+0000] {processor.py:840} INFO - DAG(s) 'sandbox_demo' retrieved from /opt/airflow/dags/sandbox.py
[2026-02-15T16:55:39.702+0000] {logging_mixin.py:188} INFO - [2026-02-15T16:55:39.702+0000] {dag.py:3036} INFO - Sync 1 DAGs
[2026-02-15T16:55:39.716+0000] {logging_mixin.py:188} INFO - [2026-02-15T16:55:39.716+0000] {dag.py:3823} INFO - Setting next_dagrun for sandbox_demo to 2026-02-15 02:00:00+00:00, run_after=2026-02-16 02:00:00+00:00
[2026-02-15T16:55:39.724+0000] {processor.py:183} INFO - Processing /opt/airflow/dags/sandbox.py took 0.063 seconds
[2026-02-15T16:56:10.411+0000] {processor.py:161} INFO - Started process (PID=699) to work on /opt/airflow/dags/sandbox.py
[2026-02-15T16:56:10.412+0000] {processor.py:830} INFO - Processing file /opt/airflow/dags/sandbox.py for tasks to queue
[2026-02-15T16:56:10.415+0000] {logging_mixin.py:188} INFO - [2026-02-15T16:56:10.414+0000] {dagbag.py:538} INFO - Filling up the DagBag from /opt/airflow/dags/sandbox.py
[2026-02-15T16:56:10.428+0000] {processor.py:840} INFO - DAG(s) 'sandbox_demo' retrieved from /opt/airflow/dags/sandbox.py
[2026-02-15T16:56:10.446+0000] {logging_mixin.py:188} INFO - [2026-02-15T16:56:10.446+0000] {dag.py:3036} INFO - Sync 1 DAGs
[2026-02-15T16:56:10.455+0000] {logging_mixin.py:188} INFO - [2026-02-15T16:56:10.455+0000] {dag.py:3823} INFO - Setting next_dagrun for sandbox_demo to 2026-02-15 02:00:00+00:00, run_after=2026-02-16 02:00:00+00:00
[2026-02-15T16:56:10.462+0000] {processor.py:183} INFO - Processing /opt/airflow/dags/sandbox.py took 0.054 seconds
[2026-02-15T16:56:41.097+0000] {processor.py:161} INFO - Started process (PID=730) to work on /opt/airflow/dags/sandbox.py
[2026-02-15T16:56:41.098+0000] {processor.py:830} INFO - Processing file /opt/airflow/dags/sandbox.py for tasks to queue
[2026-02-15T16:56:41.099+0000] {logging_mixin.py:188} INFO - [2026-02-15T16:56:41.099+0000] {dagbag.py:538} INFO - Filling up the DagBag from /opt/airflow/dags/sandbox.py
[2026-02-15T16:56:41.116+0000] {processor.py:840} INFO - DAG(s) 'sandbox_demo' retrieved from /opt/airflow/dags/sandbox.py
[2026-02-15T16:56:41.133+0000] {logging_mixin.py:188} INFO - [2026-02-15T16:56:41.133+0000] {dag.py:3036} INFO - Sync 1 DAGs
[2026-02-15T16:56:41.143+0000] {logging_mixin.py:188} INFO - [2026-02-15T16:56:41.143+0000] {dag.py:3823} INFO - Setting next_dagrun for sandbox_demo to 2026-02-15 02:00:00+00:00, run_after=2026-02-16 02:00:00+00:00
[2026-02-15T16:56:41.152+0000] {processor.py:183} INFO - Processing /opt/airflow/dags/sandbox.py took 0.057 seconds
[2026-02-15T16:57:11.940+0000] {processor.py:161} INFO - Started process (PID=761) to work on /opt/airflow/dags/sandbox.py
[2026-02-15T16:57:11.941+0000] {processor.py:830} INFO - Processing file /opt/airflow/dags/sandbox.py for tasks to queue
[2026-02-15T16:57:11.942+0000] {logging_mixin.py:188} INFO - [2026-02-15T16:57:11.942+0000] {dagbag.py:538} INFO - Filling up the DagBag from /opt/airflow/dags/sandbox.py
[2026-02-15T16:57:11.955+0000] {processor.py:840} INFO - DAG(s) 'sandbox_demo' retrieved from /opt/airflow/dags/sandbox.py
[2026-02-15T16:57:11.974+0000] {logging_mixin.py:188} INFO - [2026-02-15T16:57:11.974+0000] {dag.py:3036} INFO - Sync 1 DAGs
[2026-02-15T16:57:11.984+0000] {logging_mixin.py:188} INFO - [2026-02-15T16:57:11.984+0000] {dag.py:3823} INFO - Setting next_dagrun for sandbox_demo to 2026-02-15 02:00:00+00:00, run_after=2026-02-16 02:00:00+00:00
[2026-02-15T16:57:11.993+0000] {processor.py:183} INFO - Processing /opt/airflow/dags/sandbox.py took 0.057 seconds
[2026-02-15T16:57:42.682+0000] {processor.py:161} INFO - Started process (PID=792) to work on /opt/airflow/dags/sandbox.py
[2026-02-15T16:57:42.683+0000] {processor.py:830} INFO - Processing file /opt/airflow/dags/sandbox.py for tasks to queue
[2026-02-15T16:57:42.684+0000] {logging_mixin.py:188} INFO - [2026-02-15T16:57:42.684+0000] {dagbag.py:538} INFO - Filling up the DagBag from /opt/airflow/dags/sandbox.py
[2026-02-15T16:57:42.696+0000] {processor.py:840} INFO - DAG(s) 'sandbox_demo' retrieved from /opt/airflow/dags/sandbox.py
[2026-02-15T16:57:42.714+0000] {logging_mixin.py:188} INFO - [2026-02-15T16:57:42.713+0000] {dag.py:3036} INFO - Sync 1 DAGs
[2026-02-15T16:57:42.723+0000] {logging_mixin.py:188} INFO - [2026-02-15T16:57:42.723+0000] {dag.py:3823} INFO - Setting next_dagrun for sandbox_demo to 2026-02-15 02:00:00+00:00, run_after=2026-02-16 02:00:00+00:00
[2026-02-15T16:57:42.734+0000] {processor.py:183} INFO - Processing /opt/airflow/dags/sandbox.py took 0.055 seconds
[2026-02-15T16:58:13.450+0000] {processor.py:161} INFO - Started process (PID=823) to work on /opt/airflow/dags/sandbox.py
[2026-02-15T16:58:13.451+0000] {processor.py:830} INFO - Processing file /opt/airflow/dags/sandbox.py for tasks to queue
[2026-02-15T16:58:13.452+0000] {logging_mixin.py:188} INFO - [2026-02-15T16:58:13.452+0000] {dagbag.py:538} INFO - Filling up the DagBag from /opt/airflow/dags/sandbox.py
[2026-02-15T16:58:13.471+0000] {processor.py:840} INFO - DAG(s) 'sandbox_demo' retrieved from /opt/airflow/dags/sandbox.py
[2026-02-15T16:58:13.492+0000] {logging_mixin.py:188} INFO - [2026-02-15T16:58:13.492+0000] {dag.py:3036} INFO - Sync 1 DAGs
[2026-02-15T16:58:13.506+0000] {logging_mixin.py:188} INFO - [2026-02-15T16:58:13.506+0000] {dag.py:3823} INFO - Setting next_dagrun for sandbox_demo to 2026-02-15 02:00:00+00:00, run_after=2026-02-16 02:00:00+00:00
[2026-02-15T16:58:13.518+0000] {processor.py:183} INFO - Processing /opt/airflow/dags/sandbox.py took 0.071 seconds
[2026-02-15T16:58:44.220+0000] {processor.py:161} INFO - Started process (PID=854) to work on /opt/airflow/dags/sandbox.py
[2026-02-15T16:58:44.221+0000] {processor.py:830} INFO - Processing file /opt/airflow/dags/sandbox.py for tasks to queue
[2026-02-15T16:58:44.223+0000] {logging_mixin.py:188} INFO - [2026-02-15T16:58:44.222+0000] {dagbag.py:538} INFO - Filling up the DagBag from /opt/airflow/dags/sandbox.py
[2026-02-15T16:58:44.234+0000] {processor.py:840} INFO - DAG(s) 'sandbox_demo' retrieved from /opt/airflow/dags/sandbox.py
[2026-02-15T16:58:44.254+0000] {logging_mixin.py:188} INFO - [2026-02-15T16:58:44.254+0000] {dag.py:3036} INFO - Sync 1 DAGs
[2026-02-15T16:58:44.264+0000] {logging_mixin.py:188} INFO - [2026-02-15T16:58:44.264+0000] {dag.py:3823} INFO - Setting next_dagrun for sandbox_demo to 2026-02-15 02:00:00+00:00, run_after=2026-02-16 02:00:00+00:00
[2026-02-15T16:58:44.272+0000] {processor.py:183} INFO - Processing /opt/airflow/dags/sandbox.py took 0.055 seconds
[2026-02-15T16:59:15.008+0000] {processor.py:161} INFO - Started process (PID=885) to work on /opt/airflow/dags/sandbox.py
[2026-02-15T16:59:15.009+0000] {processor.py:830} INFO - Processing file /opt/airflow/dags/sandbox.py for tasks to queue
[2026-02-15T16:59:15.011+0000] {logging_mixin.py:188} INFO - [2026-02-15T16:59:15.011+0000] {dagbag.py:538} INFO - Filling up the DagBag from /opt/airflow/dags/sandbox.py
[2026-02-15T16:59:15.026+0000] {processor.py:840} INFO - DAG(s) 'sandbox_demo' retrieved from /opt/airflow/dags/sandbox.py
[2026-02-15T16:59:15.040+0000] {logging_mixin.py:188} INFO - [2026-02-15T16:59:15.040+0000] {dag.py:3036} INFO - Sync 1 DAGs
[2026-02-15T16:59:15.050+0000] {logging_mixin.py:188} INFO - [2026-02-15T16:59:15.050+0000] {dag.py:3823} INFO - Setting next_dagrun for sandbox_demo to 2026-02-15 02:00:00+00:00, run_after=2026-02-16 02:00:00+00:00
[2026-02-15T16:59:15.057+0000] {processor.py:183} INFO - Processing /opt/airflow/dags/sandbox.py took 0.052 seconds
[2026-02-15T16:59:45.709+0000] {processor.py:161} INFO - Started process (PID=916) to work on /opt/airflow/dags/sandbox.py
[2026-02-15T16:59:45.709+0000] {processor.py:830} INFO - Processing file /opt/airflow/dags/sandbox.py for tasks to queue
[2026-02-15T16:59:45.711+0000] {logging_mixin.py:188} INFO - [2026-02-15T16:59:45.711+0000] {dagbag.py:538} INFO - Filling up the DagBag from /opt/airflow/dags/sandbox.py
[2026-02-15T16:59:45.728+0000] {processor.py:840} INFO - DAG(s) 'sandbox_demo' retrieved from /opt/airflow/dags/sandbox.py
[2026-02-15T16:59:45.747+0000] {logging_mixin.py:188} INFO - [2026-02-15T16:59:45.746+0000] {dag.py:3036} INFO - Sync 1 DAGs
[2026-02-15T16:59:45.760+0000] {logging_mixin.py:188} INFO - [2026-02-15T16:59:45.760+0000] {dag.py:3823} INFO - Setting next_dagrun for sandbox_demo to 2026-02-15 02:00:00+00:00, run_after=2026-02-16 02:00:00+00:00
[2026-02-15T16:59:45.767+0000] {processor.py:183} INFO - Processing /opt/airflow/dags/sandbox.py took 0.062 seconds
[2026-02-15T17:00:16.456+0000] {processor.py:161} INFO - Started process (PID=947) to work on /opt/airflow/dags/sandbox.py
[2026-02-15T17:00:16.457+0000] {processor.py:830} INFO - Processing file /opt/airflow/dags/sandbox.py for tasks to queue
[2026-02-15T17:00:16.458+0000] {logging_mixin.py:188} INFO - [2026-02-15T17:00:16.458+0000] {dagbag.py:538} INFO - Filling up the DagBag from /opt/airflow/dags/sandbox.py
[2026-02-15T17:00:16.472+0000] {processor.py:840} INFO - DAG(s) 'sandbox_demo' retrieved from /opt/airflow/dags/sandbox.py
[2026-02-15T17:00:16.490+0000] {logging_mixin.py:188} INFO - [2026-02-15T17:00:16.490+0000] {dag.py:3036} INFO - Sync 1 DAGs
[2026-02-15T17:00:16.501+0000] {logging_mixin.py:188} INFO - [2026-02-15T17:00:16.501+0000] {dag.py:3823} INFO - Setting next_dagrun for sandbox_demo to 2026-02-15 02:00:00+00:00, run_after=2026-02-16 02:00:00+00:00
[2026-02-15T17:00:16.508+0000] {processor.py:183} INFO - Processing /opt/airflow/dags/sandbox.py took 0.055 seconds
