[2026-04-10T00:40:26.310+0000] {processor.py:161} INFO - Started process (PID=4521) to work on /opt/airflow/dags/airflow_lab2.py
[2026-04-10T00:40:26.312+0000] {processor.py:830} INFO - Processing file /opt/airflow/dags/airflow_lab2.py for tasks to queue
[2026-04-10T00:40:26.321+0000] {logging_mixin.py:188} INFO - [2026-04-10T00:40:26.320+0000] {dagbag.py:538} INFO - Filling up the DagBag from /opt/airflow/dags/airflow_lab2.py
[2026-04-10T00:40:27.295+0000] {processor.py:840} INFO - DAG(s) 'Airflow_Lab2' retrieved from /opt/airflow/dags/airflow_lab2.py
[2026-04-10T00:40:27.317+0000] {logging_mixin.py:188} INFO - [2026-04-10T00:40:27.317+0000] {dag.py:3036} INFO - Sync 1 DAGs
[2026-04-10T00:40:27.333+0000] {logging_mixin.py:188} INFO - [2026-04-10T00:40:27.333+0000] {dag.py:3823} INFO - Setting next_dagrun for Airflow_Lab2 to None, run_after=None
[2026-04-10T00:40:27.353+0000] {processor.py:183} INFO - Processing /opt/airflow/dags/airflow_lab2.py took 1.056 seconds
[2026-04-10T01:57:18.020+0000] {processor.py:161} INFO - Started process (PID=4552) to work on /opt/airflow/dags/airflow_lab2.py
[2026-04-10T01:57:18.025+0000] {processor.py:830} INFO - Processing file /opt/airflow/dags/airflow_lab2.py for tasks to queue
[2026-04-10T01:57:18.036+0000] {logging_mixin.py:188} INFO - [2026-04-10T01:57:18.035+0000] {dagbag.py:538} INFO - Filling up the DagBag from /opt/airflow/dags/airflow_lab2.py
[2026-04-10T01:57:19.014+0000] {processor.py:840} INFO - DAG(s) 'Airflow_Lab2' retrieved from /opt/airflow/dags/airflow_lab2.py
[2026-04-10T01:57:19.033+0000] {logging_mixin.py:188} INFO - [2026-04-10T01:57:19.033+0000] {dag.py:3036} INFO - Sync 1 DAGs
[2026-04-10T01:57:19.037+0000] {logging_mixin.py:188} INFO - [2026-04-10T01:57:19.037+0000] {dag.py:3823} INFO - Setting next_dagrun for Airflow_Lab2 to None, run_after=None
[2026-04-10T01:57:19.046+0000] {processor.py:183} INFO - Processing /opt/airflow/dags/airflow_lab2.py took 1.037 seconds
[2026-04-10T02:53:35.834+0000] {processor.py:161} INFO - Started process (PID=4583) to work on /opt/airflow/dags/airflow_lab2.py
[2026-04-10T02:53:35.838+0000] {processor.py:830} INFO - Processing file /opt/airflow/dags/airflow_lab2.py for tasks to queue
[2026-04-10T02:53:35.844+0000] {logging_mixin.py:188} INFO - [2026-04-10T02:53:35.844+0000] {dagbag.py:538} INFO - Filling up the DagBag from /opt/airflow/dags/airflow_lab2.py
[2026-04-10T02:53:36.621+0000] {processor.py:840} INFO - DAG(s) 'Airflow_Lab2' retrieved from /opt/airflow/dags/airflow_lab2.py
[2026-04-10T02:53:36.642+0000] {logging_mixin.py:188} INFO - [2026-04-10T02:53:36.642+0000] {dag.py:3036} INFO - Sync 1 DAGs
[2026-04-10T02:53:36.648+0000] {logging_mixin.py:188} INFO - [2026-04-10T02:53:36.648+0000] {dag.py:3823} INFO - Setting next_dagrun for Airflow_Lab2 to None, run_after=None
[2026-04-10T02:53:36.658+0000] {processor.py:183} INFO - Processing /opt/airflow/dags/airflow_lab2.py took 0.827 seconds
[2026-04-10T02:54:07.099+0000] {processor.py:161} INFO - Started process (PID=4616) to work on /opt/airflow/dags/airflow_lab2.py
[2026-04-10T02:54:07.101+0000] {processor.py:830} INFO - Processing file /opt/airflow/dags/airflow_lab2.py for tasks to queue
[2026-04-10T02:54:07.102+0000] {logging_mixin.py:188} INFO - [2026-04-10T02:54:07.102+0000] {dagbag.py:538} INFO - Filling up the DagBag from /opt/airflow/dags/airflow_lab2.py
[2026-04-10T02:54:07.684+0000] {processor.py:840} INFO - DAG(s) 'Airflow_Lab2' retrieved from /opt/airflow/dags/airflow_lab2.py
[2026-04-10T02:54:07.698+0000] {logging_mixin.py:188} INFO - [2026-04-10T02:54:07.698+0000] {dag.py:3036} INFO - Sync 1 DAGs
[2026-04-10T02:54:07.704+0000] {logging_mixin.py:188} INFO - [2026-04-10T02:54:07.704+0000] {dag.py:3823} INFO - Setting next_dagrun for Airflow_Lab2 to None, run_after=None
[2026-04-10T02:54:07.712+0000] {processor.py:183} INFO - Processing /opt/airflow/dags/airflow_lab2.py took 0.620 seconds
[2026-04-10T02:54:38.080+0000] {processor.py:161} INFO - Started process (PID=4647) to work on /opt/airflow/dags/airflow_lab2.py
[2026-04-10T02:54:38.081+0000] {processor.py:830} INFO - Processing file /opt/airflow/dags/airflow_lab2.py for tasks to queue
[2026-04-10T02:54:38.084+0000] {logging_mixin.py:188} INFO - [2026-04-10T02:54:38.084+0000] {dagbag.py:538} INFO - Filling up the DagBag from /opt/airflow/dags/airflow_lab2.py
[2026-04-10T02:54:38.561+0000] {processor.py:840} INFO - DAG(s) 'Airflow_Lab2' retrieved from /opt/airflow/dags/airflow_lab2.py
[2026-04-10T02:54:38.586+0000] {logging_mixin.py:188} INFO - [2026-04-10T02:54:38.585+0000] {dag.py:3036} INFO - Sync 1 DAGs
[2026-04-10T02:54:38.592+0000] {logging_mixin.py:188} INFO - [2026-04-10T02:54:38.592+0000] {dag.py:3823} INFO - Setting next_dagrun for Airflow_Lab2 to None, run_after=None
[2026-04-10T02:54:38.603+0000] {processor.py:183} INFO - Processing /opt/airflow/dags/airflow_lab2.py took 0.528 seconds
[2026-04-10T02:55:09.006+0000] {processor.py:161} INFO - Started process (PID=4678) to work on /opt/airflow/dags/airflow_lab2.py
[2026-04-10T02:55:09.008+0000] {processor.py:830} INFO - Processing file /opt/airflow/dags/airflow_lab2.py for tasks to queue
[2026-04-10T02:55:09.010+0000] {logging_mixin.py:188} INFO - [2026-04-10T02:55:09.010+0000] {dagbag.py:538} INFO - Filling up the DagBag from /opt/airflow/dags/airflow_lab2.py
[2026-04-10T02:55:09.583+0000] {processor.py:840} INFO - DAG(s) 'Airflow_Lab2' retrieved from /opt/airflow/dags/airflow_lab2.py
[2026-04-10T02:55:09.600+0000] {logging_mixin.py:188} INFO - [2026-04-10T02:55:09.600+0000] {dag.py:3036} INFO - Sync 1 DAGs
[2026-04-10T02:55:09.606+0000] {logging_mixin.py:188} INFO - [2026-04-10T02:55:09.606+0000] {dag.py:3823} INFO - Setting next_dagrun for Airflow_Lab2 to None, run_after=None
[2026-04-10T02:55:09.614+0000] {processor.py:183} INFO - Processing /opt/airflow/dags/airflow_lab2.py took 0.612 seconds
[2026-04-10T02:55:40.024+0000] {processor.py:161} INFO - Started process (PID=4709) to work on /opt/airflow/dags/airflow_lab2.py
[2026-04-10T02:55:40.027+0000] {processor.py:830} INFO - Processing file /opt/airflow/dags/airflow_lab2.py for tasks to queue
[2026-04-10T02:55:40.029+0000] {logging_mixin.py:188} INFO - [2026-04-10T02:55:40.028+0000] {dagbag.py:538} INFO - Filling up the DagBag from /opt/airflow/dags/airflow_lab2.py
[2026-04-10T02:55:40.508+0000] {processor.py:840} INFO - DAG(s) 'Airflow_Lab2' retrieved from /opt/airflow/dags/airflow_lab2.py
[2026-04-10T02:55:40.524+0000] {logging_mixin.py:188} INFO - [2026-04-10T02:55:40.524+0000] {dag.py:3036} INFO - Sync 1 DAGs
[2026-04-10T02:55:40.528+0000] {logging_mixin.py:188} INFO - [2026-04-10T02:55:40.528+0000] {dag.py:3823} INFO - Setting next_dagrun for Airflow_Lab2 to None, run_after=None
[2026-04-10T02:55:40.536+0000] {processor.py:183} INFO - Processing /opt/airflow/dags/airflow_lab2.py took 0.516 seconds
[2026-04-10T02:56:10.947+0000] {processor.py:161} INFO - Started process (PID=4740) to work on /opt/airflow/dags/airflow_lab2.py
[2026-04-10T02:56:10.948+0000] {processor.py:830} INFO - Processing file /opt/airflow/dags/airflow_lab2.py for tasks to queue
[2026-04-10T02:56:10.950+0000] {logging_mixin.py:188} INFO - [2026-04-10T02:56:10.950+0000] {dagbag.py:538} INFO - Filling up the DagBag from /opt/airflow/dags/airflow_lab2.py
[2026-04-10T02:56:11.451+0000] {processor.py:840} INFO - DAG(s) 'Airflow_Lab2' retrieved from /opt/airflow/dags/airflow_lab2.py
[2026-04-10T02:56:11.466+0000] {logging_mixin.py:188} INFO - [2026-04-10T02:56:11.466+0000] {dag.py:3036} INFO - Sync 1 DAGs
[2026-04-10T02:56:11.470+0000] {logging_mixin.py:188} INFO - [2026-04-10T02:56:11.470+0000] {dag.py:3823} INFO - Setting next_dagrun for Airflow_Lab2 to None, run_after=None
[2026-04-10T02:56:11.478+0000] {processor.py:183} INFO - Processing /opt/airflow/dags/airflow_lab2.py took 0.536 seconds
[2026-04-10T02:56:41.919+0000] {processor.py:161} INFO - Started process (PID=4771) to work on /opt/airflow/dags/airflow_lab2.py
[2026-04-10T02:56:41.920+0000] {processor.py:830} INFO - Processing file /opt/airflow/dags/airflow_lab2.py for tasks to queue
[2026-04-10T02:56:41.923+0000] {logging_mixin.py:188} INFO - [2026-04-10T02:56:41.923+0000] {dagbag.py:538} INFO - Filling up the DagBag from /opt/airflow/dags/airflow_lab2.py
[2026-04-10T02:56:42.521+0000] {processor.py:840} INFO - DAG(s) 'Airflow_Lab2' retrieved from /opt/airflow/dags/airflow_lab2.py
[2026-04-10T02:56:42.536+0000] {logging_mixin.py:188} INFO - [2026-04-10T02:56:42.536+0000] {dag.py:3036} INFO - Sync 1 DAGs
[2026-04-10T02:56:42.540+0000] {logging_mixin.py:188} INFO - [2026-04-10T02:56:42.540+0000] {dag.py:3823} INFO - Setting next_dagrun for Airflow_Lab2 to None, run_after=None
[2026-04-10T02:56:42.552+0000] {processor.py:183} INFO - Processing /opt/airflow/dags/airflow_lab2.py took 0.637 seconds
[2026-04-10T02:57:12.988+0000] {processor.py:161} INFO - Started process (PID=4802) to work on /opt/airflow/dags/airflow_lab2.py
[2026-04-10T02:57:12.989+0000] {processor.py:830} INFO - Processing file /opt/airflow/dags/airflow_lab2.py for tasks to queue
[2026-04-10T02:57:12.991+0000] {logging_mixin.py:188} INFO - [2026-04-10T02:57:12.991+0000] {dagbag.py:538} INFO - Filling up the DagBag from /opt/airflow/dags/airflow_lab2.py
[2026-04-10T02:57:13.515+0000] {processor.py:840} INFO - DAG(s) 'Airflow_Lab2' retrieved from /opt/airflow/dags/airflow_lab2.py
[2026-04-10T02:57:13.532+0000] {logging_mixin.py:188} INFO - [2026-04-10T02:57:13.532+0000] {dag.py:3036} INFO - Sync 1 DAGs
[2026-04-10T02:57:13.536+0000] {logging_mixin.py:188} INFO - [2026-04-10T02:57:13.536+0000] {dag.py:3823} INFO - Setting next_dagrun for Airflow_Lab2 to None, run_after=None
[2026-04-10T02:57:13.545+0000] {processor.py:183} INFO - Processing /opt/airflow/dags/airflow_lab2.py took 0.561 seconds
[2026-04-10T02:57:43.921+0000] {processor.py:161} INFO - Started process (PID=4833) to work on /opt/airflow/dags/airflow_lab2.py
[2026-04-10T02:57:43.923+0000] {processor.py:830} INFO - Processing file /opt/airflow/dags/airflow_lab2.py for tasks to queue
[2026-04-10T02:57:43.924+0000] {logging_mixin.py:188} INFO - [2026-04-10T02:57:43.924+0000] {dagbag.py:538} INFO - Filling up the DagBag from /opt/airflow/dags/airflow_lab2.py
[2026-04-10T02:57:44.453+0000] {processor.py:840} INFO - DAG(s) 'Airflow_Lab2' retrieved from /opt/airflow/dags/airflow_lab2.py
[2026-04-10T02:57:44.473+0000] {logging_mixin.py:188} INFO - [2026-04-10T02:57:44.473+0000] {dag.py:3036} INFO - Sync 1 DAGs
[2026-04-10T02:57:44.478+0000] {logging_mixin.py:188} INFO - [2026-04-10T02:57:44.478+0000] {dag.py:3823} INFO - Setting next_dagrun for Airflow_Lab2 to None, run_after=None
[2026-04-10T02:57:44.485+0000] {processor.py:183} INFO - Processing /opt/airflow/dags/airflow_lab2.py took 0.568 seconds
[2026-04-10T02:58:14.883+0000] {processor.py:161} INFO - Started process (PID=4864) to work on /opt/airflow/dags/airflow_lab2.py
[2026-04-10T02:58:14.884+0000] {processor.py:830} INFO - Processing file /opt/airflow/dags/airflow_lab2.py for tasks to queue
[2026-04-10T02:58:14.887+0000] {logging_mixin.py:188} INFO - [2026-04-10T02:58:14.887+0000] {dagbag.py:538} INFO - Filling up the DagBag from /opt/airflow/dags/airflow_lab2.py
[2026-04-10T02:58:15.448+0000] {processor.py:840} INFO - DAG(s) 'Airflow_Lab2' retrieved from /opt/airflow/dags/airflow_lab2.py
[2026-04-10T02:58:15.463+0000] {logging_mixin.py:188} INFO - [2026-04-10T02:58:15.463+0000] {dag.py:3036} INFO - Sync 1 DAGs
[2026-04-10T02:58:15.468+0000] {logging_mixin.py:188} INFO - [2026-04-10T02:58:15.468+0000] {dag.py:3823} INFO - Setting next_dagrun for Airflow_Lab2 to None, run_after=None
[2026-04-10T02:58:15.478+0000] {processor.py:183} INFO - Processing /opt/airflow/dags/airflow_lab2.py took 0.599 seconds
[2026-04-10T02:58:45.941+0000] {processor.py:161} INFO - Started process (PID=4895) to work on /opt/airflow/dags/airflow_lab2.py
[2026-04-10T02:58:45.943+0000] {processor.py:830} INFO - Processing file /opt/airflow/dags/airflow_lab2.py for tasks to queue
[2026-04-10T02:58:45.944+0000] {logging_mixin.py:188} INFO - [2026-04-10T02:58:45.944+0000] {dagbag.py:538} INFO - Filling up the DagBag from /opt/airflow/dags/airflow_lab2.py
[2026-04-10T02:58:46.473+0000] {processor.py:840} INFO - DAG(s) 'Airflow_Lab2' retrieved from /opt/airflow/dags/airflow_lab2.py
[2026-04-10T02:58:46.484+0000] {logging_mixin.py:188} INFO - [2026-04-10T02:58:46.484+0000] {dag.py:3036} INFO - Sync 1 DAGs
[2026-04-10T02:58:46.488+0000] {logging_mixin.py:188} INFO - [2026-04-10T02:58:46.488+0000] {dag.py:3823} INFO - Setting next_dagrun for Airflow_Lab2 to None, run_after=None
[2026-04-10T02:58:46.495+0000] {processor.py:183} INFO - Processing /opt/airflow/dags/airflow_lab2.py took 0.560 seconds
[2026-04-10T02:59:16.977+0000] {processor.py:161} INFO - Started process (PID=4926) to work on /opt/airflow/dags/airflow_lab2.py
[2026-04-10T02:59:16.980+0000] {processor.py:830} INFO - Processing file /opt/airflow/dags/airflow_lab2.py for tasks to queue
[2026-04-10T02:59:16.982+0000] {logging_mixin.py:188} INFO - [2026-04-10T02:59:16.982+0000] {dagbag.py:538} INFO - Filling up the DagBag from /opt/airflow/dags/airflow_lab2.py
[2026-04-10T02:59:17.537+0000] {processor.py:840} INFO - DAG(s) 'Airflow_Lab2' retrieved from /opt/airflow/dags/airflow_lab2.py
[2026-04-10T02:59:17.550+0000] {logging_mixin.py:188} INFO - [2026-04-10T02:59:17.550+0000] {dag.py:3036} INFO - Sync 1 DAGs
[2026-04-10T02:59:17.555+0000] {logging_mixin.py:188} INFO - [2026-04-10T02:59:17.555+0000] {dag.py:3823} INFO - Setting next_dagrun for Airflow_Lab2 to None, run_after=None
[2026-04-10T02:59:17.563+0000] {processor.py:183} INFO - Processing /opt/airflow/dags/airflow_lab2.py took 0.593 seconds
[2026-04-10T02:59:47.954+0000] {processor.py:161} INFO - Started process (PID=4957) to work on /opt/airflow/dags/airflow_lab2.py
[2026-04-10T02:59:47.955+0000] {processor.py:830} INFO - Processing file /opt/airflow/dags/airflow_lab2.py for tasks to queue
[2026-04-10T02:59:47.957+0000] {logging_mixin.py:188} INFO - [2026-04-10T02:59:47.957+0000] {dagbag.py:538} INFO - Filling up the DagBag from /opt/airflow/dags/airflow_lab2.py
[2026-04-10T02:59:48.489+0000] {processor.py:840} INFO - DAG(s) 'Airflow_Lab2' retrieved from /opt/airflow/dags/airflow_lab2.py
[2026-04-10T02:59:48.504+0000] {logging_mixin.py:188} INFO - [2026-04-10T02:59:48.504+0000] {dag.py:3036} INFO - Sync 1 DAGs
[2026-04-10T02:59:48.509+0000] {logging_mixin.py:188} INFO - [2026-04-10T02:59:48.509+0000] {dag.py:3823} INFO - Setting next_dagrun for Airflow_Lab2 to None, run_after=None
[2026-04-10T02:59:48.518+0000] {processor.py:183} INFO - Processing /opt/airflow/dags/airflow_lab2.py took 0.568 seconds
[2026-04-10T03:00:18.867+0000] {processor.py:161} INFO - Started process (PID=4988) to work on /opt/airflow/dags/airflow_lab2.py
[2026-04-10T03:00:18.868+0000] {processor.py:830} INFO - Processing file /opt/airflow/dags/airflow_lab2.py for tasks to queue
[2026-04-10T03:00:18.870+0000] {logging_mixin.py:188} INFO - [2026-04-10T03:00:18.869+0000] {dagbag.py:538} INFO - Filling up the DagBag from /opt/airflow/dags/airflow_lab2.py
[2026-04-10T03:00:19.312+0000] {processor.py:840} INFO - DAG(s) 'Airflow_Lab2' retrieved from /opt/airflow/dags/airflow_lab2.py
[2026-04-10T03:00:19.329+0000] {logging_mixin.py:188} INFO - [2026-04-10T03:00:19.329+0000] {dag.py:3036} INFO - Sync 1 DAGs
[2026-04-10T03:00:19.334+0000] {logging_mixin.py:188} INFO - [2026-04-10T03:00:19.333+0000] {dag.py:3823} INFO - Setting next_dagrun for Airflow_Lab2 to None, run_after=None
[2026-04-10T03:00:19.341+0000] {processor.py:183} INFO - Processing /opt/airflow/dags/airflow_lab2.py took 0.479 seconds
[2026-04-10T03:00:49.785+0000] {processor.py:161} INFO - Started process (PID=5019) to work on /opt/airflow/dags/airflow_lab2.py
[2026-04-10T03:00:49.788+0000] {processor.py:830} INFO - Processing file /opt/airflow/dags/airflow_lab2.py for tasks to queue
[2026-04-10T03:00:49.796+0000] {logging_mixin.py:188} INFO - [2026-04-10T03:00:49.796+0000] {dagbag.py:538} INFO - Filling up the DagBag from /opt/airflow/dags/airflow_lab2.py
[2026-04-10T03:00:50.281+0000] {processor.py:840} INFO - DAG(s) 'Airflow_Lab2' retrieved from /opt/airflow/dags/airflow_lab2.py
[2026-04-10T03:00:50.295+0000] {logging_mixin.py:188} INFO - [2026-04-10T03:00:50.295+0000] {dag.py:3036} INFO - Sync 1 DAGs
[2026-04-10T03:00:50.300+0000] {logging_mixin.py:188} INFO - [2026-04-10T03:00:50.300+0000] {dag.py:3823} INFO - Setting next_dagrun for Airflow_Lab2 to None, run_after=None
[2026-04-10T03:00:50.307+0000] {processor.py:183} INFO - Processing /opt/airflow/dags/airflow_lab2.py took 0.529 seconds
[2026-04-10T03:01:20.697+0000] {processor.py:161} INFO - Started process (PID=5050) to work on /opt/airflow/dags/airflow_lab2.py
[2026-04-10T03:01:20.699+0000] {processor.py:830} INFO - Processing file /opt/airflow/dags/airflow_lab2.py for tasks to queue
[2026-04-10T03:01:20.702+0000] {logging_mixin.py:188} INFO - [2026-04-10T03:01:20.701+0000] {dagbag.py:538} INFO - Filling up the DagBag from /opt/airflow/dags/airflow_lab2.py
[2026-04-10T03:01:21.118+0000] {processor.py:840} INFO - DAG(s) 'Airflow_Lab2' retrieved from /opt/airflow/dags/airflow_lab2.py
[2026-04-10T03:01:21.130+0000] {logging_mixin.py:188} INFO - [2026-04-10T03:01:21.130+0000] {dag.py:3036} INFO - Sync 1 DAGs
[2026-04-10T03:01:21.134+0000] {logging_mixin.py:188} INFO - [2026-04-10T03:01:21.134+0000] {dag.py:3823} INFO - Setting next_dagrun for Airflow_Lab2 to None, run_after=None
[2026-04-10T03:01:21.141+0000] {processor.py:183} INFO - Processing /opt/airflow/dags/airflow_lab2.py took 0.449 seconds
[2026-04-10T03:01:51.591+0000] {processor.py:161} INFO - Started process (PID=5081) to work on /opt/airflow/dags/airflow_lab2.py
[2026-04-10T03:01:51.593+0000] {processor.py:830} INFO - Processing file /opt/airflow/dags/airflow_lab2.py for tasks to queue
[2026-04-10T03:01:51.595+0000] {logging_mixin.py:188} INFO - [2026-04-10T03:01:51.595+0000] {dagbag.py:538} INFO - Filling up the DagBag from /opt/airflow/dags/airflow_lab2.py
[2026-04-10T03:01:52.147+0000] {processor.py:840} INFO - DAG(s) 'Airflow_Lab2' retrieved from /opt/airflow/dags/airflow_lab2.py
[2026-04-10T03:01:52.160+0000] {logging_mixin.py:188} INFO - [2026-04-10T03:01:52.160+0000] {dag.py:3036} INFO - Sync 1 DAGs
[2026-04-10T03:01:52.165+0000] {logging_mixin.py:188} INFO - [2026-04-10T03:01:52.165+0000] {dag.py:3823} INFO - Setting next_dagrun for Airflow_Lab2 to None, run_after=None
[2026-04-10T03:01:52.175+0000] {processor.py:183} INFO - Processing /opt/airflow/dags/airflow_lab2.py took 0.589 seconds
[2026-04-10T03:02:22.588+0000] {processor.py:161} INFO - Started process (PID=5112) to work on /opt/airflow/dags/airflow_lab2.py
[2026-04-10T03:02:22.590+0000] {processor.py:830} INFO - Processing file /opt/airflow/dags/airflow_lab2.py for tasks to queue
[2026-04-10T03:02:22.591+0000] {logging_mixin.py:188} INFO - [2026-04-10T03:02:22.591+0000] {dagbag.py:538} INFO - Filling up the DagBag from /opt/airflow/dags/airflow_lab2.py
[2026-04-10T03:02:23.095+0000] {processor.py:840} INFO - DAG(s) 'Airflow_Lab2' retrieved from /opt/airflow/dags/airflow_lab2.py
[2026-04-10T03:02:23.109+0000] {logging_mixin.py:188} INFO - [2026-04-10T03:02:23.109+0000] {dag.py:3036} INFO - Sync 1 DAGs
[2026-04-10T03:02:23.114+0000] {logging_mixin.py:188} INFO - [2026-04-10T03:02:23.114+0000] {dag.py:3823} INFO - Setting next_dagrun for Airflow_Lab2 to None, run_after=None
[2026-04-10T03:02:23.121+0000] {processor.py:183} INFO - Processing /opt/airflow/dags/airflow_lab2.py took 0.538 seconds
[2026-04-10T03:02:53.498+0000] {processor.py:161} INFO - Started process (PID=5143) to work on /opt/airflow/dags/airflow_lab2.py
[2026-04-10T03:02:53.501+0000] {processor.py:830} INFO - Processing file /opt/airflow/dags/airflow_lab2.py for tasks to queue
[2026-04-10T03:02:53.503+0000] {logging_mixin.py:188} INFO - [2026-04-10T03:02:53.503+0000] {dagbag.py:538} INFO - Filling up the DagBag from /opt/airflow/dags/airflow_lab2.py
[2026-04-10T03:02:54.065+0000] {processor.py:840} INFO - DAG(s) 'Airflow_Lab2' retrieved from /opt/airflow/dags/airflow_lab2.py
[2026-04-10T03:02:54.079+0000] {logging_mixin.py:188} INFO - [2026-04-10T03:02:54.078+0000] {dag.py:3036} INFO - Sync 1 DAGs
[2026-04-10T03:02:54.084+0000] {logging_mixin.py:188} INFO - [2026-04-10T03:02:54.084+0000] {dag.py:3823} INFO - Setting next_dagrun for Airflow_Lab2 to None, run_after=None
[2026-04-10T03:02:54.093+0000] {processor.py:183} INFO - Processing /opt/airflow/dags/airflow_lab2.py took 0.599 seconds
[2026-04-10T03:03:24.698+0000] {processor.py:161} INFO - Started process (PID=5174) to work on /opt/airflow/dags/airflow_lab2.py
[2026-04-10T03:03:24.700+0000] {processor.py:830} INFO - Processing file /opt/airflow/dags/airflow_lab2.py for tasks to queue
[2026-04-10T03:03:24.702+0000] {logging_mixin.py:188} INFO - [2026-04-10T03:03:24.702+0000] {dagbag.py:538} INFO - Filling up the DagBag from /opt/airflow/dags/airflow_lab2.py
[2026-04-10T03:03:25.381+0000] {processor.py:840} INFO - DAG(s) 'Airflow_Lab2' retrieved from /opt/airflow/dags/airflow_lab2.py
[2026-04-10T03:03:25.401+0000] {logging_mixin.py:188} INFO - [2026-04-10T03:03:25.401+0000] {dag.py:3036} INFO - Sync 1 DAGs
[2026-04-10T03:03:25.405+0000] {logging_mixin.py:188} INFO - [2026-04-10T03:03:25.405+0000] {dag.py:3823} INFO - Setting next_dagrun for Airflow_Lab2 to None, run_after=None
[2026-04-10T03:03:25.412+0000] {processor.py:183} INFO - Processing /opt/airflow/dags/airflow_lab2.py took 0.721 seconds
[2026-04-10T03:03:55.882+0000] {processor.py:161} INFO - Started process (PID=5205) to work on /opt/airflow/dags/airflow_lab2.py
[2026-04-10T03:03:55.886+0000] {processor.py:830} INFO - Processing file /opt/airflow/dags/airflow_lab2.py for tasks to queue
[2026-04-10T03:03:55.889+0000] {logging_mixin.py:188} INFO - [2026-04-10T03:03:55.889+0000] {dagbag.py:538} INFO - Filling up the DagBag from /opt/airflow/dags/airflow_lab2.py
[2026-04-10T03:03:56.421+0000] {processor.py:840} INFO - DAG(s) 'Airflow_Lab2' retrieved from /opt/airflow/dags/airflow_lab2.py
[2026-04-10T03:03:56.435+0000] {logging_mixin.py:188} INFO - [2026-04-10T03:03:56.435+0000] {dag.py:3036} INFO - Sync 1 DAGs
[2026-04-10T03:03:56.440+0000] {logging_mixin.py:188} INFO - [2026-04-10T03:03:56.439+0000] {dag.py:3823} INFO - Setting next_dagrun for Airflow_Lab2 to None, run_after=None
[2026-04-10T03:03:56.447+0000] {processor.py:183} INFO - Processing /opt/airflow/dags/airflow_lab2.py took 0.570 seconds
[2026-04-10T03:04:26.847+0000] {processor.py:161} INFO - Started process (PID=5241) to work on /opt/airflow/dags/airflow_lab2.py
[2026-04-10T03:04:26.849+0000] {processor.py:830} INFO - Processing file /opt/airflow/dags/airflow_lab2.py for tasks to queue
[2026-04-10T03:04:26.850+0000] {logging_mixin.py:188} INFO - [2026-04-10T03:04:26.849+0000] {dagbag.py:538} INFO - Filling up the DagBag from /opt/airflow/dags/airflow_lab2.py
[2026-04-10T03:04:27.366+0000] {processor.py:840} INFO - DAG(s) 'Airflow_Lab2' retrieved from /opt/airflow/dags/airflow_lab2.py
[2026-04-10T03:04:27.389+0000] {logging_mixin.py:188} INFO - [2026-04-10T03:04:27.388+0000] {dag.py:3036} INFO - Sync 1 DAGs
[2026-04-10T03:04:27.398+0000] {logging_mixin.py:188} INFO - [2026-04-10T03:04:27.398+0000] {dag.py:3823} INFO - Setting next_dagrun for Airflow_Lab2 to None, run_after=None
[2026-04-10T03:04:27.414+0000] {processor.py:183} INFO - Processing /opt/airflow/dags/airflow_lab2.py took 0.572 seconds
[2026-04-10T03:04:57.815+0000] {processor.py:161} INFO - Started process (PID=5272) to work on /opt/airflow/dags/airflow_lab2.py
[2026-04-10T03:04:57.816+0000] {processor.py:830} INFO - Processing file /opt/airflow/dags/airflow_lab2.py for tasks to queue
[2026-04-10T03:04:57.818+0000] {logging_mixin.py:188} INFO - [2026-04-10T03:04:57.817+0000] {dagbag.py:538} INFO - Filling up the DagBag from /opt/airflow/dags/airflow_lab2.py
[2026-04-10T03:04:58.252+0000] {processor.py:840} INFO - DAG(s) 'Airflow_Lab2' retrieved from /opt/airflow/dags/airflow_lab2.py
[2026-04-10T03:04:58.266+0000] {logging_mixin.py:188} INFO - [2026-04-10T03:04:58.265+0000] {dag.py:3036} INFO - Sync 1 DAGs
[2026-04-10T03:04:58.270+0000] {logging_mixin.py:188} INFO - [2026-04-10T03:04:58.270+0000] {dag.py:3823} INFO - Setting next_dagrun for Airflow_Lab2 to None, run_after=None
[2026-04-10T03:04:58.278+0000] {processor.py:183} INFO - Processing /opt/airflow/dags/airflow_lab2.py took 0.467 seconds
[2026-04-10T03:05:28.709+0000] {processor.py:161} INFO - Started process (PID=5303) to work on /opt/airflow/dags/airflow_lab2.py
[2026-04-10T03:05:28.711+0000] {processor.py:830} INFO - Processing file /opt/airflow/dags/airflow_lab2.py for tasks to queue
[2026-04-10T03:05:28.713+0000] {logging_mixin.py:188} INFO - [2026-04-10T03:05:28.712+0000] {dagbag.py:538} INFO - Filling up the DagBag from /opt/airflow/dags/airflow_lab2.py
[2026-04-10T03:05:29.272+0000] {processor.py:840} INFO - DAG(s) 'Airflow_Lab2' retrieved from /opt/airflow/dags/airflow_lab2.py
[2026-04-10T03:05:29.287+0000] {logging_mixin.py:188} INFO - [2026-04-10T03:05:29.287+0000] {dag.py:3036} INFO - Sync 1 DAGs
[2026-04-10T03:05:29.291+0000] {logging_mixin.py:188} INFO - [2026-04-10T03:05:29.291+0000] {dag.py:3823} INFO - Setting next_dagrun for Airflow_Lab2 to None, run_after=None
[2026-04-10T03:05:29.298+0000] {processor.py:183} INFO - Processing /opt/airflow/dags/airflow_lab2.py took 0.593 seconds
[2026-04-10T03:05:59.717+0000] {processor.py:161} INFO - Started process (PID=5334) to work on /opt/airflow/dags/airflow_lab2.py
[2026-04-10T03:05:59.718+0000] {processor.py:830} INFO - Processing file /opt/airflow/dags/airflow_lab2.py for tasks to queue
[2026-04-10T03:05:59.720+0000] {logging_mixin.py:188} INFO - [2026-04-10T03:05:59.719+0000] {dagbag.py:538} INFO - Filling up the DagBag from /opt/airflow/dags/airflow_lab2.py
[2026-04-10T03:06:00.231+0000] {processor.py:840} INFO - DAG(s) 'Airflow_Lab2' retrieved from /opt/airflow/dags/airflow_lab2.py
[2026-04-10T03:06:00.244+0000] {logging_mixin.py:188} INFO - [2026-04-10T03:06:00.244+0000] {dag.py:3036} INFO - Sync 1 DAGs
[2026-04-10T03:06:00.248+0000] {logging_mixin.py:188} INFO - [2026-04-10T03:06:00.248+0000] {dag.py:3823} INFO - Setting next_dagrun for Airflow_Lab2 to None, run_after=None
[2026-04-10T03:06:00.257+0000] {processor.py:183} INFO - Processing /opt/airflow/dags/airflow_lab2.py took 0.545 seconds
[2026-04-10T03:06:30.680+0000] {processor.py:161} INFO - Started process (PID=5365) to work on /opt/airflow/dags/airflow_lab2.py
[2026-04-10T03:06:30.681+0000] {processor.py:830} INFO - Processing file /opt/airflow/dags/airflow_lab2.py for tasks to queue
[2026-04-10T03:06:30.683+0000] {logging_mixin.py:188} INFO - [2026-04-10T03:06:30.683+0000] {dagbag.py:538} INFO - Filling up the DagBag from /opt/airflow/dags/airflow_lab2.py
[2026-04-10T03:06:31.182+0000] {processor.py:840} INFO - DAG(s) 'Airflow_Lab2' retrieved from /opt/airflow/dags/airflow_lab2.py
[2026-04-10T03:06:31.193+0000] {logging_mixin.py:188} INFO - [2026-04-10T03:06:31.192+0000] {dag.py:3036} INFO - Sync 1 DAGs
[2026-04-10T03:06:31.196+0000] {logging_mixin.py:188} INFO - [2026-04-10T03:06:31.196+0000] {dag.py:3823} INFO - Setting next_dagrun for Airflow_Lab2 to None, run_after=None
[2026-04-10T03:06:31.204+0000] {processor.py:183} INFO - Processing /opt/airflow/dags/airflow_lab2.py took 0.529 seconds
[2026-04-10T03:07:01.601+0000] {processor.py:161} INFO - Started process (PID=5396) to work on /opt/airflow/dags/airflow_lab2.py
[2026-04-10T03:07:01.603+0000] {processor.py:830} INFO - Processing file /opt/airflow/dags/airflow_lab2.py for tasks to queue
[2026-04-10T03:07:01.605+0000] {logging_mixin.py:188} INFO - [2026-04-10T03:07:01.605+0000] {dagbag.py:538} INFO - Filling up the DagBag from /opt/airflow/dags/airflow_lab2.py
[2026-04-10T03:07:02.185+0000] {processor.py:840} INFO - DAG(s) 'Airflow_Lab2' retrieved from /opt/airflow/dags/airflow_lab2.py
[2026-04-10T03:07:02.202+0000] {logging_mixin.py:188} INFO - [2026-04-10T03:07:02.202+0000] {dag.py:3036} INFO - Sync 1 DAGs
[2026-04-10T03:07:02.207+0000] {logging_mixin.py:188} INFO - [2026-04-10T03:07:02.206+0000] {dag.py:3823} INFO - Setting next_dagrun for Airflow_Lab2 to None, run_after=None
[2026-04-10T03:07:02.216+0000] {processor.py:183} INFO - Processing /opt/airflow/dags/airflow_lab2.py took 0.620 seconds
[2026-04-10T03:07:32.645+0000] {processor.py:161} INFO - Started process (PID=5427) to work on /opt/airflow/dags/airflow_lab2.py
[2026-04-10T03:07:32.647+0000] {processor.py:830} INFO - Processing file /opt/airflow/dags/airflow_lab2.py for tasks to queue
[2026-04-10T03:07:32.650+0000] {logging_mixin.py:188} INFO - [2026-04-10T03:07:32.650+0000] {dagbag.py:538} INFO - Filling up the DagBag from /opt/airflow/dags/airflow_lab2.py
[2026-04-10T03:07:33.255+0000] {processor.py:840} INFO - DAG(s) 'Airflow_Lab2' retrieved from /opt/airflow/dags/airflow_lab2.py
[2026-04-10T03:07:33.268+0000] {logging_mixin.py:188} INFO - [2026-04-10T03:07:33.268+0000] {dag.py:3036} INFO - Sync 1 DAGs
[2026-04-10T03:07:33.273+0000] {logging_mixin.py:188} INFO - [2026-04-10T03:07:33.273+0000] {dag.py:3823} INFO - Setting next_dagrun for Airflow_Lab2 to None, run_after=None
[2026-04-10T03:07:33.280+0000] {processor.py:183} INFO - Processing /opt/airflow/dags/airflow_lab2.py took 0.641 seconds
[2026-04-10T03:08:03.672+0000] {processor.py:161} INFO - Started process (PID=5459) to work on /opt/airflow/dags/airflow_lab2.py
[2026-04-10T03:08:03.673+0000] {processor.py:830} INFO - Processing file /opt/airflow/dags/airflow_lab2.py for tasks to queue
[2026-04-10T03:08:03.676+0000] {logging_mixin.py:188} INFO - [2026-04-10T03:08:03.676+0000] {dagbag.py:538} INFO - Filling up the DagBag from /opt/airflow/dags/airflow_lab2.py
[2026-04-10T03:08:04.213+0000] {processor.py:840} INFO - DAG(s) 'Airflow_Lab2' retrieved from /opt/airflow/dags/airflow_lab2.py
[2026-04-10T03:08:04.225+0000] {logging_mixin.py:188} INFO - [2026-04-10T03:08:04.225+0000] {dag.py:3036} INFO - Sync 1 DAGs
[2026-04-10T03:08:04.229+0000] {logging_mixin.py:188} INFO - [2026-04-10T03:08:04.229+0000] {dag.py:3823} INFO - Setting next_dagrun for Airflow_Lab2 to None, run_after=None
[2026-04-10T03:08:04.237+0000] {processor.py:183} INFO - Processing /opt/airflow/dags/airflow_lab2.py took 0.569 seconds
[2026-04-10T03:08:34.636+0000] {processor.py:161} INFO - Started process (PID=5490) to work on /opt/airflow/dags/airflow_lab2.py
[2026-04-10T03:08:34.638+0000] {processor.py:830} INFO - Processing file /opt/airflow/dags/airflow_lab2.py for tasks to queue
[2026-04-10T03:08:34.640+0000] {logging_mixin.py:188} INFO - [2026-04-10T03:08:34.640+0000] {dagbag.py:538} INFO - Filling up the DagBag from /opt/airflow/dags/airflow_lab2.py
[2026-04-10T03:08:35.076+0000] {processor.py:840} INFO - DAG(s) 'Airflow_Lab2' retrieved from /opt/airflow/dags/airflow_lab2.py
[2026-04-10T03:08:35.087+0000] {logging_mixin.py:188} INFO - [2026-04-10T03:08:35.087+0000] {dag.py:3036} INFO - Sync 1 DAGs
[2026-04-10T03:08:35.091+0000] {logging_mixin.py:188} INFO - [2026-04-10T03:08:35.090+0000] {dag.py:3823} INFO - Setting next_dagrun for Airflow_Lab2 to None, run_after=None
[2026-04-10T03:08:35.096+0000] {processor.py:183} INFO - Processing /opt/airflow/dags/airflow_lab2.py took 0.465 seconds
[2026-04-10T03:09:05.521+0000] {processor.py:161} INFO - Started process (PID=5521) to work on /opt/airflow/dags/airflow_lab2.py
[2026-04-10T03:09:05.523+0000] {processor.py:830} INFO - Processing file /opt/airflow/dags/airflow_lab2.py for tasks to queue
[2026-04-10T03:09:05.525+0000] {logging_mixin.py:188} INFO - [2026-04-10T03:09:05.524+0000] {dagbag.py:538} INFO - Filling up the DagBag from /opt/airflow/dags/airflow_lab2.py
[2026-04-10T03:09:06.023+0000] {processor.py:840} INFO - DAG(s) 'Airflow_Lab2' retrieved from /opt/airflow/dags/airflow_lab2.py
[2026-04-10T03:09:06.038+0000] {logging_mixin.py:188} INFO - [2026-04-10T03:09:06.038+0000] {dag.py:3036} INFO - Sync 1 DAGs
[2026-04-10T03:09:06.042+0000] {logging_mixin.py:188} INFO - [2026-04-10T03:09:06.042+0000] {dag.py:3823} INFO - Setting next_dagrun for Airflow_Lab2 to None, run_after=None
[2026-04-10T03:09:06.051+0000] {processor.py:183} INFO - Processing /opt/airflow/dags/airflow_lab2.py took 0.534 seconds
[2026-04-10T03:09:36.445+0000] {processor.py:161} INFO - Started process (PID=5552) to work on /opt/airflow/dags/airflow_lab2.py
[2026-04-10T03:09:36.448+0000] {processor.py:830} INFO - Processing file /opt/airflow/dags/airflow_lab2.py for tasks to queue
[2026-04-10T03:09:36.451+0000] {logging_mixin.py:188} INFO - [2026-04-10T03:09:36.451+0000] {dagbag.py:538} INFO - Filling up the DagBag from /opt/airflow/dags/airflow_lab2.py
[2026-04-10T03:09:36.906+0000] {processor.py:840} INFO - DAG(s) 'Airflow_Lab2' retrieved from /opt/airflow/dags/airflow_lab2.py
[2026-04-10T03:09:36.922+0000] {logging_mixin.py:188} INFO - [2026-04-10T03:09:36.922+0000] {dag.py:3036} INFO - Sync 1 DAGs
[2026-04-10T03:09:36.927+0000] {logging_mixin.py:188} INFO - [2026-04-10T03:09:36.927+0000] {dag.py:3823} INFO - Setting next_dagrun for Airflow_Lab2 to None, run_after=None
[2026-04-10T03:09:36.935+0000] {processor.py:183} INFO - Processing /opt/airflow/dags/airflow_lab2.py took 0.498 seconds
[2026-04-10T03:10:07.413+0000] {processor.py:161} INFO - Started process (PID=5583) to work on /opt/airflow/dags/airflow_lab2.py
[2026-04-10T03:10:07.415+0000] {processor.py:830} INFO - Processing file /opt/airflow/dags/airflow_lab2.py for tasks to queue
[2026-04-10T03:10:07.417+0000] {logging_mixin.py:188} INFO - [2026-04-10T03:10:07.417+0000] {dagbag.py:538} INFO - Filling up the DagBag from /opt/airflow/dags/airflow_lab2.py
[2026-04-10T03:10:07.940+0000] {processor.py:840} INFO - DAG(s) 'Airflow_Lab2' retrieved from /opt/airflow/dags/airflow_lab2.py
[2026-04-10T03:10:07.961+0000] {logging_mixin.py:188} INFO - [2026-04-10T03:10:07.961+0000] {dag.py:3036} INFO - Sync 1 DAGs
[2026-04-10T03:10:07.967+0000] {logging_mixin.py:188} INFO - [2026-04-10T03:10:07.967+0000] {dag.py:3823} INFO - Setting next_dagrun for Airflow_Lab2 to None, run_after=None
[2026-04-10T03:10:07.974+0000] {processor.py:183} INFO - Processing /opt/airflow/dags/airflow_lab2.py took 0.565 seconds
[2026-04-10T03:10:38.346+0000] {processor.py:161} INFO - Started process (PID=5614) to work on /opt/airflow/dags/airflow_lab2.py
[2026-04-10T03:10:38.349+0000] {processor.py:830} INFO - Processing file /opt/airflow/dags/airflow_lab2.py for tasks to queue
[2026-04-10T03:10:38.352+0000] {logging_mixin.py:188} INFO - [2026-04-10T03:10:38.351+0000] {dagbag.py:538} INFO - Filling up the DagBag from /opt/airflow/dags/airflow_lab2.py
[2026-04-10T03:10:38.816+0000] {processor.py:840} INFO - DAG(s) 'Airflow_Lab2' retrieved from /opt/airflow/dags/airflow_lab2.py
[2026-04-10T03:10:38.831+0000] {logging_mixin.py:188} INFO - [2026-04-10T03:10:38.831+0000] {dag.py:3036} INFO - Sync 1 DAGs
[2026-04-10T03:10:38.835+0000] {logging_mixin.py:188} INFO - [2026-04-10T03:10:38.835+0000] {dag.py:3823} INFO - Setting next_dagrun for Airflow_Lab2 to None, run_after=None
[2026-04-10T03:10:38.843+0000] {processor.py:183} INFO - Processing /opt/airflow/dags/airflow_lab2.py took 0.505 seconds
[2026-04-10T03:11:09.220+0000] {processor.py:161} INFO - Started process (PID=5645) to work on /opt/airflow/dags/airflow_lab2.py
[2026-04-10T03:11:09.222+0000] {processor.py:830} INFO - Processing file /opt/airflow/dags/airflow_lab2.py for tasks to queue
[2026-04-10T03:11:09.224+0000] {logging_mixin.py:188} INFO - [2026-04-10T03:11:09.224+0000] {dagbag.py:538} INFO - Filling up the DagBag from /opt/airflow/dags/airflow_lab2.py
[2026-04-10T03:11:09.662+0000] {processor.py:840} INFO - DAG(s) 'Airflow_Lab2' retrieved from /opt/airflow/dags/airflow_lab2.py
[2026-04-10T03:11:09.674+0000] {logging_mixin.py:188} INFO - [2026-04-10T03:11:09.674+0000] {dag.py:3036} INFO - Sync 1 DAGs
[2026-04-10T03:11:09.678+0000] {logging_mixin.py:188} INFO - [2026-04-10T03:11:09.678+0000] {dag.py:3823} INFO - Setting next_dagrun for Airflow_Lab2 to None, run_after=None
[2026-04-10T03:11:09.686+0000] {processor.py:183} INFO - Processing /opt/airflow/dags/airflow_lab2.py took 0.471 seconds
[2026-04-10T03:11:40.109+0000] {processor.py:161} INFO - Started process (PID=5676) to work on /opt/airflow/dags/airflow_lab2.py
[2026-04-10T03:11:40.114+0000] {processor.py:830} INFO - Processing file /opt/airflow/dags/airflow_lab2.py for tasks to queue
[2026-04-10T03:11:40.117+0000] {logging_mixin.py:188} INFO - [2026-04-10T03:11:40.117+0000] {dagbag.py:538} INFO - Filling up the DagBag from /opt/airflow/dags/airflow_lab2.py
[2026-04-10T03:11:40.667+0000] {processor.py:840} INFO - DAG(s) 'Airflow_Lab2' retrieved from /opt/airflow/dags/airflow_lab2.py
[2026-04-10T03:11:40.682+0000] {logging_mixin.py:188} INFO - [2026-04-10T03:11:40.682+0000] {dag.py:3036} INFO - Sync 1 DAGs
[2026-04-10T03:11:40.686+0000] {logging_mixin.py:188} INFO - [2026-04-10T03:11:40.686+0000] {dag.py:3823} INFO - Setting next_dagrun for Airflow_Lab2 to None, run_after=None
[2026-04-10T03:11:40.693+0000] {processor.py:183} INFO - Processing /opt/airflow/dags/airflow_lab2.py took 0.595 seconds
[2026-04-10T03:12:11.131+0000] {processor.py:161} INFO - Started process (PID=5707) to work on /opt/airflow/dags/airflow_lab2.py
[2026-04-10T03:12:11.133+0000] {processor.py:830} INFO - Processing file /opt/airflow/dags/airflow_lab2.py for tasks to queue
[2026-04-10T03:12:11.136+0000] {logging_mixin.py:188} INFO - [2026-04-10T03:12:11.136+0000] {dagbag.py:538} INFO - Filling up the DagBag from /opt/airflow/dags/airflow_lab2.py
[2026-04-10T03:12:11.658+0000] {processor.py:840} INFO - DAG(s) 'Airflow_Lab2' retrieved from /opt/airflow/dags/airflow_lab2.py
[2026-04-10T03:12:11.672+0000] {logging_mixin.py:188} INFO - [2026-04-10T03:12:11.672+0000] {dag.py:3036} INFO - Sync 1 DAGs
[2026-04-10T03:12:11.677+0000] {logging_mixin.py:188} INFO - [2026-04-10T03:12:11.677+0000] {dag.py:3823} INFO - Setting next_dagrun for Airflow_Lab2 to None, run_after=None
[2026-04-10T03:12:11.684+0000] {processor.py:183} INFO - Processing /opt/airflow/dags/airflow_lab2.py took 0.558 seconds
[2026-04-10T03:12:42.087+0000] {processor.py:161} INFO - Started process (PID=5738) to work on /opt/airflow/dags/airflow_lab2.py
[2026-04-10T03:12:42.089+0000] {processor.py:830} INFO - Processing file /opt/airflow/dags/airflow_lab2.py for tasks to queue
[2026-04-10T03:12:42.091+0000] {logging_mixin.py:188} INFO - [2026-04-10T03:12:42.091+0000] {dagbag.py:538} INFO - Filling up the DagBag from /opt/airflow/dags/airflow_lab2.py
[2026-04-10T03:12:42.476+0000] {processor.py:840} INFO - DAG(s) 'Airflow_Lab2' retrieved from /opt/airflow/dags/airflow_lab2.py
[2026-04-10T03:12:42.488+0000] {logging_mixin.py:188} INFO - [2026-04-10T03:12:42.488+0000] {dag.py:3036} INFO - Sync 1 DAGs
[2026-04-10T03:12:42.492+0000] {logging_mixin.py:188} INFO - [2026-04-10T03:12:42.492+0000] {dag.py:3823} INFO - Setting next_dagrun for Airflow_Lab2 to None, run_after=None
[2026-04-10T03:12:42.500+0000] {processor.py:183} INFO - Processing /opt/airflow/dags/airflow_lab2.py took 0.418 seconds
[2026-04-10T03:13:12.879+0000] {processor.py:161} INFO - Started process (PID=5769) to work on /opt/airflow/dags/airflow_lab2.py
[2026-04-10T03:13:12.880+0000] {processor.py:830} INFO - Processing file /opt/airflow/dags/airflow_lab2.py for tasks to queue
[2026-04-10T03:13:12.882+0000] {logging_mixin.py:188} INFO - [2026-04-10T03:13:12.882+0000] {dagbag.py:538} INFO - Filling up the DagBag from /opt/airflow/dags/airflow_lab2.py
[2026-04-10T03:13:13.314+0000] {processor.py:840} INFO - DAG(s) 'Airflow_Lab2' retrieved from /opt/airflow/dags/airflow_lab2.py
[2026-04-10T03:13:13.323+0000] {logging_mixin.py:188} INFO - [2026-04-10T03:13:13.323+0000] {dag.py:3036} INFO - Sync 1 DAGs
[2026-04-10T03:13:13.327+0000] {logging_mixin.py:188} INFO - [2026-04-10T03:13:13.327+0000] {dag.py:3823} INFO - Setting next_dagrun for Airflow_Lab2 to None, run_after=None
[2026-04-10T03:13:13.334+0000] {processor.py:183} INFO - Processing /opt/airflow/dags/airflow_lab2.py took 0.458 seconds
[2026-04-10T03:13:43.733+0000] {processor.py:161} INFO - Started process (PID=5800) to work on /opt/airflow/dags/airflow_lab2.py
[2026-04-10T03:13:43.734+0000] {processor.py:830} INFO - Processing file /opt/airflow/dags/airflow_lab2.py for tasks to queue
[2026-04-10T03:13:43.736+0000] {logging_mixin.py:188} INFO - [2026-04-10T03:13:43.736+0000] {dagbag.py:538} INFO - Filling up the DagBag from /opt/airflow/dags/airflow_lab2.py
[2026-04-10T03:13:44.207+0000] {processor.py:840} INFO - DAG(s) 'Airflow_Lab2' retrieved from /opt/airflow/dags/airflow_lab2.py
[2026-04-10T03:13:44.218+0000] {logging_mixin.py:188} INFO - [2026-04-10T03:13:44.218+0000] {dag.py:3036} INFO - Sync 1 DAGs
[2026-04-10T03:13:44.223+0000] {logging_mixin.py:188} INFO - [2026-04-10T03:13:44.223+0000] {dag.py:3823} INFO - Setting next_dagrun for Airflow_Lab2 to None, run_after=None
[2026-04-10T03:13:44.230+0000] {processor.py:183} INFO - Processing /opt/airflow/dags/airflow_lab2.py took 0.501 seconds
[2026-04-10T03:14:14.645+0000] {processor.py:161} INFO - Started process (PID=5831) to work on /opt/airflow/dags/airflow_lab2.py
[2026-04-10T03:14:14.647+0000] {processor.py:830} INFO - Processing file /opt/airflow/dags/airflow_lab2.py for tasks to queue
[2026-04-10T03:14:14.650+0000] {logging_mixin.py:188} INFO - [2026-04-10T03:14:14.649+0000] {dagbag.py:538} INFO - Filling up the DagBag from /opt/airflow/dags/airflow_lab2.py
[2026-04-10T03:14:15.200+0000] {processor.py:840} INFO - DAG(s) 'Airflow_Lab2' retrieved from /opt/airflow/dags/airflow_lab2.py
[2026-04-10T03:14:15.220+0000] {logging_mixin.py:188} INFO - [2026-04-10T03:14:15.220+0000] {dag.py:3036} INFO - Sync 1 DAGs
[2026-04-10T03:14:15.227+0000] {logging_mixin.py:188} INFO - [2026-04-10T03:14:15.227+0000] {dag.py:3823} INFO - Setting next_dagrun for Airflow_Lab2 to None, run_after=None
[2026-04-10T03:14:15.241+0000] {processor.py:183} INFO - Processing /opt/airflow/dags/airflow_lab2.py took 0.603 seconds
[2026-04-10T03:14:45.690+0000] {processor.py:161} INFO - Started process (PID=5862) to work on /opt/airflow/dags/airflow_lab2.py
[2026-04-10T03:14:45.691+0000] {processor.py:830} INFO - Processing file /opt/airflow/dags/airflow_lab2.py for tasks to queue
[2026-04-10T03:14:45.694+0000] {logging_mixin.py:188} INFO - [2026-04-10T03:14:45.693+0000] {dagbag.py:538} INFO - Filling up the DagBag from /opt/airflow/dags/airflow_lab2.py
[2026-04-10T03:14:46.217+0000] {processor.py:840} INFO - DAG(s) 'Airflow_Lab2' retrieved from /opt/airflow/dags/airflow_lab2.py
[2026-04-10T03:14:46.230+0000] {logging_mixin.py:188} INFO - [2026-04-10T03:14:46.230+0000] {dag.py:3036} INFO - Sync 1 DAGs
[2026-04-10T03:14:46.234+0000] {logging_mixin.py:188} INFO - [2026-04-10T03:14:46.234+0000] {dag.py:3823} INFO - Setting next_dagrun for Airflow_Lab2 to None, run_after=None
[2026-04-10T03:14:46.242+0000] {processor.py:183} INFO - Processing /opt/airflow/dags/airflow_lab2.py took 0.558 seconds
[2026-04-10T03:15:16.675+0000] {processor.py:161} INFO - Started process (PID=5893) to work on /opt/airflow/dags/airflow_lab2.py
[2026-04-10T03:15:16.676+0000] {processor.py:830} INFO - Processing file /opt/airflow/dags/airflow_lab2.py for tasks to queue
[2026-04-10T03:15:16.678+0000] {logging_mixin.py:188} INFO - [2026-04-10T03:15:16.678+0000] {dagbag.py:538} INFO - Filling up the DagBag from /opt/airflow/dags/airflow_lab2.py
[2026-04-10T03:15:17.214+0000] {processor.py:840} INFO - DAG(s) 'Airflow_Lab2' retrieved from /opt/airflow/dags/airflow_lab2.py
[2026-04-10T03:15:17.227+0000] {logging_mixin.py:188} INFO - [2026-04-10T03:15:17.227+0000] {dag.py:3036} INFO - Sync 1 DAGs
[2026-04-10T03:15:17.231+0000] {logging_mixin.py:188} INFO - [2026-04-10T03:15:17.231+0000] {dag.py:3823} INFO - Setting next_dagrun for Airflow_Lab2 to None, run_after=None
[2026-04-10T03:15:17.241+0000] {processor.py:183} INFO - Processing /opt/airflow/dags/airflow_lab2.py took 0.571 seconds
[2026-04-10T03:15:47.657+0000] {processor.py:161} INFO - Started process (PID=5924) to work on /opt/airflow/dags/airflow_lab2.py
[2026-04-10T03:15:47.659+0000] {processor.py:830} INFO - Processing file /opt/airflow/dags/airflow_lab2.py for tasks to queue
[2026-04-10T03:15:47.660+0000] {logging_mixin.py:188} INFO - [2026-04-10T03:15:47.660+0000] {dagbag.py:538} INFO - Filling up the DagBag from /opt/airflow/dags/airflow_lab2.py
[2026-04-10T03:15:48.212+0000] {processor.py:840} INFO - DAG(s) 'Airflow_Lab2' retrieved from /opt/airflow/dags/airflow_lab2.py
[2026-04-10T03:15:48.226+0000] {logging_mixin.py:188} INFO - [2026-04-10T03:15:48.226+0000] {dag.py:3036} INFO - Sync 1 DAGs
[2026-04-10T03:15:48.230+0000] {logging_mixin.py:188} INFO - [2026-04-10T03:15:48.230+0000] {dag.py:3823} INFO - Setting next_dagrun for Airflow_Lab2 to None, run_after=None
[2026-04-10T03:15:48.238+0000] {processor.py:183} INFO - Processing /opt/airflow/dags/airflow_lab2.py took 0.585 seconds
[2026-04-10T03:16:18.633+0000] {processor.py:161} INFO - Started process (PID=5955) to work on /opt/airflow/dags/airflow_lab2.py
[2026-04-10T03:16:18.637+0000] {processor.py:830} INFO - Processing file /opt/airflow/dags/airflow_lab2.py for tasks to queue
[2026-04-10T03:16:18.638+0000] {logging_mixin.py:188} INFO - [2026-04-10T03:16:18.638+0000] {dagbag.py:538} INFO - Filling up the DagBag from /opt/airflow/dags/airflow_lab2.py
[2026-04-10T03:16:19.137+0000] {processor.py:840} INFO - DAG(s) 'Airflow_Lab2' retrieved from /opt/airflow/dags/airflow_lab2.py
[2026-04-10T03:16:19.156+0000] {logging_mixin.py:188} INFO - [2026-04-10T03:16:19.156+0000] {dag.py:3036} INFO - Sync 1 DAGs
[2026-04-10T03:16:19.166+0000] {logging_mixin.py:188} INFO - [2026-04-10T03:16:19.166+0000] {dag.py:3823} INFO - Setting next_dagrun for Airflow_Lab2 to None, run_after=None
[2026-04-10T03:16:19.180+0000] {processor.py:183} INFO - Processing /opt/airflow/dags/airflow_lab2.py took 0.552 seconds
[2026-04-10T03:16:49.617+0000] {processor.py:161} INFO - Started process (PID=5986) to work on /opt/airflow/dags/airflow_lab2.py
[2026-04-10T03:16:49.618+0000] {processor.py:830} INFO - Processing file /opt/airflow/dags/airflow_lab2.py for tasks to queue
[2026-04-10T03:16:49.621+0000] {logging_mixin.py:188} INFO - [2026-04-10T03:16:49.621+0000] {dagbag.py:538} INFO - Filling up the DagBag from /opt/airflow/dags/airflow_lab2.py
[2026-04-10T03:16:50.100+0000] {processor.py:840} INFO - DAG(s) 'Airflow_Lab2' retrieved from /opt/airflow/dags/airflow_lab2.py
[2026-04-10T03:16:50.112+0000] {logging_mixin.py:188} INFO - [2026-04-10T03:16:50.112+0000] {dag.py:3036} INFO - Sync 1 DAGs
[2026-04-10T03:16:50.116+0000] {logging_mixin.py:188} INFO - [2026-04-10T03:16:50.116+0000] {dag.py:3823} INFO - Setting next_dagrun for Airflow_Lab2 to None, run_after=None
[2026-04-10T03:16:50.124+0000] {processor.py:183} INFO - Processing /opt/airflow/dags/airflow_lab2.py took 0.513 seconds
[2026-04-10T03:17:20.516+0000] {processor.py:161} INFO - Started process (PID=6017) to work on /opt/airflow/dags/airflow_lab2.py
[2026-04-10T03:17:20.518+0000] {processor.py:830} INFO - Processing file /opt/airflow/dags/airflow_lab2.py for tasks to queue
[2026-04-10T03:17:20.520+0000] {logging_mixin.py:188} INFO - [2026-04-10T03:17:20.520+0000] {dagbag.py:538} INFO - Filling up the DagBag from /opt/airflow/dags/airflow_lab2.py
[2026-04-10T03:17:21.076+0000] {processor.py:840} INFO - DAG(s) 'Airflow_Lab2' retrieved from /opt/airflow/dags/airflow_lab2.py
[2026-04-10T03:17:21.096+0000] {logging_mixin.py:188} INFO - [2026-04-10T03:17:21.096+0000] {dag.py:3036} INFO - Sync 1 DAGs
[2026-04-10T03:17:21.102+0000] {logging_mixin.py:188} INFO - [2026-04-10T03:17:21.102+0000] {dag.py:3823} INFO - Setting next_dagrun for Airflow_Lab2 to None, run_after=None
[2026-04-10T03:17:21.112+0000] {processor.py:183} INFO - Processing /opt/airflow/dags/airflow_lab2.py took 0.601 seconds
[2026-04-10T03:17:51.486+0000] {processor.py:161} INFO - Started process (PID=6048) to work on /opt/airflow/dags/airflow_lab2.py
[2026-04-10T03:17:51.488+0000] {processor.py:830} INFO - Processing file /opt/airflow/dags/airflow_lab2.py for tasks to queue
[2026-04-10T03:17:51.490+0000] {logging_mixin.py:188} INFO - [2026-04-10T03:17:51.490+0000] {dagbag.py:538} INFO - Filling up the DagBag from /opt/airflow/dags/airflow_lab2.py
[2026-04-10T03:17:52.032+0000] {processor.py:840} INFO - DAG(s) 'Airflow_Lab2' retrieved from /opt/airflow/dags/airflow_lab2.py
[2026-04-10T03:17:52.047+0000] {logging_mixin.py:188} INFO - [2026-04-10T03:17:52.047+0000] {dag.py:3036} INFO - Sync 1 DAGs
[2026-04-10T03:17:52.052+0000] {logging_mixin.py:188} INFO - [2026-04-10T03:17:52.051+0000] {dag.py:3823} INFO - Setting next_dagrun for Airflow_Lab2 to None, run_after=None
[2026-04-10T03:17:52.058+0000] {processor.py:183} INFO - Processing /opt/airflow/dags/airflow_lab2.py took 0.577 seconds
[2026-04-10T03:18:22.439+0000] {processor.py:161} INFO - Started process (PID=6079) to work on /opt/airflow/dags/airflow_lab2.py
[2026-04-10T03:18:22.440+0000] {processor.py:830} INFO - Processing file /opt/airflow/dags/airflow_lab2.py for tasks to queue
[2026-04-10T03:18:22.442+0000] {logging_mixin.py:188} INFO - [2026-04-10T03:18:22.442+0000] {dagbag.py:538} INFO - Filling up the DagBag from /opt/airflow/dags/airflow_lab2.py
[2026-04-10T03:18:22.891+0000] {processor.py:840} INFO - DAG(s) 'Airflow_Lab2' retrieved from /opt/airflow/dags/airflow_lab2.py
[2026-04-10T03:18:22.908+0000] {logging_mixin.py:188} INFO - [2026-04-10T03:18:22.907+0000] {dag.py:3036} INFO - Sync 1 DAGs
[2026-04-10T03:18:22.912+0000] {logging_mixin.py:188} INFO - [2026-04-10T03:18:22.911+0000] {dag.py:3823} INFO - Setting next_dagrun for Airflow_Lab2 to None, run_after=None
[2026-04-10T03:18:22.918+0000] {processor.py:183} INFO - Processing /opt/airflow/dags/airflow_lab2.py took 0.483 seconds
[2026-04-10T03:18:53.351+0000] {processor.py:161} INFO - Started process (PID=6110) to work on /opt/airflow/dags/airflow_lab2.py
[2026-04-10T03:18:53.352+0000] {processor.py:830} INFO - Processing file /opt/airflow/dags/airflow_lab2.py for tasks to queue
[2026-04-10T03:18:53.354+0000] {logging_mixin.py:188} INFO - [2026-04-10T03:18:53.353+0000] {dagbag.py:538} INFO - Filling up the DagBag from /opt/airflow/dags/airflow_lab2.py
[2026-04-10T03:18:53.884+0000] {processor.py:840} INFO - DAG(s) 'Airflow_Lab2' retrieved from /opt/airflow/dags/airflow_lab2.py
[2026-04-10T03:18:53.897+0000] {logging_mixin.py:188} INFO - [2026-04-10T03:18:53.897+0000] {dag.py:3036} INFO - Sync 1 DAGs
[2026-04-10T03:18:53.901+0000] {logging_mixin.py:188} INFO - [2026-04-10T03:18:53.901+0000] {dag.py:3823} INFO - Setting next_dagrun for Airflow_Lab2 to None, run_after=None
[2026-04-10T03:18:53.910+0000] {processor.py:183} INFO - Processing /opt/airflow/dags/airflow_lab2.py took 0.561 seconds
[2026-04-10T03:19:24.343+0000] {processor.py:161} INFO - Started process (PID=6141) to work on /opt/airflow/dags/airflow_lab2.py
[2026-04-10T03:19:24.345+0000] {processor.py:830} INFO - Processing file /opt/airflow/dags/airflow_lab2.py for tasks to queue
[2026-04-10T03:19:24.347+0000] {logging_mixin.py:188} INFO - [2026-04-10T03:19:24.347+0000] {dagbag.py:538} INFO - Filling up the DagBag from /opt/airflow/dags/airflow_lab2.py
[2026-04-10T03:19:24.864+0000] {processor.py:840} INFO - DAG(s) 'Airflow_Lab2' retrieved from /opt/airflow/dags/airflow_lab2.py
[2026-04-10T03:19:24.879+0000] {logging_mixin.py:188} INFO - [2026-04-10T03:19:24.879+0000] {dag.py:3036} INFO - Sync 1 DAGs
[2026-04-10T03:19:24.888+0000] {logging_mixin.py:188} INFO - [2026-04-10T03:19:24.888+0000] {dag.py:3823} INFO - Setting next_dagrun for Airflow_Lab2 to None, run_after=None
[2026-04-10T03:19:24.896+0000] {processor.py:183} INFO - Processing /opt/airflow/dags/airflow_lab2.py took 0.558 seconds
[2026-04-10T03:19:55.535+0000] {processor.py:161} INFO - Started process (PID=6172) to work on /opt/airflow/dags/airflow_lab2.py
[2026-04-10T03:19:55.537+0000] {processor.py:830} INFO - Processing file /opt/airflow/dags/airflow_lab2.py for tasks to queue
[2026-04-10T03:19:55.538+0000] {logging_mixin.py:188} INFO - [2026-04-10T03:19:55.538+0000] {dagbag.py:538} INFO - Filling up the DagBag from /opt/airflow/dags/airflow_lab2.py
[2026-04-10T03:19:56.126+0000] {processor.py:840} INFO - DAG(s) 'Airflow_Lab2' retrieved from /opt/airflow/dags/airflow_lab2.py
[2026-04-10T03:19:56.145+0000] {logging_mixin.py:188} INFO - [2026-04-10T03:19:56.145+0000] {dag.py:3036} INFO - Sync 1 DAGs
[2026-04-10T03:19:56.153+0000] {logging_mixin.py:188} INFO - [2026-04-10T03:19:56.152+0000] {dag.py:3823} INFO - Setting next_dagrun for Airflow_Lab2 to None, run_after=None
[2026-04-10T03:19:56.161+0000] {processor.py:183} INFO - Processing /opt/airflow/dags/airflow_lab2.py took 0.631 seconds
[2026-04-10T03:20:26.581+0000] {processor.py:161} INFO - Started process (PID=6203) to work on /opt/airflow/dags/airflow_lab2.py
[2026-04-10T03:20:26.583+0000] {processor.py:830} INFO - Processing file /opt/airflow/dags/airflow_lab2.py for tasks to queue
[2026-04-10T03:20:26.584+0000] {logging_mixin.py:188} INFO - [2026-04-10T03:20:26.584+0000] {dagbag.py:538} INFO - Filling up the DagBag from /opt/airflow/dags/airflow_lab2.py
[2026-04-10T03:20:27.132+0000] {processor.py:840} INFO - DAG(s) 'Airflow_Lab2' retrieved from /opt/airflow/dags/airflow_lab2.py
[2026-04-10T03:20:27.143+0000] {logging_mixin.py:188} INFO - [2026-04-10T03:20:27.143+0000] {dag.py:3036} INFO - Sync 1 DAGs
[2026-04-10T03:20:27.148+0000] {logging_mixin.py:188} INFO - [2026-04-10T03:20:27.148+0000] {dag.py:3823} INFO - Setting next_dagrun for Airflow_Lab2 to None, run_after=None
[2026-04-10T03:20:27.157+0000] {processor.py:183} INFO - Processing /opt/airflow/dags/airflow_lab2.py took 0.582 seconds
[2026-04-10T03:20:57.624+0000] {processor.py:161} INFO - Started process (PID=6234) to work on /opt/airflow/dags/airflow_lab2.py
[2026-04-10T03:20:57.627+0000] {processor.py:830} INFO - Processing file /opt/airflow/dags/airflow_lab2.py for tasks to queue
[2026-04-10T03:20:57.629+0000] {logging_mixin.py:188} INFO - [2026-04-10T03:20:57.629+0000] {dagbag.py:538} INFO - Filling up the DagBag from /opt/airflow/dags/airflow_lab2.py
[2026-04-10T03:20:58.176+0000] {processor.py:840} INFO - DAG(s) 'Airflow_Lab2' retrieved from /opt/airflow/dags/airflow_lab2.py
[2026-04-10T03:20:58.199+0000] {logging_mixin.py:188} INFO - [2026-04-10T03:20:58.199+0000] {dag.py:3036} INFO - Sync 1 DAGs
[2026-04-10T03:20:58.205+0000] {logging_mixin.py:188} INFO - [2026-04-10T03:20:58.205+0000] {dag.py:3823} INFO - Setting next_dagrun for Airflow_Lab2 to None, run_after=None
[2026-04-10T03:20:58.213+0000] {processor.py:183} INFO - Processing /opt/airflow/dags/airflow_lab2.py took 0.595 seconds
[2026-04-10T03:21:28.649+0000] {processor.py:161} INFO - Started process (PID=6265) to work on /opt/airflow/dags/airflow_lab2.py
[2026-04-10T03:21:28.651+0000] {processor.py:830} INFO - Processing file /opt/airflow/dags/airflow_lab2.py for tasks to queue
[2026-04-10T03:21:28.653+0000] {logging_mixin.py:188} INFO - [2026-04-10T03:21:28.653+0000] {dagbag.py:538} INFO - Filling up the DagBag from /opt/airflow/dags/airflow_lab2.py
[2026-04-10T03:21:29.229+0000] {processor.py:840} INFO - DAG(s) 'Airflow_Lab2' retrieved from /opt/airflow/dags/airflow_lab2.py
[2026-04-10T03:21:29.242+0000] {logging_mixin.py:188} INFO - [2026-04-10T03:21:29.242+0000] {dag.py:3036} INFO - Sync 1 DAGs
[2026-04-10T03:21:29.247+0000] {logging_mixin.py:188} INFO - [2026-04-10T03:21:29.247+0000] {dag.py:3823} INFO - Setting next_dagrun for Airflow_Lab2 to None, run_after=None
[2026-04-10T03:21:29.255+0000] {processor.py:183} INFO - Processing /opt/airflow/dags/airflow_lab2.py took 0.612 seconds
[2026-04-10T03:21:59.699+0000] {processor.py:161} INFO - Started process (PID=6302) to work on /opt/airflow/dags/airflow_lab2.py
[2026-04-10T03:21:59.705+0000] {processor.py:830} INFO - Processing file /opt/airflow/dags/airflow_lab2.py for tasks to queue
[2026-04-10T03:21:59.709+0000] {logging_mixin.py:188} INFO - [2026-04-10T03:21:59.708+0000] {dagbag.py:538} INFO - Filling up the DagBag from /opt/airflow/dags/airflow_lab2.py
[2026-04-10T03:22:00.250+0000] {processor.py:840} INFO - DAG(s) 'Airflow_Lab2' retrieved from /opt/airflow/dags/airflow_lab2.py
[2026-04-10T03:22:00.265+0000] {logging_mixin.py:188} INFO - [2026-04-10T03:22:00.265+0000] {dag.py:3036} INFO - Sync 1 DAGs
[2026-04-10T03:22:00.270+0000] {logging_mixin.py:188} INFO - [2026-04-10T03:22:00.270+0000] {dag.py:3823} INFO - Setting next_dagrun for Airflow_Lab2 to None, run_after=None
[2026-04-10T03:22:00.278+0000] {processor.py:183} INFO - Processing /opt/airflow/dags/airflow_lab2.py took 0.591 seconds
[2026-04-10T03:22:30.639+0000] {processor.py:161} INFO - Started process (PID=6333) to work on /opt/airflow/dags/airflow_lab2.py
[2026-04-10T03:22:30.640+0000] {processor.py:830} INFO - Processing file /opt/airflow/dags/airflow_lab2.py for tasks to queue
[2026-04-10T03:22:30.642+0000] {logging_mixin.py:188} INFO - [2026-04-10T03:22:30.642+0000] {dagbag.py:538} INFO - Filling up the DagBag from /opt/airflow/dags/airflow_lab2.py
[2026-04-10T03:22:31.206+0000] {processor.py:840} INFO - DAG(s) 'Airflow_Lab2' retrieved from /opt/airflow/dags/airflow_lab2.py
[2026-04-10T03:22:31.225+0000] {logging_mixin.py:188} INFO - [2026-04-10T03:22:31.224+0000] {dag.py:3036} INFO - Sync 1 DAGs
[2026-04-10T03:22:31.229+0000] {logging_mixin.py:188} INFO - [2026-04-10T03:22:31.229+0000] {dag.py:3823} INFO - Setting next_dagrun for Airflow_Lab2 to None, run_after=None
[2026-04-10T03:22:31.238+0000] {processor.py:183} INFO - Processing /opt/airflow/dags/airflow_lab2.py took 0.603 seconds
[2026-04-10T03:23:01.643+0000] {processor.py:161} INFO - Started process (PID=6364) to work on /opt/airflow/dags/airflow_lab2.py
[2026-04-10T03:23:01.643+0000] {processor.py:830} INFO - Processing file /opt/airflow/dags/airflow_lab2.py for tasks to queue
[2026-04-10T03:23:01.645+0000] {logging_mixin.py:188} INFO - [2026-04-10T03:23:01.645+0000] {dagbag.py:538} INFO - Filling up the DagBag from /opt/airflow/dags/airflow_lab2.py
[2026-04-10T03:23:02.159+0000] {processor.py:840} INFO - DAG(s) 'Airflow_Lab2' retrieved from /opt/airflow/dags/airflow_lab2.py
[2026-04-10T03:23:02.173+0000] {logging_mixin.py:188} INFO - [2026-04-10T03:23:02.173+0000] {dag.py:3036} INFO - Sync 1 DAGs
[2026-04-10T03:23:02.177+0000] {logging_mixin.py:188} INFO - [2026-04-10T03:23:02.177+0000] {dag.py:3823} INFO - Setting next_dagrun for Airflow_Lab2 to None, run_after=None
[2026-04-10T03:23:02.184+0000] {processor.py:183} INFO - Processing /opt/airflow/dags/airflow_lab2.py took 0.546 seconds
[2026-04-10T03:23:32.570+0000] {processor.py:161} INFO - Started process (PID=6395) to work on /opt/airflow/dags/airflow_lab2.py
[2026-04-10T03:23:32.571+0000] {processor.py:830} INFO - Processing file /opt/airflow/dags/airflow_lab2.py for tasks to queue
[2026-04-10T03:23:32.572+0000] {logging_mixin.py:188} INFO - [2026-04-10T03:23:32.572+0000] {dagbag.py:538} INFO - Filling up the DagBag from /opt/airflow/dags/airflow_lab2.py
[2026-04-10T03:23:33.066+0000] {processor.py:840} INFO - DAG(s) 'Airflow_Lab2' retrieved from /opt/airflow/dags/airflow_lab2.py
[2026-04-10T03:23:33.083+0000] {logging_mixin.py:188} INFO - [2026-04-10T03:23:33.083+0000] {dag.py:3036} INFO - Sync 1 DAGs
[2026-04-10T03:23:33.089+0000] {logging_mixin.py:188} INFO - [2026-04-10T03:23:33.089+0000] {dag.py:3823} INFO - Setting next_dagrun for Airflow_Lab2 to None, run_after=None
[2026-04-10T03:23:33.097+0000] {processor.py:183} INFO - Processing /opt/airflow/dags/airflow_lab2.py took 0.529 seconds
[2026-04-10T03:24:03.566+0000] {processor.py:161} INFO - Started process (PID=6425) to work on /opt/airflow/dags/airflow_lab2.py
[2026-04-10T03:24:03.569+0000] {processor.py:830} INFO - Processing file /opt/airflow/dags/airflow_lab2.py for tasks to queue
[2026-04-10T03:24:03.571+0000] {logging_mixin.py:188} INFO - [2026-04-10T03:24:03.570+0000] {dagbag.py:538} INFO - Filling up the DagBag from /opt/airflow/dags/airflow_lab2.py
[2026-04-10T03:24:04.139+0000] {processor.py:840} INFO - DAG(s) 'Airflow_Lab2' retrieved from /opt/airflow/dags/airflow_lab2.py
[2026-04-10T03:24:04.153+0000] {logging_mixin.py:188} INFO - [2026-04-10T03:24:04.153+0000] {dag.py:3036} INFO - Sync 1 DAGs
[2026-04-10T03:24:04.159+0000] {logging_mixin.py:188} INFO - [2026-04-10T03:24:04.159+0000] {dag.py:3823} INFO - Setting next_dagrun for Airflow_Lab2 to None, run_after=None
[2026-04-10T03:24:04.172+0000] {processor.py:183} INFO - Processing /opt/airflow/dags/airflow_lab2.py took 0.610 seconds
[2026-04-10T03:24:34.621+0000] {processor.py:161} INFO - Started process (PID=6456) to work on /opt/airflow/dags/airflow_lab2.py
[2026-04-10T03:24:34.622+0000] {processor.py:830} INFO - Processing file /opt/airflow/dags/airflow_lab2.py for tasks to queue
[2026-04-10T03:24:34.625+0000] {logging_mixin.py:188} INFO - [2026-04-10T03:24:34.624+0000] {dagbag.py:538} INFO - Filling up the DagBag from /opt/airflow/dags/airflow_lab2.py
[2026-04-10T03:24:35.142+0000] {processor.py:840} INFO - DAG(s) 'Airflow_Lab2' retrieved from /opt/airflow/dags/airflow_lab2.py
[2026-04-10T03:24:35.158+0000] {logging_mixin.py:188} INFO - [2026-04-10T03:24:35.158+0000] {dag.py:3036} INFO - Sync 1 DAGs
[2026-04-10T03:24:35.166+0000] {logging_mixin.py:188} INFO - [2026-04-10T03:24:35.165+0000] {dag.py:3823} INFO - Setting next_dagrun for Airflow_Lab2 to None, run_after=None
[2026-04-10T03:24:35.176+0000] {processor.py:183} INFO - Processing /opt/airflow/dags/airflow_lab2.py took 0.558 seconds
[2026-04-10T03:25:05.547+0000] {processor.py:161} INFO - Started process (PID=6487) to work on /opt/airflow/dags/airflow_lab2.py
[2026-04-10T03:25:05.549+0000] {processor.py:830} INFO - Processing file /opt/airflow/dags/airflow_lab2.py for tasks to queue
[2026-04-10T03:25:05.551+0000] {logging_mixin.py:188} INFO - [2026-04-10T03:25:05.551+0000] {dagbag.py:538} INFO - Filling up the DagBag from /opt/airflow/dags/airflow_lab2.py
[2026-04-10T03:25:06.111+0000] {processor.py:840} INFO - DAG(s) 'Airflow_Lab2' retrieved from /opt/airflow/dags/airflow_lab2.py
[2026-04-10T03:25:06.129+0000] {logging_mixin.py:188} INFO - [2026-04-10T03:25:06.129+0000] {dag.py:3036} INFO - Sync 1 DAGs
[2026-04-10T03:25:06.134+0000] {logging_mixin.py:188} INFO - [2026-04-10T03:25:06.134+0000] {dag.py:3823} INFO - Setting next_dagrun for Airflow_Lab2 to None, run_after=None
[2026-04-10T03:25:06.144+0000] {processor.py:183} INFO - Processing /opt/airflow/dags/airflow_lab2.py took 0.602 seconds
[2026-04-10T03:25:36.555+0000] {processor.py:161} INFO - Started process (PID=6518) to work on /opt/airflow/dags/airflow_lab2.py
[2026-04-10T03:25:36.556+0000] {processor.py:830} INFO - Processing file /opt/airflow/dags/airflow_lab2.py for tasks to queue
[2026-04-10T03:25:36.557+0000] {logging_mixin.py:188} INFO - [2026-04-10T03:25:36.557+0000] {dagbag.py:538} INFO - Filling up the DagBag from /opt/airflow/dags/airflow_lab2.py
[2026-04-10T03:25:37.210+0000] {processor.py:840} INFO - DAG(s) 'Airflow_Lab2' retrieved from /opt/airflow/dags/airflow_lab2.py
[2026-04-10T03:25:37.224+0000] {logging_mixin.py:188} INFO - [2026-04-10T03:25:37.224+0000] {dag.py:3036} INFO - Sync 1 DAGs
[2026-04-10T03:25:37.229+0000] {logging_mixin.py:188} INFO - [2026-04-10T03:25:37.229+0000] {dag.py:3823} INFO - Setting next_dagrun for Airflow_Lab2 to None, run_after=None
[2026-04-10T03:25:37.237+0000] {processor.py:183} INFO - Processing /opt/airflow/dags/airflow_lab2.py took 0.687 seconds
[2026-04-10T03:26:07.639+0000] {processor.py:161} INFO - Started process (PID=6549) to work on /opt/airflow/dags/airflow_lab2.py
[2026-04-10T03:26:07.641+0000] {processor.py:830} INFO - Processing file /opt/airflow/dags/airflow_lab2.py for tasks to queue
[2026-04-10T03:26:07.643+0000] {logging_mixin.py:188} INFO - [2026-04-10T03:26:07.643+0000] {dagbag.py:538} INFO - Filling up the DagBag from /opt/airflow/dags/airflow_lab2.py
[2026-04-10T03:26:08.190+0000] {processor.py:840} INFO - DAG(s) 'Airflow_Lab2' retrieved from /opt/airflow/dags/airflow_lab2.py
[2026-04-10T03:26:08.206+0000] {logging_mixin.py:188} INFO - [2026-04-10T03:26:08.206+0000] {dag.py:3036} INFO - Sync 1 DAGs
[2026-04-10T03:26:08.210+0000] {logging_mixin.py:188} INFO - [2026-04-10T03:26:08.210+0000] {dag.py:3823} INFO - Setting next_dagrun for Airflow_Lab2 to None, run_after=None
[2026-04-10T03:26:08.219+0000] {processor.py:183} INFO - Processing /opt/airflow/dags/airflow_lab2.py took 0.585 seconds
[2026-04-10T03:26:38.578+0000] {processor.py:161} INFO - Started process (PID=6580) to work on /opt/airflow/dags/airflow_lab2.py
[2026-04-10T03:26:38.578+0000] {processor.py:830} INFO - Processing file /opt/airflow/dags/airflow_lab2.py for tasks to queue
[2026-04-10T03:26:38.580+0000] {logging_mixin.py:188} INFO - [2026-04-10T03:26:38.580+0000] {dagbag.py:538} INFO - Filling up the DagBag from /opt/airflow/dags/airflow_lab2.py
[2026-04-10T03:26:39.016+0000] {processor.py:840} INFO - DAG(s) 'Airflow_Lab2' retrieved from /opt/airflow/dags/airflow_lab2.py
[2026-04-10T03:26:39.027+0000] {logging_mixin.py:188} INFO - [2026-04-10T03:26:39.027+0000] {dag.py:3036} INFO - Sync 1 DAGs
[2026-04-10T03:26:39.031+0000] {logging_mixin.py:188} INFO - [2026-04-10T03:26:39.031+0000] {dag.py:3823} INFO - Setting next_dagrun for Airflow_Lab2 to None, run_after=None
[2026-04-10T03:26:39.039+0000] {processor.py:183} INFO - Processing /opt/airflow/dags/airflow_lab2.py took 0.465 seconds
[2026-04-10T03:27:09.464+0000] {processor.py:161} INFO - Started process (PID=6610) to work on /opt/airflow/dags/airflow_lab2.py
[2026-04-10T03:27:09.465+0000] {processor.py:830} INFO - Processing file /opt/airflow/dags/airflow_lab2.py for tasks to queue
[2026-04-10T03:27:09.467+0000] {logging_mixin.py:188} INFO - [2026-04-10T03:27:09.467+0000] {dagbag.py:538} INFO - Filling up the DagBag from /opt/airflow/dags/airflow_lab2.py
[2026-04-10T03:27:09.954+0000] {processor.py:840} INFO - DAG(s) 'Airflow_Lab2' retrieved from /opt/airflow/dags/airflow_lab2.py
[2026-04-10T03:27:09.969+0000] {logging_mixin.py:188} INFO - [2026-04-10T03:27:09.969+0000] {dag.py:3036} INFO - Sync 1 DAGs
[2026-04-10T03:27:09.974+0000] {logging_mixin.py:188} INFO - [2026-04-10T03:27:09.974+0000] {dag.py:3823} INFO - Setting next_dagrun for Airflow_Lab2 to None, run_after=None
[2026-04-10T03:27:09.982+0000] {processor.py:183} INFO - Processing /opt/airflow/dags/airflow_lab2.py took 0.525 seconds
[2026-04-10T03:27:40.416+0000] {processor.py:161} INFO - Started process (PID=6641) to work on /opt/airflow/dags/airflow_lab2.py
[2026-04-10T03:27:40.419+0000] {processor.py:830} INFO - Processing file /opt/airflow/dags/airflow_lab2.py for tasks to queue
[2026-04-10T03:27:40.421+0000] {logging_mixin.py:188} INFO - [2026-04-10T03:27:40.421+0000] {dagbag.py:538} INFO - Filling up the DagBag from /opt/airflow/dags/airflow_lab2.py
[2026-04-10T03:27:41.012+0000] {processor.py:840} INFO - DAG(s) 'Airflow_Lab2' retrieved from /opt/airflow/dags/airflow_lab2.py
[2026-04-10T03:27:41.027+0000] {logging_mixin.py:188} INFO - [2026-04-10T03:27:41.027+0000] {dag.py:3036} INFO - Sync 1 DAGs
[2026-04-10T03:27:41.032+0000] {logging_mixin.py:188} INFO - [2026-04-10T03:27:41.032+0000] {dag.py:3823} INFO - Setting next_dagrun for Airflow_Lab2 to None, run_after=None
[2026-04-10T03:27:41.039+0000] {processor.py:183} INFO - Processing /opt/airflow/dags/airflow_lab2.py took 0.628 seconds
[2026-04-10T03:28:11.471+0000] {processor.py:161} INFO - Started process (PID=6673) to work on /opt/airflow/dags/airflow_lab2.py
[2026-04-10T03:28:11.472+0000] {processor.py:830} INFO - Processing file /opt/airflow/dags/airflow_lab2.py for tasks to queue
[2026-04-10T03:28:11.475+0000] {logging_mixin.py:188} INFO - [2026-04-10T03:28:11.475+0000] {dagbag.py:538} INFO - Filling up the DagBag from /opt/airflow/dags/airflow_lab2.py
[2026-04-10T03:28:12.051+0000] {processor.py:840} INFO - DAG(s) 'Airflow_Lab2' retrieved from /opt/airflow/dags/airflow_lab2.py
[2026-04-10T03:28:12.067+0000] {logging_mixin.py:188} INFO - [2026-04-10T03:28:12.067+0000] {dag.py:3036} INFO - Sync 1 DAGs
[2026-04-10T03:28:12.072+0000] {logging_mixin.py:188} INFO - [2026-04-10T03:28:12.072+0000] {dag.py:3823} INFO - Setting next_dagrun for Airflow_Lab2 to None, run_after=None
[2026-04-10T03:28:12.081+0000] {processor.py:183} INFO - Processing /opt/airflow/dags/airflow_lab2.py took 0.617 seconds
[2026-04-10T03:28:42.453+0000] {processor.py:161} INFO - Started process (PID=6704) to work on /opt/airflow/dags/airflow_lab2.py
[2026-04-10T03:28:42.454+0000] {processor.py:830} INFO - Processing file /opt/airflow/dags/airflow_lab2.py for tasks to queue
[2026-04-10T03:28:42.455+0000] {logging_mixin.py:188} INFO - [2026-04-10T03:28:42.455+0000] {dagbag.py:538} INFO - Filling up the DagBag from /opt/airflow/dags/airflow_lab2.py
[2026-04-10T03:28:42.929+0000] {processor.py:840} INFO - DAG(s) 'Airflow_Lab2' retrieved from /opt/airflow/dags/airflow_lab2.py
[2026-04-10T03:28:42.943+0000] {logging_mixin.py:188} INFO - [2026-04-10T03:28:42.943+0000] {dag.py:3036} INFO - Sync 1 DAGs
[2026-04-10T03:28:42.950+0000] {logging_mixin.py:188} INFO - [2026-04-10T03:28:42.950+0000] {dag.py:3823} INFO - Setting next_dagrun for Airflow_Lab2 to None, run_after=None
[2026-04-10T03:28:42.957+0000] {processor.py:183} INFO - Processing /opt/airflow/dags/airflow_lab2.py took 0.507 seconds
[2026-04-10T03:29:13.317+0000] {processor.py:161} INFO - Started process (PID=6735) to work on /opt/airflow/dags/airflow_lab2.py
[2026-04-10T03:29:13.319+0000] {processor.py:830} INFO - Processing file /opt/airflow/dags/airflow_lab2.py for tasks to queue
[2026-04-10T03:29:13.322+0000] {logging_mixin.py:188} INFO - [2026-04-10T03:29:13.322+0000] {dagbag.py:538} INFO - Filling up the DagBag from /opt/airflow/dags/airflow_lab2.py
[2026-04-10T03:29:13.762+0000] {processor.py:840} INFO - DAG(s) 'Airflow_Lab2' retrieved from /opt/airflow/dags/airflow_lab2.py
[2026-04-10T03:29:13.779+0000] {logging_mixin.py:188} INFO - [2026-04-10T03:29:13.779+0000] {dag.py:3036} INFO - Sync 1 DAGs
[2026-04-10T03:29:13.783+0000] {logging_mixin.py:188} INFO - [2026-04-10T03:29:13.783+0000] {dag.py:3823} INFO - Setting next_dagrun for Airflow_Lab2 to None, run_after=None
[2026-04-10T03:29:13.792+0000] {processor.py:183} INFO - Processing /opt/airflow/dags/airflow_lab2.py took 0.482 seconds
[2026-04-10T03:29:44.162+0000] {processor.py:161} INFO - Started process (PID=6766) to work on /opt/airflow/dags/airflow_lab2.py
[2026-04-10T03:29:44.164+0000] {processor.py:830} INFO - Processing file /opt/airflow/dags/airflow_lab2.py for tasks to queue
[2026-04-10T03:29:44.166+0000] {logging_mixin.py:188} INFO - [2026-04-10T03:29:44.165+0000] {dagbag.py:538} INFO - Filling up the DagBag from /opt/airflow/dags/airflow_lab2.py
[2026-04-10T03:29:44.748+0000] {processor.py:840} INFO - DAG(s) 'Airflow_Lab2' retrieved from /opt/airflow/dags/airflow_lab2.py
[2026-04-10T03:29:44.765+0000] {logging_mixin.py:188} INFO - [2026-04-10T03:29:44.765+0000] {dag.py:3036} INFO - Sync 1 DAGs
[2026-04-10T03:29:44.770+0000] {logging_mixin.py:188} INFO - [2026-04-10T03:29:44.770+0000] {dag.py:3823} INFO - Setting next_dagrun for Airflow_Lab2 to None, run_after=None
[2026-04-10T03:29:44.780+0000] {processor.py:183} INFO - Processing /opt/airflow/dags/airflow_lab2.py took 0.622 seconds
[2026-04-10T03:30:15.146+0000] {processor.py:161} INFO - Started process (PID=6797) to work on /opt/airflow/dags/airflow_lab2.py
[2026-04-10T03:30:15.148+0000] {processor.py:830} INFO - Processing file /opt/airflow/dags/airflow_lab2.py for tasks to queue
[2026-04-10T03:30:15.150+0000] {logging_mixin.py:188} INFO - [2026-04-10T03:30:15.149+0000] {dagbag.py:538} INFO - Filling up the DagBag from /opt/airflow/dags/airflow_lab2.py
[2026-04-10T03:30:15.540+0000] {processor.py:840} INFO - DAG(s) 'Airflow_Lab2' retrieved from /opt/airflow/dags/airflow_lab2.py
[2026-04-10T03:30:15.550+0000] {logging_mixin.py:188} INFO - [2026-04-10T03:30:15.550+0000] {dag.py:3036} INFO - Sync 1 DAGs
[2026-04-10T03:30:15.554+0000] {logging_mixin.py:188} INFO - [2026-04-10T03:30:15.554+0000] {dag.py:3823} INFO - Setting next_dagrun for Airflow_Lab2 to None, run_after=None
[2026-04-10T03:30:15.561+0000] {processor.py:183} INFO - Processing /opt/airflow/dags/airflow_lab2.py took 0.420 seconds
[2026-04-10T03:30:45.943+0000] {processor.py:161} INFO - Started process (PID=6828) to work on /opt/airflow/dags/airflow_lab2.py
[2026-04-10T03:30:45.943+0000] {processor.py:830} INFO - Processing file /opt/airflow/dags/airflow_lab2.py for tasks to queue
[2026-04-10T03:30:45.946+0000] {logging_mixin.py:188} INFO - [2026-04-10T03:30:45.945+0000] {dagbag.py:538} INFO - Filling up the DagBag from /opt/airflow/dags/airflow_lab2.py
[2026-04-10T03:30:46.415+0000] {processor.py:840} INFO - DAG(s) 'Airflow_Lab2' retrieved from /opt/airflow/dags/airflow_lab2.py
[2026-04-10T03:30:46.430+0000] {logging_mixin.py:188} INFO - [2026-04-10T03:30:46.430+0000] {dag.py:3036} INFO - Sync 1 DAGs
[2026-04-10T03:30:46.434+0000] {logging_mixin.py:188} INFO - [2026-04-10T03:30:46.434+0000] {dag.py:3823} INFO - Setting next_dagrun for Airflow_Lab2 to None, run_after=None
[2026-04-10T03:30:46.443+0000] {processor.py:183} INFO - Processing /opt/airflow/dags/airflow_lab2.py took 0.504 seconds
[2026-04-10T03:31:16.786+0000] {processor.py:161} INFO - Started process (PID=6859) to work on /opt/airflow/dags/airflow_lab2.py
[2026-04-10T03:31:16.787+0000] {processor.py:830} INFO - Processing file /opt/airflow/dags/airflow_lab2.py for tasks to queue
[2026-04-10T03:31:16.789+0000] {logging_mixin.py:188} INFO - [2026-04-10T03:31:16.789+0000] {dagbag.py:538} INFO - Filling up the DagBag from /opt/airflow/dags/airflow_lab2.py
[2026-04-10T03:31:17.172+0000] {processor.py:840} INFO - DAG(s) 'Airflow_Lab2' retrieved from /opt/airflow/dags/airflow_lab2.py
[2026-04-10T03:31:17.182+0000] {logging_mixin.py:188} INFO - [2026-04-10T03:31:17.182+0000] {dag.py:3036} INFO - Sync 1 DAGs
[2026-04-10T03:31:17.186+0000] {logging_mixin.py:188} INFO - [2026-04-10T03:31:17.186+0000] {dag.py:3823} INFO - Setting next_dagrun for Airflow_Lab2 to None, run_after=None
[2026-04-10T03:31:17.192+0000] {processor.py:183} INFO - Processing /opt/airflow/dags/airflow_lab2.py took 0.409 seconds
