[2026-04-10T00:40:26.310+0000] {processor.py:161} INFO - Started process (PID=4522) to work on /opt/airflow/dags/airflow_lab2_flask.py
[2026-04-10T00:40:26.312+0000] {processor.py:830} INFO - Processing file /opt/airflow/dags/airflow_lab2_flask.py for tasks to queue
[2026-04-10T00:40:26.323+0000] {logging_mixin.py:188} INFO - [2026-04-10T00:40:26.323+0000] {dagbag.py:538} INFO - Filling up the DagBag from /opt/airflow/dags/airflow_lab2_flask.py
[2026-04-10T00:40:26.365+0000] {processor.py:840} INFO - DAG(s) 'Airflow_Lab2_Flask' retrieved from /opt/airflow/dags/airflow_lab2_flask.py
[2026-04-10T00:40:26.425+0000] {logging_mixin.py:188} INFO - [2026-04-10T00:40:26.424+0000] {dag.py:3036} INFO - Sync 1 DAGs
[2026-04-10T00:40:26.448+0000] {logging_mixin.py:188} INFO - [2026-04-10T00:40:26.448+0000] {dag.py:3823} INFO - Setting next_dagrun for Airflow_Lab2_Flask to None, run_after=None
[2026-04-10T00:40:26.481+0000] {processor.py:183} INFO - Processing /opt/airflow/dags/airflow_lab2_flask.py took 0.178 seconds
[2026-04-10T01:57:18.035+0000] {processor.py:161} INFO - Started process (PID=4553) to work on /opt/airflow/dags/airflow_lab2_flask.py
[2026-04-10T01:57:18.037+0000] {processor.py:830} INFO - Processing file /opt/airflow/dags/airflow_lab2_flask.py for tasks to queue
[2026-04-10T01:57:18.040+0000] {logging_mixin.py:188} INFO - [2026-04-10T01:57:18.039+0000] {dagbag.py:538} INFO - Filling up the DagBag from /opt/airflow/dags/airflow_lab2_flask.py
[2026-04-10T01:57:18.114+0000] {processor.py:840} INFO - DAG(s) 'Airflow_Lab2_Flask' retrieved from /opt/airflow/dags/airflow_lab2_flask.py
[2026-04-10T01:57:18.158+0000] {logging_mixin.py:188} INFO - [2026-04-10T01:57:18.157+0000] {dag.py:3036} INFO - Sync 1 DAGs
[2026-04-10T01:57:18.175+0000] {logging_mixin.py:188} INFO - [2026-04-10T01:57:18.175+0000] {dag.py:3823} INFO - Setting next_dagrun for Airflow_Lab2_Flask to None, run_after=None
[2026-04-10T01:57:18.190+0000] {processor.py:183} INFO - Processing /opt/airflow/dags/airflow_lab2_flask.py took 0.170 seconds
[2026-04-10T02:53:35.837+0000] {processor.py:161} INFO - Started process (PID=4584) to work on /opt/airflow/dags/airflow_lab2_flask.py
[2026-04-10T02:53:35.841+0000] {processor.py:830} INFO - Processing file /opt/airflow/dags/airflow_lab2_flask.py for tasks to queue
[2026-04-10T02:53:35.843+0000] {logging_mixin.py:188} INFO - [2026-04-10T02:53:35.843+0000] {dagbag.py:538} INFO - Filling up the DagBag from /opt/airflow/dags/airflow_lab2_flask.py
[2026-04-10T02:53:35.870+0000] {processor.py:840} INFO - DAG(s) 'Airflow_Lab2_Flask' retrieved from /opt/airflow/dags/airflow_lab2_flask.py
[2026-04-10T02:53:35.908+0000] {logging_mixin.py:188} INFO - [2026-04-10T02:53:35.908+0000] {dag.py:3036} INFO - Sync 1 DAGs
[2026-04-10T02:53:35.923+0000] {logging_mixin.py:188} INFO - [2026-04-10T02:53:35.923+0000] {dag.py:3823} INFO - Setting next_dagrun for Airflow_Lab2_Flask to None, run_after=None
[2026-04-10T02:53:35.945+0000] {processor.py:183} INFO - Processing /opt/airflow/dags/airflow_lab2_flask.py took 0.111 seconds
[2026-04-10T02:54:05.998+0000] {processor.py:161} INFO - Started process (PID=4614) to work on /opt/airflow/dags/airflow_lab2_flask.py
[2026-04-10T02:54:06.001+0000] {processor.py:830} INFO - Processing file /opt/airflow/dags/airflow_lab2_flask.py for tasks to queue
[2026-04-10T02:54:06.003+0000] {logging_mixin.py:188} INFO - [2026-04-10T02:54:06.002+0000] {dagbag.py:538} INFO - Filling up the DagBag from /opt/airflow/dags/airflow_lab2_flask.py
[2026-04-10T02:54:06.018+0000] {processor.py:840} INFO - DAG(s) 'Airflow_Lab2_Flask' retrieved from /opt/airflow/dags/airflow_lab2_flask.py
[2026-04-10T02:54:06.038+0000] {logging_mixin.py:188} INFO - [2026-04-10T02:54:06.038+0000] {dag.py:3036} INFO - Sync 1 DAGs
[2026-04-10T02:54:06.049+0000] {logging_mixin.py:188} INFO - [2026-04-10T02:54:06.049+0000] {dag.py:3823} INFO - Setting next_dagrun for Airflow_Lab2_Flask to None, run_after=None
[2026-04-10T02:54:06.060+0000] {processor.py:183} INFO - Processing /opt/airflow/dags/airflow_lab2_flask.py took 0.066 seconds
[2026-04-10T02:54:36.979+0000] {processor.py:161} INFO - Started process (PID=4645) to work on /opt/airflow/dags/airflow_lab2_flask.py
[2026-04-10T02:54:36.981+0000] {processor.py:830} INFO - Processing file /opt/airflow/dags/airflow_lab2_flask.py for tasks to queue
[2026-04-10T02:54:36.983+0000] {logging_mixin.py:188} INFO - [2026-04-10T02:54:36.983+0000] {dagbag.py:538} INFO - Filling up the DagBag from /opt/airflow/dags/airflow_lab2_flask.py
[2026-04-10T02:54:37.003+0000] {processor.py:840} INFO - DAG(s) 'Airflow_Lab2_Flask' retrieved from /opt/airflow/dags/airflow_lab2_flask.py
[2026-04-10T02:54:37.019+0000] {logging_mixin.py:188} INFO - [2026-04-10T02:54:37.019+0000] {dag.py:3036} INFO - Sync 1 DAGs
[2026-04-10T02:54:37.026+0000] {logging_mixin.py:188} INFO - [2026-04-10T02:54:37.026+0000] {dag.py:3823} INFO - Setting next_dagrun for Airflow_Lab2_Flask to None, run_after=None
[2026-04-10T02:54:37.039+0000] {processor.py:183} INFO - Processing /opt/airflow/dags/airflow_lab2_flask.py took 0.065 seconds
[2026-04-10T02:55:07.884+0000] {processor.py:161} INFO - Started process (PID=4676) to work on /opt/airflow/dags/airflow_lab2_flask.py
[2026-04-10T02:55:07.886+0000] {processor.py:830} INFO - Processing file /opt/airflow/dags/airflow_lab2_flask.py for tasks to queue
[2026-04-10T02:55:07.889+0000] {logging_mixin.py:188} INFO - [2026-04-10T02:55:07.888+0000] {dagbag.py:538} INFO - Filling up the DagBag from /opt/airflow/dags/airflow_lab2_flask.py
[2026-04-10T02:55:07.919+0000] {processor.py:840} INFO - DAG(s) 'Airflow_Lab2_Flask' retrieved from /opt/airflow/dags/airflow_lab2_flask.py
[2026-04-10T02:55:07.940+0000] {logging_mixin.py:188} INFO - [2026-04-10T02:55:07.939+0000] {dag.py:3036} INFO - Sync 1 DAGs
[2026-04-10T02:55:07.953+0000] {logging_mixin.py:188} INFO - [2026-04-10T02:55:07.953+0000] {dag.py:3823} INFO - Setting next_dagrun for Airflow_Lab2_Flask to None, run_after=None
[2026-04-10T02:55:07.971+0000] {processor.py:183} INFO - Processing /opt/airflow/dags/airflow_lab2_flask.py took 0.099 seconds
[2026-04-10T02:55:38.902+0000] {processor.py:161} INFO - Started process (PID=4707) to work on /opt/airflow/dags/airflow_lab2_flask.py
[2026-04-10T02:55:38.904+0000] {processor.py:830} INFO - Processing file /opt/airflow/dags/airflow_lab2_flask.py for tasks to queue
[2026-04-10T02:55:38.907+0000] {logging_mixin.py:188} INFO - [2026-04-10T02:55:38.907+0000] {dagbag.py:538} INFO - Filling up the DagBag from /opt/airflow/dags/airflow_lab2_flask.py
[2026-04-10T02:55:38.930+0000] {processor.py:840} INFO - DAG(s) 'Airflow_Lab2_Flask' retrieved from /opt/airflow/dags/airflow_lab2_flask.py
[2026-04-10T02:55:38.958+0000] {logging_mixin.py:188} INFO - [2026-04-10T02:55:38.958+0000] {dag.py:3036} INFO - Sync 1 DAGs
[2026-04-10T02:55:38.969+0000] {logging_mixin.py:188} INFO - [2026-04-10T02:55:38.969+0000] {dag.py:3823} INFO - Setting next_dagrun for Airflow_Lab2_Flask to None, run_after=None
[2026-04-10T02:55:38.984+0000] {processor.py:183} INFO - Processing /opt/airflow/dags/airflow_lab2_flask.py took 0.086 seconds
[2026-04-10T02:56:09.837+0000] {processor.py:161} INFO - Started process (PID=4738) to work on /opt/airflow/dags/airflow_lab2_flask.py
[2026-04-10T02:56:09.839+0000] {processor.py:830} INFO - Processing file /opt/airflow/dags/airflow_lab2_flask.py for tasks to queue
[2026-04-10T02:56:09.842+0000] {logging_mixin.py:188} INFO - [2026-04-10T02:56:09.841+0000] {dagbag.py:538} INFO - Filling up the DagBag from /opt/airflow/dags/airflow_lab2_flask.py
[2026-04-10T02:56:09.864+0000] {processor.py:840} INFO - DAG(s) 'Airflow_Lab2_Flask' retrieved from /opt/airflow/dags/airflow_lab2_flask.py
[2026-04-10T02:56:09.884+0000] {logging_mixin.py:188} INFO - [2026-04-10T02:56:09.884+0000] {dag.py:3036} INFO - Sync 1 DAGs
[2026-04-10T02:56:09.894+0000] {logging_mixin.py:188} INFO - [2026-04-10T02:56:09.894+0000] {dag.py:3823} INFO - Setting next_dagrun for Airflow_Lab2_Flask to None, run_after=None
[2026-04-10T02:56:09.910+0000] {processor.py:183} INFO - Processing /opt/airflow/dags/airflow_lab2_flask.py took 0.080 seconds
[2026-04-10T02:56:40.813+0000] {processor.py:161} INFO - Started process (PID=4769) to work on /opt/airflow/dags/airflow_lab2_flask.py
[2026-04-10T02:56:40.816+0000] {processor.py:830} INFO - Processing file /opt/airflow/dags/airflow_lab2_flask.py for tasks to queue
[2026-04-10T02:56:40.820+0000] {logging_mixin.py:188} INFO - [2026-04-10T02:56:40.819+0000] {dagbag.py:538} INFO - Filling up the DagBag from /opt/airflow/dags/airflow_lab2_flask.py
[2026-04-10T02:56:40.841+0000] {processor.py:840} INFO - DAG(s) 'Airflow_Lab2_Flask' retrieved from /opt/airflow/dags/airflow_lab2_flask.py
[2026-04-10T02:56:40.863+0000] {logging_mixin.py:188} INFO - [2026-04-10T02:56:40.863+0000] {dag.py:3036} INFO - Sync 1 DAGs
[2026-04-10T02:56:40.873+0000] {logging_mixin.py:188} INFO - [2026-04-10T02:56:40.873+0000] {dag.py:3823} INFO - Setting next_dagrun for Airflow_Lab2_Flask to None, run_after=None
[2026-04-10T02:56:40.883+0000] {processor.py:183} INFO - Processing /opt/airflow/dags/airflow_lab2_flask.py took 0.077 seconds
[2026-04-10T02:57:11.860+0000] {processor.py:161} INFO - Started process (PID=4800) to work on /opt/airflow/dags/airflow_lab2_flask.py
[2026-04-10T02:57:11.862+0000] {processor.py:830} INFO - Processing file /opt/airflow/dags/airflow_lab2_flask.py for tasks to queue
[2026-04-10T02:57:11.865+0000] {logging_mixin.py:188} INFO - [2026-04-10T02:57:11.865+0000] {dagbag.py:538} INFO - Filling up the DagBag from /opt/airflow/dags/airflow_lab2_flask.py
[2026-04-10T02:57:11.894+0000] {processor.py:840} INFO - DAG(s) 'Airflow_Lab2_Flask' retrieved from /opt/airflow/dags/airflow_lab2_flask.py
[2026-04-10T02:57:11.916+0000] {logging_mixin.py:188} INFO - [2026-04-10T02:57:11.916+0000] {dag.py:3036} INFO - Sync 1 DAGs
[2026-04-10T02:57:11.927+0000] {logging_mixin.py:188} INFO - [2026-04-10T02:57:11.927+0000] {dag.py:3823} INFO - Setting next_dagrun for Airflow_Lab2_Flask to None, run_after=None
[2026-04-10T02:57:11.946+0000] {processor.py:183} INFO - Processing /opt/airflow/dags/airflow_lab2_flask.py took 0.094 seconds
[2026-04-10T02:57:42.811+0000] {processor.py:161} INFO - Started process (PID=4831) to work on /opt/airflow/dags/airflow_lab2_flask.py
[2026-04-10T02:57:42.815+0000] {processor.py:830} INFO - Processing file /opt/airflow/dags/airflow_lab2_flask.py for tasks to queue
[2026-04-10T02:57:42.818+0000] {logging_mixin.py:188} INFO - [2026-04-10T02:57:42.818+0000] {dagbag.py:538} INFO - Filling up the DagBag from /opt/airflow/dags/airflow_lab2_flask.py
[2026-04-10T02:57:42.839+0000] {processor.py:840} INFO - DAG(s) 'Airflow_Lab2_Flask' retrieved from /opt/airflow/dags/airflow_lab2_flask.py
[2026-04-10T02:57:42.869+0000] {logging_mixin.py:188} INFO - [2026-04-10T02:57:42.869+0000] {dag.py:3036} INFO - Sync 1 DAGs
[2026-04-10T02:57:42.877+0000] {logging_mixin.py:188} INFO - [2026-04-10T02:57:42.877+0000] {dag.py:3823} INFO - Setting next_dagrun for Airflow_Lab2_Flask to None, run_after=None
[2026-04-10T02:57:42.897+0000] {processor.py:183} INFO - Processing /opt/airflow/dags/airflow_lab2_flask.py took 0.094 seconds
[2026-04-10T02:58:13.756+0000] {processor.py:161} INFO - Started process (PID=4862) to work on /opt/airflow/dags/airflow_lab2_flask.py
[2026-04-10T02:58:13.757+0000] {processor.py:830} INFO - Processing file /opt/airflow/dags/airflow_lab2_flask.py for tasks to queue
[2026-04-10T02:58:13.760+0000] {logging_mixin.py:188} INFO - [2026-04-10T02:58:13.760+0000] {dagbag.py:538} INFO - Filling up the DagBag from /opt/airflow/dags/airflow_lab2_flask.py
[2026-04-10T02:58:13.798+0000] {processor.py:840} INFO - DAG(s) 'Airflow_Lab2_Flask' retrieved from /opt/airflow/dags/airflow_lab2_flask.py
[2026-04-10T02:58:13.823+0000] {logging_mixin.py:188} INFO - [2026-04-10T02:58:13.823+0000] {dag.py:3036} INFO - Sync 1 DAGs
[2026-04-10T02:58:13.835+0000] {logging_mixin.py:188} INFO - [2026-04-10T02:58:13.834+0000] {dag.py:3823} INFO - Setting next_dagrun for Airflow_Lab2_Flask to None, run_after=None
[2026-04-10T02:58:13.848+0000] {processor.py:183} INFO - Processing /opt/airflow/dags/airflow_lab2_flask.py took 0.100 seconds
[2026-04-10T02:58:44.838+0000] {processor.py:161} INFO - Started process (PID=4893) to work on /opt/airflow/dags/airflow_lab2_flask.py
[2026-04-10T02:58:44.840+0000] {processor.py:830} INFO - Processing file /opt/airflow/dags/airflow_lab2_flask.py for tasks to queue
[2026-04-10T02:58:44.845+0000] {logging_mixin.py:188} INFO - [2026-04-10T02:58:44.844+0000] {dagbag.py:538} INFO - Filling up the DagBag from /opt/airflow/dags/airflow_lab2_flask.py
[2026-04-10T02:58:44.861+0000] {processor.py:840} INFO - DAG(s) 'Airflow_Lab2_Flask' retrieved from /opt/airflow/dags/airflow_lab2_flask.py
[2026-04-10T02:58:44.882+0000] {logging_mixin.py:188} INFO - [2026-04-10T02:58:44.882+0000] {dag.py:3036} INFO - Sync 1 DAGs
[2026-04-10T02:58:44.890+0000] {logging_mixin.py:188} INFO - [2026-04-10T02:58:44.890+0000] {dag.py:3823} INFO - Setting next_dagrun for Airflow_Lab2_Flask to None, run_after=None
[2026-04-10T02:58:44.905+0000] {processor.py:183} INFO - Processing /opt/airflow/dags/airflow_lab2_flask.py took 0.075 seconds
[2026-04-10T02:59:15.802+0000] {processor.py:161} INFO - Started process (PID=4924) to work on /opt/airflow/dags/airflow_lab2_flask.py
[2026-04-10T02:59:15.805+0000] {processor.py:830} INFO - Processing file /opt/airflow/dags/airflow_lab2_flask.py for tasks to queue
[2026-04-10T02:59:15.810+0000] {logging_mixin.py:188} INFO - [2026-04-10T02:59:15.810+0000] {dagbag.py:538} INFO - Filling up the DagBag from /opt/airflow/dags/airflow_lab2_flask.py
[2026-04-10T02:59:15.833+0000] {processor.py:840} INFO - DAG(s) 'Airflow_Lab2_Flask' retrieved from /opt/airflow/dags/airflow_lab2_flask.py
[2026-04-10T02:59:15.854+0000] {logging_mixin.py:188} INFO - [2026-04-10T02:59:15.854+0000] {dag.py:3036} INFO - Sync 1 DAGs
[2026-04-10T02:59:15.874+0000] {logging_mixin.py:188} INFO - [2026-04-10T02:59:15.874+0000] {dag.py:3823} INFO - Setting next_dagrun for Airflow_Lab2_Flask to None, run_after=None
[2026-04-10T02:59:15.918+0000] {processor.py:183} INFO - Processing /opt/airflow/dags/airflow_lab2_flask.py took 0.127 seconds
[2026-04-10T02:59:46.834+0000] {processor.py:161} INFO - Started process (PID=4955) to work on /opt/airflow/dags/airflow_lab2_flask.py
[2026-04-10T02:59:46.836+0000] {processor.py:830} INFO - Processing file /opt/airflow/dags/airflow_lab2_flask.py for tasks to queue
[2026-04-10T02:59:46.839+0000] {logging_mixin.py:188} INFO - [2026-04-10T02:59:46.839+0000] {dagbag.py:538} INFO - Filling up the DagBag from /opt/airflow/dags/airflow_lab2_flask.py
[2026-04-10T02:59:46.867+0000] {processor.py:840} INFO - DAG(s) 'Airflow_Lab2_Flask' retrieved from /opt/airflow/dags/airflow_lab2_flask.py
[2026-04-10T02:59:46.889+0000] {logging_mixin.py:188} INFO - [2026-04-10T02:59:46.888+0000] {dag.py:3036} INFO - Sync 1 DAGs
[2026-04-10T02:59:46.901+0000] {logging_mixin.py:188} INFO - [2026-04-10T02:59:46.900+0000] {dag.py:3823} INFO - Setting next_dagrun for Airflow_Lab2_Flask to None, run_after=None
[2026-04-10T02:59:46.916+0000] {processor.py:183} INFO - Processing /opt/airflow/dags/airflow_lab2_flask.py took 0.089 seconds
[2026-04-10T03:00:17.786+0000] {processor.py:161} INFO - Started process (PID=4986) to work on /opt/airflow/dags/airflow_lab2_flask.py
[2026-04-10T03:00:17.786+0000] {processor.py:830} INFO - Processing file /opt/airflow/dags/airflow_lab2_flask.py for tasks to queue
[2026-04-10T03:00:17.789+0000] {logging_mixin.py:188} INFO - [2026-04-10T03:00:17.789+0000] {dagbag.py:538} INFO - Filling up the DagBag from /opt/airflow/dags/airflow_lab2_flask.py
[2026-04-10T03:00:17.803+0000] {processor.py:840} INFO - DAG(s) 'Airflow_Lab2_Flask' retrieved from /opt/airflow/dags/airflow_lab2_flask.py
[2026-04-10T03:00:17.819+0000] {logging_mixin.py:188} INFO - [2026-04-10T03:00:17.819+0000] {dag.py:3036} INFO - Sync 1 DAGs
[2026-04-10T03:00:17.828+0000] {logging_mixin.py:188} INFO - [2026-04-10T03:00:17.828+0000] {dag.py:3823} INFO - Setting next_dagrun for Airflow_Lab2_Flask to None, run_after=None
[2026-04-10T03:00:17.837+0000] {processor.py:183} INFO - Processing /opt/airflow/dags/airflow_lab2_flask.py took 0.057 seconds
[2026-04-10T03:00:48.665+0000] {processor.py:161} INFO - Started process (PID=5017) to work on /opt/airflow/dags/airflow_lab2_flask.py
[2026-04-10T03:00:48.670+0000] {processor.py:830} INFO - Processing file /opt/airflow/dags/airflow_lab2_flask.py for tasks to queue
[2026-04-10T03:00:48.671+0000] {logging_mixin.py:188} INFO - [2026-04-10T03:00:48.671+0000] {dagbag.py:538} INFO - Filling up the DagBag from /opt/airflow/dags/airflow_lab2_flask.py
[2026-04-10T03:00:48.697+0000] {processor.py:840} INFO - DAG(s) 'Airflow_Lab2_Flask' retrieved from /opt/airflow/dags/airflow_lab2_flask.py
[2026-04-10T03:00:48.716+0000] {logging_mixin.py:188} INFO - [2026-04-10T03:00:48.716+0000] {dag.py:3036} INFO - Sync 1 DAGs
[2026-04-10T03:00:48.725+0000] {logging_mixin.py:188} INFO - [2026-04-10T03:00:48.725+0000] {dag.py:3823} INFO - Setting next_dagrun for Airflow_Lab2_Flask to None, run_after=None
[2026-04-10T03:00:48.740+0000] {processor.py:183} INFO - Processing /opt/airflow/dags/airflow_lab2_flask.py took 0.085 seconds
[2026-04-10T03:01:19.597+0000] {processor.py:161} INFO - Started process (PID=5048) to work on /opt/airflow/dags/airflow_lab2_flask.py
[2026-04-10T03:01:19.599+0000] {processor.py:830} INFO - Processing file /opt/airflow/dags/airflow_lab2_flask.py for tasks to queue
[2026-04-10T03:01:19.603+0000] {logging_mixin.py:188} INFO - [2026-04-10T03:01:19.603+0000] {dagbag.py:538} INFO - Filling up the DagBag from /opt/airflow/dags/airflow_lab2_flask.py
[2026-04-10T03:01:19.623+0000] {processor.py:840} INFO - DAG(s) 'Airflow_Lab2_Flask' retrieved from /opt/airflow/dags/airflow_lab2_flask.py
[2026-04-10T03:01:19.641+0000] {logging_mixin.py:188} INFO - [2026-04-10T03:01:19.641+0000] {dag.py:3036} INFO - Sync 1 DAGs
[2026-04-10T03:01:19.650+0000] {logging_mixin.py:188} INFO - [2026-04-10T03:01:19.650+0000] {dag.py:3823} INFO - Setting next_dagrun for Airflow_Lab2_Flask to None, run_after=None
[2026-04-10T03:01:19.661+0000] {processor.py:183} INFO - Processing /opt/airflow/dags/airflow_lab2_flask.py took 0.072 seconds
[2026-04-10T03:01:50.464+0000] {processor.py:161} INFO - Started process (PID=5079) to work on /opt/airflow/dags/airflow_lab2_flask.py
[2026-04-10T03:01:50.466+0000] {processor.py:830} INFO - Processing file /opt/airflow/dags/airflow_lab2_flask.py for tasks to queue
[2026-04-10T03:01:50.470+0000] {logging_mixin.py:188} INFO - [2026-04-10T03:01:50.470+0000] {dagbag.py:538} INFO - Filling up the DagBag from /opt/airflow/dags/airflow_lab2_flask.py
[2026-04-10T03:01:50.495+0000] {processor.py:840} INFO - DAG(s) 'Airflow_Lab2_Flask' retrieved from /opt/airflow/dags/airflow_lab2_flask.py
[2026-04-10T03:01:50.522+0000] {logging_mixin.py:188} INFO - [2026-04-10T03:01:50.521+0000] {dag.py:3036} INFO - Sync 1 DAGs
[2026-04-10T03:01:50.536+0000] {logging_mixin.py:188} INFO - [2026-04-10T03:01:50.536+0000] {dag.py:3823} INFO - Setting next_dagrun for Airflow_Lab2_Flask to None, run_after=None
[2026-04-10T03:01:50.548+0000] {processor.py:183} INFO - Processing /opt/airflow/dags/airflow_lab2_flask.py took 0.092 seconds
[2026-04-10T03:02:21.489+0000] {processor.py:161} INFO - Started process (PID=5110) to work on /opt/airflow/dags/airflow_lab2_flask.py
[2026-04-10T03:02:21.491+0000] {processor.py:830} INFO - Processing file /opt/airflow/dags/airflow_lab2_flask.py for tasks to queue
[2026-04-10T03:02:21.494+0000] {logging_mixin.py:188} INFO - [2026-04-10T03:02:21.494+0000] {dagbag.py:538} INFO - Filling up the DagBag from /opt/airflow/dags/airflow_lab2_flask.py
[2026-04-10T03:02:21.514+0000] {processor.py:840} INFO - DAG(s) 'Airflow_Lab2_Flask' retrieved from /opt/airflow/dags/airflow_lab2_flask.py
[2026-04-10T03:02:21.532+0000] {logging_mixin.py:188} INFO - [2026-04-10T03:02:21.532+0000] {dag.py:3036} INFO - Sync 1 DAGs
[2026-04-10T03:02:21.540+0000] {logging_mixin.py:188} INFO - [2026-04-10T03:02:21.540+0000] {dag.py:3823} INFO - Setting next_dagrun for Airflow_Lab2_Flask to None, run_after=None
[2026-04-10T03:02:21.550+0000] {processor.py:183} INFO - Processing /opt/airflow/dags/airflow_lab2_flask.py took 0.068 seconds
[2026-04-10T03:02:52.386+0000] {processor.py:161} INFO - Started process (PID=5141) to work on /opt/airflow/dags/airflow_lab2_flask.py
[2026-04-10T03:02:52.389+0000] {processor.py:830} INFO - Processing file /opt/airflow/dags/airflow_lab2_flask.py for tasks to queue
[2026-04-10T03:02:52.392+0000] {logging_mixin.py:188} INFO - [2026-04-10T03:02:52.391+0000] {dagbag.py:538} INFO - Filling up the DagBag from /opt/airflow/dags/airflow_lab2_flask.py
[2026-04-10T03:02:52.419+0000] {processor.py:840} INFO - DAG(s) 'Airflow_Lab2_Flask' retrieved from /opt/airflow/dags/airflow_lab2_flask.py
[2026-04-10T03:02:52.439+0000] {logging_mixin.py:188} INFO - [2026-04-10T03:02:52.438+0000] {dag.py:3036} INFO - Sync 1 DAGs
[2026-04-10T03:02:52.450+0000] {logging_mixin.py:188} INFO - [2026-04-10T03:02:52.450+0000] {dag.py:3823} INFO - Setting next_dagrun for Airflow_Lab2_Flask to None, run_after=None
[2026-04-10T03:02:52.461+0000] {processor.py:183} INFO - Processing /opt/airflow/dags/airflow_lab2_flask.py took 0.081 seconds
[2026-04-10T03:03:23.379+0000] {processor.py:161} INFO - Started process (PID=5172) to work on /opt/airflow/dags/airflow_lab2_flask.py
[2026-04-10T03:03:23.390+0000] {processor.py:830} INFO - Processing file /opt/airflow/dags/airflow_lab2_flask.py for tasks to queue
[2026-04-10T03:03:23.418+0000] {logging_mixin.py:188} INFO - [2026-04-10T03:03:23.415+0000] {dagbag.py:538} INFO - Filling up the DagBag from /opt/airflow/dags/airflow_lab2_flask.py
[2026-04-10T03:03:23.487+0000] {processor.py:840} INFO - DAG(s) 'Airflow_Lab2_Flask' retrieved from /opt/airflow/dags/airflow_lab2_flask.py
[2026-04-10T03:03:23.564+0000] {logging_mixin.py:188} INFO - [2026-04-10T03:03:23.563+0000] {dag.py:3036} INFO - Sync 1 DAGs
[2026-04-10T03:03:23.600+0000] {logging_mixin.py:188} INFO - [2026-04-10T03:03:23.600+0000] {dag.py:3823} INFO - Setting next_dagrun for Airflow_Lab2_Flask to None, run_after=None
[2026-04-10T03:03:23.656+0000] {processor.py:183} INFO - Processing /opt/airflow/dags/airflow_lab2_flask.py took 0.300 seconds
[2026-04-10T03:03:53.760+0000] {processor.py:161} INFO - Started process (PID=5203) to work on /opt/airflow/dags/airflow_lab2_flask.py
[2026-04-10T03:03:53.763+0000] {processor.py:830} INFO - Processing file /opt/airflow/dags/airflow_lab2_flask.py for tasks to queue
[2026-04-10T03:03:53.775+0000] {logging_mixin.py:188} INFO - [2026-04-10T03:03:53.774+0000] {dagbag.py:538} INFO - Filling up the DagBag from /opt/airflow/dags/airflow_lab2_flask.py
[2026-04-10T03:03:53.797+0000] {processor.py:840} INFO - DAG(s) 'Airflow_Lab2_Flask' retrieved from /opt/airflow/dags/airflow_lab2_flask.py
[2026-04-10T03:03:53.823+0000] {logging_mixin.py:188} INFO - [2026-04-10T03:03:53.823+0000] {dag.py:3036} INFO - Sync 1 DAGs
[2026-04-10T03:03:53.831+0000] {logging_mixin.py:188} INFO - [2026-04-10T03:03:53.831+0000] {dag.py:3823} INFO - Setting next_dagrun for Airflow_Lab2_Flask to None, run_after=None
[2026-04-10T03:03:53.844+0000] {processor.py:183} INFO - Processing /opt/airflow/dags/airflow_lab2_flask.py took 0.091 seconds
[2026-04-10T03:04:24.735+0000] {processor.py:161} INFO - Started process (PID=5233) to work on /opt/airflow/dags/airflow_lab2_flask.py
[2026-04-10T03:04:24.737+0000] {processor.py:830} INFO - Processing file /opt/airflow/dags/airflow_lab2_flask.py for tasks to queue
[2026-04-10T03:04:24.740+0000] {logging_mixin.py:188} INFO - [2026-04-10T03:04:24.740+0000] {dagbag.py:538} INFO - Filling up the DagBag from /opt/airflow/dags/airflow_lab2_flask.py
[2026-04-10T03:04:24.761+0000] {processor.py:840} INFO - DAG(s) 'Airflow_Lab2_Flask' retrieved from /opt/airflow/dags/airflow_lab2_flask.py
[2026-04-10T03:04:24.782+0000] {logging_mixin.py:188} INFO - [2026-04-10T03:04:24.782+0000] {dag.py:3036} INFO - Sync 1 DAGs
[2026-04-10T03:04:24.791+0000] {logging_mixin.py:188} INFO - [2026-04-10T03:04:24.790+0000] {dag.py:3823} INFO - Setting next_dagrun for Airflow_Lab2_Flask to None, run_after=None
[2026-04-10T03:04:24.810+0000] {processor.py:183} INFO - Processing /opt/airflow/dags/airflow_lab2_flask.py took 0.082 seconds
[2026-04-10T03:04:55.683+0000] {processor.py:161} INFO - Started process (PID=5264) to work on /opt/airflow/dags/airflow_lab2_flask.py
[2026-04-10T03:04:55.685+0000] {processor.py:830} INFO - Processing file /opt/airflow/dags/airflow_lab2_flask.py for tasks to queue
[2026-04-10T03:04:55.689+0000] {logging_mixin.py:188} INFO - [2026-04-10T03:04:55.688+0000] {dagbag.py:538} INFO - Filling up the DagBag from /opt/airflow/dags/airflow_lab2_flask.py
[2026-04-10T03:04:55.715+0000] {processor.py:840} INFO - DAG(s) 'Airflow_Lab2_Flask' retrieved from /opt/airflow/dags/airflow_lab2_flask.py
[2026-04-10T03:04:55.740+0000] {logging_mixin.py:188} INFO - [2026-04-10T03:04:55.740+0000] {dag.py:3036} INFO - Sync 1 DAGs
[2026-04-10T03:04:55.755+0000] {logging_mixin.py:188} INFO - [2026-04-10T03:04:55.754+0000] {dag.py:3823} INFO - Setting next_dagrun for Airflow_Lab2_Flask to None, run_after=None
[2026-04-10T03:04:55.768+0000] {processor.py:183} INFO - Processing /opt/airflow/dags/airflow_lab2_flask.py took 0.091 seconds
[2026-04-10T03:05:26.588+0000] {processor.py:161} INFO - Started process (PID=5301) to work on /opt/airflow/dags/airflow_lab2_flask.py
[2026-04-10T03:05:26.593+0000] {processor.py:830} INFO - Processing file /opt/airflow/dags/airflow_lab2_flask.py for tasks to queue
[2026-04-10T03:05:26.597+0000] {logging_mixin.py:188} INFO - [2026-04-10T03:05:26.597+0000] {dagbag.py:538} INFO - Filling up the DagBag from /opt/airflow/dags/airflow_lab2_flask.py
[2026-04-10T03:05:26.622+0000] {processor.py:840} INFO - DAG(s) 'Airflow_Lab2_Flask' retrieved from /opt/airflow/dags/airflow_lab2_flask.py
[2026-04-10T03:05:26.644+0000] {logging_mixin.py:188} INFO - [2026-04-10T03:05:26.644+0000] {dag.py:3036} INFO - Sync 1 DAGs
[2026-04-10T03:05:26.652+0000] {logging_mixin.py:188} INFO - [2026-04-10T03:05:26.652+0000] {dag.py:3823} INFO - Setting next_dagrun for Airflow_Lab2_Flask to None, run_after=None
[2026-04-10T03:05:26.665+0000] {processor.py:183} INFO - Processing /opt/airflow/dags/airflow_lab2_flask.py took 0.086 seconds
[2026-04-10T03:05:57.584+0000] {processor.py:161} INFO - Started process (PID=5332) to work on /opt/airflow/dags/airflow_lab2_flask.py
[2026-04-10T03:05:57.586+0000] {processor.py:830} INFO - Processing file /opt/airflow/dags/airflow_lab2_flask.py for tasks to queue
[2026-04-10T03:05:57.590+0000] {logging_mixin.py:188} INFO - [2026-04-10T03:05:57.590+0000] {dagbag.py:538} INFO - Filling up the DagBag from /opt/airflow/dags/airflow_lab2_flask.py
[2026-04-10T03:05:57.613+0000] {processor.py:840} INFO - DAG(s) 'Airflow_Lab2_Flask' retrieved from /opt/airflow/dags/airflow_lab2_flask.py
[2026-04-10T03:05:57.638+0000] {logging_mixin.py:188} INFO - [2026-04-10T03:05:57.638+0000] {dag.py:3036} INFO - Sync 1 DAGs
[2026-04-10T03:05:57.651+0000] {logging_mixin.py:188} INFO - [2026-04-10T03:05:57.651+0000] {dag.py:3823} INFO - Setting next_dagrun for Airflow_Lab2_Flask to None, run_after=None
[2026-04-10T03:05:57.662+0000] {processor.py:183} INFO - Processing /opt/airflow/dags/airflow_lab2_flask.py took 0.085 seconds
[2026-04-10T03:06:28.553+0000] {processor.py:161} INFO - Started process (PID=5363) to work on /opt/airflow/dags/airflow_lab2_flask.py
[2026-04-10T03:06:28.555+0000] {processor.py:830} INFO - Processing file /opt/airflow/dags/airflow_lab2_flask.py for tasks to queue
[2026-04-10T03:06:28.558+0000] {logging_mixin.py:188} INFO - [2026-04-10T03:06:28.557+0000] {dagbag.py:538} INFO - Filling up the DagBag from /opt/airflow/dags/airflow_lab2_flask.py
[2026-04-10T03:06:28.580+0000] {processor.py:840} INFO - DAG(s) 'Airflow_Lab2_Flask' retrieved from /opt/airflow/dags/airflow_lab2_flask.py
[2026-04-10T03:06:28.603+0000] {logging_mixin.py:188} INFO - [2026-04-10T03:06:28.603+0000] {dag.py:3036} INFO - Sync 1 DAGs
[2026-04-10T03:06:28.611+0000] {logging_mixin.py:188} INFO - [2026-04-10T03:06:28.611+0000] {dag.py:3823} INFO - Setting next_dagrun for Airflow_Lab2_Flask to None, run_after=None
[2026-04-10T03:06:28.628+0000] {processor.py:183} INFO - Processing /opt/airflow/dags/airflow_lab2_flask.py took 0.079 seconds
[2026-04-10T03:06:59.497+0000] {processor.py:161} INFO - Started process (PID=5394) to work on /opt/airflow/dags/airflow_lab2_flask.py
[2026-04-10T03:06:59.499+0000] {processor.py:830} INFO - Processing file /opt/airflow/dags/airflow_lab2_flask.py for tasks to queue
[2026-04-10T03:06:59.503+0000] {logging_mixin.py:188} INFO - [2026-04-10T03:06:59.503+0000] {dagbag.py:538} INFO - Filling up the DagBag from /opt/airflow/dags/airflow_lab2_flask.py
[2026-04-10T03:06:59.524+0000] {processor.py:840} INFO - DAG(s) 'Airflow_Lab2_Flask' retrieved from /opt/airflow/dags/airflow_lab2_flask.py
[2026-04-10T03:06:59.539+0000] {logging_mixin.py:188} INFO - [2026-04-10T03:06:59.539+0000] {dag.py:3036} INFO - Sync 1 DAGs
[2026-04-10T03:06:59.547+0000] {logging_mixin.py:188} INFO - [2026-04-10T03:06:59.547+0000] {dag.py:3823} INFO - Setting next_dagrun for Airflow_Lab2_Flask to None, run_after=None
[2026-04-10T03:06:59.560+0000] {processor.py:183} INFO - Processing /opt/airflow/dags/airflow_lab2_flask.py took 0.070 seconds
[2026-04-10T03:07:30.515+0000] {processor.py:161} INFO - Started process (PID=5425) to work on /opt/airflow/dags/airflow_lab2_flask.py
[2026-04-10T03:07:30.517+0000] {processor.py:830} INFO - Processing file /opt/airflow/dags/airflow_lab2_flask.py for tasks to queue
[2026-04-10T03:07:30.522+0000] {logging_mixin.py:188} INFO - [2026-04-10T03:07:30.521+0000] {dagbag.py:538} INFO - Filling up the DagBag from /opt/airflow/dags/airflow_lab2_flask.py
[2026-04-10T03:07:30.541+0000] {processor.py:840} INFO - DAG(s) 'Airflow_Lab2_Flask' retrieved from /opt/airflow/dags/airflow_lab2_flask.py
[2026-04-10T03:07:30.565+0000] {logging_mixin.py:188} INFO - [2026-04-10T03:07:30.565+0000] {dag.py:3036} INFO - Sync 1 DAGs
[2026-04-10T03:07:30.573+0000] {logging_mixin.py:188} INFO - [2026-04-10T03:07:30.573+0000] {dag.py:3823} INFO - Setting next_dagrun for Airflow_Lab2_Flask to None, run_after=None
[2026-04-10T03:07:30.586+0000] {processor.py:183} INFO - Processing /opt/airflow/dags/airflow_lab2_flask.py took 0.079 seconds
[2026-04-10T03:08:01.565+0000] {processor.py:161} INFO - Started process (PID=5457) to work on /opt/airflow/dags/airflow_lab2_flask.py
[2026-04-10T03:08:01.568+0000] {processor.py:830} INFO - Processing file /opt/airflow/dags/airflow_lab2_flask.py for tasks to queue
[2026-04-10T03:08:01.572+0000] {logging_mixin.py:188} INFO - [2026-04-10T03:08:01.571+0000] {dagbag.py:538} INFO - Filling up the DagBag from /opt/airflow/dags/airflow_lab2_flask.py
[2026-04-10T03:08:01.592+0000] {processor.py:840} INFO - DAG(s) 'Airflow_Lab2_Flask' retrieved from /opt/airflow/dags/airflow_lab2_flask.py
[2026-04-10T03:08:01.613+0000] {logging_mixin.py:188} INFO - [2026-04-10T03:08:01.613+0000] {dag.py:3036} INFO - Sync 1 DAGs
[2026-04-10T03:08:01.623+0000] {logging_mixin.py:188} INFO - [2026-04-10T03:08:01.623+0000] {dag.py:3823} INFO - Setting next_dagrun for Airflow_Lab2_Flask to None, run_after=None
[2026-04-10T03:08:01.633+0000] {processor.py:183} INFO - Processing /opt/airflow/dags/airflow_lab2_flask.py took 0.077 seconds
[2026-04-10T03:08:32.513+0000] {processor.py:161} INFO - Started process (PID=5488) to work on /opt/airflow/dags/airflow_lab2_flask.py
[2026-04-10T03:08:32.516+0000] {processor.py:830} INFO - Processing file /opt/airflow/dags/airflow_lab2_flask.py for tasks to queue
[2026-04-10T03:08:32.523+0000] {logging_mixin.py:188} INFO - [2026-04-10T03:08:32.521+0000] {dagbag.py:538} INFO - Filling up the DagBag from /opt/airflow/dags/airflow_lab2_flask.py
[2026-04-10T03:08:32.549+0000] {processor.py:840} INFO - DAG(s) 'Airflow_Lab2_Flask' retrieved from /opt/airflow/dags/airflow_lab2_flask.py
[2026-04-10T03:08:32.570+0000] {logging_mixin.py:188} INFO - [2026-04-10T03:08:32.570+0000] {dag.py:3036} INFO - Sync 1 DAGs
[2026-04-10T03:08:32.578+0000] {logging_mixin.py:188} INFO - [2026-04-10T03:08:32.577+0000] {dag.py:3823} INFO - Setting next_dagrun for Airflow_Lab2_Flask to None, run_after=None
[2026-04-10T03:08:32.587+0000] {processor.py:183} INFO - Processing /opt/airflow/dags/airflow_lab2_flask.py took 0.090 seconds
[2026-04-10T03:09:03.404+0000] {processor.py:161} INFO - Started process (PID=5519) to work on /opt/airflow/dags/airflow_lab2_flask.py
[2026-04-10T03:09:03.408+0000] {processor.py:830} INFO - Processing file /opt/airflow/dags/airflow_lab2_flask.py for tasks to queue
[2026-04-10T03:09:03.410+0000] {logging_mixin.py:188} INFO - [2026-04-10T03:09:03.410+0000] {dagbag.py:538} INFO - Filling up the DagBag from /opt/airflow/dags/airflow_lab2_flask.py
[2026-04-10T03:09:03.430+0000] {processor.py:840} INFO - DAG(s) 'Airflow_Lab2_Flask' retrieved from /opt/airflow/dags/airflow_lab2_flask.py
[2026-04-10T03:09:03.451+0000] {logging_mixin.py:188} INFO - [2026-04-10T03:09:03.451+0000] {dag.py:3036} INFO - Sync 1 DAGs
[2026-04-10T03:09:03.463+0000] {logging_mixin.py:188} INFO - [2026-04-10T03:09:03.463+0000] {dag.py:3823} INFO - Setting next_dagrun for Airflow_Lab2_Flask to None, run_after=None
[2026-04-10T03:09:03.474+0000] {processor.py:183} INFO - Processing /opt/airflow/dags/airflow_lab2_flask.py took 0.077 seconds
[2026-04-10T03:09:34.318+0000] {processor.py:161} INFO - Started process (PID=5550) to work on /opt/airflow/dags/airflow_lab2_flask.py
[2026-04-10T03:09:34.319+0000] {processor.py:830} INFO - Processing file /opt/airflow/dags/airflow_lab2_flask.py for tasks to queue
[2026-04-10T03:09:34.322+0000] {logging_mixin.py:188} INFO - [2026-04-10T03:09:34.322+0000] {dagbag.py:538} INFO - Filling up the DagBag from /opt/airflow/dags/airflow_lab2_flask.py
[2026-04-10T03:09:34.339+0000] {processor.py:840} INFO - DAG(s) 'Airflow_Lab2_Flask' retrieved from /opt/airflow/dags/airflow_lab2_flask.py
[2026-04-10T03:09:34.370+0000] {logging_mixin.py:188} INFO - [2026-04-10T03:09:34.370+0000] {dag.py:3036} INFO - Sync 1 DAGs
[2026-04-10T03:09:34.379+0000] {logging_mixin.py:188} INFO - [2026-04-10T03:09:34.379+0000] {dag.py:3823} INFO - Setting next_dagrun for Airflow_Lab2_Flask to None, run_after=None
[2026-04-10T03:09:34.391+0000] {processor.py:183} INFO - Processing /opt/airflow/dags/airflow_lab2_flask.py took 0.080 seconds
[2026-04-10T03:10:05.281+0000] {processor.py:161} INFO - Started process (PID=5581) to work on /opt/airflow/dags/airflow_lab2_flask.py
[2026-04-10T03:10:05.283+0000] {processor.py:830} INFO - Processing file /opt/airflow/dags/airflow_lab2_flask.py for tasks to queue
[2026-04-10T03:10:05.287+0000] {logging_mixin.py:188} INFO - [2026-04-10T03:10:05.287+0000] {dagbag.py:538} INFO - Filling up the DagBag from /opt/airflow/dags/airflow_lab2_flask.py
[2026-04-10T03:10:05.304+0000] {processor.py:840} INFO - DAG(s) 'Airflow_Lab2_Flask' retrieved from /opt/airflow/dags/airflow_lab2_flask.py
[2026-04-10T03:10:05.328+0000] {logging_mixin.py:188} INFO - [2026-04-10T03:10:05.328+0000] {dag.py:3036} INFO - Sync 1 DAGs
[2026-04-10T03:10:05.338+0000] {logging_mixin.py:188} INFO - [2026-04-10T03:10:05.338+0000] {dag.py:3823} INFO - Setting next_dagrun for Airflow_Lab2_Flask to None, run_after=None
[2026-04-10T03:10:05.353+0000] {processor.py:183} INFO - Processing /opt/airflow/dags/airflow_lab2_flask.py took 0.078 seconds
[2026-04-10T03:10:36.229+0000] {processor.py:161} INFO - Started process (PID=5612) to work on /opt/airflow/dags/airflow_lab2_flask.py
[2026-04-10T03:10:36.232+0000] {processor.py:830} INFO - Processing file /opt/airflow/dags/airflow_lab2_flask.py for tasks to queue
[2026-04-10T03:10:36.235+0000] {logging_mixin.py:188} INFO - [2026-04-10T03:10:36.234+0000] {dagbag.py:538} INFO - Filling up the DagBag from /opt/airflow/dags/airflow_lab2_flask.py
[2026-04-10T03:10:36.256+0000] {processor.py:840} INFO - DAG(s) 'Airflow_Lab2_Flask' retrieved from /opt/airflow/dags/airflow_lab2_flask.py
[2026-04-10T03:10:36.272+0000] {logging_mixin.py:188} INFO - [2026-04-10T03:10:36.272+0000] {dag.py:3036} INFO - Sync 1 DAGs
[2026-04-10T03:10:36.281+0000] {logging_mixin.py:188} INFO - [2026-04-10T03:10:36.281+0000] {dag.py:3823} INFO - Setting next_dagrun for Airflow_Lab2_Flask to None, run_after=None
[2026-04-10T03:10:36.294+0000] {processor.py:183} INFO - Processing /opt/airflow/dags/airflow_lab2_flask.py took 0.073 seconds
[2026-04-10T03:11:07.109+0000] {processor.py:161} INFO - Started process (PID=5643) to work on /opt/airflow/dags/airflow_lab2_flask.py
[2026-04-10T03:11:07.111+0000] {processor.py:830} INFO - Processing file /opt/airflow/dags/airflow_lab2_flask.py for tasks to queue
[2026-04-10T03:11:07.116+0000] {logging_mixin.py:188} INFO - [2026-04-10T03:11:07.115+0000] {dagbag.py:538} INFO - Filling up the DagBag from /opt/airflow/dags/airflow_lab2_flask.py
[2026-04-10T03:11:07.138+0000] {processor.py:840} INFO - DAG(s) 'Airflow_Lab2_Flask' retrieved from /opt/airflow/dags/airflow_lab2_flask.py
[2026-04-10T03:11:07.156+0000] {logging_mixin.py:188} INFO - [2026-04-10T03:11:07.156+0000] {dag.py:3036} INFO - Sync 1 DAGs
[2026-04-10T03:11:07.166+0000] {logging_mixin.py:188} INFO - [2026-04-10T03:11:07.166+0000] {dag.py:3823} INFO - Setting next_dagrun for Airflow_Lab2_Flask to None, run_after=None
[2026-04-10T03:11:07.177+0000] {processor.py:183} INFO - Processing /opt/airflow/dags/airflow_lab2_flask.py took 0.076 seconds
[2026-04-10T03:11:37.989+0000] {processor.py:161} INFO - Started process (PID=5674) to work on /opt/airflow/dags/airflow_lab2_flask.py
[2026-04-10T03:11:37.991+0000] {processor.py:830} INFO - Processing file /opt/airflow/dags/airflow_lab2_flask.py for tasks to queue
[2026-04-10T03:11:37.994+0000] {logging_mixin.py:188} INFO - [2026-04-10T03:11:37.994+0000] {dagbag.py:538} INFO - Filling up the DagBag from /opt/airflow/dags/airflow_lab2_flask.py
[2026-04-10T03:11:38.015+0000] {processor.py:840} INFO - DAG(s) 'Airflow_Lab2_Flask' retrieved from /opt/airflow/dags/airflow_lab2_flask.py
[2026-04-10T03:11:38.032+0000] {logging_mixin.py:188} INFO - [2026-04-10T03:11:38.032+0000] {dag.py:3036} INFO - Sync 1 DAGs
[2026-04-10T03:11:38.043+0000] {logging_mixin.py:188} INFO - [2026-04-10T03:11:38.043+0000] {dag.py:3823} INFO - Setting next_dagrun for Airflow_Lab2_Flask to None, run_after=None
[2026-04-10T03:11:38.053+0000] {processor.py:183} INFO - Processing /opt/airflow/dags/airflow_lab2_flask.py took 0.072 seconds
[2026-04-10T03:12:09.006+0000] {processor.py:161} INFO - Started process (PID=5705) to work on /opt/airflow/dags/airflow_lab2_flask.py
[2026-04-10T03:12:09.010+0000] {processor.py:830} INFO - Processing file /opt/airflow/dags/airflow_lab2_flask.py for tasks to queue
[2026-04-10T03:12:09.013+0000] {logging_mixin.py:188} INFO - [2026-04-10T03:12:09.013+0000] {dagbag.py:538} INFO - Filling up the DagBag from /opt/airflow/dags/airflow_lab2_flask.py
[2026-04-10T03:12:09.039+0000] {processor.py:840} INFO - DAG(s) 'Airflow_Lab2_Flask' retrieved from /opt/airflow/dags/airflow_lab2_flask.py
[2026-04-10T03:12:09.062+0000] {logging_mixin.py:188} INFO - [2026-04-10T03:12:09.062+0000] {dag.py:3036} INFO - Sync 1 DAGs
[2026-04-10T03:12:09.076+0000] {logging_mixin.py:188} INFO - [2026-04-10T03:12:09.076+0000] {dag.py:3823} INFO - Setting next_dagrun for Airflow_Lab2_Flask to None, run_after=None
[2026-04-10T03:12:09.090+0000] {processor.py:183} INFO - Processing /opt/airflow/dags/airflow_lab2_flask.py took 0.096 seconds
[2026-04-10T03:12:39.977+0000] {processor.py:161} INFO - Started process (PID=5736) to work on /opt/airflow/dags/airflow_lab2_flask.py
[2026-04-10T03:12:39.979+0000] {processor.py:830} INFO - Processing file /opt/airflow/dags/airflow_lab2_flask.py for tasks to queue
[2026-04-10T03:12:39.982+0000] {logging_mixin.py:188} INFO - [2026-04-10T03:12:39.982+0000] {dagbag.py:538} INFO - Filling up the DagBag from /opt/airflow/dags/airflow_lab2_flask.py
[2026-04-10T03:12:40.002+0000] {processor.py:840} INFO - DAG(s) 'Airflow_Lab2_Flask' retrieved from /opt/airflow/dags/airflow_lab2_flask.py
[2026-04-10T03:12:40.018+0000] {logging_mixin.py:188} INFO - [2026-04-10T03:12:40.018+0000] {dag.py:3036} INFO - Sync 1 DAGs
[2026-04-10T03:12:40.025+0000] {logging_mixin.py:188} INFO - [2026-04-10T03:12:40.025+0000] {dag.py:3823} INFO - Setting next_dagrun for Airflow_Lab2_Flask to None, run_after=None
[2026-04-10T03:12:40.034+0000] {processor.py:183} INFO - Processing /opt/airflow/dags/airflow_lab2_flask.py took 0.064 seconds
[2026-04-10T03:13:10.797+0000] {processor.py:161} INFO - Started process (PID=5767) to work on /opt/airflow/dags/airflow_lab2_flask.py
[2026-04-10T03:13:10.800+0000] {processor.py:830} INFO - Processing file /opt/airflow/dags/airflow_lab2_flask.py for tasks to queue
[2026-04-10T03:13:10.802+0000] {logging_mixin.py:188} INFO - [2026-04-10T03:13:10.802+0000] {dagbag.py:538} INFO - Filling up the DagBag from /opt/airflow/dags/airflow_lab2_flask.py
[2026-04-10T03:13:10.819+0000] {processor.py:840} INFO - DAG(s) 'Airflow_Lab2_Flask' retrieved from /opt/airflow/dags/airflow_lab2_flask.py
[2026-04-10T03:13:10.835+0000] {logging_mixin.py:188} INFO - [2026-04-10T03:13:10.834+0000] {dag.py:3036} INFO - Sync 1 DAGs
[2026-04-10T03:13:10.843+0000] {logging_mixin.py:188} INFO - [2026-04-10T03:13:10.843+0000] {dag.py:3823} INFO - Setting next_dagrun for Airflow_Lab2_Flask to None, run_after=None
[2026-04-10T03:13:10.851+0000] {processor.py:183} INFO - Processing /opt/airflow/dags/airflow_lab2_flask.py took 0.061 seconds
[2026-04-10T03:13:41.648+0000] {processor.py:161} INFO - Started process (PID=5798) to work on /opt/airflow/dags/airflow_lab2_flask.py
[2026-04-10T03:13:41.649+0000] {processor.py:830} INFO - Processing file /opt/airflow/dags/airflow_lab2_flask.py for tasks to queue
[2026-04-10T03:13:41.651+0000] {logging_mixin.py:188} INFO - [2026-04-10T03:13:41.650+0000] {dagbag.py:538} INFO - Filling up the DagBag from /opt/airflow/dags/airflow_lab2_flask.py
[2026-04-10T03:13:41.659+0000] {processor.py:840} INFO - DAG(s) 'Airflow_Lab2_Flask' retrieved from /opt/airflow/dags/airflow_lab2_flask.py
[2026-04-10T03:13:41.670+0000] {logging_mixin.py:188} INFO - [2026-04-10T03:13:41.670+0000] {dag.py:3036} INFO - Sync 1 DAGs
[2026-04-10T03:13:41.676+0000] {logging_mixin.py:188} INFO - [2026-04-10T03:13:41.676+0000] {dag.py:3823} INFO - Setting next_dagrun for Airflow_Lab2_Flask to None, run_after=None
[2026-04-10T03:13:41.684+0000] {processor.py:183} INFO - Processing /opt/airflow/dags/airflow_lab2_flask.py took 0.038 seconds
[2026-04-10T03:14:12.519+0000] {processor.py:161} INFO - Started process (PID=5829) to work on /opt/airflow/dags/airflow_lab2_flask.py
[2026-04-10T03:14:12.522+0000] {processor.py:830} INFO - Processing file /opt/airflow/dags/airflow_lab2_flask.py for tasks to queue
[2026-04-10T03:14:12.525+0000] {logging_mixin.py:188} INFO - [2026-04-10T03:14:12.525+0000] {dagbag.py:538} INFO - Filling up the DagBag from /opt/airflow/dags/airflow_lab2_flask.py
[2026-04-10T03:14:12.544+0000] {processor.py:840} INFO - DAG(s) 'Airflow_Lab2_Flask' retrieved from /opt/airflow/dags/airflow_lab2_flask.py
[2026-04-10T03:14:12.569+0000] {logging_mixin.py:188} INFO - [2026-04-10T03:14:12.569+0000] {dag.py:3036} INFO - Sync 1 DAGs
[2026-04-10T03:14:12.577+0000] {logging_mixin.py:188} INFO - [2026-04-10T03:14:12.577+0000] {dag.py:3823} INFO - Setting next_dagrun for Airflow_Lab2_Flask to None, run_after=None
[2026-04-10T03:14:12.588+0000] {processor.py:183} INFO - Processing /opt/airflow/dags/airflow_lab2_flask.py took 0.075 seconds
[2026-04-10T03:14:43.553+0000] {processor.py:161} INFO - Started process (PID=5860) to work on /opt/airflow/dags/airflow_lab2_flask.py
[2026-04-10T03:14:43.556+0000] {processor.py:830} INFO - Processing file /opt/airflow/dags/airflow_lab2_flask.py for tasks to queue
[2026-04-10T03:14:43.563+0000] {logging_mixin.py:188} INFO - [2026-04-10T03:14:43.562+0000] {dagbag.py:538} INFO - Filling up the DagBag from /opt/airflow/dags/airflow_lab2_flask.py
[2026-04-10T03:14:43.585+0000] {processor.py:840} INFO - DAG(s) 'Airflow_Lab2_Flask' retrieved from /opt/airflow/dags/airflow_lab2_flask.py
[2026-04-10T03:14:43.607+0000] {logging_mixin.py:188} INFO - [2026-04-10T03:14:43.607+0000] {dag.py:3036} INFO - Sync 1 DAGs
[2026-04-10T03:14:43.623+0000] {logging_mixin.py:188} INFO - [2026-04-10T03:14:43.623+0000] {dag.py:3823} INFO - Setting next_dagrun for Airflow_Lab2_Flask to None, run_after=None
[2026-04-10T03:14:43.636+0000] {processor.py:183} INFO - Processing /opt/airflow/dags/airflow_lab2_flask.py took 0.096 seconds
[2026-04-10T03:15:14.554+0000] {processor.py:161} INFO - Started process (PID=5891) to work on /opt/airflow/dags/airflow_lab2_flask.py
[2026-04-10T03:15:14.560+0000] {processor.py:830} INFO - Processing file /opt/airflow/dags/airflow_lab2_flask.py for tasks to queue
[2026-04-10T03:15:14.562+0000] {logging_mixin.py:188} INFO - [2026-04-10T03:15:14.561+0000] {dagbag.py:538} INFO - Filling up the DagBag from /opt/airflow/dags/airflow_lab2_flask.py
[2026-04-10T03:15:14.586+0000] {processor.py:840} INFO - DAG(s) 'Airflow_Lab2_Flask' retrieved from /opt/airflow/dags/airflow_lab2_flask.py
[2026-04-10T03:15:14.611+0000] {logging_mixin.py:188} INFO - [2026-04-10T03:15:14.610+0000] {dag.py:3036} INFO - Sync 1 DAGs
[2026-04-10T03:15:14.619+0000] {logging_mixin.py:188} INFO - [2026-04-10T03:15:14.618+0000] {dag.py:3823} INFO - Setting next_dagrun for Airflow_Lab2_Flask to None, run_after=None
[2026-04-10T03:15:14.633+0000] {processor.py:183} INFO - Processing /opt/airflow/dags/airflow_lab2_flask.py took 0.086 seconds
[2026-04-10T03:15:45.526+0000] {processor.py:161} INFO - Started process (PID=5922) to work on /opt/airflow/dags/airflow_lab2_flask.py
[2026-04-10T03:15:45.528+0000] {processor.py:830} INFO - Processing file /opt/airflow/dags/airflow_lab2_flask.py for tasks to queue
[2026-04-10T03:15:45.531+0000] {logging_mixin.py:188} INFO - [2026-04-10T03:15:45.530+0000] {dagbag.py:538} INFO - Filling up the DagBag from /opt/airflow/dags/airflow_lab2_flask.py
[2026-04-10T03:15:45.558+0000] {processor.py:840} INFO - DAG(s) 'Airflow_Lab2_Flask' retrieved from /opt/airflow/dags/airflow_lab2_flask.py
[2026-04-10T03:15:45.584+0000] {logging_mixin.py:188} INFO - [2026-04-10T03:15:45.584+0000] {dag.py:3036} INFO - Sync 1 DAGs
[2026-04-10T03:15:45.594+0000] {logging_mixin.py:188} INFO - [2026-04-10T03:15:45.594+0000] {dag.py:3823} INFO - Setting next_dagrun for Airflow_Lab2_Flask to None, run_after=None
[2026-04-10T03:15:45.615+0000] {processor.py:183} INFO - Processing /opt/airflow/dags/airflow_lab2_flask.py took 0.095 seconds
[2026-04-10T03:16:16.506+0000] {processor.py:161} INFO - Started process (PID=5953) to work on /opt/airflow/dags/airflow_lab2_flask.py
[2026-04-10T03:16:16.509+0000] {processor.py:830} INFO - Processing file /opt/airflow/dags/airflow_lab2_flask.py for tasks to queue
[2026-04-10T03:16:16.512+0000] {logging_mixin.py:188} INFO - [2026-04-10T03:16:16.511+0000] {dagbag.py:538} INFO - Filling up the DagBag from /opt/airflow/dags/airflow_lab2_flask.py
[2026-04-10T03:16:16.540+0000] {processor.py:840} INFO - DAG(s) 'Airflow_Lab2_Flask' retrieved from /opt/airflow/dags/airflow_lab2_flask.py
[2026-04-10T03:16:16.560+0000] {logging_mixin.py:188} INFO - [2026-04-10T03:16:16.560+0000] {dag.py:3036} INFO - Sync 1 DAGs
[2026-04-10T03:16:16.569+0000] {logging_mixin.py:188} INFO - [2026-04-10T03:16:16.569+0000] {dag.py:3823} INFO - Setting next_dagrun for Airflow_Lab2_Flask to None, run_after=None
[2026-04-10T03:16:16.581+0000] {processor.py:183} INFO - Processing /opt/airflow/dags/airflow_lab2_flask.py took 0.082 seconds
[2026-04-10T03:16:47.499+0000] {processor.py:161} INFO - Started process (PID=5984) to work on /opt/airflow/dags/airflow_lab2_flask.py
[2026-04-10T03:16:47.503+0000] {processor.py:830} INFO - Processing file /opt/airflow/dags/airflow_lab2_flask.py for tasks to queue
[2026-04-10T03:16:47.506+0000] {logging_mixin.py:188} INFO - [2026-04-10T03:16:47.506+0000] {dagbag.py:538} INFO - Filling up the DagBag from /opt/airflow/dags/airflow_lab2_flask.py
[2026-04-10T03:16:47.524+0000] {processor.py:840} INFO - DAG(s) 'Airflow_Lab2_Flask' retrieved from /opt/airflow/dags/airflow_lab2_flask.py
[2026-04-10T03:16:47.548+0000] {logging_mixin.py:188} INFO - [2026-04-10T03:16:47.548+0000] {dag.py:3036} INFO - Sync 1 DAGs
[2026-04-10T03:16:47.558+0000] {logging_mixin.py:188} INFO - [2026-04-10T03:16:47.558+0000] {dag.py:3823} INFO - Setting next_dagrun for Airflow_Lab2_Flask to None, run_after=None
[2026-04-10T03:16:47.570+0000] {processor.py:183} INFO - Processing /opt/airflow/dags/airflow_lab2_flask.py took 0.085 seconds
[2026-04-10T03:17:18.407+0000] {processor.py:161} INFO - Started process (PID=6015) to work on /opt/airflow/dags/airflow_lab2_flask.py
[2026-04-10T03:17:18.409+0000] {processor.py:830} INFO - Processing file /opt/airflow/dags/airflow_lab2_flask.py for tasks to queue
[2026-04-10T03:17:18.414+0000] {logging_mixin.py:188} INFO - [2026-04-10T03:17:18.414+0000] {dagbag.py:538} INFO - Filling up the DagBag from /opt/airflow/dags/airflow_lab2_flask.py
[2026-04-10T03:17:18.435+0000] {processor.py:840} INFO - DAG(s) 'Airflow_Lab2_Flask' retrieved from /opt/airflow/dags/airflow_lab2_flask.py
[2026-04-10T03:17:18.452+0000] {logging_mixin.py:188} INFO - [2026-04-10T03:17:18.452+0000] {dag.py:3036} INFO - Sync 1 DAGs
[2026-04-10T03:17:18.459+0000] {logging_mixin.py:188} INFO - [2026-04-10T03:17:18.459+0000] {dag.py:3823} INFO - Setting next_dagrun for Airflow_Lab2_Flask to None, run_after=None
[2026-04-10T03:17:18.469+0000] {processor.py:183} INFO - Processing /opt/airflow/dags/airflow_lab2_flask.py took 0.072 seconds
[2026-04-10T03:17:49.374+0000] {processor.py:161} INFO - Started process (PID=6046) to work on /opt/airflow/dags/airflow_lab2_flask.py
[2026-04-10T03:17:49.376+0000] {processor.py:830} INFO - Processing file /opt/airflow/dags/airflow_lab2_flask.py for tasks to queue
[2026-04-10T03:17:49.381+0000] {logging_mixin.py:188} INFO - [2026-04-10T03:17:49.380+0000] {dagbag.py:538} INFO - Filling up the DagBag from /opt/airflow/dags/airflow_lab2_flask.py
[2026-04-10T03:17:49.399+0000] {processor.py:840} INFO - DAG(s) 'Airflow_Lab2_Flask' retrieved from /opt/airflow/dags/airflow_lab2_flask.py
[2026-04-10T03:17:49.417+0000] {logging_mixin.py:188} INFO - [2026-04-10T03:17:49.416+0000] {dag.py:3036} INFO - Sync 1 DAGs
[2026-04-10T03:17:49.425+0000] {logging_mixin.py:188} INFO - [2026-04-10T03:17:49.425+0000] {dag.py:3823} INFO - Setting next_dagrun for Airflow_Lab2_Flask to None, run_after=None
[2026-04-10T03:17:49.438+0000] {processor.py:183} INFO - Processing /opt/airflow/dags/airflow_lab2_flask.py took 0.071 seconds
[2026-04-10T03:18:20.331+0000] {processor.py:161} INFO - Started process (PID=6077) to work on /opt/airflow/dags/airflow_lab2_flask.py
[2026-04-10T03:18:20.333+0000] {processor.py:830} INFO - Processing file /opt/airflow/dags/airflow_lab2_flask.py for tasks to queue
[2026-04-10T03:18:20.337+0000] {logging_mixin.py:188} INFO - [2026-04-10T03:18:20.336+0000] {dagbag.py:538} INFO - Filling up the DagBag from /opt/airflow/dags/airflow_lab2_flask.py
[2026-04-10T03:18:20.356+0000] {processor.py:840} INFO - DAG(s) 'Airflow_Lab2_Flask' retrieved from /opt/airflow/dags/airflow_lab2_flask.py
[2026-04-10T03:18:20.374+0000] {logging_mixin.py:188} INFO - [2026-04-10T03:18:20.374+0000] {dag.py:3036} INFO - Sync 1 DAGs
[2026-04-10T03:18:20.382+0000] {logging_mixin.py:188} INFO - [2026-04-10T03:18:20.382+0000] {dag.py:3823} INFO - Setting next_dagrun for Airflow_Lab2_Flask to None, run_after=None
[2026-04-10T03:18:20.395+0000] {processor.py:183} INFO - Processing /opt/airflow/dags/airflow_lab2_flask.py took 0.073 seconds
[2026-04-10T03:18:51.236+0000] {processor.py:161} INFO - Started process (PID=6108) to work on /opt/airflow/dags/airflow_lab2_flask.py
[2026-04-10T03:18:51.238+0000] {processor.py:830} INFO - Processing file /opt/airflow/dags/airflow_lab2_flask.py for tasks to queue
[2026-04-10T03:18:51.246+0000] {logging_mixin.py:188} INFO - [2026-04-10T03:18:51.246+0000] {dagbag.py:538} INFO - Filling up the DagBag from /opt/airflow/dags/airflow_lab2_flask.py
[2026-04-10T03:18:51.275+0000] {processor.py:840} INFO - DAG(s) 'Airflow_Lab2_Flask' retrieved from /opt/airflow/dags/airflow_lab2_flask.py
[2026-04-10T03:18:51.299+0000] {logging_mixin.py:188} INFO - [2026-04-10T03:18:51.299+0000] {dag.py:3036} INFO - Sync 1 DAGs
[2026-04-10T03:18:51.307+0000] {logging_mixin.py:188} INFO - [2026-04-10T03:18:51.307+0000] {dag.py:3823} INFO - Setting next_dagrun for Airflow_Lab2_Flask to None, run_after=None
[2026-04-10T03:18:51.319+0000] {processor.py:183} INFO - Processing /opt/airflow/dags/airflow_lab2_flask.py took 0.094 seconds
[2026-04-10T03:19:22.221+0000] {processor.py:161} INFO - Started process (PID=6139) to work on /opt/airflow/dags/airflow_lab2_flask.py
[2026-04-10T03:19:22.224+0000] {processor.py:830} INFO - Processing file /opt/airflow/dags/airflow_lab2_flask.py for tasks to queue
[2026-04-10T03:19:22.231+0000] {logging_mixin.py:188} INFO - [2026-04-10T03:19:22.231+0000] {dagbag.py:538} INFO - Filling up the DagBag from /opt/airflow/dags/airflow_lab2_flask.py
[2026-04-10T03:19:22.252+0000] {processor.py:840} INFO - DAG(s) 'Airflow_Lab2_Flask' retrieved from /opt/airflow/dags/airflow_lab2_flask.py
[2026-04-10T03:19:22.276+0000] {logging_mixin.py:188} INFO - [2026-04-10T03:19:22.275+0000] {dag.py:3036} INFO - Sync 1 DAGs
[2026-04-10T03:19:22.287+0000] {logging_mixin.py:188} INFO - [2026-04-10T03:19:22.287+0000] {dag.py:3823} INFO - Setting next_dagrun for Airflow_Lab2_Flask to None, run_after=None
[2026-04-10T03:19:22.300+0000] {processor.py:183} INFO - Processing /opt/airflow/dags/airflow_lab2_flask.py took 0.087 seconds
[2026-04-10T03:19:53.187+0000] {processor.py:161} INFO - Started process (PID=6170) to work on /opt/airflow/dags/airflow_lab2_flask.py
[2026-04-10T03:19:53.191+0000] {processor.py:830} INFO - Processing file /opt/airflow/dags/airflow_lab2_flask.py for tasks to queue
[2026-04-10T03:19:53.199+0000] {logging_mixin.py:188} INFO - [2026-04-10T03:19:53.198+0000] {dagbag.py:538} INFO - Filling up the DagBag from /opt/airflow/dags/airflow_lab2_flask.py
[2026-04-10T03:19:53.294+0000] {processor.py:840} INFO - DAG(s) 'Airflow_Lab2_Flask' retrieved from /opt/airflow/dags/airflow_lab2_flask.py
[2026-04-10T03:19:53.357+0000] {logging_mixin.py:188} INFO - [2026-04-10T03:19:53.357+0000] {dag.py:3036} INFO - Sync 1 DAGs
[2026-04-10T03:19:53.431+0000] {logging_mixin.py:188} INFO - [2026-04-10T03:19:53.430+0000] {dag.py:3823} INFO - Setting next_dagrun for Airflow_Lab2_Flask to None, run_after=None
[2026-04-10T03:19:53.484+0000] {processor.py:183} INFO - Processing /opt/airflow/dags/airflow_lab2_flask.py took 0.314 seconds
[2026-04-10T03:20:24.458+0000] {processor.py:161} INFO - Started process (PID=6201) to work on /opt/airflow/dags/airflow_lab2_flask.py
[2026-04-10T03:20:24.460+0000] {processor.py:830} INFO - Processing file /opt/airflow/dags/airflow_lab2_flask.py for tasks to queue
[2026-04-10T03:20:24.465+0000] {logging_mixin.py:188} INFO - [2026-04-10T03:20:24.465+0000] {dagbag.py:538} INFO - Filling up the DagBag from /opt/airflow/dags/airflow_lab2_flask.py
[2026-04-10T03:20:24.487+0000] {processor.py:840} INFO - DAG(s) 'Airflow_Lab2_Flask' retrieved from /opt/airflow/dags/airflow_lab2_flask.py
[2026-04-10T03:20:24.508+0000] {logging_mixin.py:188} INFO - [2026-04-10T03:20:24.507+0000] {dag.py:3036} INFO - Sync 1 DAGs
[2026-04-10T03:20:24.519+0000] {logging_mixin.py:188} INFO - [2026-04-10T03:20:24.519+0000] {dag.py:3823} INFO - Setting next_dagrun for Airflow_Lab2_Flask to None, run_after=None
[2026-04-10T03:20:24.528+0000] {processor.py:183} INFO - Processing /opt/airflow/dags/airflow_lab2_flask.py took 0.077 seconds
[2026-04-10T03:20:55.477+0000] {processor.py:161} INFO - Started process (PID=6232) to work on /opt/airflow/dags/airflow_lab2_flask.py
[2026-04-10T03:20:55.478+0000] {processor.py:830} INFO - Processing file /opt/airflow/dags/airflow_lab2_flask.py for tasks to queue
[2026-04-10T03:20:55.481+0000] {logging_mixin.py:188} INFO - [2026-04-10T03:20:55.481+0000] {dagbag.py:538} INFO - Filling up the DagBag from /opt/airflow/dags/airflow_lab2_flask.py
[2026-04-10T03:20:55.510+0000] {processor.py:840} INFO - DAG(s) 'Airflow_Lab2_Flask' retrieved from /opt/airflow/dags/airflow_lab2_flask.py
[2026-04-10T03:20:55.544+0000] {logging_mixin.py:188} INFO - [2026-04-10T03:20:55.543+0000] {dag.py:3036} INFO - Sync 1 DAGs
[2026-04-10T03:20:55.554+0000] {logging_mixin.py:188} INFO - [2026-04-10T03:20:55.554+0000] {dag.py:3823} INFO - Setting next_dagrun for Airflow_Lab2_Flask to None, run_after=None
[2026-04-10T03:20:55.574+0000] {processor.py:183} INFO - Processing /opt/airflow/dags/airflow_lab2_flask.py took 0.109 seconds
[2026-04-10T03:21:26.525+0000] {processor.py:161} INFO - Started process (PID=6263) to work on /opt/airflow/dags/airflow_lab2_flask.py
[2026-04-10T03:21:26.529+0000] {processor.py:830} INFO - Processing file /opt/airflow/dags/airflow_lab2_flask.py for tasks to queue
[2026-04-10T03:21:26.534+0000] {logging_mixin.py:188} INFO - [2026-04-10T03:21:26.533+0000] {dagbag.py:538} INFO - Filling up the DagBag from /opt/airflow/dags/airflow_lab2_flask.py
[2026-04-10T03:21:26.557+0000] {processor.py:840} INFO - DAG(s) 'Airflow_Lab2_Flask' retrieved from /opt/airflow/dags/airflow_lab2_flask.py
[2026-04-10T03:21:26.577+0000] {logging_mixin.py:188} INFO - [2026-04-10T03:21:26.576+0000] {dag.py:3036} INFO - Sync 1 DAGs
[2026-04-10T03:21:26.586+0000] {logging_mixin.py:188} INFO - [2026-04-10T03:21:26.586+0000] {dag.py:3823} INFO - Setting next_dagrun for Airflow_Lab2_Flask to None, run_after=None
[2026-04-10T03:21:26.601+0000] {processor.py:183} INFO - Processing /opt/airflow/dags/airflow_lab2_flask.py took 0.088 seconds
[2026-04-10T03:21:57.545+0000] {processor.py:161} INFO - Started process (PID=6294) to work on /opt/airflow/dags/airflow_lab2_flask.py
[2026-04-10T03:21:57.548+0000] {processor.py:830} INFO - Processing file /opt/airflow/dags/airflow_lab2_flask.py for tasks to queue
[2026-04-10T03:21:57.555+0000] {logging_mixin.py:188} INFO - [2026-04-10T03:21:57.555+0000] {dagbag.py:538} INFO - Filling up the DagBag from /opt/airflow/dags/airflow_lab2_flask.py
[2026-04-10T03:21:57.588+0000] {processor.py:840} INFO - DAG(s) 'Airflow_Lab2_Flask' retrieved from /opt/airflow/dags/airflow_lab2_flask.py
[2026-04-10T03:21:57.614+0000] {logging_mixin.py:188} INFO - [2026-04-10T03:21:57.614+0000] {dag.py:3036} INFO - Sync 1 DAGs
[2026-04-10T03:21:57.625+0000] {logging_mixin.py:188} INFO - [2026-04-10T03:21:57.625+0000] {dag.py:3823} INFO - Setting next_dagrun for Airflow_Lab2_Flask to None, run_after=None
[2026-04-10T03:21:57.643+0000] {processor.py:183} INFO - Processing /opt/airflow/dags/airflow_lab2_flask.py took 0.111 seconds
[2026-04-10T03:22:28.528+0000] {processor.py:161} INFO - Started process (PID=6325) to work on /opt/airflow/dags/airflow_lab2_flask.py
[2026-04-10T03:22:28.530+0000] {processor.py:830} INFO - Processing file /opt/airflow/dags/airflow_lab2_flask.py for tasks to queue
[2026-04-10T03:22:28.535+0000] {logging_mixin.py:188} INFO - [2026-04-10T03:22:28.534+0000] {dagbag.py:538} INFO - Filling up the DagBag from /opt/airflow/dags/airflow_lab2_flask.py
[2026-04-10T03:22:28.552+0000] {processor.py:840} INFO - DAG(s) 'Airflow_Lab2_Flask' retrieved from /opt/airflow/dags/airflow_lab2_flask.py
[2026-04-10T03:22:28.578+0000] {logging_mixin.py:188} INFO - [2026-04-10T03:22:28.578+0000] {dag.py:3036} INFO - Sync 1 DAGs
[2026-04-10T03:22:28.586+0000] {logging_mixin.py:188} INFO - [2026-04-10T03:22:28.585+0000] {dag.py:3823} INFO - Setting next_dagrun for Airflow_Lab2_Flask to None, run_after=None
[2026-04-10T03:22:28.597+0000] {processor.py:183} INFO - Processing /opt/airflow/dags/airflow_lab2_flask.py took 0.076 seconds
[2026-04-10T03:22:59.521+0000] {processor.py:161} INFO - Started process (PID=6362) to work on /opt/airflow/dags/airflow_lab2_flask.py
[2026-04-10T03:22:59.522+0000] {processor.py:830} INFO - Processing file /opt/airflow/dags/airflow_lab2_flask.py for tasks to queue
[2026-04-10T03:22:59.530+0000] {logging_mixin.py:188} INFO - [2026-04-10T03:22:59.529+0000] {dagbag.py:538} INFO - Filling up the DagBag from /opt/airflow/dags/airflow_lab2_flask.py
[2026-04-10T03:22:59.563+0000] {processor.py:840} INFO - DAG(s) 'Airflow_Lab2_Flask' retrieved from /opt/airflow/dags/airflow_lab2_flask.py
[2026-04-10T03:22:59.585+0000] {logging_mixin.py:188} INFO - [2026-04-10T03:22:59.585+0000] {dag.py:3036} INFO - Sync 1 DAGs
[2026-04-10T03:22:59.601+0000] {logging_mixin.py:188} INFO - [2026-04-10T03:22:59.601+0000] {dag.py:3823} INFO - Setting next_dagrun for Airflow_Lab2_Flask to None, run_after=None
[2026-04-10T03:22:59.612+0000] {processor.py:183} INFO - Processing /opt/airflow/dags/airflow_lab2_flask.py took 0.098 seconds
[2026-04-10T03:23:30.464+0000] {processor.py:161} INFO - Started process (PID=6393) to work on /opt/airflow/dags/airflow_lab2_flask.py
[2026-04-10T03:23:30.467+0000] {processor.py:830} INFO - Processing file /opt/airflow/dags/airflow_lab2_flask.py for tasks to queue
[2026-04-10T03:23:30.470+0000] {logging_mixin.py:188} INFO - [2026-04-10T03:23:30.470+0000] {dagbag.py:538} INFO - Filling up the DagBag from /opt/airflow/dags/airflow_lab2_flask.py
[2026-04-10T03:23:30.496+0000] {processor.py:840} INFO - DAG(s) 'Airflow_Lab2_Flask' retrieved from /opt/airflow/dags/airflow_lab2_flask.py
[2026-04-10T03:23:30.517+0000] {logging_mixin.py:188} INFO - [2026-04-10T03:23:30.517+0000] {dag.py:3036} INFO - Sync 1 DAGs
[2026-04-10T03:23:30.532+0000] {logging_mixin.py:188} INFO - [2026-04-10T03:23:30.532+0000] {dag.py:3823} INFO - Setting next_dagrun for Airflow_Lab2_Flask to None, run_after=None
[2026-04-10T03:23:30.548+0000] {processor.py:183} INFO - Processing /opt/airflow/dags/airflow_lab2_flask.py took 0.099 seconds
[2026-04-10T03:24:01.450+0000] {processor.py:161} INFO - Started process (PID=6423) to work on /opt/airflow/dags/airflow_lab2_flask.py
[2026-04-10T03:24:01.454+0000] {processor.py:830} INFO - Processing file /opt/airflow/dags/airflow_lab2_flask.py for tasks to queue
[2026-04-10T03:24:01.457+0000] {logging_mixin.py:188} INFO - [2026-04-10T03:24:01.456+0000] {dagbag.py:538} INFO - Filling up the DagBag from /opt/airflow/dags/airflow_lab2_flask.py
[2026-04-10T03:24:01.477+0000] {processor.py:840} INFO - DAG(s) 'Airflow_Lab2_Flask' retrieved from /opt/airflow/dags/airflow_lab2_flask.py
[2026-04-10T03:24:01.500+0000] {logging_mixin.py:188} INFO - [2026-04-10T03:24:01.500+0000] {dag.py:3036} INFO - Sync 1 DAGs
[2026-04-10T03:24:01.510+0000] {logging_mixin.py:188} INFO - [2026-04-10T03:24:01.510+0000] {dag.py:3823} INFO - Setting next_dagrun for Airflow_Lab2_Flask to None, run_after=None
[2026-04-10T03:24:01.522+0000] {processor.py:183} INFO - Processing /opt/airflow/dags/airflow_lab2_flask.py took 0.079 seconds
[2026-04-10T03:24:32.481+0000] {processor.py:161} INFO - Started process (PID=6454) to work on /opt/airflow/dags/airflow_lab2_flask.py
[2026-04-10T03:24:32.485+0000] {processor.py:830} INFO - Processing file /opt/airflow/dags/airflow_lab2_flask.py for tasks to queue
[2026-04-10T03:24:32.492+0000] {logging_mixin.py:188} INFO - [2026-04-10T03:24:32.492+0000] {dagbag.py:538} INFO - Filling up the DagBag from /opt/airflow/dags/airflow_lab2_flask.py
[2026-04-10T03:24:32.515+0000] {processor.py:840} INFO - DAG(s) 'Airflow_Lab2_Flask' retrieved from /opt/airflow/dags/airflow_lab2_flask.py
[2026-04-10T03:24:32.540+0000] {logging_mixin.py:188} INFO - [2026-04-10T03:24:32.539+0000] {dag.py:3036} INFO - Sync 1 DAGs
[2026-04-10T03:24:32.556+0000] {logging_mixin.py:188} INFO - [2026-04-10T03:24:32.555+0000] {dag.py:3823} INFO - Setting next_dagrun for Airflow_Lab2_Flask to None, run_after=None
[2026-04-10T03:24:32.571+0000] {processor.py:183} INFO - Processing /opt/airflow/dags/airflow_lab2_flask.py took 0.105 seconds
[2026-04-10T03:25:03.437+0000] {processor.py:161} INFO - Started process (PID=6485) to work on /opt/airflow/dags/airflow_lab2_flask.py
[2026-04-10T03:25:03.443+0000] {processor.py:830} INFO - Processing file /opt/airflow/dags/airflow_lab2_flask.py for tasks to queue
[2026-04-10T03:25:03.447+0000] {logging_mixin.py:188} INFO - [2026-04-10T03:25:03.447+0000] {dagbag.py:538} INFO - Filling up the DagBag from /opt/airflow/dags/airflow_lab2_flask.py
[2026-04-10T03:25:03.467+0000] {processor.py:840} INFO - DAG(s) 'Airflow_Lab2_Flask' retrieved from /opt/airflow/dags/airflow_lab2_flask.py
[2026-04-10T03:25:03.486+0000] {logging_mixin.py:188} INFO - [2026-04-10T03:25:03.485+0000] {dag.py:3036} INFO - Sync 1 DAGs
[2026-04-10T03:25:03.494+0000] {logging_mixin.py:188} INFO - [2026-04-10T03:25:03.493+0000] {dag.py:3823} INFO - Setting next_dagrun for Airflow_Lab2_Flask to None, run_after=None
[2026-04-10T03:25:03.502+0000] {processor.py:183} INFO - Processing /opt/airflow/dags/airflow_lab2_flask.py took 0.070 seconds
[2026-04-10T03:25:34.424+0000] {processor.py:161} INFO - Started process (PID=6516) to work on /opt/airflow/dags/airflow_lab2_flask.py
[2026-04-10T03:25:34.426+0000] {processor.py:830} INFO - Processing file /opt/airflow/dags/airflow_lab2_flask.py for tasks to queue
[2026-04-10T03:25:34.430+0000] {logging_mixin.py:188} INFO - [2026-04-10T03:25:34.429+0000] {dagbag.py:538} INFO - Filling up the DagBag from /opt/airflow/dags/airflow_lab2_flask.py
[2026-04-10T03:25:34.455+0000] {processor.py:840} INFO - DAG(s) 'Airflow_Lab2_Flask' retrieved from /opt/airflow/dags/airflow_lab2_flask.py
[2026-04-10T03:25:34.483+0000] {logging_mixin.py:188} INFO - [2026-04-10T03:25:34.483+0000] {dag.py:3036} INFO - Sync 1 DAGs
[2026-04-10T03:25:34.498+0000] {logging_mixin.py:188} INFO - [2026-04-10T03:25:34.498+0000] {dag.py:3823} INFO - Setting next_dagrun for Airflow_Lab2_Flask to None, run_after=None
[2026-04-10T03:25:34.513+0000] {processor.py:183} INFO - Processing /opt/airflow/dags/airflow_lab2_flask.py took 0.093 seconds
[2026-04-10T03:26:05.511+0000] {processor.py:161} INFO - Started process (PID=6547) to work on /opt/airflow/dags/airflow_lab2_flask.py
[2026-04-10T03:26:05.514+0000] {processor.py:830} INFO - Processing file /opt/airflow/dags/airflow_lab2_flask.py for tasks to queue
[2026-04-10T03:26:05.516+0000] {logging_mixin.py:188} INFO - [2026-04-10T03:26:05.516+0000] {dagbag.py:538} INFO - Filling up the DagBag from /opt/airflow/dags/airflow_lab2_flask.py
[2026-04-10T03:26:05.542+0000] {processor.py:840} INFO - DAG(s) 'Airflow_Lab2_Flask' retrieved from /opt/airflow/dags/airflow_lab2_flask.py
[2026-04-10T03:26:05.569+0000] {logging_mixin.py:188} INFO - [2026-04-10T03:26:05.569+0000] {dag.py:3036} INFO - Sync 1 DAGs
[2026-04-10T03:26:05.578+0000] {logging_mixin.py:188} INFO - [2026-04-10T03:26:05.578+0000] {dag.py:3823} INFO - Setting next_dagrun for Airflow_Lab2_Flask to None, run_after=None
[2026-04-10T03:26:05.592+0000] {processor.py:183} INFO - Processing /opt/airflow/dags/airflow_lab2_flask.py took 0.089 seconds
[2026-04-10T03:26:36.489+0000] {processor.py:161} INFO - Started process (PID=6578) to work on /opt/airflow/dags/airflow_lab2_flask.py
[2026-04-10T03:26:36.492+0000] {processor.py:830} INFO - Processing file /opt/airflow/dags/airflow_lab2_flask.py for tasks to queue
[2026-04-10T03:26:36.495+0000] {logging_mixin.py:188} INFO - [2026-04-10T03:26:36.495+0000] {dagbag.py:538} INFO - Filling up the DagBag from /opt/airflow/dags/airflow_lab2_flask.py
[2026-04-10T03:26:36.510+0000] {processor.py:840} INFO - DAG(s) 'Airflow_Lab2_Flask' retrieved from /opt/airflow/dags/airflow_lab2_flask.py
[2026-04-10T03:26:36.526+0000] {logging_mixin.py:188} INFO - [2026-04-10T03:26:36.526+0000] {dag.py:3036} INFO - Sync 1 DAGs
[2026-04-10T03:26:36.533+0000] {logging_mixin.py:188} INFO - [2026-04-10T03:26:36.533+0000] {dag.py:3823} INFO - Setting next_dagrun for Airflow_Lab2_Flask to None, run_after=None
[2026-04-10T03:26:36.544+0000] {processor.py:183} INFO - Processing /opt/airflow/dags/airflow_lab2_flask.py took 0.063 seconds
[2026-04-10T03:27:07.350+0000] {processor.py:161} INFO - Started process (PID=6608) to work on /opt/airflow/dags/airflow_lab2_flask.py
[2026-04-10T03:27:07.352+0000] {processor.py:830} INFO - Processing file /opt/airflow/dags/airflow_lab2_flask.py for tasks to queue
[2026-04-10T03:27:07.354+0000] {logging_mixin.py:188} INFO - [2026-04-10T03:27:07.354+0000] {dagbag.py:538} INFO - Filling up the DagBag from /opt/airflow/dags/airflow_lab2_flask.py
[2026-04-10T03:27:07.370+0000] {processor.py:840} INFO - DAG(s) 'Airflow_Lab2_Flask' retrieved from /opt/airflow/dags/airflow_lab2_flask.py
[2026-04-10T03:27:07.389+0000] {logging_mixin.py:188} INFO - [2026-04-10T03:27:07.389+0000] {dag.py:3036} INFO - Sync 1 DAGs
[2026-04-10T03:27:07.400+0000] {logging_mixin.py:188} INFO - [2026-04-10T03:27:07.400+0000] {dag.py:3823} INFO - Setting next_dagrun for Airflow_Lab2_Flask to None, run_after=None
[2026-04-10T03:27:07.411+0000] {processor.py:183} INFO - Processing /opt/airflow/dags/airflow_lab2_flask.py took 0.068 seconds
[2026-04-10T03:27:38.257+0000] {processor.py:161} INFO - Started process (PID=6639) to work on /opt/airflow/dags/airflow_lab2_flask.py
[2026-04-10T03:27:38.259+0000] {processor.py:830} INFO - Processing file /opt/airflow/dags/airflow_lab2_flask.py for tasks to queue
[2026-04-10T03:27:38.266+0000] {logging_mixin.py:188} INFO - [2026-04-10T03:27:38.265+0000] {dagbag.py:538} INFO - Filling up the DagBag from /opt/airflow/dags/airflow_lab2_flask.py
[2026-04-10T03:27:38.305+0000] {processor.py:840} INFO - DAG(s) 'Airflow_Lab2_Flask' retrieved from /opt/airflow/dags/airflow_lab2_flask.py
[2026-04-10T03:27:38.338+0000] {logging_mixin.py:188} INFO - [2026-04-10T03:27:38.338+0000] {dag.py:3036} INFO - Sync 1 DAGs
[2026-04-10T03:27:38.350+0000] {logging_mixin.py:188} INFO - [2026-04-10T03:27:38.350+0000] {dag.py:3823} INFO - Setting next_dagrun for Airflow_Lab2_Flask to None, run_after=None
[2026-04-10T03:27:38.367+0000] {processor.py:183} INFO - Processing /opt/airflow/dags/airflow_lab2_flask.py took 0.117 seconds
[2026-04-10T03:28:09.346+0000] {processor.py:161} INFO - Started process (PID=6671) to work on /opt/airflow/dags/airflow_lab2_flask.py
[2026-04-10T03:28:09.351+0000] {processor.py:830} INFO - Processing file /opt/airflow/dags/airflow_lab2_flask.py for tasks to queue
[2026-04-10T03:28:09.358+0000] {logging_mixin.py:188} INFO - [2026-04-10T03:28:09.358+0000] {dagbag.py:538} INFO - Filling up the DagBag from /opt/airflow/dags/airflow_lab2_flask.py
[2026-04-10T03:28:09.382+0000] {processor.py:840} INFO - DAG(s) 'Airflow_Lab2_Flask' retrieved from /opt/airflow/dags/airflow_lab2_flask.py
[2026-04-10T03:28:09.402+0000] {logging_mixin.py:188} INFO - [2026-04-10T03:28:09.402+0000] {dag.py:3036} INFO - Sync 1 DAGs
[2026-04-10T03:28:09.413+0000] {logging_mixin.py:188} INFO - [2026-04-10T03:28:09.412+0000] {dag.py:3823} INFO - Setting next_dagrun for Airflow_Lab2_Flask to None, run_after=None
[2026-04-10T03:28:09.423+0000] {processor.py:183} INFO - Processing /opt/airflow/dags/airflow_lab2_flask.py took 0.084 seconds
[2026-04-10T03:28:40.362+0000] {processor.py:161} INFO - Started process (PID=6702) to work on /opt/airflow/dags/airflow_lab2_flask.py
[2026-04-10T03:28:40.363+0000] {processor.py:830} INFO - Processing file /opt/airflow/dags/airflow_lab2_flask.py for tasks to queue
[2026-04-10T03:28:40.365+0000] {logging_mixin.py:188} INFO - [2026-04-10T03:28:40.365+0000] {dagbag.py:538} INFO - Filling up the DagBag from /opt/airflow/dags/airflow_lab2_flask.py
[2026-04-10T03:28:40.379+0000] {processor.py:840} INFO - DAG(s) 'Airflow_Lab2_Flask' retrieved from /opt/airflow/dags/airflow_lab2_flask.py
[2026-04-10T03:28:40.396+0000] {logging_mixin.py:188} INFO - [2026-04-10T03:28:40.396+0000] {dag.py:3036} INFO - Sync 1 DAGs
[2026-04-10T03:28:40.403+0000] {logging_mixin.py:188} INFO - [2026-04-10T03:28:40.403+0000] {dag.py:3823} INFO - Setting next_dagrun for Airflow_Lab2_Flask to None, run_after=None
[2026-04-10T03:28:40.416+0000] {processor.py:183} INFO - Processing /opt/airflow/dags/airflow_lab2_flask.py took 0.059 seconds
[2026-04-10T03:29:11.213+0000] {processor.py:161} INFO - Started process (PID=6733) to work on /opt/airflow/dags/airflow_lab2_flask.py
[2026-04-10T03:29:11.215+0000] {processor.py:830} INFO - Processing file /opt/airflow/dags/airflow_lab2_flask.py for tasks to queue
[2026-04-10T03:29:11.218+0000] {logging_mixin.py:188} INFO - [2026-04-10T03:29:11.218+0000] {dagbag.py:538} INFO - Filling up the DagBag from /opt/airflow/dags/airflow_lab2_flask.py
[2026-04-10T03:29:11.239+0000] {processor.py:840} INFO - DAG(s) 'Airflow_Lab2_Flask' retrieved from /opt/airflow/dags/airflow_lab2_flask.py
[2026-04-10T03:29:11.254+0000] {logging_mixin.py:188} INFO - [2026-04-10T03:29:11.254+0000] {dag.py:3036} INFO - Sync 1 DAGs
[2026-04-10T03:29:11.261+0000] {logging_mixin.py:188} INFO - [2026-04-10T03:29:11.261+0000] {dag.py:3823} INFO - Setting next_dagrun for Airflow_Lab2_Flask to None, run_after=None
[2026-04-10T03:29:11.269+0000] {processor.py:183} INFO - Processing /opt/airflow/dags/airflow_lab2_flask.py took 0.062 seconds
[2026-04-10T03:29:42.065+0000] {processor.py:161} INFO - Started process (PID=6764) to work on /opt/airflow/dags/airflow_lab2_flask.py
[2026-04-10T03:29:42.066+0000] {processor.py:830} INFO - Processing file /opt/airflow/dags/airflow_lab2_flask.py for tasks to queue
[2026-04-10T03:29:42.069+0000] {logging_mixin.py:188} INFO - [2026-04-10T03:29:42.069+0000] {dagbag.py:538} INFO - Filling up the DagBag from /opt/airflow/dags/airflow_lab2_flask.py
[2026-04-10T03:29:42.081+0000] {processor.py:840} INFO - DAG(s) 'Airflow_Lab2_Flask' retrieved from /opt/airflow/dags/airflow_lab2_flask.py
[2026-04-10T03:29:42.096+0000] {logging_mixin.py:188} INFO - [2026-04-10T03:29:42.096+0000] {dag.py:3036} INFO - Sync 1 DAGs
[2026-04-10T03:29:42.105+0000] {logging_mixin.py:188} INFO - [2026-04-10T03:29:42.105+0000] {dag.py:3823} INFO - Setting next_dagrun for Airflow_Lab2_Flask to None, run_after=None
[2026-04-10T03:29:42.114+0000] {processor.py:183} INFO - Processing /opt/airflow/dags/airflow_lab2_flask.py took 0.055 seconds
[2026-04-10T03:30:13.047+0000] {processor.py:161} INFO - Started process (PID=6795) to work on /opt/airflow/dags/airflow_lab2_flask.py
[2026-04-10T03:30:13.049+0000] {processor.py:830} INFO - Processing file /opt/airflow/dags/airflow_lab2_flask.py for tasks to queue
[2026-04-10T03:30:13.054+0000] {logging_mixin.py:188} INFO - [2026-04-10T03:30:13.053+0000] {dagbag.py:538} INFO - Filling up the DagBag from /opt/airflow/dags/airflow_lab2_flask.py
[2026-04-10T03:30:13.070+0000] {processor.py:840} INFO - DAG(s) 'Airflow_Lab2_Flask' retrieved from /opt/airflow/dags/airflow_lab2_flask.py
[2026-04-10T03:30:13.085+0000] {logging_mixin.py:188} INFO - [2026-04-10T03:30:13.085+0000] {dag.py:3036} INFO - Sync 1 DAGs
[2026-04-10T03:30:13.091+0000] {logging_mixin.py:188} INFO - [2026-04-10T03:30:13.091+0000] {dag.py:3823} INFO - Setting next_dagrun for Airflow_Lab2_Flask to None, run_after=None
[2026-04-10T03:30:13.101+0000] {processor.py:183} INFO - Processing /opt/airflow/dags/airflow_lab2_flask.py took 0.061 seconds
[2026-04-10T03:30:43.823+0000] {processor.py:161} INFO - Started process (PID=6826) to work on /opt/airflow/dags/airflow_lab2_flask.py
[2026-04-10T03:30:43.824+0000] {processor.py:830} INFO - Processing file /opt/airflow/dags/airflow_lab2_flask.py for tasks to queue
[2026-04-10T03:30:43.831+0000] {logging_mixin.py:188} INFO - [2026-04-10T03:30:43.830+0000] {dagbag.py:538} INFO - Filling up the DagBag from /opt/airflow/dags/airflow_lab2_flask.py
[2026-04-10T03:30:43.853+0000] {processor.py:840} INFO - DAG(s) 'Airflow_Lab2_Flask' retrieved from /opt/airflow/dags/airflow_lab2_flask.py
[2026-04-10T03:30:43.875+0000] {logging_mixin.py:188} INFO - [2026-04-10T03:30:43.875+0000] {dag.py:3036} INFO - Sync 1 DAGs
[2026-04-10T03:30:43.883+0000] {logging_mixin.py:188} INFO - [2026-04-10T03:30:43.883+0000] {dag.py:3823} INFO - Setting next_dagrun for Airflow_Lab2_Flask to None, run_after=None
[2026-04-10T03:30:43.892+0000] {processor.py:183} INFO - Processing /opt/airflow/dags/airflow_lab2_flask.py took 0.079 seconds
[2026-04-10T03:31:14.699+0000] {processor.py:161} INFO - Started process (PID=6857) to work on /opt/airflow/dags/airflow_lab2_flask.py
[2026-04-10T03:31:14.700+0000] {processor.py:830} INFO - Processing file /opt/airflow/dags/airflow_lab2_flask.py for tasks to queue
[2026-04-10T03:31:14.703+0000] {logging_mixin.py:188} INFO - [2026-04-10T03:31:14.703+0000] {dagbag.py:538} INFO - Filling up the DagBag from /opt/airflow/dags/airflow_lab2_flask.py
[2026-04-10T03:31:14.720+0000] {processor.py:840} INFO - DAG(s) 'Airflow_Lab2_Flask' retrieved from /opt/airflow/dags/airflow_lab2_flask.py
[2026-04-10T03:31:14.734+0000] {logging_mixin.py:188} INFO - [2026-04-10T03:31:14.734+0000] {dag.py:3036} INFO - Sync 1 DAGs
[2026-04-10T03:31:14.740+0000] {logging_mixin.py:188} INFO - [2026-04-10T03:31:14.740+0000] {dag.py:3823} INFO - Setting next_dagrun for Airflow_Lab2_Flask to None, run_after=None
[2026-04-10T03:31:14.751+0000] {processor.py:183} INFO - Processing /opt/airflow/dags/airflow_lab2_flask.py took 0.057 seconds
