[2026-04-10T00:40:26.673+0000] {processor.py:161} INFO - Started process (PID=4525) to work on /opt/airflow/dags/ml_pipeline.py
[2026-04-10T00:40:26.674+0000] {processor.py:830} INFO - Processing file /opt/airflow/dags/ml_pipeline.py for tasks to queue
[2026-04-10T00:40:26.675+0000] {logging_mixin.py:188} INFO - [2026-04-10T00:40:26.675+0000] {dagbag.py:538} INFO - Filling up the DagBag from /opt/airflow/dags/ml_pipeline.py
[2026-04-10T00:40:27.296+0000] {processor.py:840} INFO - DAG(s) 'ml_clustering_pipeline' retrieved from /opt/airflow/dags/ml_pipeline.py
[2026-04-10T00:40:27.313+0000] {logging_mixin.py:188} INFO - [2026-04-10T00:40:27.312+0000] {dag.py:3036} INFO - Sync 1 DAGs
[2026-04-10T00:40:27.320+0000] {logging_mixin.py:188} INFO - [2026-04-10T00:40:27.320+0000] {dag.py:3823} INFO - Setting next_dagrun for ml_clustering_pipeline to None, run_after=None
[2026-04-10T00:40:27.345+0000] {processor.py:183} INFO - Processing /opt/airflow/dags/ml_pipeline.py took 0.676 seconds
[2026-04-10T01:57:18.303+0000] {processor.py:161} INFO - Started process (PID=4556) to work on /opt/airflow/dags/ml_pipeline.py
[2026-04-10T01:57:18.304+0000] {processor.py:830} INFO - Processing file /opt/airflow/dags/ml_pipeline.py for tasks to queue
[2026-04-10T01:57:18.305+0000] {logging_mixin.py:188} INFO - [2026-04-10T01:57:18.305+0000] {dagbag.py:538} INFO - Filling up the DagBag from /opt/airflow/dags/ml_pipeline.py
[2026-04-10T01:57:19.018+0000] {processor.py:840} INFO - DAG(s) 'ml_clustering_pipeline' retrieved from /opt/airflow/dags/ml_pipeline.py
[2026-04-10T01:57:19.029+0000] {logging_mixin.py:188} INFO - [2026-04-10T01:57:19.029+0000] {dag.py:3036} INFO - Sync 1 DAGs
[2026-04-10T01:57:19.035+0000] {logging_mixin.py:188} INFO - [2026-04-10T01:57:19.035+0000] {dag.py:3823} INFO - Setting next_dagrun for ml_clustering_pipeline to None, run_after=None
[2026-04-10T01:57:19.044+0000] {processor.py:183} INFO - Processing /opt/airflow/dags/ml_pipeline.py took 0.751 seconds
[2026-04-10T02:53:36.066+0000] {processor.py:161} INFO - Started process (PID=4587) to work on /opt/airflow/dags/ml_pipeline.py
[2026-04-10T02:53:36.066+0000] {processor.py:830} INFO - Processing file /opt/airflow/dags/ml_pipeline.py for tasks to queue
[2026-04-10T02:53:36.067+0000] {logging_mixin.py:188} INFO - [2026-04-10T02:53:36.067+0000] {dagbag.py:538} INFO - Filling up the DagBag from /opt/airflow/dags/ml_pipeline.py
[2026-04-10T02:53:36.709+0000] {processor.py:840} INFO - DAG(s) 'ml_clustering_pipeline' retrieved from /opt/airflow/dags/ml_pipeline.py
[2026-04-10T02:53:36.724+0000] {logging_mixin.py:188} INFO - [2026-04-10T02:53:36.724+0000] {dag.py:3036} INFO - Sync 1 DAGs
[2026-04-10T02:53:36.732+0000] {logging_mixin.py:188} INFO - [2026-04-10T02:53:36.732+0000] {dag.py:3823} INFO - Setting next_dagrun for ml_clustering_pipeline to None, run_after=None
[2026-04-10T02:53:36.746+0000] {processor.py:183} INFO - Processing /opt/airflow/dags/ml_pipeline.py took 0.683 seconds
[2026-04-10T02:54:07.115+0000] {processor.py:161} INFO - Started process (PID=4617) to work on /opt/airflow/dags/ml_pipeline.py
[2026-04-10T02:54:07.118+0000] {processor.py:830} INFO - Processing file /opt/airflow/dags/ml_pipeline.py for tasks to queue
[2026-04-10T02:54:07.120+0000] {logging_mixin.py:188} INFO - [2026-04-10T02:54:07.120+0000] {dagbag.py:538} INFO - Filling up the DagBag from /opt/airflow/dags/ml_pipeline.py
[2026-04-10T02:54:07.683+0000] {processor.py:840} INFO - DAG(s) 'ml_clustering_pipeline' retrieved from /opt/airflow/dags/ml_pipeline.py
[2026-04-10T02:54:07.696+0000] {logging_mixin.py:188} INFO - [2026-04-10T02:54:07.696+0000] {dag.py:3036} INFO - Sync 1 DAGs
[2026-04-10T02:54:07.700+0000] {logging_mixin.py:188} INFO - [2026-04-10T02:54:07.700+0000] {dag.py:3823} INFO - Setting next_dagrun for ml_clustering_pipeline to None, run_after=None
[2026-04-10T02:54:07.709+0000] {processor.py:183} INFO - Processing /opt/airflow/dags/ml_pipeline.py took 0.612 seconds
[2026-04-10T02:54:38.081+0000] {processor.py:161} INFO - Started process (PID=4648) to work on /opt/airflow/dags/ml_pipeline.py
[2026-04-10T02:54:38.083+0000] {processor.py:830} INFO - Processing file /opt/airflow/dags/ml_pipeline.py for tasks to queue
[2026-04-10T02:54:38.085+0000] {logging_mixin.py:188} INFO - [2026-04-10T02:54:38.085+0000] {dagbag.py:538} INFO - Filling up the DagBag from /opt/airflow/dags/ml_pipeline.py
[2026-04-10T02:54:38.560+0000] {processor.py:840} INFO - DAG(s) 'ml_clustering_pipeline' retrieved from /opt/airflow/dags/ml_pipeline.py
[2026-04-10T02:54:38.576+0000] {logging_mixin.py:188} INFO - [2026-04-10T02:54:38.575+0000] {dag.py:3036} INFO - Sync 1 DAGs
[2026-04-10T02:54:38.588+0000] {logging_mixin.py:188} INFO - [2026-04-10T02:54:38.588+0000] {dag.py:3823} INFO - Setting next_dagrun for ml_clustering_pipeline to None, run_after=None
[2026-04-10T02:54:38.601+0000] {processor.py:183} INFO - Processing /opt/airflow/dags/ml_pipeline.py took 0.523 seconds
[2026-04-10T02:55:09.016+0000] {processor.py:161} INFO - Started process (PID=4679) to work on /opt/airflow/dags/ml_pipeline.py
[2026-04-10T02:55:09.022+0000] {processor.py:830} INFO - Processing file /opt/airflow/dags/ml_pipeline.py for tasks to queue
[2026-04-10T02:55:09.024+0000] {logging_mixin.py:188} INFO - [2026-04-10T02:55:09.024+0000] {dagbag.py:538} INFO - Filling up the DagBag from /opt/airflow/dags/ml_pipeline.py
[2026-04-10T02:55:09.581+0000] {processor.py:840} INFO - DAG(s) 'ml_clustering_pipeline' retrieved from /opt/airflow/dags/ml_pipeline.py
[2026-04-10T02:55:09.592+0000] {logging_mixin.py:188} INFO - [2026-04-10T02:55:09.592+0000] {dag.py:3036} INFO - Sync 1 DAGs
[2026-04-10T02:55:09.600+0000] {logging_mixin.py:188} INFO - [2026-04-10T02:55:09.600+0000] {dag.py:3823} INFO - Setting next_dagrun for ml_clustering_pipeline to None, run_after=None
[2026-04-10T02:55:09.610+0000] {processor.py:183} INFO - Processing /opt/airflow/dags/ml_pipeline.py took 0.606 seconds
[2026-04-10T02:55:40.025+0000] {processor.py:161} INFO - Started process (PID=4710) to work on /opt/airflow/dags/ml_pipeline.py
[2026-04-10T02:55:40.028+0000] {processor.py:830} INFO - Processing file /opt/airflow/dags/ml_pipeline.py for tasks to queue
[2026-04-10T02:55:40.030+0000] {logging_mixin.py:188} INFO - [2026-04-10T02:55:40.030+0000] {dagbag.py:538} INFO - Filling up the DagBag from /opt/airflow/dags/ml_pipeline.py
[2026-04-10T02:55:40.505+0000] {processor.py:840} INFO - DAG(s) 'ml_clustering_pipeline' retrieved from /opt/airflow/dags/ml_pipeline.py
[2026-04-10T02:55:40.515+0000] {logging_mixin.py:188} INFO - [2026-04-10T02:55:40.515+0000] {dag.py:3036} INFO - Sync 1 DAGs
[2026-04-10T02:55:40.521+0000] {logging_mixin.py:188} INFO - [2026-04-10T02:55:40.521+0000] {dag.py:3823} INFO - Setting next_dagrun for ml_clustering_pipeline to None, run_after=None
[2026-04-10T02:55:40.531+0000] {processor.py:183} INFO - Processing /opt/airflow/dags/ml_pipeline.py took 0.510 seconds
[2026-04-10T02:56:10.946+0000] {processor.py:161} INFO - Started process (PID=4741) to work on /opt/airflow/dags/ml_pipeline.py
[2026-04-10T02:56:10.948+0000] {processor.py:830} INFO - Processing file /opt/airflow/dags/ml_pipeline.py for tasks to queue
[2026-04-10T02:56:10.950+0000] {logging_mixin.py:188} INFO - [2026-04-10T02:56:10.950+0000] {dagbag.py:538} INFO - Filling up the DagBag from /opt/airflow/dags/ml_pipeline.py
[2026-04-10T02:56:11.451+0000] {processor.py:840} INFO - DAG(s) 'ml_clustering_pipeline' retrieved from /opt/airflow/dags/ml_pipeline.py
[2026-04-10T02:56:11.464+0000] {logging_mixin.py:188} INFO - [2026-04-10T02:56:11.464+0000] {dag.py:3036} INFO - Sync 1 DAGs
[2026-04-10T02:56:11.468+0000] {logging_mixin.py:188} INFO - [2026-04-10T02:56:11.468+0000] {dag.py:3823} INFO - Setting next_dagrun for ml_clustering_pipeline to None, run_after=None
[2026-04-10T02:56:11.476+0000] {processor.py:183} INFO - Processing /opt/airflow/dags/ml_pipeline.py took 0.533 seconds
[2026-04-10T02:56:41.925+0000] {processor.py:161} INFO - Started process (PID=4772) to work on /opt/airflow/dags/ml_pipeline.py
[2026-04-10T02:56:41.925+0000] {processor.py:830} INFO - Processing file /opt/airflow/dags/ml_pipeline.py for tasks to queue
[2026-04-10T02:56:41.927+0000] {logging_mixin.py:188} INFO - [2026-04-10T02:56:41.927+0000] {dagbag.py:538} INFO - Filling up the DagBag from /opt/airflow/dags/ml_pipeline.py
[2026-04-10T02:56:42.520+0000] {processor.py:840} INFO - DAG(s) 'ml_clustering_pipeline' retrieved from /opt/airflow/dags/ml_pipeline.py
[2026-04-10T02:56:42.529+0000] {logging_mixin.py:188} INFO - [2026-04-10T02:56:42.529+0000] {dag.py:3036} INFO - Sync 1 DAGs
[2026-04-10T02:56:42.534+0000] {logging_mixin.py:188} INFO - [2026-04-10T02:56:42.534+0000] {dag.py:3823} INFO - Setting next_dagrun for ml_clustering_pipeline to None, run_after=None
[2026-04-10T02:56:42.548+0000] {processor.py:183} INFO - Processing /opt/airflow/dags/ml_pipeline.py took 0.628 seconds
[2026-04-10T02:57:12.989+0000] {processor.py:161} INFO - Started process (PID=4803) to work on /opt/airflow/dags/ml_pipeline.py
[2026-04-10T02:57:12.990+0000] {processor.py:830} INFO - Processing file /opt/airflow/dags/ml_pipeline.py for tasks to queue
[2026-04-10T02:57:12.992+0000] {logging_mixin.py:188} INFO - [2026-04-10T02:57:12.992+0000] {dagbag.py:538} INFO - Filling up the DagBag from /opt/airflow/dags/ml_pipeline.py
[2026-04-10T02:57:13.514+0000] {processor.py:840} INFO - DAG(s) 'ml_clustering_pipeline' retrieved from /opt/airflow/dags/ml_pipeline.py
[2026-04-10T02:57:13.527+0000] {logging_mixin.py:188} INFO - [2026-04-10T02:57:13.527+0000] {dag.py:3036} INFO - Sync 1 DAGs
[2026-04-10T02:57:13.534+0000] {logging_mixin.py:188} INFO - [2026-04-10T02:57:13.534+0000] {dag.py:3823} INFO - Setting next_dagrun for ml_clustering_pipeline to None, run_after=None
[2026-04-10T02:57:13.544+0000] {processor.py:183} INFO - Processing /opt/airflow/dags/ml_pipeline.py took 0.559 seconds
[2026-04-10T02:57:43.921+0000] {processor.py:161} INFO - Started process (PID=4834) to work on /opt/airflow/dags/ml_pipeline.py
[2026-04-10T02:57:43.923+0000] {processor.py:830} INFO - Processing file /opt/airflow/dags/ml_pipeline.py for tasks to queue
[2026-04-10T02:57:43.925+0000] {logging_mixin.py:188} INFO - [2026-04-10T02:57:43.924+0000] {dagbag.py:538} INFO - Filling up the DagBag from /opt/airflow/dags/ml_pipeline.py
[2026-04-10T02:57:44.452+0000] {processor.py:840} INFO - DAG(s) 'ml_clustering_pipeline' retrieved from /opt/airflow/dags/ml_pipeline.py
[2026-04-10T02:57:44.462+0000] {logging_mixin.py:188} INFO - [2026-04-10T02:57:44.462+0000] {dag.py:3036} INFO - Sync 1 DAGs
[2026-04-10T02:57:44.469+0000] {logging_mixin.py:188} INFO - [2026-04-10T02:57:44.469+0000] {dag.py:3823} INFO - Setting next_dagrun for ml_clustering_pipeline to None, run_after=None
[2026-04-10T02:57:44.479+0000] {processor.py:183} INFO - Processing /opt/airflow/dags/ml_pipeline.py took 0.559 seconds
[2026-04-10T02:58:14.889+0000] {processor.py:161} INFO - Started process (PID=4865) to work on /opt/airflow/dags/ml_pipeline.py
[2026-04-10T02:58:14.890+0000] {processor.py:830} INFO - Processing file /opt/airflow/dags/ml_pipeline.py for tasks to queue
[2026-04-10T02:58:14.891+0000] {logging_mixin.py:188} INFO - [2026-04-10T02:58:14.891+0000] {dagbag.py:538} INFO - Filling up the DagBag from /opt/airflow/dags/ml_pipeline.py
[2026-04-10T02:58:15.448+0000] {processor.py:840} INFO - DAG(s) 'ml_clustering_pipeline' retrieved from /opt/airflow/dags/ml_pipeline.py
[2026-04-10T02:58:15.460+0000] {logging_mixin.py:188} INFO - [2026-04-10T02:58:15.460+0000] {dag.py:3036} INFO - Sync 1 DAGs
[2026-04-10T02:58:15.465+0000] {logging_mixin.py:188} INFO - [2026-04-10T02:58:15.465+0000] {dag.py:3823} INFO - Setting next_dagrun for ml_clustering_pipeline to None, run_after=None
[2026-04-10T02:58:15.476+0000] {processor.py:183} INFO - Processing /opt/airflow/dags/ml_pipeline.py took 0.590 seconds
[2026-04-10T02:58:45.944+0000] {processor.py:161} INFO - Started process (PID=4896) to work on /opt/airflow/dags/ml_pipeline.py
[2026-04-10T02:58:45.945+0000] {processor.py:830} INFO - Processing file /opt/airflow/dags/ml_pipeline.py for tasks to queue
[2026-04-10T02:58:45.947+0000] {logging_mixin.py:188} INFO - [2026-04-10T02:58:45.946+0000] {dagbag.py:538} INFO - Filling up the DagBag from /opt/airflow/dags/ml_pipeline.py
[2026-04-10T02:58:46.471+0000] {processor.py:840} INFO - DAG(s) 'ml_clustering_pipeline' retrieved from /opt/airflow/dags/ml_pipeline.py
[2026-04-10T02:58:46.480+0000] {logging_mixin.py:188} INFO - [2026-04-10T02:58:46.480+0000] {dag.py:3036} INFO - Sync 1 DAGs
[2026-04-10T02:58:46.486+0000] {logging_mixin.py:188} INFO - [2026-04-10T02:58:46.486+0000] {dag.py:3823} INFO - Setting next_dagrun for ml_clustering_pipeline to None, run_after=None
[2026-04-10T02:58:46.495+0000] {processor.py:183} INFO - Processing /opt/airflow/dags/ml_pipeline.py took 0.557 seconds
[2026-04-10T02:59:16.982+0000] {processor.py:161} INFO - Started process (PID=4927) to work on /opt/airflow/dags/ml_pipeline.py
[2026-04-10T02:59:16.984+0000] {processor.py:830} INFO - Processing file /opt/airflow/dags/ml_pipeline.py for tasks to queue
[2026-04-10T02:59:16.987+0000] {logging_mixin.py:188} INFO - [2026-04-10T02:59:16.987+0000] {dagbag.py:538} INFO - Filling up the DagBag from /opt/airflow/dags/ml_pipeline.py
[2026-04-10T02:59:17.536+0000] {processor.py:840} INFO - DAG(s) 'ml_clustering_pipeline' retrieved from /opt/airflow/dags/ml_pipeline.py
[2026-04-10T02:59:17.548+0000] {logging_mixin.py:188} INFO - [2026-04-10T02:59:17.548+0000] {dag.py:3036} INFO - Sync 1 DAGs
[2026-04-10T02:59:17.552+0000] {logging_mixin.py:188} INFO - [2026-04-10T02:59:17.552+0000] {dag.py:3823} INFO - Setting next_dagrun for ml_clustering_pipeline to None, run_after=None
[2026-04-10T02:59:17.562+0000] {processor.py:183} INFO - Processing /opt/airflow/dags/ml_pipeline.py took 0.586 seconds
[2026-04-10T02:59:47.955+0000] {processor.py:161} INFO - Started process (PID=4958) to work on /opt/airflow/dags/ml_pipeline.py
[2026-04-10T02:59:47.956+0000] {processor.py:830} INFO - Processing file /opt/airflow/dags/ml_pipeline.py for tasks to queue
[2026-04-10T02:59:47.958+0000] {logging_mixin.py:188} INFO - [2026-04-10T02:59:47.958+0000] {dagbag.py:538} INFO - Filling up the DagBag from /opt/airflow/dags/ml_pipeline.py
[2026-04-10T02:59:48.488+0000] {processor.py:840} INFO - DAG(s) 'ml_clustering_pipeline' retrieved from /opt/airflow/dags/ml_pipeline.py
[2026-04-10T02:59:48.502+0000] {logging_mixin.py:188} INFO - [2026-04-10T02:59:48.502+0000] {dag.py:3036} INFO - Sync 1 DAGs
[2026-04-10T02:59:48.508+0000] {logging_mixin.py:188} INFO - [2026-04-10T02:59:48.508+0000] {dag.py:3823} INFO - Setting next_dagrun for ml_clustering_pipeline to None, run_after=None
[2026-04-10T02:59:48.516+0000] {processor.py:183} INFO - Processing /opt/airflow/dags/ml_pipeline.py took 0.564 seconds
[2026-04-10T03:00:18.869+0000] {processor.py:161} INFO - Started process (PID=4989) to work on /opt/airflow/dags/ml_pipeline.py
[2026-04-10T03:00:18.870+0000] {processor.py:830} INFO - Processing file /opt/airflow/dags/ml_pipeline.py for tasks to queue
[2026-04-10T03:00:18.872+0000] {logging_mixin.py:188} INFO - [2026-04-10T03:00:18.872+0000] {dagbag.py:538} INFO - Filling up the DagBag from /opt/airflow/dags/ml_pipeline.py
[2026-04-10T03:00:19.311+0000] {processor.py:840} INFO - DAG(s) 'ml_clustering_pipeline' retrieved from /opt/airflow/dags/ml_pipeline.py
[2026-04-10T03:00:19.321+0000] {logging_mixin.py:188} INFO - [2026-04-10T03:00:19.321+0000] {dag.py:3036} INFO - Sync 1 DAGs
[2026-04-10T03:00:19.327+0000] {logging_mixin.py:188} INFO - [2026-04-10T03:00:19.327+0000] {dag.py:3823} INFO - Setting next_dagrun for ml_clustering_pipeline to None, run_after=None
[2026-04-10T03:00:19.338+0000] {processor.py:183} INFO - Processing /opt/airflow/dags/ml_pipeline.py took 0.471 seconds
[2026-04-10T03:00:49.794+0000] {processor.py:161} INFO - Started process (PID=5020) to work on /opt/airflow/dags/ml_pipeline.py
[2026-04-10T03:00:49.799+0000] {processor.py:830} INFO - Processing file /opt/airflow/dags/ml_pipeline.py for tasks to queue
[2026-04-10T03:00:49.803+0000] {logging_mixin.py:188} INFO - [2026-04-10T03:00:49.801+0000] {dagbag.py:538} INFO - Filling up the DagBag from /opt/airflow/dags/ml_pipeline.py
[2026-04-10T03:00:50.278+0000] {processor.py:840} INFO - DAG(s) 'ml_clustering_pipeline' retrieved from /opt/airflow/dags/ml_pipeline.py
[2026-04-10T03:00:50.291+0000] {logging_mixin.py:188} INFO - [2026-04-10T03:00:50.290+0000] {dag.py:3036} INFO - Sync 1 DAGs
[2026-04-10T03:00:50.296+0000] {logging_mixin.py:188} INFO - [2026-04-10T03:00:50.296+0000] {dag.py:3823} INFO - Setting next_dagrun for ml_clustering_pipeline to None, run_after=None
[2026-04-10T03:00:50.306+0000] {processor.py:183} INFO - Processing /opt/airflow/dags/ml_pipeline.py took 0.522 seconds
[2026-04-10T03:01:20.709+0000] {processor.py:161} INFO - Started process (PID=5051) to work on /opt/airflow/dags/ml_pipeline.py
[2026-04-10T03:01:20.715+0000] {processor.py:830} INFO - Processing file /opt/airflow/dags/ml_pipeline.py for tasks to queue
[2026-04-10T03:01:20.719+0000] {logging_mixin.py:188} INFO - [2026-04-10T03:01:20.719+0000] {dagbag.py:538} INFO - Filling up the DagBag from /opt/airflow/dags/ml_pipeline.py
[2026-04-10T03:01:21.117+0000] {processor.py:840} INFO - DAG(s) 'ml_clustering_pipeline' retrieved from /opt/airflow/dags/ml_pipeline.py
[2026-04-10T03:01:21.126+0000] {logging_mixin.py:188} INFO - [2026-04-10T03:01:21.126+0000] {dag.py:3036} INFO - Sync 1 DAGs
[2026-04-10T03:01:21.131+0000] {logging_mixin.py:188} INFO - [2026-04-10T03:01:21.131+0000] {dag.py:3823} INFO - Setting next_dagrun for ml_clustering_pipeline to None, run_after=None
[2026-04-10T03:01:21.140+0000] {processor.py:183} INFO - Processing /opt/airflow/dags/ml_pipeline.py took 0.434 seconds
[2026-04-10T03:01:51.590+0000] {processor.py:161} INFO - Started process (PID=5082) to work on /opt/airflow/dags/ml_pipeline.py
[2026-04-10T03:01:51.592+0000] {processor.py:830} INFO - Processing file /opt/airflow/dags/ml_pipeline.py for tasks to queue
[2026-04-10T03:01:51.594+0000] {logging_mixin.py:188} INFO - [2026-04-10T03:01:51.593+0000] {dagbag.py:538} INFO - Filling up the DagBag from /opt/airflow/dags/ml_pipeline.py
[2026-04-10T03:01:52.145+0000] {processor.py:840} INFO - DAG(s) 'ml_clustering_pipeline' retrieved from /opt/airflow/dags/ml_pipeline.py
[2026-04-10T03:01:52.159+0000] {logging_mixin.py:188} INFO - [2026-04-10T03:01:52.158+0000] {dag.py:3036} INFO - Sync 1 DAGs
[2026-04-10T03:01:52.163+0000] {logging_mixin.py:188} INFO - [2026-04-10T03:01:52.163+0000] {dag.py:3823} INFO - Setting next_dagrun for ml_clustering_pipeline to None, run_after=None
[2026-04-10T03:01:52.172+0000] {processor.py:183} INFO - Processing /opt/airflow/dags/ml_pipeline.py took 0.586 seconds
[2026-04-10T03:02:22.588+0000] {processor.py:161} INFO - Started process (PID=5113) to work on /opt/airflow/dags/ml_pipeline.py
[2026-04-10T03:02:22.589+0000] {processor.py:830} INFO - Processing file /opt/airflow/dags/ml_pipeline.py for tasks to queue
[2026-04-10T03:02:22.591+0000] {logging_mixin.py:188} INFO - [2026-04-10T03:02:22.591+0000] {dagbag.py:538} INFO - Filling up the DagBag from /opt/airflow/dags/ml_pipeline.py
[2026-04-10T03:02:23.095+0000] {processor.py:840} INFO - DAG(s) 'ml_clustering_pipeline' retrieved from /opt/airflow/dags/ml_pipeline.py
[2026-04-10T03:02:23.106+0000] {logging_mixin.py:188} INFO - [2026-04-10T03:02:23.106+0000] {dag.py:3036} INFO - Sync 1 DAGs
[2026-04-10T03:02:23.112+0000] {logging_mixin.py:188} INFO - [2026-04-10T03:02:23.112+0000] {dag.py:3823} INFO - Setting next_dagrun for ml_clustering_pipeline to None, run_after=None
[2026-04-10T03:02:23.119+0000] {processor.py:183} INFO - Processing /opt/airflow/dags/ml_pipeline.py took 0.535 seconds
[2026-04-10T03:02:53.502+0000] {processor.py:161} INFO - Started process (PID=5144) to work on /opt/airflow/dags/ml_pipeline.py
[2026-04-10T03:02:53.504+0000] {processor.py:830} INFO - Processing file /opt/airflow/dags/ml_pipeline.py for tasks to queue
[2026-04-10T03:02:53.505+0000] {logging_mixin.py:188} INFO - [2026-04-10T03:02:53.505+0000] {dagbag.py:538} INFO - Filling up the DagBag from /opt/airflow/dags/ml_pipeline.py
[2026-04-10T03:02:54.065+0000] {processor.py:840} INFO - DAG(s) 'ml_clustering_pipeline' retrieved from /opt/airflow/dags/ml_pipeline.py
[2026-04-10T03:02:54.076+0000] {logging_mixin.py:188} INFO - [2026-04-10T03:02:54.076+0000] {dag.py:3036} INFO - Sync 1 DAGs
[2026-04-10T03:02:54.082+0000] {logging_mixin.py:188} INFO - [2026-04-10T03:02:54.082+0000] {dag.py:3823} INFO - Setting next_dagrun for ml_clustering_pipeline to None, run_after=None
[2026-04-10T03:02:54.090+0000] {processor.py:183} INFO - Processing /opt/airflow/dags/ml_pipeline.py took 0.593 seconds
[2026-04-10T03:03:24.699+0000] {processor.py:161} INFO - Started process (PID=5175) to work on /opt/airflow/dags/ml_pipeline.py
[2026-04-10T03:03:24.701+0000] {processor.py:830} INFO - Processing file /opt/airflow/dags/ml_pipeline.py for tasks to queue
[2026-04-10T03:03:24.702+0000] {logging_mixin.py:188} INFO - [2026-04-10T03:03:24.702+0000] {dagbag.py:538} INFO - Filling up the DagBag from /opt/airflow/dags/ml_pipeline.py
[2026-04-10T03:03:25.378+0000] {processor.py:840} INFO - DAG(s) 'ml_clustering_pipeline' retrieved from /opt/airflow/dags/ml_pipeline.py
[2026-04-10T03:03:25.391+0000] {logging_mixin.py:188} INFO - [2026-04-10T03:03:25.391+0000] {dag.py:3036} INFO - Sync 1 DAGs
[2026-04-10T03:03:25.397+0000] {logging_mixin.py:188} INFO - [2026-04-10T03:03:25.397+0000] {dag.py:3823} INFO - Setting next_dagrun for ml_clustering_pipeline to None, run_after=None
[2026-04-10T03:03:25.406+0000] {processor.py:183} INFO - Processing /opt/airflow/dags/ml_pipeline.py took 0.712 seconds
[2026-04-10T03:03:55.885+0000] {processor.py:161} INFO - Started process (PID=5206) to work on /opt/airflow/dags/ml_pipeline.py
[2026-04-10T03:03:55.887+0000] {processor.py:830} INFO - Processing file /opt/airflow/dags/ml_pipeline.py for tasks to queue
[2026-04-10T03:03:55.889+0000] {logging_mixin.py:188} INFO - [2026-04-10T03:03:55.888+0000] {dagbag.py:538} INFO - Filling up the DagBag from /opt/airflow/dags/ml_pipeline.py
[2026-04-10T03:03:56.420+0000] {processor.py:840} INFO - DAG(s) 'ml_clustering_pipeline' retrieved from /opt/airflow/dags/ml_pipeline.py
[2026-04-10T03:03:56.430+0000] {logging_mixin.py:188} INFO - [2026-04-10T03:03:56.430+0000] {dag.py:3036} INFO - Sync 1 DAGs
[2026-04-10T03:03:56.436+0000] {logging_mixin.py:188} INFO - [2026-04-10T03:03:56.436+0000] {dag.py:3823} INFO - Setting next_dagrun for ml_clustering_pipeline to None, run_after=None
[2026-04-10T03:03:56.445+0000] {processor.py:183} INFO - Processing /opt/airflow/dags/ml_pipeline.py took 0.563 seconds
[2026-04-10T03:04:26.847+0000] {processor.py:161} INFO - Started process (PID=5242) to work on /opt/airflow/dags/ml_pipeline.py
[2026-04-10T03:04:26.849+0000] {processor.py:830} INFO - Processing file /opt/airflow/dags/ml_pipeline.py for tasks to queue
[2026-04-10T03:04:26.851+0000] {logging_mixin.py:188} INFO - [2026-04-10T03:04:26.850+0000] {dagbag.py:538} INFO - Filling up the DagBag from /opt/airflow/dags/ml_pipeline.py
[2026-04-10T03:04:27.364+0000] {processor.py:840} INFO - DAG(s) 'ml_clustering_pipeline' retrieved from /opt/airflow/dags/ml_pipeline.py
[2026-04-10T03:04:27.376+0000] {logging_mixin.py:188} INFO - [2026-04-10T03:04:27.376+0000] {dag.py:3036} INFO - Sync 1 DAGs
[2026-04-10T03:04:27.385+0000] {logging_mixin.py:188} INFO - [2026-04-10T03:04:27.385+0000] {dag.py:3823} INFO - Setting next_dagrun for ml_clustering_pipeline to None, run_after=None
[2026-04-10T03:04:27.398+0000] {processor.py:183} INFO - Processing /opt/airflow/dags/ml_pipeline.py took 0.555 seconds
[2026-04-10T03:04:57.817+0000] {processor.py:161} INFO - Started process (PID=5273) to work on /opt/airflow/dags/ml_pipeline.py
[2026-04-10T03:04:57.818+0000] {processor.py:830} INFO - Processing file /opt/airflow/dags/ml_pipeline.py for tasks to queue
[2026-04-10T03:04:57.820+0000] {logging_mixin.py:188} INFO - [2026-04-10T03:04:57.820+0000] {dagbag.py:538} INFO - Filling up the DagBag from /opt/airflow/dags/ml_pipeline.py
[2026-04-10T03:04:58.253+0000] {processor.py:840} INFO - DAG(s) 'ml_clustering_pipeline' retrieved from /opt/airflow/dags/ml_pipeline.py
[2026-04-10T03:04:58.261+0000] {logging_mixin.py:188} INFO - [2026-04-10T03:04:58.261+0000] {dag.py:3036} INFO - Sync 1 DAGs
[2026-04-10T03:04:58.267+0000] {logging_mixin.py:188} INFO - [2026-04-10T03:04:58.267+0000] {dag.py:3823} INFO - Setting next_dagrun for ml_clustering_pipeline to None, run_after=None
[2026-04-10T03:04:58.277+0000] {processor.py:183} INFO - Processing /opt/airflow/dags/ml_pipeline.py took 0.463 seconds
[2026-04-10T03:05:28.711+0000] {processor.py:161} INFO - Started process (PID=5304) to work on /opt/airflow/dags/ml_pipeline.py
[2026-04-10T03:05:28.713+0000] {processor.py:830} INFO - Processing file /opt/airflow/dags/ml_pipeline.py for tasks to queue
[2026-04-10T03:05:28.716+0000] {logging_mixin.py:188} INFO - [2026-04-10T03:05:28.715+0000] {dagbag.py:538} INFO - Filling up the DagBag from /opt/airflow/dags/ml_pipeline.py
[2026-04-10T03:05:29.270+0000] {processor.py:840} INFO - DAG(s) 'ml_clustering_pipeline' retrieved from /opt/airflow/dags/ml_pipeline.py
[2026-04-10T03:05:29.283+0000] {logging_mixin.py:188} INFO - [2026-04-10T03:05:29.283+0000] {dag.py:3036} INFO - Sync 1 DAGs
[2026-04-10T03:05:29.288+0000] {logging_mixin.py:188} INFO - [2026-04-10T03:05:29.288+0000] {dag.py:3823} INFO - Setting next_dagrun for ml_clustering_pipeline to None, run_after=None
[2026-04-10T03:05:29.297+0000] {processor.py:183} INFO - Processing /opt/airflow/dags/ml_pipeline.py took 0.589 seconds
[2026-04-10T03:05:59.720+0000] {processor.py:161} INFO - Started process (PID=5335) to work on /opt/airflow/dags/ml_pipeline.py
[2026-04-10T03:05:59.721+0000] {processor.py:830} INFO - Processing file /opt/airflow/dags/ml_pipeline.py for tasks to queue
[2026-04-10T03:05:59.722+0000] {logging_mixin.py:188} INFO - [2026-04-10T03:05:59.721+0000] {dagbag.py:538} INFO - Filling up the DagBag from /opt/airflow/dags/ml_pipeline.py
[2026-04-10T03:06:00.230+0000] {processor.py:840} INFO - DAG(s) 'ml_clustering_pipeline' retrieved from /opt/airflow/dags/ml_pipeline.py
[2026-04-10T03:06:00.241+0000] {logging_mixin.py:188} INFO - [2026-04-10T03:06:00.241+0000] {dag.py:3036} INFO - Sync 1 DAGs
[2026-04-10T03:06:00.246+0000] {logging_mixin.py:188} INFO - [2026-04-10T03:06:00.246+0000] {dag.py:3823} INFO - Setting next_dagrun for ml_clustering_pipeline to None, run_after=None
[2026-04-10T03:06:00.256+0000] {processor.py:183} INFO - Processing /opt/airflow/dags/ml_pipeline.py took 0.539 seconds
[2026-04-10T03:06:30.684+0000] {processor.py:161} INFO - Started process (PID=5366) to work on /opt/airflow/dags/ml_pipeline.py
[2026-04-10T03:06:30.685+0000] {processor.py:830} INFO - Processing file /opt/airflow/dags/ml_pipeline.py for tasks to queue
[2026-04-10T03:06:30.686+0000] {logging_mixin.py:188} INFO - [2026-04-10T03:06:30.686+0000] {dagbag.py:538} INFO - Filling up the DagBag from /opt/airflow/dags/ml_pipeline.py
[2026-04-10T03:06:31.180+0000] {processor.py:840} INFO - DAG(s) 'ml_clustering_pipeline' retrieved from /opt/airflow/dags/ml_pipeline.py
[2026-04-10T03:06:31.188+0000] {logging_mixin.py:188} INFO - [2026-04-10T03:06:31.188+0000] {dag.py:3036} INFO - Sync 1 DAGs
[2026-04-10T03:06:31.193+0000] {logging_mixin.py:188} INFO - [2026-04-10T03:06:31.193+0000] {dag.py:3823} INFO - Setting next_dagrun for ml_clustering_pipeline to None, run_after=None
[2026-04-10T03:06:31.204+0000] {processor.py:183} INFO - Processing /opt/airflow/dags/ml_pipeline.py took 0.523 seconds
[2026-04-10T03:07:01.606+0000] {processor.py:161} INFO - Started process (PID=5397) to work on /opt/airflow/dags/ml_pipeline.py
[2026-04-10T03:07:01.607+0000] {processor.py:830} INFO - Processing file /opt/airflow/dags/ml_pipeline.py for tasks to queue
[2026-04-10T03:07:01.609+0000] {logging_mixin.py:188} INFO - [2026-04-10T03:07:01.608+0000] {dagbag.py:538} INFO - Filling up the DagBag from /opt/airflow/dags/ml_pipeline.py
[2026-04-10T03:07:02.186+0000] {processor.py:840} INFO - DAG(s) 'ml_clustering_pipeline' retrieved from /opt/airflow/dags/ml_pipeline.py
[2026-04-10T03:07:02.199+0000] {logging_mixin.py:188} INFO - [2026-04-10T03:07:02.199+0000] {dag.py:3036} INFO - Sync 1 DAGs
[2026-04-10T03:07:02.203+0000] {logging_mixin.py:188} INFO - [2026-04-10T03:07:02.203+0000] {dag.py:3823} INFO - Setting next_dagrun for ml_clustering_pipeline to None, run_after=None
[2026-04-10T03:07:02.213+0000] {processor.py:183} INFO - Processing /opt/airflow/dags/ml_pipeline.py took 0.611 seconds
[2026-04-10T03:07:32.647+0000] {processor.py:161} INFO - Started process (PID=5428) to work on /opt/airflow/dags/ml_pipeline.py
[2026-04-10T03:07:32.649+0000] {processor.py:830} INFO - Processing file /opt/airflow/dags/ml_pipeline.py for tasks to queue
[2026-04-10T03:07:32.650+0000] {logging_mixin.py:188} INFO - [2026-04-10T03:07:32.650+0000] {dagbag.py:538} INFO - Filling up the DagBag from /opt/airflow/dags/ml_pipeline.py
[2026-04-10T03:07:33.253+0000] {processor.py:840} INFO - DAG(s) 'ml_clustering_pipeline' retrieved from /opt/airflow/dags/ml_pipeline.py
[2026-04-10T03:07:33.263+0000] {logging_mixin.py:188} INFO - [2026-04-10T03:07:33.262+0000] {dag.py:3036} INFO - Sync 1 DAGs
[2026-04-10T03:07:33.267+0000] {logging_mixin.py:188} INFO - [2026-04-10T03:07:33.267+0000] {dag.py:3823} INFO - Setting next_dagrun for ml_clustering_pipeline to None, run_after=None
[2026-04-10T03:07:33.277+0000] {processor.py:183} INFO - Processing /opt/airflow/dags/ml_pipeline.py took 0.634 seconds
[2026-04-10T03:08:03.679+0000] {processor.py:161} INFO - Started process (PID=5460) to work on /opt/airflow/dags/ml_pipeline.py
[2026-04-10T03:08:03.680+0000] {processor.py:830} INFO - Processing file /opt/airflow/dags/ml_pipeline.py for tasks to queue
[2026-04-10T03:08:03.682+0000] {logging_mixin.py:188} INFO - [2026-04-10T03:08:03.682+0000] {dagbag.py:538} INFO - Filling up the DagBag from /opt/airflow/dags/ml_pipeline.py
[2026-04-10T03:08:04.211+0000] {processor.py:840} INFO - DAG(s) 'ml_clustering_pipeline' retrieved from /opt/airflow/dags/ml_pipeline.py
[2026-04-10T03:08:04.221+0000] {logging_mixin.py:188} INFO - [2026-04-10T03:08:04.221+0000] {dag.py:3036} INFO - Sync 1 DAGs
[2026-04-10T03:08:04.226+0000] {logging_mixin.py:188} INFO - [2026-04-10T03:08:04.226+0000] {dag.py:3823} INFO - Setting next_dagrun for ml_clustering_pipeline to None, run_after=None
[2026-04-10T03:08:04.236+0000] {processor.py:183} INFO - Processing /opt/airflow/dags/ml_pipeline.py took 0.561 seconds
[2026-04-10T03:08:34.639+0000] {processor.py:161} INFO - Started process (PID=5491) to work on /opt/airflow/dags/ml_pipeline.py
[2026-04-10T03:08:34.640+0000] {processor.py:830} INFO - Processing file /opt/airflow/dags/ml_pipeline.py for tasks to queue
[2026-04-10T03:08:34.643+0000] {logging_mixin.py:188} INFO - [2026-04-10T03:08:34.643+0000] {dagbag.py:538} INFO - Filling up the DagBag from /opt/airflow/dags/ml_pipeline.py
[2026-04-10T03:08:35.069+0000] {processor.py:840} INFO - DAG(s) 'ml_clustering_pipeline' retrieved from /opt/airflow/dags/ml_pipeline.py
[2026-04-10T03:08:35.078+0000] {logging_mixin.py:188} INFO - [2026-04-10T03:08:35.078+0000] {dag.py:3036} INFO - Sync 1 DAGs
[2026-04-10T03:08:35.082+0000] {logging_mixin.py:188} INFO - [2026-04-10T03:08:35.082+0000] {dag.py:3823} INFO - Setting next_dagrun for ml_clustering_pipeline to None, run_after=None
[2026-04-10T03:08:35.089+0000] {processor.py:183} INFO - Processing /opt/airflow/dags/ml_pipeline.py took 0.453 seconds
[2026-04-10T03:09:05.527+0000] {processor.py:161} INFO - Started process (PID=5522) to work on /opt/airflow/dags/ml_pipeline.py
[2026-04-10T03:09:05.529+0000] {processor.py:830} INFO - Processing file /opt/airflow/dags/ml_pipeline.py for tasks to queue
[2026-04-10T03:09:05.530+0000] {logging_mixin.py:188} INFO - [2026-04-10T03:09:05.529+0000] {dagbag.py:538} INFO - Filling up the DagBag from /opt/airflow/dags/ml_pipeline.py
[2026-04-10T03:09:06.022+0000] {processor.py:840} INFO - DAG(s) 'ml_clustering_pipeline' retrieved from /opt/airflow/dags/ml_pipeline.py
[2026-04-10T03:09:06.035+0000] {logging_mixin.py:188} INFO - [2026-04-10T03:09:06.035+0000] {dag.py:3036} INFO - Sync 1 DAGs
[2026-04-10T03:09:06.040+0000] {logging_mixin.py:188} INFO - [2026-04-10T03:09:06.040+0000] {dag.py:3823} INFO - Setting next_dagrun for ml_clustering_pipeline to None, run_after=None
[2026-04-10T03:09:06.049+0000] {processor.py:183} INFO - Processing /opt/airflow/dags/ml_pipeline.py took 0.527 seconds
[2026-04-10T03:09:36.451+0000] {processor.py:161} INFO - Started process (PID=5553) to work on /opt/airflow/dags/ml_pipeline.py
[2026-04-10T03:09:36.452+0000] {processor.py:830} INFO - Processing file /opt/airflow/dags/ml_pipeline.py for tasks to queue
[2026-04-10T03:09:36.455+0000] {logging_mixin.py:188} INFO - [2026-04-10T03:09:36.455+0000] {dagbag.py:538} INFO - Filling up the DagBag from /opt/airflow/dags/ml_pipeline.py
[2026-04-10T03:09:36.924+0000] {processor.py:840} INFO - DAG(s) 'ml_clustering_pipeline' retrieved from /opt/airflow/dags/ml_pipeline.py
[2026-04-10T03:09:36.936+0000] {logging_mixin.py:188} INFO - [2026-04-10T03:09:36.934+0000] {dag.py:3036} INFO - Sync 1 DAGs
[2026-04-10T03:09:36.941+0000] {logging_mixin.py:188} INFO - [2026-04-10T03:09:36.940+0000] {dag.py:3823} INFO - Setting next_dagrun for ml_clustering_pipeline to None, run_after=None
[2026-04-10T03:09:36.947+0000] {processor.py:183} INFO - Processing /opt/airflow/dags/ml_pipeline.py took 0.502 seconds
[2026-04-10T03:10:07.414+0000] {processor.py:161} INFO - Started process (PID=5584) to work on /opt/airflow/dags/ml_pipeline.py
[2026-04-10T03:10:07.415+0000] {processor.py:830} INFO - Processing file /opt/airflow/dags/ml_pipeline.py for tasks to queue
[2026-04-10T03:10:07.417+0000] {logging_mixin.py:188} INFO - [2026-04-10T03:10:07.417+0000] {dagbag.py:538} INFO - Filling up the DagBag from /opt/airflow/dags/ml_pipeline.py
[2026-04-10T03:10:07.939+0000] {processor.py:840} INFO - DAG(s) 'ml_clustering_pipeline' retrieved from /opt/airflow/dags/ml_pipeline.py
[2026-04-10T03:10:07.957+0000] {logging_mixin.py:188} INFO - [2026-04-10T03:10:07.956+0000] {dag.py:3036} INFO - Sync 1 DAGs
[2026-04-10T03:10:07.962+0000] {logging_mixin.py:188} INFO - [2026-04-10T03:10:07.962+0000] {dag.py:3823} INFO - Setting next_dagrun for ml_clustering_pipeline to None, run_after=None
[2026-04-10T03:10:07.970+0000] {processor.py:183} INFO - Processing /opt/airflow/dags/ml_pipeline.py took 0.560 seconds
[2026-04-10T03:10:38.349+0000] {processor.py:161} INFO - Started process (PID=5615) to work on /opt/airflow/dags/ml_pipeline.py
[2026-04-10T03:10:38.350+0000] {processor.py:830} INFO - Processing file /opt/airflow/dags/ml_pipeline.py for tasks to queue
[2026-04-10T03:10:38.352+0000] {logging_mixin.py:188} INFO - [2026-04-10T03:10:38.352+0000] {dagbag.py:538} INFO - Filling up the DagBag from /opt/airflow/dags/ml_pipeline.py
[2026-04-10T03:10:38.815+0000] {processor.py:840} INFO - DAG(s) 'ml_clustering_pipeline' retrieved from /opt/airflow/dags/ml_pipeline.py
[2026-04-10T03:10:38.828+0000] {logging_mixin.py:188} INFO - [2026-04-10T03:10:38.828+0000] {dag.py:3036} INFO - Sync 1 DAGs
[2026-04-10T03:10:38.833+0000] {logging_mixin.py:188} INFO - [2026-04-10T03:10:38.833+0000] {dag.py:3823} INFO - Setting next_dagrun for ml_clustering_pipeline to None, run_after=None
[2026-04-10T03:10:38.843+0000] {processor.py:183} INFO - Processing /opt/airflow/dags/ml_pipeline.py took 0.497 seconds
[2026-04-10T03:11:09.224+0000] {processor.py:161} INFO - Started process (PID=5646) to work on /opt/airflow/dags/ml_pipeline.py
[2026-04-10T03:11:09.225+0000] {processor.py:830} INFO - Processing file /opt/airflow/dags/ml_pipeline.py for tasks to queue
[2026-04-10T03:11:09.228+0000] {logging_mixin.py:188} INFO - [2026-04-10T03:11:09.227+0000] {dagbag.py:538} INFO - Filling up the DagBag from /opt/airflow/dags/ml_pipeline.py
[2026-04-10T03:11:09.661+0000] {processor.py:840} INFO - DAG(s) 'ml_clustering_pipeline' retrieved from /opt/airflow/dags/ml_pipeline.py
[2026-04-10T03:11:09.672+0000] {logging_mixin.py:188} INFO - [2026-04-10T03:11:09.672+0000] {dag.py:3036} INFO - Sync 1 DAGs
[2026-04-10T03:11:09.677+0000] {logging_mixin.py:188} INFO - [2026-04-10T03:11:09.677+0000] {dag.py:3823} INFO - Setting next_dagrun for ml_clustering_pipeline to None, run_after=None
[2026-04-10T03:11:09.685+0000] {processor.py:183} INFO - Processing /opt/airflow/dags/ml_pipeline.py took 0.463 seconds
[2026-04-10T03:11:40.112+0000] {processor.py:161} INFO - Started process (PID=5677) to work on /opt/airflow/dags/ml_pipeline.py
[2026-04-10T03:11:40.116+0000] {processor.py:830} INFO - Processing file /opt/airflow/dags/ml_pipeline.py for tasks to queue
[2026-04-10T03:11:40.118+0000] {logging_mixin.py:188} INFO - [2026-04-10T03:11:40.118+0000] {dagbag.py:538} INFO - Filling up the DagBag from /opt/airflow/dags/ml_pipeline.py
[2026-04-10T03:11:40.665+0000] {processor.py:840} INFO - DAG(s) 'ml_clustering_pipeline' retrieved from /opt/airflow/dags/ml_pipeline.py
[2026-04-10T03:11:40.679+0000] {logging_mixin.py:188} INFO - [2026-04-10T03:11:40.678+0000] {dag.py:3036} INFO - Sync 1 DAGs
[2026-04-10T03:11:40.684+0000] {logging_mixin.py:188} INFO - [2026-04-10T03:11:40.684+0000] {dag.py:3823} INFO - Setting next_dagrun for ml_clustering_pipeline to None, run_after=None
[2026-04-10T03:11:40.692+0000] {processor.py:183} INFO - Processing /opt/airflow/dags/ml_pipeline.py took 0.592 seconds
[2026-04-10T03:12:11.138+0000] {processor.py:161} INFO - Started process (PID=5708) to work on /opt/airflow/dags/ml_pipeline.py
[2026-04-10T03:12:11.139+0000] {processor.py:830} INFO - Processing file /opt/airflow/dags/ml_pipeline.py for tasks to queue
[2026-04-10T03:12:11.140+0000] {logging_mixin.py:188} INFO - [2026-04-10T03:12:11.140+0000] {dagbag.py:538} INFO - Filling up the DagBag from /opt/airflow/dags/ml_pipeline.py
[2026-04-10T03:12:11.655+0000] {processor.py:840} INFO - DAG(s) 'ml_clustering_pipeline' retrieved from /opt/airflow/dags/ml_pipeline.py
[2026-04-10T03:12:11.664+0000] {logging_mixin.py:188} INFO - [2026-04-10T03:12:11.664+0000] {dag.py:3036} INFO - Sync 1 DAGs
[2026-04-10T03:12:11.669+0000] {logging_mixin.py:188} INFO - [2026-04-10T03:12:11.669+0000] {dag.py:3823} INFO - Setting next_dagrun for ml_clustering_pipeline to None, run_after=None
[2026-04-10T03:12:11.679+0000] {processor.py:183} INFO - Processing /opt/airflow/dags/ml_pipeline.py took 0.548 seconds
[2026-04-10T03:12:42.093+0000] {processor.py:161} INFO - Started process (PID=5739) to work on /opt/airflow/dags/ml_pipeline.py
[2026-04-10T03:12:42.094+0000] {processor.py:830} INFO - Processing file /opt/airflow/dags/ml_pipeline.py for tasks to queue
[2026-04-10T03:12:42.096+0000] {logging_mixin.py:188} INFO - [2026-04-10T03:12:42.095+0000] {dagbag.py:538} INFO - Filling up the DagBag from /opt/airflow/dags/ml_pipeline.py
[2026-04-10T03:12:42.475+0000] {processor.py:840} INFO - DAG(s) 'ml_clustering_pipeline' retrieved from /opt/airflow/dags/ml_pipeline.py
[2026-04-10T03:12:42.484+0000] {logging_mixin.py:188} INFO - [2026-04-10T03:12:42.483+0000] {dag.py:3036} INFO - Sync 1 DAGs
[2026-04-10T03:12:42.489+0000] {logging_mixin.py:188} INFO - [2026-04-10T03:12:42.489+0000] {dag.py:3823} INFO - Setting next_dagrun for ml_clustering_pipeline to None, run_after=None
[2026-04-10T03:12:42.499+0000] {processor.py:183} INFO - Processing /opt/airflow/dags/ml_pipeline.py took 0.410 seconds
[2026-04-10T03:13:12.880+0000] {processor.py:161} INFO - Started process (PID=5770) to work on /opt/airflow/dags/ml_pipeline.py
[2026-04-10T03:13:12.881+0000] {processor.py:830} INFO - Processing file /opt/airflow/dags/ml_pipeline.py for tasks to queue
[2026-04-10T03:13:12.883+0000] {logging_mixin.py:188} INFO - [2026-04-10T03:13:12.883+0000] {dagbag.py:538} INFO - Filling up the DagBag from /opt/airflow/dags/ml_pipeline.py
[2026-04-10T03:13:13.334+0000] {processor.py:840} INFO - DAG(s) 'ml_clustering_pipeline' retrieved from /opt/airflow/dags/ml_pipeline.py
[2026-04-10T03:13:13.342+0000] {logging_mixin.py:188} INFO - [2026-04-10T03:13:13.342+0000] {dag.py:3036} INFO - Sync 1 DAGs
[2026-04-10T03:13:13.348+0000] {logging_mixin.py:188} INFO - [2026-04-10T03:13:13.348+0000] {dag.py:3823} INFO - Setting next_dagrun for ml_clustering_pipeline to None, run_after=None
[2026-04-10T03:13:13.356+0000] {processor.py:183} INFO - Processing /opt/airflow/dags/ml_pipeline.py took 0.479 seconds
[2026-04-10T03:13:43.733+0000] {processor.py:161} INFO - Started process (PID=5801) to work on /opt/airflow/dags/ml_pipeline.py
[2026-04-10T03:13:43.735+0000] {processor.py:830} INFO - Processing file /opt/airflow/dags/ml_pipeline.py for tasks to queue
[2026-04-10T03:13:43.736+0000] {logging_mixin.py:188} INFO - [2026-04-10T03:13:43.736+0000] {dagbag.py:538} INFO - Filling up the DagBag from /opt/airflow/dags/ml_pipeline.py
[2026-04-10T03:13:44.216+0000] {processor.py:840} INFO - DAG(s) 'ml_clustering_pipeline' retrieved from /opt/airflow/dags/ml_pipeline.py
[2026-04-10T03:13:44.226+0000] {logging_mixin.py:188} INFO - [2026-04-10T03:13:44.226+0000] {dag.py:3036} INFO - Sync 1 DAGs
[2026-04-10T03:13:44.230+0000] {logging_mixin.py:188} INFO - [2026-04-10T03:13:44.230+0000] {dag.py:3823} INFO - Setting next_dagrun for ml_clustering_pipeline to None, run_after=None
[2026-04-10T03:13:44.236+0000] {processor.py:183} INFO - Processing /opt/airflow/dags/ml_pipeline.py took 0.506 seconds
[2026-04-10T03:14:14.647+0000] {processor.py:161} INFO - Started process (PID=5832) to work on /opt/airflow/dags/ml_pipeline.py
[2026-04-10T03:14:14.648+0000] {processor.py:830} INFO - Processing file /opt/airflow/dags/ml_pipeline.py for tasks to queue
[2026-04-10T03:14:14.650+0000] {logging_mixin.py:188} INFO - [2026-04-10T03:14:14.650+0000] {dagbag.py:538} INFO - Filling up the DagBag from /opt/airflow/dags/ml_pipeline.py
[2026-04-10T03:14:15.227+0000] {processor.py:840} INFO - DAG(s) 'ml_clustering_pipeline' retrieved from /opt/airflow/dags/ml_pipeline.py
[2026-04-10T03:14:15.244+0000] {logging_mixin.py:188} INFO - [2026-04-10T03:14:15.244+0000] {dag.py:3036} INFO - Sync 1 DAGs
[2026-04-10T03:14:15.249+0000] {logging_mixin.py:188} INFO - [2026-04-10T03:14:15.249+0000] {dag.py:3823} INFO - Setting next_dagrun for ml_clustering_pipeline to None, run_after=None
[2026-04-10T03:14:15.258+0000] {processor.py:183} INFO - Processing /opt/airflow/dags/ml_pipeline.py took 0.615 seconds
[2026-04-10T03:14:45.694+0000] {processor.py:161} INFO - Started process (PID=5863) to work on /opt/airflow/dags/ml_pipeline.py
[2026-04-10T03:14:45.695+0000] {processor.py:830} INFO - Processing file /opt/airflow/dags/ml_pipeline.py for tasks to queue
[2026-04-10T03:14:45.697+0000] {logging_mixin.py:188} INFO - [2026-04-10T03:14:45.697+0000] {dagbag.py:538} INFO - Filling up the DagBag from /opt/airflow/dags/ml_pipeline.py
[2026-04-10T03:14:46.216+0000] {processor.py:840} INFO - DAG(s) 'ml_clustering_pipeline' retrieved from /opt/airflow/dags/ml_pipeline.py
[2026-04-10T03:14:46.226+0000] {logging_mixin.py:188} INFO - [2026-04-10T03:14:46.226+0000] {dag.py:3036} INFO - Sync 1 DAGs
[2026-04-10T03:14:46.231+0000] {logging_mixin.py:188} INFO - [2026-04-10T03:14:46.231+0000] {dag.py:3823} INFO - Setting next_dagrun for ml_clustering_pipeline to None, run_after=None
[2026-04-10T03:14:46.240+0000] {processor.py:183} INFO - Processing /opt/airflow/dags/ml_pipeline.py took 0.550 seconds
[2026-04-10T03:15:16.678+0000] {processor.py:161} INFO - Started process (PID=5894) to work on /opt/airflow/dags/ml_pipeline.py
[2026-04-10T03:15:16.680+0000] {processor.py:830} INFO - Processing file /opt/airflow/dags/ml_pipeline.py for tasks to queue
[2026-04-10T03:15:16.682+0000] {logging_mixin.py:188} INFO - [2026-04-10T03:15:16.681+0000] {dagbag.py:538} INFO - Filling up the DagBag from /opt/airflow/dags/ml_pipeline.py
[2026-04-10T03:15:17.213+0000] {processor.py:840} INFO - DAG(s) 'ml_clustering_pipeline' retrieved from /opt/airflow/dags/ml_pipeline.py
[2026-04-10T03:15:17.224+0000] {logging_mixin.py:188} INFO - [2026-04-10T03:15:17.224+0000] {dag.py:3036} INFO - Sync 1 DAGs
[2026-04-10T03:15:17.229+0000] {logging_mixin.py:188} INFO - [2026-04-10T03:15:17.228+0000] {dag.py:3823} INFO - Setting next_dagrun for ml_clustering_pipeline to None, run_after=None
[2026-04-10T03:15:17.240+0000] {processor.py:183} INFO - Processing /opt/airflow/dags/ml_pipeline.py took 0.566 seconds
[2026-04-10T03:15:47.657+0000] {processor.py:161} INFO - Started process (PID=5925) to work on /opt/airflow/dags/ml_pipeline.py
[2026-04-10T03:15:47.659+0000] {processor.py:830} INFO - Processing file /opt/airflow/dags/ml_pipeline.py for tasks to queue
[2026-04-10T03:15:47.660+0000] {logging_mixin.py:188} INFO - [2026-04-10T03:15:47.660+0000] {dagbag.py:538} INFO - Filling up the DagBag from /opt/airflow/dags/ml_pipeline.py
[2026-04-10T03:15:48.211+0000] {processor.py:840} INFO - DAG(s) 'ml_clustering_pipeline' retrieved from /opt/airflow/dags/ml_pipeline.py
[2026-04-10T03:15:48.224+0000] {logging_mixin.py:188} INFO - [2026-04-10T03:15:48.224+0000] {dag.py:3036} INFO - Sync 1 DAGs
[2026-04-10T03:15:48.229+0000] {logging_mixin.py:188} INFO - [2026-04-10T03:15:48.229+0000] {dag.py:3823} INFO - Setting next_dagrun for ml_clustering_pipeline to None, run_after=None
[2026-04-10T03:15:48.239+0000] {processor.py:183} INFO - Processing /opt/airflow/dags/ml_pipeline.py took 0.585 seconds
[2026-04-10T03:16:18.633+0000] {processor.py:161} INFO - Started process (PID=5956) to work on /opt/airflow/dags/ml_pipeline.py
[2026-04-10T03:16:18.636+0000] {processor.py:830} INFO - Processing file /opt/airflow/dags/ml_pipeline.py for tasks to queue
[2026-04-10T03:16:18.637+0000] {logging_mixin.py:188} INFO - [2026-04-10T03:16:18.637+0000] {dagbag.py:538} INFO - Filling up the DagBag from /opt/airflow/dags/ml_pipeline.py
[2026-04-10T03:16:19.152+0000] {processor.py:840} INFO - DAG(s) 'ml_clustering_pipeline' retrieved from /opt/airflow/dags/ml_pipeline.py
[2026-04-10T03:16:19.175+0000] {logging_mixin.py:188} INFO - [2026-04-10T03:16:19.175+0000] {dag.py:3036} INFO - Sync 1 DAGs
[2026-04-10T03:16:19.181+0000] {logging_mixin.py:188} INFO - [2026-04-10T03:16:19.181+0000] {dag.py:3823} INFO - Setting next_dagrun for ml_clustering_pipeline to None, run_after=None
[2026-04-10T03:16:19.188+0000] {processor.py:183} INFO - Processing /opt/airflow/dags/ml_pipeline.py took 0.558 seconds
[2026-04-10T03:16:49.618+0000] {processor.py:161} INFO - Started process (PID=5987) to work on /opt/airflow/dags/ml_pipeline.py
[2026-04-10T03:16:49.619+0000] {processor.py:830} INFO - Processing file /opt/airflow/dags/ml_pipeline.py for tasks to queue
[2026-04-10T03:16:49.621+0000] {logging_mixin.py:188} INFO - [2026-04-10T03:16:49.621+0000] {dagbag.py:538} INFO - Filling up the DagBag from /opt/airflow/dags/ml_pipeline.py
[2026-04-10T03:16:50.099+0000] {processor.py:840} INFO - DAG(s) 'ml_clustering_pipeline' retrieved from /opt/airflow/dags/ml_pipeline.py
[2026-04-10T03:16:50.108+0000] {logging_mixin.py:188} INFO - [2026-04-10T03:16:50.107+0000] {dag.py:3036} INFO - Sync 1 DAGs
[2026-04-10T03:16:50.113+0000] {logging_mixin.py:188} INFO - [2026-04-10T03:16:50.113+0000] {dag.py:3823} INFO - Setting next_dagrun for ml_clustering_pipeline to None, run_after=None
[2026-04-10T03:16:50.123+0000] {processor.py:183} INFO - Processing /opt/airflow/dags/ml_pipeline.py took 0.509 seconds
[2026-04-10T03:17:20.516+0000] {processor.py:161} INFO - Started process (PID=6018) to work on /opt/airflow/dags/ml_pipeline.py
[2026-04-10T03:17:20.518+0000] {processor.py:830} INFO - Processing file /opt/airflow/dags/ml_pipeline.py for tasks to queue
[2026-04-10T03:17:20.520+0000] {logging_mixin.py:188} INFO - [2026-04-10T03:17:20.520+0000] {dagbag.py:538} INFO - Filling up the DagBag from /opt/airflow/dags/ml_pipeline.py
[2026-04-10T03:17:21.074+0000] {processor.py:840} INFO - DAG(s) 'ml_clustering_pipeline' retrieved from /opt/airflow/dags/ml_pipeline.py
[2026-04-10T03:17:21.092+0000] {logging_mixin.py:188} INFO - [2026-04-10T03:17:21.092+0000] {dag.py:3036} INFO - Sync 1 DAGs
[2026-04-10T03:17:21.101+0000] {logging_mixin.py:188} INFO - [2026-04-10T03:17:21.101+0000] {dag.py:3823} INFO - Setting next_dagrun for ml_clustering_pipeline to None, run_after=None
[2026-04-10T03:17:21.112+0000] {processor.py:183} INFO - Processing /opt/airflow/dags/ml_pipeline.py took 0.598 seconds
[2026-04-10T03:17:51.492+0000] {processor.py:161} INFO - Started process (PID=6049) to work on /opt/airflow/dags/ml_pipeline.py
[2026-04-10T03:17:51.494+0000] {processor.py:830} INFO - Processing file /opt/airflow/dags/ml_pipeline.py for tasks to queue
[2026-04-10T03:17:51.495+0000] {logging_mixin.py:188} INFO - [2026-04-10T03:17:51.495+0000] {dagbag.py:538} INFO - Filling up the DagBag from /opt/airflow/dags/ml_pipeline.py
[2026-04-10T03:17:52.014+0000] {processor.py:840} INFO - DAG(s) 'ml_clustering_pipeline' retrieved from /opt/airflow/dags/ml_pipeline.py
[2026-04-10T03:17:52.030+0000] {logging_mixin.py:188} INFO - [2026-04-10T03:17:52.030+0000] {dag.py:3036} INFO - Sync 1 DAGs
[2026-04-10T03:17:52.034+0000] {logging_mixin.py:188} INFO - [2026-04-10T03:17:52.034+0000] {dag.py:3823} INFO - Setting next_dagrun for ml_clustering_pipeline to None, run_after=None
[2026-04-10T03:17:52.048+0000] {processor.py:183} INFO - Processing /opt/airflow/dags/ml_pipeline.py took 0.561 seconds
[2026-04-10T03:18:22.440+0000] {processor.py:161} INFO - Started process (PID=6080) to work on /opt/airflow/dags/ml_pipeline.py
[2026-04-10T03:18:22.441+0000] {processor.py:830} INFO - Processing file /opt/airflow/dags/ml_pipeline.py for tasks to queue
[2026-04-10T03:18:22.442+0000] {logging_mixin.py:188} INFO - [2026-04-10T03:18:22.441+0000] {dagbag.py:538} INFO - Filling up the DagBag from /opt/airflow/dags/ml_pipeline.py
[2026-04-10T03:18:22.891+0000] {processor.py:840} INFO - DAG(s) 'ml_clustering_pipeline' retrieved from /opt/airflow/dags/ml_pipeline.py
[2026-04-10T03:18:22.900+0000] {logging_mixin.py:188} INFO - [2026-04-10T03:18:22.900+0000] {dag.py:3036} INFO - Sync 1 DAGs
[2026-04-10T03:18:22.904+0000] {logging_mixin.py:188} INFO - [2026-04-10T03:18:22.904+0000] {dag.py:3823} INFO - Setting next_dagrun for ml_clustering_pipeline to None, run_after=None
[2026-04-10T03:18:22.915+0000] {processor.py:183} INFO - Processing /opt/airflow/dags/ml_pipeline.py took 0.478 seconds
[2026-04-10T03:18:53.351+0000] {processor.py:161} INFO - Started process (PID=6111) to work on /opt/airflow/dags/ml_pipeline.py
[2026-04-10T03:18:53.352+0000] {processor.py:830} INFO - Processing file /opt/airflow/dags/ml_pipeline.py for tasks to queue
[2026-04-10T03:18:53.353+0000] {logging_mixin.py:188} INFO - [2026-04-10T03:18:53.353+0000] {dagbag.py:538} INFO - Filling up the DagBag from /opt/airflow/dags/ml_pipeline.py
[2026-04-10T03:18:53.882+0000] {processor.py:840} INFO - DAG(s) 'ml_clustering_pipeline' retrieved from /opt/airflow/dags/ml_pipeline.py
[2026-04-10T03:18:53.894+0000] {logging_mixin.py:188} INFO - [2026-04-10T03:18:53.893+0000] {dag.py:3036} INFO - Sync 1 DAGs
[2026-04-10T03:18:53.898+0000] {logging_mixin.py:188} INFO - [2026-04-10T03:18:53.898+0000] {dag.py:3823} INFO - Setting next_dagrun for ml_clustering_pipeline to None, run_after=None
[2026-04-10T03:18:53.908+0000] {processor.py:183} INFO - Processing /opt/airflow/dags/ml_pipeline.py took 0.559 seconds
[2026-04-10T03:19:24.347+0000] {processor.py:161} INFO - Started process (PID=6142) to work on /opt/airflow/dags/ml_pipeline.py
[2026-04-10T03:19:24.348+0000] {processor.py:830} INFO - Processing file /opt/airflow/dags/ml_pipeline.py for tasks to queue
[2026-04-10T03:19:24.351+0000] {logging_mixin.py:188} INFO - [2026-04-10T03:19:24.350+0000] {dagbag.py:538} INFO - Filling up the DagBag from /opt/airflow/dags/ml_pipeline.py
[2026-04-10T03:19:24.863+0000] {processor.py:840} INFO - DAG(s) 'ml_clustering_pipeline' retrieved from /opt/airflow/dags/ml_pipeline.py
[2026-04-10T03:19:24.879+0000] {logging_mixin.py:188} INFO - [2026-04-10T03:19:24.878+0000] {dag.py:3036} INFO - Sync 1 DAGs
[2026-04-10T03:19:24.886+0000] {logging_mixin.py:188} INFO - [2026-04-10T03:19:24.886+0000] {dag.py:3823} INFO - Setting next_dagrun for ml_clustering_pipeline to None, run_after=None
[2026-04-10T03:19:24.895+0000] {processor.py:183} INFO - Processing /opt/airflow/dags/ml_pipeline.py took 0.552 seconds
[2026-04-10T03:19:55.538+0000] {processor.py:161} INFO - Started process (PID=6173) to work on /opt/airflow/dags/ml_pipeline.py
[2026-04-10T03:19:55.539+0000] {processor.py:830} INFO - Processing file /opt/airflow/dags/ml_pipeline.py for tasks to queue
[2026-04-10T03:19:55.540+0000] {logging_mixin.py:188} INFO - [2026-04-10T03:19:55.540+0000] {dagbag.py:538} INFO - Filling up the DagBag from /opt/airflow/dags/ml_pipeline.py
[2026-04-10T03:19:56.125+0000] {processor.py:840} INFO - DAG(s) 'ml_clustering_pipeline' retrieved from /opt/airflow/dags/ml_pipeline.py
[2026-04-10T03:19:56.141+0000] {logging_mixin.py:188} INFO - [2026-04-10T03:19:56.141+0000] {dag.py:3036} INFO - Sync 1 DAGs
[2026-04-10T03:19:56.150+0000] {logging_mixin.py:188} INFO - [2026-04-10T03:19:56.150+0000] {dag.py:3823} INFO - Setting next_dagrun for ml_clustering_pipeline to None, run_after=None
[2026-04-10T03:19:56.159+0000] {processor.py:183} INFO - Processing /opt/airflow/dags/ml_pipeline.py took 0.624 seconds
[2026-04-10T03:20:26.584+0000] {processor.py:161} INFO - Started process (PID=6204) to work on /opt/airflow/dags/ml_pipeline.py
[2026-04-10T03:20:26.585+0000] {processor.py:830} INFO - Processing file /opt/airflow/dags/ml_pipeline.py for tasks to queue
[2026-04-10T03:20:26.587+0000] {logging_mixin.py:188} INFO - [2026-04-10T03:20:26.586+0000] {dagbag.py:538} INFO - Filling up the DagBag from /opt/airflow/dags/ml_pipeline.py
[2026-04-10T03:20:27.131+0000] {processor.py:840} INFO - DAG(s) 'ml_clustering_pipeline' retrieved from /opt/airflow/dags/ml_pipeline.py
[2026-04-10T03:20:27.142+0000] {logging_mixin.py:188} INFO - [2026-04-10T03:20:27.141+0000] {dag.py:3036} INFO - Sync 1 DAGs
[2026-04-10T03:20:27.146+0000] {logging_mixin.py:188} INFO - [2026-04-10T03:20:27.146+0000] {dag.py:3823} INFO - Setting next_dagrun for ml_clustering_pipeline to None, run_after=None
[2026-04-10T03:20:27.155+0000] {processor.py:183} INFO - Processing /opt/airflow/dags/ml_pipeline.py took 0.575 seconds
[2026-04-10T03:20:57.624+0000] {processor.py:161} INFO - Started process (PID=6235) to work on /opt/airflow/dags/ml_pipeline.py
[2026-04-10T03:20:57.626+0000] {processor.py:830} INFO - Processing file /opt/airflow/dags/ml_pipeline.py for tasks to queue
[2026-04-10T03:20:57.629+0000] {logging_mixin.py:188} INFO - [2026-04-10T03:20:57.628+0000] {dagbag.py:538} INFO - Filling up the DagBag from /opt/airflow/dags/ml_pipeline.py
[2026-04-10T03:20:58.207+0000] {processor.py:840} INFO - DAG(s) 'ml_clustering_pipeline' retrieved from /opt/airflow/dags/ml_pipeline.py
[2026-04-10T03:20:58.218+0000] {logging_mixin.py:188} INFO - [2026-04-10T03:20:58.218+0000] {dag.py:3036} INFO - Sync 1 DAGs
[2026-04-10T03:20:58.223+0000] {logging_mixin.py:188} INFO - [2026-04-10T03:20:58.223+0000] {dag.py:3823} INFO - Setting next_dagrun for ml_clustering_pipeline to None, run_after=None
[2026-04-10T03:20:58.230+0000] {processor.py:183} INFO - Processing /opt/airflow/dags/ml_pipeline.py took 0.611 seconds
[2026-04-10T03:21:28.649+0000] {processor.py:161} INFO - Started process (PID=6266) to work on /opt/airflow/dags/ml_pipeline.py
[2026-04-10T03:21:28.651+0000] {processor.py:830} INFO - Processing file /opt/airflow/dags/ml_pipeline.py for tasks to queue
[2026-04-10T03:21:28.653+0000] {logging_mixin.py:188} INFO - [2026-04-10T03:21:28.653+0000] {dagbag.py:538} INFO - Filling up the DagBag from /opt/airflow/dags/ml_pipeline.py
[2026-04-10T03:21:29.227+0000] {processor.py:840} INFO - DAG(s) 'ml_clustering_pipeline' retrieved from /opt/airflow/dags/ml_pipeline.py
[2026-04-10T03:21:29.237+0000] {logging_mixin.py:188} INFO - [2026-04-10T03:21:29.237+0000] {dag.py:3036} INFO - Sync 1 DAGs
[2026-04-10T03:21:29.243+0000] {logging_mixin.py:188} INFO - [2026-04-10T03:21:29.242+0000] {dag.py:3823} INFO - Setting next_dagrun for ml_clustering_pipeline to None, run_after=None
[2026-04-10T03:21:29.253+0000] {processor.py:183} INFO - Processing /opt/airflow/dags/ml_pipeline.py took 0.608 seconds
[2026-04-10T03:21:59.712+0000] {processor.py:161} INFO - Started process (PID=6303) to work on /opt/airflow/dags/ml_pipeline.py
[2026-04-10T03:21:59.718+0000] {processor.py:830} INFO - Processing file /opt/airflow/dags/ml_pipeline.py for tasks to queue
[2026-04-10T03:21:59.721+0000] {logging_mixin.py:188} INFO - [2026-04-10T03:21:59.721+0000] {dagbag.py:538} INFO - Filling up the DagBag from /opt/airflow/dags/ml_pipeline.py
[2026-04-10T03:22:00.249+0000] {processor.py:840} INFO - DAG(s) 'ml_clustering_pipeline' retrieved from /opt/airflow/dags/ml_pipeline.py
[2026-04-10T03:22:00.260+0000] {logging_mixin.py:188} INFO - [2026-04-10T03:22:00.260+0000] {dag.py:3036} INFO - Sync 1 DAGs
[2026-04-10T03:22:00.266+0000] {logging_mixin.py:188} INFO - [2026-04-10T03:22:00.265+0000] {dag.py:3823} INFO - Setting next_dagrun for ml_clustering_pipeline to None, run_after=None
[2026-04-10T03:22:00.278+0000] {processor.py:183} INFO - Processing /opt/airflow/dags/ml_pipeline.py took 0.569 seconds
[2026-04-10T03:22:30.639+0000] {processor.py:161} INFO - Started process (PID=6334) to work on /opt/airflow/dags/ml_pipeline.py
[2026-04-10T03:22:30.641+0000] {processor.py:830} INFO - Processing file /opt/airflow/dags/ml_pipeline.py for tasks to queue
[2026-04-10T03:22:30.643+0000] {logging_mixin.py:188} INFO - [2026-04-10T03:22:30.643+0000] {dagbag.py:538} INFO - Filling up the DagBag from /opt/airflow/dags/ml_pipeline.py
[2026-04-10T03:22:31.205+0000] {processor.py:840} INFO - DAG(s) 'ml_clustering_pipeline' retrieved from /opt/airflow/dags/ml_pipeline.py
[2026-04-10T03:22:31.219+0000] {logging_mixin.py:188} INFO - [2026-04-10T03:22:31.219+0000] {dag.py:3036} INFO - Sync 1 DAGs
[2026-04-10T03:22:31.226+0000] {logging_mixin.py:188} INFO - [2026-04-10T03:22:31.226+0000] {dag.py:3823} INFO - Setting next_dagrun for ml_clustering_pipeline to None, run_after=None
[2026-04-10T03:22:31.237+0000] {processor.py:183} INFO - Processing /opt/airflow/dags/ml_pipeline.py took 0.601 seconds
[2026-04-10T03:23:01.644+0000] {processor.py:161} INFO - Started process (PID=6365) to work on /opt/airflow/dags/ml_pipeline.py
[2026-04-10T03:23:01.644+0000] {processor.py:830} INFO - Processing file /opt/airflow/dags/ml_pipeline.py for tasks to queue
[2026-04-10T03:23:01.646+0000] {logging_mixin.py:188} INFO - [2026-04-10T03:23:01.646+0000] {dagbag.py:538} INFO - Filling up the DagBag from /opt/airflow/dags/ml_pipeline.py
[2026-04-10T03:23:02.159+0000] {processor.py:840} INFO - DAG(s) 'ml_clustering_pipeline' retrieved from /opt/airflow/dags/ml_pipeline.py
[2026-04-10T03:23:02.170+0000] {logging_mixin.py:188} INFO - [2026-04-10T03:23:02.170+0000] {dag.py:3036} INFO - Sync 1 DAGs
[2026-04-10T03:23:02.175+0000] {logging_mixin.py:188} INFO - [2026-04-10T03:23:02.175+0000] {dag.py:3823} INFO - Setting next_dagrun for ml_clustering_pipeline to None, run_after=None
[2026-04-10T03:23:02.182+0000] {processor.py:183} INFO - Processing /opt/airflow/dags/ml_pipeline.py took 0.541 seconds
[2026-04-10T03:23:32.570+0000] {processor.py:161} INFO - Started process (PID=6396) to work on /opt/airflow/dags/ml_pipeline.py
[2026-04-10T03:23:32.571+0000] {processor.py:830} INFO - Processing file /opt/airflow/dags/ml_pipeline.py for tasks to queue
[2026-04-10T03:23:32.572+0000] {logging_mixin.py:188} INFO - [2026-04-10T03:23:32.572+0000] {dagbag.py:538} INFO - Filling up the DagBag from /opt/airflow/dags/ml_pipeline.py
[2026-04-10T03:23:33.075+0000] {processor.py:840} INFO - DAG(s) 'ml_clustering_pipeline' retrieved from /opt/airflow/dags/ml_pipeline.py
[2026-04-10T03:23:33.086+0000] {logging_mixin.py:188} INFO - [2026-04-10T03:23:33.085+0000] {dag.py:3036} INFO - Sync 1 DAGs
[2026-04-10T03:23:33.091+0000] {logging_mixin.py:188} INFO - [2026-04-10T03:23:33.091+0000] {dag.py:3823} INFO - Setting next_dagrun for ml_clustering_pipeline to None, run_after=None
[2026-04-10T03:23:33.099+0000] {processor.py:183} INFO - Processing /opt/airflow/dags/ml_pipeline.py took 0.530 seconds
[2026-04-10T03:24:03.571+0000] {processor.py:161} INFO - Started process (PID=6426) to work on /opt/airflow/dags/ml_pipeline.py
[2026-04-10T03:24:03.572+0000] {processor.py:830} INFO - Processing file /opt/airflow/dags/ml_pipeline.py for tasks to queue
[2026-04-10T03:24:03.574+0000] {logging_mixin.py:188} INFO - [2026-04-10T03:24:03.574+0000] {dagbag.py:538} INFO - Filling up the DagBag from /opt/airflow/dags/ml_pipeline.py
[2026-04-10T03:24:04.136+0000] {processor.py:840} INFO - DAG(s) 'ml_clustering_pipeline' retrieved from /opt/airflow/dags/ml_pipeline.py
[2026-04-10T03:24:04.150+0000] {logging_mixin.py:188} INFO - [2026-04-10T03:24:04.150+0000] {dag.py:3036} INFO - Sync 1 DAGs
[2026-04-10T03:24:04.158+0000] {logging_mixin.py:188} INFO - [2026-04-10T03:24:04.158+0000] {dag.py:3823} INFO - Setting next_dagrun for ml_clustering_pipeline to None, run_after=None
[2026-04-10T03:24:04.169+0000] {processor.py:183} INFO - Processing /opt/airflow/dags/ml_pipeline.py took 0.604 seconds
[2026-04-10T03:24:34.621+0000] {processor.py:161} INFO - Started process (PID=6457) to work on /opt/airflow/dags/ml_pipeline.py
[2026-04-10T03:24:34.624+0000] {processor.py:830} INFO - Processing file /opt/airflow/dags/ml_pipeline.py for tasks to queue
[2026-04-10T03:24:34.625+0000] {logging_mixin.py:188} INFO - [2026-04-10T03:24:34.624+0000] {dagbag.py:538} INFO - Filling up the DagBag from /opt/airflow/dags/ml_pipeline.py
[2026-04-10T03:24:35.141+0000] {processor.py:840} INFO - DAG(s) 'ml_clustering_pipeline' retrieved from /opt/airflow/dags/ml_pipeline.py
[2026-04-10T03:24:35.154+0000] {logging_mixin.py:188} INFO - [2026-04-10T03:24:35.154+0000] {dag.py:3036} INFO - Sync 1 DAGs
[2026-04-10T03:24:35.161+0000] {logging_mixin.py:188} INFO - [2026-04-10T03:24:35.161+0000] {dag.py:3823} INFO - Setting next_dagrun for ml_clustering_pipeline to None, run_after=None
[2026-04-10T03:24:35.175+0000] {processor.py:183} INFO - Processing /opt/airflow/dags/ml_pipeline.py took 0.557 seconds
[2026-04-10T03:25:05.547+0000] {processor.py:161} INFO - Started process (PID=6488) to work on /opt/airflow/dags/ml_pipeline.py
[2026-04-10T03:25:05.548+0000] {processor.py:830} INFO - Processing file /opt/airflow/dags/ml_pipeline.py for tasks to queue
[2026-04-10T03:25:05.550+0000] {logging_mixin.py:188} INFO - [2026-04-10T03:25:05.550+0000] {dagbag.py:538} INFO - Filling up the DagBag from /opt/airflow/dags/ml_pipeline.py
[2026-04-10T03:25:06.110+0000] {processor.py:840} INFO - DAG(s) 'ml_clustering_pipeline' retrieved from /opt/airflow/dags/ml_pipeline.py
[2026-04-10T03:25:06.126+0000] {logging_mixin.py:188} INFO - [2026-04-10T03:25:06.126+0000] {dag.py:3036} INFO - Sync 1 DAGs
[2026-04-10T03:25:06.133+0000] {logging_mixin.py:188} INFO - [2026-04-10T03:25:06.133+0000] {dag.py:3823} INFO - Setting next_dagrun for ml_clustering_pipeline to None, run_after=None
[2026-04-10T03:25:06.141+0000] {processor.py:183} INFO - Processing /opt/airflow/dags/ml_pipeline.py took 0.598 seconds
[2026-04-10T03:25:36.557+0000] {processor.py:161} INFO - Started process (PID=6519) to work on /opt/airflow/dags/ml_pipeline.py
[2026-04-10T03:25:36.558+0000] {processor.py:830} INFO - Processing file /opt/airflow/dags/ml_pipeline.py for tasks to queue
[2026-04-10T03:25:36.559+0000] {logging_mixin.py:188} INFO - [2026-04-10T03:25:36.559+0000] {dagbag.py:538} INFO - Filling up the DagBag from /opt/airflow/dags/ml_pipeline.py
[2026-04-10T03:25:37.207+0000] {processor.py:840} INFO - DAG(s) 'ml_clustering_pipeline' retrieved from /opt/airflow/dags/ml_pipeline.py
[2026-04-10T03:25:37.217+0000] {logging_mixin.py:188} INFO - [2026-04-10T03:25:37.217+0000] {dag.py:3036} INFO - Sync 1 DAGs
[2026-04-10T03:25:37.222+0000] {logging_mixin.py:188} INFO - [2026-04-10T03:25:37.222+0000] {dag.py:3823} INFO - Setting next_dagrun for ml_clustering_pipeline to None, run_after=None
[2026-04-10T03:25:37.232+0000] {processor.py:183} INFO - Processing /opt/airflow/dags/ml_pipeline.py took 0.678 seconds
[2026-04-10T03:26:07.642+0000] {processor.py:161} INFO - Started process (PID=6550) to work on /opt/airflow/dags/ml_pipeline.py
[2026-04-10T03:26:07.643+0000] {processor.py:830} INFO - Processing file /opt/airflow/dags/ml_pipeline.py for tasks to queue
[2026-04-10T03:26:07.645+0000] {logging_mixin.py:188} INFO - [2026-04-10T03:26:07.645+0000] {dagbag.py:538} INFO - Filling up the DagBag from /opt/airflow/dags/ml_pipeline.py
[2026-04-10T03:26:08.189+0000] {processor.py:840} INFO - DAG(s) 'ml_clustering_pipeline' retrieved from /opt/airflow/dags/ml_pipeline.py
[2026-04-10T03:26:08.203+0000] {logging_mixin.py:188} INFO - [2026-04-10T03:26:08.202+0000] {dag.py:3036} INFO - Sync 1 DAGs
[2026-04-10T03:26:08.207+0000] {logging_mixin.py:188} INFO - [2026-04-10T03:26:08.207+0000] {dag.py:3823} INFO - Setting next_dagrun for ml_clustering_pipeline to None, run_after=None
[2026-04-10T03:26:08.217+0000] {processor.py:183} INFO - Processing /opt/airflow/dags/ml_pipeline.py took 0.578 seconds
[2026-04-10T03:26:38.579+0000] {processor.py:161} INFO - Started process (PID=6581) to work on /opt/airflow/dags/ml_pipeline.py
[2026-04-10T03:26:38.580+0000] {processor.py:830} INFO - Processing file /opt/airflow/dags/ml_pipeline.py for tasks to queue
[2026-04-10T03:26:38.581+0000] {logging_mixin.py:188} INFO - [2026-04-10T03:26:38.581+0000] {dagbag.py:538} INFO - Filling up the DagBag from /opt/airflow/dags/ml_pipeline.py
[2026-04-10T03:26:39.028+0000] {processor.py:840} INFO - DAG(s) 'ml_clustering_pipeline' retrieved from /opt/airflow/dags/ml_pipeline.py
[2026-04-10T03:26:39.039+0000] {logging_mixin.py:188} INFO - [2026-04-10T03:26:39.038+0000] {dag.py:3036} INFO - Sync 1 DAGs
[2026-04-10T03:26:39.043+0000] {logging_mixin.py:188} INFO - [2026-04-10T03:26:39.043+0000] {dag.py:3823} INFO - Setting next_dagrun for ml_clustering_pipeline to None, run_after=None
[2026-04-10T03:26:39.049+0000] {processor.py:183} INFO - Processing /opt/airflow/dags/ml_pipeline.py took 0.473 seconds
[2026-04-10T03:27:09.466+0000] {processor.py:161} INFO - Started process (PID=6611) to work on /opt/airflow/dags/ml_pipeline.py
[2026-04-10T03:27:09.467+0000] {processor.py:830} INFO - Processing file /opt/airflow/dags/ml_pipeline.py for tasks to queue
[2026-04-10T03:27:09.469+0000] {logging_mixin.py:188} INFO - [2026-04-10T03:27:09.468+0000] {dagbag.py:538} INFO - Filling up the DagBag from /opt/airflow/dags/ml_pipeline.py
[2026-04-10T03:27:09.953+0000] {processor.py:840} INFO - DAG(s) 'ml_clustering_pipeline' retrieved from /opt/airflow/dags/ml_pipeline.py
[2026-04-10T03:27:09.965+0000] {logging_mixin.py:188} INFO - [2026-04-10T03:27:09.964+0000] {dag.py:3036} INFO - Sync 1 DAGs
[2026-04-10T03:27:09.971+0000] {logging_mixin.py:188} INFO - [2026-04-10T03:27:09.971+0000] {dag.py:3823} INFO - Setting next_dagrun for ml_clustering_pipeline to None, run_after=None
[2026-04-10T03:27:09.980+0000] {processor.py:183} INFO - Processing /opt/airflow/dags/ml_pipeline.py took 0.520 seconds
[2026-04-10T03:27:40.426+0000] {processor.py:161} INFO - Started process (PID=6642) to work on /opt/airflow/dags/ml_pipeline.py
[2026-04-10T03:27:40.431+0000] {processor.py:830} INFO - Processing file /opt/airflow/dags/ml_pipeline.py for tasks to queue
[2026-04-10T03:27:40.434+0000] {logging_mixin.py:188} INFO - [2026-04-10T03:27:40.434+0000] {dagbag.py:538} INFO - Filling up the DagBag from /opt/airflow/dags/ml_pipeline.py
[2026-04-10T03:27:41.011+0000] {processor.py:840} INFO - DAG(s) 'ml_clustering_pipeline' retrieved from /opt/airflow/dags/ml_pipeline.py
[2026-04-10T03:27:41.023+0000] {logging_mixin.py:188} INFO - [2026-04-10T03:27:41.022+0000] {dag.py:3036} INFO - Sync 1 DAGs
[2026-04-10T03:27:41.027+0000] {logging_mixin.py:188} INFO - [2026-04-10T03:27:41.027+0000] {dag.py:3823} INFO - Setting next_dagrun for ml_clustering_pipeline to None, run_after=None
[2026-04-10T03:27:41.034+0000] {processor.py:183} INFO - Processing /opt/airflow/dags/ml_pipeline.py took 0.613 seconds
[2026-04-10T03:28:11.471+0000] {processor.py:161} INFO - Started process (PID=6674) to work on /opt/airflow/dags/ml_pipeline.py
[2026-04-10T03:28:11.474+0000] {processor.py:830} INFO - Processing file /opt/airflow/dags/ml_pipeline.py for tasks to queue
[2026-04-10T03:28:11.477+0000] {logging_mixin.py:188} INFO - [2026-04-10T03:28:11.477+0000] {dagbag.py:538} INFO - Filling up the DagBag from /opt/airflow/dags/ml_pipeline.py
[2026-04-10T03:28:12.050+0000] {processor.py:840} INFO - DAG(s) 'ml_clustering_pipeline' retrieved from /opt/airflow/dags/ml_pipeline.py
[2026-04-10T03:28:12.065+0000] {logging_mixin.py:188} INFO - [2026-04-10T03:28:12.065+0000] {dag.py:3036} INFO - Sync 1 DAGs
[2026-04-10T03:28:12.071+0000] {logging_mixin.py:188} INFO - [2026-04-10T03:28:12.071+0000] {dag.py:3823} INFO - Setting next_dagrun for ml_clustering_pipeline to None, run_after=None
[2026-04-10T03:28:12.079+0000] {processor.py:183} INFO - Processing /opt/airflow/dags/ml_pipeline.py took 0.612 seconds
[2026-04-10T03:28:42.455+0000] {processor.py:161} INFO - Started process (PID=6705) to work on /opt/airflow/dags/ml_pipeline.py
[2026-04-10T03:28:42.456+0000] {processor.py:830} INFO - Processing file /opt/airflow/dags/ml_pipeline.py for tasks to queue
[2026-04-10T03:28:42.458+0000] {logging_mixin.py:188} INFO - [2026-04-10T03:28:42.458+0000] {dagbag.py:538} INFO - Filling up the DagBag from /opt/airflow/dags/ml_pipeline.py
[2026-04-10T03:28:42.929+0000] {processor.py:840} INFO - DAG(s) 'ml_clustering_pipeline' retrieved from /opt/airflow/dags/ml_pipeline.py
[2026-04-10T03:28:42.940+0000] {logging_mixin.py:188} INFO - [2026-04-10T03:28:42.940+0000] {dag.py:3036} INFO - Sync 1 DAGs
[2026-04-10T03:28:42.945+0000] {logging_mixin.py:188} INFO - [2026-04-10T03:28:42.945+0000] {dag.py:3823} INFO - Setting next_dagrun for ml_clustering_pipeline to None, run_after=None
[2026-04-10T03:28:42.955+0000] {processor.py:183} INFO - Processing /opt/airflow/dags/ml_pipeline.py took 0.503 seconds
[2026-04-10T03:29:13.321+0000] {processor.py:161} INFO - Started process (PID=6736) to work on /opt/airflow/dags/ml_pipeline.py
[2026-04-10T03:29:13.323+0000] {processor.py:830} INFO - Processing file /opt/airflow/dags/ml_pipeline.py for tasks to queue
[2026-04-10T03:29:13.325+0000] {logging_mixin.py:188} INFO - [2026-04-10T03:29:13.325+0000] {dagbag.py:538} INFO - Filling up the DagBag from /opt/airflow/dags/ml_pipeline.py
[2026-04-10T03:29:13.765+0000] {processor.py:840} INFO - DAG(s) 'ml_clustering_pipeline' retrieved from /opt/airflow/dags/ml_pipeline.py
[2026-04-10T03:29:13.774+0000] {logging_mixin.py:188} INFO - [2026-04-10T03:29:13.774+0000] {dag.py:3036} INFO - Sync 1 DAGs
[2026-04-10T03:29:13.781+0000] {logging_mixin.py:188} INFO - [2026-04-10T03:29:13.781+0000] {dag.py:3823} INFO - Setting next_dagrun for ml_clustering_pipeline to None, run_after=None
[2026-04-10T03:29:13.791+0000] {processor.py:183} INFO - Processing /opt/airflow/dags/ml_pipeline.py took 0.474 seconds
[2026-04-10T03:29:44.164+0000] {processor.py:161} INFO - Started process (PID=6767) to work on /opt/airflow/dags/ml_pipeline.py
[2026-04-10T03:29:44.166+0000] {processor.py:830} INFO - Processing file /opt/airflow/dags/ml_pipeline.py for tasks to queue
[2026-04-10T03:29:44.168+0000] {logging_mixin.py:188} INFO - [2026-04-10T03:29:44.168+0000] {dagbag.py:538} INFO - Filling up the DagBag from /opt/airflow/dags/ml_pipeline.py
[2026-04-10T03:29:44.747+0000] {processor.py:840} INFO - DAG(s) 'ml_clustering_pipeline' retrieved from /opt/airflow/dags/ml_pipeline.py
[2026-04-10T03:29:44.761+0000] {logging_mixin.py:188} INFO - [2026-04-10T03:29:44.761+0000] {dag.py:3036} INFO - Sync 1 DAGs
[2026-04-10T03:29:44.768+0000] {logging_mixin.py:188} INFO - [2026-04-10T03:29:44.768+0000] {dag.py:3823} INFO - Setting next_dagrun for ml_clustering_pipeline to None, run_after=None
[2026-04-10T03:29:44.778+0000] {processor.py:183} INFO - Processing /opt/airflow/dags/ml_pipeline.py took 0.617 seconds
[2026-04-10T03:30:15.150+0000] {processor.py:161} INFO - Started process (PID=6798) to work on /opt/airflow/dags/ml_pipeline.py
[2026-04-10T03:30:15.151+0000] {processor.py:830} INFO - Processing file /opt/airflow/dags/ml_pipeline.py for tasks to queue
[2026-04-10T03:30:15.153+0000] {logging_mixin.py:188} INFO - [2026-04-10T03:30:15.153+0000] {dagbag.py:538} INFO - Filling up the DagBag from /opt/airflow/dags/ml_pipeline.py
[2026-04-10T03:30:15.532+0000] {processor.py:840} INFO - DAG(s) 'ml_clustering_pipeline' retrieved from /opt/airflow/dags/ml_pipeline.py
[2026-04-10T03:30:15.542+0000] {logging_mixin.py:188} INFO - [2026-04-10T03:30:15.542+0000] {dag.py:3036} INFO - Sync 1 DAGs
[2026-04-10T03:30:15.546+0000] {logging_mixin.py:188} INFO - [2026-04-10T03:30:15.546+0000] {dag.py:3823} INFO - Setting next_dagrun for ml_clustering_pipeline to None, run_after=None
[2026-04-10T03:30:15.557+0000] {processor.py:183} INFO - Processing /opt/airflow/dags/ml_pipeline.py took 0.410 seconds
[2026-04-10T03:30:45.945+0000] {processor.py:161} INFO - Started process (PID=6829) to work on /opt/airflow/dags/ml_pipeline.py
[2026-04-10T03:30:45.946+0000] {processor.py:830} INFO - Processing file /opt/airflow/dags/ml_pipeline.py for tasks to queue
[2026-04-10T03:30:45.948+0000] {logging_mixin.py:188} INFO - [2026-04-10T03:30:45.948+0000] {dagbag.py:538} INFO - Filling up the DagBag from /opt/airflow/dags/ml_pipeline.py
[2026-04-10T03:30:46.414+0000] {processor.py:840} INFO - DAG(s) 'ml_clustering_pipeline' retrieved from /opt/airflow/dags/ml_pipeline.py
[2026-04-10T03:30:46.426+0000] {logging_mixin.py:188} INFO - [2026-04-10T03:30:46.425+0000] {dag.py:3036} INFO - Sync 1 DAGs
[2026-04-10T03:30:46.430+0000] {logging_mixin.py:188} INFO - [2026-04-10T03:30:46.430+0000] {dag.py:3823} INFO - Setting next_dagrun for ml_clustering_pipeline to None, run_after=None
[2026-04-10T03:30:46.441+0000] {processor.py:183} INFO - Processing /opt/airflow/dags/ml_pipeline.py took 0.499 seconds
[2026-04-10T03:31:16.787+0000] {processor.py:161} INFO - Started process (PID=6860) to work on /opt/airflow/dags/ml_pipeline.py
[2026-04-10T03:31:16.788+0000] {processor.py:830} INFO - Processing file /opt/airflow/dags/ml_pipeline.py for tasks to queue
[2026-04-10T03:31:16.790+0000] {logging_mixin.py:188} INFO - [2026-04-10T03:31:16.790+0000] {dagbag.py:538} INFO - Filling up the DagBag from /opt/airflow/dags/ml_pipeline.py
[2026-04-10T03:31:17.166+0000] {processor.py:840} INFO - DAG(s) 'ml_clustering_pipeline' retrieved from /opt/airflow/dags/ml_pipeline.py
[2026-04-10T03:31:17.174+0000] {logging_mixin.py:188} INFO - [2026-04-10T03:31:17.174+0000] {dag.py:3036} INFO - Sync 1 DAGs
[2026-04-10T03:31:17.179+0000] {logging_mixin.py:188} INFO - [2026-04-10T03:31:17.179+0000] {dag.py:3823} INFO - Setting next_dagrun for ml_clustering_pipeline to None, run_after=None
[2026-04-10T03:31:17.189+0000] {processor.py:183} INFO - Processing /opt/airflow/dags/ml_pipeline.py took 0.406 seconds
