[2026-04-10T00:40:27.373+0000] {processor.py:161} INFO - Started process (PID=4545) to work on /opt/airflow/dags/my_first_dag.py
[2026-04-10T00:40:27.374+0000] {processor.py:830} INFO - Processing file /opt/airflow/dags/my_first_dag.py for tasks to queue
[2026-04-10T00:40:27.375+0000] {logging_mixin.py:188} INFO - [2026-04-10T00:40:27.375+0000] {dagbag.py:538} INFO - Filling up the DagBag from /opt/airflow/dags/my_first_dag.py
[2026-04-10T00:40:27.385+0000] {processor.py:840} INFO - DAG(s) 'my_first_dag' retrieved from /opt/airflow/dags/my_first_dag.py
[2026-04-10T00:40:27.398+0000] {logging_mixin.py:188} INFO - [2026-04-10T00:40:27.398+0000] {dag.py:3036} INFO - Sync 1 DAGs
[2026-04-10T00:40:27.410+0000] {logging_mixin.py:188} INFO - [2026-04-10T00:40:27.410+0000] {dag.py:3823} INFO - Setting next_dagrun for my_first_dag to 2026-04-10 00:00:00+00:00, run_after=2026-04-11 00:00:00+00:00
[2026-04-10T00:40:27.418+0000] {processor.py:183} INFO - Processing /opt/airflow/dags/my_first_dag.py took 0.049 seconds
[2026-04-10T01:57:19.062+0000] {processor.py:161} INFO - Started process (PID=4576) to work on /opt/airflow/dags/my_first_dag.py
[2026-04-10T01:57:19.063+0000] {processor.py:830} INFO - Processing file /opt/airflow/dags/my_first_dag.py for tasks to queue
[2026-04-10T01:57:19.064+0000] {logging_mixin.py:188} INFO - [2026-04-10T01:57:19.063+0000] {dagbag.py:538} INFO - Filling up the DagBag from /opt/airflow/dags/my_first_dag.py
[2026-04-10T01:57:19.068+0000] {processor.py:840} INFO - DAG(s) 'my_first_dag' retrieved from /opt/airflow/dags/my_first_dag.py
[2026-04-10T01:57:19.078+0000] {logging_mixin.py:188} INFO - [2026-04-10T01:57:19.078+0000] {dag.py:3036} INFO - Sync 1 DAGs
[2026-04-10T01:57:19.087+0000] {logging_mixin.py:188} INFO - [2026-04-10T01:57:19.087+0000] {dag.py:3823} INFO - Setting next_dagrun for my_first_dag to 2026-04-10 00:00:00+00:00, run_after=2026-04-11 00:00:00+00:00
[2026-04-10T01:57:19.094+0000] {processor.py:183} INFO - Processing /opt/airflow/dags/my_first_dag.py took 0.033 seconds
[2026-04-10T02:53:36.676+0000] {processor.py:161} INFO - Started process (PID=4607) to work on /opt/airflow/dags/my_first_dag.py
[2026-04-10T02:53:36.677+0000] {processor.py:830} INFO - Processing file /opt/airflow/dags/my_first_dag.py for tasks to queue
[2026-04-10T02:53:36.678+0000] {logging_mixin.py:188} INFO - [2026-04-10T02:53:36.678+0000] {dagbag.py:538} INFO - Filling up the DagBag from /opt/airflow/dags/my_first_dag.py
[2026-04-10T02:53:36.686+0000] {processor.py:840} INFO - DAG(s) 'my_first_dag' retrieved from /opt/airflow/dags/my_first_dag.py
[2026-04-10T02:53:36.704+0000] {logging_mixin.py:188} INFO - [2026-04-10T02:53:36.704+0000] {dag.py:3036} INFO - Sync 1 DAGs
[2026-04-10T02:53:36.717+0000] {logging_mixin.py:188} INFO - [2026-04-10T02:53:36.717+0000] {dag.py:3823} INFO - Setting next_dagrun for my_first_dag to 2026-04-10 00:00:00+00:00, run_after=2026-04-11 00:00:00+00:00
[2026-04-10T02:53:36.733+0000] {processor.py:183} INFO - Processing /opt/airflow/dags/my_first_dag.py took 0.059 seconds
[2026-04-10T02:54:07.723+0000] {processor.py:161} INFO - Started process (PID=4638) to work on /opt/airflow/dags/my_first_dag.py
[2026-04-10T02:54:07.723+0000] {processor.py:830} INFO - Processing file /opt/airflow/dags/my_first_dag.py for tasks to queue
[2026-04-10T02:54:07.724+0000] {logging_mixin.py:188} INFO - [2026-04-10T02:54:07.724+0000] {dagbag.py:538} INFO - Filling up the DagBag from /opt/airflow/dags/my_first_dag.py
[2026-04-10T02:54:07.729+0000] {processor.py:840} INFO - DAG(s) 'my_first_dag' retrieved from /opt/airflow/dags/my_first_dag.py
[2026-04-10T02:54:07.738+0000] {logging_mixin.py:188} INFO - [2026-04-10T02:54:07.738+0000] {dag.py:3036} INFO - Sync 1 DAGs
[2026-04-10T02:54:07.746+0000] {logging_mixin.py:188} INFO - [2026-04-10T02:54:07.746+0000] {dag.py:3823} INFO - Setting next_dagrun for my_first_dag to 2026-04-10 00:00:00+00:00, run_after=2026-04-11 00:00:00+00:00
[2026-04-10T02:54:07.752+0000] {processor.py:183} INFO - Processing /opt/airflow/dags/my_first_dag.py took 0.031 seconds
[2026-04-10T02:54:38.614+0000] {processor.py:161} INFO - Started process (PID=4669) to work on /opt/airflow/dags/my_first_dag.py
[2026-04-10T02:54:38.615+0000] {processor.py:830} INFO - Processing file /opt/airflow/dags/my_first_dag.py for tasks to queue
[2026-04-10T02:54:38.616+0000] {logging_mixin.py:188} INFO - [2026-04-10T02:54:38.616+0000] {dagbag.py:538} INFO - Filling up the DagBag from /opt/airflow/dags/my_first_dag.py
[2026-04-10T02:54:38.621+0000] {processor.py:840} INFO - DAG(s) 'my_first_dag' retrieved from /opt/airflow/dags/my_first_dag.py
[2026-04-10T02:54:38.630+0000] {logging_mixin.py:188} INFO - [2026-04-10T02:54:38.630+0000] {dag.py:3036} INFO - Sync 1 DAGs
[2026-04-10T02:54:38.638+0000] {logging_mixin.py:188} INFO - [2026-04-10T02:54:38.638+0000] {dag.py:3823} INFO - Setting next_dagrun for my_first_dag to 2026-04-10 00:00:00+00:00, run_after=2026-04-11 00:00:00+00:00
[2026-04-10T02:54:38.643+0000] {processor.py:183} INFO - Processing /opt/airflow/dags/my_first_dag.py took 0.031 seconds
[2026-04-10T02:55:09.624+0000] {processor.py:161} INFO - Started process (PID=4700) to work on /opt/airflow/dags/my_first_dag.py
[2026-04-10T02:55:09.625+0000] {processor.py:830} INFO - Processing file /opt/airflow/dags/my_first_dag.py for tasks to queue
[2026-04-10T02:55:09.626+0000] {logging_mixin.py:188} INFO - [2026-04-10T02:55:09.626+0000] {dagbag.py:538} INFO - Filling up the DagBag from /opt/airflow/dags/my_first_dag.py
[2026-04-10T02:55:09.638+0000] {processor.py:840} INFO - DAG(s) 'my_first_dag' retrieved from /opt/airflow/dags/my_first_dag.py
[2026-04-10T02:55:09.661+0000] {logging_mixin.py:188} INFO - [2026-04-10T02:55:09.661+0000] {dag.py:3036} INFO - Sync 1 DAGs
[2026-04-10T02:55:09.672+0000] {logging_mixin.py:188} INFO - [2026-04-10T02:55:09.672+0000] {dag.py:3823} INFO - Setting next_dagrun for my_first_dag to 2026-04-10 00:00:00+00:00, run_after=2026-04-11 00:00:00+00:00
[2026-04-10T02:55:09.677+0000] {processor.py:183} INFO - Processing /opt/airflow/dags/my_first_dag.py took 0.055 seconds
[2026-04-10T02:55:40.544+0000] {processor.py:161} INFO - Started process (PID=4731) to work on /opt/airflow/dags/my_first_dag.py
[2026-04-10T02:55:40.545+0000] {processor.py:830} INFO - Processing file /opt/airflow/dags/my_first_dag.py for tasks to queue
[2026-04-10T02:55:40.545+0000] {logging_mixin.py:188} INFO - [2026-04-10T02:55:40.545+0000] {dagbag.py:538} INFO - Filling up the DagBag from /opt/airflow/dags/my_first_dag.py
[2026-04-10T02:55:40.551+0000] {processor.py:840} INFO - DAG(s) 'my_first_dag' retrieved from /opt/airflow/dags/my_first_dag.py
[2026-04-10T02:55:40.558+0000] {logging_mixin.py:188} INFO - [2026-04-10T02:55:40.558+0000] {dag.py:3036} INFO - Sync 1 DAGs
[2026-04-10T02:55:40.568+0000] {logging_mixin.py:188} INFO - [2026-04-10T02:55:40.568+0000] {dag.py:3823} INFO - Setting next_dagrun for my_first_dag to 2026-04-10 00:00:00+00:00, run_after=2026-04-11 00:00:00+00:00
[2026-04-10T02:55:40.573+0000] {processor.py:183} INFO - Processing /opt/airflow/dags/my_first_dag.py took 0.031 seconds
[2026-04-10T02:56:11.489+0000] {processor.py:161} INFO - Started process (PID=4762) to work on /opt/airflow/dags/my_first_dag.py
[2026-04-10T02:56:11.489+0000] {processor.py:830} INFO - Processing file /opt/airflow/dags/my_first_dag.py for tasks to queue
[2026-04-10T02:56:11.490+0000] {logging_mixin.py:188} INFO - [2026-04-10T02:56:11.490+0000] {dagbag.py:538} INFO - Filling up the DagBag from /opt/airflow/dags/my_first_dag.py
[2026-04-10T02:56:11.495+0000] {processor.py:840} INFO - DAG(s) 'my_first_dag' retrieved from /opt/airflow/dags/my_first_dag.py
[2026-04-10T02:56:11.503+0000] {logging_mixin.py:188} INFO - [2026-04-10T02:56:11.503+0000] {dag.py:3036} INFO - Sync 1 DAGs
[2026-04-10T02:56:11.511+0000] {logging_mixin.py:188} INFO - [2026-04-10T02:56:11.511+0000] {dag.py:3823} INFO - Setting next_dagrun for my_first_dag to 2026-04-10 00:00:00+00:00, run_after=2026-04-11 00:00:00+00:00
[2026-04-10T02:56:11.516+0000] {processor.py:183} INFO - Processing /opt/airflow/dags/my_first_dag.py took 0.029 seconds
[2026-04-10T02:56:42.563+0000] {processor.py:161} INFO - Started process (PID=4793) to work on /opt/airflow/dags/my_first_dag.py
[2026-04-10T02:56:42.564+0000] {processor.py:830} INFO - Processing file /opt/airflow/dags/my_first_dag.py for tasks to queue
[2026-04-10T02:56:42.565+0000] {logging_mixin.py:188} INFO - [2026-04-10T02:56:42.565+0000] {dagbag.py:538} INFO - Filling up the DagBag from /opt/airflow/dags/my_first_dag.py
[2026-04-10T02:56:42.572+0000] {processor.py:840} INFO - DAG(s) 'my_first_dag' retrieved from /opt/airflow/dags/my_first_dag.py
[2026-04-10T02:56:42.584+0000] {logging_mixin.py:188} INFO - [2026-04-10T02:56:42.584+0000] {dag.py:3036} INFO - Sync 1 DAGs
[2026-04-10T02:56:42.602+0000] {logging_mixin.py:188} INFO - [2026-04-10T02:56:42.602+0000] {dag.py:3823} INFO - Setting next_dagrun for my_first_dag to 2026-04-10 00:00:00+00:00, run_after=2026-04-11 00:00:00+00:00
[2026-04-10T02:56:42.613+0000] {processor.py:183} INFO - Processing /opt/airflow/dags/my_first_dag.py took 0.051 seconds
[2026-04-10T02:57:13.557+0000] {processor.py:161} INFO - Started process (PID=4824) to work on /opt/airflow/dags/my_first_dag.py
[2026-04-10T02:57:13.558+0000] {processor.py:830} INFO - Processing file /opt/airflow/dags/my_first_dag.py for tasks to queue
[2026-04-10T02:57:13.558+0000] {logging_mixin.py:188} INFO - [2026-04-10T02:57:13.558+0000] {dagbag.py:538} INFO - Filling up the DagBag from /opt/airflow/dags/my_first_dag.py
[2026-04-10T02:57:13.564+0000] {processor.py:840} INFO - DAG(s) 'my_first_dag' retrieved from /opt/airflow/dags/my_first_dag.py
[2026-04-10T02:57:13.573+0000] {logging_mixin.py:188} INFO - [2026-04-10T02:57:13.573+0000] {dag.py:3036} INFO - Sync 1 DAGs
[2026-04-10T02:57:13.580+0000] {logging_mixin.py:188} INFO - [2026-04-10T02:57:13.580+0000] {dag.py:3823} INFO - Setting next_dagrun for my_first_dag to 2026-04-10 00:00:00+00:00, run_after=2026-04-11 00:00:00+00:00
[2026-04-10T02:57:13.586+0000] {processor.py:183} INFO - Processing /opt/airflow/dags/my_first_dag.py took 0.030 seconds
[2026-04-10T02:57:44.492+0000] {processor.py:161} INFO - Started process (PID=4855) to work on /opt/airflow/dags/my_first_dag.py
[2026-04-10T02:57:44.493+0000] {processor.py:830} INFO - Processing file /opt/airflow/dags/my_first_dag.py for tasks to queue
[2026-04-10T02:57:44.494+0000] {logging_mixin.py:188} INFO - [2026-04-10T02:57:44.494+0000] {dagbag.py:538} INFO - Filling up the DagBag from /opt/airflow/dags/my_first_dag.py
[2026-04-10T02:57:44.501+0000] {processor.py:840} INFO - DAG(s) 'my_first_dag' retrieved from /opt/airflow/dags/my_first_dag.py
[2026-04-10T02:57:44.511+0000] {logging_mixin.py:188} INFO - [2026-04-10T02:57:44.511+0000] {dag.py:3036} INFO - Sync 1 DAGs
[2026-04-10T02:57:44.520+0000] {logging_mixin.py:188} INFO - [2026-04-10T02:57:44.520+0000] {dag.py:3823} INFO - Setting next_dagrun for my_first_dag to 2026-04-10 00:00:00+00:00, run_after=2026-04-11 00:00:00+00:00
[2026-04-10T02:57:44.526+0000] {processor.py:183} INFO - Processing /opt/airflow/dags/my_first_dag.py took 0.036 seconds
[2026-04-10T02:58:15.490+0000] {processor.py:161} INFO - Started process (PID=4886) to work on /opt/airflow/dags/my_first_dag.py
[2026-04-10T02:58:15.491+0000] {processor.py:830} INFO - Processing file /opt/airflow/dags/my_first_dag.py for tasks to queue
[2026-04-10T02:58:15.492+0000] {logging_mixin.py:188} INFO - [2026-04-10T02:58:15.491+0000] {dagbag.py:538} INFO - Filling up the DagBag from /opt/airflow/dags/my_first_dag.py
[2026-04-10T02:58:15.497+0000] {processor.py:840} INFO - DAG(s) 'my_first_dag' retrieved from /opt/airflow/dags/my_first_dag.py
[2026-04-10T02:58:15.505+0000] {logging_mixin.py:188} INFO - [2026-04-10T02:58:15.505+0000] {dag.py:3036} INFO - Sync 1 DAGs
[2026-04-10T02:58:15.513+0000] {logging_mixin.py:188} INFO - [2026-04-10T02:58:15.513+0000] {dag.py:3823} INFO - Setting next_dagrun for my_first_dag to 2026-04-10 00:00:00+00:00, run_after=2026-04-11 00:00:00+00:00
[2026-04-10T02:58:15.518+0000] {processor.py:183} INFO - Processing /opt/airflow/dags/my_first_dag.py took 0.030 seconds
[2026-04-10T02:58:46.509+0000] {processor.py:161} INFO - Started process (PID=4917) to work on /opt/airflow/dags/my_first_dag.py
[2026-04-10T02:58:46.510+0000] {processor.py:830} INFO - Processing file /opt/airflow/dags/my_first_dag.py for tasks to queue
[2026-04-10T02:58:46.511+0000] {logging_mixin.py:188} INFO - [2026-04-10T02:58:46.511+0000] {dagbag.py:538} INFO - Filling up the DagBag from /opt/airflow/dags/my_first_dag.py
[2026-04-10T02:58:46.516+0000] {processor.py:840} INFO - DAG(s) 'my_first_dag' retrieved from /opt/airflow/dags/my_first_dag.py
[2026-04-10T02:58:46.525+0000] {logging_mixin.py:188} INFO - [2026-04-10T02:58:46.525+0000] {dag.py:3036} INFO - Sync 1 DAGs
[2026-04-10T02:58:46.532+0000] {logging_mixin.py:188} INFO - [2026-04-10T02:58:46.532+0000] {dag.py:3823} INFO - Setting next_dagrun for my_first_dag to 2026-04-10 00:00:00+00:00, run_after=2026-04-11 00:00:00+00:00
[2026-04-10T02:58:46.537+0000] {processor.py:183} INFO - Processing /opt/airflow/dags/my_first_dag.py took 0.030 seconds
[2026-04-10T02:59:17.575+0000] {processor.py:161} INFO - Started process (PID=4948) to work on /opt/airflow/dags/my_first_dag.py
[2026-04-10T02:59:17.576+0000] {processor.py:830} INFO - Processing file /opt/airflow/dags/my_first_dag.py for tasks to queue
[2026-04-10T02:59:17.577+0000] {logging_mixin.py:188} INFO - [2026-04-10T02:59:17.577+0000] {dagbag.py:538} INFO - Filling up the DagBag from /opt/airflow/dags/my_first_dag.py
[2026-04-10T02:59:17.582+0000] {processor.py:840} INFO - DAG(s) 'my_first_dag' retrieved from /opt/airflow/dags/my_first_dag.py
[2026-04-10T02:59:17.591+0000] {logging_mixin.py:188} INFO - [2026-04-10T02:59:17.591+0000] {dag.py:3036} INFO - Sync 1 DAGs
[2026-04-10T02:59:17.599+0000] {logging_mixin.py:188} INFO - [2026-04-10T02:59:17.599+0000] {dag.py:3823} INFO - Setting next_dagrun for my_first_dag to 2026-04-10 00:00:00+00:00, run_after=2026-04-11 00:00:00+00:00
[2026-04-10T02:59:17.604+0000] {processor.py:183} INFO - Processing /opt/airflow/dags/my_first_dag.py took 0.030 seconds
[2026-04-10T02:59:48.532+0000] {processor.py:161} INFO - Started process (PID=4979) to work on /opt/airflow/dags/my_first_dag.py
[2026-04-10T02:59:48.532+0000] {processor.py:830} INFO - Processing file /opt/airflow/dags/my_first_dag.py for tasks to queue
[2026-04-10T02:59:48.533+0000] {logging_mixin.py:188} INFO - [2026-04-10T02:59:48.533+0000] {dagbag.py:538} INFO - Filling up the DagBag from /opt/airflow/dags/my_first_dag.py
[2026-04-10T02:59:48.540+0000] {processor.py:840} INFO - DAG(s) 'my_first_dag' retrieved from /opt/airflow/dags/my_first_dag.py
[2026-04-10T02:59:48.552+0000] {logging_mixin.py:188} INFO - [2026-04-10T02:59:48.552+0000] {dag.py:3036} INFO - Sync 1 DAGs
[2026-04-10T02:59:48.562+0000] {logging_mixin.py:188} INFO - [2026-04-10T02:59:48.562+0000] {dag.py:3823} INFO - Setting next_dagrun for my_first_dag to 2026-04-10 00:00:00+00:00, run_after=2026-04-11 00:00:00+00:00
[2026-04-10T02:59:48.570+0000] {processor.py:183} INFO - Processing /opt/airflow/dags/my_first_dag.py took 0.040 seconds
[2026-04-10T03:00:19.351+0000] {processor.py:161} INFO - Started process (PID=5010) to work on /opt/airflow/dags/my_first_dag.py
[2026-04-10T03:00:19.352+0000] {processor.py:830} INFO - Processing file /opt/airflow/dags/my_first_dag.py for tasks to queue
[2026-04-10T03:00:19.353+0000] {logging_mixin.py:188} INFO - [2026-04-10T03:00:19.353+0000] {dagbag.py:538} INFO - Filling up the DagBag from /opt/airflow/dags/my_first_dag.py
[2026-04-10T03:00:19.358+0000] {processor.py:840} INFO - DAG(s) 'my_first_dag' retrieved from /opt/airflow/dags/my_first_dag.py
[2026-04-10T03:00:19.367+0000] {logging_mixin.py:188} INFO - [2026-04-10T03:00:19.367+0000] {dag.py:3036} INFO - Sync 1 DAGs
[2026-04-10T03:00:19.374+0000] {logging_mixin.py:188} INFO - [2026-04-10T03:00:19.374+0000] {dag.py:3823} INFO - Setting next_dagrun for my_first_dag to 2026-04-10 00:00:00+00:00, run_after=2026-04-11 00:00:00+00:00
[2026-04-10T03:00:19.380+0000] {processor.py:183} INFO - Processing /opt/airflow/dags/my_first_dag.py took 0.030 seconds
[2026-04-10T03:00:50.322+0000] {processor.py:161} INFO - Started process (PID=5041) to work on /opt/airflow/dags/my_first_dag.py
[2026-04-10T03:00:50.323+0000] {processor.py:830} INFO - Processing file /opt/airflow/dags/my_first_dag.py for tasks to queue
[2026-04-10T03:00:50.324+0000] {logging_mixin.py:188} INFO - [2026-04-10T03:00:50.323+0000] {dagbag.py:538} INFO - Filling up the DagBag from /opt/airflow/dags/my_first_dag.py
[2026-04-10T03:00:50.330+0000] {processor.py:840} INFO - DAG(s) 'my_first_dag' retrieved from /opt/airflow/dags/my_first_dag.py
[2026-04-10T03:00:50.338+0000] {logging_mixin.py:188} INFO - [2026-04-10T03:00:50.338+0000] {dag.py:3036} INFO - Sync 1 DAGs
[2026-04-10T03:00:50.347+0000] {logging_mixin.py:188} INFO - [2026-04-10T03:00:50.347+0000] {dag.py:3823} INFO - Setting next_dagrun for my_first_dag to 2026-04-10 00:00:00+00:00, run_after=2026-04-11 00:00:00+00:00
[2026-04-10T03:00:50.353+0000] {processor.py:183} INFO - Processing /opt/airflow/dags/my_first_dag.py took 0.033 seconds
[2026-04-10T03:01:21.152+0000] {processor.py:161} INFO - Started process (PID=5072) to work on /opt/airflow/dags/my_first_dag.py
[2026-04-10T03:01:21.153+0000] {processor.py:830} INFO - Processing file /opt/airflow/dags/my_first_dag.py for tasks to queue
[2026-04-10T03:01:21.153+0000] {logging_mixin.py:188} INFO - [2026-04-10T03:01:21.153+0000] {dagbag.py:538} INFO - Filling up the DagBag from /opt/airflow/dags/my_first_dag.py
[2026-04-10T03:01:21.158+0000] {processor.py:840} INFO - DAG(s) 'my_first_dag' retrieved from /opt/airflow/dags/my_first_dag.py
[2026-04-10T03:01:21.167+0000] {logging_mixin.py:188} INFO - [2026-04-10T03:01:21.167+0000] {dag.py:3036} INFO - Sync 1 DAGs
[2026-04-10T03:01:21.174+0000] {logging_mixin.py:188} INFO - [2026-04-10T03:01:21.174+0000] {dag.py:3823} INFO - Setting next_dagrun for my_first_dag to 2026-04-10 00:00:00+00:00, run_after=2026-04-11 00:00:00+00:00
[2026-04-10T03:01:21.180+0000] {processor.py:183} INFO - Processing /opt/airflow/dags/my_first_dag.py took 0.029 seconds
[2026-04-10T03:01:52.187+0000] {processor.py:161} INFO - Started process (PID=5103) to work on /opt/airflow/dags/my_first_dag.py
[2026-04-10T03:01:52.188+0000] {processor.py:830} INFO - Processing file /opt/airflow/dags/my_first_dag.py for tasks to queue
[2026-04-10T03:01:52.189+0000] {logging_mixin.py:188} INFO - [2026-04-10T03:01:52.189+0000] {dagbag.py:538} INFO - Filling up the DagBag from /opt/airflow/dags/my_first_dag.py
[2026-04-10T03:01:52.195+0000] {processor.py:840} INFO - DAG(s) 'my_first_dag' retrieved from /opt/airflow/dags/my_first_dag.py
[2026-04-10T03:01:52.205+0000] {logging_mixin.py:188} INFO - [2026-04-10T03:01:52.205+0000] {dag.py:3036} INFO - Sync 1 DAGs
[2026-04-10T03:01:52.213+0000] {logging_mixin.py:188} INFO - [2026-04-10T03:01:52.213+0000] {dag.py:3823} INFO - Setting next_dagrun for my_first_dag to 2026-04-10 00:00:00+00:00, run_after=2026-04-11 00:00:00+00:00
[2026-04-10T03:01:52.218+0000] {processor.py:183} INFO - Processing /opt/airflow/dags/my_first_dag.py took 0.034 seconds
[2026-04-10T03:02:23.136+0000] {processor.py:161} INFO - Started process (PID=5134) to work on /opt/airflow/dags/my_first_dag.py
[2026-04-10T03:02:23.136+0000] {processor.py:830} INFO - Processing file /opt/airflow/dags/my_first_dag.py for tasks to queue
[2026-04-10T03:02:23.137+0000] {logging_mixin.py:188} INFO - [2026-04-10T03:02:23.137+0000] {dagbag.py:538} INFO - Filling up the DagBag from /opt/airflow/dags/my_first_dag.py
[2026-04-10T03:02:23.144+0000] {processor.py:840} INFO - DAG(s) 'my_first_dag' retrieved from /opt/airflow/dags/my_first_dag.py
[2026-04-10T03:02:23.156+0000] {logging_mixin.py:188} INFO - [2026-04-10T03:02:23.156+0000] {dag.py:3036} INFO - Sync 1 DAGs
[2026-04-10T03:02:23.166+0000] {logging_mixin.py:188} INFO - [2026-04-10T03:02:23.166+0000] {dag.py:3823} INFO - Setting next_dagrun for my_first_dag to 2026-04-10 00:00:00+00:00, run_after=2026-04-11 00:00:00+00:00
[2026-04-10T03:02:23.172+0000] {processor.py:183} INFO - Processing /opt/airflow/dags/my_first_dag.py took 0.039 seconds
[2026-04-10T03:02:54.105+0000] {processor.py:161} INFO - Started process (PID=5165) to work on /opt/airflow/dags/my_first_dag.py
[2026-04-10T03:02:54.105+0000] {processor.py:830} INFO - Processing file /opt/airflow/dags/my_first_dag.py for tasks to queue
[2026-04-10T03:02:54.106+0000] {logging_mixin.py:188} INFO - [2026-04-10T03:02:54.106+0000] {dagbag.py:538} INFO - Filling up the DagBag from /opt/airflow/dags/my_first_dag.py
[2026-04-10T03:02:54.112+0000] {processor.py:840} INFO - DAG(s) 'my_first_dag' retrieved from /opt/airflow/dags/my_first_dag.py
[2026-04-10T03:02:54.120+0000] {logging_mixin.py:188} INFO - [2026-04-10T03:02:54.120+0000] {dag.py:3036} INFO - Sync 1 DAGs
[2026-04-10T03:02:54.130+0000] {logging_mixin.py:188} INFO - [2026-04-10T03:02:54.130+0000] {dag.py:3823} INFO - Setting next_dagrun for my_first_dag to 2026-04-10 00:00:00+00:00, run_after=2026-04-11 00:00:00+00:00
[2026-04-10T03:02:54.137+0000] {processor.py:183} INFO - Processing /opt/airflow/dags/my_first_dag.py took 0.034 seconds
[2026-04-10T03:03:25.423+0000] {processor.py:161} INFO - Started process (PID=5196) to work on /opt/airflow/dags/my_first_dag.py
[2026-04-10T03:03:25.424+0000] {processor.py:830} INFO - Processing file /opt/airflow/dags/my_first_dag.py for tasks to queue
[2026-04-10T03:03:25.425+0000] {logging_mixin.py:188} INFO - [2026-04-10T03:03:25.425+0000] {dagbag.py:538} INFO - Filling up the DagBag from /opt/airflow/dags/my_first_dag.py
[2026-04-10T03:03:25.431+0000] {processor.py:840} INFO - DAG(s) 'my_first_dag' retrieved from /opt/airflow/dags/my_first_dag.py
[2026-04-10T03:03:25.440+0000] {logging_mixin.py:188} INFO - [2026-04-10T03:03:25.440+0000] {dag.py:3036} INFO - Sync 1 DAGs
[2026-04-10T03:03:25.448+0000] {logging_mixin.py:188} INFO - [2026-04-10T03:03:25.448+0000] {dag.py:3823} INFO - Setting next_dagrun for my_first_dag to 2026-04-10 00:00:00+00:00, run_after=2026-04-11 00:00:00+00:00
[2026-04-10T03:03:25.457+0000] {processor.py:183} INFO - Processing /opt/airflow/dags/my_first_dag.py took 0.036 seconds
[2026-04-10T03:03:56.459+0000] {processor.py:161} INFO - Started process (PID=5232) to work on /opt/airflow/dags/my_first_dag.py
[2026-04-10T03:03:56.460+0000] {processor.py:830} INFO - Processing file /opt/airflow/dags/my_first_dag.py for tasks to queue
[2026-04-10T03:03:56.461+0000] {logging_mixin.py:188} INFO - [2026-04-10T03:03:56.461+0000] {dagbag.py:538} INFO - Filling up the DagBag from /opt/airflow/dags/my_first_dag.py
[2026-04-10T03:03:56.466+0000] {processor.py:840} INFO - DAG(s) 'my_first_dag' retrieved from /opt/airflow/dags/my_first_dag.py
[2026-04-10T03:03:56.475+0000] {logging_mixin.py:188} INFO - [2026-04-10T03:03:56.475+0000] {dag.py:3036} INFO - Sync 1 DAGs
[2026-04-10T03:03:56.483+0000] {logging_mixin.py:188} INFO - [2026-04-10T03:03:56.483+0000] {dag.py:3823} INFO - Setting next_dagrun for my_first_dag to 2026-04-10 00:00:00+00:00, run_after=2026-04-11 00:00:00+00:00
[2026-04-10T03:03:56.488+0000] {processor.py:183} INFO - Processing /opt/airflow/dags/my_first_dag.py took 0.031 seconds
[2026-04-10T03:04:27.425+0000] {processor.py:161} INFO - Started process (PID=5263) to work on /opt/airflow/dags/my_first_dag.py
[2026-04-10T03:04:27.426+0000] {processor.py:830} INFO - Processing file /opt/airflow/dags/my_first_dag.py for tasks to queue
[2026-04-10T03:04:27.427+0000] {logging_mixin.py:188} INFO - [2026-04-10T03:04:27.427+0000] {dagbag.py:538} INFO - Filling up the DagBag from /opt/airflow/dags/my_first_dag.py
[2026-04-10T03:04:27.435+0000] {processor.py:840} INFO - DAG(s) 'my_first_dag' retrieved from /opt/airflow/dags/my_first_dag.py
[2026-04-10T03:04:27.447+0000] {logging_mixin.py:188} INFO - [2026-04-10T03:04:27.447+0000] {dag.py:3036} INFO - Sync 1 DAGs
[2026-04-10T03:04:27.460+0000] {logging_mixin.py:188} INFO - [2026-04-10T03:04:27.460+0000] {dag.py:3823} INFO - Setting next_dagrun for my_first_dag to 2026-04-10 00:00:00+00:00, run_after=2026-04-11 00:00:00+00:00
[2026-04-10T03:04:27.470+0000] {processor.py:183} INFO - Processing /opt/airflow/dags/my_first_dag.py took 0.048 seconds
[2026-04-10T03:04:58.289+0000] {processor.py:161} INFO - Started process (PID=5294) to work on /opt/airflow/dags/my_first_dag.py
[2026-04-10T03:04:58.289+0000] {processor.py:830} INFO - Processing file /opt/airflow/dags/my_first_dag.py for tasks to queue
[2026-04-10T03:04:58.290+0000] {logging_mixin.py:188} INFO - [2026-04-10T03:04:58.290+0000] {dagbag.py:538} INFO - Filling up the DagBag from /opt/airflow/dags/my_first_dag.py
[2026-04-10T03:04:58.295+0000] {processor.py:840} INFO - DAG(s) 'my_first_dag' retrieved from /opt/airflow/dags/my_first_dag.py
[2026-04-10T03:04:58.303+0000] {logging_mixin.py:188} INFO - [2026-04-10T03:04:58.303+0000] {dag.py:3036} INFO - Sync 1 DAGs
[2026-04-10T03:04:58.312+0000] {logging_mixin.py:188} INFO - [2026-04-10T03:04:58.312+0000] {dag.py:3823} INFO - Setting next_dagrun for my_first_dag to 2026-04-10 00:00:00+00:00, run_after=2026-04-11 00:00:00+00:00
[2026-04-10T03:04:58.318+0000] {processor.py:183} INFO - Processing /opt/airflow/dags/my_first_dag.py took 0.030 seconds
[2026-04-10T03:05:29.310+0000] {processor.py:161} INFO - Started process (PID=5325) to work on /opt/airflow/dags/my_first_dag.py
[2026-04-10T03:05:29.311+0000] {processor.py:830} INFO - Processing file /opt/airflow/dags/my_first_dag.py for tasks to queue
[2026-04-10T03:05:29.312+0000] {logging_mixin.py:188} INFO - [2026-04-10T03:05:29.312+0000] {dagbag.py:538} INFO - Filling up the DagBag from /opt/airflow/dags/my_first_dag.py
[2026-04-10T03:05:29.317+0000] {processor.py:840} INFO - DAG(s) 'my_first_dag' retrieved from /opt/airflow/dags/my_first_dag.py
[2026-04-10T03:05:29.325+0000] {logging_mixin.py:188} INFO - [2026-04-10T03:05:29.325+0000] {dag.py:3036} INFO - Sync 1 DAGs
[2026-04-10T03:05:29.333+0000] {logging_mixin.py:188} INFO - [2026-04-10T03:05:29.333+0000] {dag.py:3823} INFO - Setting next_dagrun for my_first_dag to 2026-04-10 00:00:00+00:00, run_after=2026-04-11 00:00:00+00:00
[2026-04-10T03:05:29.338+0000] {processor.py:183} INFO - Processing /opt/airflow/dags/my_first_dag.py took 0.030 seconds
[2026-04-10T03:06:00.269+0000] {processor.py:161} INFO - Started process (PID=5356) to work on /opt/airflow/dags/my_first_dag.py
[2026-04-10T03:06:00.269+0000] {processor.py:830} INFO - Processing file /opt/airflow/dags/my_first_dag.py for tasks to queue
[2026-04-10T03:06:00.270+0000] {logging_mixin.py:188} INFO - [2026-04-10T03:06:00.270+0000] {dagbag.py:538} INFO - Filling up the DagBag from /opt/airflow/dags/my_first_dag.py
[2026-04-10T03:06:00.276+0000] {processor.py:840} INFO - DAG(s) 'my_first_dag' retrieved from /opt/airflow/dags/my_first_dag.py
[2026-04-10T03:06:00.284+0000] {logging_mixin.py:188} INFO - [2026-04-10T03:06:00.284+0000] {dag.py:3036} INFO - Sync 1 DAGs
[2026-04-10T03:06:00.291+0000] {logging_mixin.py:188} INFO - [2026-04-10T03:06:00.291+0000] {dag.py:3823} INFO - Setting next_dagrun for my_first_dag to 2026-04-10 00:00:00+00:00, run_after=2026-04-11 00:00:00+00:00
[2026-04-10T03:06:00.297+0000] {processor.py:183} INFO - Processing /opt/airflow/dags/my_first_dag.py took 0.029 seconds
[2026-04-10T03:06:31.216+0000] {processor.py:161} INFO - Started process (PID=5387) to work on /opt/airflow/dags/my_first_dag.py
[2026-04-10T03:06:31.216+0000] {processor.py:830} INFO - Processing file /opt/airflow/dags/my_first_dag.py for tasks to queue
[2026-04-10T03:06:31.217+0000] {logging_mixin.py:188} INFO - [2026-04-10T03:06:31.217+0000] {dagbag.py:538} INFO - Filling up the DagBag from /opt/airflow/dags/my_first_dag.py
[2026-04-10T03:06:31.222+0000] {processor.py:840} INFO - DAG(s) 'my_first_dag' retrieved from /opt/airflow/dags/my_first_dag.py
[2026-04-10T03:06:31.230+0000] {logging_mixin.py:188} INFO - [2026-04-10T03:06:31.230+0000] {dag.py:3036} INFO - Sync 1 DAGs
[2026-04-10T03:06:31.237+0000] {logging_mixin.py:188} INFO - [2026-04-10T03:06:31.237+0000] {dag.py:3823} INFO - Setting next_dagrun for my_first_dag to 2026-04-10 00:00:00+00:00, run_after=2026-04-11 00:00:00+00:00
[2026-04-10T03:06:31.242+0000] {processor.py:183} INFO - Processing /opt/airflow/dags/my_first_dag.py took 0.028 seconds
[2026-04-10T03:07:02.228+0000] {processor.py:161} INFO - Started process (PID=5418) to work on /opt/airflow/dags/my_first_dag.py
[2026-04-10T03:07:02.228+0000] {processor.py:830} INFO - Processing file /opt/airflow/dags/my_first_dag.py for tasks to queue
[2026-04-10T03:07:02.229+0000] {logging_mixin.py:188} INFO - [2026-04-10T03:07:02.229+0000] {dagbag.py:538} INFO - Filling up the DagBag from /opt/airflow/dags/my_first_dag.py
[2026-04-10T03:07:02.235+0000] {processor.py:840} INFO - DAG(s) 'my_first_dag' retrieved from /opt/airflow/dags/my_first_dag.py
[2026-04-10T03:07:02.244+0000] {logging_mixin.py:188} INFO - [2026-04-10T03:07:02.244+0000] {dag.py:3036} INFO - Sync 1 DAGs
[2026-04-10T03:07:02.253+0000] {logging_mixin.py:188} INFO - [2026-04-10T03:07:02.253+0000] {dag.py:3823} INFO - Setting next_dagrun for my_first_dag to 2026-04-10 00:00:00+00:00, run_after=2026-04-11 00:00:00+00:00
[2026-04-10T03:07:02.259+0000] {processor.py:183} INFO - Processing /opt/airflow/dags/my_first_dag.py took 0.033 seconds
[2026-04-10T03:07:33.292+0000] {processor.py:161} INFO - Started process (PID=5449) to work on /opt/airflow/dags/my_first_dag.py
[2026-04-10T03:07:33.294+0000] {processor.py:830} INFO - Processing file /opt/airflow/dags/my_first_dag.py for tasks to queue
[2026-04-10T03:07:33.294+0000] {logging_mixin.py:188} INFO - [2026-04-10T03:07:33.294+0000] {dagbag.py:538} INFO - Filling up the DagBag from /opt/airflow/dags/my_first_dag.py
[2026-04-10T03:07:33.300+0000] {processor.py:840} INFO - DAG(s) 'my_first_dag' retrieved from /opt/airflow/dags/my_first_dag.py
[2026-04-10T03:07:33.309+0000] {logging_mixin.py:188} INFO - [2026-04-10T03:07:33.309+0000] {dag.py:3036} INFO - Sync 1 DAGs
[2026-04-10T03:07:33.317+0000] {logging_mixin.py:188} INFO - [2026-04-10T03:07:33.317+0000] {dag.py:3823} INFO - Setting next_dagrun for my_first_dag to 2026-04-10 00:00:00+00:00, run_after=2026-04-11 00:00:00+00:00
[2026-04-10T03:07:33.325+0000] {processor.py:183} INFO - Processing /opt/airflow/dags/my_first_dag.py took 0.035 seconds
[2026-04-10T03:08:04.250+0000] {processor.py:161} INFO - Started process (PID=5481) to work on /opt/airflow/dags/my_first_dag.py
[2026-04-10T03:08:04.250+0000] {processor.py:830} INFO - Processing file /opt/airflow/dags/my_first_dag.py for tasks to queue
[2026-04-10T03:08:04.251+0000] {logging_mixin.py:188} INFO - [2026-04-10T03:08:04.251+0000] {dagbag.py:538} INFO - Filling up the DagBag from /opt/airflow/dags/my_first_dag.py
[2026-04-10T03:08:04.256+0000] {processor.py:840} INFO - DAG(s) 'my_first_dag' retrieved from /opt/airflow/dags/my_first_dag.py
[2026-04-10T03:08:04.265+0000] {logging_mixin.py:188} INFO - [2026-04-10T03:08:04.264+0000] {dag.py:3036} INFO - Sync 1 DAGs
[2026-04-10T03:08:04.272+0000] {logging_mixin.py:188} INFO - [2026-04-10T03:08:04.272+0000] {dag.py:3823} INFO - Setting next_dagrun for my_first_dag to 2026-04-10 00:00:00+00:00, run_after=2026-04-11 00:00:00+00:00
[2026-04-10T03:08:04.278+0000] {processor.py:183} INFO - Processing /opt/airflow/dags/my_first_dag.py took 0.030 seconds
[2026-04-10T03:08:35.104+0000] {processor.py:161} INFO - Started process (PID=5512) to work on /opt/airflow/dags/my_first_dag.py
[2026-04-10T03:08:35.104+0000] {processor.py:830} INFO - Processing file /opt/airflow/dags/my_first_dag.py for tasks to queue
[2026-04-10T03:08:35.105+0000] {logging_mixin.py:188} INFO - [2026-04-10T03:08:35.105+0000] {dagbag.py:538} INFO - Filling up the DagBag from /opt/airflow/dags/my_first_dag.py
[2026-04-10T03:08:35.110+0000] {processor.py:840} INFO - DAG(s) 'my_first_dag' retrieved from /opt/airflow/dags/my_first_dag.py
[2026-04-10T03:08:35.118+0000] {logging_mixin.py:188} INFO - [2026-04-10T03:08:35.117+0000] {dag.py:3036} INFO - Sync 1 DAGs
[2026-04-10T03:08:35.125+0000] {logging_mixin.py:188} INFO - [2026-04-10T03:08:35.125+0000] {dag.py:3823} INFO - Setting next_dagrun for my_first_dag to 2026-04-10 00:00:00+00:00, run_after=2026-04-11 00:00:00+00:00
[2026-04-10T03:08:35.130+0000] {processor.py:183} INFO - Processing /opt/airflow/dags/my_first_dag.py took 0.028 seconds
[2026-04-10T03:09:06.063+0000] {processor.py:161} INFO - Started process (PID=5543) to work on /opt/airflow/dags/my_first_dag.py
[2026-04-10T03:09:06.063+0000] {processor.py:830} INFO - Processing file /opt/airflow/dags/my_first_dag.py for tasks to queue
[2026-04-10T03:09:06.064+0000] {logging_mixin.py:188} INFO - [2026-04-10T03:09:06.064+0000] {dagbag.py:538} INFO - Filling up the DagBag from /opt/airflow/dags/my_first_dag.py
[2026-04-10T03:09:06.070+0000] {processor.py:840} INFO - DAG(s) 'my_first_dag' retrieved from /opt/airflow/dags/my_first_dag.py
[2026-04-10T03:09:06.078+0000] {logging_mixin.py:188} INFO - [2026-04-10T03:09:06.078+0000] {dag.py:3036} INFO - Sync 1 DAGs
[2026-04-10T03:09:06.086+0000] {logging_mixin.py:188} INFO - [2026-04-10T03:09:06.086+0000] {dag.py:3823} INFO - Setting next_dagrun for my_first_dag to 2026-04-10 00:00:00+00:00, run_after=2026-04-11 00:00:00+00:00
[2026-04-10T03:09:06.091+0000] {processor.py:183} INFO - Processing /opt/airflow/dags/my_first_dag.py took 0.030 seconds
[2026-04-10T03:09:36.950+0000] {processor.py:161} INFO - Started process (PID=5574) to work on /opt/airflow/dags/my_first_dag.py
[2026-04-10T03:09:36.950+0000] {processor.py:830} INFO - Processing file /opt/airflow/dags/my_first_dag.py for tasks to queue
[2026-04-10T03:09:36.952+0000] {logging_mixin.py:188} INFO - [2026-04-10T03:09:36.951+0000] {dagbag.py:538} INFO - Filling up the DagBag from /opt/airflow/dags/my_first_dag.py
[2026-04-10T03:09:36.958+0000] {processor.py:840} INFO - DAG(s) 'my_first_dag' retrieved from /opt/airflow/dags/my_first_dag.py
[2026-04-10T03:09:36.967+0000] {logging_mixin.py:188} INFO - [2026-04-10T03:09:36.967+0000] {dag.py:3036} INFO - Sync 1 DAGs
[2026-04-10T03:09:36.975+0000] {logging_mixin.py:188} INFO - [2026-04-10T03:09:36.975+0000] {dag.py:3823} INFO - Setting next_dagrun for my_first_dag to 2026-04-10 00:00:00+00:00, run_after=2026-04-11 00:00:00+00:00
[2026-04-10T03:09:36.981+0000] {processor.py:183} INFO - Processing /opt/airflow/dags/my_first_dag.py took 0.033 seconds
[2026-04-10T03:10:07.985+0000] {processor.py:161} INFO - Started process (PID=5605) to work on /opt/airflow/dags/my_first_dag.py
[2026-04-10T03:10:07.986+0000] {processor.py:830} INFO - Processing file /opt/airflow/dags/my_first_dag.py for tasks to queue
[2026-04-10T03:10:07.986+0000] {logging_mixin.py:188} INFO - [2026-04-10T03:10:07.986+0000] {dagbag.py:538} INFO - Filling up the DagBag from /opt/airflow/dags/my_first_dag.py
[2026-04-10T03:10:07.993+0000] {processor.py:840} INFO - DAG(s) 'my_first_dag' retrieved from /opt/airflow/dags/my_first_dag.py
[2026-04-10T03:10:08.000+0000] {logging_mixin.py:188} INFO - [2026-04-10T03:10:08.000+0000] {dag.py:3036} INFO - Sync 1 DAGs
[2026-04-10T03:10:08.008+0000] {logging_mixin.py:188} INFO - [2026-04-10T03:10:08.008+0000] {dag.py:3823} INFO - Setting next_dagrun for my_first_dag to 2026-04-10 00:00:00+00:00, run_after=2026-04-11 00:00:00+00:00
[2026-04-10T03:10:08.013+0000] {processor.py:183} INFO - Processing /opt/airflow/dags/my_first_dag.py took 0.029 seconds
[2026-04-10T03:10:38.857+0000] {processor.py:161} INFO - Started process (PID=5636) to work on /opt/airflow/dags/my_first_dag.py
[2026-04-10T03:10:38.858+0000] {processor.py:830} INFO - Processing file /opt/airflow/dags/my_first_dag.py for tasks to queue
[2026-04-10T03:10:38.859+0000] {logging_mixin.py:188} INFO - [2026-04-10T03:10:38.859+0000] {dagbag.py:538} INFO - Filling up the DagBag from /opt/airflow/dags/my_first_dag.py
[2026-04-10T03:10:38.864+0000] {processor.py:840} INFO - DAG(s) 'my_first_dag' retrieved from /opt/airflow/dags/my_first_dag.py
[2026-04-10T03:10:38.872+0000] {logging_mixin.py:188} INFO - [2026-04-10T03:10:38.872+0000] {dag.py:3036} INFO - Sync 1 DAGs
[2026-04-10T03:10:38.879+0000] {logging_mixin.py:188} INFO - [2026-04-10T03:10:38.879+0000] {dag.py:3823} INFO - Setting next_dagrun for my_first_dag to 2026-04-10 00:00:00+00:00, run_after=2026-04-11 00:00:00+00:00
[2026-04-10T03:10:38.884+0000] {processor.py:183} INFO - Processing /opt/airflow/dags/my_first_dag.py took 0.029 seconds
[2026-04-10T03:11:09.697+0000] {processor.py:161} INFO - Started process (PID=5667) to work on /opt/airflow/dags/my_first_dag.py
[2026-04-10T03:11:09.697+0000] {processor.py:830} INFO - Processing file /opt/airflow/dags/my_first_dag.py for tasks to queue
[2026-04-10T03:11:09.698+0000] {logging_mixin.py:188} INFO - [2026-04-10T03:11:09.698+0000] {dagbag.py:538} INFO - Filling up the DagBag from /opt/airflow/dags/my_first_dag.py
[2026-04-10T03:11:09.702+0000] {processor.py:840} INFO - DAG(s) 'my_first_dag' retrieved from /opt/airflow/dags/my_first_dag.py
[2026-04-10T03:11:09.711+0000] {logging_mixin.py:188} INFO - [2026-04-10T03:11:09.710+0000] {dag.py:3036} INFO - Sync 1 DAGs
[2026-04-10T03:11:09.718+0000] {logging_mixin.py:188} INFO - [2026-04-10T03:11:09.718+0000] {dag.py:3823} INFO - Setting next_dagrun for my_first_dag to 2026-04-10 00:00:00+00:00, run_after=2026-04-11 00:00:00+00:00
[2026-04-10T03:11:09.723+0000] {processor.py:183} INFO - Processing /opt/airflow/dags/my_first_dag.py took 0.028 seconds
[2026-04-10T03:11:40.704+0000] {processor.py:161} INFO - Started process (PID=5698) to work on /opt/airflow/dags/my_first_dag.py
[2026-04-10T03:11:40.705+0000] {processor.py:830} INFO - Processing file /opt/airflow/dags/my_first_dag.py for tasks to queue
[2026-04-10T03:11:40.705+0000] {logging_mixin.py:188} INFO - [2026-04-10T03:11:40.705+0000] {dagbag.py:538} INFO - Filling up the DagBag from /opt/airflow/dags/my_first_dag.py
[2026-04-10T03:11:40.711+0000] {processor.py:840} INFO - DAG(s) 'my_first_dag' retrieved from /opt/airflow/dags/my_first_dag.py
[2026-04-10T03:11:40.722+0000] {logging_mixin.py:188} INFO - [2026-04-10T03:11:40.722+0000] {dag.py:3036} INFO - Sync 1 DAGs
[2026-04-10T03:11:40.730+0000] {logging_mixin.py:188} INFO - [2026-04-10T03:11:40.730+0000] {dag.py:3823} INFO - Setting next_dagrun for my_first_dag to 2026-04-10 00:00:00+00:00, run_after=2026-04-11 00:00:00+00:00
[2026-04-10T03:11:40.736+0000] {processor.py:183} INFO - Processing /opt/airflow/dags/my_first_dag.py took 0.033 seconds
[2026-04-10T03:12:11.694+0000] {processor.py:161} INFO - Started process (PID=5729) to work on /opt/airflow/dags/my_first_dag.py
[2026-04-10T03:12:11.694+0000] {processor.py:830} INFO - Processing file /opt/airflow/dags/my_first_dag.py for tasks to queue
[2026-04-10T03:12:11.695+0000] {logging_mixin.py:188} INFO - [2026-04-10T03:12:11.695+0000] {dagbag.py:538} INFO - Filling up the DagBag from /opt/airflow/dags/my_first_dag.py
[2026-04-10T03:12:11.700+0000] {processor.py:840} INFO - DAG(s) 'my_first_dag' retrieved from /opt/airflow/dags/my_first_dag.py
[2026-04-10T03:12:11.708+0000] {logging_mixin.py:188} INFO - [2026-04-10T03:12:11.708+0000] {dag.py:3036} INFO - Sync 1 DAGs
[2026-04-10T03:12:11.716+0000] {logging_mixin.py:188} INFO - [2026-04-10T03:12:11.716+0000] {dag.py:3823} INFO - Setting next_dagrun for my_first_dag to 2026-04-10 00:00:00+00:00, run_after=2026-04-11 00:00:00+00:00
[2026-04-10T03:12:11.722+0000] {processor.py:183} INFO - Processing /opt/airflow/dags/my_first_dag.py took 0.029 seconds
[2026-04-10T03:12:42.510+0000] {processor.py:161} INFO - Started process (PID=5760) to work on /opt/airflow/dags/my_first_dag.py
[2026-04-10T03:12:42.511+0000] {processor.py:830} INFO - Processing file /opt/airflow/dags/my_first_dag.py for tasks to queue
[2026-04-10T03:12:42.511+0000] {logging_mixin.py:188} INFO - [2026-04-10T03:12:42.511+0000] {dagbag.py:538} INFO - Filling up the DagBag from /opt/airflow/dags/my_first_dag.py
[2026-04-10T03:12:42.516+0000] {processor.py:840} INFO - DAG(s) 'my_first_dag' retrieved from /opt/airflow/dags/my_first_dag.py
[2026-04-10T03:12:42.524+0000] {logging_mixin.py:188} INFO - [2026-04-10T03:12:42.524+0000] {dag.py:3036} INFO - Sync 1 DAGs
[2026-04-10T03:12:42.531+0000] {logging_mixin.py:188} INFO - [2026-04-10T03:12:42.531+0000] {dag.py:3823} INFO - Setting next_dagrun for my_first_dag to 2026-04-10 00:00:00+00:00, run_after=2026-04-11 00:00:00+00:00
[2026-04-10T03:12:42.537+0000] {processor.py:183} INFO - Processing /opt/airflow/dags/my_first_dag.py took 0.028 seconds
[2026-04-10T03:13:13.347+0000] {processor.py:161} INFO - Started process (PID=5791) to work on /opt/airflow/dags/my_first_dag.py
[2026-04-10T03:13:13.348+0000] {processor.py:830} INFO - Processing file /opt/airflow/dags/my_first_dag.py for tasks to queue
[2026-04-10T03:13:13.349+0000] {logging_mixin.py:188} INFO - [2026-04-10T03:13:13.349+0000] {dagbag.py:538} INFO - Filling up the DagBag from /opt/airflow/dags/my_first_dag.py
[2026-04-10T03:13:13.356+0000] {processor.py:840} INFO - DAG(s) 'my_first_dag' retrieved from /opt/airflow/dags/my_first_dag.py
[2026-04-10T03:13:13.366+0000] {logging_mixin.py:188} INFO - [2026-04-10T03:13:13.366+0000] {dag.py:3036} INFO - Sync 1 DAGs
[2026-04-10T03:13:13.374+0000] {logging_mixin.py:188} INFO - [2026-04-10T03:13:13.374+0000] {dag.py:3823} INFO - Setting next_dagrun for my_first_dag to 2026-04-10 00:00:00+00:00, run_after=2026-04-11 00:00:00+00:00
[2026-04-10T03:13:13.379+0000] {processor.py:183} INFO - Processing /opt/airflow/dags/my_first_dag.py took 0.034 seconds
[2026-04-10T03:13:44.247+0000] {processor.py:161} INFO - Started process (PID=5822) to work on /opt/airflow/dags/my_first_dag.py
[2026-04-10T03:13:44.248+0000] {processor.py:830} INFO - Processing file /opt/airflow/dags/my_first_dag.py for tasks to queue
[2026-04-10T03:13:44.249+0000] {logging_mixin.py:188} INFO - [2026-04-10T03:13:44.248+0000] {dagbag.py:538} INFO - Filling up the DagBag from /opt/airflow/dags/my_first_dag.py
[2026-04-10T03:13:44.254+0000] {processor.py:840} INFO - DAG(s) 'my_first_dag' retrieved from /opt/airflow/dags/my_first_dag.py
[2026-04-10T03:13:44.262+0000] {logging_mixin.py:188} INFO - [2026-04-10T03:13:44.262+0000] {dag.py:3036} INFO - Sync 1 DAGs
[2026-04-10T03:13:44.270+0000] {logging_mixin.py:188} INFO - [2026-04-10T03:13:44.270+0000] {dag.py:3823} INFO - Setting next_dagrun for my_first_dag to 2026-04-10 00:00:00+00:00, run_after=2026-04-11 00:00:00+00:00
[2026-04-10T03:13:44.275+0000] {processor.py:183} INFO - Processing /opt/airflow/dags/my_first_dag.py took 0.030 seconds
[2026-04-10T03:14:15.263+0000] {processor.py:161} INFO - Started process (PID=5853) to work on /opt/airflow/dags/my_first_dag.py
[2026-04-10T03:14:15.263+0000] {processor.py:830} INFO - Processing file /opt/airflow/dags/my_first_dag.py for tasks to queue
[2026-04-10T03:14:15.264+0000] {logging_mixin.py:188} INFO - [2026-04-10T03:14:15.264+0000] {dagbag.py:538} INFO - Filling up the DagBag from /opt/airflow/dags/my_first_dag.py
[2026-04-10T03:14:15.271+0000] {processor.py:840} INFO - DAG(s) 'my_first_dag' retrieved from /opt/airflow/dags/my_first_dag.py
[2026-04-10T03:14:15.280+0000] {logging_mixin.py:188} INFO - [2026-04-10T03:14:15.280+0000] {dag.py:3036} INFO - Sync 1 DAGs
[2026-04-10T03:14:15.288+0000] {logging_mixin.py:188} INFO - [2026-04-10T03:14:15.288+0000] {dag.py:3823} INFO - Setting next_dagrun for my_first_dag to 2026-04-10 00:00:00+00:00, run_after=2026-04-11 00:00:00+00:00
[2026-04-10T03:14:15.294+0000] {processor.py:183} INFO - Processing /opt/airflow/dags/my_first_dag.py took 0.034 seconds
[2026-04-10T03:14:46.254+0000] {processor.py:161} INFO - Started process (PID=5884) to work on /opt/airflow/dags/my_first_dag.py
[2026-04-10T03:14:46.255+0000] {processor.py:830} INFO - Processing file /opt/airflow/dags/my_first_dag.py for tasks to queue
[2026-04-10T03:14:46.255+0000] {logging_mixin.py:188} INFO - [2026-04-10T03:14:46.255+0000] {dagbag.py:538} INFO - Filling up the DagBag from /opt/airflow/dags/my_first_dag.py
[2026-04-10T03:14:46.261+0000] {processor.py:840} INFO - DAG(s) 'my_first_dag' retrieved from /opt/airflow/dags/my_first_dag.py
[2026-04-10T03:14:46.270+0000] {logging_mixin.py:188} INFO - [2026-04-10T03:14:46.269+0000] {dag.py:3036} INFO - Sync 1 DAGs
[2026-04-10T03:14:46.277+0000] {logging_mixin.py:188} INFO - [2026-04-10T03:14:46.277+0000] {dag.py:3823} INFO - Setting next_dagrun for my_first_dag to 2026-04-10 00:00:00+00:00, run_after=2026-04-11 00:00:00+00:00
[2026-04-10T03:14:46.283+0000] {processor.py:183} INFO - Processing /opt/airflow/dags/my_first_dag.py took 0.030 seconds
[2026-04-10T03:15:17.254+0000] {processor.py:161} INFO - Started process (PID=5915) to work on /opt/airflow/dags/my_first_dag.py
[2026-04-10T03:15:17.255+0000] {processor.py:830} INFO - Processing file /opt/airflow/dags/my_first_dag.py for tasks to queue
[2026-04-10T03:15:17.256+0000] {logging_mixin.py:188} INFO - [2026-04-10T03:15:17.256+0000] {dagbag.py:538} INFO - Filling up the DagBag from /opt/airflow/dags/my_first_dag.py
[2026-04-10T03:15:17.262+0000] {processor.py:840} INFO - DAG(s) 'my_first_dag' retrieved from /opt/airflow/dags/my_first_dag.py
[2026-04-10T03:15:17.270+0000] {logging_mixin.py:188} INFO - [2026-04-10T03:15:17.270+0000] {dag.py:3036} INFO - Sync 1 DAGs
[2026-04-10T03:15:17.278+0000] {logging_mixin.py:188} INFO - [2026-04-10T03:15:17.278+0000] {dag.py:3823} INFO - Setting next_dagrun for my_first_dag to 2026-04-10 00:00:00+00:00, run_after=2026-04-11 00:00:00+00:00
[2026-04-10T03:15:17.284+0000] {processor.py:183} INFO - Processing /opt/airflow/dags/my_first_dag.py took 0.031 seconds
[2026-04-10T03:15:48.251+0000] {processor.py:161} INFO - Started process (PID=5946) to work on /opt/airflow/dags/my_first_dag.py
[2026-04-10T03:15:48.252+0000] {processor.py:830} INFO - Processing file /opt/airflow/dags/my_first_dag.py for tasks to queue
[2026-04-10T03:15:48.253+0000] {logging_mixin.py:188} INFO - [2026-04-10T03:15:48.253+0000] {dagbag.py:538} INFO - Filling up the DagBag from /opt/airflow/dags/my_first_dag.py
[2026-04-10T03:15:48.258+0000] {processor.py:840} INFO - DAG(s) 'my_first_dag' retrieved from /opt/airflow/dags/my_first_dag.py
[2026-04-10T03:15:48.266+0000] {logging_mixin.py:188} INFO - [2026-04-10T03:15:48.266+0000] {dag.py:3036} INFO - Sync 1 DAGs
[2026-04-10T03:15:48.274+0000] {logging_mixin.py:188} INFO - [2026-04-10T03:15:48.274+0000] {dag.py:3823} INFO - Setting next_dagrun for my_first_dag to 2026-04-10 00:00:00+00:00, run_after=2026-04-11 00:00:00+00:00
[2026-04-10T03:15:48.280+0000] {processor.py:183} INFO - Processing /opt/airflow/dags/my_first_dag.py took 0.030 seconds
[2026-04-10T03:16:19.196+0000] {processor.py:161} INFO - Started process (PID=5977) to work on /opt/airflow/dags/my_first_dag.py
[2026-04-10T03:16:19.197+0000] {processor.py:830} INFO - Processing file /opt/airflow/dags/my_first_dag.py for tasks to queue
[2026-04-10T03:16:19.198+0000] {logging_mixin.py:188} INFO - [2026-04-10T03:16:19.197+0000] {dagbag.py:538} INFO - Filling up the DagBag from /opt/airflow/dags/my_first_dag.py
[2026-04-10T03:16:19.203+0000] {processor.py:840} INFO - DAG(s) 'my_first_dag' retrieved from /opt/airflow/dags/my_first_dag.py
[2026-04-10T03:16:19.211+0000] {logging_mixin.py:188} INFO - [2026-04-10T03:16:19.211+0000] {dag.py:3036} INFO - Sync 1 DAGs
[2026-04-10T03:16:19.219+0000] {logging_mixin.py:188} INFO - [2026-04-10T03:16:19.219+0000] {dag.py:3823} INFO - Setting next_dagrun for my_first_dag to 2026-04-10 00:00:00+00:00, run_after=2026-04-11 00:00:00+00:00
[2026-04-10T03:16:19.224+0000] {processor.py:183} INFO - Processing /opt/airflow/dags/my_first_dag.py took 0.031 seconds
[2026-04-10T03:16:50.136+0000] {processor.py:161} INFO - Started process (PID=6008) to work on /opt/airflow/dags/my_first_dag.py
[2026-04-10T03:16:50.136+0000] {processor.py:830} INFO - Processing file /opt/airflow/dags/my_first_dag.py for tasks to queue
[2026-04-10T03:16:50.137+0000] {logging_mixin.py:188} INFO - [2026-04-10T03:16:50.137+0000] {dagbag.py:538} INFO - Filling up the DagBag from /opt/airflow/dags/my_first_dag.py
[2026-04-10T03:16:50.142+0000] {processor.py:840} INFO - DAG(s) 'my_first_dag' retrieved from /opt/airflow/dags/my_first_dag.py
[2026-04-10T03:16:50.150+0000] {logging_mixin.py:188} INFO - [2026-04-10T03:16:50.150+0000] {dag.py:3036} INFO - Sync 1 DAGs
[2026-04-10T03:16:50.158+0000] {logging_mixin.py:188} INFO - [2026-04-10T03:16:50.158+0000] {dag.py:3823} INFO - Setting next_dagrun for my_first_dag to 2026-04-10 00:00:00+00:00, run_after=2026-04-11 00:00:00+00:00
[2026-04-10T03:16:50.164+0000] {processor.py:183} INFO - Processing /opt/airflow/dags/my_first_dag.py took 0.030 seconds
[2026-04-10T03:17:21.131+0000] {processor.py:161} INFO - Started process (PID=6039) to work on /opt/airflow/dags/my_first_dag.py
[2026-04-10T03:17:21.132+0000] {processor.py:830} INFO - Processing file /opt/airflow/dags/my_first_dag.py for tasks to queue
[2026-04-10T03:17:21.133+0000] {logging_mixin.py:188} INFO - [2026-04-10T03:17:21.133+0000] {dagbag.py:538} INFO - Filling up the DagBag from /opt/airflow/dags/my_first_dag.py
[2026-04-10T03:17:21.139+0000] {processor.py:840} INFO - DAG(s) 'my_first_dag' retrieved from /opt/airflow/dags/my_first_dag.py
[2026-04-10T03:17:21.148+0000] {logging_mixin.py:188} INFO - [2026-04-10T03:17:21.148+0000] {dag.py:3036} INFO - Sync 1 DAGs
[2026-04-10T03:17:21.156+0000] {logging_mixin.py:188} INFO - [2026-04-10T03:17:21.156+0000] {dag.py:3823} INFO - Setting next_dagrun for my_first_dag to 2026-04-10 00:00:00+00:00, run_after=2026-04-11 00:00:00+00:00
[2026-04-10T03:17:21.161+0000] {processor.py:183} INFO - Processing /opt/airflow/dags/my_first_dag.py took 0.034 seconds
[2026-04-10T03:17:52.065+0000] {processor.py:161} INFO - Started process (PID=6070) to work on /opt/airflow/dags/my_first_dag.py
[2026-04-10T03:17:52.065+0000] {processor.py:830} INFO - Processing file /opt/airflow/dags/my_first_dag.py for tasks to queue
[2026-04-10T03:17:52.066+0000] {logging_mixin.py:188} INFO - [2026-04-10T03:17:52.066+0000] {dagbag.py:538} INFO - Filling up the DagBag from /opt/airflow/dags/my_first_dag.py
[2026-04-10T03:17:52.073+0000] {processor.py:840} INFO - DAG(s) 'my_first_dag' retrieved from /opt/airflow/dags/my_first_dag.py
[2026-04-10T03:17:52.082+0000] {logging_mixin.py:188} INFO - [2026-04-10T03:17:52.082+0000] {dag.py:3036} INFO - Sync 1 DAGs
[2026-04-10T03:17:52.094+0000] {logging_mixin.py:188} INFO - [2026-04-10T03:17:52.093+0000] {dag.py:3823} INFO - Setting next_dagrun for my_first_dag to 2026-04-10 00:00:00+00:00, run_after=2026-04-11 00:00:00+00:00
[2026-04-10T03:17:52.100+0000] {processor.py:183} INFO - Processing /opt/airflow/dags/my_first_dag.py took 0.037 seconds
[2026-04-10T03:18:22.927+0000] {processor.py:161} INFO - Started process (PID=6101) to work on /opt/airflow/dags/my_first_dag.py
[2026-04-10T03:18:22.927+0000] {processor.py:830} INFO - Processing file /opt/airflow/dags/my_first_dag.py for tasks to queue
[2026-04-10T03:18:22.928+0000] {logging_mixin.py:188} INFO - [2026-04-10T03:18:22.928+0000] {dagbag.py:538} INFO - Filling up the DagBag from /opt/airflow/dags/my_first_dag.py
[2026-04-10T03:18:22.933+0000] {processor.py:840} INFO - DAG(s) 'my_first_dag' retrieved from /opt/airflow/dags/my_first_dag.py
[2026-04-10T03:18:22.941+0000] {logging_mixin.py:188} INFO - [2026-04-10T03:18:22.941+0000] {dag.py:3036} INFO - Sync 1 DAGs
[2026-04-10T03:18:22.948+0000] {logging_mixin.py:188} INFO - [2026-04-10T03:18:22.948+0000] {dag.py:3823} INFO - Setting next_dagrun for my_first_dag to 2026-04-10 00:00:00+00:00, run_after=2026-04-11 00:00:00+00:00
[2026-04-10T03:18:22.953+0000] {processor.py:183} INFO - Processing /opt/airflow/dags/my_first_dag.py took 0.028 seconds
[2026-04-10T03:18:53.922+0000] {processor.py:161} INFO - Started process (PID=6132) to work on /opt/airflow/dags/my_first_dag.py
[2026-04-10T03:18:53.922+0000] {processor.py:830} INFO - Processing file /opt/airflow/dags/my_first_dag.py for tasks to queue
[2026-04-10T03:18:53.923+0000] {logging_mixin.py:188} INFO - [2026-04-10T03:18:53.923+0000] {dagbag.py:538} INFO - Filling up the DagBag from /opt/airflow/dags/my_first_dag.py
[2026-04-10T03:18:53.929+0000] {processor.py:840} INFO - DAG(s) 'my_first_dag' retrieved from /opt/airflow/dags/my_first_dag.py
[2026-04-10T03:18:53.937+0000] {logging_mixin.py:188} INFO - [2026-04-10T03:18:53.937+0000] {dag.py:3036} INFO - Sync 1 DAGs
[2026-04-10T03:18:53.944+0000] {logging_mixin.py:188} INFO - [2026-04-10T03:18:53.944+0000] {dag.py:3823} INFO - Setting next_dagrun for my_first_dag to 2026-04-10 00:00:00+00:00, run_after=2026-04-11 00:00:00+00:00
[2026-04-10T03:18:53.951+0000] {processor.py:183} INFO - Processing /opt/airflow/dags/my_first_dag.py took 0.031 seconds
[2026-04-10T03:19:24.909+0000] {processor.py:161} INFO - Started process (PID=6163) to work on /opt/airflow/dags/my_first_dag.py
[2026-04-10T03:19:24.910+0000] {processor.py:830} INFO - Processing file /opt/airflow/dags/my_first_dag.py for tasks to queue
[2026-04-10T03:19:24.911+0000] {logging_mixin.py:188} INFO - [2026-04-10T03:19:24.911+0000] {dagbag.py:538} INFO - Filling up the DagBag from /opt/airflow/dags/my_first_dag.py
[2026-04-10T03:19:24.916+0000] {processor.py:840} INFO - DAG(s) 'my_first_dag' retrieved from /opt/airflow/dags/my_first_dag.py
[2026-04-10T03:19:24.924+0000] {logging_mixin.py:188} INFO - [2026-04-10T03:19:24.924+0000] {dag.py:3036} INFO - Sync 1 DAGs
[2026-04-10T03:19:24.932+0000] {logging_mixin.py:188} INFO - [2026-04-10T03:19:24.932+0000] {dag.py:3823} INFO - Setting next_dagrun for my_first_dag to 2026-04-10 00:00:00+00:00, run_after=2026-04-11 00:00:00+00:00
[2026-04-10T03:19:24.938+0000] {processor.py:183} INFO - Processing /opt/airflow/dags/my_first_dag.py took 0.030 seconds
[2026-04-10T03:19:56.173+0000] {processor.py:161} INFO - Started process (PID=6194) to work on /opt/airflow/dags/my_first_dag.py
[2026-04-10T03:19:56.173+0000] {processor.py:830} INFO - Processing file /opt/airflow/dags/my_first_dag.py for tasks to queue
[2026-04-10T03:19:56.174+0000] {logging_mixin.py:188} INFO - [2026-04-10T03:19:56.174+0000] {dagbag.py:538} INFO - Filling up the DagBag from /opt/airflow/dags/my_first_dag.py
[2026-04-10T03:19:56.180+0000] {processor.py:840} INFO - DAG(s) 'my_first_dag' retrieved from /opt/airflow/dags/my_first_dag.py
[2026-04-10T03:19:56.189+0000] {logging_mixin.py:188} INFO - [2026-04-10T03:19:56.188+0000] {dag.py:3036} INFO - Sync 1 DAGs
[2026-04-10T03:19:56.197+0000] {logging_mixin.py:188} INFO - [2026-04-10T03:19:56.197+0000] {dag.py:3823} INFO - Setting next_dagrun for my_first_dag to 2026-04-10 00:00:00+00:00, run_after=2026-04-11 00:00:00+00:00
[2026-04-10T03:19:56.202+0000] {processor.py:183} INFO - Processing /opt/airflow/dags/my_first_dag.py took 0.031 seconds
[2026-04-10T03:20:27.168+0000] {processor.py:161} INFO - Started process (PID=6225) to work on /opt/airflow/dags/my_first_dag.py
[2026-04-10T03:20:27.168+0000] {processor.py:830} INFO - Processing file /opt/airflow/dags/my_first_dag.py for tasks to queue
[2026-04-10T03:20:27.169+0000] {logging_mixin.py:188} INFO - [2026-04-10T03:20:27.169+0000] {dagbag.py:538} INFO - Filling up the DagBag from /opt/airflow/dags/my_first_dag.py
[2026-04-10T03:20:27.175+0000] {processor.py:840} INFO - DAG(s) 'my_first_dag' retrieved from /opt/airflow/dags/my_first_dag.py
[2026-04-10T03:20:27.183+0000] {logging_mixin.py:188} INFO - [2026-04-10T03:20:27.183+0000] {dag.py:3036} INFO - Sync 1 DAGs
[2026-04-10T03:20:27.191+0000] {logging_mixin.py:188} INFO - [2026-04-10T03:20:27.191+0000] {dag.py:3823} INFO - Setting next_dagrun for my_first_dag to 2026-04-10 00:00:00+00:00, run_after=2026-04-11 00:00:00+00:00
[2026-04-10T03:20:27.196+0000] {processor.py:183} INFO - Processing /opt/airflow/dags/my_first_dag.py took 0.030 seconds
[2026-04-10T03:20:58.230+0000] {processor.py:161} INFO - Started process (PID=6256) to work on /opt/airflow/dags/my_first_dag.py
[2026-04-10T03:20:58.231+0000] {processor.py:830} INFO - Processing file /opt/airflow/dags/my_first_dag.py for tasks to queue
[2026-04-10T03:20:58.232+0000] {logging_mixin.py:188} INFO - [2026-04-10T03:20:58.232+0000] {dagbag.py:538} INFO - Filling up the DagBag from /opt/airflow/dags/my_first_dag.py
[2026-04-10T03:20:58.238+0000] {processor.py:840} INFO - DAG(s) 'my_first_dag' retrieved from /opt/airflow/dags/my_first_dag.py
[2026-04-10T03:20:58.246+0000] {logging_mixin.py:188} INFO - [2026-04-10T03:20:58.246+0000] {dag.py:3036} INFO - Sync 1 DAGs
[2026-04-10T03:20:58.254+0000] {logging_mixin.py:188} INFO - [2026-04-10T03:20:58.254+0000] {dag.py:3823} INFO - Setting next_dagrun for my_first_dag to 2026-04-10 00:00:00+00:00, run_after=2026-04-11 00:00:00+00:00
[2026-04-10T03:20:58.260+0000] {processor.py:183} INFO - Processing /opt/airflow/dags/my_first_dag.py took 0.031 seconds
[2026-04-10T03:21:29.266+0000] {processor.py:161} INFO - Started process (PID=6293) to work on /opt/airflow/dags/my_first_dag.py
[2026-04-10T03:21:29.267+0000] {processor.py:830} INFO - Processing file /opt/airflow/dags/my_first_dag.py for tasks to queue
[2026-04-10T03:21:29.268+0000] {logging_mixin.py:188} INFO - [2026-04-10T03:21:29.268+0000] {dagbag.py:538} INFO - Filling up the DagBag from /opt/airflow/dags/my_first_dag.py
[2026-04-10T03:21:29.274+0000] {processor.py:840} INFO - DAG(s) 'my_first_dag' retrieved from /opt/airflow/dags/my_first_dag.py
[2026-04-10T03:21:29.284+0000] {logging_mixin.py:188} INFO - [2026-04-10T03:21:29.284+0000] {dag.py:3036} INFO - Sync 1 DAGs
[2026-04-10T03:21:29.292+0000] {logging_mixin.py:188} INFO - [2026-04-10T03:21:29.292+0000] {dag.py:3823} INFO - Setting next_dagrun for my_first_dag to 2026-04-10 00:00:00+00:00, run_after=2026-04-11 00:00:00+00:00
[2026-04-10T03:21:29.298+0000] {processor.py:183} INFO - Processing /opt/airflow/dags/my_first_dag.py took 0.033 seconds
[2026-04-10T03:22:00.290+0000] {processor.py:161} INFO - Started process (PID=6324) to work on /opt/airflow/dags/my_first_dag.py
[2026-04-10T03:22:00.291+0000] {processor.py:830} INFO - Processing file /opt/airflow/dags/my_first_dag.py for tasks to queue
[2026-04-10T03:22:00.292+0000] {logging_mixin.py:188} INFO - [2026-04-10T03:22:00.291+0000] {dagbag.py:538} INFO - Filling up the DagBag from /opt/airflow/dags/my_first_dag.py
[2026-04-10T03:22:00.297+0000] {processor.py:840} INFO - DAG(s) 'my_first_dag' retrieved from /opt/airflow/dags/my_first_dag.py
[2026-04-10T03:22:00.306+0000] {logging_mixin.py:188} INFO - [2026-04-10T03:22:00.306+0000] {dag.py:3036} INFO - Sync 1 DAGs
[2026-04-10T03:22:00.314+0000] {logging_mixin.py:188} INFO - [2026-04-10T03:22:00.314+0000] {dag.py:3823} INFO - Setting next_dagrun for my_first_dag to 2026-04-10 00:00:00+00:00, run_after=2026-04-11 00:00:00+00:00
[2026-04-10T03:22:00.320+0000] {processor.py:183} INFO - Processing /opt/airflow/dags/my_first_dag.py took 0.031 seconds
[2026-04-10T03:22:31.258+0000] {processor.py:161} INFO - Started process (PID=6355) to work on /opt/airflow/dags/my_first_dag.py
[2026-04-10T03:22:31.259+0000] {processor.py:830} INFO - Processing file /opt/airflow/dags/my_first_dag.py for tasks to queue
[2026-04-10T03:22:31.260+0000] {logging_mixin.py:188} INFO - [2026-04-10T03:22:31.260+0000] {dagbag.py:538} INFO - Filling up the DagBag from /opt/airflow/dags/my_first_dag.py
[2026-04-10T03:22:31.268+0000] {processor.py:840} INFO - DAG(s) 'my_first_dag' retrieved from /opt/airflow/dags/my_first_dag.py
[2026-04-10T03:22:31.281+0000] {logging_mixin.py:188} INFO - [2026-04-10T03:22:31.281+0000] {dag.py:3036} INFO - Sync 1 DAGs
[2026-04-10T03:22:31.290+0000] {logging_mixin.py:188} INFO - [2026-04-10T03:22:31.289+0000] {dag.py:3823} INFO - Setting next_dagrun for my_first_dag to 2026-04-10 00:00:00+00:00, run_after=2026-04-11 00:00:00+00:00
[2026-04-10T03:22:31.295+0000] {processor.py:183} INFO - Processing /opt/airflow/dags/my_first_dag.py took 0.040 seconds
[2026-04-10T03:23:02.196+0000] {processor.py:161} INFO - Started process (PID=6386) to work on /opt/airflow/dags/my_first_dag.py
[2026-04-10T03:23:02.196+0000] {processor.py:830} INFO - Processing file /opt/airflow/dags/my_first_dag.py for tasks to queue
[2026-04-10T03:23:02.197+0000] {logging_mixin.py:188} INFO - [2026-04-10T03:23:02.197+0000] {dagbag.py:538} INFO - Filling up the DagBag from /opt/airflow/dags/my_first_dag.py
[2026-04-10T03:23:02.203+0000] {processor.py:840} INFO - DAG(s) 'my_first_dag' retrieved from /opt/airflow/dags/my_first_dag.py
[2026-04-10T03:23:02.211+0000] {logging_mixin.py:188} INFO - [2026-04-10T03:23:02.211+0000] {dag.py:3036} INFO - Sync 1 DAGs
[2026-04-10T03:23:02.219+0000] {logging_mixin.py:188} INFO - [2026-04-10T03:23:02.219+0000] {dag.py:3823} INFO - Setting next_dagrun for my_first_dag to 2026-04-10 00:00:00+00:00, run_after=2026-04-11 00:00:00+00:00
[2026-04-10T03:23:02.224+0000] {processor.py:183} INFO - Processing /opt/airflow/dags/my_first_dag.py took 0.029 seconds
[2026-04-10T03:23:33.110+0000] {processor.py:161} INFO - Started process (PID=6417) to work on /opt/airflow/dags/my_first_dag.py
[2026-04-10T03:23:33.111+0000] {processor.py:830} INFO - Processing file /opt/airflow/dags/my_first_dag.py for tasks to queue
[2026-04-10T03:23:33.111+0000] {logging_mixin.py:188} INFO - [2026-04-10T03:23:33.111+0000] {dagbag.py:538} INFO - Filling up the DagBag from /opt/airflow/dags/my_first_dag.py
[2026-04-10T03:23:33.117+0000] {processor.py:840} INFO - DAG(s) 'my_first_dag' retrieved from /opt/airflow/dags/my_first_dag.py
[2026-04-10T03:23:33.125+0000] {logging_mixin.py:188} INFO - [2026-04-10T03:23:33.125+0000] {dag.py:3036} INFO - Sync 1 DAGs
[2026-04-10T03:23:33.133+0000] {logging_mixin.py:188} INFO - [2026-04-10T03:23:33.133+0000] {dag.py:3823} INFO - Setting next_dagrun for my_first_dag to 2026-04-10 00:00:00+00:00, run_after=2026-04-11 00:00:00+00:00
[2026-04-10T03:23:33.138+0000] {processor.py:183} INFO - Processing /opt/airflow/dags/my_first_dag.py took 0.030 seconds
[2026-04-10T03:24:04.187+0000] {processor.py:161} INFO - Started process (PID=6447) to work on /opt/airflow/dags/my_first_dag.py
[2026-04-10T03:24:04.187+0000] {processor.py:830} INFO - Processing file /opt/airflow/dags/my_first_dag.py for tasks to queue
[2026-04-10T03:24:04.189+0000] {logging_mixin.py:188} INFO - [2026-04-10T03:24:04.189+0000] {dagbag.py:538} INFO - Filling up the DagBag from /opt/airflow/dags/my_first_dag.py
[2026-04-10T03:24:04.195+0000] {processor.py:840} INFO - DAG(s) 'my_first_dag' retrieved from /opt/airflow/dags/my_first_dag.py
[2026-04-10T03:24:04.204+0000] {logging_mixin.py:188} INFO - [2026-04-10T03:24:04.204+0000] {dag.py:3036} INFO - Sync 1 DAGs
[2026-04-10T03:24:04.211+0000] {logging_mixin.py:188} INFO - [2026-04-10T03:24:04.211+0000] {dag.py:3823} INFO - Setting next_dagrun for my_first_dag to 2026-04-10 00:00:00+00:00, run_after=2026-04-11 00:00:00+00:00
[2026-04-10T03:24:04.217+0000] {processor.py:183} INFO - Processing /opt/airflow/dags/my_first_dag.py took 0.033 seconds
[2026-04-10T03:24:35.189+0000] {processor.py:161} INFO - Started process (PID=6478) to work on /opt/airflow/dags/my_first_dag.py
[2026-04-10T03:24:35.189+0000] {processor.py:830} INFO - Processing file /opt/airflow/dags/my_first_dag.py for tasks to queue
[2026-04-10T03:24:35.190+0000] {logging_mixin.py:188} INFO - [2026-04-10T03:24:35.190+0000] {dagbag.py:538} INFO - Filling up the DagBag from /opt/airflow/dags/my_first_dag.py
[2026-04-10T03:24:35.195+0000] {processor.py:840} INFO - DAG(s) 'my_first_dag' retrieved from /opt/airflow/dags/my_first_dag.py
[2026-04-10T03:24:35.203+0000] {logging_mixin.py:188} INFO - [2026-04-10T03:24:35.203+0000] {dag.py:3036} INFO - Sync 1 DAGs
[2026-04-10T03:24:35.211+0000] {logging_mixin.py:188} INFO - [2026-04-10T03:24:35.211+0000] {dag.py:3823} INFO - Setting next_dagrun for my_first_dag to 2026-04-10 00:00:00+00:00, run_after=2026-04-11 00:00:00+00:00
[2026-04-10T03:24:35.216+0000] {processor.py:183} INFO - Processing /opt/airflow/dags/my_first_dag.py took 0.029 seconds
[2026-04-10T03:25:06.156+0000] {processor.py:161} INFO - Started process (PID=6509) to work on /opt/airflow/dags/my_first_dag.py
[2026-04-10T03:25:06.157+0000] {processor.py:830} INFO - Processing file /opt/airflow/dags/my_first_dag.py for tasks to queue
[2026-04-10T03:25:06.158+0000] {logging_mixin.py:188} INFO - [2026-04-10T03:25:06.158+0000] {dagbag.py:538} INFO - Filling up the DagBag from /opt/airflow/dags/my_first_dag.py
[2026-04-10T03:25:06.165+0000] {processor.py:840} INFO - DAG(s) 'my_first_dag' retrieved from /opt/airflow/dags/my_first_dag.py
[2026-04-10T03:25:06.174+0000] {logging_mixin.py:188} INFO - [2026-04-10T03:25:06.174+0000] {dag.py:3036} INFO - Sync 1 DAGs
[2026-04-10T03:25:06.181+0000] {logging_mixin.py:188} INFO - [2026-04-10T03:25:06.181+0000] {dag.py:3823} INFO - Setting next_dagrun for my_first_dag to 2026-04-10 00:00:00+00:00, run_after=2026-04-11 00:00:00+00:00
[2026-04-10T03:25:06.186+0000] {processor.py:183} INFO - Processing /opt/airflow/dags/my_first_dag.py took 0.032 seconds
[2026-04-10T03:25:37.250+0000] {processor.py:161} INFO - Started process (PID=6540) to work on /opt/airflow/dags/my_first_dag.py
[2026-04-10T03:25:37.251+0000] {processor.py:830} INFO - Processing file /opt/airflow/dags/my_first_dag.py for tasks to queue
[2026-04-10T03:25:37.252+0000] {logging_mixin.py:188} INFO - [2026-04-10T03:25:37.251+0000] {dagbag.py:538} INFO - Filling up the DagBag from /opt/airflow/dags/my_first_dag.py
[2026-04-10T03:25:37.257+0000] {processor.py:840} INFO - DAG(s) 'my_first_dag' retrieved from /opt/airflow/dags/my_first_dag.py
[2026-04-10T03:25:37.267+0000] {logging_mixin.py:188} INFO - [2026-04-10T03:25:37.267+0000] {dag.py:3036} INFO - Sync 1 DAGs
[2026-04-10T03:25:37.275+0000] {logging_mixin.py:188} INFO - [2026-04-10T03:25:37.275+0000] {dag.py:3823} INFO - Setting next_dagrun for my_first_dag to 2026-04-10 00:00:00+00:00, run_after=2026-04-11 00:00:00+00:00
[2026-04-10T03:25:37.281+0000] {processor.py:183} INFO - Processing /opt/airflow/dags/my_first_dag.py took 0.033 seconds
[2026-04-10T03:26:08.231+0000] {processor.py:161} INFO - Started process (PID=6571) to work on /opt/airflow/dags/my_first_dag.py
[2026-04-10T03:26:08.232+0000] {processor.py:830} INFO - Processing file /opt/airflow/dags/my_first_dag.py for tasks to queue
[2026-04-10T03:26:08.233+0000] {logging_mixin.py:188} INFO - [2026-04-10T03:26:08.233+0000] {dagbag.py:538} INFO - Filling up the DagBag from /opt/airflow/dags/my_first_dag.py
[2026-04-10T03:26:08.238+0000] {processor.py:840} INFO - DAG(s) 'my_first_dag' retrieved from /opt/airflow/dags/my_first_dag.py
[2026-04-10T03:26:08.247+0000] {logging_mixin.py:188} INFO - [2026-04-10T03:26:08.247+0000] {dag.py:3036} INFO - Sync 1 DAGs
[2026-04-10T03:26:08.255+0000] {logging_mixin.py:188} INFO - [2026-04-10T03:26:08.255+0000] {dag.py:3823} INFO - Setting next_dagrun for my_first_dag to 2026-04-10 00:00:00+00:00, run_after=2026-04-11 00:00:00+00:00
[2026-04-10T03:26:08.261+0000] {processor.py:183} INFO - Processing /opt/airflow/dags/my_first_dag.py took 0.031 seconds
[2026-04-10T03:26:39.054+0000] {processor.py:161} INFO - Started process (PID=6602) to work on /opt/airflow/dags/my_first_dag.py
[2026-04-10T03:26:39.054+0000] {processor.py:830} INFO - Processing file /opt/airflow/dags/my_first_dag.py for tasks to queue
[2026-04-10T03:26:39.055+0000] {logging_mixin.py:188} INFO - [2026-04-10T03:26:39.055+0000] {dagbag.py:538} INFO - Filling up the DagBag from /opt/airflow/dags/my_first_dag.py
[2026-04-10T03:26:39.060+0000] {processor.py:840} INFO - DAG(s) 'my_first_dag' retrieved from /opt/airflow/dags/my_first_dag.py
[2026-04-10T03:26:39.068+0000] {logging_mixin.py:188} INFO - [2026-04-10T03:26:39.068+0000] {dag.py:3036} INFO - Sync 1 DAGs
[2026-04-10T03:26:39.076+0000] {logging_mixin.py:188} INFO - [2026-04-10T03:26:39.076+0000] {dag.py:3823} INFO - Setting next_dagrun for my_first_dag to 2026-04-10 00:00:00+00:00, run_after=2026-04-11 00:00:00+00:00
[2026-04-10T03:26:39.082+0000] {processor.py:183} INFO - Processing /opt/airflow/dags/my_first_dag.py took 0.029 seconds
[2026-04-10T03:27:09.993+0000] {processor.py:161} INFO - Started process (PID=6632) to work on /opt/airflow/dags/my_first_dag.py
[2026-04-10T03:27:09.994+0000] {processor.py:830} INFO - Processing file /opt/airflow/dags/my_first_dag.py for tasks to queue
[2026-04-10T03:27:09.994+0000] {logging_mixin.py:188} INFO - [2026-04-10T03:27:09.994+0000] {dagbag.py:538} INFO - Filling up the DagBag from /opt/airflow/dags/my_first_dag.py
[2026-04-10T03:27:10.000+0000] {processor.py:840} INFO - DAG(s) 'my_first_dag' retrieved from /opt/airflow/dags/my_first_dag.py
[2026-04-10T03:27:10.008+0000] {logging_mixin.py:188} INFO - [2026-04-10T03:27:10.008+0000] {dag.py:3036} INFO - Sync 1 DAGs
[2026-04-10T03:27:10.015+0000] {logging_mixin.py:188} INFO - [2026-04-10T03:27:10.015+0000] {dag.py:3823} INFO - Setting next_dagrun for my_first_dag to 2026-04-10 00:00:00+00:00, run_after=2026-04-11 00:00:00+00:00
[2026-04-10T03:27:10.021+0000] {processor.py:183} INFO - Processing /opt/airflow/dags/my_first_dag.py took 0.029 seconds
[2026-04-10T03:27:41.051+0000] {processor.py:161} INFO - Started process (PID=6663) to work on /opt/airflow/dags/my_first_dag.py
[2026-04-10T03:27:41.052+0000] {processor.py:830} INFO - Processing file /opt/airflow/dags/my_first_dag.py for tasks to queue
[2026-04-10T03:27:41.053+0000] {logging_mixin.py:188} INFO - [2026-04-10T03:27:41.053+0000] {dagbag.py:538} INFO - Filling up the DagBag from /opt/airflow/dags/my_first_dag.py
[2026-04-10T03:27:41.060+0000] {processor.py:840} INFO - DAG(s) 'my_first_dag' retrieved from /opt/airflow/dags/my_first_dag.py
[2026-04-10T03:27:41.069+0000] {logging_mixin.py:188} INFO - [2026-04-10T03:27:41.069+0000] {dag.py:3036} INFO - Sync 1 DAGs
[2026-04-10T03:27:41.077+0000] {logging_mixin.py:188} INFO - [2026-04-10T03:27:41.077+0000] {dag.py:3823} INFO - Setting next_dagrun for my_first_dag to 2026-04-10 00:00:00+00:00, run_after=2026-04-11 00:00:00+00:00
[2026-04-10T03:27:41.084+0000] {processor.py:183} INFO - Processing /opt/airflow/dags/my_first_dag.py took 0.034 seconds
[2026-04-10T03:28:12.095+0000] {processor.py:161} INFO - Started process (PID=6695) to work on /opt/airflow/dags/my_first_dag.py
[2026-04-10T03:28:12.096+0000] {processor.py:830} INFO - Processing file /opt/airflow/dags/my_first_dag.py for tasks to queue
[2026-04-10T03:28:12.097+0000] {logging_mixin.py:188} INFO - [2026-04-10T03:28:12.097+0000] {dagbag.py:538} INFO - Filling up the DagBag from /opt/airflow/dags/my_first_dag.py
[2026-04-10T03:28:12.103+0000] {processor.py:840} INFO - DAG(s) 'my_first_dag' retrieved from /opt/airflow/dags/my_first_dag.py
[2026-04-10T03:28:12.111+0000] {logging_mixin.py:188} INFO - [2026-04-10T03:28:12.111+0000] {dag.py:3036} INFO - Sync 1 DAGs
[2026-04-10T03:28:12.119+0000] {logging_mixin.py:188} INFO - [2026-04-10T03:28:12.119+0000] {dag.py:3823} INFO - Setting next_dagrun for my_first_dag to 2026-04-10 00:00:00+00:00, run_after=2026-04-11 00:00:00+00:00
[2026-04-10T03:28:12.125+0000] {processor.py:183} INFO - Processing /opt/airflow/dags/my_first_dag.py took 0.031 seconds
[2026-04-10T03:28:42.968+0000] {processor.py:161} INFO - Started process (PID=6726) to work on /opt/airflow/dags/my_first_dag.py
[2026-04-10T03:28:42.968+0000] {processor.py:830} INFO - Processing file /opt/airflow/dags/my_first_dag.py for tasks to queue
[2026-04-10T03:28:42.969+0000] {logging_mixin.py:188} INFO - [2026-04-10T03:28:42.969+0000] {dagbag.py:538} INFO - Filling up the DagBag from /opt/airflow/dags/my_first_dag.py
[2026-04-10T03:28:42.974+0000] {processor.py:840} INFO - DAG(s) 'my_first_dag' retrieved from /opt/airflow/dags/my_first_dag.py
[2026-04-10T03:28:42.982+0000] {logging_mixin.py:188} INFO - [2026-04-10T03:28:42.982+0000] {dag.py:3036} INFO - Sync 1 DAGs
[2026-04-10T03:28:42.990+0000] {logging_mixin.py:188} INFO - [2026-04-10T03:28:42.990+0000] {dag.py:3823} INFO - Setting next_dagrun for my_first_dag to 2026-04-10 00:00:00+00:00, run_after=2026-04-11 00:00:00+00:00
[2026-04-10T03:28:42.996+0000] {processor.py:183} INFO - Processing /opt/airflow/dags/my_first_dag.py took 0.030 seconds
[2026-04-10T03:29:13.804+0000] {processor.py:161} INFO - Started process (PID=6757) to work on /opt/airflow/dags/my_first_dag.py
[2026-04-10T03:29:13.805+0000] {processor.py:830} INFO - Processing file /opt/airflow/dags/my_first_dag.py for tasks to queue
[2026-04-10T03:29:13.806+0000] {logging_mixin.py:188} INFO - [2026-04-10T03:29:13.806+0000] {dagbag.py:538} INFO - Filling up the DagBag from /opt/airflow/dags/my_first_dag.py
[2026-04-10T03:29:13.812+0000] {processor.py:840} INFO - DAG(s) 'my_first_dag' retrieved from /opt/airflow/dags/my_first_dag.py
[2026-04-10T03:29:13.822+0000] {logging_mixin.py:188} INFO - [2026-04-10T03:29:13.822+0000] {dag.py:3036} INFO - Sync 1 DAGs
[2026-04-10T03:29:13.832+0000] {logging_mixin.py:188} INFO - [2026-04-10T03:29:13.832+0000] {dag.py:3823} INFO - Setting next_dagrun for my_first_dag to 2026-04-10 00:00:00+00:00, run_after=2026-04-11 00:00:00+00:00
[2026-04-10T03:29:13.839+0000] {processor.py:183} INFO - Processing /opt/airflow/dags/my_first_dag.py took 0.036 seconds
[2026-04-10T03:29:44.792+0000] {processor.py:161} INFO - Started process (PID=6788) to work on /opt/airflow/dags/my_first_dag.py
[2026-04-10T03:29:44.792+0000] {processor.py:830} INFO - Processing file /opt/airflow/dags/my_first_dag.py for tasks to queue
[2026-04-10T03:29:44.793+0000] {logging_mixin.py:188} INFO - [2026-04-10T03:29:44.793+0000] {dagbag.py:538} INFO - Filling up the DagBag from /opt/airflow/dags/my_first_dag.py
[2026-04-10T03:29:44.799+0000] {processor.py:840} INFO - DAG(s) 'my_first_dag' retrieved from /opt/airflow/dags/my_first_dag.py
[2026-04-10T03:29:44.809+0000] {logging_mixin.py:188} INFO - [2026-04-10T03:29:44.809+0000] {dag.py:3036} INFO - Sync 1 DAGs
[2026-04-10T03:29:44.818+0000] {logging_mixin.py:188} INFO - [2026-04-10T03:29:44.818+0000] {dag.py:3823} INFO - Setting next_dagrun for my_first_dag to 2026-04-10 00:00:00+00:00, run_after=2026-04-11 00:00:00+00:00
[2026-04-10T03:29:44.823+0000] {processor.py:183} INFO - Processing /opt/airflow/dags/my_first_dag.py took 0.034 seconds
[2026-04-10T03:30:15.571+0000] {processor.py:161} INFO - Started process (PID=6819) to work on /opt/airflow/dags/my_first_dag.py
[2026-04-10T03:30:15.571+0000] {processor.py:830} INFO - Processing file /opt/airflow/dags/my_first_dag.py for tasks to queue
[2026-04-10T03:30:15.572+0000] {logging_mixin.py:188} INFO - [2026-04-10T03:30:15.572+0000] {dagbag.py:538} INFO - Filling up the DagBag from /opt/airflow/dags/my_first_dag.py
[2026-04-10T03:30:15.577+0000] {processor.py:840} INFO - DAG(s) 'my_first_dag' retrieved from /opt/airflow/dags/my_first_dag.py
[2026-04-10T03:30:15.585+0000] {logging_mixin.py:188} INFO - [2026-04-10T03:30:15.585+0000] {dag.py:3036} INFO - Sync 1 DAGs
[2026-04-10T03:30:15.593+0000] {logging_mixin.py:188} INFO - [2026-04-10T03:30:15.593+0000] {dag.py:3823} INFO - Setting next_dagrun for my_first_dag to 2026-04-10 00:00:00+00:00, run_after=2026-04-11 00:00:00+00:00
[2026-04-10T03:30:15.598+0000] {processor.py:183} INFO - Processing /opt/airflow/dags/my_first_dag.py took 0.029 seconds
[2026-04-10T03:30:46.453+0000] {processor.py:161} INFO - Started process (PID=6850) to work on /opt/airflow/dags/my_first_dag.py
[2026-04-10T03:30:46.453+0000] {processor.py:830} INFO - Processing file /opt/airflow/dags/my_first_dag.py for tasks to queue
[2026-04-10T03:30:46.454+0000] {logging_mixin.py:188} INFO - [2026-04-10T03:30:46.454+0000] {dagbag.py:538} INFO - Filling up the DagBag from /opt/airflow/dags/my_first_dag.py
[2026-04-10T03:30:46.459+0000] {processor.py:840} INFO - DAG(s) 'my_first_dag' retrieved from /opt/airflow/dags/my_first_dag.py
[2026-04-10T03:30:46.468+0000] {logging_mixin.py:188} INFO - [2026-04-10T03:30:46.468+0000] {dag.py:3036} INFO - Sync 1 DAGs
[2026-04-10T03:30:46.476+0000] {logging_mixin.py:188} INFO - [2026-04-10T03:30:46.476+0000] {dag.py:3823} INFO - Setting next_dagrun for my_first_dag to 2026-04-10 00:00:00+00:00, run_after=2026-04-11 00:00:00+00:00
[2026-04-10T03:30:46.482+0000] {processor.py:183} INFO - Processing /opt/airflow/dags/my_first_dag.py took 0.030 seconds
[2026-04-10T03:31:17.201+0000] {processor.py:161} INFO - Started process (PID=6881) to work on /opt/airflow/dags/my_first_dag.py
[2026-04-10T03:31:17.202+0000] {processor.py:830} INFO - Processing file /opt/airflow/dags/my_first_dag.py for tasks to queue
[2026-04-10T03:31:17.202+0000] {logging_mixin.py:188} INFO - [2026-04-10T03:31:17.202+0000] {dagbag.py:538} INFO - Filling up the DagBag from /opt/airflow/dags/my_first_dag.py
[2026-04-10T03:31:17.207+0000] {processor.py:840} INFO - DAG(s) 'my_first_dag' retrieved from /opt/airflow/dags/my_first_dag.py
[2026-04-10T03:31:17.217+0000] {logging_mixin.py:188} INFO - [2026-04-10T03:31:17.217+0000] {dag.py:3036} INFO - Sync 1 DAGs
[2026-04-10T03:31:17.224+0000] {logging_mixin.py:188} INFO - [2026-04-10T03:31:17.224+0000] {dag.py:3823} INFO - Setting next_dagrun for my_first_dag to 2026-04-10 00:00:00+00:00, run_after=2026-04-11 00:00:00+00:00
[2026-04-10T03:31:17.230+0000] {processor.py:183} INFO - Processing /opt/airflow/dags/my_first_dag.py took 0.031 seconds
