[2026-04-10T00:40:26.547+0000] {processor.py:161} INFO - Started process (PID=4524) to work on /opt/airflow/dags/sandbox.py
[2026-04-10T00:40:26.548+0000] {processor.py:830} INFO - Processing file /opt/airflow/dags/sandbox.py for tasks to queue
[2026-04-10T00:40:26.550+0000] {logging_mixin.py:188} INFO - [2026-04-10T00:40:26.549+0000] {dagbag.py:538} INFO - Filling up the DagBag from /opt/airflow/dags/sandbox.py
[2026-04-10T00:40:26.570+0000] {processor.py:840} INFO - DAG(s) 'sandbox_demo' retrieved from /opt/airflow/dags/sandbox.py
[2026-04-10T00:40:26.605+0000] {logging_mixin.py:188} INFO - [2026-04-10T00:40:26.605+0000] {dag.py:3036} INFO - Sync 1 DAGs
[2026-04-10T00:40:26.630+0000] {logging_mixin.py:188} INFO - [2026-04-10T00:40:26.630+0000] {dag.py:3823} INFO - Setting next_dagrun for sandbox_demo to 2026-04-09 02:00:00+00:00, run_after=2026-04-10 02:00:00+00:00
[2026-04-10T00:40:26.652+0000] {processor.py:183} INFO - Processing /opt/airflow/dags/sandbox.py took 0.120 seconds
[2026-04-10T01:57:18.208+0000] {processor.py:161} INFO - Started process (PID=4555) to work on /opt/airflow/dags/sandbox.py
[2026-04-10T01:57:18.209+0000] {processor.py:830} INFO - Processing file /opt/airflow/dags/sandbox.py for tasks to queue
[2026-04-10T01:57:18.210+0000] {logging_mixin.py:188} INFO - [2026-04-10T01:57:18.210+0000] {dagbag.py:538} INFO - Filling up the DagBag from /opt/airflow/dags/sandbox.py
[2026-04-10T01:57:18.221+0000] {processor.py:840} INFO - DAG(s) 'sandbox_demo' retrieved from /opt/airflow/dags/sandbox.py
[2026-04-10T01:57:18.242+0000] {logging_mixin.py:188} INFO - [2026-04-10T01:57:18.242+0000] {dag.py:3036} INFO - Sync 1 DAGs
[2026-04-10T01:57:18.262+0000] {logging_mixin.py:188} INFO - [2026-04-10T01:57:18.262+0000] {dag.py:3823} INFO - Setting next_dagrun for sandbox_demo to 2026-04-09 02:00:00+00:00, run_after=2026-04-10 02:00:00+00:00
[2026-04-10T01:57:18.274+0000] {processor.py:183} INFO - Processing /opt/airflow/dags/sandbox.py took 0.069 seconds
[2026-04-10T02:53:35.964+0000] {processor.py:161} INFO - Started process (PID=4586) to work on /opt/airflow/dags/sandbox.py
[2026-04-10T02:53:35.969+0000] {processor.py:830} INFO - Processing file /opt/airflow/dags/sandbox.py for tasks to queue
[2026-04-10T02:53:35.971+0000] {logging_mixin.py:188} INFO - [2026-04-10T02:53:35.970+0000] {dagbag.py:538} INFO - Filling up the DagBag from /opt/airflow/dags/sandbox.py
[2026-04-10T02:53:35.981+0000] {processor.py:840} INFO - DAG(s) 'sandbox_demo' retrieved from /opt/airflow/dags/sandbox.py
[2026-04-10T02:53:36.017+0000] {logging_mixin.py:188} INFO - [2026-04-10T02:53:36.017+0000] {dag.py:3036} INFO - Sync 1 DAGs
[2026-04-10T02:53:36.037+0000] {logging_mixin.py:188} INFO - [2026-04-10T02:53:36.037+0000] {dag.py:3823} INFO - Setting next_dagrun for sandbox_demo to 2026-04-10 02:00:00+00:00, run_after=2026-04-11 02:00:00+00:00
[2026-04-10T02:53:36.048+0000] {processor.py:183} INFO - Processing /opt/airflow/dags/sandbox.py took 0.087 seconds
[2026-04-10T02:54:06.076+0000] {processor.py:161} INFO - Started process (PID=4615) to work on /opt/airflow/dags/sandbox.py
[2026-04-10T02:54:06.077+0000] {processor.py:830} INFO - Processing file /opt/airflow/dags/sandbox.py for tasks to queue
[2026-04-10T02:54:06.078+0000] {logging_mixin.py:188} INFO - [2026-04-10T02:54:06.078+0000] {dagbag.py:538} INFO - Filling up the DagBag from /opt/airflow/dags/sandbox.py
[2026-04-10T02:54:06.088+0000] {processor.py:840} INFO - DAG(s) 'sandbox_demo' retrieved from /opt/airflow/dags/sandbox.py
[2026-04-10T02:54:06.101+0000] {logging_mixin.py:188} INFO - [2026-04-10T02:54:06.101+0000] {dag.py:3036} INFO - Sync 1 DAGs
[2026-04-10T02:54:06.111+0000] {logging_mixin.py:188} INFO - [2026-04-10T02:54:06.111+0000] {dag.py:3823} INFO - Setting next_dagrun for sandbox_demo to 2026-04-10 02:00:00+00:00, run_after=2026-04-11 02:00:00+00:00
[2026-04-10T02:54:06.117+0000] {processor.py:183} INFO - Processing /opt/airflow/dags/sandbox.py took 0.046 seconds
[2026-04-10T02:54:36.980+0000] {processor.py:161} INFO - Started process (PID=4646) to work on /opt/airflow/dags/sandbox.py
[2026-04-10T02:54:36.983+0000] {processor.py:830} INFO - Processing file /opt/airflow/dags/sandbox.py for tasks to queue
[2026-04-10T02:54:36.985+0000] {logging_mixin.py:188} INFO - [2026-04-10T02:54:36.985+0000] {dagbag.py:538} INFO - Filling up the DagBag from /opt/airflow/dags/sandbox.py
[2026-04-10T02:54:37.006+0000] {processor.py:840} INFO - DAG(s) 'sandbox_demo' retrieved from /opt/airflow/dags/sandbox.py
[2026-04-10T02:54:37.025+0000] {logging_mixin.py:188} INFO - [2026-04-10T02:54:37.025+0000] {dag.py:3036} INFO - Sync 1 DAGs
[2026-04-10T02:54:37.036+0000] {logging_mixin.py:188} INFO - [2026-04-10T02:54:37.036+0000] {dag.py:3823} INFO - Setting next_dagrun for sandbox_demo to 2026-04-10 02:00:00+00:00, run_after=2026-04-11 02:00:00+00:00
[2026-04-10T02:54:37.046+0000] {processor.py:183} INFO - Processing /opt/airflow/dags/sandbox.py took 0.068 seconds
[2026-04-10T02:55:07.884+0000] {processor.py:161} INFO - Started process (PID=4677) to work on /opt/airflow/dags/sandbox.py
[2026-04-10T02:55:07.886+0000] {processor.py:830} INFO - Processing file /opt/airflow/dags/sandbox.py for tasks to queue
[2026-04-10T02:55:07.890+0000] {logging_mixin.py:188} INFO - [2026-04-10T02:55:07.889+0000] {dagbag.py:538} INFO - Filling up the DagBag from /opt/airflow/dags/sandbox.py
[2026-04-10T02:55:07.919+0000] {processor.py:840} INFO - DAG(s) 'sandbox_demo' retrieved from /opt/airflow/dags/sandbox.py
[2026-04-10T02:55:07.945+0000] {logging_mixin.py:188} INFO - [2026-04-10T02:55:07.945+0000] {dag.py:3036} INFO - Sync 1 DAGs
[2026-04-10T02:55:07.964+0000] {logging_mixin.py:188} INFO - [2026-04-10T02:55:07.964+0000] {dag.py:3823} INFO - Setting next_dagrun for sandbox_demo to 2026-04-10 02:00:00+00:00, run_after=2026-04-11 02:00:00+00:00
[2026-04-10T02:55:07.976+0000] {processor.py:183} INFO - Processing /opt/airflow/dags/sandbox.py took 0.102 seconds
[2026-04-10T02:55:38.903+0000] {processor.py:161} INFO - Started process (PID=4708) to work on /opt/airflow/dags/sandbox.py
[2026-04-10T02:55:38.904+0000] {processor.py:830} INFO - Processing file /opt/airflow/dags/sandbox.py for tasks to queue
[2026-04-10T02:55:38.907+0000] {logging_mixin.py:188} INFO - [2026-04-10T02:55:38.907+0000] {dagbag.py:538} INFO - Filling up the DagBag from /opt/airflow/dags/sandbox.py
[2026-04-10T02:55:38.929+0000] {processor.py:840} INFO - DAG(s) 'sandbox_demo' retrieved from /opt/airflow/dags/sandbox.py
[2026-04-10T02:55:38.960+0000] {logging_mixin.py:188} INFO - [2026-04-10T02:55:38.960+0000] {dag.py:3036} INFO - Sync 1 DAGs
[2026-04-10T02:55:38.978+0000] {logging_mixin.py:188} INFO - [2026-04-10T02:55:38.978+0000] {dag.py:3823} INFO - Setting next_dagrun for sandbox_demo to 2026-04-10 02:00:00+00:00, run_after=2026-04-11 02:00:00+00:00
[2026-04-10T02:55:38.989+0000] {processor.py:183} INFO - Processing /opt/airflow/dags/sandbox.py took 0.091 seconds
[2026-04-10T02:56:09.837+0000] {processor.py:161} INFO - Started process (PID=4739) to work on /opt/airflow/dags/sandbox.py
[2026-04-10T02:56:09.839+0000] {processor.py:830} INFO - Processing file /opt/airflow/dags/sandbox.py for tasks to queue
[2026-04-10T02:56:09.843+0000] {logging_mixin.py:188} INFO - [2026-04-10T02:56:09.842+0000] {dagbag.py:538} INFO - Filling up the DagBag from /opt/airflow/dags/sandbox.py
[2026-04-10T02:56:09.864+0000] {processor.py:840} INFO - DAG(s) 'sandbox_demo' retrieved from /opt/airflow/dags/sandbox.py
[2026-04-10T02:56:09.891+0000] {logging_mixin.py:188} INFO - [2026-04-10T02:56:09.891+0000] {dag.py:3036} INFO - Sync 1 DAGs
[2026-04-10T02:56:09.906+0000] {logging_mixin.py:188} INFO - [2026-04-10T02:56:09.906+0000] {dag.py:3823} INFO - Setting next_dagrun for sandbox_demo to 2026-04-10 02:00:00+00:00, run_after=2026-04-11 02:00:00+00:00
[2026-04-10T02:56:09.917+0000] {processor.py:183} INFO - Processing /opt/airflow/dags/sandbox.py took 0.085 seconds
[2026-04-10T02:56:40.816+0000] {processor.py:161} INFO - Started process (PID=4770) to work on /opt/airflow/dags/sandbox.py
[2026-04-10T02:56:40.818+0000] {processor.py:830} INFO - Processing file /opt/airflow/dags/sandbox.py for tasks to queue
[2026-04-10T02:56:40.820+0000] {logging_mixin.py:188} INFO - [2026-04-10T02:56:40.820+0000] {dagbag.py:538} INFO - Filling up the DagBag from /opt/airflow/dags/sandbox.py
[2026-04-10T02:56:40.842+0000] {processor.py:840} INFO - DAG(s) 'sandbox_demo' retrieved from /opt/airflow/dags/sandbox.py
[2026-04-10T02:56:40.869+0000] {logging_mixin.py:188} INFO - [2026-04-10T02:56:40.869+0000] {dag.py:3036} INFO - Sync 1 DAGs
[2026-04-10T02:56:40.883+0000] {logging_mixin.py:188} INFO - [2026-04-10T02:56:40.883+0000] {dag.py:3823} INFO - Setting next_dagrun for sandbox_demo to 2026-04-10 02:00:00+00:00, run_after=2026-04-11 02:00:00+00:00
[2026-04-10T02:56:40.891+0000] {processor.py:183} INFO - Processing /opt/airflow/dags/sandbox.py took 0.079 seconds
[2026-04-10T02:57:11.861+0000] {processor.py:161} INFO - Started process (PID=4801) to work on /opt/airflow/dags/sandbox.py
[2026-04-10T02:57:11.863+0000] {processor.py:830} INFO - Processing file /opt/airflow/dags/sandbox.py for tasks to queue
[2026-04-10T02:57:11.865+0000] {logging_mixin.py:188} INFO - [2026-04-10T02:57:11.864+0000] {dagbag.py:538} INFO - Filling up the DagBag from /opt/airflow/dags/sandbox.py
[2026-04-10T02:57:11.897+0000] {processor.py:840} INFO - DAG(s) 'sandbox_demo' retrieved from /opt/airflow/dags/sandbox.py
[2026-04-10T02:57:11.919+0000] {logging_mixin.py:188} INFO - [2026-04-10T02:57:11.919+0000] {dag.py:3036} INFO - Sync 1 DAGs
[2026-04-10T02:57:11.939+0000] {logging_mixin.py:188} INFO - [2026-04-10T02:57:11.939+0000] {dag.py:3823} INFO - Setting next_dagrun for sandbox_demo to 2026-04-10 02:00:00+00:00, run_after=2026-04-11 02:00:00+00:00
[2026-04-10T02:57:11.951+0000] {processor.py:183} INFO - Processing /opt/airflow/dags/sandbox.py took 0.095 seconds
[2026-04-10T02:57:42.811+0000] {processor.py:161} INFO - Started process (PID=4832) to work on /opt/airflow/dags/sandbox.py
[2026-04-10T02:57:42.815+0000] {processor.py:830} INFO - Processing file /opt/airflow/dags/sandbox.py for tasks to queue
[2026-04-10T02:57:42.818+0000] {logging_mixin.py:188} INFO - [2026-04-10T02:57:42.817+0000] {dagbag.py:538} INFO - Filling up the DagBag from /opt/airflow/dags/sandbox.py
[2026-04-10T02:57:42.846+0000] {processor.py:840} INFO - DAG(s) 'sandbox_demo' retrieved from /opt/airflow/dags/sandbox.py
[2026-04-10T02:57:42.872+0000] {logging_mixin.py:188} INFO - [2026-04-10T02:57:42.872+0000] {dag.py:3036} INFO - Sync 1 DAGs
[2026-04-10T02:57:42.888+0000] {logging_mixin.py:188} INFO - [2026-04-10T02:57:42.888+0000] {dag.py:3823} INFO - Setting next_dagrun for sandbox_demo to 2026-04-10 02:00:00+00:00, run_after=2026-04-11 02:00:00+00:00
[2026-04-10T02:57:42.901+0000] {processor.py:183} INFO - Processing /opt/airflow/dags/sandbox.py took 0.098 seconds
[2026-04-10T02:58:13.756+0000] {processor.py:161} INFO - Started process (PID=4863) to work on /opt/airflow/dags/sandbox.py
[2026-04-10T02:58:13.757+0000] {processor.py:830} INFO - Processing file /opt/airflow/dags/sandbox.py for tasks to queue
[2026-04-10T02:58:13.760+0000] {logging_mixin.py:188} INFO - [2026-04-10T02:58:13.760+0000] {dagbag.py:538} INFO - Filling up the DagBag from /opt/airflow/dags/sandbox.py
[2026-04-10T02:58:13.798+0000] {processor.py:840} INFO - DAG(s) 'sandbox_demo' retrieved from /opt/airflow/dags/sandbox.py
[2026-04-10T02:58:13.827+0000] {logging_mixin.py:188} INFO - [2026-04-10T02:58:13.827+0000] {dag.py:3036} INFO - Sync 1 DAGs
[2026-04-10T02:58:13.841+0000] {logging_mixin.py:188} INFO - [2026-04-10T02:58:13.841+0000] {dag.py:3823} INFO - Setting next_dagrun for sandbox_demo to 2026-04-10 02:00:00+00:00, run_after=2026-04-11 02:00:00+00:00
[2026-04-10T02:58:13.853+0000] {processor.py:183} INFO - Processing /opt/airflow/dags/sandbox.py took 0.102 seconds
[2026-04-10T02:58:44.838+0000] {processor.py:161} INFO - Started process (PID=4894) to work on /opt/airflow/dags/sandbox.py
[2026-04-10T02:58:44.841+0000] {processor.py:830} INFO - Processing file /opt/airflow/dags/sandbox.py for tasks to queue
[2026-04-10T02:58:44.845+0000] {logging_mixin.py:188} INFO - [2026-04-10T02:58:44.844+0000] {dagbag.py:538} INFO - Filling up the DagBag from /opt/airflow/dags/sandbox.py
[2026-04-10T02:58:44.862+0000] {processor.py:840} INFO - DAG(s) 'sandbox_demo' retrieved from /opt/airflow/dags/sandbox.py
[2026-04-10T02:58:44.885+0000] {logging_mixin.py:188} INFO - [2026-04-10T02:58:44.885+0000] {dag.py:3036} INFO - Sync 1 DAGs
[2026-04-10T02:58:44.907+0000] {logging_mixin.py:188} INFO - [2026-04-10T02:58:44.907+0000] {dag.py:3823} INFO - Setting next_dagrun for sandbox_demo to 2026-04-10 02:00:00+00:00, run_after=2026-04-11 02:00:00+00:00
[2026-04-10T02:58:44.913+0000] {processor.py:183} INFO - Processing /opt/airflow/dags/sandbox.py took 0.082 seconds
[2026-04-10T02:59:15.805+0000] {processor.py:161} INFO - Started process (PID=4925) to work on /opt/airflow/dags/sandbox.py
[2026-04-10T02:59:15.808+0000] {processor.py:830} INFO - Processing file /opt/airflow/dags/sandbox.py for tasks to queue
[2026-04-10T02:59:15.812+0000] {logging_mixin.py:188} INFO - [2026-04-10T02:59:15.812+0000] {dagbag.py:538} INFO - Filling up the DagBag from /opt/airflow/dags/sandbox.py
[2026-04-10T02:59:15.833+0000] {processor.py:840} INFO - DAG(s) 'sandbox_demo' retrieved from /opt/airflow/dags/sandbox.py
[2026-04-10T02:59:15.859+0000] {logging_mixin.py:188} INFO - [2026-04-10T02:59:15.859+0000] {dag.py:3036} INFO - Sync 1 DAGs
[2026-04-10T02:59:15.903+0000] {logging_mixin.py:188} INFO - [2026-04-10T02:59:15.903+0000] {dag.py:3823} INFO - Setting next_dagrun for sandbox_demo to 2026-04-10 02:00:00+00:00, run_after=2026-04-11 02:00:00+00:00
[2026-04-10T02:59:15.933+0000] {processor.py:183} INFO - Processing /opt/airflow/dags/sandbox.py took 0.134 seconds
[2026-04-10T02:59:46.838+0000] {processor.py:161} INFO - Started process (PID=4956) to work on /opt/airflow/dags/sandbox.py
[2026-04-10T02:59:46.839+0000] {processor.py:830} INFO - Processing file /opt/airflow/dags/sandbox.py for tasks to queue
[2026-04-10T02:59:46.842+0000] {logging_mixin.py:188} INFO - [2026-04-10T02:59:46.841+0000] {dagbag.py:538} INFO - Filling up the DagBag from /opt/airflow/dags/sandbox.py
[2026-04-10T02:59:46.867+0000] {processor.py:840} INFO - DAG(s) 'sandbox_demo' retrieved from /opt/airflow/dags/sandbox.py
[2026-04-10T02:59:46.893+0000] {logging_mixin.py:188} INFO - [2026-04-10T02:59:46.893+0000] {dag.py:3036} INFO - Sync 1 DAGs
[2026-04-10T02:59:46.909+0000] {logging_mixin.py:188} INFO - [2026-04-10T02:59:46.909+0000] {dag.py:3823} INFO - Setting next_dagrun for sandbox_demo to 2026-04-10 02:00:00+00:00, run_after=2026-04-11 02:00:00+00:00
[2026-04-10T02:59:46.922+0000] {processor.py:183} INFO - Processing /opt/airflow/dags/sandbox.py took 0.089 seconds
[2026-04-10T03:00:17.786+0000] {processor.py:161} INFO - Started process (PID=4987) to work on /opt/airflow/dags/sandbox.py
[2026-04-10T03:00:17.786+0000] {processor.py:830} INFO - Processing file /opt/airflow/dags/sandbox.py for tasks to queue
[2026-04-10T03:00:17.788+0000] {logging_mixin.py:188} INFO - [2026-04-10T03:00:17.788+0000] {dagbag.py:538} INFO - Filling up the DagBag from /opt/airflow/dags/sandbox.py
[2026-04-10T03:00:17.803+0000] {processor.py:840} INFO - DAG(s) 'sandbox_demo' retrieved from /opt/airflow/dags/sandbox.py
[2026-04-10T03:00:17.823+0000] {logging_mixin.py:188} INFO - [2026-04-10T03:00:17.823+0000] {dag.py:3036} INFO - Sync 1 DAGs
[2026-04-10T03:00:17.836+0000] {logging_mixin.py:188} INFO - [2026-04-10T03:00:17.835+0000] {dag.py:3823} INFO - Setting next_dagrun for sandbox_demo to 2026-04-10 02:00:00+00:00, run_after=2026-04-11 02:00:00+00:00
[2026-04-10T03:00:17.843+0000] {processor.py:183} INFO - Processing /opt/airflow/dags/sandbox.py took 0.061 seconds
[2026-04-10T03:00:48.665+0000] {processor.py:161} INFO - Started process (PID=5018) to work on /opt/airflow/dags/sandbox.py
[2026-04-10T03:00:48.667+0000] {processor.py:830} INFO - Processing file /opt/airflow/dags/sandbox.py for tasks to queue
[2026-04-10T03:00:48.673+0000] {logging_mixin.py:188} INFO - [2026-04-10T03:00:48.673+0000] {dagbag.py:538} INFO - Filling up the DagBag from /opt/airflow/dags/sandbox.py
[2026-04-10T03:00:48.697+0000] {processor.py:840} INFO - DAG(s) 'sandbox_demo' retrieved from /opt/airflow/dags/sandbox.py
[2026-04-10T03:00:48.720+0000] {logging_mixin.py:188} INFO - [2026-04-10T03:00:48.720+0000] {dag.py:3036} INFO - Sync 1 DAGs
[2026-04-10T03:00:48.739+0000] {logging_mixin.py:188} INFO - [2026-04-10T03:00:48.739+0000] {dag.py:3823} INFO - Setting next_dagrun for sandbox_demo to 2026-04-10 02:00:00+00:00, run_after=2026-04-11 02:00:00+00:00
[2026-04-10T03:00:48.747+0000] {processor.py:183} INFO - Processing /opt/airflow/dags/sandbox.py took 0.089 seconds
[2026-04-10T03:01:19.597+0000] {processor.py:161} INFO - Started process (PID=5049) to work on /opt/airflow/dags/sandbox.py
[2026-04-10T03:01:19.599+0000] {processor.py:830} INFO - Processing file /opt/airflow/dags/sandbox.py for tasks to queue
[2026-04-10T03:01:19.602+0000] {logging_mixin.py:188} INFO - [2026-04-10T03:01:19.602+0000] {dagbag.py:538} INFO - Filling up the DagBag from /opt/airflow/dags/sandbox.py
[2026-04-10T03:01:19.624+0000] {processor.py:840} INFO - DAG(s) 'sandbox_demo' retrieved from /opt/airflow/dags/sandbox.py
[2026-04-10T03:01:19.645+0000] {logging_mixin.py:188} INFO - [2026-04-10T03:01:19.645+0000] {dag.py:3036} INFO - Sync 1 DAGs
[2026-04-10T03:01:19.658+0000] {logging_mixin.py:188} INFO - [2026-04-10T03:01:19.658+0000] {dag.py:3823} INFO - Setting next_dagrun for sandbox_demo to 2026-04-10 02:00:00+00:00, run_after=2026-04-11 02:00:00+00:00
[2026-04-10T03:01:19.667+0000] {processor.py:183} INFO - Processing /opt/airflow/dags/sandbox.py took 0.075 seconds
[2026-04-10T03:01:50.465+0000] {processor.py:161} INFO - Started process (PID=5080) to work on /opt/airflow/dags/sandbox.py
[2026-04-10T03:01:50.467+0000] {processor.py:830} INFO - Processing file /opt/airflow/dags/sandbox.py for tasks to queue
[2026-04-10T03:01:50.469+0000] {logging_mixin.py:188} INFO - [2026-04-10T03:01:50.469+0000] {dagbag.py:538} INFO - Filling up the DagBag from /opt/airflow/dags/sandbox.py
[2026-04-10T03:01:50.502+0000] {processor.py:840} INFO - DAG(s) 'sandbox_demo' retrieved from /opt/airflow/dags/sandbox.py
[2026-04-10T03:01:50.529+0000] {logging_mixin.py:188} INFO - [2026-04-10T03:01:50.529+0000] {dag.py:3036} INFO - Sync 1 DAGs
[2026-04-10T03:01:50.545+0000] {logging_mixin.py:188} INFO - [2026-04-10T03:01:50.545+0000] {dag.py:3823} INFO - Setting next_dagrun for sandbox_demo to 2026-04-10 02:00:00+00:00, run_after=2026-04-11 02:00:00+00:00
[2026-04-10T03:01:50.554+0000] {processor.py:183} INFO - Processing /opt/airflow/dags/sandbox.py took 0.095 seconds
[2026-04-10T03:02:21.493+0000] {processor.py:161} INFO - Started process (PID=5111) to work on /opt/airflow/dags/sandbox.py
[2026-04-10T03:02:21.495+0000] {processor.py:830} INFO - Processing file /opt/airflow/dags/sandbox.py for tasks to queue
[2026-04-10T03:02:21.497+0000] {logging_mixin.py:188} INFO - [2026-04-10T03:02:21.497+0000] {dagbag.py:538} INFO - Filling up the DagBag from /opt/airflow/dags/sandbox.py
[2026-04-10T03:02:21.518+0000] {processor.py:840} INFO - DAG(s) 'sandbox_demo' retrieved from /opt/airflow/dags/sandbox.py
[2026-04-10T03:02:21.538+0000] {logging_mixin.py:188} INFO - [2026-04-10T03:02:21.538+0000] {dag.py:3036} INFO - Sync 1 DAGs
[2026-04-10T03:02:21.550+0000] {logging_mixin.py:188} INFO - [2026-04-10T03:02:21.550+0000] {dag.py:3823} INFO - Setting next_dagrun for sandbox_demo to 2026-04-10 02:00:00+00:00, run_after=2026-04-11 02:00:00+00:00
[2026-04-10T03:02:21.559+0000] {processor.py:183} INFO - Processing /opt/airflow/dags/sandbox.py took 0.071 seconds
[2026-04-10T03:02:52.387+0000] {processor.py:161} INFO - Started process (PID=5142) to work on /opt/airflow/dags/sandbox.py
[2026-04-10T03:02:52.388+0000] {processor.py:830} INFO - Processing file /opt/airflow/dags/sandbox.py for tasks to queue
[2026-04-10T03:02:52.392+0000] {logging_mixin.py:188} INFO - [2026-04-10T03:02:52.392+0000] {dagbag.py:538} INFO - Filling up the DagBag from /opt/airflow/dags/sandbox.py
[2026-04-10T03:02:52.421+0000] {processor.py:840} INFO - DAG(s) 'sandbox_demo' retrieved from /opt/airflow/dags/sandbox.py
[2026-04-10T03:02:52.446+0000] {logging_mixin.py:188} INFO - [2026-04-10T03:02:52.446+0000] {dag.py:3036} INFO - Sync 1 DAGs
[2026-04-10T03:02:52.460+0000] {logging_mixin.py:188} INFO - [2026-04-10T03:02:52.460+0000] {dag.py:3823} INFO - Setting next_dagrun for sandbox_demo to 2026-04-10 02:00:00+00:00, run_after=2026-04-11 02:00:00+00:00
[2026-04-10T03:02:52.468+0000] {processor.py:183} INFO - Processing /opt/airflow/dags/sandbox.py took 0.085 seconds
[2026-04-10T03:03:23.379+0000] {processor.py:161} INFO - Started process (PID=5173) to work on /opt/airflow/dags/sandbox.py
[2026-04-10T03:03:23.390+0000] {processor.py:830} INFO - Processing file /opt/airflow/dags/sandbox.py for tasks to queue
[2026-04-10T03:03:23.418+0000] {logging_mixin.py:188} INFO - [2026-04-10T03:03:23.416+0000] {dagbag.py:538} INFO - Filling up the DagBag from /opt/airflow/dags/sandbox.py
[2026-04-10T03:03:23.501+0000] {processor.py:840} INFO - DAG(s) 'sandbox_demo' retrieved from /opt/airflow/dags/sandbox.py
[2026-04-10T03:03:23.572+0000] {logging_mixin.py:188} INFO - [2026-04-10T03:03:23.572+0000] {dag.py:3036} INFO - Sync 1 DAGs
[2026-04-10T03:03:23.639+0000] {logging_mixin.py:188} INFO - [2026-04-10T03:03:23.639+0000] {dag.py:3823} INFO - Setting next_dagrun for sandbox_demo to 2026-04-10 02:00:00+00:00, run_after=2026-04-11 02:00:00+00:00
[2026-04-10T03:03:23.666+0000] {processor.py:183} INFO - Processing /opt/airflow/dags/sandbox.py took 0.309 seconds
[2026-04-10T03:03:53.770+0000] {processor.py:161} INFO - Started process (PID=5204) to work on /opt/airflow/dags/sandbox.py
[2026-04-10T03:03:53.775+0000] {processor.py:830} INFO - Processing file /opt/airflow/dags/sandbox.py for tasks to queue
[2026-04-10T03:03:53.779+0000] {logging_mixin.py:188} INFO - [2026-04-10T03:03:53.779+0000] {dagbag.py:538} INFO - Filling up the DagBag from /opt/airflow/dags/sandbox.py
[2026-04-10T03:03:53.799+0000] {processor.py:840} INFO - DAG(s) 'sandbox_demo' retrieved from /opt/airflow/dags/sandbox.py
[2026-04-10T03:03:53.823+0000] {logging_mixin.py:188} INFO - [2026-04-10T03:03:53.823+0000] {dag.py:3036} INFO - Sync 1 DAGs
[2026-04-10T03:03:53.838+0000] {logging_mixin.py:188} INFO - [2026-04-10T03:03:53.838+0000] {dag.py:3823} INFO - Setting next_dagrun for sandbox_demo to 2026-04-10 02:00:00+00:00, run_after=2026-04-11 02:00:00+00:00
[2026-04-10T03:03:53.848+0000] {processor.py:183} INFO - Processing /opt/airflow/dags/sandbox.py took 0.089 seconds
[2026-04-10T03:04:24.736+0000] {processor.py:161} INFO - Started process (PID=5234) to work on /opt/airflow/dags/sandbox.py
[2026-04-10T03:04:24.739+0000] {processor.py:830} INFO - Processing file /opt/airflow/dags/sandbox.py for tasks to queue
[2026-04-10T03:04:24.742+0000] {logging_mixin.py:188} INFO - [2026-04-10T03:04:24.742+0000] {dagbag.py:538} INFO - Filling up the DagBag from /opt/airflow/dags/sandbox.py
[2026-04-10T03:04:24.765+0000] {processor.py:840} INFO - DAG(s) 'sandbox_demo' retrieved from /opt/airflow/dags/sandbox.py
[2026-04-10T03:04:24.786+0000] {logging_mixin.py:188} INFO - [2026-04-10T03:04:24.785+0000] {dag.py:3036} INFO - Sync 1 DAGs
[2026-04-10T03:04:24.806+0000] {logging_mixin.py:188} INFO - [2026-04-10T03:04:24.806+0000] {dag.py:3823} INFO - Setting next_dagrun for sandbox_demo to 2026-04-10 02:00:00+00:00, run_after=2026-04-11 02:00:00+00:00
[2026-04-10T03:04:24.815+0000] {processor.py:183} INFO - Processing /opt/airflow/dags/sandbox.py took 0.081 seconds
[2026-04-10T03:04:55.683+0000] {processor.py:161} INFO - Started process (PID=5265) to work on /opt/airflow/dags/sandbox.py
[2026-04-10T03:04:55.685+0000] {processor.py:830} INFO - Processing file /opt/airflow/dags/sandbox.py for tasks to queue
[2026-04-10T03:04:55.688+0000] {logging_mixin.py:188} INFO - [2026-04-10T03:04:55.688+0000] {dagbag.py:538} INFO - Filling up the DagBag from /opt/airflow/dags/sandbox.py
[2026-04-10T03:04:55.715+0000] {processor.py:840} INFO - DAG(s) 'sandbox_demo' retrieved from /opt/airflow/dags/sandbox.py
[2026-04-10T03:04:55.747+0000] {logging_mixin.py:188} INFO - [2026-04-10T03:04:55.747+0000] {dag.py:3036} INFO - Sync 1 DAGs
[2026-04-10T03:04:55.764+0000] {logging_mixin.py:188} INFO - [2026-04-10T03:04:55.764+0000] {dag.py:3823} INFO - Setting next_dagrun for sandbox_demo to 2026-04-10 02:00:00+00:00, run_after=2026-04-11 02:00:00+00:00
[2026-04-10T03:04:55.775+0000] {processor.py:183} INFO - Processing /opt/airflow/dags/sandbox.py took 0.095 seconds
[2026-04-10T03:05:26.588+0000] {processor.py:161} INFO - Started process (PID=5302) to work on /opt/airflow/dags/sandbox.py
[2026-04-10T03:05:26.593+0000] {processor.py:830} INFO - Processing file /opt/airflow/dags/sandbox.py for tasks to queue
[2026-04-10T03:05:26.597+0000] {logging_mixin.py:188} INFO - [2026-04-10T03:05:26.597+0000] {dagbag.py:538} INFO - Filling up the DagBag from /opt/airflow/dags/sandbox.py
[2026-04-10T03:05:26.623+0000] {processor.py:840} INFO - DAG(s) 'sandbox_demo' retrieved from /opt/airflow/dags/sandbox.py
[2026-04-10T03:05:26.646+0000] {logging_mixin.py:188} INFO - [2026-04-10T03:05:26.646+0000] {dag.py:3036} INFO - Sync 1 DAGs
[2026-04-10T03:05:26.661+0000] {logging_mixin.py:188} INFO - [2026-04-10T03:05:26.661+0000] {dag.py:3823} INFO - Setting next_dagrun for sandbox_demo to 2026-04-10 02:00:00+00:00, run_after=2026-04-11 02:00:00+00:00
[2026-04-10T03:05:26.670+0000] {processor.py:183} INFO - Processing /opt/airflow/dags/sandbox.py took 0.087 seconds
[2026-04-10T03:05:57.584+0000] {processor.py:161} INFO - Started process (PID=5333) to work on /opt/airflow/dags/sandbox.py
[2026-04-10T03:05:57.586+0000] {processor.py:830} INFO - Processing file /opt/airflow/dags/sandbox.py for tasks to queue
[2026-04-10T03:05:57.590+0000] {logging_mixin.py:188} INFO - [2026-04-10T03:05:57.589+0000] {dagbag.py:538} INFO - Filling up the DagBag from /opt/airflow/dags/sandbox.py
[2026-04-10T03:05:57.615+0000] {processor.py:840} INFO - DAG(s) 'sandbox_demo' retrieved from /opt/airflow/dags/sandbox.py
[2026-04-10T03:05:57.642+0000] {logging_mixin.py:188} INFO - [2026-04-10T03:05:57.642+0000] {dag.py:3036} INFO - Sync 1 DAGs
[2026-04-10T03:05:57.657+0000] {logging_mixin.py:188} INFO - [2026-04-10T03:05:57.656+0000] {dag.py:3823} INFO - Setting next_dagrun for sandbox_demo to 2026-04-10 02:00:00+00:00, run_after=2026-04-11 02:00:00+00:00
[2026-04-10T03:05:57.665+0000] {processor.py:183} INFO - Processing /opt/airflow/dags/sandbox.py took 0.086 seconds
[2026-04-10T03:06:28.553+0000] {processor.py:161} INFO - Started process (PID=5364) to work on /opt/airflow/dags/sandbox.py
[2026-04-10T03:06:28.555+0000] {processor.py:830} INFO - Processing file /opt/airflow/dags/sandbox.py for tasks to queue
[2026-04-10T03:06:28.558+0000] {logging_mixin.py:188} INFO - [2026-04-10T03:06:28.556+0000] {dagbag.py:538} INFO - Filling up the DagBag from /opt/airflow/dags/sandbox.py
[2026-04-10T03:06:28.581+0000] {processor.py:840} INFO - DAG(s) 'sandbox_demo' retrieved from /opt/airflow/dags/sandbox.py
[2026-04-10T03:06:28.606+0000] {logging_mixin.py:188} INFO - [2026-04-10T03:06:28.606+0000] {dag.py:3036} INFO - Sync 1 DAGs
[2026-04-10T03:06:28.618+0000] {logging_mixin.py:188} INFO - [2026-04-10T03:06:28.618+0000] {dag.py:3823} INFO - Setting next_dagrun for sandbox_demo to 2026-04-10 02:00:00+00:00, run_after=2026-04-11 02:00:00+00:00
[2026-04-10T03:06:28.629+0000] {processor.py:183} INFO - Processing /opt/airflow/dags/sandbox.py took 0.080 seconds
[2026-04-10T03:06:59.497+0000] {processor.py:161} INFO - Started process (PID=5395) to work on /opt/airflow/dags/sandbox.py
[2026-04-10T03:06:59.499+0000] {processor.py:830} INFO - Processing file /opt/airflow/dags/sandbox.py for tasks to queue
[2026-04-10T03:06:59.503+0000] {logging_mixin.py:188} INFO - [2026-04-10T03:06:59.502+0000] {dagbag.py:538} INFO - Filling up the DagBag from /opt/airflow/dags/sandbox.py
[2026-04-10T03:06:59.524+0000] {processor.py:840} INFO - DAG(s) 'sandbox_demo' retrieved from /opt/airflow/dags/sandbox.py
[2026-04-10T03:06:59.545+0000] {logging_mixin.py:188} INFO - [2026-04-10T03:06:59.545+0000] {dag.py:3036} INFO - Sync 1 DAGs
[2026-04-10T03:06:59.559+0000] {logging_mixin.py:188} INFO - [2026-04-10T03:06:59.559+0000] {dag.py:3823} INFO - Setting next_dagrun for sandbox_demo to 2026-04-10 02:00:00+00:00, run_after=2026-04-11 02:00:00+00:00
[2026-04-10T03:06:59.567+0000] {processor.py:183} INFO - Processing /opt/airflow/dags/sandbox.py took 0.073 seconds
[2026-04-10T03:07:30.515+0000] {processor.py:161} INFO - Started process (PID=5426) to work on /opt/airflow/dags/sandbox.py
[2026-04-10T03:07:30.518+0000] {processor.py:830} INFO - Processing file /opt/airflow/dags/sandbox.py for tasks to queue
[2026-04-10T03:07:30.521+0000] {logging_mixin.py:188} INFO - [2026-04-10T03:07:30.521+0000] {dagbag.py:538} INFO - Filling up the DagBag from /opt/airflow/dags/sandbox.py
[2026-04-10T03:07:30.541+0000] {processor.py:840} INFO - DAG(s) 'sandbox_demo' retrieved from /opt/airflow/dags/sandbox.py
[2026-04-10T03:07:30.569+0000] {logging_mixin.py:188} INFO - [2026-04-10T03:07:30.569+0000] {dag.py:3036} INFO - Sync 1 DAGs
[2026-04-10T03:07:30.584+0000] {logging_mixin.py:188} INFO - [2026-04-10T03:07:30.584+0000] {dag.py:3823} INFO - Setting next_dagrun for sandbox_demo to 2026-04-10 02:00:00+00:00, run_after=2026-04-11 02:00:00+00:00
[2026-04-10T03:07:30.593+0000] {processor.py:183} INFO - Processing /opt/airflow/dags/sandbox.py took 0.086 seconds
[2026-04-10T03:08:01.568+0000] {processor.py:161} INFO - Started process (PID=5458) to work on /opt/airflow/dags/sandbox.py
[2026-04-10T03:08:01.569+0000] {processor.py:830} INFO - Processing file /opt/airflow/dags/sandbox.py for tasks to queue
[2026-04-10T03:08:01.571+0000] {logging_mixin.py:188} INFO - [2026-04-10T03:08:01.571+0000] {dagbag.py:538} INFO - Filling up the DagBag from /opt/airflow/dags/sandbox.py
[2026-04-10T03:08:01.592+0000] {processor.py:840} INFO - DAG(s) 'sandbox_demo' retrieved from /opt/airflow/dags/sandbox.py
[2026-04-10T03:08:01.613+0000] {logging_mixin.py:188} INFO - [2026-04-10T03:08:01.613+0000] {dag.py:3036} INFO - Sync 1 DAGs
[2026-04-10T03:08:01.635+0000] {logging_mixin.py:188} INFO - [2026-04-10T03:08:01.635+0000] {dag.py:3823} INFO - Setting next_dagrun for sandbox_demo to 2026-04-10 02:00:00+00:00, run_after=2026-04-11 02:00:00+00:00
[2026-04-10T03:08:01.643+0000] {processor.py:183} INFO - Processing /opt/airflow/dags/sandbox.py took 0.079 seconds
[2026-04-10T03:08:32.513+0000] {processor.py:161} INFO - Started process (PID=5489) to work on /opt/airflow/dags/sandbox.py
[2026-04-10T03:08:32.516+0000] {processor.py:830} INFO - Processing file /opt/airflow/dags/sandbox.py for tasks to queue
[2026-04-10T03:08:32.523+0000] {logging_mixin.py:188} INFO - [2026-04-10T03:08:32.521+0000] {dagbag.py:538} INFO - Filling up the DagBag from /opt/airflow/dags/sandbox.py
[2026-04-10T03:08:32.550+0000] {processor.py:840} INFO - DAG(s) 'sandbox_demo' retrieved from /opt/airflow/dags/sandbox.py
[2026-04-10T03:08:32.573+0000] {logging_mixin.py:188} INFO - [2026-04-10T03:08:32.572+0000] {dag.py:3036} INFO - Sync 1 DAGs
[2026-04-10T03:08:32.585+0000] {logging_mixin.py:188} INFO - [2026-04-10T03:08:32.584+0000] {dag.py:3823} INFO - Setting next_dagrun for sandbox_demo to 2026-04-10 02:00:00+00:00, run_after=2026-04-11 02:00:00+00:00
[2026-04-10T03:08:32.592+0000] {processor.py:183} INFO - Processing /opt/airflow/dags/sandbox.py took 0.089 seconds
[2026-04-10T03:09:03.405+0000] {processor.py:161} INFO - Started process (PID=5520) to work on /opt/airflow/dags/sandbox.py
[2026-04-10T03:09:03.407+0000] {processor.py:830} INFO - Processing file /opt/airflow/dags/sandbox.py for tasks to queue
[2026-04-10T03:09:03.410+0000] {logging_mixin.py:188} INFO - [2026-04-10T03:09:03.409+0000] {dagbag.py:538} INFO - Filling up the DagBag from /opt/airflow/dags/sandbox.py
[2026-04-10T03:09:03.430+0000] {processor.py:840} INFO - DAG(s) 'sandbox_demo' retrieved from /opt/airflow/dags/sandbox.py
[2026-04-10T03:09:03.454+0000] {logging_mixin.py:188} INFO - [2026-04-10T03:09:03.454+0000] {dag.py:3036} INFO - Sync 1 DAGs
[2026-04-10T03:09:03.473+0000] {logging_mixin.py:188} INFO - [2026-04-10T03:09:03.473+0000] {dag.py:3823} INFO - Setting next_dagrun for sandbox_demo to 2026-04-10 02:00:00+00:00, run_after=2026-04-11 02:00:00+00:00
[2026-04-10T03:09:03.483+0000] {processor.py:183} INFO - Processing /opt/airflow/dags/sandbox.py took 0.083 seconds
[2026-04-10T03:09:34.318+0000] {processor.py:161} INFO - Started process (PID=5551) to work on /opt/airflow/dags/sandbox.py
[2026-04-10T03:09:34.319+0000] {processor.py:830} INFO - Processing file /opt/airflow/dags/sandbox.py for tasks to queue
[2026-04-10T03:09:34.322+0000] {logging_mixin.py:188} INFO - [2026-04-10T03:09:34.321+0000] {dagbag.py:538} INFO - Filling up the DagBag from /opt/airflow/dags/sandbox.py
[2026-04-10T03:09:34.340+0000] {processor.py:840} INFO - DAG(s) 'sandbox_demo' retrieved from /opt/airflow/dags/sandbox.py
[2026-04-10T03:09:34.372+0000] {logging_mixin.py:188} INFO - [2026-04-10T03:09:34.372+0000] {dag.py:3036} INFO - Sync 1 DAGs
[2026-04-10T03:09:34.389+0000] {logging_mixin.py:188} INFO - [2026-04-10T03:09:34.389+0000] {dag.py:3823} INFO - Setting next_dagrun for sandbox_demo to 2026-04-10 02:00:00+00:00, run_after=2026-04-11 02:00:00+00:00
[2026-04-10T03:09:34.403+0000] {processor.py:183} INFO - Processing /opt/airflow/dags/sandbox.py took 0.090 seconds
[2026-04-10T03:10:05.281+0000] {processor.py:161} INFO - Started process (PID=5582) to work on /opt/airflow/dags/sandbox.py
[2026-04-10T03:10:05.283+0000] {processor.py:830} INFO - Processing file /opt/airflow/dags/sandbox.py for tasks to queue
[2026-04-10T03:10:05.286+0000] {logging_mixin.py:188} INFO - [2026-04-10T03:10:05.285+0000] {dagbag.py:538} INFO - Filling up the DagBag from /opt/airflow/dags/sandbox.py
[2026-04-10T03:10:05.307+0000] {processor.py:840} INFO - DAG(s) 'sandbox_demo' retrieved from /opt/airflow/dags/sandbox.py
[2026-04-10T03:10:05.329+0000] {logging_mixin.py:188} INFO - [2026-04-10T03:10:05.329+0000] {dag.py:3036} INFO - Sync 1 DAGs
[2026-04-10T03:10:05.344+0000] {logging_mixin.py:188} INFO - [2026-04-10T03:10:05.344+0000] {dag.py:3823} INFO - Setting next_dagrun for sandbox_demo to 2026-04-10 02:00:00+00:00, run_after=2026-04-11 02:00:00+00:00
[2026-04-10T03:10:05.355+0000] {processor.py:183} INFO - Processing /opt/airflow/dags/sandbox.py took 0.079 seconds
[2026-04-10T03:10:36.229+0000] {processor.py:161} INFO - Started process (PID=5613) to work on /opt/airflow/dags/sandbox.py
[2026-04-10T03:10:36.233+0000] {processor.py:830} INFO - Processing file /opt/airflow/dags/sandbox.py for tasks to queue
[2026-04-10T03:10:36.235+0000] {logging_mixin.py:188} INFO - [2026-04-10T03:10:36.235+0000] {dagbag.py:538} INFO - Filling up the DagBag from /opt/airflow/dags/sandbox.py
[2026-04-10T03:10:36.256+0000] {processor.py:840} INFO - DAG(s) 'sandbox_demo' retrieved from /opt/airflow/dags/sandbox.py
[2026-04-10T03:10:36.277+0000] {logging_mixin.py:188} INFO - [2026-04-10T03:10:36.277+0000] {dag.py:3036} INFO - Sync 1 DAGs
[2026-04-10T03:10:36.293+0000] {logging_mixin.py:188} INFO - [2026-04-10T03:10:36.293+0000] {dag.py:3823} INFO - Setting next_dagrun for sandbox_demo to 2026-04-10 02:00:00+00:00, run_after=2026-04-11 02:00:00+00:00
[2026-04-10T03:10:36.302+0000] {processor.py:183} INFO - Processing /opt/airflow/dags/sandbox.py took 0.076 seconds
[2026-04-10T03:11:07.111+0000] {processor.py:161} INFO - Started process (PID=5644) to work on /opt/airflow/dags/sandbox.py
[2026-04-10T03:11:07.114+0000] {processor.py:830} INFO - Processing file /opt/airflow/dags/sandbox.py for tasks to queue
[2026-04-10T03:11:07.116+0000] {logging_mixin.py:188} INFO - [2026-04-10T03:11:07.116+0000] {dagbag.py:538} INFO - Filling up the DagBag from /opt/airflow/dags/sandbox.py
[2026-04-10T03:11:07.143+0000] {processor.py:840} INFO - DAG(s) 'sandbox_demo' retrieved from /opt/airflow/dags/sandbox.py
[2026-04-10T03:11:07.163+0000] {logging_mixin.py:188} INFO - [2026-04-10T03:11:07.163+0000] {dag.py:3036} INFO - Sync 1 DAGs
[2026-04-10T03:11:07.175+0000] {logging_mixin.py:188} INFO - [2026-04-10T03:11:07.175+0000] {dag.py:3823} INFO - Setting next_dagrun for sandbox_demo to 2026-04-10 02:00:00+00:00, run_after=2026-04-11 02:00:00+00:00
[2026-04-10T03:11:07.183+0000] {processor.py:183} INFO - Processing /opt/airflow/dags/sandbox.py took 0.076 seconds
[2026-04-10T03:11:37.989+0000] {processor.py:161} INFO - Started process (PID=5675) to work on /opt/airflow/dags/sandbox.py
[2026-04-10T03:11:37.991+0000] {processor.py:830} INFO - Processing file /opt/airflow/dags/sandbox.py for tasks to queue
[2026-04-10T03:11:37.995+0000] {logging_mixin.py:188} INFO - [2026-04-10T03:11:37.994+0000] {dagbag.py:538} INFO - Filling up the DagBag from /opt/airflow/dags/sandbox.py
[2026-04-10T03:11:38.014+0000] {processor.py:840} INFO - DAG(s) 'sandbox_demo' retrieved from /opt/airflow/dags/sandbox.py
[2026-04-10T03:11:38.037+0000] {logging_mixin.py:188} INFO - [2026-04-10T03:11:38.037+0000] {dag.py:3036} INFO - Sync 1 DAGs
[2026-04-10T03:11:38.055+0000] {logging_mixin.py:188} INFO - [2026-04-10T03:11:38.055+0000] {dag.py:3823} INFO - Setting next_dagrun for sandbox_demo to 2026-04-10 02:00:00+00:00, run_after=2026-04-11 02:00:00+00:00
[2026-04-10T03:11:38.061+0000] {processor.py:183} INFO - Processing /opt/airflow/dags/sandbox.py took 0.076 seconds
[2026-04-10T03:12:09.010+0000] {processor.py:161} INFO - Started process (PID=5706) to work on /opt/airflow/dags/sandbox.py
[2026-04-10T03:12:09.012+0000] {processor.py:830} INFO - Processing file /opt/airflow/dags/sandbox.py for tasks to queue
[2026-04-10T03:12:09.014+0000] {logging_mixin.py:188} INFO - [2026-04-10T03:12:09.013+0000] {dagbag.py:538} INFO - Filling up the DagBag from /opt/airflow/dags/sandbox.py
[2026-04-10T03:12:09.039+0000] {processor.py:840} INFO - DAG(s) 'sandbox_demo' retrieved from /opt/airflow/dags/sandbox.py
[2026-04-10T03:12:09.070+0000] {logging_mixin.py:188} INFO - [2026-04-10T03:12:09.070+0000] {dag.py:3036} INFO - Sync 1 DAGs
[2026-04-10T03:12:09.092+0000] {logging_mixin.py:188} INFO - [2026-04-10T03:12:09.091+0000] {dag.py:3823} INFO - Setting next_dagrun for sandbox_demo to 2026-04-10 02:00:00+00:00, run_after=2026-04-11 02:00:00+00:00
[2026-04-10T03:12:09.098+0000] {processor.py:183} INFO - Processing /opt/airflow/dags/sandbox.py took 0.097 seconds
[2026-04-10T03:12:39.982+0000] {processor.py:161} INFO - Started process (PID=5737) to work on /opt/airflow/dags/sandbox.py
[2026-04-10T03:12:39.983+0000] {processor.py:830} INFO - Processing file /opt/airflow/dags/sandbox.py for tasks to queue
[2026-04-10T03:12:39.986+0000] {logging_mixin.py:188} INFO - [2026-04-10T03:12:39.986+0000] {dagbag.py:538} INFO - Filling up the DagBag from /opt/airflow/dags/sandbox.py
[2026-04-10T03:12:40.005+0000] {processor.py:840} INFO - DAG(s) 'sandbox_demo' retrieved from /opt/airflow/dags/sandbox.py
[2026-04-10T03:12:40.023+0000] {logging_mixin.py:188} INFO - [2026-04-10T03:12:40.023+0000] {dag.py:3036} INFO - Sync 1 DAGs
[2026-04-10T03:12:40.034+0000] {logging_mixin.py:188} INFO - [2026-04-10T03:12:40.034+0000] {dag.py:3823} INFO - Setting next_dagrun for sandbox_demo to 2026-04-10 02:00:00+00:00, run_after=2026-04-11 02:00:00+00:00
[2026-04-10T03:12:40.041+0000] {processor.py:183} INFO - Processing /opt/airflow/dags/sandbox.py took 0.064 seconds
[2026-04-10T03:13:10.797+0000] {processor.py:161} INFO - Started process (PID=5768) to work on /opt/airflow/dags/sandbox.py
[2026-04-10T03:13:10.799+0000] {processor.py:830} INFO - Processing file /opt/airflow/dags/sandbox.py for tasks to queue
[2026-04-10T03:13:10.802+0000] {logging_mixin.py:188} INFO - [2026-04-10T03:13:10.802+0000] {dagbag.py:538} INFO - Filling up the DagBag from /opt/airflow/dags/sandbox.py
[2026-04-10T03:13:10.819+0000] {processor.py:840} INFO - DAG(s) 'sandbox_demo' retrieved from /opt/airflow/dags/sandbox.py
[2026-04-10T03:13:10.840+0000] {logging_mixin.py:188} INFO - [2026-04-10T03:13:10.840+0000] {dag.py:3036} INFO - Sync 1 DAGs
[2026-04-10T03:13:10.853+0000] {logging_mixin.py:188} INFO - [2026-04-10T03:13:10.852+0000] {dag.py:3823} INFO - Setting next_dagrun for sandbox_demo to 2026-04-10 02:00:00+00:00, run_after=2026-04-11 02:00:00+00:00
[2026-04-10T03:13:10.859+0000] {processor.py:183} INFO - Processing /opt/airflow/dags/sandbox.py took 0.065 seconds
[2026-04-10T03:13:41.649+0000] {processor.py:161} INFO - Started process (PID=5799) to work on /opt/airflow/dags/sandbox.py
[2026-04-10T03:13:41.650+0000] {processor.py:830} INFO - Processing file /opt/airflow/dags/sandbox.py for tasks to queue
[2026-04-10T03:13:41.651+0000] {logging_mixin.py:188} INFO - [2026-04-10T03:13:41.651+0000] {dagbag.py:538} INFO - Filling up the DagBag from /opt/airflow/dags/sandbox.py
[2026-04-10T03:13:41.663+0000] {processor.py:840} INFO - DAG(s) 'sandbox_demo' retrieved from /opt/airflow/dags/sandbox.py
[2026-04-10T03:13:41.677+0000] {logging_mixin.py:188} INFO - [2026-04-10T03:13:41.677+0000] {dag.py:3036} INFO - Sync 1 DAGs
[2026-04-10T03:13:41.688+0000] {logging_mixin.py:188} INFO - [2026-04-10T03:13:41.688+0000] {dag.py:3823} INFO - Setting next_dagrun for sandbox_demo to 2026-04-10 02:00:00+00:00, run_after=2026-04-11 02:00:00+00:00
[2026-04-10T03:13:41.694+0000] {processor.py:183} INFO - Processing /opt/airflow/dags/sandbox.py took 0.046 seconds
[2026-04-10T03:14:12.519+0000] {processor.py:161} INFO - Started process (PID=5830) to work on /opt/airflow/dags/sandbox.py
[2026-04-10T03:14:12.521+0000] {processor.py:830} INFO - Processing file /opt/airflow/dags/sandbox.py for tasks to queue
[2026-04-10T03:14:12.526+0000] {logging_mixin.py:188} INFO - [2026-04-10T03:14:12.526+0000] {dagbag.py:538} INFO - Filling up the DagBag from /opt/airflow/dags/sandbox.py
[2026-04-10T03:14:12.544+0000] {processor.py:840} INFO - DAG(s) 'sandbox_demo' retrieved from /opt/airflow/dags/sandbox.py
[2026-04-10T03:14:12.570+0000] {logging_mixin.py:188} INFO - [2026-04-10T03:14:12.570+0000] {dag.py:3036} INFO - Sync 1 DAGs
[2026-04-10T03:14:12.583+0000] {logging_mixin.py:188} INFO - [2026-04-10T03:14:12.583+0000] {dag.py:3823} INFO - Setting next_dagrun for sandbox_demo to 2026-04-10 02:00:00+00:00, run_after=2026-04-11 02:00:00+00:00
[2026-04-10T03:14:12.592+0000] {processor.py:183} INFO - Processing /opt/airflow/dags/sandbox.py took 0.079 seconds
[2026-04-10T03:14:43.556+0000] {processor.py:161} INFO - Started process (PID=5861) to work on /opt/airflow/dags/sandbox.py
[2026-04-10T03:14:43.560+0000] {processor.py:830} INFO - Processing file /opt/airflow/dags/sandbox.py for tasks to queue
[2026-04-10T03:14:43.563+0000] {logging_mixin.py:188} INFO - [2026-04-10T03:14:43.563+0000] {dagbag.py:538} INFO - Filling up the DagBag from /opt/airflow/dags/sandbox.py
[2026-04-10T03:14:43.587+0000] {processor.py:840} INFO - DAG(s) 'sandbox_demo' retrieved from /opt/airflow/dags/sandbox.py
[2026-04-10T03:14:43.610+0000] {logging_mixin.py:188} INFO - [2026-04-10T03:14:43.610+0000] {dag.py:3036} INFO - Sync 1 DAGs
[2026-04-10T03:14:43.628+0000] {logging_mixin.py:188} INFO - [2026-04-10T03:14:43.628+0000] {dag.py:3823} INFO - Setting next_dagrun for sandbox_demo to 2026-04-10 02:00:00+00:00, run_after=2026-04-11 02:00:00+00:00
[2026-04-10T03:14:43.641+0000] {processor.py:183} INFO - Processing /opt/airflow/dags/sandbox.py took 0.091 seconds
[2026-04-10T03:15:14.555+0000] {processor.py:161} INFO - Started process (PID=5892) to work on /opt/airflow/dags/sandbox.py
[2026-04-10T03:15:14.557+0000] {processor.py:830} INFO - Processing file /opt/airflow/dags/sandbox.py for tasks to queue
[2026-04-10T03:15:14.563+0000] {logging_mixin.py:188} INFO - [2026-04-10T03:15:14.563+0000] {dagbag.py:538} INFO - Filling up the DagBag from /opt/airflow/dags/sandbox.py
[2026-04-10T03:15:14.588+0000] {processor.py:840} INFO - DAG(s) 'sandbox_demo' retrieved from /opt/airflow/dags/sandbox.py
[2026-04-10T03:15:14.613+0000] {logging_mixin.py:188} INFO - [2026-04-10T03:15:14.613+0000] {dag.py:3036} INFO - Sync 1 DAGs
[2026-04-10T03:15:14.625+0000] {logging_mixin.py:188} INFO - [2026-04-10T03:15:14.625+0000] {dag.py:3823} INFO - Setting next_dagrun for sandbox_demo to 2026-04-10 02:00:00+00:00, run_after=2026-04-11 02:00:00+00:00
[2026-04-10T03:15:14.636+0000] {processor.py:183} INFO - Processing /opt/airflow/dags/sandbox.py took 0.086 seconds
[2026-04-10T03:15:45.526+0000] {processor.py:161} INFO - Started process (PID=5923) to work on /opt/airflow/dags/sandbox.py
[2026-04-10T03:15:45.528+0000] {processor.py:830} INFO - Processing file /opt/airflow/dags/sandbox.py for tasks to queue
[2026-04-10T03:15:45.531+0000] {logging_mixin.py:188} INFO - [2026-04-10T03:15:45.531+0000] {dagbag.py:538} INFO - Filling up the DagBag from /opt/airflow/dags/sandbox.py
[2026-04-10T03:15:45.558+0000] {processor.py:840} INFO - DAG(s) 'sandbox_demo' retrieved from /opt/airflow/dags/sandbox.py
[2026-04-10T03:15:45.587+0000] {logging_mixin.py:188} INFO - [2026-04-10T03:15:45.587+0000] {dag.py:3036} INFO - Sync 1 DAGs
[2026-04-10T03:15:45.608+0000] {logging_mixin.py:188} INFO - [2026-04-10T03:15:45.608+0000] {dag.py:3823} INFO - Setting next_dagrun for sandbox_demo to 2026-04-10 02:00:00+00:00, run_after=2026-04-11 02:00:00+00:00
[2026-04-10T03:15:45.620+0000] {processor.py:183} INFO - Processing /opt/airflow/dags/sandbox.py took 0.097 seconds
[2026-04-10T03:16:16.506+0000] {processor.py:161} INFO - Started process (PID=5954) to work on /opt/airflow/dags/sandbox.py
[2026-04-10T03:16:16.510+0000] {processor.py:830} INFO - Processing file /opt/airflow/dags/sandbox.py for tasks to queue
[2026-04-10T03:16:16.513+0000] {logging_mixin.py:188} INFO - [2026-04-10T03:16:16.513+0000] {dagbag.py:538} INFO - Filling up the DagBag from /opt/airflow/dags/sandbox.py
[2026-04-10T03:16:16.541+0000] {processor.py:840} INFO - DAG(s) 'sandbox_demo' retrieved from /opt/airflow/dags/sandbox.py
[2026-04-10T03:16:16.564+0000] {logging_mixin.py:188} INFO - [2026-04-10T03:16:16.564+0000] {dag.py:3036} INFO - Sync 1 DAGs
[2026-04-10T03:16:16.586+0000] {logging_mixin.py:188} INFO - [2026-04-10T03:16:16.586+0000] {dag.py:3823} INFO - Setting next_dagrun for sandbox_demo to 2026-04-10 02:00:00+00:00, run_after=2026-04-11 02:00:00+00:00
[2026-04-10T03:16:16.592+0000] {processor.py:183} INFO - Processing /opt/airflow/dags/sandbox.py took 0.089 seconds
[2026-04-10T03:16:47.499+0000] {processor.py:161} INFO - Started process (PID=5985) to work on /opt/airflow/dags/sandbox.py
[2026-04-10T03:16:47.504+0000] {processor.py:830} INFO - Processing file /opt/airflow/dags/sandbox.py for tasks to queue
[2026-04-10T03:16:47.507+0000] {logging_mixin.py:188} INFO - [2026-04-10T03:16:47.507+0000] {dagbag.py:538} INFO - Filling up the DagBag from /opt/airflow/dags/sandbox.py
[2026-04-10T03:16:47.524+0000] {processor.py:840} INFO - DAG(s) 'sandbox_demo' retrieved from /opt/airflow/dags/sandbox.py
[2026-04-10T03:16:47.551+0000] {logging_mixin.py:188} INFO - [2026-04-10T03:16:47.550+0000] {dag.py:3036} INFO - Sync 1 DAGs
[2026-04-10T03:16:47.565+0000] {logging_mixin.py:188} INFO - [2026-04-10T03:16:47.564+0000] {dag.py:3823} INFO - Setting next_dagrun for sandbox_demo to 2026-04-10 02:00:00+00:00, run_after=2026-04-11 02:00:00+00:00
[2026-04-10T03:16:47.576+0000] {processor.py:183} INFO - Processing /opt/airflow/dags/sandbox.py took 0.087 seconds
[2026-04-10T03:17:18.410+0000] {processor.py:161} INFO - Started process (PID=6016) to work on /opt/airflow/dags/sandbox.py
[2026-04-10T03:17:18.412+0000] {processor.py:830} INFO - Processing file /opt/airflow/dags/sandbox.py for tasks to queue
[2026-04-10T03:17:18.415+0000] {logging_mixin.py:188} INFO - [2026-04-10T03:17:18.415+0000] {dagbag.py:538} INFO - Filling up the DagBag from /opt/airflow/dags/sandbox.py
[2026-04-10T03:17:18.437+0000] {processor.py:840} INFO - DAG(s) 'sandbox_demo' retrieved from /opt/airflow/dags/sandbox.py
[2026-04-10T03:17:18.456+0000] {logging_mixin.py:188} INFO - [2026-04-10T03:17:18.456+0000] {dag.py:3036} INFO - Sync 1 DAGs
[2026-04-10T03:17:18.468+0000] {logging_mixin.py:188} INFO - [2026-04-10T03:17:18.468+0000] {dag.py:3823} INFO - Setting next_dagrun for sandbox_demo to 2026-04-10 02:00:00+00:00, run_after=2026-04-11 02:00:00+00:00
[2026-04-10T03:17:18.475+0000] {processor.py:183} INFO - Processing /opt/airflow/dags/sandbox.py took 0.070 seconds
[2026-04-10T03:17:49.376+0000] {processor.py:161} INFO - Started process (PID=6047) to work on /opt/airflow/dags/sandbox.py
[2026-04-10T03:17:49.379+0000] {processor.py:830} INFO - Processing file /opt/airflow/dags/sandbox.py for tasks to queue
[2026-04-10T03:17:49.382+0000] {logging_mixin.py:188} INFO - [2026-04-10T03:17:49.382+0000] {dagbag.py:538} INFO - Filling up the DagBag from /opt/airflow/dags/sandbox.py
[2026-04-10T03:17:49.400+0000] {processor.py:840} INFO - DAG(s) 'sandbox_demo' retrieved from /opt/airflow/dags/sandbox.py
[2026-04-10T03:17:49.419+0000] {logging_mixin.py:188} INFO - [2026-04-10T03:17:49.419+0000] {dag.py:3036} INFO - Sync 1 DAGs
[2026-04-10T03:17:49.430+0000] {logging_mixin.py:188} INFO - [2026-04-10T03:17:49.430+0000] {dag.py:3823} INFO - Setting next_dagrun for sandbox_demo to 2026-04-10 02:00:00+00:00, run_after=2026-04-11 02:00:00+00:00
[2026-04-10T03:17:49.439+0000] {processor.py:183} INFO - Processing /opt/airflow/dags/sandbox.py took 0.068 seconds
[2026-04-10T03:18:20.331+0000] {processor.py:161} INFO - Started process (PID=6078) to work on /opt/airflow/dags/sandbox.py
[2026-04-10T03:18:20.333+0000] {processor.py:830} INFO - Processing file /opt/airflow/dags/sandbox.py for tasks to queue
[2026-04-10T03:18:20.336+0000] {logging_mixin.py:188} INFO - [2026-04-10T03:18:20.336+0000] {dagbag.py:538} INFO - Filling up the DagBag from /opt/airflow/dags/sandbox.py
[2026-04-10T03:18:20.357+0000] {processor.py:840} INFO - DAG(s) 'sandbox_demo' retrieved from /opt/airflow/dags/sandbox.py
[2026-04-10T03:18:20.381+0000] {logging_mixin.py:188} INFO - [2026-04-10T03:18:20.381+0000] {dag.py:3036} INFO - Sync 1 DAGs
[2026-04-10T03:18:20.394+0000] {logging_mixin.py:188} INFO - [2026-04-10T03:18:20.394+0000] {dag.py:3823} INFO - Setting next_dagrun for sandbox_demo to 2026-04-10 02:00:00+00:00, run_after=2026-04-11 02:00:00+00:00
[2026-04-10T03:18:20.402+0000] {processor.py:183} INFO - Processing /opt/airflow/dags/sandbox.py took 0.076 seconds
[2026-04-10T03:18:51.238+0000] {processor.py:161} INFO - Started process (PID=6109) to work on /opt/airflow/dags/sandbox.py
[2026-04-10T03:18:51.243+0000] {processor.py:830} INFO - Processing file /opt/airflow/dags/sandbox.py for tasks to queue
[2026-04-10T03:18:51.250+0000] {logging_mixin.py:188} INFO - [2026-04-10T03:18:51.250+0000] {dagbag.py:538} INFO - Filling up the DagBag from /opt/airflow/dags/sandbox.py
[2026-04-10T03:18:51.277+0000] {processor.py:840} INFO - DAG(s) 'sandbox_demo' retrieved from /opt/airflow/dags/sandbox.py
[2026-04-10T03:18:51.302+0000] {logging_mixin.py:188} INFO - [2026-04-10T03:18:51.301+0000] {dag.py:3036} INFO - Sync 1 DAGs
[2026-04-10T03:18:51.315+0000] {logging_mixin.py:188} INFO - [2026-04-10T03:18:51.315+0000] {dag.py:3823} INFO - Setting next_dagrun for sandbox_demo to 2026-04-10 02:00:00+00:00, run_after=2026-04-11 02:00:00+00:00
[2026-04-10T03:18:51.324+0000] {processor.py:183} INFO - Processing /opt/airflow/dags/sandbox.py took 0.092 seconds
[2026-04-10T03:19:22.222+0000] {processor.py:161} INFO - Started process (PID=6140) to work on /opt/airflow/dags/sandbox.py
[2026-04-10T03:19:22.225+0000] {processor.py:830} INFO - Processing file /opt/airflow/dags/sandbox.py for tasks to queue
[2026-04-10T03:19:22.230+0000] {logging_mixin.py:188} INFO - [2026-04-10T03:19:22.230+0000] {dagbag.py:538} INFO - Filling up the DagBag from /opt/airflow/dags/sandbox.py
[2026-04-10T03:19:22.253+0000] {processor.py:840} INFO - DAG(s) 'sandbox_demo' retrieved from /opt/airflow/dags/sandbox.py
[2026-04-10T03:19:22.278+0000] {logging_mixin.py:188} INFO - [2026-04-10T03:19:22.278+0000] {dag.py:3036} INFO - Sync 1 DAGs
[2026-04-10T03:19:22.293+0000] {logging_mixin.py:188} INFO - [2026-04-10T03:19:22.293+0000] {dag.py:3823} INFO - Setting next_dagrun for sandbox_demo to 2026-04-10 02:00:00+00:00, run_after=2026-04-11 02:00:00+00:00
[2026-04-10T03:19:22.303+0000] {processor.py:183} INFO - Processing /opt/airflow/dags/sandbox.py took 0.085 seconds
[2026-04-10T03:19:53.187+0000] {processor.py:161} INFO - Started process (PID=6171) to work on /opt/airflow/dags/sandbox.py
[2026-04-10T03:19:53.191+0000] {processor.py:830} INFO - Processing file /opt/airflow/dags/sandbox.py for tasks to queue
[2026-04-10T03:19:53.199+0000] {logging_mixin.py:188} INFO - [2026-04-10T03:19:53.198+0000] {dagbag.py:538} INFO - Filling up the DagBag from /opt/airflow/dags/sandbox.py
[2026-04-10T03:19:53.299+0000] {processor.py:840} INFO - DAG(s) 'sandbox_demo' retrieved from /opt/airflow/dags/sandbox.py
[2026-04-10T03:19:53.371+0000] {logging_mixin.py:188} INFO - [2026-04-10T03:19:53.371+0000] {dag.py:3036} INFO - Sync 1 DAGs
[2026-04-10T03:19:53.470+0000] {logging_mixin.py:188} INFO - [2026-04-10T03:19:53.469+0000] {dag.py:3823} INFO - Setting next_dagrun for sandbox_demo to 2026-04-10 02:00:00+00:00, run_after=2026-04-11 02:00:00+00:00
[2026-04-10T03:19:53.495+0000] {processor.py:183} INFO - Processing /opt/airflow/dags/sandbox.py took 0.324 seconds
[2026-04-10T03:20:24.460+0000] {processor.py:161} INFO - Started process (PID=6202) to work on /opt/airflow/dags/sandbox.py
[2026-04-10T03:20:24.463+0000] {processor.py:830} INFO - Processing file /opt/airflow/dags/sandbox.py for tasks to queue
[2026-04-10T03:20:24.466+0000] {logging_mixin.py:188} INFO - [2026-04-10T03:20:24.466+0000] {dagbag.py:538} INFO - Filling up the DagBag from /opt/airflow/dags/sandbox.py
[2026-04-10T03:20:24.493+0000] {processor.py:840} INFO - DAG(s) 'sandbox_demo' retrieved from /opt/airflow/dags/sandbox.py
[2026-04-10T03:20:24.511+0000] {logging_mixin.py:188} INFO - [2026-04-10T03:20:24.511+0000] {dag.py:3036} INFO - Sync 1 DAGs
[2026-04-10T03:20:24.527+0000] {logging_mixin.py:188} INFO - [2026-04-10T03:20:24.527+0000] {dag.py:3823} INFO - Setting next_dagrun for sandbox_demo to 2026-04-10 02:00:00+00:00, run_after=2026-04-11 02:00:00+00:00
[2026-04-10T03:20:24.535+0000] {processor.py:183} INFO - Processing /opt/airflow/dags/sandbox.py took 0.080 seconds
[2026-04-10T03:20:55.477+0000] {processor.py:161} INFO - Started process (PID=6233) to work on /opt/airflow/dags/sandbox.py
[2026-04-10T03:20:55.480+0000] {processor.py:830} INFO - Processing file /opt/airflow/dags/sandbox.py for tasks to queue
[2026-04-10T03:20:55.481+0000] {logging_mixin.py:188} INFO - [2026-04-10T03:20:55.481+0000] {dagbag.py:538} INFO - Filling up the DagBag from /opt/airflow/dags/sandbox.py
[2026-04-10T03:20:55.523+0000] {processor.py:840} INFO - DAG(s) 'sandbox_demo' retrieved from /opt/airflow/dags/sandbox.py
[2026-04-10T03:20:55.545+0000] {logging_mixin.py:188} INFO - [2026-04-10T03:20:55.545+0000] {dag.py:3036} INFO - Sync 1 DAGs
[2026-04-10T03:20:55.569+0000] {logging_mixin.py:188} INFO - [2026-04-10T03:20:55.569+0000] {dag.py:3823} INFO - Setting next_dagrun for sandbox_demo to 2026-04-10 02:00:00+00:00, run_after=2026-04-11 02:00:00+00:00
[2026-04-10T03:20:55.578+0000] {processor.py:183} INFO - Processing /opt/airflow/dags/sandbox.py took 0.111 seconds
[2026-04-10T03:21:26.529+0000] {processor.py:161} INFO - Started process (PID=6264) to work on /opt/airflow/dags/sandbox.py
[2026-04-10T03:21:26.531+0000] {processor.py:830} INFO - Processing file /opt/airflow/dags/sandbox.py for tasks to queue
[2026-04-10T03:21:26.533+0000] {logging_mixin.py:188} INFO - [2026-04-10T03:21:26.533+0000] {dagbag.py:538} INFO - Filling up the DagBag from /opt/airflow/dags/sandbox.py
[2026-04-10T03:21:26.557+0000] {processor.py:840} INFO - DAG(s) 'sandbox_demo' retrieved from /opt/airflow/dags/sandbox.py
[2026-04-10T03:21:26.580+0000] {logging_mixin.py:188} INFO - [2026-04-10T03:21:26.580+0000] {dag.py:3036} INFO - Sync 1 DAGs
[2026-04-10T03:21:26.595+0000] {logging_mixin.py:188} INFO - [2026-04-10T03:21:26.594+0000] {dag.py:3823} INFO - Setting next_dagrun for sandbox_demo to 2026-04-10 02:00:00+00:00, run_after=2026-04-11 02:00:00+00:00
[2026-04-10T03:21:26.604+0000] {processor.py:183} INFO - Processing /opt/airflow/dags/sandbox.py took 0.080 seconds
[2026-04-10T03:21:57.545+0000] {processor.py:161} INFO - Started process (PID=6295) to work on /opt/airflow/dags/sandbox.py
[2026-04-10T03:21:57.548+0000] {processor.py:830} INFO - Processing file /opt/airflow/dags/sandbox.py for tasks to queue
[2026-04-10T03:21:57.554+0000] {logging_mixin.py:188} INFO - [2026-04-10T03:21:57.553+0000] {dagbag.py:538} INFO - Filling up the DagBag from /opt/airflow/dags/sandbox.py
[2026-04-10T03:21:57.588+0000] {processor.py:840} INFO - DAG(s) 'sandbox_demo' retrieved from /opt/airflow/dags/sandbox.py
[2026-04-10T03:21:57.619+0000] {logging_mixin.py:188} INFO - [2026-04-10T03:21:57.619+0000] {dag.py:3036} INFO - Sync 1 DAGs
[2026-04-10T03:21:57.641+0000] {logging_mixin.py:188} INFO - [2026-04-10T03:21:57.641+0000] {dag.py:3823} INFO - Setting next_dagrun for sandbox_demo to 2026-04-10 02:00:00+00:00, run_after=2026-04-11 02:00:00+00:00
[2026-04-10T03:21:57.651+0000] {processor.py:183} INFO - Processing /opt/airflow/dags/sandbox.py took 0.115 seconds
[2026-04-10T03:22:28.529+0000] {processor.py:161} INFO - Started process (PID=6326) to work on /opt/airflow/dags/sandbox.py
[2026-04-10T03:22:28.533+0000] {processor.py:830} INFO - Processing file /opt/airflow/dags/sandbox.py for tasks to queue
[2026-04-10T03:22:28.536+0000] {logging_mixin.py:188} INFO - [2026-04-10T03:22:28.536+0000] {dagbag.py:538} INFO - Filling up the DagBag from /opt/airflow/dags/sandbox.py
[2026-04-10T03:22:28.555+0000] {processor.py:840} INFO - DAG(s) 'sandbox_demo' retrieved from /opt/airflow/dags/sandbox.py
[2026-04-10T03:22:28.581+0000] {logging_mixin.py:188} INFO - [2026-04-10T03:22:28.581+0000] {dag.py:3036} INFO - Sync 1 DAGs
[2026-04-10T03:22:28.599+0000] {logging_mixin.py:188} INFO - [2026-04-10T03:22:28.599+0000] {dag.py:3823} INFO - Setting next_dagrun for sandbox_demo to 2026-04-10 02:00:00+00:00, run_after=2026-04-11 02:00:00+00:00
[2026-04-10T03:22:28.606+0000] {processor.py:183} INFO - Processing /opt/airflow/dags/sandbox.py took 0.081 seconds
[2026-04-10T03:22:59.521+0000] {processor.py:161} INFO - Started process (PID=6363) to work on /opt/airflow/dags/sandbox.py
[2026-04-10T03:22:59.522+0000] {processor.py:830} INFO - Processing file /opt/airflow/dags/sandbox.py for tasks to queue
[2026-04-10T03:22:59.530+0000] {logging_mixin.py:188} INFO - [2026-04-10T03:22:59.530+0000] {dagbag.py:538} INFO - Filling up the DagBag from /opt/airflow/dags/sandbox.py
[2026-04-10T03:22:59.564+0000] {processor.py:840} INFO - DAG(s) 'sandbox_demo' retrieved from /opt/airflow/dags/sandbox.py
[2026-04-10T03:22:59.589+0000] {logging_mixin.py:188} INFO - [2026-04-10T03:22:59.589+0000] {dag.py:3036} INFO - Sync 1 DAGs
[2026-04-10T03:22:59.606+0000] {logging_mixin.py:188} INFO - [2026-04-10T03:22:59.606+0000] {dag.py:3823} INFO - Setting next_dagrun for sandbox_demo to 2026-04-10 02:00:00+00:00, run_after=2026-04-11 02:00:00+00:00
[2026-04-10T03:22:59.616+0000] {processor.py:183} INFO - Processing /opt/airflow/dags/sandbox.py took 0.098 seconds
[2026-04-10T03:23:30.464+0000] {processor.py:161} INFO - Started process (PID=6394) to work on /opt/airflow/dags/sandbox.py
[2026-04-10T03:23:30.468+0000] {processor.py:830} INFO - Processing file /opt/airflow/dags/sandbox.py for tasks to queue
[2026-04-10T03:23:30.471+0000] {logging_mixin.py:188} INFO - [2026-04-10T03:23:30.471+0000] {dagbag.py:538} INFO - Filling up the DagBag from /opt/airflow/dags/sandbox.py
[2026-04-10T03:23:30.499+0000] {processor.py:840} INFO - DAG(s) 'sandbox_demo' retrieved from /opt/airflow/dags/sandbox.py
[2026-04-10T03:23:30.523+0000] {logging_mixin.py:188} INFO - [2026-04-10T03:23:30.523+0000] {dag.py:3036} INFO - Sync 1 DAGs
[2026-04-10T03:23:30.538+0000] {logging_mixin.py:188} INFO - [2026-04-10T03:23:30.538+0000] {dag.py:3823} INFO - Setting next_dagrun for sandbox_demo to 2026-04-10 02:00:00+00:00, run_after=2026-04-11 02:00:00+00:00
[2026-04-10T03:23:30.552+0000] {processor.py:183} INFO - Processing /opt/airflow/dags/sandbox.py took 0.098 seconds
[2026-04-10T03:24:01.450+0000] {processor.py:161} INFO - Started process (PID=6424) to work on /opt/airflow/dags/sandbox.py
[2026-04-10T03:24:01.453+0000] {processor.py:830} INFO - Processing file /opt/airflow/dags/sandbox.py for tasks to queue
[2026-04-10T03:24:01.457+0000] {logging_mixin.py:188} INFO - [2026-04-10T03:24:01.457+0000] {dagbag.py:538} INFO - Filling up the DagBag from /opt/airflow/dags/sandbox.py
[2026-04-10T03:24:01.481+0000] {processor.py:840} INFO - DAG(s) 'sandbox_demo' retrieved from /opt/airflow/dags/sandbox.py
[2026-04-10T03:24:01.504+0000] {logging_mixin.py:188} INFO - [2026-04-10T03:24:01.504+0000] {dag.py:3036} INFO - Sync 1 DAGs
[2026-04-10T03:24:01.525+0000] {logging_mixin.py:188} INFO - [2026-04-10T03:24:01.525+0000] {dag.py:3823} INFO - Setting next_dagrun for sandbox_demo to 2026-04-10 02:00:00+00:00, run_after=2026-04-11 02:00:00+00:00
[2026-04-10T03:24:01.532+0000] {processor.py:183} INFO - Processing /opt/airflow/dags/sandbox.py took 0.087 seconds
[2026-04-10T03:24:32.481+0000] {processor.py:161} INFO - Started process (PID=6455) to work on /opt/airflow/dags/sandbox.py
[2026-04-10T03:24:32.486+0000] {processor.py:830} INFO - Processing file /opt/airflow/dags/sandbox.py for tasks to queue
[2026-04-10T03:24:32.491+0000] {logging_mixin.py:188} INFO - [2026-04-10T03:24:32.490+0000] {dagbag.py:538} INFO - Filling up the DagBag from /opt/airflow/dags/sandbox.py
[2026-04-10T03:24:32.521+0000] {processor.py:840} INFO - DAG(s) 'sandbox_demo' retrieved from /opt/airflow/dags/sandbox.py
[2026-04-10T03:24:32.542+0000] {logging_mixin.py:188} INFO - [2026-04-10T03:24:32.542+0000] {dag.py:3036} INFO - Sync 1 DAGs
[2026-04-10T03:24:32.563+0000] {logging_mixin.py:188} INFO - [2026-04-10T03:24:32.563+0000] {dag.py:3823} INFO - Setting next_dagrun for sandbox_demo to 2026-04-10 02:00:00+00:00, run_after=2026-04-11 02:00:00+00:00
[2026-04-10T03:24:32.574+0000] {processor.py:183} INFO - Processing /opt/airflow/dags/sandbox.py took 0.104 seconds
[2026-04-10T03:25:03.437+0000] {processor.py:161} INFO - Started process (PID=6486) to work on /opt/airflow/dags/sandbox.py
[2026-04-10T03:25:03.444+0000] {processor.py:830} INFO - Processing file /opt/airflow/dags/sandbox.py for tasks to queue
[2026-04-10T03:25:03.448+0000] {logging_mixin.py:188} INFO - [2026-04-10T03:25:03.447+0000] {dagbag.py:538} INFO - Filling up the DagBag from /opt/airflow/dags/sandbox.py
[2026-04-10T03:25:03.468+0000] {processor.py:840} INFO - DAG(s) 'sandbox_demo' retrieved from /opt/airflow/dags/sandbox.py
[2026-04-10T03:25:03.489+0000] {logging_mixin.py:188} INFO - [2026-04-10T03:25:03.489+0000] {dag.py:3036} INFO - Sync 1 DAGs
[2026-04-10T03:25:03.502+0000] {logging_mixin.py:188} INFO - [2026-04-10T03:25:03.502+0000] {dag.py:3823} INFO - Setting next_dagrun for sandbox_demo to 2026-04-10 02:00:00+00:00, run_after=2026-04-11 02:00:00+00:00
[2026-04-10T03:25:03.509+0000] {processor.py:183} INFO - Processing /opt/airflow/dags/sandbox.py took 0.076 seconds
[2026-04-10T03:25:34.424+0000] {processor.py:161} INFO - Started process (PID=6517) to work on /opt/airflow/dags/sandbox.py
[2026-04-10T03:25:34.425+0000] {processor.py:830} INFO - Processing file /opt/airflow/dags/sandbox.py for tasks to queue
[2026-04-10T03:25:34.430+0000] {logging_mixin.py:188} INFO - [2026-04-10T03:25:34.430+0000] {dagbag.py:538} INFO - Filling up the DagBag from /opt/airflow/dags/sandbox.py
[2026-04-10T03:25:34.455+0000] {processor.py:840} INFO - DAG(s) 'sandbox_demo' retrieved from /opt/airflow/dags/sandbox.py
[2026-04-10T03:25:34.488+0000] {logging_mixin.py:188} INFO - [2026-04-10T03:25:34.488+0000] {dag.py:3036} INFO - Sync 1 DAGs
[2026-04-10T03:25:34.507+0000] {logging_mixin.py:188} INFO - [2026-04-10T03:25:34.507+0000] {dag.py:3823} INFO - Setting next_dagrun for sandbox_demo to 2026-04-10 02:00:00+00:00, run_after=2026-04-11 02:00:00+00:00
[2026-04-10T03:25:34.518+0000] {processor.py:183} INFO - Processing /opt/airflow/dags/sandbox.py took 0.098 seconds
[2026-04-10T03:26:05.511+0000] {processor.py:161} INFO - Started process (PID=6548) to work on /opt/airflow/dags/sandbox.py
[2026-04-10T03:26:05.514+0000] {processor.py:830} INFO - Processing file /opt/airflow/dags/sandbox.py for tasks to queue
[2026-04-10T03:26:05.517+0000] {logging_mixin.py:188} INFO - [2026-04-10T03:26:05.517+0000] {dagbag.py:538} INFO - Filling up the DagBag from /opt/airflow/dags/sandbox.py
[2026-04-10T03:26:05.544+0000] {processor.py:840} INFO - DAG(s) 'sandbox_demo' retrieved from /opt/airflow/dags/sandbox.py
[2026-04-10T03:26:05.570+0000] {logging_mixin.py:188} INFO - [2026-04-10T03:26:05.570+0000] {dag.py:3036} INFO - Sync 1 DAGs
[2026-04-10T03:26:05.587+0000] {logging_mixin.py:188} INFO - [2026-04-10T03:26:05.586+0000] {dag.py:3823} INFO - Setting next_dagrun for sandbox_demo to 2026-04-10 02:00:00+00:00, run_after=2026-04-11 02:00:00+00:00
[2026-04-10T03:26:05.597+0000] {processor.py:183} INFO - Processing /opt/airflow/dags/sandbox.py took 0.092 seconds
[2026-04-10T03:26:36.492+0000] {processor.py:161} INFO - Started process (PID=6579) to work on /opt/airflow/dags/sandbox.py
[2026-04-10T03:26:36.493+0000] {processor.py:830} INFO - Processing file /opt/airflow/dags/sandbox.py for tasks to queue
[2026-04-10T03:26:36.495+0000] {logging_mixin.py:188} INFO - [2026-04-10T03:26:36.495+0000] {dagbag.py:538} INFO - Filling up the DagBag from /opt/airflow/dags/sandbox.py
[2026-04-10T03:26:36.512+0000] {processor.py:840} INFO - DAG(s) 'sandbox_demo' retrieved from /opt/airflow/dags/sandbox.py
[2026-04-10T03:26:36.531+0000] {logging_mixin.py:188} INFO - [2026-04-10T03:26:36.531+0000] {dag.py:3036} INFO - Sync 1 DAGs
[2026-04-10T03:26:36.544+0000] {logging_mixin.py:188} INFO - [2026-04-10T03:26:36.544+0000] {dag.py:3823} INFO - Setting next_dagrun for sandbox_demo to 2026-04-10 02:00:00+00:00, run_after=2026-04-11 02:00:00+00:00
[2026-04-10T03:26:36.551+0000] {processor.py:183} INFO - Processing /opt/airflow/dags/sandbox.py took 0.064 seconds
[2026-04-10T03:27:07.351+0000] {processor.py:161} INFO - Started process (PID=6609) to work on /opt/airflow/dags/sandbox.py
[2026-04-10T03:27:07.353+0000] {processor.py:830} INFO - Processing file /opt/airflow/dags/sandbox.py for tasks to queue
[2026-04-10T03:27:07.355+0000] {logging_mixin.py:188} INFO - [2026-04-10T03:27:07.354+0000] {dagbag.py:538} INFO - Filling up the DagBag from /opt/airflow/dags/sandbox.py
[2026-04-10T03:27:07.373+0000] {processor.py:840} INFO - DAG(s) 'sandbox_demo' retrieved from /opt/airflow/dags/sandbox.py
[2026-04-10T03:27:07.396+0000] {logging_mixin.py:188} INFO - [2026-04-10T03:27:07.396+0000] {dag.py:3036} INFO - Sync 1 DAGs
[2026-04-10T03:27:07.410+0000] {logging_mixin.py:188} INFO - [2026-04-10T03:27:07.410+0000] {dag.py:3823} INFO - Setting next_dagrun for sandbox_demo to 2026-04-10 02:00:00+00:00, run_after=2026-04-11 02:00:00+00:00
[2026-04-10T03:27:07.417+0000] {processor.py:183} INFO - Processing /opt/airflow/dags/sandbox.py took 0.070 seconds
[2026-04-10T03:27:38.257+0000] {processor.py:161} INFO - Started process (PID=6640) to work on /opt/airflow/dags/sandbox.py
[2026-04-10T03:27:38.259+0000] {processor.py:830} INFO - Processing file /opt/airflow/dags/sandbox.py for tasks to queue
[2026-04-10T03:27:38.266+0000] {logging_mixin.py:188} INFO - [2026-04-10T03:27:38.265+0000] {dagbag.py:538} INFO - Filling up the DagBag from /opt/airflow/dags/sandbox.py
[2026-04-10T03:27:38.305+0000] {processor.py:840} INFO - DAG(s) 'sandbox_demo' retrieved from /opt/airflow/dags/sandbox.py
[2026-04-10T03:27:38.340+0000] {logging_mixin.py:188} INFO - [2026-04-10T03:27:38.340+0000] {dag.py:3036} INFO - Sync 1 DAGs
[2026-04-10T03:27:38.357+0000] {logging_mixin.py:188} INFO - [2026-04-10T03:27:38.356+0000] {dag.py:3823} INFO - Setting next_dagrun for sandbox_demo to 2026-04-10 02:00:00+00:00, run_after=2026-04-11 02:00:00+00:00
[2026-04-10T03:27:38.373+0000] {processor.py:183} INFO - Processing /opt/airflow/dags/sandbox.py took 0.124 seconds
[2026-04-10T03:28:09.346+0000] {processor.py:161} INFO - Started process (PID=6672) to work on /opt/airflow/dags/sandbox.py
[2026-04-10T03:28:09.351+0000] {processor.py:830} INFO - Processing file /opt/airflow/dags/sandbox.py for tasks to queue
[2026-04-10T03:28:09.360+0000] {logging_mixin.py:188} INFO - [2026-04-10T03:28:09.360+0000] {dagbag.py:538} INFO - Filling up the DagBag from /opt/airflow/dags/sandbox.py
[2026-04-10T03:28:09.382+0000] {processor.py:840} INFO - DAG(s) 'sandbox_demo' retrieved from /opt/airflow/dags/sandbox.py
[2026-04-10T03:28:09.405+0000] {logging_mixin.py:188} INFO - [2026-04-10T03:28:09.405+0000] {dag.py:3036} INFO - Sync 1 DAGs
[2026-04-10T03:28:09.419+0000] {logging_mixin.py:188} INFO - [2026-04-10T03:28:09.419+0000] {dag.py:3823} INFO - Setting next_dagrun for sandbox_demo to 2026-04-10 02:00:00+00:00, run_after=2026-04-11 02:00:00+00:00
[2026-04-10T03:28:09.429+0000] {processor.py:183} INFO - Processing /opt/airflow/dags/sandbox.py took 0.088 seconds
[2026-04-10T03:28:40.364+0000] {processor.py:161} INFO - Started process (PID=6703) to work on /opt/airflow/dags/sandbox.py
[2026-04-10T03:28:40.365+0000] {processor.py:830} INFO - Processing file /opt/airflow/dags/sandbox.py for tasks to queue
[2026-04-10T03:28:40.368+0000] {logging_mixin.py:188} INFO - [2026-04-10T03:28:40.368+0000] {dagbag.py:538} INFO - Filling up the DagBag from /opt/airflow/dags/sandbox.py
[2026-04-10T03:28:40.388+0000] {processor.py:840} INFO - DAG(s) 'sandbox_demo' retrieved from /opt/airflow/dags/sandbox.py
[2026-04-10T03:28:40.406+0000] {logging_mixin.py:188} INFO - [2026-04-10T03:28:40.406+0000] {dag.py:3036} INFO - Sync 1 DAGs
[2026-04-10T03:28:40.423+0000] {logging_mixin.py:188} INFO - [2026-04-10T03:28:40.423+0000] {dag.py:3823} INFO - Setting next_dagrun for sandbox_demo to 2026-04-10 02:00:00+00:00, run_after=2026-04-11 02:00:00+00:00
[2026-04-10T03:28:40.429+0000] {processor.py:183} INFO - Processing /opt/airflow/dags/sandbox.py took 0.068 seconds
[2026-04-10T03:29:11.217+0000] {processor.py:161} INFO - Started process (PID=6734) to work on /opt/airflow/dags/sandbox.py
[2026-04-10T03:29:11.219+0000] {processor.py:830} INFO - Processing file /opt/airflow/dags/sandbox.py for tasks to queue
[2026-04-10T03:29:11.222+0000] {logging_mixin.py:188} INFO - [2026-04-10T03:29:11.222+0000] {dagbag.py:538} INFO - Filling up the DagBag from /opt/airflow/dags/sandbox.py
[2026-04-10T03:29:11.242+0000] {processor.py:840} INFO - DAG(s) 'sandbox_demo' retrieved from /opt/airflow/dags/sandbox.py
[2026-04-10T03:29:11.260+0000] {logging_mixin.py:188} INFO - [2026-04-10T03:29:11.260+0000] {dag.py:3036} INFO - Sync 1 DAGs
[2026-04-10T03:29:11.272+0000] {logging_mixin.py:188} INFO - [2026-04-10T03:29:11.272+0000] {dag.py:3823} INFO - Setting next_dagrun for sandbox_demo to 2026-04-10 02:00:00+00:00, run_after=2026-04-11 02:00:00+00:00
[2026-04-10T03:29:11.278+0000] {processor.py:183} INFO - Processing /opt/airflow/dags/sandbox.py took 0.066 seconds
[2026-04-10T03:29:42.067+0000] {processor.py:161} INFO - Started process (PID=6765) to work on /opt/airflow/dags/sandbox.py
[2026-04-10T03:29:42.067+0000] {processor.py:830} INFO - Processing file /opt/airflow/dags/sandbox.py for tasks to queue
[2026-04-10T03:29:42.069+0000] {logging_mixin.py:188} INFO - [2026-04-10T03:29:42.069+0000] {dagbag.py:538} INFO - Filling up the DagBag from /opt/airflow/dags/sandbox.py
[2026-04-10T03:29:42.081+0000] {processor.py:840} INFO - DAG(s) 'sandbox_demo' retrieved from /opt/airflow/dags/sandbox.py
[2026-04-10T03:29:42.104+0000] {logging_mixin.py:188} INFO - [2026-04-10T03:29:42.104+0000] {dag.py:3036} INFO - Sync 1 DAGs
[2026-04-10T03:29:42.115+0000] {logging_mixin.py:188} INFO - [2026-04-10T03:29:42.115+0000] {dag.py:3823} INFO - Setting next_dagrun for sandbox_demo to 2026-04-10 02:00:00+00:00, run_after=2026-04-11 02:00:00+00:00
[2026-04-10T03:29:42.122+0000] {processor.py:183} INFO - Processing /opt/airflow/dags/sandbox.py took 0.059 seconds
[2026-04-10T03:30:13.049+0000] {processor.py:161} INFO - Started process (PID=6796) to work on /opt/airflow/dags/sandbox.py
[2026-04-10T03:30:13.052+0000] {processor.py:830} INFO - Processing file /opt/airflow/dags/sandbox.py for tasks to queue
[2026-04-10T03:30:13.055+0000] {logging_mixin.py:188} INFO - [2026-04-10T03:30:13.055+0000] {dagbag.py:538} INFO - Filling up the DagBag from /opt/airflow/dags/sandbox.py
[2026-04-10T03:30:13.072+0000] {processor.py:840} INFO - DAG(s) 'sandbox_demo' retrieved from /opt/airflow/dags/sandbox.py
[2026-04-10T03:30:13.089+0000] {logging_mixin.py:188} INFO - [2026-04-10T03:30:13.089+0000] {dag.py:3036} INFO - Sync 1 DAGs
[2026-04-10T03:30:13.099+0000] {logging_mixin.py:188} INFO - [2026-04-10T03:30:13.099+0000] {dag.py:3823} INFO - Setting next_dagrun for sandbox_demo to 2026-04-10 02:00:00+00:00, run_after=2026-04-11 02:00:00+00:00
[2026-04-10T03:30:13.106+0000] {processor.py:183} INFO - Processing /opt/airflow/dags/sandbox.py took 0.062 seconds
[2026-04-10T03:30:43.830+0000] {processor.py:161} INFO - Started process (PID=6827) to work on /opt/airflow/dags/sandbox.py
[2026-04-10T03:30:43.832+0000] {processor.py:830} INFO - Processing file /opt/airflow/dags/sandbox.py for tasks to queue
[2026-04-10T03:30:43.834+0000] {logging_mixin.py:188} INFO - [2026-04-10T03:30:43.834+0000] {dagbag.py:538} INFO - Filling up the DagBag from /opt/airflow/dags/sandbox.py
[2026-04-10T03:30:43.857+0000] {processor.py:840} INFO - DAG(s) 'sandbox_demo' retrieved from /opt/airflow/dags/sandbox.py
[2026-04-10T03:30:43.879+0000] {logging_mixin.py:188} INFO - [2026-04-10T03:30:43.879+0000] {dag.py:3036} INFO - Sync 1 DAGs
[2026-04-10T03:30:43.891+0000] {logging_mixin.py:188} INFO - [2026-04-10T03:30:43.890+0000] {dag.py:3823} INFO - Setting next_dagrun for sandbox_demo to 2026-04-10 02:00:00+00:00, run_after=2026-04-11 02:00:00+00:00
[2026-04-10T03:30:43.901+0000] {processor.py:183} INFO - Processing /opt/airflow/dags/sandbox.py took 0.078 seconds
[2026-04-10T03:31:14.700+0000] {processor.py:161} INFO - Started process (PID=6858) to work on /opt/airflow/dags/sandbox.py
[2026-04-10T03:31:14.702+0000] {processor.py:830} INFO - Processing file /opt/airflow/dags/sandbox.py for tasks to queue
[2026-04-10T03:31:14.703+0000] {logging_mixin.py:188} INFO - [2026-04-10T03:31:14.703+0000] {dagbag.py:538} INFO - Filling up the DagBag from /opt/airflow/dags/sandbox.py
[2026-04-10T03:31:14.723+0000] {processor.py:840} INFO - DAG(s) 'sandbox_demo' retrieved from /opt/airflow/dags/sandbox.py
[2026-04-10T03:31:14.743+0000] {logging_mixin.py:188} INFO - [2026-04-10T03:31:14.743+0000] {dag.py:3036} INFO - Sync 1 DAGs
[2026-04-10T03:31:14.754+0000] {logging_mixin.py:188} INFO - [2026-04-10T03:31:14.754+0000] {dag.py:3823} INFO - Setting next_dagrun for sandbox_demo to 2026-04-10 02:00:00+00:00, run_after=2026-04-11 02:00:00+00:00
[2026-04-10T03:31:14.759+0000] {processor.py:183} INFO - Processing /opt/airflow/dags/sandbox.py took 0.063 seconds
