[2026-02-10T23:14:49.794+0000] {taskinstance.py:1956} INFO - Dependencies all met for dep_context=non-requeueable deps ti=<TaskInstance: ml_clustering_pipeline.find_optimal_clusters manual__2026-02-10T23:14:45.668759+00:00 [queued]>
[2026-02-10T23:14:49.797+0000] {taskinstance.py:1956} INFO - Dependencies all met for dep_context=requeueable deps ti=<TaskInstance: ml_clustering_pipeline.find_optimal_clusters manual__2026-02-10T23:14:45.668759+00:00 [queued]>
[2026-02-10T23:14:49.797+0000] {taskinstance.py:2170} INFO - Starting attempt 1 of 2
[2026-02-10T23:14:49.801+0000] {taskinstance.py:2191} INFO - Executing <Task(PythonOperator): find_optimal_clusters> on 2026-02-10 23:14:45.668759+00:00
[2026-02-10T23:14:49.803+0000] {standard_task_runner.py:60} INFO - Started process 188 to run task
[2026-02-10T23:14:49.804+0000] {standard_task_runner.py:87} INFO - Running: ['***', 'tasks', 'run', 'ml_clustering_pipeline', 'find_optimal_clusters', 'manual__2026-02-10T23:14:45.668759+00:00', '--job-id', '20', '--raw', '--subdir', 'DAGS_FOLDER/ml_pipeline.py', '--cfg-path', '/tmp/tmpb_h5ev7g']
[2026-02-10T23:14:49.805+0000] {standard_task_runner.py:88} INFO - Job 20: Subtask find_optimal_clusters
[2026-02-10T23:14:49.819+0000] {task_command.py:423} INFO - Running <TaskInstance: ml_clustering_pipeline.find_optimal_clusters manual__2026-02-10T23:14:45.668759+00:00 [running]> on host aff44eccc7af
[2026-02-10T23:14:49.842+0000] {taskinstance.py:2480} INFO - Exporting env vars: AIRFLOW_CTX_DAG_OWNER='dhruv' AIRFLOW_CTX_DAG_ID='ml_clustering_pipeline' AIRFLOW_CTX_TASK_ID='find_optimal_clusters' AIRFLOW_CTX_EXECUTION_DATE='2026-02-10T23:14:45.668759+00:00' AIRFLOW_CTX_TRY_NUMBER='1' AIRFLOW_CTX_DAG_RUN_ID='manual__2026-02-10T23:14:45.668759+00:00'
[2026-02-10T23:14:49.843+0000] {logging_mixin.py:188} INFO - Loading model and finding optimal clusters...
[2026-02-10T23:14:49.844+0000] {logging_mixin.py:188} INFO - Model loaded from /opt/***/working_data/clustering_model.pkl
[2026-02-10T23:14:49.844+0000] {logging_mixin.py:188} INFO - Model has 3 clusters
[2026-02-10T23:14:49.846+0000] {logging_mixin.py:188} INFO - 
Optimal number of clusters (Elbow Method): 3
[2026-02-10T23:14:49.846+0000] {logging_mixin.py:188} INFO - SSE values: [59.99999999999999, 18.102586147087397, 10.258257513497604, 7.515245048460385, 5.404618409187224, 2.8624911268410655, 1.861419865220772, 1.3008852622620921, 0.9498078926005455, 0.6286053297374433]
[2026-02-10T23:14:49.847+0000] {logging_mixin.py:188} INFO - 
Result: {'optimal_k': 3, 'sse_values': [59.99999999999999, 18.102586147087397, 10.258257513497604, 7.515245048460385, 5.404618409187224, 2.8624911268410655, 1.861419865220772, 1.3008852622620921, 0.9498078926005455, 0.6286053297374433], 'model_clusters': 3}
[2026-02-10T23:14:49.847+0000] {python.py:201} INFO - Done. Returned value was: {'optimal_k': 3, 'sse_values': [59.99999999999999, 18.102586147087397, 10.258257513497604, 7.515245048460385, 5.404618409187224, 2.8624911268410655, 1.861419865220772, 1.3008852622620921, 0.9498078926005455, 0.6286053297374433], 'model_clusters': 3}
[2026-02-10T23:14:49.852+0000] {taskinstance.py:1138} INFO - Marking task as SUCCESS. dag_id=ml_clustering_pipeline, task_id=find_optimal_clusters, execution_date=20260210T231445, start_date=20260210T231449, end_date=20260210T231449
[2026-02-10T23:14:49.860+0000] {local_task_job_runner.py:234} INFO - Task exited with return code 0
[2026-02-10T23:14:49.865+0000] {taskinstance.py:3280} INFO - 0 downstream tasks scheduled from follow-on schedule check
