[2026-02-11T00:55:14.165+0000] {taskinstance.py:1956} INFO - Dependencies all met for dep_context=non-requeueable deps ti=<TaskInstance: Airflow_Lab2.preprocess_data manual__2026-02-11T00:55:07.692984+00:00 [queued]>
[2026-02-11T00:55:14.168+0000] {taskinstance.py:1956} INFO - Dependencies all met for dep_context=requeueable deps ti=<TaskInstance: Airflow_Lab2.preprocess_data manual__2026-02-11T00:55:07.692984+00:00 [queued]>
[2026-02-11T00:55:14.168+0000] {taskinstance.py:2170} INFO - Starting attempt 1 of 1
[2026-02-11T00:55:14.172+0000] {taskinstance.py:2191} INFO - Executing <Task(PythonOperator): preprocess_data> on 2026-02-11 00:55:07.692984+00:00
[2026-02-11T00:55:14.174+0000] {standard_task_runner.py:60} INFO - Started process 583 to run task
[2026-02-11T00:55:14.178+0000] {standard_task_runner.py:87} INFO - Running: ['***', 'tasks', 'run', 'Airflow_Lab2', 'preprocess_data', 'manual__2026-02-11T00:55:07.692984+00:00', '--job-id', '107', '--raw', '--subdir', 'DAGS_FOLDER/***_lab2.py', '--cfg-path', '/tmp/tmpux62dlra']
[2026-02-11T00:55:14.179+0000] {standard_task_runner.py:88} INFO - Job 107: Subtask preprocess_data
[2026-02-11T00:55:14.193+0000] {task_command.py:423} INFO - Running <TaskInstance: Airflow_Lab2.preprocess_data manual__2026-02-11T00:55:07.692984+00:00 [running]> on host b6f148865f36
[2026-02-11T00:55:14.218+0000] {taskinstance.py:2480} INFO - Exporting env vars: AIRFLOW_CTX_DAG_OWNER='dhruv' AIRFLOW_CTX_DAG_ID='Airflow_Lab2' AIRFLOW_CTX_TASK_ID='preprocess_data' AIRFLOW_CTX_EXECUTION_DATE='2026-02-11T00:55:07.692984+00:00' AIRFLOW_CTX_TRY_NUMBER='1' AIRFLOW_CTX_DAG_RUN_ID='manual__2026-02-11T00:55:07.692984+00:00'
[2026-02-11T00:55:14.218+0000] {logging_mixin.py:188} INFO - Preprocessing data...
[2026-02-11T00:55:14.220+0000] {logging_mixin.py:188} INFO - Selected numeric columns: ['sepal_length', 'sepal_width', 'petal_length', 'petal_width']
[2026-02-11T00:55:14.222+0000] {logging_mixin.py:188} INFO - Data preprocessing completed
[2026-02-11T00:55:14.222+0000] {python.py:201} INFO - Done. Returned value was: b'\x80\x04\x95m\x02\x00\x00\x00\x00\x00\x00\x8c\x15numpy.core.multiarray\x94\x8c\x0c_reconstruct\x94\x93\x94\x8c\x05numpy\x94\x8c\x07ndarray\x94\x93\x94K\x00\x85\x94C\x01b\x94\x87\x94R\x94(K\x01K\x0fK\x04\x86\x94h\x03\x8c\x05dtype\x94\x93\x94\x8c\x02f8\x94\x89\x88\x87\x94R\x94(K\x03\x8c\x01<\x94NNNJ\xff\xff\xff\xffJ\xff\xff\xff\xffK\x00t\x94b\x88B\xe0\x01\x00\x00E\xe6(j\x10\x94\xee\xbf\xa6!\x00\x07t\x14\xf3\xbf/\xd0\xeb\xd8\xdf\xde\xf6\xbfu\xa7\xe1\xc1\x15\xc4\xf8\xbfdJ\n\x1e>/\xf1\xbf\xe7\x86*\x15\xf8\xb8\xf4?\xa4\xf6\xce>i\xb3\xe2?\xa5\xaf4,\xc2\xd3\xf2?FX\xf4D\xc2\xd4\xde\xbf(\xa5\xba\x10\xd5}\xe6?.\x90\xc6\xd9\xfa\xd1\xdd?:\x82\xdc\xb2v,\xc0\xbf)^ \xfe-\x9e\xf6?.\x90\xc6\xd9\xfa\xd1\xdd?(\xa5\xba\x10\xd5}\xe6?3\xc0\x89\xa4\xca\xe9\xf6?\x06/9\x9c\x0b\xff\xc8\xbf\xdb\x0b\x98\x8b\x8d)\xdd?Xt{\xbd\x07\xaa\xc0?\x9fT\xc0\x0f\xed\x1e\xfc?\xdb\x0b\x98\x8b\x8d)\xdd?\xdb\x0b\x98\x8b\x8d)\xdd?Xt{\xbd\x07\xaa\xc0?f\x9a\x021\xe9\xc9\x03\xc0q\x9d\xe8\x93L\x14\xeb\xbf\xb8.9\x9c\x0b\xff\xe8?\x1d\xe3*\xb5H\xbf\xf2\xbf\x06/9\x9c\x0b\xff\xc8\xbf\x99t{\xbd\x07\xaa\xe0\xbf\x06/9\x9c\x0b\xff\xc8\xbf\xc3p\x05\xd8\xcb\xa6\xf5\xbf\xc3p\x05\xd8\xcb\xa6\xf5\xbfb\xed\xb4\x06\xe6\x86\xf6\xbf$\xf4U\xa9\xb1\xc6\xf4\xbf\xc3p\x05\xd8\xcb\xa6\xf5\xbfK\x7ff\xb2P\xf2\xdc?L\x9a\xea<\x7f\xf1\xd5?%2\xf1\x13\x91\xf9\xe1?Hw\xd3\\\xce\xbd\xb1?\xc7\x8c\xa8\xf7\xe7q\xd9?\xee\xf3\x82\x8b\xe8\x9d\xf2?\xa0$\xaf\xce\xf9y\xe5?Ow\xd3\\\xce\xbd\xf1?\xdd\x02\x8a\xa1\xff:\xee?\xae\xfa#.\xb4\xdd\xf0?\x02\xacr!\x8b\xe4\xf4\xbf\x02\xacr!\x8b\xe4\xf4\xbf\x02\xacr!\x8b\xe4\xf4\xbf\x02\xacr!\x8b\xe4\xf4\xbf\x02\xacr!\x8b\xe4\xf4\xbf\xf1\xe6\xf6O[|\xc8?p\xf6\xcb+5:\xd4?p\xf6\xcb+5:\xd4?\x17\xc2\xab\x90\x98\x08\xb1?p\xf6\xcb+5:\xd4?\x02E|\x14\xa0\x04\xf9?"\x01\x87\x9d)\x15\xea?\r\xc2\xab\x90\x98\x08\xf1?\xa9\xbf\x9e\xdb%\x17\xe6?\xcb\xe2\x9fq\x9a\x07\xf3?\x94t\x94b.'
[2026-02-11T00:55:14.227+0000] {taskinstance.py:1138} INFO - Marking task as SUCCESS. dag_id=Airflow_Lab2, task_id=preprocess_data, execution_date=20260211T005507, start_date=20260211T005514, end_date=20260211T005514
[2026-02-11T00:55:14.229+0000] {warnings.py:109} WARNING - /home/***/.local/lib/python3.8/site-packages/***/utils/email.py:154: RemovedInAirflow3Warning: Fetching SMTP credentials from configuration variables will be deprecated in a future release. Please set credentials using a connection instead.
  send_mime_email(e_from=mail_from, e_to=recipients, mime_msg=msg, conn_id=conn_id, dryrun=dryrun)

[2026-02-11T00:55:14.229+0000] {email.py:270} INFO - Email alerting: attempt 1
[2026-02-11T00:55:14.643+0000] {email.py:281} INFO - Sent an alert email to ['patel.tis@northeastern.edu']
[2026-02-11T00:55:15.143+0000] {local_task_job_runner.py:234} INFO - Task exited with return code 0
[2026-02-11T00:55:15.161+0000] {taskinstance.py:3280} INFO - 1 downstream tasks scheduled from follow-on schedule check
