[2026-02-11T00:36:31.942+0000] {taskinstance.py:1956} INFO - Dependencies all met for dep_context=non-requeueable deps ti=<TaskInstance: Airflow_Lab2_Flask.start_flask_api manual__2026-02-11T00:36:31.352203+00:00 [queued]>
[2026-02-11T00:36:31.945+0000] {taskinstance.py:1956} INFO - Dependencies all met for dep_context=requeueable deps ti=<TaskInstance: Airflow_Lab2_Flask.start_flask_api manual__2026-02-11T00:36:31.352203+00:00 [queued]>
[2026-02-11T00:36:31.945+0000] {taskinstance.py:2170} INFO - Starting attempt 1 of 1
[2026-02-11T00:36:31.949+0000] {taskinstance.py:2191} INFO - Executing <Task(PythonOperator): start_flask_api> on 2026-02-11 00:36:31.352203+00:00
[2026-02-11T00:36:31.951+0000] {standard_task_runner.py:60} INFO - Started process 113 to run task
[2026-02-11T00:36:31.953+0000] {standard_task_runner.py:87} INFO - Running: ['***', 'tasks', 'run', 'Airflow_Lab2_Flask', 'start_flask_api', 'manual__2026-02-11T00:36:31.352203+00:00', '--job-id', '93', '--raw', '--subdir', 'DAGS_FOLDER/***_lab2_flask.py', '--cfg-path', '/tmp/tmpmbsbf7yf']
[2026-02-11T00:36:31.953+0000] {standard_task_runner.py:88} INFO - Job 93: Subtask start_flask_api
[2026-02-11T00:36:31.972+0000] {task_command.py:423} INFO - Running <TaskInstance: Airflow_Lab2_Flask.start_flask_api manual__2026-02-11T00:36:31.352203+00:00 [running]> on host b6f148865f36
[2026-02-11T00:36:32.004+0000] {taskinstance.py:2480} INFO - Exporting env vars: AIRFLOW_CTX_DAG_OWNER='dhruv' AIRFLOW_CTX_DAG_ID='Airflow_Lab2_Flask' AIRFLOW_CTX_TASK_ID='start_flask_api' AIRFLOW_CTX_EXECUTION_DATE='2026-02-11T00:36:31.352203+00:00' AIRFLOW_CTX_TRY_NUMBER='1' AIRFLOW_CTX_DAG_RUN_ID='manual__2026-02-11T00:36:31.352203+00:00'
[2026-02-11T00:36:32.004+0000] {logging_mixin.py:188} INFO - Starting Flask server on port 5002...
[2026-02-11T00:36:32.005+0000] {logging_mixin.py:188} INFO - Access the API at: http://localhost:2/api
[2026-02-11T00:36:32.005+0000] {logging_mixin.py:188} INFO - Flask server started successfully!
[2026-02-11T00:36:32.005+0000] {logging_mixin.py:188} INFO - Visit http://localhost:5002/api to check pipeline status
[2026-02-11T00:36:32.011+0000] {logging_mixin.py:188} INFO -  * Serving Flask app 'unusual_prefix_cfb3f0cfbb71061060e8d0f15e470db38587132a_***_lab2_flask'
[2026-02-11T00:36:32.011+0000] {logging_mixin.py:188} INFO -  * Debug mode: off
[2026-02-11T00:36:32.012+0000] {_internal.py:224} INFO - [31m[1mWARNING: This is a development server. Do not use it in a production deployment. Use a production WSGI server instead.[0m
 * Running on all addresses (0.0.0.0)
 * Running on http://127.0.0.1:5002
 * Running on http://172.19.0.5:5002
[2026-02-11T00:36:32.012+0000] {_internal.py:224} INFO - [33mPress CTRL+C to quit[0m
[2026-02-11T00:41:32.012+0000] {python.py:201} INFO - Done. Returned value was: None
[2026-02-11T00:41:32.034+0000] {taskinstance.py:1138} INFO - Marking task as SUCCESS. dag_id=Airflow_Lab2_Flask, task_id=start_flask_api, execution_date=20260211T003631, start_date=20260211T003631, end_date=20260211T004132
[2026-02-11T00:41:32.049+0000] {local_task_job_runner.py:234} INFO - Task exited with return code 0
[2026-02-11T00:41:32.061+0000] {taskinstance.py:3280} INFO - 0 downstream tasks scheduled from follow-on schedule check
