[2026-02-11T00:57:03.607+0000] {taskinstance.py:1956} INFO - Dependencies all met for dep_context=non-requeueable deps ti=<TaskInstance: Airflow_Lab2.build_and_save_model manual__2026-02-11T00:56:54.928289+00:00 [queued]>
[2026-02-11T00:57:03.610+0000] {taskinstance.py:1956} INFO - Dependencies all met for dep_context=requeueable deps ti=<TaskInstance: Airflow_Lab2.build_and_save_model manual__2026-02-11T00:56:54.928289+00:00 [queued]>
[2026-02-11T00:57:03.610+0000] {taskinstance.py:2170} INFO - Starting attempt 1 of 1
[2026-02-11T00:57:03.614+0000] {taskinstance.py:2191} INFO - Executing <Task(PythonOperator): build_and_save_model> on 2026-02-11 00:56:54.928289+00:00
[2026-02-11T00:57:03.616+0000] {standard_task_runner.py:60} INFO - Started process 756 to run task
[2026-02-11T00:57:03.618+0000] {standard_task_runner.py:87} INFO - Running: ['***', 'tasks', 'run', 'Airflow_Lab2', 'build_and_save_model', 'manual__2026-02-11T00:56:54.928289+00:00', '--job-id', '117', '--raw', '--subdir', 'DAGS_FOLDER/***_lab2.py', '--cfg-path', '/tmp/tmp1winmk_e']
[2026-02-11T00:57:03.619+0000] {standard_task_runner.py:88} INFO - Job 117: Subtask build_and_save_model
[2026-02-11T00:57:03.633+0000] {task_command.py:423} INFO - Running <TaskInstance: Airflow_Lab2.build_and_save_model manual__2026-02-11T00:56:54.928289+00:00 [running]> on host b6f148865f36
[2026-02-11T00:57:03.657+0000] {taskinstance.py:2480} INFO - Exporting env vars: AIRFLOW_CTX_DAG_OWNER='dhruv' AIRFLOW_CTX_DAG_ID='Airflow_Lab2' AIRFLOW_CTX_TASK_ID='build_and_save_model' AIRFLOW_CTX_EXECUTION_DATE='2026-02-11T00:56:54.928289+00:00' AIRFLOW_CTX_TRY_NUMBER='1' AIRFLOW_CTX_DAG_RUN_ID='manual__2026-02-11T00:56:54.928289+00:00'
[2026-02-11T00:57:03.658+0000] {logging_mixin.py:188} INFO - Building and saving model...
[2026-02-11T00:57:03.716+0000] {logging_mixin.py:188} INFO - K=1, SSE=60.00
[2026-02-11T00:57:03.765+0000] {logging_mixin.py:188} INFO - K=2, SSE=18.10
[2026-02-11T00:57:03.767+0000] {logging_mixin.py:188} INFO - K=3, SSE=10.26
[2026-02-11T00:57:03.770+0000] {logging_mixin.py:188} INFO - K=4, SSE=7.52
[2026-02-11T00:57:03.774+0000] {logging_mixin.py:188} INFO - K=5, SSE=5.40
[2026-02-11T00:57:03.777+0000] {logging_mixin.py:188} INFO - K=6, SSE=2.86
[2026-02-11T00:57:03.782+0000] {logging_mixin.py:188} INFO - K=7, SSE=1.86
[2026-02-11T00:57:03.786+0000] {logging_mixin.py:188} INFO - K=8, SSE=1.30
[2026-02-11T00:57:03.790+0000] {logging_mixin.py:188} INFO - K=9, SSE=0.95
[2026-02-11T00:57:03.795+0000] {logging_mixin.py:188} INFO - K=10, SSE=0.63
[2026-02-11T00:57:03.798+0000] {logging_mixin.py:188} INFO - Model saved to /opt/***/working_data/model_lab2.pkl
[2026-02-11T00:57:03.798+0000] {python.py:201} INFO - Done. Returned value was: b'\x80\x04\x95_\x00\x00\x00\x00\x00\x00\x00]\x94(G@M\xff\xff\xff\xff\xff\xffG@2\x1aC\x15\xf2\xc3TG@$\x84:T,\xd6DG@\x1e\x0f\x9ce\xe2@\xcfG@\x15\x9eTI\xcbFRG@\x06\xe6a\xbfv\xfb\x03G?\xfd\xc8`2S\xf7\x94G?\xf4\xd0m\x10\x949\x9eG?\xeed\xd3\x85\x86v\xfaG?\xe4\x1d\x88\xec\xaa\t"e.'
[2026-02-11T00:57:03.807+0000] {taskinstance.py:1138} INFO - Marking task as SUCCESS. dag_id=Airflow_Lab2, task_id=build_and_save_model, execution_date=20260211T005654, start_date=20260211T005703, end_date=20260211T005703
[2026-02-11T00:57:03.809+0000] {warnings.py:109} WARNING - /home/***/.local/lib/python3.8/site-packages/***/utils/email.py:154: RemovedInAirflow3Warning: Fetching SMTP credentials from configuration variables will be deprecated in a future release. Please set credentials using a connection instead.
  send_mime_email(e_from=mail_from, e_to=recipients, mime_msg=msg, conn_id=conn_id, dryrun=dryrun)

[2026-02-11T00:57:03.809+0000] {email.py:270} INFO - Email alerting: attempt 1
[2026-02-11T00:57:04.198+0000] {email.py:281} INFO - Sent an alert email to ['tishapatel133@gmail.com']
[2026-02-11T00:57:04.801+0000] {local_task_job_runner.py:234} INFO - Task exited with return code 0
[2026-02-11T00:57:04.824+0000] {taskinstance.py:3280} INFO - 1 downstream tasks scheduled from follow-on schedule check
