[2026-02-26T14:45:45.796+0000] {processor.py:161} INFO - Started process (PID=59) to work on /opt/airflow/dags/airflow_lab2.py
[2026-02-26T14:45:45.799+0000] {processor.py:830} INFO - Processing file /opt/airflow/dags/airflow_lab2.py for tasks to queue
[2026-02-26T14:45:45.803+0000] {logging_mixin.py:188} INFO - [2026-02-26T14:45:45.803+0000] {dagbag.py:538} INFO - Filling up the DagBag from /opt/airflow/dags/airflow_lab2.py
[2026-02-26T14:45:47.027+0000] {processor.py:840} INFO - DAG(s) 'Airflow_Lab2' retrieved from /opt/airflow/dags/airflow_lab2.py
[2026-02-26T14:45:47.055+0000] {logging_mixin.py:188} INFO - [2026-02-26T14:45:47.055+0000] {dag.py:3036} INFO - Sync 1 DAGs
[2026-02-26T14:45:47.060+0000] {logging_mixin.py:188} INFO - [2026-02-26T14:45:47.060+0000] {dag.py:3823} INFO - Setting next_dagrun for Airflow_Lab2 to None, run_after=None
[2026-02-26T14:45:47.067+0000] {processor.py:183} INFO - Processing /opt/airflow/dags/airflow_lab2.py took 1.274 seconds
[2026-02-26T14:46:17.319+0000] {processor.py:161} INFO - Started process (PID=106) to work on /opt/airflow/dags/airflow_lab2.py
[2026-02-26T14:46:17.320+0000] {processor.py:830} INFO - Processing file /opt/airflow/dags/airflow_lab2.py for tasks to queue
[2026-02-26T14:46:17.321+0000] {logging_mixin.py:188} INFO - [2026-02-26T14:46:17.320+0000] {dagbag.py:538} INFO - Filling up the DagBag from /opt/airflow/dags/airflow_lab2.py
[2026-02-26T14:46:17.696+0000] {processor.py:840} INFO - DAG(s) 'Airflow_Lab2' retrieved from /opt/airflow/dags/airflow_lab2.py
[2026-02-26T14:46:17.711+0000] {logging_mixin.py:188} INFO - [2026-02-26T14:46:17.711+0000] {dag.py:3036} INFO - Sync 1 DAGs
[2026-02-26T14:46:17.715+0000] {logging_mixin.py:188} INFO - [2026-02-26T14:46:17.715+0000] {dag.py:3823} INFO - Setting next_dagrun for Airflow_Lab2 to None, run_after=None
[2026-02-26T14:46:17.722+0000] {processor.py:183} INFO - Processing /opt/airflow/dags/airflow_lab2.py took 0.405 seconds
[2026-02-26T14:46:48.024+0000] {processor.py:161} INFO - Started process (PID=159) to work on /opt/airflow/dags/airflow_lab2.py
[2026-02-26T14:46:48.024+0000] {processor.py:830} INFO - Processing file /opt/airflow/dags/airflow_lab2.py for tasks to queue
[2026-02-26T14:46:48.026+0000] {logging_mixin.py:188} INFO - [2026-02-26T14:46:48.026+0000] {dagbag.py:538} INFO - Filling up the DagBag from /opt/airflow/dags/airflow_lab2.py
[2026-02-26T14:46:48.367+0000] {processor.py:840} INFO - DAG(s) 'Airflow_Lab2' retrieved from /opt/airflow/dags/airflow_lab2.py
[2026-02-26T14:46:48.380+0000] {logging_mixin.py:188} INFO - [2026-02-26T14:46:48.380+0000] {dag.py:3036} INFO - Sync 1 DAGs
[2026-02-26T14:46:48.384+0000] {logging_mixin.py:188} INFO - [2026-02-26T14:46:48.384+0000] {dag.py:3823} INFO - Setting next_dagrun for Airflow_Lab2 to None, run_after=None
[2026-02-26T14:46:48.392+0000] {processor.py:183} INFO - Processing /opt/airflow/dags/airflow_lab2.py took 0.370 seconds
[2026-02-26T14:47:18.695+0000] {processor.py:161} INFO - Started process (PID=189) to work on /opt/airflow/dags/airflow_lab2.py
[2026-02-26T14:47:18.695+0000] {processor.py:830} INFO - Processing file /opt/airflow/dags/airflow_lab2.py for tasks to queue
[2026-02-26T14:47:18.696+0000] {logging_mixin.py:188} INFO - [2026-02-26T14:47:18.696+0000] {dagbag.py:538} INFO - Filling up the DagBag from /opt/airflow/dags/airflow_lab2.py
[2026-02-26T14:47:19.057+0000] {processor.py:840} INFO - DAG(s) 'Airflow_Lab2' retrieved from /opt/airflow/dags/airflow_lab2.py
[2026-02-26T14:47:19.066+0000] {logging_mixin.py:188} INFO - [2026-02-26T14:47:19.066+0000] {dag.py:3036} INFO - Sync 1 DAGs
[2026-02-26T14:47:19.070+0000] {logging_mixin.py:188} INFO - [2026-02-26T14:47:19.070+0000] {dag.py:3823} INFO - Setting next_dagrun for Airflow_Lab2 to None, run_after=None
[2026-02-26T14:47:19.077+0000] {processor.py:183} INFO - Processing /opt/airflow/dags/airflow_lab2.py took 0.383 seconds
[2026-02-26T14:47:49.469+0000] {processor.py:161} INFO - Started process (PID=220) to work on /opt/airflow/dags/airflow_lab2.py
[2026-02-26T14:47:49.470+0000] {processor.py:830} INFO - Processing file /opt/airflow/dags/airflow_lab2.py for tasks to queue
[2026-02-26T14:47:49.471+0000] {logging_mixin.py:188} INFO - [2026-02-26T14:47:49.471+0000] {dagbag.py:538} INFO - Filling up the DagBag from /opt/airflow/dags/airflow_lab2.py
[2026-02-26T14:47:49.844+0000] {processor.py:840} INFO - DAG(s) 'Airflow_Lab2' retrieved from /opt/airflow/dags/airflow_lab2.py
[2026-02-26T14:47:49.853+0000] {logging_mixin.py:188} INFO - [2026-02-26T14:47:49.853+0000] {dag.py:3036} INFO - Sync 1 DAGs
[2026-02-26T14:47:49.857+0000] {logging_mixin.py:188} INFO - [2026-02-26T14:47:49.857+0000] {dag.py:3823} INFO - Setting next_dagrun for Airflow_Lab2 to None, run_after=None
[2026-02-26T14:47:49.864+0000] {processor.py:183} INFO - Processing /opt/airflow/dags/airflow_lab2.py took 0.396 seconds
[2026-02-26T14:48:20.195+0000] {processor.py:161} INFO - Started process (PID=251) to work on /opt/airflow/dags/airflow_lab2.py
[2026-02-26T14:48:20.195+0000] {processor.py:830} INFO - Processing file /opt/airflow/dags/airflow_lab2.py for tasks to queue
[2026-02-26T14:48:20.196+0000] {logging_mixin.py:188} INFO - [2026-02-26T14:48:20.196+0000] {dagbag.py:538} INFO - Filling up the DagBag from /opt/airflow/dags/airflow_lab2.py
[2026-02-26T14:48:20.527+0000] {processor.py:840} INFO - DAG(s) 'Airflow_Lab2' retrieved from /opt/airflow/dags/airflow_lab2.py
[2026-02-26T14:48:20.537+0000] {logging_mixin.py:188} INFO - [2026-02-26T14:48:20.537+0000] {dag.py:3036} INFO - Sync 1 DAGs
[2026-02-26T14:48:20.542+0000] {logging_mixin.py:188} INFO - [2026-02-26T14:48:20.542+0000] {dag.py:3823} INFO - Setting next_dagrun for Airflow_Lab2 to None, run_after=None
[2026-02-26T14:48:20.549+0000] {processor.py:183} INFO - Processing /opt/airflow/dags/airflow_lab2.py took 0.356 seconds
[2026-02-26T14:48:50.935+0000] {processor.py:161} INFO - Started process (PID=282) to work on /opt/airflow/dags/airflow_lab2.py
[2026-02-26T14:48:50.936+0000] {processor.py:830} INFO - Processing file /opt/airflow/dags/airflow_lab2.py for tasks to queue
[2026-02-26T14:48:50.937+0000] {logging_mixin.py:188} INFO - [2026-02-26T14:48:50.937+0000] {dagbag.py:538} INFO - Filling up the DagBag from /opt/airflow/dags/airflow_lab2.py
[2026-02-26T14:48:51.291+0000] {processor.py:840} INFO - DAG(s) 'Airflow_Lab2' retrieved from /opt/airflow/dags/airflow_lab2.py
[2026-02-26T14:48:51.303+0000] {logging_mixin.py:188} INFO - [2026-02-26T14:48:51.303+0000] {dag.py:3036} INFO - Sync 1 DAGs
[2026-02-26T14:48:51.307+0000] {logging_mixin.py:188} INFO - [2026-02-26T14:48:51.307+0000] {dag.py:3823} INFO - Setting next_dagrun for Airflow_Lab2 to None, run_after=None
[2026-02-26T14:48:51.315+0000] {processor.py:183} INFO - Processing /opt/airflow/dags/airflow_lab2.py took 0.381 seconds
[2026-02-26T14:49:21.630+0000] {processor.py:161} INFO - Started process (PID=313) to work on /opt/airflow/dags/airflow_lab2.py
[2026-02-26T14:49:21.631+0000] {processor.py:830} INFO - Processing file /opt/airflow/dags/airflow_lab2.py for tasks to queue
[2026-02-26T14:49:21.632+0000] {logging_mixin.py:188} INFO - [2026-02-26T14:49:21.632+0000] {dagbag.py:538} INFO - Filling up the DagBag from /opt/airflow/dags/airflow_lab2.py
[2026-02-26T14:49:21.981+0000] {processor.py:840} INFO - DAG(s) 'Airflow_Lab2' retrieved from /opt/airflow/dags/airflow_lab2.py
[2026-02-26T14:49:21.993+0000] {logging_mixin.py:188} INFO - [2026-02-26T14:49:21.993+0000] {dag.py:3036} INFO - Sync 1 DAGs
[2026-02-26T14:49:21.999+0000] {logging_mixin.py:188} INFO - [2026-02-26T14:49:21.999+0000] {dag.py:3823} INFO - Setting next_dagrun for Airflow_Lab2 to None, run_after=None
[2026-02-26T14:49:22.006+0000] {processor.py:183} INFO - Processing /opt/airflow/dags/airflow_lab2.py took 0.378 seconds
[2026-02-26T14:49:52.371+0000] {processor.py:161} INFO - Started process (PID=344) to work on /opt/airflow/dags/airflow_lab2.py
[2026-02-26T14:49:52.371+0000] {processor.py:830} INFO - Processing file /opt/airflow/dags/airflow_lab2.py for tasks to queue
[2026-02-26T14:49:52.372+0000] {logging_mixin.py:188} INFO - [2026-02-26T14:49:52.372+0000] {dagbag.py:538} INFO - Filling up the DagBag from /opt/airflow/dags/airflow_lab2.py
[2026-02-26T14:49:52.705+0000] {processor.py:840} INFO - DAG(s) 'Airflow_Lab2' retrieved from /opt/airflow/dags/airflow_lab2.py
[2026-02-26T14:49:52.715+0000] {logging_mixin.py:188} INFO - [2026-02-26T14:49:52.715+0000] {dag.py:3036} INFO - Sync 1 DAGs
[2026-02-26T14:49:52.719+0000] {logging_mixin.py:188} INFO - [2026-02-26T14:49:52.719+0000] {dag.py:3823} INFO - Setting next_dagrun for Airflow_Lab2 to None, run_after=None
[2026-02-26T14:49:52.725+0000] {processor.py:183} INFO - Processing /opt/airflow/dags/airflow_lab2.py took 0.357 seconds
[2026-02-26T14:50:23.078+0000] {processor.py:161} INFO - Started process (PID=375) to work on /opt/airflow/dags/airflow_lab2.py
[2026-02-26T14:50:23.079+0000] {processor.py:830} INFO - Processing file /opt/airflow/dags/airflow_lab2.py for tasks to queue
[2026-02-26T14:50:23.080+0000] {logging_mixin.py:188} INFO - [2026-02-26T14:50:23.080+0000] {dagbag.py:538} INFO - Filling up the DagBag from /opt/airflow/dags/airflow_lab2.py
[2026-02-26T14:50:23.449+0000] {processor.py:840} INFO - DAG(s) 'Airflow_Lab2' retrieved from /opt/airflow/dags/airflow_lab2.py
[2026-02-26T14:50:23.461+0000] {logging_mixin.py:188} INFO - [2026-02-26T14:50:23.461+0000] {dag.py:3036} INFO - Sync 1 DAGs
[2026-02-26T14:50:23.465+0000] {logging_mixin.py:188} INFO - [2026-02-26T14:50:23.465+0000] {dag.py:3823} INFO - Setting next_dagrun for Airflow_Lab2 to None, run_after=None
[2026-02-26T14:50:23.472+0000] {processor.py:183} INFO - Processing /opt/airflow/dags/airflow_lab2.py took 0.398 seconds
[2026-02-26T14:50:53.886+0000] {processor.py:161} INFO - Started process (PID=406) to work on /opt/airflow/dags/airflow_lab2.py
[2026-02-26T14:50:53.887+0000] {processor.py:830} INFO - Processing file /opt/airflow/dags/airflow_lab2.py for tasks to queue
[2026-02-26T14:50:53.888+0000] {logging_mixin.py:188} INFO - [2026-02-26T14:50:53.888+0000] {dagbag.py:538} INFO - Filling up the DagBag from /opt/airflow/dags/airflow_lab2.py
[2026-02-26T14:50:54.225+0000] {processor.py:840} INFO - DAG(s) 'Airflow_Lab2' retrieved from /opt/airflow/dags/airflow_lab2.py
[2026-02-26T14:50:54.235+0000] {logging_mixin.py:188} INFO - [2026-02-26T14:50:54.235+0000] {dag.py:3036} INFO - Sync 1 DAGs
[2026-02-26T14:50:54.240+0000] {logging_mixin.py:188} INFO - [2026-02-26T14:50:54.240+0000] {dag.py:3823} INFO - Setting next_dagrun for Airflow_Lab2 to None, run_after=None
[2026-02-26T14:50:54.247+0000] {processor.py:183} INFO - Processing /opt/airflow/dags/airflow_lab2.py took 0.365 seconds
[2026-02-26T14:51:24.649+0000] {processor.py:161} INFO - Started process (PID=437) to work on /opt/airflow/dags/airflow_lab2.py
[2026-02-26T14:51:24.650+0000] {processor.py:830} INFO - Processing file /opt/airflow/dags/airflow_lab2.py for tasks to queue
[2026-02-26T14:51:24.652+0000] {logging_mixin.py:188} INFO - [2026-02-26T14:51:24.651+0000] {dagbag.py:538} INFO - Filling up the DagBag from /opt/airflow/dags/airflow_lab2.py
[2026-02-26T14:51:25.011+0000] {processor.py:840} INFO - DAG(s) 'Airflow_Lab2' retrieved from /opt/airflow/dags/airflow_lab2.py
[2026-02-26T14:51:25.020+0000] {logging_mixin.py:188} INFO - [2026-02-26T14:51:25.020+0000] {dag.py:3036} INFO - Sync 1 DAGs
[2026-02-26T14:51:25.025+0000] {logging_mixin.py:188} INFO - [2026-02-26T14:51:25.025+0000] {dag.py:3823} INFO - Setting next_dagrun for Airflow_Lab2 to None, run_after=None
[2026-02-26T14:51:25.034+0000] {processor.py:183} INFO - Processing /opt/airflow/dags/airflow_lab2.py took 0.388 seconds
[2026-02-26T14:51:55.475+0000] {processor.py:161} INFO - Started process (PID=468) to work on /opt/airflow/dags/airflow_lab2.py
[2026-02-26T14:51:55.476+0000] {processor.py:830} INFO - Processing file /opt/airflow/dags/airflow_lab2.py for tasks to queue
[2026-02-26T14:51:55.478+0000] {logging_mixin.py:188} INFO - [2026-02-26T14:51:55.478+0000] {dagbag.py:538} INFO - Filling up the DagBag from /opt/airflow/dags/airflow_lab2.py
[2026-02-26T14:51:55.810+0000] {processor.py:840} INFO - DAG(s) 'Airflow_Lab2' retrieved from /opt/airflow/dags/airflow_lab2.py
[2026-02-26T14:51:55.824+0000] {logging_mixin.py:188} INFO - [2026-02-26T14:51:55.824+0000] {dag.py:3036} INFO - Sync 1 DAGs
[2026-02-26T14:51:55.828+0000] {logging_mixin.py:188} INFO - [2026-02-26T14:51:55.828+0000] {dag.py:3823} INFO - Setting next_dagrun for Airflow_Lab2 to None, run_after=None
[2026-02-26T14:51:55.835+0000] {processor.py:183} INFO - Processing /opt/airflow/dags/airflow_lab2.py took 0.364 seconds
[2026-02-26T14:52:26.208+0000] {processor.py:161} INFO - Started process (PID=499) to work on /opt/airflow/dags/airflow_lab2.py
[2026-02-26T14:52:26.209+0000] {processor.py:830} INFO - Processing file /opt/airflow/dags/airflow_lab2.py for tasks to queue
[2026-02-26T14:52:26.211+0000] {logging_mixin.py:188} INFO - [2026-02-26T14:52:26.211+0000] {dagbag.py:538} INFO - Filling up the DagBag from /opt/airflow/dags/airflow_lab2.py
[2026-02-26T14:52:26.546+0000] {processor.py:840} INFO - DAG(s) 'Airflow_Lab2' retrieved from /opt/airflow/dags/airflow_lab2.py
[2026-02-26T14:52:26.557+0000] {logging_mixin.py:188} INFO - [2026-02-26T14:52:26.556+0000] {dag.py:3036} INFO - Sync 1 DAGs
[2026-02-26T14:52:26.561+0000] {logging_mixin.py:188} INFO - [2026-02-26T14:52:26.561+0000] {dag.py:3823} INFO - Setting next_dagrun for Airflow_Lab2 to None, run_after=None
[2026-02-26T14:52:26.569+0000] {processor.py:183} INFO - Processing /opt/airflow/dags/airflow_lab2.py took 0.365 seconds
[2026-02-26T14:52:56.937+0000] {processor.py:161} INFO - Started process (PID=530) to work on /opt/airflow/dags/airflow_lab2.py
[2026-02-26T14:52:56.938+0000] {processor.py:830} INFO - Processing file /opt/airflow/dags/airflow_lab2.py for tasks to queue
[2026-02-26T14:52:56.940+0000] {logging_mixin.py:188} INFO - [2026-02-26T14:52:56.940+0000] {dagbag.py:538} INFO - Filling up the DagBag from /opt/airflow/dags/airflow_lab2.py
[2026-02-26T14:52:57.265+0000] {processor.py:840} INFO - DAG(s) 'Airflow_Lab2' retrieved from /opt/airflow/dags/airflow_lab2.py
[2026-02-26T14:52:57.275+0000] {logging_mixin.py:188} INFO - [2026-02-26T14:52:57.274+0000] {dag.py:3036} INFO - Sync 1 DAGs
[2026-02-26T14:52:57.278+0000] {logging_mixin.py:188} INFO - [2026-02-26T14:52:57.278+0000] {dag.py:3823} INFO - Setting next_dagrun for Airflow_Lab2 to None, run_after=None
[2026-02-26T14:52:57.284+0000] {processor.py:183} INFO - Processing /opt/airflow/dags/airflow_lab2.py took 0.351 seconds
[2026-02-26T14:53:27.704+0000] {processor.py:161} INFO - Started process (PID=561) to work on /opt/airflow/dags/airflow_lab2.py
[2026-02-26T14:53:27.705+0000] {processor.py:830} INFO - Processing file /opt/airflow/dags/airflow_lab2.py for tasks to queue
[2026-02-26T14:53:27.707+0000] {logging_mixin.py:188} INFO - [2026-02-26T14:53:27.706+0000] {dagbag.py:538} INFO - Filling up the DagBag from /opt/airflow/dags/airflow_lab2.py
[2026-02-26T14:53:28.054+0000] {processor.py:840} INFO - DAG(s) 'Airflow_Lab2' retrieved from /opt/airflow/dags/airflow_lab2.py
[2026-02-26T14:53:28.064+0000] {logging_mixin.py:188} INFO - [2026-02-26T14:53:28.064+0000] {dag.py:3036} INFO - Sync 1 DAGs
[2026-02-26T14:53:28.070+0000] {logging_mixin.py:188} INFO - [2026-02-26T14:53:28.070+0000] {dag.py:3823} INFO - Setting next_dagrun for Airflow_Lab2 to None, run_after=None
[2026-02-26T14:53:28.079+0000] {processor.py:183} INFO - Processing /opt/airflow/dags/airflow_lab2.py took 0.378 seconds
