[2026-02-26T14:45:45.979+0000] {processor.py:161} INFO - Started process (PID=66) to work on /opt/airflow/dags/ml_pipeline.py
[2026-02-26T14:45:45.981+0000] {processor.py:830} INFO - Processing file /opt/airflow/dags/ml_pipeline.py for tasks to queue
[2026-02-26T14:45:45.983+0000] {logging_mixin.py:188} INFO - [2026-02-26T14:45:45.982+0000] {dagbag.py:538} INFO - Filling up the DagBag from /opt/airflow/dags/ml_pipeline.py
[2026-02-26T14:45:47.026+0000] {processor.py:840} INFO - DAG(s) 'ml_clustering_pipeline' retrieved from /opt/airflow/dags/ml_pipeline.py
[2026-02-26T14:45:47.037+0000] {logging_mixin.py:188} INFO - [2026-02-26T14:45:47.037+0000] {dag.py:3036} INFO - Sync 1 DAGs
[2026-02-26T14:45:47.042+0000] {logging_mixin.py:188} INFO - [2026-02-26T14:45:47.041+0000] {dag.py:3823} INFO - Setting next_dagrun for ml_clustering_pipeline to None, run_after=None
[2026-02-26T14:45:47.055+0000] {processor.py:183} INFO - Processing /opt/airflow/dags/ml_pipeline.py took 1.080 seconds
[2026-02-26T14:46:17.323+0000] {processor.py:161} INFO - Started process (PID=107) to work on /opt/airflow/dags/ml_pipeline.py
[2026-02-26T14:46:17.323+0000] {processor.py:830} INFO - Processing file /opt/airflow/dags/ml_pipeline.py for tasks to queue
[2026-02-26T14:46:17.324+0000] {logging_mixin.py:188} INFO - [2026-02-26T14:46:17.324+0000] {dagbag.py:538} INFO - Filling up the DagBag from /opt/airflow/dags/ml_pipeline.py
[2026-02-26T14:46:17.694+0000] {processor.py:840} INFO - DAG(s) 'ml_clustering_pipeline' retrieved from /opt/airflow/dags/ml_pipeline.py
[2026-02-26T14:46:17.703+0000] {logging_mixin.py:188} INFO - [2026-02-26T14:46:17.702+0000] {dag.py:3036} INFO - Sync 1 DAGs
[2026-02-26T14:46:17.707+0000] {logging_mixin.py:188} INFO - [2026-02-26T14:46:17.707+0000] {dag.py:3823} INFO - Setting next_dagrun for ml_clustering_pipeline to None, run_after=None
[2026-02-26T14:46:17.719+0000] {processor.py:183} INFO - Processing /opt/airflow/dags/ml_pipeline.py took 0.398 seconds
[2026-02-26T14:46:48.024+0000] {processor.py:161} INFO - Started process (PID=160) to work on /opt/airflow/dags/ml_pipeline.py
[2026-02-26T14:46:48.025+0000] {processor.py:830} INFO - Processing file /opt/airflow/dags/ml_pipeline.py for tasks to queue
[2026-02-26T14:46:48.026+0000] {logging_mixin.py:188} INFO - [2026-02-26T14:46:48.025+0000] {dagbag.py:538} INFO - Filling up the DagBag from /opt/airflow/dags/ml_pipeline.py
[2026-02-26T14:46:48.366+0000] {processor.py:840} INFO - DAG(s) 'ml_clustering_pipeline' retrieved from /opt/airflow/dags/ml_pipeline.py
[2026-02-26T14:46:48.376+0000] {logging_mixin.py:188} INFO - [2026-02-26T14:46:48.376+0000] {dag.py:3036} INFO - Sync 1 DAGs
[2026-02-26T14:46:48.382+0000] {logging_mixin.py:188} INFO - [2026-02-26T14:46:48.382+0000] {dag.py:3823} INFO - Setting next_dagrun for ml_clustering_pipeline to None, run_after=None
[2026-02-26T14:46:48.391+0000] {processor.py:183} INFO - Processing /opt/airflow/dags/ml_pipeline.py took 0.369 seconds
[2026-02-26T14:47:18.695+0000] {processor.py:161} INFO - Started process (PID=190) to work on /opt/airflow/dags/ml_pipeline.py
[2026-02-26T14:47:18.696+0000] {processor.py:830} INFO - Processing file /opt/airflow/dags/ml_pipeline.py for tasks to queue
[2026-02-26T14:47:18.697+0000] {logging_mixin.py:188} INFO - [2026-02-26T14:47:18.697+0000] {dagbag.py:538} INFO - Filling up the DagBag from /opt/airflow/dags/ml_pipeline.py
[2026-02-26T14:47:19.062+0000] {processor.py:840} INFO - DAG(s) 'ml_clustering_pipeline' retrieved from /opt/airflow/dags/ml_pipeline.py
[2026-02-26T14:47:19.076+0000] {logging_mixin.py:188} INFO - [2026-02-26T14:47:19.076+0000] {dag.py:3036} INFO - Sync 1 DAGs
[2026-02-26T14:47:19.080+0000] {logging_mixin.py:188} INFO - [2026-02-26T14:47:19.079+0000] {dag.py:3823} INFO - Setting next_dagrun for ml_clustering_pipeline to None, run_after=None
[2026-02-26T14:47:19.085+0000] {processor.py:183} INFO - Processing /opt/airflow/dags/ml_pipeline.py took 0.391 seconds
[2026-02-26T14:47:49.471+0000] {processor.py:161} INFO - Started process (PID=221) to work on /opt/airflow/dags/ml_pipeline.py
[2026-02-26T14:47:49.471+0000] {processor.py:830} INFO - Processing file /opt/airflow/dags/ml_pipeline.py for tasks to queue
[2026-02-26T14:47:49.472+0000] {logging_mixin.py:188} INFO - [2026-02-26T14:47:49.472+0000] {dagbag.py:538} INFO - Filling up the DagBag from /opt/airflow/dags/ml_pipeline.py
[2026-02-26T14:47:49.845+0000] {processor.py:840} INFO - DAG(s) 'ml_clustering_pipeline' retrieved from /opt/airflow/dags/ml_pipeline.py
[2026-02-26T14:47:49.853+0000] {logging_mixin.py:188} INFO - [2026-02-26T14:47:49.853+0000] {dag.py:3036} INFO - Sync 1 DAGs
[2026-02-26T14:47:49.858+0000] {logging_mixin.py:188} INFO - [2026-02-26T14:47:49.858+0000] {dag.py:3823} INFO - Setting next_dagrun for ml_clustering_pipeline to None, run_after=None
[2026-02-26T14:47:49.865+0000] {processor.py:183} INFO - Processing /opt/airflow/dags/ml_pipeline.py took 0.396 seconds
[2026-02-26T14:48:20.195+0000] {processor.py:161} INFO - Started process (PID=252) to work on /opt/airflow/dags/ml_pipeline.py
[2026-02-26T14:48:20.196+0000] {processor.py:830} INFO - Processing file /opt/airflow/dags/ml_pipeline.py for tasks to queue
[2026-02-26T14:48:20.196+0000] {logging_mixin.py:188} INFO - [2026-02-26T14:48:20.196+0000] {dagbag.py:538} INFO - Filling up the DagBag from /opt/airflow/dags/ml_pipeline.py
[2026-02-26T14:48:20.545+0000] {processor.py:840} INFO - DAG(s) 'ml_clustering_pipeline' retrieved from /opt/airflow/dags/ml_pipeline.py
[2026-02-26T14:48:20.553+0000] {logging_mixin.py:188} INFO - [2026-02-26T14:48:20.553+0000] {dag.py:3036} INFO - Sync 1 DAGs
[2026-02-26T14:48:20.557+0000] {logging_mixin.py:188} INFO - [2026-02-26T14:48:20.557+0000] {dag.py:3823} INFO - Setting next_dagrun for ml_clustering_pipeline to None, run_after=None
[2026-02-26T14:48:20.566+0000] {processor.py:183} INFO - Processing /opt/airflow/dags/ml_pipeline.py took 0.373 seconds
[2026-02-26T14:48:50.935+0000] {processor.py:161} INFO - Started process (PID=283) to work on /opt/airflow/dags/ml_pipeline.py
[2026-02-26T14:48:50.936+0000] {processor.py:830} INFO - Processing file /opt/airflow/dags/ml_pipeline.py for tasks to queue
[2026-02-26T14:48:50.937+0000] {logging_mixin.py:188} INFO - [2026-02-26T14:48:50.936+0000] {dagbag.py:538} INFO - Filling up the DagBag from /opt/airflow/dags/ml_pipeline.py
[2026-02-26T14:48:51.291+0000] {processor.py:840} INFO - DAG(s) 'ml_clustering_pipeline' retrieved from /opt/airflow/dags/ml_pipeline.py
[2026-02-26T14:48:51.299+0000] {logging_mixin.py:188} INFO - [2026-02-26T14:48:51.299+0000] {dag.py:3036} INFO - Sync 1 DAGs
[2026-02-26T14:48:51.305+0000] {logging_mixin.py:188} INFO - [2026-02-26T14:48:51.305+0000] {dag.py:3823} INFO - Setting next_dagrun for ml_clustering_pipeline to None, run_after=None
[2026-02-26T14:48:51.313+0000] {processor.py:183} INFO - Processing /opt/airflow/dags/ml_pipeline.py took 0.379 seconds
[2026-02-26T14:49:21.631+0000] {processor.py:161} INFO - Started process (PID=314) to work on /opt/airflow/dags/ml_pipeline.py
[2026-02-26T14:49:21.631+0000] {processor.py:830} INFO - Processing file /opt/airflow/dags/ml_pipeline.py for tasks to queue
[2026-02-26T14:49:21.632+0000] {logging_mixin.py:188} INFO - [2026-02-26T14:49:21.632+0000] {dagbag.py:538} INFO - Filling up the DagBag from /opt/airflow/dags/ml_pipeline.py
[2026-02-26T14:49:21.986+0000] {processor.py:840} INFO - DAG(s) 'ml_clustering_pipeline' retrieved from /opt/airflow/dags/ml_pipeline.py
[2026-02-26T14:49:21.996+0000] {logging_mixin.py:188} INFO - [2026-02-26T14:49:21.995+0000] {dag.py:3036} INFO - Sync 1 DAGs
[2026-02-26T14:49:22.001+0000] {logging_mixin.py:188} INFO - [2026-02-26T14:49:22.001+0000] {dag.py:3823} INFO - Setting next_dagrun for ml_clustering_pipeline to None, run_after=None
[2026-02-26T14:49:22.009+0000] {processor.py:183} INFO - Processing /opt/airflow/dags/ml_pipeline.py took 0.379 seconds
[2026-02-26T14:49:52.371+0000] {processor.py:161} INFO - Started process (PID=345) to work on /opt/airflow/dags/ml_pipeline.py
[2026-02-26T14:49:52.371+0000] {processor.py:830} INFO - Processing file /opt/airflow/dags/ml_pipeline.py for tasks to queue
[2026-02-26T14:49:52.373+0000] {logging_mixin.py:188} INFO - [2026-02-26T14:49:52.372+0000] {dagbag.py:538} INFO - Filling up the DagBag from /opt/airflow/dags/ml_pipeline.py
[2026-02-26T14:49:52.699+0000] {processor.py:840} INFO - DAG(s) 'ml_clustering_pipeline' retrieved from /opt/airflow/dags/ml_pipeline.py
[2026-02-26T14:49:52.708+0000] {logging_mixin.py:188} INFO - [2026-02-26T14:49:52.708+0000] {dag.py:3036} INFO - Sync 1 DAGs
[2026-02-26T14:49:52.712+0000] {logging_mixin.py:188} INFO - [2026-02-26T14:49:52.712+0000] {dag.py:3823} INFO - Setting next_dagrun for ml_clustering_pipeline to None, run_after=None
[2026-02-26T14:49:52.720+0000] {processor.py:183} INFO - Processing /opt/airflow/dags/ml_pipeline.py took 0.352 seconds
[2026-02-26T14:50:23.078+0000] {processor.py:161} INFO - Started process (PID=376) to work on /opt/airflow/dags/ml_pipeline.py
[2026-02-26T14:50:23.079+0000] {processor.py:830} INFO - Processing file /opt/airflow/dags/ml_pipeline.py for tasks to queue
[2026-02-26T14:50:23.080+0000] {logging_mixin.py:188} INFO - [2026-02-26T14:50:23.080+0000] {dagbag.py:538} INFO - Filling up the DagBag from /opt/airflow/dags/ml_pipeline.py
[2026-02-26T14:50:23.448+0000] {processor.py:840} INFO - DAG(s) 'ml_clustering_pipeline' retrieved from /opt/airflow/dags/ml_pipeline.py
[2026-02-26T14:50:23.456+0000] {logging_mixin.py:188} INFO - [2026-02-26T14:50:23.456+0000] {dag.py:3036} INFO - Sync 1 DAGs
[2026-02-26T14:50:23.461+0000] {logging_mixin.py:188} INFO - [2026-02-26T14:50:23.461+0000] {dag.py:3823} INFO - Setting next_dagrun for ml_clustering_pipeline to None, run_after=None
[2026-02-26T14:50:23.470+0000] {processor.py:183} INFO - Processing /opt/airflow/dags/ml_pipeline.py took 0.395 seconds
[2026-02-26T14:50:53.889+0000] {processor.py:161} INFO - Started process (PID=407) to work on /opt/airflow/dags/ml_pipeline.py
[2026-02-26T14:50:53.890+0000] {processor.py:830} INFO - Processing file /opt/airflow/dags/ml_pipeline.py for tasks to queue
[2026-02-26T14:50:53.891+0000] {logging_mixin.py:188} INFO - [2026-02-26T14:50:53.891+0000] {dagbag.py:538} INFO - Filling up the DagBag from /opt/airflow/dags/ml_pipeline.py
[2026-02-26T14:50:54.223+0000] {processor.py:840} INFO - DAG(s) 'ml_clustering_pipeline' retrieved from /opt/airflow/dags/ml_pipeline.py
[2026-02-26T14:50:54.231+0000] {logging_mixin.py:188} INFO - [2026-02-26T14:50:54.231+0000] {dag.py:3036} INFO - Sync 1 DAGs
[2026-02-26T14:50:54.237+0000] {logging_mixin.py:188} INFO - [2026-02-26T14:50:54.236+0000] {dag.py:3823} INFO - Setting next_dagrun for ml_clustering_pipeline to None, run_after=None
[2026-02-26T14:50:54.244+0000] {processor.py:183} INFO - Processing /opt/airflow/dags/ml_pipeline.py took 0.356 seconds
[2026-02-26T14:51:24.649+0000] {processor.py:161} INFO - Started process (PID=438) to work on /opt/airflow/dags/ml_pipeline.py
[2026-02-26T14:51:24.650+0000] {processor.py:830} INFO - Processing file /opt/airflow/dags/ml_pipeline.py for tasks to queue
[2026-02-26T14:51:24.652+0000] {logging_mixin.py:188} INFO - [2026-02-26T14:51:24.652+0000] {dagbag.py:538} INFO - Filling up the DagBag from /opt/airflow/dags/ml_pipeline.py
[2026-02-26T14:51:25.018+0000] {processor.py:840} INFO - DAG(s) 'ml_clustering_pipeline' retrieved from /opt/airflow/dags/ml_pipeline.py
[2026-02-26T14:51:25.026+0000] {logging_mixin.py:188} INFO - [2026-02-26T14:51:25.026+0000] {dag.py:3036} INFO - Sync 1 DAGs
[2026-02-26T14:51:25.031+0000] {logging_mixin.py:188} INFO - [2026-02-26T14:51:25.030+0000] {dag.py:3823} INFO - Setting next_dagrun for ml_clustering_pipeline to None, run_after=None
[2026-02-26T14:51:25.037+0000] {processor.py:183} INFO - Processing /opt/airflow/dags/ml_pipeline.py took 0.391 seconds
[2026-02-26T14:51:55.478+0000] {processor.py:161} INFO - Started process (PID=469) to work on /opt/airflow/dags/ml_pipeline.py
[2026-02-26T14:51:55.479+0000] {processor.py:830} INFO - Processing file /opt/airflow/dags/ml_pipeline.py for tasks to queue
[2026-02-26T14:51:55.480+0000] {logging_mixin.py:188} INFO - [2026-02-26T14:51:55.480+0000] {dagbag.py:538} INFO - Filling up the DagBag from /opt/airflow/dags/ml_pipeline.py
[2026-02-26T14:51:55.812+0000] {processor.py:840} INFO - DAG(s) 'ml_clustering_pipeline' retrieved from /opt/airflow/dags/ml_pipeline.py
[2026-02-26T14:51:55.821+0000] {logging_mixin.py:188} INFO - [2026-02-26T14:51:55.821+0000] {dag.py:3036} INFO - Sync 1 DAGs
[2026-02-26T14:51:55.826+0000] {logging_mixin.py:188} INFO - [2026-02-26T14:51:55.825+0000] {dag.py:3823} INFO - Setting next_dagrun for ml_clustering_pipeline to None, run_after=None
[2026-02-26T14:51:55.834+0000] {processor.py:183} INFO - Processing /opt/airflow/dags/ml_pipeline.py took 0.359 seconds
[2026-02-26T14:52:26.212+0000] {processor.py:161} INFO - Started process (PID=500) to work on /opt/airflow/dags/ml_pipeline.py
[2026-02-26T14:52:26.213+0000] {processor.py:830} INFO - Processing file /opt/airflow/dags/ml_pipeline.py for tasks to queue
[2026-02-26T14:52:26.215+0000] {logging_mixin.py:188} INFO - [2026-02-26T14:52:26.214+0000] {dagbag.py:538} INFO - Filling up the DagBag from /opt/airflow/dags/ml_pipeline.py
[2026-02-26T14:52:26.549+0000] {processor.py:840} INFO - DAG(s) 'ml_clustering_pipeline' retrieved from /opt/airflow/dags/ml_pipeline.py
[2026-02-26T14:52:26.558+0000] {logging_mixin.py:188} INFO - [2026-02-26T14:52:26.558+0000] {dag.py:3036} INFO - Sync 1 DAGs
[2026-02-26T14:52:26.562+0000] {logging_mixin.py:188} INFO - [2026-02-26T14:52:26.562+0000] {dag.py:3823} INFO - Setting next_dagrun for ml_clustering_pipeline to None, run_after=None
[2026-02-26T14:52:26.571+0000] {processor.py:183} INFO - Processing /opt/airflow/dags/ml_pipeline.py took 0.361 seconds
[2026-02-26T14:52:56.937+0000] {processor.py:161} INFO - Started process (PID=531) to work on /opt/airflow/dags/ml_pipeline.py
[2026-02-26T14:52:56.939+0000] {processor.py:830} INFO - Processing file /opt/airflow/dags/ml_pipeline.py for tasks to queue
[2026-02-26T14:52:56.941+0000] {logging_mixin.py:188} INFO - [2026-02-26T14:52:56.941+0000] {dagbag.py:538} INFO - Filling up the DagBag from /opt/airflow/dags/ml_pipeline.py
[2026-02-26T14:52:57.293+0000] {processor.py:840} INFO - DAG(s) 'ml_clustering_pipeline' retrieved from /opt/airflow/dags/ml_pipeline.py
[2026-02-26T14:52:57.300+0000] {logging_mixin.py:188} INFO - [2026-02-26T14:52:57.300+0000] {dag.py:3036} INFO - Sync 1 DAGs
[2026-02-26T14:52:57.305+0000] {logging_mixin.py:188} INFO - [2026-02-26T14:52:57.305+0000] {dag.py:3823} INFO - Setting next_dagrun for ml_clustering_pipeline to None, run_after=None
[2026-02-26T14:52:57.312+0000] {processor.py:183} INFO - Processing /opt/airflow/dags/ml_pipeline.py took 0.378 seconds
[2026-02-26T14:53:27.705+0000] {processor.py:161} INFO - Started process (PID=562) to work on /opt/airflow/dags/ml_pipeline.py
[2026-02-26T14:53:27.706+0000] {processor.py:830} INFO - Processing file /opt/airflow/dags/ml_pipeline.py for tasks to queue
[2026-02-26T14:53:27.707+0000] {logging_mixin.py:188} INFO - [2026-02-26T14:53:27.707+0000] {dagbag.py:538} INFO - Filling up the DagBag from /opt/airflow/dags/ml_pipeline.py
[2026-02-26T14:53:28.057+0000] {processor.py:840} INFO - DAG(s) 'ml_clustering_pipeline' retrieved from /opt/airflow/dags/ml_pipeline.py
[2026-02-26T14:53:28.065+0000] {logging_mixin.py:188} INFO - [2026-02-26T14:53:28.065+0000] {dag.py:3036} INFO - Sync 1 DAGs
[2026-02-26T14:53:28.070+0000] {logging_mixin.py:188} INFO - [2026-02-26T14:53:28.070+0000] {dag.py:3823} INFO - Setting next_dagrun for ml_clustering_pipeline to None, run_after=None
[2026-02-26T14:53:28.079+0000] {processor.py:183} INFO - Processing /opt/airflow/dags/ml_pipeline.py took 0.376 seconds
