[2026-02-26T14:45:47.071+0000] {processor.py:161} INFO - Started process (PID=91) to work on /opt/airflow/dags/my_first_dag.py
[2026-02-26T14:45:47.072+0000] {processor.py:830} INFO - Processing file /opt/airflow/dags/my_first_dag.py for tasks to queue
[2026-02-26T14:45:47.073+0000] {logging_mixin.py:188} INFO - [2026-02-26T14:45:47.073+0000] {dagbag.py:538} INFO - Filling up the DagBag from /opt/airflow/dags/my_first_dag.py
[2026-02-26T14:45:47.081+0000] {processor.py:840} INFO - DAG(s) 'my_first_dag' retrieved from /opt/airflow/dags/my_first_dag.py
[2026-02-26T14:45:47.092+0000] {logging_mixin.py:188} INFO - [2026-02-26T14:45:47.092+0000] {dag.py:3036} INFO - Sync 1 DAGs
[2026-02-26T14:45:47.104+0000] {logging_mixin.py:188} INFO - [2026-02-26T14:45:47.103+0000] {dag.py:3823} INFO - Setting next_dagrun for my_first_dag to 2026-02-26 00:00:00+00:00, run_after=2026-02-27 00:00:00+00:00
[2026-02-26T14:45:47.112+0000] {processor.py:183} INFO - Processing /opt/airflow/dags/my_first_dag.py took 0.042 seconds
[2026-02-26T14:46:17.731+0000] {processor.py:161} INFO - Started process (PID=134) to work on /opt/airflow/dags/my_first_dag.py
[2026-02-26T14:46:17.731+0000] {processor.py:830} INFO - Processing file /opt/airflow/dags/my_first_dag.py for tasks to queue
[2026-02-26T14:46:17.732+0000] {logging_mixin.py:188} INFO - [2026-02-26T14:46:17.732+0000] {dagbag.py:538} INFO - Filling up the DagBag from /opt/airflow/dags/my_first_dag.py
[2026-02-26T14:46:17.736+0000] {processor.py:840} INFO - DAG(s) 'my_first_dag' retrieved from /opt/airflow/dags/my_first_dag.py
[2026-02-26T14:46:17.744+0000] {logging_mixin.py:188} INFO - [2026-02-26T14:46:17.744+0000] {dag.py:3036} INFO - Sync 1 DAGs
[2026-02-26T14:46:17.752+0000] {logging_mixin.py:188} INFO - [2026-02-26T14:46:17.752+0000] {dag.py:3823} INFO - Setting next_dagrun for my_first_dag to 2026-02-26 00:00:00+00:00, run_after=2026-02-27 00:00:00+00:00
[2026-02-26T14:46:17.758+0000] {processor.py:183} INFO - Processing /opt/airflow/dags/my_first_dag.py took 0.029 seconds
[2026-02-26T14:46:48.402+0000] {processor.py:161} INFO - Started process (PID=181) to work on /opt/airflow/dags/my_first_dag.py
[2026-02-26T14:46:48.402+0000] {processor.py:830} INFO - Processing file /opt/airflow/dags/my_first_dag.py for tasks to queue
[2026-02-26T14:46:48.403+0000] {logging_mixin.py:188} INFO - [2026-02-26T14:46:48.403+0000] {dagbag.py:538} INFO - Filling up the DagBag from /opt/airflow/dags/my_first_dag.py
[2026-02-26T14:46:48.407+0000] {processor.py:840} INFO - DAG(s) 'my_first_dag' retrieved from /opt/airflow/dags/my_first_dag.py
[2026-02-26T14:46:48.416+0000] {logging_mixin.py:188} INFO - [2026-02-26T14:46:48.415+0000] {dag.py:3036} INFO - Sync 1 DAGs
[2026-02-26T14:46:48.424+0000] {logging_mixin.py:188} INFO - [2026-02-26T14:46:48.424+0000] {dag.py:3823} INFO - Setting next_dagrun for my_first_dag to 2026-02-26 00:00:00+00:00, run_after=2026-02-27 00:00:00+00:00
[2026-02-26T14:46:48.429+0000] {processor.py:183} INFO - Processing /opt/airflow/dags/my_first_dag.py took 0.029 seconds
[2026-02-26T14:47:19.089+0000] {processor.py:161} INFO - Started process (PID=211) to work on /opt/airflow/dags/my_first_dag.py
[2026-02-26T14:47:19.089+0000] {processor.py:830} INFO - Processing file /opt/airflow/dags/my_first_dag.py for tasks to queue
[2026-02-26T14:47:19.090+0000] {logging_mixin.py:188} INFO - [2026-02-26T14:47:19.090+0000] {dagbag.py:538} INFO - Filling up the DagBag from /opt/airflow/dags/my_first_dag.py
[2026-02-26T14:47:19.094+0000] {processor.py:840} INFO - DAG(s) 'my_first_dag' retrieved from /opt/airflow/dags/my_first_dag.py
[2026-02-26T14:47:19.102+0000] {logging_mixin.py:188} INFO - [2026-02-26T14:47:19.102+0000] {dag.py:3036} INFO - Sync 1 DAGs
[2026-02-26T14:47:19.109+0000] {logging_mixin.py:188} INFO - [2026-02-26T14:47:19.109+0000] {dag.py:3823} INFO - Setting next_dagrun for my_first_dag to 2026-02-26 00:00:00+00:00, run_after=2026-02-27 00:00:00+00:00
[2026-02-26T14:47:19.114+0000] {processor.py:183} INFO - Processing /opt/airflow/dags/my_first_dag.py took 0.026 seconds
[2026-02-26T14:47:49.875+0000] {processor.py:161} INFO - Started process (PID=242) to work on /opt/airflow/dags/my_first_dag.py
[2026-02-26T14:47:49.875+0000] {processor.py:830} INFO - Processing file /opt/airflow/dags/my_first_dag.py for tasks to queue
[2026-02-26T14:47:49.876+0000] {logging_mixin.py:188} INFO - [2026-02-26T14:47:49.876+0000] {dagbag.py:538} INFO - Filling up the DagBag from /opt/airflow/dags/my_first_dag.py
[2026-02-26T14:47:49.880+0000] {processor.py:840} INFO - DAG(s) 'my_first_dag' retrieved from /opt/airflow/dags/my_first_dag.py
[2026-02-26T14:47:49.887+0000] {logging_mixin.py:188} INFO - [2026-02-26T14:47:49.887+0000] {dag.py:3036} INFO - Sync 1 DAGs
[2026-02-26T14:47:49.894+0000] {logging_mixin.py:188} INFO - [2026-02-26T14:47:49.894+0000] {dag.py:3823} INFO - Setting next_dagrun for my_first_dag to 2026-02-26 00:00:00+00:00, run_after=2026-02-27 00:00:00+00:00
[2026-02-26T14:47:49.899+0000] {processor.py:183} INFO - Processing /opt/airflow/dags/my_first_dag.py took 0.026 seconds
[2026-02-26T14:48:20.563+0000] {processor.py:161} INFO - Started process (PID=273) to work on /opt/airflow/dags/my_first_dag.py
[2026-02-26T14:48:20.564+0000] {processor.py:830} INFO - Processing file /opt/airflow/dags/my_first_dag.py for tasks to queue
[2026-02-26T14:48:20.564+0000] {logging_mixin.py:188} INFO - [2026-02-26T14:48:20.564+0000] {dagbag.py:538} INFO - Filling up the DagBag from /opt/airflow/dags/my_first_dag.py
[2026-02-26T14:48:20.571+0000] {processor.py:840} INFO - DAG(s) 'my_first_dag' retrieved from /opt/airflow/dags/my_first_dag.py
[2026-02-26T14:48:20.581+0000] {logging_mixin.py:188} INFO - [2026-02-26T14:48:20.581+0000] {dag.py:3036} INFO - Sync 1 DAGs
[2026-02-26T14:48:20.589+0000] {logging_mixin.py:188} INFO - [2026-02-26T14:48:20.589+0000] {dag.py:3823} INFO - Setting next_dagrun for my_first_dag to 2026-02-26 00:00:00+00:00, run_after=2026-02-27 00:00:00+00:00
[2026-02-26T14:48:20.595+0000] {processor.py:183} INFO - Processing /opt/airflow/dags/my_first_dag.py took 0.034 seconds
[2026-02-26T14:48:51.325+0000] {processor.py:161} INFO - Started process (PID=304) to work on /opt/airflow/dags/my_first_dag.py
[2026-02-26T14:48:51.325+0000] {processor.py:830} INFO - Processing file /opt/airflow/dags/my_first_dag.py for tasks to queue
[2026-02-26T14:48:51.326+0000] {logging_mixin.py:188} INFO - [2026-02-26T14:48:51.326+0000] {dagbag.py:538} INFO - Filling up the DagBag from /opt/airflow/dags/my_first_dag.py
[2026-02-26T14:48:51.331+0000] {processor.py:840} INFO - DAG(s) 'my_first_dag' retrieved from /opt/airflow/dags/my_first_dag.py
[2026-02-26T14:48:51.340+0000] {logging_mixin.py:188} INFO - [2026-02-26T14:48:51.340+0000] {dag.py:3036} INFO - Sync 1 DAGs
[2026-02-26T14:48:51.349+0000] {logging_mixin.py:188} INFO - [2026-02-26T14:48:51.349+0000] {dag.py:3823} INFO - Setting next_dagrun for my_first_dag to 2026-02-26 00:00:00+00:00, run_after=2026-02-27 00:00:00+00:00
[2026-02-26T14:48:51.355+0000] {processor.py:183} INFO - Processing /opt/airflow/dags/my_first_dag.py took 0.032 seconds
[2026-02-26T14:49:22.024+0000] {processor.py:161} INFO - Started process (PID=335) to work on /opt/airflow/dags/my_first_dag.py
[2026-02-26T14:49:22.024+0000] {processor.py:830} INFO - Processing file /opt/airflow/dags/my_first_dag.py for tasks to queue
[2026-02-26T14:49:22.025+0000] {logging_mixin.py:188} INFO - [2026-02-26T14:49:22.025+0000] {dagbag.py:538} INFO - Filling up the DagBag from /opt/airflow/dags/my_first_dag.py
[2026-02-26T14:49:22.029+0000] {processor.py:840} INFO - DAG(s) 'my_first_dag' retrieved from /opt/airflow/dags/my_first_dag.py
[2026-02-26T14:49:22.037+0000] {logging_mixin.py:188} INFO - [2026-02-26T14:49:22.037+0000] {dag.py:3036} INFO - Sync 1 DAGs
[2026-02-26T14:49:22.045+0000] {logging_mixin.py:188} INFO - [2026-02-26T14:49:22.045+0000] {dag.py:3823} INFO - Setting next_dagrun for my_first_dag to 2026-02-26 00:00:00+00:00, run_after=2026-02-27 00:00:00+00:00
[2026-02-26T14:49:22.051+0000] {processor.py:183} INFO - Processing /opt/airflow/dags/my_first_dag.py took 0.028 seconds
[2026-02-26T14:49:52.732+0000] {processor.py:161} INFO - Started process (PID=366) to work on /opt/airflow/dags/my_first_dag.py
[2026-02-26T14:49:52.733+0000] {processor.py:830} INFO - Processing file /opt/airflow/dags/my_first_dag.py for tasks to queue
[2026-02-26T14:49:52.733+0000] {logging_mixin.py:188} INFO - [2026-02-26T14:49:52.733+0000] {dagbag.py:538} INFO - Filling up the DagBag from /opt/airflow/dags/my_first_dag.py
[2026-02-26T14:49:52.738+0000] {processor.py:840} INFO - DAG(s) 'my_first_dag' retrieved from /opt/airflow/dags/my_first_dag.py
[2026-02-26T14:49:52.745+0000] {logging_mixin.py:188} INFO - [2026-02-26T14:49:52.745+0000] {dag.py:3036} INFO - Sync 1 DAGs
[2026-02-26T14:49:52.753+0000] {logging_mixin.py:188} INFO - [2026-02-26T14:49:52.752+0000] {dag.py:3823} INFO - Setting next_dagrun for my_first_dag to 2026-02-26 00:00:00+00:00, run_after=2026-02-27 00:00:00+00:00
[2026-02-26T14:49:52.758+0000] {processor.py:183} INFO - Processing /opt/airflow/dags/my_first_dag.py took 0.028 seconds
[2026-02-26T14:50:23.484+0000] {processor.py:161} INFO - Started process (PID=397) to work on /opt/airflow/dags/my_first_dag.py
[2026-02-26T14:50:23.484+0000] {processor.py:830} INFO - Processing file /opt/airflow/dags/my_first_dag.py for tasks to queue
[2026-02-26T14:50:23.485+0000] {logging_mixin.py:188} INFO - [2026-02-26T14:50:23.485+0000] {dagbag.py:538} INFO - Filling up the DagBag from /opt/airflow/dags/my_first_dag.py
[2026-02-26T14:50:23.490+0000] {processor.py:840} INFO - DAG(s) 'my_first_dag' retrieved from /opt/airflow/dags/my_first_dag.py
[2026-02-26T14:50:23.498+0000] {logging_mixin.py:188} INFO - [2026-02-26T14:50:23.498+0000] {dag.py:3036} INFO - Sync 1 DAGs
[2026-02-26T14:50:23.506+0000] {logging_mixin.py:188} INFO - [2026-02-26T14:50:23.505+0000] {dag.py:3823} INFO - Setting next_dagrun for my_first_dag to 2026-02-26 00:00:00+00:00, run_after=2026-02-27 00:00:00+00:00
[2026-02-26T14:50:23.511+0000] {processor.py:183} INFO - Processing /opt/airflow/dags/my_first_dag.py took 0.028 seconds
[2026-02-26T14:50:54.256+0000] {processor.py:161} INFO - Started process (PID=428) to work on /opt/airflow/dags/my_first_dag.py
[2026-02-26T14:50:54.256+0000] {processor.py:830} INFO - Processing file /opt/airflow/dags/my_first_dag.py for tasks to queue
[2026-02-26T14:50:54.257+0000] {logging_mixin.py:188} INFO - [2026-02-26T14:50:54.257+0000] {dagbag.py:538} INFO - Filling up the DagBag from /opt/airflow/dags/my_first_dag.py
[2026-02-26T14:50:54.262+0000] {processor.py:840} INFO - DAG(s) 'my_first_dag' retrieved from /opt/airflow/dags/my_first_dag.py
[2026-02-26T14:50:54.270+0000] {logging_mixin.py:188} INFO - [2026-02-26T14:50:54.270+0000] {dag.py:3036} INFO - Sync 1 DAGs
[2026-02-26T14:50:54.278+0000] {logging_mixin.py:188} INFO - [2026-02-26T14:50:54.278+0000] {dag.py:3823} INFO - Setting next_dagrun for my_first_dag to 2026-02-26 00:00:00+00:00, run_after=2026-02-27 00:00:00+00:00
[2026-02-26T14:50:54.283+0000] {processor.py:183} INFO - Processing /opt/airflow/dags/my_first_dag.py took 0.029 seconds
[2026-02-26T14:51:25.046+0000] {processor.py:161} INFO - Started process (PID=459) to work on /opt/airflow/dags/my_first_dag.py
[2026-02-26T14:51:25.046+0000] {processor.py:830} INFO - Processing file /opt/airflow/dags/my_first_dag.py for tasks to queue
[2026-02-26T14:51:25.047+0000] {logging_mixin.py:188} INFO - [2026-02-26T14:51:25.047+0000] {dagbag.py:538} INFO - Filling up the DagBag from /opt/airflow/dags/my_first_dag.py
[2026-02-26T14:51:25.051+0000] {processor.py:840} INFO - DAG(s) 'my_first_dag' retrieved from /opt/airflow/dags/my_first_dag.py
[2026-02-26T14:51:25.060+0000] {logging_mixin.py:188} INFO - [2026-02-26T14:51:25.060+0000] {dag.py:3036} INFO - Sync 1 DAGs
[2026-02-26T14:51:25.068+0000] {logging_mixin.py:188} INFO - [2026-02-26T14:51:25.068+0000] {dag.py:3823} INFO - Setting next_dagrun for my_first_dag to 2026-02-26 00:00:00+00:00, run_after=2026-02-27 00:00:00+00:00
[2026-02-26T14:51:25.074+0000] {processor.py:183} INFO - Processing /opt/airflow/dags/my_first_dag.py took 0.030 seconds
[2026-02-26T14:51:55.846+0000] {processor.py:161} INFO - Started process (PID=490) to work on /opt/airflow/dags/my_first_dag.py
[2026-02-26T14:51:55.847+0000] {processor.py:830} INFO - Processing file /opt/airflow/dags/my_first_dag.py for tasks to queue
[2026-02-26T14:51:55.847+0000] {logging_mixin.py:188} INFO - [2026-02-26T14:51:55.847+0000] {dagbag.py:538} INFO - Filling up the DagBag from /opt/airflow/dags/my_first_dag.py
[2026-02-26T14:51:55.852+0000] {processor.py:840} INFO - DAG(s) 'my_first_dag' retrieved from /opt/airflow/dags/my_first_dag.py
[2026-02-26T14:51:55.860+0000] {logging_mixin.py:188} INFO - [2026-02-26T14:51:55.860+0000] {dag.py:3036} INFO - Sync 1 DAGs
[2026-02-26T14:51:55.868+0000] {logging_mixin.py:188} INFO - [2026-02-26T14:51:55.868+0000] {dag.py:3823} INFO - Setting next_dagrun for my_first_dag to 2026-02-26 00:00:00+00:00, run_after=2026-02-27 00:00:00+00:00
[2026-02-26T14:51:55.873+0000] {processor.py:183} INFO - Processing /opt/airflow/dags/my_first_dag.py took 0.028 seconds
[2026-02-26T14:52:26.581+0000] {processor.py:161} INFO - Started process (PID=521) to work on /opt/airflow/dags/my_first_dag.py
[2026-02-26T14:52:26.581+0000] {processor.py:830} INFO - Processing file /opt/airflow/dags/my_first_dag.py for tasks to queue
[2026-02-26T14:52:26.582+0000] {logging_mixin.py:188} INFO - [2026-02-26T14:52:26.582+0000] {dagbag.py:538} INFO - Filling up the DagBag from /opt/airflow/dags/my_first_dag.py
[2026-02-26T14:52:26.586+0000] {processor.py:840} INFO - DAG(s) 'my_first_dag' retrieved from /opt/airflow/dags/my_first_dag.py
[2026-02-26T14:52:26.594+0000] {logging_mixin.py:188} INFO - [2026-02-26T14:52:26.594+0000] {dag.py:3036} INFO - Sync 1 DAGs
[2026-02-26T14:52:26.602+0000] {logging_mixin.py:188} INFO - [2026-02-26T14:52:26.601+0000] {dag.py:3823} INFO - Setting next_dagrun for my_first_dag to 2026-02-26 00:00:00+00:00, run_after=2026-02-27 00:00:00+00:00
[2026-02-26T14:52:26.607+0000] {processor.py:183} INFO - Processing /opt/airflow/dags/my_first_dag.py took 0.028 seconds
[2026-02-26T14:52:57.295+0000] {processor.py:161} INFO - Started process (PID=552) to work on /opt/airflow/dags/my_first_dag.py
[2026-02-26T14:52:57.296+0000] {processor.py:830} INFO - Processing file /opt/airflow/dags/my_first_dag.py for tasks to queue
[2026-02-26T14:52:57.296+0000] {logging_mixin.py:188} INFO - [2026-02-26T14:52:57.296+0000] {dagbag.py:538} INFO - Filling up the DagBag from /opt/airflow/dags/my_first_dag.py
[2026-02-26T14:52:57.301+0000] {processor.py:840} INFO - DAG(s) 'my_first_dag' retrieved from /opt/airflow/dags/my_first_dag.py
[2026-02-26T14:52:57.312+0000] {logging_mixin.py:188} INFO - [2026-02-26T14:52:57.312+0000] {dag.py:3036} INFO - Sync 1 DAGs
[2026-02-26T14:52:57.321+0000] {logging_mixin.py:188} INFO - [2026-02-26T14:52:57.321+0000] {dag.py:3823} INFO - Setting next_dagrun for my_first_dag to 2026-02-26 00:00:00+00:00, run_after=2026-02-27 00:00:00+00:00
[2026-02-26T14:52:57.326+0000] {processor.py:183} INFO - Processing /opt/airflow/dags/my_first_dag.py took 0.032 seconds
[2026-02-26T14:53:28.090+0000] {processor.py:161} INFO - Started process (PID=583) to work on /opt/airflow/dags/my_first_dag.py
[2026-02-26T14:53:28.090+0000] {processor.py:830} INFO - Processing file /opt/airflow/dags/my_first_dag.py for tasks to queue
[2026-02-26T14:53:28.091+0000] {logging_mixin.py:188} INFO - [2026-02-26T14:53:28.091+0000] {dagbag.py:538} INFO - Filling up the DagBag from /opt/airflow/dags/my_first_dag.py
[2026-02-26T14:53:28.096+0000] {processor.py:840} INFO - DAG(s) 'my_first_dag' retrieved from /opt/airflow/dags/my_first_dag.py
[2026-02-26T14:53:28.104+0000] {logging_mixin.py:188} INFO - [2026-02-26T14:53:28.103+0000] {dag.py:3036} INFO - Sync 1 DAGs
[2026-02-26T14:53:28.112+0000] {logging_mixin.py:188} INFO - [2026-02-26T14:53:28.111+0000] {dag.py:3823} INFO - Setting next_dagrun for my_first_dag to 2026-02-26 00:00:00+00:00, run_after=2026-02-27 00:00:00+00:00
[2026-02-26T14:53:28.117+0000] {processor.py:183} INFO - Processing /opt/airflow/dags/my_first_dag.py took 0.028 seconds
