[2026-02-26T14:45:45.891+0000] {processor.py:161} INFO - Started process (PID=65) to work on /opt/airflow/dags/sandbox.py
[2026-02-26T14:45:45.891+0000] {processor.py:830} INFO - Processing file /opt/airflow/dags/sandbox.py for tasks to queue
[2026-02-26T14:45:45.892+0000] {logging_mixin.py:188} INFO - [2026-02-26T14:45:45.892+0000] {dagbag.py:538} INFO - Filling up the DagBag from /opt/airflow/dags/sandbox.py
[2026-02-26T14:45:45.903+0000] {processor.py:840} INFO - DAG(s) 'sandbox_demo' retrieved from /opt/airflow/dags/sandbox.py
[2026-02-26T14:45:45.923+0000] {logging_mixin.py:188} INFO - [2026-02-26T14:45:45.923+0000] {dag.py:3036} INFO - Sync 1 DAGs
[2026-02-26T14:45:45.939+0000] {logging_mixin.py:188} INFO - [2026-02-26T14:45:45.938+0000] {dag.py:3823} INFO - Setting next_dagrun for sandbox_demo to 2026-02-25 02:00:00+00:00, run_after=2026-02-26 02:00:00+00:00
[2026-02-26T14:45:45.953+0000] {processor.py:183} INFO - Processing /opt/airflow/dags/sandbox.py took 0.064 seconds
[2026-02-26T14:46:16.236+0000] {processor.py:161} INFO - Started process (PID=99) to work on /opt/airflow/dags/sandbox.py
[2026-02-26T14:46:16.238+0000] {processor.py:830} INFO - Processing file /opt/airflow/dags/sandbox.py for tasks to queue
[2026-02-26T14:46:16.243+0000] {logging_mixin.py:188} INFO - [2026-02-26T14:46:16.243+0000] {dagbag.py:538} INFO - Filling up the DagBag from /opt/airflow/dags/sandbox.py
[2026-02-26T14:46:16.260+0000] {processor.py:840} INFO - DAG(s) 'sandbox_demo' retrieved from /opt/airflow/dags/sandbox.py
[2026-02-26T14:46:16.289+0000] {logging_mixin.py:188} INFO - [2026-02-26T14:46:16.288+0000] {dag.py:3036} INFO - Sync 1 DAGs
[2026-02-26T14:46:16.309+0000] {logging_mixin.py:188} INFO - [2026-02-26T14:46:16.309+0000] {dag.py:3823} INFO - Setting next_dagrun for sandbox_demo to 2026-02-26 02:00:00+00:00, run_after=2026-02-27 02:00:00+00:00
[2026-02-26T14:46:16.326+0000] {processor.py:183} INFO - Processing /opt/airflow/dags/sandbox.py took 0.092 seconds
[2026-02-26T14:46:46.959+0000] {processor.py:161} INFO - Started process (PID=152) to work on /opt/airflow/dags/sandbox.py
[2026-02-26T14:46:46.961+0000] {processor.py:830} INFO - Processing file /opt/airflow/dags/sandbox.py for tasks to queue
[2026-02-26T14:46:46.963+0000] {logging_mixin.py:188} INFO - [2026-02-26T14:46:46.963+0000] {dagbag.py:538} INFO - Filling up the DagBag from /opt/airflow/dags/sandbox.py
[2026-02-26T14:46:46.980+0000] {processor.py:840} INFO - DAG(s) 'sandbox_demo' retrieved from /opt/airflow/dags/sandbox.py
[2026-02-26T14:46:46.996+0000] {logging_mixin.py:188} INFO - [2026-02-26T14:46:46.996+0000] {dag.py:3036} INFO - Sync 1 DAGs
[2026-02-26T14:46:47.006+0000] {logging_mixin.py:188} INFO - [2026-02-26T14:46:47.006+0000] {dag.py:3823} INFO - Setting next_dagrun for sandbox_demo to 2026-02-26 02:00:00+00:00, run_after=2026-02-27 02:00:00+00:00
[2026-02-26T14:46:47.012+0000] {processor.py:183} INFO - Processing /opt/airflow/dags/sandbox.py took 0.054 seconds
[2026-02-26T14:47:17.643+0000] {processor.py:161} INFO - Started process (PID=183) to work on /opt/airflow/dags/sandbox.py
[2026-02-26T14:47:17.644+0000] {processor.py:830} INFO - Processing file /opt/airflow/dags/sandbox.py for tasks to queue
[2026-02-26T14:47:17.645+0000] {logging_mixin.py:188} INFO - [2026-02-26T14:47:17.645+0000] {dagbag.py:538} INFO - Filling up the DagBag from /opt/airflow/dags/sandbox.py
[2026-02-26T14:47:17.659+0000] {processor.py:840} INFO - DAG(s) 'sandbox_demo' retrieved from /opt/airflow/dags/sandbox.py
[2026-02-26T14:47:17.681+0000] {logging_mixin.py:188} INFO - [2026-02-26T14:47:17.681+0000] {dag.py:3036} INFO - Sync 1 DAGs
[2026-02-26T14:47:17.690+0000] {logging_mixin.py:188} INFO - [2026-02-26T14:47:17.690+0000] {dag.py:3823} INFO - Setting next_dagrun for sandbox_demo to 2026-02-26 02:00:00+00:00, run_after=2026-02-27 02:00:00+00:00
[2026-02-26T14:47:17.695+0000] {processor.py:183} INFO - Processing /opt/airflow/dags/sandbox.py took 0.056 seconds
[2026-02-26T14:47:48.404+0000] {processor.py:161} INFO - Started process (PID=219) to work on /opt/airflow/dags/sandbox.py
[2026-02-26T14:47:48.406+0000] {processor.py:830} INFO - Processing file /opt/airflow/dags/sandbox.py for tasks to queue
[2026-02-26T14:47:48.408+0000] {logging_mixin.py:188} INFO - [2026-02-26T14:47:48.407+0000] {dagbag.py:538} INFO - Filling up the DagBag from /opt/airflow/dags/sandbox.py
[2026-02-26T14:47:48.426+0000] {processor.py:840} INFO - DAG(s) 'sandbox_demo' retrieved from /opt/airflow/dags/sandbox.py
[2026-02-26T14:47:48.448+0000] {logging_mixin.py:188} INFO - [2026-02-26T14:47:48.447+0000] {dag.py:3036} INFO - Sync 1 DAGs
[2026-02-26T14:47:48.456+0000] {logging_mixin.py:188} INFO - [2026-02-26T14:47:48.456+0000] {dag.py:3823} INFO - Setting next_dagrun for sandbox_demo to 2026-02-26 02:00:00+00:00, run_after=2026-02-27 02:00:00+00:00
[2026-02-26T14:47:48.462+0000] {processor.py:183} INFO - Processing /opt/airflow/dags/sandbox.py took 0.060 seconds
[2026-02-26T14:48:19.141+0000] {processor.py:161} INFO - Started process (PID=250) to work on /opt/airflow/dags/sandbox.py
[2026-02-26T14:48:19.142+0000] {processor.py:830} INFO - Processing file /opt/airflow/dags/sandbox.py for tasks to queue
[2026-02-26T14:48:19.144+0000] {logging_mixin.py:188} INFO - [2026-02-26T14:48:19.144+0000] {dagbag.py:538} INFO - Filling up the DagBag from /opt/airflow/dags/sandbox.py
[2026-02-26T14:48:19.161+0000] {processor.py:840} INFO - DAG(s) 'sandbox_demo' retrieved from /opt/airflow/dags/sandbox.py
[2026-02-26T14:48:19.175+0000] {logging_mixin.py:188} INFO - [2026-02-26T14:48:19.175+0000] {dag.py:3036} INFO - Sync 1 DAGs
[2026-02-26T14:48:19.186+0000] {logging_mixin.py:188} INFO - [2026-02-26T14:48:19.186+0000] {dag.py:3823} INFO - Setting next_dagrun for sandbox_demo to 2026-02-26 02:00:00+00:00, run_after=2026-02-27 02:00:00+00:00
[2026-02-26T14:48:19.192+0000] {processor.py:183} INFO - Processing /opt/airflow/dags/sandbox.py took 0.054 seconds
[2026-02-26T14:48:49.874+0000] {processor.py:161} INFO - Started process (PID=281) to work on /opt/airflow/dags/sandbox.py
[2026-02-26T14:48:49.875+0000] {processor.py:830} INFO - Processing file /opt/airflow/dags/sandbox.py for tasks to queue
[2026-02-26T14:48:49.878+0000] {logging_mixin.py:188} INFO - [2026-02-26T14:48:49.878+0000] {dagbag.py:538} INFO - Filling up the DagBag from /opt/airflow/dags/sandbox.py
[2026-02-26T14:48:49.892+0000] {processor.py:840} INFO - DAG(s) 'sandbox_demo' retrieved from /opt/airflow/dags/sandbox.py
[2026-02-26T14:48:49.908+0000] {logging_mixin.py:188} INFO - [2026-02-26T14:48:49.907+0000] {dag.py:3036} INFO - Sync 1 DAGs
[2026-02-26T14:48:49.917+0000] {logging_mixin.py:188} INFO - [2026-02-26T14:48:49.917+0000] {dag.py:3823} INFO - Setting next_dagrun for sandbox_demo to 2026-02-26 02:00:00+00:00, run_after=2026-02-27 02:00:00+00:00
[2026-02-26T14:48:49.924+0000] {processor.py:183} INFO - Processing /opt/airflow/dags/sandbox.py took 0.053 seconds
[2026-02-26T14:49:20.575+0000] {processor.py:161} INFO - Started process (PID=312) to work on /opt/airflow/dags/sandbox.py
[2026-02-26T14:49:20.576+0000] {processor.py:830} INFO - Processing file /opt/airflow/dags/sandbox.py for tasks to queue
[2026-02-26T14:49:20.579+0000] {logging_mixin.py:188} INFO - [2026-02-26T14:49:20.579+0000] {dagbag.py:538} INFO - Filling up the DagBag from /opt/airflow/dags/sandbox.py
[2026-02-26T14:49:20.595+0000] {processor.py:840} INFO - DAG(s) 'sandbox_demo' retrieved from /opt/airflow/dags/sandbox.py
[2026-02-26T14:49:20.610+0000] {logging_mixin.py:188} INFO - [2026-02-26T14:49:20.610+0000] {dag.py:3036} INFO - Sync 1 DAGs
[2026-02-26T14:49:20.621+0000] {logging_mixin.py:188} INFO - [2026-02-26T14:49:20.620+0000] {dag.py:3823} INFO - Setting next_dagrun for sandbox_demo to 2026-02-26 02:00:00+00:00, run_after=2026-02-27 02:00:00+00:00
[2026-02-26T14:49:20.626+0000] {processor.py:183} INFO - Processing /opt/airflow/dags/sandbox.py took 0.054 seconds
[2026-02-26T14:49:51.310+0000] {processor.py:161} INFO - Started process (PID=343) to work on /opt/airflow/dags/sandbox.py
[2026-02-26T14:49:51.311+0000] {processor.py:830} INFO - Processing file /opt/airflow/dags/sandbox.py for tasks to queue
[2026-02-26T14:49:51.313+0000] {logging_mixin.py:188} INFO - [2026-02-26T14:49:51.313+0000] {dagbag.py:538} INFO - Filling up the DagBag from /opt/airflow/dags/sandbox.py
[2026-02-26T14:49:51.327+0000] {processor.py:840} INFO - DAG(s) 'sandbox_demo' retrieved from /opt/airflow/dags/sandbox.py
[2026-02-26T14:49:51.342+0000] {logging_mixin.py:188} INFO - [2026-02-26T14:49:51.342+0000] {dag.py:3036} INFO - Sync 1 DAGs
[2026-02-26T14:49:51.353+0000] {logging_mixin.py:188} INFO - [2026-02-26T14:49:51.353+0000] {dag.py:3823} INFO - Setting next_dagrun for sandbox_demo to 2026-02-26 02:00:00+00:00, run_after=2026-02-27 02:00:00+00:00
[2026-02-26T14:49:51.359+0000] {processor.py:183} INFO - Processing /opt/airflow/dags/sandbox.py took 0.052 seconds
[2026-02-26T14:50:22.000+0000] {processor.py:161} INFO - Started process (PID=374) to work on /opt/airflow/dags/sandbox.py
[2026-02-26T14:50:22.001+0000] {processor.py:830} INFO - Processing file /opt/airflow/dags/sandbox.py for tasks to queue
[2026-02-26T14:50:22.003+0000] {logging_mixin.py:188} INFO - [2026-02-26T14:50:22.003+0000] {dagbag.py:538} INFO - Filling up the DagBag from /opt/airflow/dags/sandbox.py
[2026-02-26T14:50:22.014+0000] {processor.py:840} INFO - DAG(s) 'sandbox_demo' retrieved from /opt/airflow/dags/sandbox.py
[2026-02-26T14:50:22.034+0000] {logging_mixin.py:188} INFO - [2026-02-26T14:50:22.033+0000] {dag.py:3036} INFO - Sync 1 DAGs
[2026-02-26T14:50:22.043+0000] {logging_mixin.py:188} INFO - [2026-02-26T14:50:22.042+0000] {dag.py:3823} INFO - Setting next_dagrun for sandbox_demo to 2026-02-26 02:00:00+00:00, run_after=2026-02-27 02:00:00+00:00
[2026-02-26T14:50:22.049+0000] {processor.py:183} INFO - Processing /opt/airflow/dags/sandbox.py took 0.051 seconds
[2026-02-26T14:50:52.823+0000] {processor.py:161} INFO - Started process (PID=405) to work on /opt/airflow/dags/sandbox.py
[2026-02-26T14:50:52.824+0000] {processor.py:830} INFO - Processing file /opt/airflow/dags/sandbox.py for tasks to queue
[2026-02-26T14:50:52.827+0000] {logging_mixin.py:188} INFO - [2026-02-26T14:50:52.827+0000] {dagbag.py:538} INFO - Filling up the DagBag from /opt/airflow/dags/sandbox.py
[2026-02-26T14:50:52.840+0000] {processor.py:840} INFO - DAG(s) 'sandbox_demo' retrieved from /opt/airflow/dags/sandbox.py
[2026-02-26T14:50:52.856+0000] {logging_mixin.py:188} INFO - [2026-02-26T14:50:52.856+0000] {dag.py:3036} INFO - Sync 1 DAGs
[2026-02-26T14:50:52.866+0000] {logging_mixin.py:188} INFO - [2026-02-26T14:50:52.866+0000] {dag.py:3823} INFO - Setting next_dagrun for sandbox_demo to 2026-02-26 02:00:00+00:00, run_after=2026-02-27 02:00:00+00:00
[2026-02-26T14:50:52.872+0000] {processor.py:183} INFO - Processing /opt/airflow/dags/sandbox.py took 0.052 seconds
[2026-02-26T14:51:23.584+0000] {processor.py:161} INFO - Started process (PID=436) to work on /opt/airflow/dags/sandbox.py
[2026-02-26T14:51:23.584+0000] {processor.py:830} INFO - Processing file /opt/airflow/dags/sandbox.py for tasks to queue
[2026-02-26T14:51:23.585+0000] {logging_mixin.py:188} INFO - [2026-02-26T14:51:23.585+0000] {dagbag.py:538} INFO - Filling up the DagBag from /opt/airflow/dags/sandbox.py
[2026-02-26T14:51:23.598+0000] {processor.py:840} INFO - DAG(s) 'sandbox_demo' retrieved from /opt/airflow/dags/sandbox.py
[2026-02-26T14:51:23.612+0000] {logging_mixin.py:188} INFO - [2026-02-26T14:51:23.612+0000] {dag.py:3036} INFO - Sync 1 DAGs
[2026-02-26T14:51:23.622+0000] {logging_mixin.py:188} INFO - [2026-02-26T14:51:23.622+0000] {dag.py:3823} INFO - Setting next_dagrun for sandbox_demo to 2026-02-26 02:00:00+00:00, run_after=2026-02-27 02:00:00+00:00
[2026-02-26T14:51:23.628+0000] {processor.py:183} INFO - Processing /opt/airflow/dags/sandbox.py took 0.047 seconds
[2026-02-26T14:51:54.391+0000] {processor.py:161} INFO - Started process (PID=467) to work on /opt/airflow/dags/sandbox.py
[2026-02-26T14:51:54.392+0000] {processor.py:830} INFO - Processing file /opt/airflow/dags/sandbox.py for tasks to queue
[2026-02-26T14:51:54.394+0000] {logging_mixin.py:188} INFO - [2026-02-26T14:51:54.394+0000] {dagbag.py:538} INFO - Filling up the DagBag from /opt/airflow/dags/sandbox.py
[2026-02-26T14:51:54.406+0000] {processor.py:840} INFO - DAG(s) 'sandbox_demo' retrieved from /opt/airflow/dags/sandbox.py
[2026-02-26T14:51:54.420+0000] {logging_mixin.py:188} INFO - [2026-02-26T14:51:54.420+0000] {dag.py:3036} INFO - Sync 1 DAGs
[2026-02-26T14:51:54.429+0000] {logging_mixin.py:188} INFO - [2026-02-26T14:51:54.429+0000] {dag.py:3823} INFO - Setting next_dagrun for sandbox_demo to 2026-02-26 02:00:00+00:00, run_after=2026-02-27 02:00:00+00:00
[2026-02-26T14:51:54.438+0000] {processor.py:183} INFO - Processing /opt/airflow/dags/sandbox.py took 0.050 seconds
[2026-02-26T14:52:25.143+0000] {processor.py:161} INFO - Started process (PID=498) to work on /opt/airflow/dags/sandbox.py
[2026-02-26T14:52:25.144+0000] {processor.py:830} INFO - Processing file /opt/airflow/dags/sandbox.py for tasks to queue
[2026-02-26T14:52:25.145+0000] {logging_mixin.py:188} INFO - [2026-02-26T14:52:25.145+0000] {dagbag.py:538} INFO - Filling up the DagBag from /opt/airflow/dags/sandbox.py
[2026-02-26T14:52:25.152+0000] {processor.py:840} INFO - DAG(s) 'sandbox_demo' retrieved from /opt/airflow/dags/sandbox.py
[2026-02-26T14:52:25.165+0000] {logging_mixin.py:188} INFO - [2026-02-26T14:52:25.165+0000] {dag.py:3036} INFO - Sync 1 DAGs
[2026-02-26T14:52:25.174+0000] {logging_mixin.py:188} INFO - [2026-02-26T14:52:25.174+0000] {dag.py:3823} INFO - Setting next_dagrun for sandbox_demo to 2026-02-26 02:00:00+00:00, run_after=2026-02-27 02:00:00+00:00
[2026-02-26T14:52:25.181+0000] {processor.py:183} INFO - Processing /opt/airflow/dags/sandbox.py took 0.039 seconds
[2026-02-26T14:52:55.871+0000] {processor.py:161} INFO - Started process (PID=529) to work on /opt/airflow/dags/sandbox.py
[2026-02-26T14:52:55.872+0000] {processor.py:830} INFO - Processing file /opt/airflow/dags/sandbox.py for tasks to queue
[2026-02-26T14:52:55.872+0000] {logging_mixin.py:188} INFO - [2026-02-26T14:52:55.872+0000] {dagbag.py:538} INFO - Filling up the DagBag from /opt/airflow/dags/sandbox.py
[2026-02-26T14:52:55.884+0000] {processor.py:840} INFO - DAG(s) 'sandbox_demo' retrieved from /opt/airflow/dags/sandbox.py
[2026-02-26T14:52:55.898+0000] {logging_mixin.py:188} INFO - [2026-02-26T14:52:55.898+0000] {dag.py:3036} INFO - Sync 1 DAGs
[2026-02-26T14:52:55.907+0000] {logging_mixin.py:188} INFO - [2026-02-26T14:52:55.907+0000] {dag.py:3823} INFO - Setting next_dagrun for sandbox_demo to 2026-02-26 02:00:00+00:00, run_after=2026-02-27 02:00:00+00:00
[2026-02-26T14:52:55.912+0000] {processor.py:183} INFO - Processing /opt/airflow/dags/sandbox.py took 0.042 seconds
[2026-02-26T14:53:26.641+0000] {processor.py:161} INFO - Started process (PID=560) to work on /opt/airflow/dags/sandbox.py
[2026-02-26T14:53:26.642+0000] {processor.py:830} INFO - Processing file /opt/airflow/dags/sandbox.py for tasks to queue
[2026-02-26T14:53:26.643+0000] {logging_mixin.py:188} INFO - [2026-02-26T14:53:26.643+0000] {dagbag.py:538} INFO - Filling up the DagBag from /opt/airflow/dags/sandbox.py
[2026-02-26T14:53:26.649+0000] {processor.py:840} INFO - DAG(s) 'sandbox_demo' retrieved from /opt/airflow/dags/sandbox.py
[2026-02-26T14:53:26.663+0000] {logging_mixin.py:188} INFO - [2026-02-26T14:53:26.663+0000] {dag.py:3036} INFO - Sync 1 DAGs
[2026-02-26T14:53:26.671+0000] {logging_mixin.py:188} INFO - [2026-02-26T14:53:26.670+0000] {dag.py:3823} INFO - Setting next_dagrun for sandbox_demo to 2026-02-26 02:00:00+00:00, run_after=2026-02-27 02:00:00+00:00
[2026-02-26T14:53:26.677+0000] {processor.py:183} INFO - Processing /opt/airflow/dags/sandbox.py took 0.037 seconds
