[2026-02-10T23:22:07.602+0000] {processor.py:161} INFO - Started process (PID=70) to work on /opt/airflow/dags/sandbox.py
[2026-02-10T23:22:07.604+0000] {processor.py:830} INFO - Processing file /opt/airflow/dags/sandbox.py for tasks to queue
[2026-02-10T23:22:07.605+0000] {logging_mixin.py:188} INFO - [2026-02-10T23:22:07.605+0000] {dagbag.py:538} INFO - Filling up the DagBag from /opt/airflow/dags/sandbox.py
[2026-02-10T23:22:07.631+0000] {processor.py:840} INFO - DAG(s) 'sandbox_demo' retrieved from /opt/airflow/dags/sandbox.py
[2026-02-10T23:22:07.791+0000] {logging_mixin.py:188} INFO - [2026-02-10T23:22:07.790+0000] {override.py:1769} INFO - Created Permission View: can edit on DAG:sandbox_demo
[2026-02-10T23:22:07.796+0000] {logging_mixin.py:188} INFO - [2026-02-10T23:22:07.795+0000] {override.py:1769} INFO - Created Permission View: can read on DAG:sandbox_demo
[2026-02-10T23:22:07.799+0000] {logging_mixin.py:188} INFO - [2026-02-10T23:22:07.799+0000] {override.py:1769} INFO - Created Permission View: can delete on DAG:sandbox_demo
[2026-02-10T23:22:07.799+0000] {logging_mixin.py:188} INFO - [2026-02-10T23:22:07.799+0000] {dag.py:3036} INFO - Sync 1 DAGs
[2026-02-10T23:22:07.804+0000] {logging_mixin.py:188} INFO - [2026-02-10T23:22:07.804+0000] {dag.py:3058} INFO - Creating ORM DAG for sandbox_demo
[2026-02-10T23:22:07.811+0000] {logging_mixin.py:188} INFO - [2026-02-10T23:22:07.810+0000] {dag.py:3823} INFO - Setting next_dagrun for sandbox_demo to 2026-02-09 02:00:00+00:00, run_after=2026-02-10 02:00:00+00:00
[2026-02-10T23:22:07.821+0000] {processor.py:183} INFO - Processing /opt/airflow/dags/sandbox.py took 0.220 seconds
[2026-02-10T23:22:37.918+0000] {processor.py:161} INFO - Started process (PID=89) to work on /opt/airflow/dags/sandbox.py
[2026-02-10T23:22:37.919+0000] {processor.py:830} INFO - Processing file /opt/airflow/dags/sandbox.py for tasks to queue
[2026-02-10T23:22:37.920+0000] {logging_mixin.py:188} INFO - [2026-02-10T23:22:37.920+0000] {dagbag.py:538} INFO - Filling up the DagBag from /opt/airflow/dags/sandbox.py
[2026-02-10T23:22:37.932+0000] {processor.py:840} INFO - DAG(s) 'sandbox_demo' retrieved from /opt/airflow/dags/sandbox.py
[2026-02-10T23:22:37.950+0000] {logging_mixin.py:188} INFO - [2026-02-10T23:22:37.950+0000] {dag.py:3036} INFO - Sync 1 DAGs
[2026-02-10T23:22:37.960+0000] {logging_mixin.py:188} INFO - [2026-02-10T23:22:37.960+0000] {dag.py:3823} INFO - Setting next_dagrun for sandbox_demo to 2026-02-09 02:00:00+00:00, run_after=2026-02-10 02:00:00+00:00
[2026-02-10T23:22:37.967+0000] {processor.py:183} INFO - Processing /opt/airflow/dags/sandbox.py took 0.051 seconds
[2026-02-10T23:23:08.223+0000] {processor.py:161} INFO - Started process (PID=108) to work on /opt/airflow/dags/sandbox.py
[2026-02-10T23:23:08.224+0000] {processor.py:830} INFO - Processing file /opt/airflow/dags/sandbox.py for tasks to queue
[2026-02-10T23:23:08.226+0000] {logging_mixin.py:188} INFO - [2026-02-10T23:23:08.226+0000] {dagbag.py:538} INFO - Filling up the DagBag from /opt/airflow/dags/sandbox.py
[2026-02-10T23:23:08.240+0000] {processor.py:840} INFO - DAG(s) 'sandbox_demo' retrieved from /opt/airflow/dags/sandbox.py
[2026-02-10T23:23:08.258+0000] {logging_mixin.py:188} INFO - [2026-02-10T23:23:08.258+0000] {dag.py:3036} INFO - Sync 1 DAGs
[2026-02-10T23:23:08.270+0000] {logging_mixin.py:188} INFO - [2026-02-10T23:23:08.269+0000] {dag.py:3823} INFO - Setting next_dagrun for sandbox_demo to 2026-02-10 02:00:00+00:00, run_after=2026-02-11 02:00:00+00:00
[2026-02-10T23:23:08.281+0000] {processor.py:183} INFO - Processing /opt/airflow/dags/sandbox.py took 0.061 seconds
[2026-02-10T23:23:38.546+0000] {processor.py:161} INFO - Started process (PID=127) to work on /opt/airflow/dags/sandbox.py
[2026-02-10T23:23:38.547+0000] {processor.py:830} INFO - Processing file /opt/airflow/dags/sandbox.py for tasks to queue
[2026-02-10T23:23:38.548+0000] {logging_mixin.py:188} INFO - [2026-02-10T23:23:38.548+0000] {dagbag.py:538} INFO - Filling up the DagBag from /opt/airflow/dags/sandbox.py
[2026-02-10T23:23:38.558+0000] {processor.py:840} INFO - DAG(s) 'sandbox_demo' retrieved from /opt/airflow/dags/sandbox.py
[2026-02-10T23:23:38.580+0000] {logging_mixin.py:188} INFO - [2026-02-10T23:23:38.580+0000] {dag.py:3036} INFO - Sync 1 DAGs
[2026-02-10T23:23:38.591+0000] {logging_mixin.py:188} INFO - [2026-02-10T23:23:38.591+0000] {dag.py:3823} INFO - Setting next_dagrun for sandbox_demo to 2026-02-10 02:00:00+00:00, run_after=2026-02-11 02:00:00+00:00
[2026-02-10T23:23:38.601+0000] {processor.py:183} INFO - Processing /opt/airflow/dags/sandbox.py took 0.057 seconds
[2026-02-10T23:24:08.895+0000] {processor.py:161} INFO - Started process (PID=146) to work on /opt/airflow/dags/sandbox.py
[2026-02-10T23:24:08.896+0000] {processor.py:830} INFO - Processing file /opt/airflow/dags/sandbox.py for tasks to queue
[2026-02-10T23:24:08.899+0000] {logging_mixin.py:188} INFO - [2026-02-10T23:24:08.899+0000] {dagbag.py:538} INFO - Filling up the DagBag from /opt/airflow/dags/sandbox.py
[2026-02-10T23:24:08.917+0000] {processor.py:840} INFO - DAG(s) 'sandbox_demo' retrieved from /opt/airflow/dags/sandbox.py
[2026-02-10T23:24:08.939+0000] {logging_mixin.py:188} INFO - [2026-02-10T23:24:08.939+0000] {dag.py:3036} INFO - Sync 1 DAGs
[2026-02-10T23:24:08.951+0000] {logging_mixin.py:188} INFO - [2026-02-10T23:24:08.951+0000] {dag.py:3823} INFO - Setting next_dagrun for sandbox_demo to 2026-02-10 02:00:00+00:00, run_after=2026-02-11 02:00:00+00:00
[2026-02-10T23:24:08.959+0000] {processor.py:183} INFO - Processing /opt/airflow/dags/sandbox.py took 0.070 seconds
[2026-02-10T23:24:39.250+0000] {processor.py:161} INFO - Started process (PID=165) to work on /opt/airflow/dags/sandbox.py
[2026-02-10T23:24:39.251+0000] {processor.py:830} INFO - Processing file /opt/airflow/dags/sandbox.py for tasks to queue
[2026-02-10T23:24:39.254+0000] {logging_mixin.py:188} INFO - [2026-02-10T23:24:39.253+0000] {dagbag.py:538} INFO - Filling up the DagBag from /opt/airflow/dags/sandbox.py
[2026-02-10T23:24:39.277+0000] {processor.py:840} INFO - DAG(s) 'sandbox_demo' retrieved from /opt/airflow/dags/sandbox.py
[2026-02-10T23:24:39.310+0000] {logging_mixin.py:188} INFO - [2026-02-10T23:24:39.310+0000] {dag.py:3036} INFO - Sync 1 DAGs
[2026-02-10T23:24:39.325+0000] {logging_mixin.py:188} INFO - [2026-02-10T23:24:39.325+0000] {dag.py:3823} INFO - Setting next_dagrun for sandbox_demo to 2026-02-10 02:00:00+00:00, run_after=2026-02-11 02:00:00+00:00
[2026-02-10T23:24:39.340+0000] {processor.py:183} INFO - Processing /opt/airflow/dags/sandbox.py took 0.094 seconds
[2026-02-10T23:25:09.604+0000] {processor.py:161} INFO - Started process (PID=189) to work on /opt/airflow/dags/sandbox.py
[2026-02-10T23:25:09.605+0000] {processor.py:830} INFO - Processing file /opt/airflow/dags/sandbox.py for tasks to queue
[2026-02-10T23:25:09.609+0000] {logging_mixin.py:188} INFO - [2026-02-10T23:25:09.608+0000] {dagbag.py:538} INFO - Filling up the DagBag from /opt/airflow/dags/sandbox.py
[2026-02-10T23:25:09.628+0000] {processor.py:840} INFO - DAG(s) 'sandbox_demo' retrieved from /opt/airflow/dags/sandbox.py
[2026-02-10T23:25:09.666+0000] {logging_mixin.py:188} INFO - [2026-02-10T23:25:09.666+0000] {dag.py:3036} INFO - Sync 1 DAGs
[2026-02-10T23:25:09.681+0000] {logging_mixin.py:188} INFO - [2026-02-10T23:25:09.681+0000] {dag.py:3823} INFO - Setting next_dagrun for sandbox_demo to 2026-02-10 02:00:00+00:00, run_after=2026-02-11 02:00:00+00:00
[2026-02-10T23:25:09.694+0000] {processor.py:183} INFO - Processing /opt/airflow/dags/sandbox.py took 0.098 seconds
[2026-02-10T23:25:39.949+0000] {processor.py:161} INFO - Started process (PID=208) to work on /opt/airflow/dags/sandbox.py
[2026-02-10T23:25:39.952+0000] {processor.py:830} INFO - Processing file /opt/airflow/dags/sandbox.py for tasks to queue
[2026-02-10T23:25:39.954+0000] {logging_mixin.py:188} INFO - [2026-02-10T23:25:39.954+0000] {dagbag.py:538} INFO - Filling up the DagBag from /opt/airflow/dags/sandbox.py
[2026-02-10T23:25:39.987+0000] {processor.py:840} INFO - DAG(s) 'sandbox_demo' retrieved from /opt/airflow/dags/sandbox.py
[2026-02-10T23:25:40.019+0000] {logging_mixin.py:188} INFO - [2026-02-10T23:25:40.019+0000] {dag.py:3036} INFO - Sync 1 DAGs
[2026-02-10T23:25:40.035+0000] {logging_mixin.py:188} INFO - [2026-02-10T23:25:40.034+0000] {dag.py:3823} INFO - Setting next_dagrun for sandbox_demo to 2026-02-10 02:00:00+00:00, run_after=2026-02-11 02:00:00+00:00
[2026-02-10T23:25:40.047+0000] {processor.py:183} INFO - Processing /opt/airflow/dags/sandbox.py took 0.103 seconds
[2026-02-10T23:26:10.305+0000] {processor.py:161} INFO - Started process (PID=227) to work on /opt/airflow/dags/sandbox.py
[2026-02-10T23:26:10.307+0000] {processor.py:830} INFO - Processing file /opt/airflow/dags/sandbox.py for tasks to queue
[2026-02-10T23:26:10.312+0000] {logging_mixin.py:188} INFO - [2026-02-10T23:26:10.311+0000] {dagbag.py:538} INFO - Filling up the DagBag from /opt/airflow/dags/sandbox.py
[2026-02-10T23:26:10.332+0000] {processor.py:840} INFO - DAG(s) 'sandbox_demo' retrieved from /opt/airflow/dags/sandbox.py
[2026-02-10T23:26:10.354+0000] {logging_mixin.py:188} INFO - [2026-02-10T23:26:10.354+0000] {dag.py:3036} INFO - Sync 1 DAGs
[2026-02-10T23:26:10.366+0000] {logging_mixin.py:188} INFO - [2026-02-10T23:26:10.365+0000] {dag.py:3823} INFO - Setting next_dagrun for sandbox_demo to 2026-02-10 02:00:00+00:00, run_after=2026-02-11 02:00:00+00:00
[2026-02-10T23:26:10.376+0000] {processor.py:183} INFO - Processing /opt/airflow/dags/sandbox.py took 0.076 seconds
[2026-02-10T23:26:40.626+0000] {processor.py:161} INFO - Started process (PID=246) to work on /opt/airflow/dags/sandbox.py
[2026-02-10T23:26:40.627+0000] {processor.py:830} INFO - Processing file /opt/airflow/dags/sandbox.py for tasks to queue
[2026-02-10T23:26:40.630+0000] {logging_mixin.py:188} INFO - [2026-02-10T23:26:40.629+0000] {dagbag.py:538} INFO - Filling up the DagBag from /opt/airflow/dags/sandbox.py
[2026-02-10T23:26:40.646+0000] {processor.py:840} INFO - DAG(s) 'sandbox_demo' retrieved from /opt/airflow/dags/sandbox.py
[2026-02-10T23:26:40.671+0000] {logging_mixin.py:188} INFO - [2026-02-10T23:26:40.671+0000] {dag.py:3036} INFO - Sync 1 DAGs
[2026-02-10T23:26:40.682+0000] {logging_mixin.py:188} INFO - [2026-02-10T23:26:40.682+0000] {dag.py:3823} INFO - Setting next_dagrun for sandbox_demo to 2026-02-10 02:00:00+00:00, run_after=2026-02-11 02:00:00+00:00
[2026-02-10T23:26:40.691+0000] {processor.py:183} INFO - Processing /opt/airflow/dags/sandbox.py took 0.072 seconds
[2026-02-10T23:27:10.961+0000] {processor.py:161} INFO - Started process (PID=265) to work on /opt/airflow/dags/sandbox.py
[2026-02-10T23:27:10.963+0000] {processor.py:830} INFO - Processing file /opt/airflow/dags/sandbox.py for tasks to queue
[2026-02-10T23:27:10.966+0000] {logging_mixin.py:188} INFO - [2026-02-10T23:27:10.965+0000] {dagbag.py:538} INFO - Filling up the DagBag from /opt/airflow/dags/sandbox.py
[2026-02-10T23:27:10.988+0000] {processor.py:840} INFO - DAG(s) 'sandbox_demo' retrieved from /opt/airflow/dags/sandbox.py
[2026-02-10T23:27:11.012+0000] {logging_mixin.py:188} INFO - [2026-02-10T23:27:11.012+0000] {dag.py:3036} INFO - Sync 1 DAGs
[2026-02-10T23:27:11.023+0000] {logging_mixin.py:188} INFO - [2026-02-10T23:27:11.023+0000] {dag.py:3823} INFO - Setting next_dagrun for sandbox_demo to 2026-02-10 02:00:00+00:00, run_after=2026-02-11 02:00:00+00:00
[2026-02-10T23:27:11.031+0000] {processor.py:183} INFO - Processing /opt/airflow/dags/sandbox.py took 0.076 seconds
[2026-02-10T23:27:41.301+0000] {processor.py:161} INFO - Started process (PID=284) to work on /opt/airflow/dags/sandbox.py
[2026-02-10T23:27:41.302+0000] {processor.py:830} INFO - Processing file /opt/airflow/dags/sandbox.py for tasks to queue
[2026-02-10T23:27:41.304+0000] {logging_mixin.py:188} INFO - [2026-02-10T23:27:41.304+0000] {dagbag.py:538} INFO - Filling up the DagBag from /opt/airflow/dags/sandbox.py
[2026-02-10T23:27:41.320+0000] {processor.py:840} INFO - DAG(s) 'sandbox_demo' retrieved from /opt/airflow/dags/sandbox.py
[2026-02-10T23:27:41.343+0000] {logging_mixin.py:188} INFO - [2026-02-10T23:27:41.343+0000] {dag.py:3036} INFO - Sync 1 DAGs
[2026-02-10T23:27:41.353+0000] {logging_mixin.py:188} INFO - [2026-02-10T23:27:41.353+0000] {dag.py:3823} INFO - Setting next_dagrun for sandbox_demo to 2026-02-10 02:00:00+00:00, run_after=2026-02-11 02:00:00+00:00
[2026-02-10T23:27:41.362+0000] {processor.py:183} INFO - Processing /opt/airflow/dags/sandbox.py took 0.067 seconds
[2026-02-10T23:28:11.669+0000] {processor.py:161} INFO - Started process (PID=303) to work on /opt/airflow/dags/sandbox.py
[2026-02-10T23:28:11.670+0000] {processor.py:830} INFO - Processing file /opt/airflow/dags/sandbox.py for tasks to queue
[2026-02-10T23:28:11.675+0000] {logging_mixin.py:188} INFO - [2026-02-10T23:28:11.674+0000] {dagbag.py:538} INFO - Filling up the DagBag from /opt/airflow/dags/sandbox.py
[2026-02-10T23:28:11.696+0000] {processor.py:840} INFO - DAG(s) 'sandbox_demo' retrieved from /opt/airflow/dags/sandbox.py
[2026-02-10T23:28:11.717+0000] {logging_mixin.py:188} INFO - [2026-02-10T23:28:11.717+0000] {dag.py:3036} INFO - Sync 1 DAGs
[2026-02-10T23:28:11.729+0000] {logging_mixin.py:188} INFO - [2026-02-10T23:28:11.729+0000] {dag.py:3823} INFO - Setting next_dagrun for sandbox_demo to 2026-02-10 02:00:00+00:00, run_after=2026-02-11 02:00:00+00:00
[2026-02-10T23:28:11.742+0000] {processor.py:183} INFO - Processing /opt/airflow/dags/sandbox.py took 0.080 seconds
[2026-02-10T23:28:41.967+0000] {processor.py:161} INFO - Started process (PID=322) to work on /opt/airflow/dags/sandbox.py
[2026-02-10T23:28:41.968+0000] {processor.py:830} INFO - Processing file /opt/airflow/dags/sandbox.py for tasks to queue
[2026-02-10T23:28:41.970+0000] {logging_mixin.py:188} INFO - [2026-02-10T23:28:41.970+0000] {dagbag.py:538} INFO - Filling up the DagBag from /opt/airflow/dags/sandbox.py
[2026-02-10T23:28:41.988+0000] {processor.py:840} INFO - DAG(s) 'sandbox_demo' retrieved from /opt/airflow/dags/sandbox.py
[2026-02-10T23:28:42.009+0000] {logging_mixin.py:188} INFO - [2026-02-10T23:28:42.009+0000] {dag.py:3036} INFO - Sync 1 DAGs
[2026-02-10T23:28:42.021+0000] {logging_mixin.py:188} INFO - [2026-02-10T23:28:42.021+0000] {dag.py:3823} INFO - Setting next_dagrun for sandbox_demo to 2026-02-10 02:00:00+00:00, run_after=2026-02-11 02:00:00+00:00
[2026-02-10T23:28:42.028+0000] {processor.py:183} INFO - Processing /opt/airflow/dags/sandbox.py took 0.067 seconds
[2026-02-10T23:29:12.334+0000] {processor.py:161} INFO - Started process (PID=341) to work on /opt/airflow/dags/sandbox.py
[2026-02-10T23:29:12.335+0000] {processor.py:830} INFO - Processing file /opt/airflow/dags/sandbox.py for tasks to queue
[2026-02-10T23:29:12.337+0000] {logging_mixin.py:188} INFO - [2026-02-10T23:29:12.336+0000] {dagbag.py:538} INFO - Filling up the DagBag from /opt/airflow/dags/sandbox.py
[2026-02-10T23:29:12.354+0000] {processor.py:840} INFO - DAG(s) 'sandbox_demo' retrieved from /opt/airflow/dags/sandbox.py
[2026-02-10T23:29:12.373+0000] {logging_mixin.py:188} INFO - [2026-02-10T23:29:12.373+0000] {dag.py:3036} INFO - Sync 1 DAGs
[2026-02-10T23:29:12.383+0000] {logging_mixin.py:188} INFO - [2026-02-10T23:29:12.383+0000] {dag.py:3823} INFO - Setting next_dagrun for sandbox_demo to 2026-02-10 02:00:00+00:00, run_after=2026-02-11 02:00:00+00:00
[2026-02-10T23:29:12.392+0000] {processor.py:183} INFO - Processing /opt/airflow/dags/sandbox.py took 0.063 seconds
[2026-02-10T23:29:42.702+0000] {processor.py:161} INFO - Started process (PID=360) to work on /opt/airflow/dags/sandbox.py
[2026-02-10T23:29:42.703+0000] {processor.py:830} INFO - Processing file /opt/airflow/dags/sandbox.py for tasks to queue
[2026-02-10T23:29:42.707+0000] {logging_mixin.py:188} INFO - [2026-02-10T23:29:42.706+0000] {dagbag.py:538} INFO - Filling up the DagBag from /opt/airflow/dags/sandbox.py
[2026-02-10T23:29:42.730+0000] {processor.py:840} INFO - DAG(s) 'sandbox_demo' retrieved from /opt/airflow/dags/sandbox.py
[2026-02-10T23:29:42.758+0000] {logging_mixin.py:188} INFO - [2026-02-10T23:29:42.758+0000] {dag.py:3036} INFO - Sync 1 DAGs
[2026-02-10T23:29:42.771+0000] {logging_mixin.py:188} INFO - [2026-02-10T23:29:42.771+0000] {dag.py:3823} INFO - Setting next_dagrun for sandbox_demo to 2026-02-10 02:00:00+00:00, run_after=2026-02-11 02:00:00+00:00
[2026-02-10T23:29:42.783+0000] {processor.py:183} INFO - Processing /opt/airflow/dags/sandbox.py took 0.090 seconds
[2026-02-10T23:30:13.069+0000] {processor.py:161} INFO - Started process (PID=379) to work on /opt/airflow/dags/sandbox.py
[2026-02-10T23:30:13.070+0000] {processor.py:830} INFO - Processing file /opt/airflow/dags/sandbox.py for tasks to queue
[2026-02-10T23:30:13.071+0000] {logging_mixin.py:188} INFO - [2026-02-10T23:30:13.071+0000] {dagbag.py:538} INFO - Filling up the DagBag from /opt/airflow/dags/sandbox.py
[2026-02-10T23:30:13.090+0000] {processor.py:840} INFO - DAG(s) 'sandbox_demo' retrieved from /opt/airflow/dags/sandbox.py
[2026-02-10T23:30:13.112+0000] {logging_mixin.py:188} INFO - [2026-02-10T23:30:13.112+0000] {dag.py:3036} INFO - Sync 1 DAGs
[2026-02-10T23:30:13.124+0000] {logging_mixin.py:188} INFO - [2026-02-10T23:30:13.124+0000] {dag.py:3823} INFO - Setting next_dagrun for sandbox_demo to 2026-02-10 02:00:00+00:00, run_after=2026-02-11 02:00:00+00:00
[2026-02-10T23:30:13.134+0000] {processor.py:183} INFO - Processing /opt/airflow/dags/sandbox.py took 0.069 seconds
[2026-02-10T23:30:43.429+0000] {processor.py:161} INFO - Started process (PID=398) to work on /opt/airflow/dags/sandbox.py
[2026-02-10T23:30:43.430+0000] {processor.py:830} INFO - Processing file /opt/airflow/dags/sandbox.py for tasks to queue
[2026-02-10T23:30:43.432+0000] {logging_mixin.py:188} INFO - [2026-02-10T23:30:43.432+0000] {dagbag.py:538} INFO - Filling up the DagBag from /opt/airflow/dags/sandbox.py
[2026-02-10T23:30:43.451+0000] {processor.py:840} INFO - DAG(s) 'sandbox_demo' retrieved from /opt/airflow/dags/sandbox.py
[2026-02-10T23:30:43.467+0000] {logging_mixin.py:188} INFO - [2026-02-10T23:30:43.467+0000] {dag.py:3036} INFO - Sync 1 DAGs
[2026-02-10T23:30:43.475+0000] {logging_mixin.py:188} INFO - [2026-02-10T23:30:43.475+0000] {dag.py:3823} INFO - Setting next_dagrun for sandbox_demo to 2026-02-10 02:00:00+00:00, run_after=2026-02-11 02:00:00+00:00
[2026-02-10T23:30:43.483+0000] {processor.py:183} INFO - Processing /opt/airflow/dags/sandbox.py took 0.059 seconds
[2026-02-10T23:31:13.756+0000] {processor.py:161} INFO - Started process (PID=417) to work on /opt/airflow/dags/sandbox.py
[2026-02-10T23:31:13.757+0000] {processor.py:830} INFO - Processing file /opt/airflow/dags/sandbox.py for tasks to queue
[2026-02-10T23:31:13.759+0000] {logging_mixin.py:188} INFO - [2026-02-10T23:31:13.759+0000] {dagbag.py:538} INFO - Filling up the DagBag from /opt/airflow/dags/sandbox.py
[2026-02-10T23:31:13.777+0000] {processor.py:840} INFO - DAG(s) 'sandbox_demo' retrieved from /opt/airflow/dags/sandbox.py
[2026-02-10T23:31:13.802+0000] {logging_mixin.py:188} INFO - [2026-02-10T23:31:13.802+0000] {dag.py:3036} INFO - Sync 1 DAGs
[2026-02-10T23:31:13.815+0000] {logging_mixin.py:188} INFO - [2026-02-10T23:31:13.814+0000] {dag.py:3823} INFO - Setting next_dagrun for sandbox_demo to 2026-02-10 02:00:00+00:00, run_after=2026-02-11 02:00:00+00:00
[2026-02-10T23:31:13.825+0000] {processor.py:183} INFO - Processing /opt/airflow/dags/sandbox.py took 0.073 seconds
[2026-02-10T23:31:44.103+0000] {processor.py:161} INFO - Started process (PID=436) to work on /opt/airflow/dags/sandbox.py
[2026-02-10T23:31:44.104+0000] {processor.py:830} INFO - Processing file /opt/airflow/dags/sandbox.py for tasks to queue
[2026-02-10T23:31:44.106+0000] {logging_mixin.py:188} INFO - [2026-02-10T23:31:44.105+0000] {dagbag.py:538} INFO - Filling up the DagBag from /opt/airflow/dags/sandbox.py
[2026-02-10T23:31:44.123+0000] {processor.py:840} INFO - DAG(s) 'sandbox_demo' retrieved from /opt/airflow/dags/sandbox.py
[2026-02-10T23:31:44.144+0000] {logging_mixin.py:188} INFO - [2026-02-10T23:31:44.144+0000] {dag.py:3036} INFO - Sync 1 DAGs
[2026-02-10T23:31:44.158+0000] {logging_mixin.py:188} INFO - [2026-02-10T23:31:44.157+0000] {dag.py:3823} INFO - Setting next_dagrun for sandbox_demo to 2026-02-10 02:00:00+00:00, run_after=2026-02-11 02:00:00+00:00
[2026-02-10T23:31:44.164+0000] {processor.py:183} INFO - Processing /opt/airflow/dags/sandbox.py took 0.066 seconds
[2026-02-10T23:32:14.502+0000] {processor.py:161} INFO - Started process (PID=455) to work on /opt/airflow/dags/sandbox.py
[2026-02-10T23:32:14.503+0000] {processor.py:830} INFO - Processing file /opt/airflow/dags/sandbox.py for tasks to queue
[2026-02-10T23:32:14.507+0000] {logging_mixin.py:188} INFO - [2026-02-10T23:32:14.507+0000] {dagbag.py:538} INFO - Filling up the DagBag from /opt/airflow/dags/sandbox.py
[2026-02-10T23:32:14.524+0000] {processor.py:840} INFO - DAG(s) 'sandbox_demo' retrieved from /opt/airflow/dags/sandbox.py
[2026-02-10T23:32:14.546+0000] {logging_mixin.py:188} INFO - [2026-02-10T23:32:14.545+0000] {dag.py:3036} INFO - Sync 1 DAGs
[2026-02-10T23:32:14.557+0000] {logging_mixin.py:188} INFO - [2026-02-10T23:32:14.557+0000] {dag.py:3823} INFO - Setting next_dagrun for sandbox_demo to 2026-02-10 02:00:00+00:00, run_after=2026-02-11 02:00:00+00:00
[2026-02-10T23:32:14.566+0000] {processor.py:183} INFO - Processing /opt/airflow/dags/sandbox.py took 0.073 seconds
[2026-02-10T23:32:44.819+0000] {processor.py:161} INFO - Started process (PID=474) to work on /opt/airflow/dags/sandbox.py
[2026-02-10T23:32:44.820+0000] {processor.py:830} INFO - Processing file /opt/airflow/dags/sandbox.py for tasks to queue
[2026-02-10T23:32:44.823+0000] {logging_mixin.py:188} INFO - [2026-02-10T23:32:44.822+0000] {dagbag.py:538} INFO - Filling up the DagBag from /opt/airflow/dags/sandbox.py
[2026-02-10T23:32:44.837+0000] {processor.py:840} INFO - DAG(s) 'sandbox_demo' retrieved from /opt/airflow/dags/sandbox.py
[2026-02-10T23:32:44.864+0000] {logging_mixin.py:188} INFO - [2026-02-10T23:32:44.864+0000] {dag.py:3036} INFO - Sync 1 DAGs
[2026-02-10T23:32:44.877+0000] {logging_mixin.py:188} INFO - [2026-02-10T23:32:44.877+0000] {dag.py:3823} INFO - Setting next_dagrun for sandbox_demo to 2026-02-10 02:00:00+00:00, run_after=2026-02-11 02:00:00+00:00
[2026-02-10T23:32:44.890+0000] {processor.py:183} INFO - Processing /opt/airflow/dags/sandbox.py took 0.074 seconds
[2026-02-10T23:33:15.162+0000] {processor.py:161} INFO - Started process (PID=493) to work on /opt/airflow/dags/sandbox.py
[2026-02-10T23:33:15.163+0000] {processor.py:830} INFO - Processing file /opt/airflow/dags/sandbox.py for tasks to queue
[2026-02-10T23:33:15.166+0000] {logging_mixin.py:188} INFO - [2026-02-10T23:33:15.166+0000] {dagbag.py:538} INFO - Filling up the DagBag from /opt/airflow/dags/sandbox.py
[2026-02-10T23:33:15.181+0000] {processor.py:840} INFO - DAG(s) 'sandbox_demo' retrieved from /opt/airflow/dags/sandbox.py
[2026-02-10T23:33:15.204+0000] {logging_mixin.py:188} INFO - [2026-02-10T23:33:15.204+0000] {dag.py:3036} INFO - Sync 1 DAGs
[2026-02-10T23:33:15.215+0000] {logging_mixin.py:188} INFO - [2026-02-10T23:33:15.215+0000] {dag.py:3823} INFO - Setting next_dagrun for sandbox_demo to 2026-02-10 02:00:00+00:00, run_after=2026-02-11 02:00:00+00:00
[2026-02-10T23:33:15.224+0000] {processor.py:183} INFO - Processing /opt/airflow/dags/sandbox.py took 0.067 seconds
[2026-02-10T23:33:45.488+0000] {processor.py:161} INFO - Started process (PID=512) to work on /opt/airflow/dags/sandbox.py
[2026-02-10T23:33:45.489+0000] {processor.py:830} INFO - Processing file /opt/airflow/dags/sandbox.py for tasks to queue
[2026-02-10T23:33:45.491+0000] {logging_mixin.py:188} INFO - [2026-02-10T23:33:45.491+0000] {dagbag.py:538} INFO - Filling up the DagBag from /opt/airflow/dags/sandbox.py
[2026-02-10T23:33:45.511+0000] {processor.py:840} INFO - DAG(s) 'sandbox_demo' retrieved from /opt/airflow/dags/sandbox.py
[2026-02-10T23:33:45.532+0000] {logging_mixin.py:188} INFO - [2026-02-10T23:33:45.532+0000] {dag.py:3036} INFO - Sync 1 DAGs
[2026-02-10T23:33:45.545+0000] {logging_mixin.py:188} INFO - [2026-02-10T23:33:45.545+0000] {dag.py:3823} INFO - Setting next_dagrun for sandbox_demo to 2026-02-10 02:00:00+00:00, run_after=2026-02-11 02:00:00+00:00
[2026-02-10T23:33:45.561+0000] {processor.py:183} INFO - Processing /opt/airflow/dags/sandbox.py took 0.076 seconds
[2026-02-10T23:34:15.837+0000] {processor.py:161} INFO - Started process (PID=531) to work on /opt/airflow/dags/sandbox.py
[2026-02-10T23:34:15.839+0000] {processor.py:830} INFO - Processing file /opt/airflow/dags/sandbox.py for tasks to queue
[2026-02-10T23:34:15.840+0000] {logging_mixin.py:188} INFO - [2026-02-10T23:34:15.840+0000] {dagbag.py:538} INFO - Filling up the DagBag from /opt/airflow/dags/sandbox.py
[2026-02-10T23:34:15.855+0000] {processor.py:840} INFO - DAG(s) 'sandbox_demo' retrieved from /opt/airflow/dags/sandbox.py
[2026-02-10T23:34:15.873+0000] {logging_mixin.py:188} INFO - [2026-02-10T23:34:15.873+0000] {dag.py:3036} INFO - Sync 1 DAGs
[2026-02-10T23:34:15.886+0000] {logging_mixin.py:188} INFO - [2026-02-10T23:34:15.886+0000] {dag.py:3823} INFO - Setting next_dagrun for sandbox_demo to 2026-02-10 02:00:00+00:00, run_after=2026-02-11 02:00:00+00:00
[2026-02-10T23:34:15.894+0000] {processor.py:183} INFO - Processing /opt/airflow/dags/sandbox.py took 0.062 seconds
[2026-02-10T23:34:46.190+0000] {processor.py:161} INFO - Started process (PID=550) to work on /opt/airflow/dags/sandbox.py
[2026-02-10T23:34:46.191+0000] {processor.py:830} INFO - Processing file /opt/airflow/dags/sandbox.py for tasks to queue
[2026-02-10T23:34:46.193+0000] {logging_mixin.py:188} INFO - [2026-02-10T23:34:46.193+0000] {dagbag.py:538} INFO - Filling up the DagBag from /opt/airflow/dags/sandbox.py
[2026-02-10T23:34:46.219+0000] {processor.py:840} INFO - DAG(s) 'sandbox_demo' retrieved from /opt/airflow/dags/sandbox.py
[2026-02-10T23:34:46.247+0000] {logging_mixin.py:188} INFO - [2026-02-10T23:34:46.247+0000] {dag.py:3036} INFO - Sync 1 DAGs
[2026-02-10T23:34:46.259+0000] {logging_mixin.py:188} INFO - [2026-02-10T23:34:46.259+0000] {dag.py:3823} INFO - Setting next_dagrun for sandbox_demo to 2026-02-10 02:00:00+00:00, run_after=2026-02-11 02:00:00+00:00
[2026-02-10T23:34:46.268+0000] {processor.py:183} INFO - Processing /opt/airflow/dags/sandbox.py took 0.087 seconds
[2026-02-10T23:35:16.487+0000] {processor.py:161} INFO - Started process (PID=569) to work on /opt/airflow/dags/sandbox.py
[2026-02-10T23:35:16.488+0000] {processor.py:830} INFO - Processing file /opt/airflow/dags/sandbox.py for tasks to queue
[2026-02-10T23:35:16.490+0000] {logging_mixin.py:188} INFO - [2026-02-10T23:35:16.490+0000] {dagbag.py:538} INFO - Filling up the DagBag from /opt/airflow/dags/sandbox.py
[2026-02-10T23:35:16.506+0000] {processor.py:840} INFO - DAG(s) 'sandbox_demo' retrieved from /opt/airflow/dags/sandbox.py
[2026-02-10T23:35:16.524+0000] {logging_mixin.py:188} INFO - [2026-02-10T23:35:16.524+0000] {dag.py:3036} INFO - Sync 1 DAGs
[2026-02-10T23:35:16.534+0000] {logging_mixin.py:188} INFO - [2026-02-10T23:35:16.534+0000] {dag.py:3823} INFO - Setting next_dagrun for sandbox_demo to 2026-02-10 02:00:00+00:00, run_after=2026-02-11 02:00:00+00:00
[2026-02-10T23:35:16.542+0000] {processor.py:183} INFO - Processing /opt/airflow/dags/sandbox.py took 0.059 seconds
[2026-02-10T23:35:46.855+0000] {processor.py:161} INFO - Started process (PID=588) to work on /opt/airflow/dags/sandbox.py
[2026-02-10T23:35:46.857+0000] {processor.py:830} INFO - Processing file /opt/airflow/dags/sandbox.py for tasks to queue
[2026-02-10T23:35:46.860+0000] {logging_mixin.py:188} INFO - [2026-02-10T23:35:46.859+0000] {dagbag.py:538} INFO - Filling up the DagBag from /opt/airflow/dags/sandbox.py
[2026-02-10T23:35:46.881+0000] {processor.py:840} INFO - DAG(s) 'sandbox_demo' retrieved from /opt/airflow/dags/sandbox.py
[2026-02-10T23:35:46.909+0000] {logging_mixin.py:188} INFO - [2026-02-10T23:35:46.909+0000] {dag.py:3036} INFO - Sync 1 DAGs
[2026-02-10T23:35:46.925+0000] {logging_mixin.py:188} INFO - [2026-02-10T23:35:46.925+0000] {dag.py:3823} INFO - Setting next_dagrun for sandbox_demo to 2026-02-10 02:00:00+00:00, run_after=2026-02-11 02:00:00+00:00
[2026-02-10T23:35:46.939+0000] {processor.py:183} INFO - Processing /opt/airflow/dags/sandbox.py took 0.089 seconds
[2026-02-10T23:36:17.186+0000] {processor.py:161} INFO - Started process (PID=607) to work on /opt/airflow/dags/sandbox.py
[2026-02-10T23:36:17.186+0000] {processor.py:830} INFO - Processing file /opt/airflow/dags/sandbox.py for tasks to queue
[2026-02-10T23:36:17.188+0000] {logging_mixin.py:188} INFO - [2026-02-10T23:36:17.188+0000] {dagbag.py:538} INFO - Filling up the DagBag from /opt/airflow/dags/sandbox.py
[2026-02-10T23:36:17.203+0000] {processor.py:840} INFO - DAG(s) 'sandbox_demo' retrieved from /opt/airflow/dags/sandbox.py
[2026-02-10T23:36:17.225+0000] {logging_mixin.py:188} INFO - [2026-02-10T23:36:17.225+0000] {dag.py:3036} INFO - Sync 1 DAGs
[2026-02-10T23:36:17.238+0000] {logging_mixin.py:188} INFO - [2026-02-10T23:36:17.238+0000] {dag.py:3823} INFO - Setting next_dagrun for sandbox_demo to 2026-02-10 02:00:00+00:00, run_after=2026-02-11 02:00:00+00:00
[2026-02-10T23:36:17.246+0000] {processor.py:183} INFO - Processing /opt/airflow/dags/sandbox.py took 0.064 seconds
[2026-02-10T23:36:47.581+0000] {processor.py:161} INFO - Started process (PID=626) to work on /opt/airflow/dags/sandbox.py
[2026-02-10T23:36:47.581+0000] {processor.py:830} INFO - Processing file /opt/airflow/dags/sandbox.py for tasks to queue
[2026-02-10T23:36:47.583+0000] {logging_mixin.py:188} INFO - [2026-02-10T23:36:47.583+0000] {dagbag.py:538} INFO - Filling up the DagBag from /opt/airflow/dags/sandbox.py
[2026-02-10T23:36:47.602+0000] {processor.py:840} INFO - DAG(s) 'sandbox_demo' retrieved from /opt/airflow/dags/sandbox.py
[2026-02-10T23:36:47.623+0000] {logging_mixin.py:188} INFO - [2026-02-10T23:36:47.623+0000] {dag.py:3036} INFO - Sync 1 DAGs
[2026-02-10T23:36:47.635+0000] {logging_mixin.py:188} INFO - [2026-02-10T23:36:47.635+0000] {dag.py:3823} INFO - Setting next_dagrun for sandbox_demo to 2026-02-10 02:00:00+00:00, run_after=2026-02-11 02:00:00+00:00
[2026-02-10T23:36:47.645+0000] {processor.py:183} INFO - Processing /opt/airflow/dags/sandbox.py took 0.069 seconds
[2026-02-10T23:37:17.920+0000] {processor.py:161} INFO - Started process (PID=645) to work on /opt/airflow/dags/sandbox.py
[2026-02-10T23:37:17.922+0000] {processor.py:830} INFO - Processing file /opt/airflow/dags/sandbox.py for tasks to queue
[2026-02-10T23:37:17.924+0000] {logging_mixin.py:188} INFO - [2026-02-10T23:37:17.924+0000] {dagbag.py:538} INFO - Filling up the DagBag from /opt/airflow/dags/sandbox.py
[2026-02-10T23:37:17.944+0000] {processor.py:840} INFO - DAG(s) 'sandbox_demo' retrieved from /opt/airflow/dags/sandbox.py
[2026-02-10T23:37:17.966+0000] {logging_mixin.py:188} INFO - [2026-02-10T23:37:17.966+0000] {dag.py:3036} INFO - Sync 1 DAGs
[2026-02-10T23:37:17.976+0000] {logging_mixin.py:188} INFO - [2026-02-10T23:37:17.976+0000] {dag.py:3823} INFO - Setting next_dagrun for sandbox_demo to 2026-02-10 02:00:00+00:00, run_after=2026-02-11 02:00:00+00:00
[2026-02-10T23:37:17.985+0000] {processor.py:183} INFO - Processing /opt/airflow/dags/sandbox.py took 0.071 seconds
[2026-02-10T23:37:48.286+0000] {processor.py:161} INFO - Started process (PID=664) to work on /opt/airflow/dags/sandbox.py
[2026-02-10T23:37:48.287+0000] {processor.py:830} INFO - Processing file /opt/airflow/dags/sandbox.py for tasks to queue
[2026-02-10T23:37:48.289+0000] {logging_mixin.py:188} INFO - [2026-02-10T23:37:48.289+0000] {dagbag.py:538} INFO - Filling up the DagBag from /opt/airflow/dags/sandbox.py
[2026-02-10T23:37:48.300+0000] {processor.py:840} INFO - DAG(s) 'sandbox_demo' retrieved from /opt/airflow/dags/sandbox.py
[2026-02-10T23:37:48.320+0000] {logging_mixin.py:188} INFO - [2026-02-10T23:37:48.320+0000] {dag.py:3036} INFO - Sync 1 DAGs
[2026-02-10T23:37:48.329+0000] {logging_mixin.py:188} INFO - [2026-02-10T23:37:48.329+0000] {dag.py:3823} INFO - Setting next_dagrun for sandbox_demo to 2026-02-10 02:00:00+00:00, run_after=2026-02-11 02:00:00+00:00
[2026-02-10T23:37:48.339+0000] {processor.py:183} INFO - Processing /opt/airflow/dags/sandbox.py took 0.056 seconds
[2026-02-10T23:38:18.615+0000] {processor.py:161} INFO - Started process (PID=683) to work on /opt/airflow/dags/sandbox.py
[2026-02-10T23:38:18.617+0000] {processor.py:830} INFO - Processing file /opt/airflow/dags/sandbox.py for tasks to queue
[2026-02-10T23:38:18.623+0000] {logging_mixin.py:188} INFO - [2026-02-10T23:38:18.622+0000] {dagbag.py:538} INFO - Filling up the DagBag from /opt/airflow/dags/sandbox.py
[2026-02-10T23:38:18.645+0000] {processor.py:840} INFO - DAG(s) 'sandbox_demo' retrieved from /opt/airflow/dags/sandbox.py
[2026-02-10T23:38:18.667+0000] {logging_mixin.py:188} INFO - [2026-02-10T23:38:18.667+0000] {dag.py:3036} INFO - Sync 1 DAGs
[2026-02-10T23:38:18.678+0000] {logging_mixin.py:188} INFO - [2026-02-10T23:38:18.678+0000] {dag.py:3823} INFO - Setting next_dagrun for sandbox_demo to 2026-02-10 02:00:00+00:00, run_after=2026-02-11 02:00:00+00:00
[2026-02-10T23:38:18.689+0000] {processor.py:183} INFO - Processing /opt/airflow/dags/sandbox.py took 0.080 seconds
[2026-02-10T23:38:48.928+0000] {processor.py:161} INFO - Started process (PID=702) to work on /opt/airflow/dags/sandbox.py
[2026-02-10T23:38:48.929+0000] {processor.py:830} INFO - Processing file /opt/airflow/dags/sandbox.py for tasks to queue
[2026-02-10T23:38:48.932+0000] {logging_mixin.py:188} INFO - [2026-02-10T23:38:48.931+0000] {dagbag.py:538} INFO - Filling up the DagBag from /opt/airflow/dags/sandbox.py
[2026-02-10T23:38:48.947+0000] {processor.py:840} INFO - DAG(s) 'sandbox_demo' retrieved from /opt/airflow/dags/sandbox.py
[2026-02-10T23:38:48.965+0000] {logging_mixin.py:188} INFO - [2026-02-10T23:38:48.965+0000] {dag.py:3036} INFO - Sync 1 DAGs
[2026-02-10T23:38:48.975+0000] {logging_mixin.py:188} INFO - [2026-02-10T23:38:48.975+0000] {dag.py:3823} INFO - Setting next_dagrun for sandbox_demo to 2026-02-10 02:00:00+00:00, run_after=2026-02-11 02:00:00+00:00
[2026-02-10T23:38:48.983+0000] {processor.py:183} INFO - Processing /opt/airflow/dags/sandbox.py took 0.059 seconds
[2026-02-10T23:39:19.306+0000] {processor.py:161} INFO - Started process (PID=721) to work on /opt/airflow/dags/sandbox.py
[2026-02-10T23:39:19.309+0000] {processor.py:830} INFO - Processing file /opt/airflow/dags/sandbox.py for tasks to queue
[2026-02-10T23:39:19.316+0000] {logging_mixin.py:188} INFO - [2026-02-10T23:39:19.316+0000] {dagbag.py:538} INFO - Filling up the DagBag from /opt/airflow/dags/sandbox.py
[2026-02-10T23:39:19.332+0000] {processor.py:840} INFO - DAG(s) 'sandbox_demo' retrieved from /opt/airflow/dags/sandbox.py
[2026-02-10T23:39:19.356+0000] {logging_mixin.py:188} INFO - [2026-02-10T23:39:19.356+0000] {dag.py:3036} INFO - Sync 1 DAGs
[2026-02-10T23:39:19.367+0000] {logging_mixin.py:188} INFO - [2026-02-10T23:39:19.366+0000] {dag.py:3823} INFO - Setting next_dagrun for sandbox_demo to 2026-02-10 02:00:00+00:00, run_after=2026-02-11 02:00:00+00:00
[2026-02-10T23:39:19.374+0000] {processor.py:183} INFO - Processing /opt/airflow/dags/sandbox.py took 0.082 seconds
[2026-02-10T23:39:49.607+0000] {processor.py:161} INFO - Started process (PID=740) to work on /opt/airflow/dags/sandbox.py
[2026-02-10T23:39:49.608+0000] {processor.py:830} INFO - Processing file /opt/airflow/dags/sandbox.py for tasks to queue
[2026-02-10T23:39:49.610+0000] {logging_mixin.py:188} INFO - [2026-02-10T23:39:49.609+0000] {dagbag.py:538} INFO - Filling up the DagBag from /opt/airflow/dags/sandbox.py
[2026-02-10T23:39:49.626+0000] {processor.py:840} INFO - DAG(s) 'sandbox_demo' retrieved from /opt/airflow/dags/sandbox.py
[2026-02-10T23:39:49.645+0000] {logging_mixin.py:188} INFO - [2026-02-10T23:39:49.644+0000] {dag.py:3036} INFO - Sync 1 DAGs
[2026-02-10T23:39:49.654+0000] {logging_mixin.py:188} INFO - [2026-02-10T23:39:49.654+0000] {dag.py:3823} INFO - Setting next_dagrun for sandbox_demo to 2026-02-10 02:00:00+00:00, run_after=2026-02-11 02:00:00+00:00
[2026-02-10T23:39:49.665+0000] {processor.py:183} INFO - Processing /opt/airflow/dags/sandbox.py took 0.062 seconds
[2026-02-10T23:40:19.972+0000] {processor.py:161} INFO - Started process (PID=759) to work on /opt/airflow/dags/sandbox.py
[2026-02-10T23:40:19.973+0000] {processor.py:830} INFO - Processing file /opt/airflow/dags/sandbox.py for tasks to queue
[2026-02-10T23:40:19.975+0000] {logging_mixin.py:188} INFO - [2026-02-10T23:40:19.974+0000] {dagbag.py:538} INFO - Filling up the DagBag from /opt/airflow/dags/sandbox.py
[2026-02-10T23:40:19.995+0000] {processor.py:840} INFO - DAG(s) 'sandbox_demo' retrieved from /opt/airflow/dags/sandbox.py
[2026-02-10T23:40:20.020+0000] {logging_mixin.py:188} INFO - [2026-02-10T23:40:20.020+0000] {dag.py:3036} INFO - Sync 1 DAGs
[2026-02-10T23:40:20.033+0000] {logging_mixin.py:188} INFO - [2026-02-10T23:40:20.033+0000] {dag.py:3823} INFO - Setting next_dagrun for sandbox_demo to 2026-02-10 02:00:00+00:00, run_after=2026-02-11 02:00:00+00:00
[2026-02-10T23:40:20.045+0000] {processor.py:183} INFO - Processing /opt/airflow/dags/sandbox.py took 0.077 seconds
[2026-02-10T23:40:50.350+0000] {processor.py:161} INFO - Started process (PID=778) to work on /opt/airflow/dags/sandbox.py
[2026-02-10T23:40:50.351+0000] {processor.py:830} INFO - Processing file /opt/airflow/dags/sandbox.py for tasks to queue
[2026-02-10T23:40:50.353+0000] {logging_mixin.py:188} INFO - [2026-02-10T23:40:50.352+0000] {dagbag.py:538} INFO - Filling up the DagBag from /opt/airflow/dags/sandbox.py
[2026-02-10T23:40:50.374+0000] {processor.py:840} INFO - DAG(s) 'sandbox_demo' retrieved from /opt/airflow/dags/sandbox.py
[2026-02-10T23:40:50.392+0000] {logging_mixin.py:188} INFO - [2026-02-10T23:40:50.391+0000] {dag.py:3036} INFO - Sync 1 DAGs
[2026-02-10T23:40:50.401+0000] {logging_mixin.py:188} INFO - [2026-02-10T23:40:50.401+0000] {dag.py:3823} INFO - Setting next_dagrun for sandbox_demo to 2026-02-10 02:00:00+00:00, run_after=2026-02-11 02:00:00+00:00
[2026-02-10T23:40:50.408+0000] {processor.py:183} INFO - Processing /opt/airflow/dags/sandbox.py took 0.063 seconds
[2026-02-10T23:41:20.731+0000] {processor.py:161} INFO - Started process (PID=797) to work on /opt/airflow/dags/sandbox.py
[2026-02-10T23:41:20.732+0000] {processor.py:830} INFO - Processing file /opt/airflow/dags/sandbox.py for tasks to queue
[2026-02-10T23:41:20.734+0000] {logging_mixin.py:188} INFO - [2026-02-10T23:41:20.734+0000] {dagbag.py:538} INFO - Filling up the DagBag from /opt/airflow/dags/sandbox.py
[2026-02-10T23:41:20.749+0000] {processor.py:840} INFO - DAG(s) 'sandbox_demo' retrieved from /opt/airflow/dags/sandbox.py
[2026-02-10T23:41:20.770+0000] {logging_mixin.py:188} INFO - [2026-02-10T23:41:20.770+0000] {dag.py:3036} INFO - Sync 1 DAGs
[2026-02-10T23:41:20.780+0000] {logging_mixin.py:188} INFO - [2026-02-10T23:41:20.780+0000] {dag.py:3823} INFO - Setting next_dagrun for sandbox_demo to 2026-02-10 02:00:00+00:00, run_after=2026-02-11 02:00:00+00:00
[2026-02-10T23:41:20.788+0000] {processor.py:183} INFO - Processing /opt/airflow/dags/sandbox.py took 0.061 seconds
[2026-02-10T23:41:51.123+0000] {processor.py:161} INFO - Started process (PID=816) to work on /opt/airflow/dags/sandbox.py
[2026-02-10T23:41:51.124+0000] {processor.py:830} INFO - Processing file /opt/airflow/dags/sandbox.py for tasks to queue
[2026-02-10T23:41:51.126+0000] {logging_mixin.py:188} INFO - [2026-02-10T23:41:51.126+0000] {dagbag.py:538} INFO - Filling up the DagBag from /opt/airflow/dags/sandbox.py
[2026-02-10T23:41:51.145+0000] {processor.py:840} INFO - DAG(s) 'sandbox_demo' retrieved from /opt/airflow/dags/sandbox.py
[2026-02-10T23:41:51.164+0000] {logging_mixin.py:188} INFO - [2026-02-10T23:41:51.164+0000] {dag.py:3036} INFO - Sync 1 DAGs
[2026-02-10T23:41:51.174+0000] {logging_mixin.py:188} INFO - [2026-02-10T23:41:51.174+0000] {dag.py:3823} INFO - Setting next_dagrun for sandbox_demo to 2026-02-10 02:00:00+00:00, run_after=2026-02-11 02:00:00+00:00
[2026-02-10T23:41:51.183+0000] {processor.py:183} INFO - Processing /opt/airflow/dags/sandbox.py took 0.064 seconds
[2026-02-10T23:49:20.195+0000] {processor.py:161} INFO - Started process (PID=60) to work on /opt/airflow/dags/sandbox.py
[2026-02-10T23:49:20.197+0000] {processor.py:830} INFO - Processing file /opt/airflow/dags/sandbox.py for tasks to queue
[2026-02-10T23:49:20.198+0000] {logging_mixin.py:188} INFO - [2026-02-10T23:49:20.198+0000] {dagbag.py:538} INFO - Filling up the DagBag from /opt/airflow/dags/sandbox.py
[2026-02-10T23:49:20.209+0000] {processor.py:840} INFO - DAG(s) 'sandbox_demo' retrieved from /opt/airflow/dags/sandbox.py
[2026-02-10T23:49:20.244+0000] {logging_mixin.py:188} INFO - [2026-02-10T23:49:20.244+0000] {dag.py:3036} INFO - Sync 1 DAGs
[2026-02-10T23:49:20.257+0000] {logging_mixin.py:188} INFO - [2026-02-10T23:49:20.257+0000] {dag.py:3823} INFO - Setting next_dagrun for sandbox_demo to 2026-02-10 02:00:00+00:00, run_after=2026-02-11 02:00:00+00:00
[2026-02-10T23:49:20.274+0000] {processor.py:183} INFO - Processing /opt/airflow/dags/sandbox.py took 0.080 seconds
[2026-02-10T23:49:50.566+0000] {processor.py:161} INFO - Started process (PID=79) to work on /opt/airflow/dags/sandbox.py
[2026-02-10T23:49:50.567+0000] {processor.py:830} INFO - Processing file /opt/airflow/dags/sandbox.py for tasks to queue
[2026-02-10T23:49:50.568+0000] {logging_mixin.py:188} INFO - [2026-02-10T23:49:50.568+0000] {dagbag.py:538} INFO - Filling up the DagBag from /opt/airflow/dags/sandbox.py
[2026-02-10T23:49:50.577+0000] {processor.py:840} INFO - DAG(s) 'sandbox_demo' retrieved from /opt/airflow/dags/sandbox.py
[2026-02-10T23:49:50.645+0000] {logging_mixin.py:188} INFO - [2026-02-10T23:49:50.645+0000] {dag.py:3036} INFO - Sync 1 DAGs
[2026-02-10T23:49:50.656+0000] {logging_mixin.py:188} INFO - [2026-02-10T23:49:50.656+0000] {dag.py:3823} INFO - Setting next_dagrun for sandbox_demo to 2026-02-10 02:00:00+00:00, run_after=2026-02-11 02:00:00+00:00
[2026-02-10T23:49:50.668+0000] {processor.py:183} INFO - Processing /opt/airflow/dags/sandbox.py took 0.103 seconds
[2026-02-10T23:50:20.924+0000] {processor.py:161} INFO - Started process (PID=98) to work on /opt/airflow/dags/sandbox.py
[2026-02-10T23:50:20.925+0000] {processor.py:830} INFO - Processing file /opt/airflow/dags/sandbox.py for tasks to queue
[2026-02-10T23:50:20.926+0000] {logging_mixin.py:188} INFO - [2026-02-10T23:50:20.926+0000] {dagbag.py:538} INFO - Filling up the DagBag from /opt/airflow/dags/sandbox.py
[2026-02-10T23:50:20.937+0000] {processor.py:840} INFO - DAG(s) 'sandbox_demo' retrieved from /opt/airflow/dags/sandbox.py
[2026-02-10T23:50:20.954+0000] {logging_mixin.py:188} INFO - [2026-02-10T23:50:20.954+0000] {dag.py:3036} INFO - Sync 1 DAGs
[2026-02-10T23:50:20.965+0000] {logging_mixin.py:188} INFO - [2026-02-10T23:50:20.965+0000] {dag.py:3823} INFO - Setting next_dagrun for sandbox_demo to 2026-02-10 02:00:00+00:00, run_after=2026-02-11 02:00:00+00:00
[2026-02-10T23:50:20.975+0000] {processor.py:183} INFO - Processing /opt/airflow/dags/sandbox.py took 0.053 seconds
[2026-02-10T23:50:51.248+0000] {processor.py:161} INFO - Started process (PID=117) to work on /opt/airflow/dags/sandbox.py
[2026-02-10T23:50:51.249+0000] {processor.py:830} INFO - Processing file /opt/airflow/dags/sandbox.py for tasks to queue
[2026-02-10T23:50:51.251+0000] {logging_mixin.py:188} INFO - [2026-02-10T23:50:51.251+0000] {dagbag.py:538} INFO - Filling up the DagBag from /opt/airflow/dags/sandbox.py
[2026-02-10T23:50:51.270+0000] {processor.py:840} INFO - DAG(s) 'sandbox_demo' retrieved from /opt/airflow/dags/sandbox.py
[2026-02-10T23:50:51.291+0000] {logging_mixin.py:188} INFO - [2026-02-10T23:50:51.290+0000] {dag.py:3036} INFO - Sync 1 DAGs
[2026-02-10T23:50:51.301+0000] {logging_mixin.py:188} INFO - [2026-02-10T23:50:51.301+0000] {dag.py:3823} INFO - Setting next_dagrun for sandbox_demo to 2026-02-10 02:00:00+00:00, run_after=2026-02-11 02:00:00+00:00
[2026-02-10T23:50:51.311+0000] {processor.py:183} INFO - Processing /opt/airflow/dags/sandbox.py took 0.066 seconds
[2026-02-10T23:51:21.541+0000] {processor.py:161} INFO - Started process (PID=136) to work on /opt/airflow/dags/sandbox.py
[2026-02-10T23:51:21.544+0000] {processor.py:830} INFO - Processing file /opt/airflow/dags/sandbox.py for tasks to queue
[2026-02-10T23:51:21.547+0000] {logging_mixin.py:188} INFO - [2026-02-10T23:51:21.547+0000] {dagbag.py:538} INFO - Filling up the DagBag from /opt/airflow/dags/sandbox.py
[2026-02-10T23:51:21.581+0000] {processor.py:840} INFO - DAG(s) 'sandbox_demo' retrieved from /opt/airflow/dags/sandbox.py
[2026-02-10T23:51:21.606+0000] {logging_mixin.py:188} INFO - [2026-02-10T23:51:21.605+0000] {dag.py:3036} INFO - Sync 1 DAGs
[2026-02-10T23:51:21.615+0000] {logging_mixin.py:188} INFO - [2026-02-10T23:51:21.615+0000] {dag.py:3823} INFO - Setting next_dagrun for sandbox_demo to 2026-02-10 02:00:00+00:00, run_after=2026-02-11 02:00:00+00:00
[2026-02-10T23:51:21.623+0000] {processor.py:183} INFO - Processing /opt/airflow/dags/sandbox.py took 0.084 seconds
[2026-02-10T23:51:51.879+0000] {processor.py:161} INFO - Started process (PID=154) to work on /opt/airflow/dags/sandbox.py
[2026-02-10T23:51:51.881+0000] {processor.py:830} INFO - Processing file /opt/airflow/dags/sandbox.py for tasks to queue
[2026-02-10T23:51:51.883+0000] {logging_mixin.py:188} INFO - [2026-02-10T23:51:51.883+0000] {dagbag.py:538} INFO - Filling up the DagBag from /opt/airflow/dags/sandbox.py
[2026-02-10T23:51:51.899+0000] {processor.py:840} INFO - DAG(s) 'sandbox_demo' retrieved from /opt/airflow/dags/sandbox.py
[2026-02-10T23:51:51.918+0000] {logging_mixin.py:188} INFO - [2026-02-10T23:51:51.918+0000] {dag.py:3036} INFO - Sync 1 DAGs
[2026-02-10T23:51:51.927+0000] {logging_mixin.py:188} INFO - [2026-02-10T23:51:51.927+0000] {dag.py:3823} INFO - Setting next_dagrun for sandbox_demo to 2026-02-10 02:00:00+00:00, run_after=2026-02-11 02:00:00+00:00
[2026-02-10T23:51:51.937+0000] {processor.py:183} INFO - Processing /opt/airflow/dags/sandbox.py took 0.062 seconds
[2026-02-10T23:52:22.231+0000] {processor.py:161} INFO - Started process (PID=173) to work on /opt/airflow/dags/sandbox.py
[2026-02-10T23:52:22.232+0000] {processor.py:830} INFO - Processing file /opt/airflow/dags/sandbox.py for tasks to queue
[2026-02-10T23:52:22.234+0000] {logging_mixin.py:188} INFO - [2026-02-10T23:52:22.234+0000] {dagbag.py:538} INFO - Filling up the DagBag from /opt/airflow/dags/sandbox.py
[2026-02-10T23:52:22.253+0000] {processor.py:840} INFO - DAG(s) 'sandbox_demo' retrieved from /opt/airflow/dags/sandbox.py
[2026-02-10T23:52:22.274+0000] {logging_mixin.py:188} INFO - [2026-02-10T23:52:22.274+0000] {dag.py:3036} INFO - Sync 1 DAGs
[2026-02-10T23:52:22.283+0000] {logging_mixin.py:188} INFO - [2026-02-10T23:52:22.283+0000] {dag.py:3823} INFO - Setting next_dagrun for sandbox_demo to 2026-02-10 02:00:00+00:00, run_after=2026-02-11 02:00:00+00:00
[2026-02-10T23:52:22.292+0000] {processor.py:183} INFO - Processing /opt/airflow/dags/sandbox.py took 0.066 seconds
[2026-02-10T23:52:52.560+0000] {processor.py:161} INFO - Started process (PID=192) to work on /opt/airflow/dags/sandbox.py
[2026-02-10T23:52:52.562+0000] {processor.py:830} INFO - Processing file /opt/airflow/dags/sandbox.py for tasks to queue
[2026-02-10T23:52:52.564+0000] {logging_mixin.py:188} INFO - [2026-02-10T23:52:52.564+0000] {dagbag.py:538} INFO - Filling up the DagBag from /opt/airflow/dags/sandbox.py
[2026-02-10T23:52:52.584+0000] {processor.py:840} INFO - DAG(s) 'sandbox_demo' retrieved from /opt/airflow/dags/sandbox.py
[2026-02-10T23:52:52.602+0000] {logging_mixin.py:188} INFO - [2026-02-10T23:52:52.602+0000] {dag.py:3036} INFO - Sync 1 DAGs
[2026-02-10T23:52:52.612+0000] {logging_mixin.py:188} INFO - [2026-02-10T23:52:52.612+0000] {dag.py:3823} INFO - Setting next_dagrun for sandbox_demo to 2026-02-10 02:00:00+00:00, run_after=2026-02-11 02:00:00+00:00
[2026-02-10T23:52:52.621+0000] {processor.py:183} INFO - Processing /opt/airflow/dags/sandbox.py took 0.065 seconds
[2026-02-10T23:53:22.901+0000] {processor.py:161} INFO - Started process (PID=211) to work on /opt/airflow/dags/sandbox.py
[2026-02-10T23:53:22.902+0000] {processor.py:830} INFO - Processing file /opt/airflow/dags/sandbox.py for tasks to queue
[2026-02-10T23:53:22.904+0000] {logging_mixin.py:188} INFO - [2026-02-10T23:53:22.904+0000] {dagbag.py:538} INFO - Filling up the DagBag from /opt/airflow/dags/sandbox.py
[2026-02-10T23:53:22.923+0000] {processor.py:840} INFO - DAG(s) 'sandbox_demo' retrieved from /opt/airflow/dags/sandbox.py
[2026-02-10T23:53:22.941+0000] {logging_mixin.py:188} INFO - [2026-02-10T23:53:22.941+0000] {dag.py:3036} INFO - Sync 1 DAGs
[2026-02-10T23:53:22.950+0000] {logging_mixin.py:188} INFO - [2026-02-10T23:53:22.950+0000] {dag.py:3823} INFO - Setting next_dagrun for sandbox_demo to 2026-02-10 02:00:00+00:00, run_after=2026-02-11 02:00:00+00:00
[2026-02-10T23:53:22.958+0000] {processor.py:183} INFO - Processing /opt/airflow/dags/sandbox.py took 0.061 seconds
[2026-02-10T23:54:21.056+0000] {processor.py:161} INFO - Started process (PID=70) to work on /opt/airflow/dags/sandbox.py
[2026-02-10T23:54:21.061+0000] {processor.py:830} INFO - Processing file /opt/airflow/dags/sandbox.py for tasks to queue
[2026-02-10T23:54:21.064+0000] {logging_mixin.py:188} INFO - [2026-02-10T23:54:21.064+0000] {dagbag.py:538} INFO - Filling up the DagBag from /opt/airflow/dags/sandbox.py
[2026-02-10T23:54:21.085+0000] {processor.py:840} INFO - DAG(s) 'sandbox_demo' retrieved from /opt/airflow/dags/sandbox.py
[2026-02-10T23:54:21.209+0000] {logging_mixin.py:188} INFO - [2026-02-10T23:54:21.209+0000] {dag.py:3036} INFO - Sync 1 DAGs
[2026-02-10T23:54:21.223+0000] {logging_mixin.py:188} INFO - [2026-02-10T23:54:21.223+0000] {dag.py:3823} INFO - Setting next_dagrun for sandbox_demo to 2026-02-10 02:00:00+00:00, run_after=2026-02-11 02:00:00+00:00
[2026-02-10T23:54:21.233+0000] {processor.py:183} INFO - Processing /opt/airflow/dags/sandbox.py took 0.180 seconds
[2026-02-10T23:54:51.397+0000] {processor.py:161} INFO - Started process (PID=89) to work on /opt/airflow/dags/sandbox.py
[2026-02-10T23:54:51.398+0000] {processor.py:830} INFO - Processing file /opt/airflow/dags/sandbox.py for tasks to queue
[2026-02-10T23:54:51.401+0000] {logging_mixin.py:188} INFO - [2026-02-10T23:54:51.401+0000] {dagbag.py:538} INFO - Filling up the DagBag from /opt/airflow/dags/sandbox.py
[2026-02-10T23:54:51.416+0000] {processor.py:840} INFO - DAG(s) 'sandbox_demo' retrieved from /opt/airflow/dags/sandbox.py
[2026-02-10T23:54:51.432+0000] {logging_mixin.py:188} INFO - [2026-02-10T23:54:51.432+0000] {dag.py:3036} INFO - Sync 1 DAGs
[2026-02-10T23:54:51.443+0000] {logging_mixin.py:188} INFO - [2026-02-10T23:54:51.442+0000] {dag.py:3823} INFO - Setting next_dagrun for sandbox_demo to 2026-02-10 02:00:00+00:00, run_after=2026-02-11 02:00:00+00:00
[2026-02-10T23:54:51.452+0000] {processor.py:183} INFO - Processing /opt/airflow/dags/sandbox.py took 0.059 seconds
[2026-02-10T23:55:21.726+0000] {processor.py:161} INFO - Started process (PID=108) to work on /opt/airflow/dags/sandbox.py
[2026-02-10T23:55:21.727+0000] {processor.py:830} INFO - Processing file /opt/airflow/dags/sandbox.py for tasks to queue
[2026-02-10T23:55:21.728+0000] {logging_mixin.py:188} INFO - [2026-02-10T23:55:21.728+0000] {dagbag.py:538} INFO - Filling up the DagBag from /opt/airflow/dags/sandbox.py
[2026-02-10T23:55:21.743+0000] {processor.py:840} INFO - DAG(s) 'sandbox_demo' retrieved from /opt/airflow/dags/sandbox.py
[2026-02-10T23:55:21.763+0000] {logging_mixin.py:188} INFO - [2026-02-10T23:55:21.763+0000] {dag.py:3036} INFO - Sync 1 DAGs
[2026-02-10T23:55:21.776+0000] {logging_mixin.py:188} INFO - [2026-02-10T23:55:21.776+0000] {dag.py:3823} INFO - Setting next_dagrun for sandbox_demo to 2026-02-10 02:00:00+00:00, run_after=2026-02-11 02:00:00+00:00
[2026-02-10T23:55:21.784+0000] {processor.py:183} INFO - Processing /opt/airflow/dags/sandbox.py took 0.061 seconds
[2026-02-10T23:55:52.059+0000] {processor.py:161} INFO - Started process (PID=127) to work on /opt/airflow/dags/sandbox.py
[2026-02-10T23:55:52.060+0000] {processor.py:830} INFO - Processing file /opt/airflow/dags/sandbox.py for tasks to queue
[2026-02-10T23:55:52.062+0000] {logging_mixin.py:188} INFO - [2026-02-10T23:55:52.062+0000] {dagbag.py:538} INFO - Filling up the DagBag from /opt/airflow/dags/sandbox.py
[2026-02-10T23:55:52.078+0000] {processor.py:840} INFO - DAG(s) 'sandbox_demo' retrieved from /opt/airflow/dags/sandbox.py
[2026-02-10T23:55:52.101+0000] {logging_mixin.py:188} INFO - [2026-02-10T23:55:52.101+0000] {dag.py:3036} INFO - Sync 1 DAGs
[2026-02-10T23:55:52.112+0000] {logging_mixin.py:188} INFO - [2026-02-10T23:55:52.112+0000] {dag.py:3823} INFO - Setting next_dagrun for sandbox_demo to 2026-02-10 02:00:00+00:00, run_after=2026-02-11 02:00:00+00:00
[2026-02-10T23:55:52.122+0000] {processor.py:183} INFO - Processing /opt/airflow/dags/sandbox.py took 0.069 seconds
[2026-02-10T23:56:37.292+0000] {processor.py:161} INFO - Started process (PID=72) to work on /opt/airflow/dags/sandbox.py
[2026-02-10T23:56:37.294+0000] {processor.py:830} INFO - Processing file /opt/airflow/dags/sandbox.py for tasks to queue
[2026-02-10T23:56:37.298+0000] {logging_mixin.py:188} INFO - [2026-02-10T23:56:37.298+0000] {dagbag.py:538} INFO - Filling up the DagBag from /opt/airflow/dags/sandbox.py
[2026-02-10T23:56:37.325+0000] {processor.py:840} INFO - DAG(s) 'sandbox_demo' retrieved from /opt/airflow/dags/sandbox.py
[2026-02-10T23:56:37.455+0000] {logging_mixin.py:188} INFO - [2026-02-10T23:56:37.455+0000] {dag.py:3036} INFO - Sync 1 DAGs
[2026-02-10T23:56:37.468+0000] {logging_mixin.py:188} INFO - [2026-02-10T23:56:37.468+0000] {dag.py:3823} INFO - Setting next_dagrun for sandbox_demo to 2026-02-10 02:00:00+00:00, run_after=2026-02-11 02:00:00+00:00
[2026-02-10T23:56:37.483+0000] {processor.py:183} INFO - Processing /opt/airflow/dags/sandbox.py took 0.193 seconds
[2026-02-10T23:57:07.526+0000] {processor.py:161} INFO - Started process (PID=92) to work on /opt/airflow/dags/sandbox.py
[2026-02-10T23:57:07.527+0000] {processor.py:830} INFO - Processing file /opt/airflow/dags/sandbox.py for tasks to queue
[2026-02-10T23:57:07.529+0000] {logging_mixin.py:188} INFO - [2026-02-10T23:57:07.528+0000] {dagbag.py:538} INFO - Filling up the DagBag from /opt/airflow/dags/sandbox.py
[2026-02-10T23:57:07.543+0000] {processor.py:840} INFO - DAG(s) 'sandbox_demo' retrieved from /opt/airflow/dags/sandbox.py
[2026-02-10T23:57:07.563+0000] {logging_mixin.py:188} INFO - [2026-02-10T23:57:07.563+0000] {dag.py:3036} INFO - Sync 1 DAGs
[2026-02-10T23:57:07.576+0000] {logging_mixin.py:188} INFO - [2026-02-10T23:57:07.576+0000] {dag.py:3823} INFO - Setting next_dagrun for sandbox_demo to 2026-02-10 02:00:00+00:00, run_after=2026-02-11 02:00:00+00:00
[2026-02-10T23:57:07.583+0000] {processor.py:183} INFO - Processing /opt/airflow/dags/sandbox.py took 0.061 seconds
[2026-02-10T23:57:37.887+0000] {processor.py:161} INFO - Started process (PID=112) to work on /opt/airflow/dags/sandbox.py
[2026-02-10T23:57:37.888+0000] {processor.py:830} INFO - Processing file /opt/airflow/dags/sandbox.py for tasks to queue
[2026-02-10T23:57:37.893+0000] {logging_mixin.py:188} INFO - [2026-02-10T23:57:37.890+0000] {dagbag.py:538} INFO - Filling up the DagBag from /opt/airflow/dags/sandbox.py
[2026-02-10T23:57:37.907+0000] {processor.py:840} INFO - DAG(s) 'sandbox_demo' retrieved from /opt/airflow/dags/sandbox.py
[2026-02-10T23:57:37.926+0000] {logging_mixin.py:188} INFO - [2026-02-10T23:57:37.926+0000] {dag.py:3036} INFO - Sync 1 DAGs
[2026-02-10T23:57:37.936+0000] {logging_mixin.py:188} INFO - [2026-02-10T23:57:37.936+0000] {dag.py:3823} INFO - Setting next_dagrun for sandbox_demo to 2026-02-10 02:00:00+00:00, run_after=2026-02-11 02:00:00+00:00
[2026-02-10T23:57:37.943+0000] {processor.py:183} INFO - Processing /opt/airflow/dags/sandbox.py took 0.058 seconds
[2026-02-10T23:58:08.285+0000] {processor.py:161} INFO - Started process (PID=132) to work on /opt/airflow/dags/sandbox.py
[2026-02-10T23:58:08.288+0000] {processor.py:830} INFO - Processing file /opt/airflow/dags/sandbox.py for tasks to queue
[2026-02-10T23:58:08.290+0000] {logging_mixin.py:188} INFO - [2026-02-10T23:58:08.290+0000] {dagbag.py:538} INFO - Filling up the DagBag from /opt/airflow/dags/sandbox.py
[2026-02-10T23:58:08.310+0000] {processor.py:840} INFO - DAG(s) 'sandbox_demo' retrieved from /opt/airflow/dags/sandbox.py
[2026-02-10T23:58:08.338+0000] {logging_mixin.py:188} INFO - [2026-02-10T23:58:08.338+0000] {dag.py:3036} INFO - Sync 1 DAGs
[2026-02-10T23:58:08.357+0000] {logging_mixin.py:188} INFO - [2026-02-10T23:58:08.357+0000] {dag.py:3823} INFO - Setting next_dagrun for sandbox_demo to 2026-02-10 02:00:00+00:00, run_after=2026-02-11 02:00:00+00:00
[2026-02-10T23:58:08.368+0000] {processor.py:183} INFO - Processing /opt/airflow/dags/sandbox.py took 0.088 seconds
[2026-02-10T23:58:38.645+0000] {processor.py:161} INFO - Started process (PID=152) to work on /opt/airflow/dags/sandbox.py
[2026-02-10T23:58:38.647+0000] {processor.py:830} INFO - Processing file /opt/airflow/dags/sandbox.py for tasks to queue
[2026-02-10T23:58:38.650+0000] {logging_mixin.py:188} INFO - [2026-02-10T23:58:38.650+0000] {dagbag.py:538} INFO - Filling up the DagBag from /opt/airflow/dags/sandbox.py
[2026-02-10T23:58:38.666+0000] {processor.py:840} INFO - DAG(s) 'sandbox_demo' retrieved from /opt/airflow/dags/sandbox.py
[2026-02-10T23:58:38.682+0000] {logging_mixin.py:188} INFO - [2026-02-10T23:58:38.682+0000] {dag.py:3036} INFO - Sync 1 DAGs
[2026-02-10T23:58:38.692+0000] {logging_mixin.py:188} INFO - [2026-02-10T23:58:38.692+0000] {dag.py:3823} INFO - Setting next_dagrun for sandbox_demo to 2026-02-10 02:00:00+00:00, run_after=2026-02-11 02:00:00+00:00
[2026-02-10T23:58:38.698+0000] {processor.py:183} INFO - Processing /opt/airflow/dags/sandbox.py took 0.056 seconds
[2026-02-10T23:59:09.005+0000] {processor.py:161} INFO - Started process (PID=178) to work on /opt/airflow/dags/sandbox.py
[2026-02-10T23:59:09.006+0000] {processor.py:830} INFO - Processing file /opt/airflow/dags/sandbox.py for tasks to queue
[2026-02-10T23:59:09.007+0000] {logging_mixin.py:188} INFO - [2026-02-10T23:59:09.007+0000] {dagbag.py:538} INFO - Filling up the DagBag from /opt/airflow/dags/sandbox.py
[2026-02-10T23:59:09.023+0000] {processor.py:840} INFO - DAG(s) 'sandbox_demo' retrieved from /opt/airflow/dags/sandbox.py
[2026-02-10T23:59:09.041+0000] {logging_mixin.py:188} INFO - [2026-02-10T23:59:09.040+0000] {dag.py:3036} INFO - Sync 1 DAGs
[2026-02-10T23:59:09.049+0000] {logging_mixin.py:188} INFO - [2026-02-10T23:59:09.049+0000] {dag.py:3823} INFO - Setting next_dagrun for sandbox_demo to 2026-02-10 02:00:00+00:00, run_after=2026-02-11 02:00:00+00:00
[2026-02-10T23:59:09.055+0000] {processor.py:183} INFO - Processing /opt/airflow/dags/sandbox.py took 0.054 seconds
[2026-02-10T23:59:39.382+0000] {processor.py:161} INFO - Started process (PID=198) to work on /opt/airflow/dags/sandbox.py
[2026-02-10T23:59:39.383+0000] {processor.py:830} INFO - Processing file /opt/airflow/dags/sandbox.py for tasks to queue
[2026-02-10T23:59:39.384+0000] {logging_mixin.py:188} INFO - [2026-02-10T23:59:39.384+0000] {dagbag.py:538} INFO - Filling up the DagBag from /opt/airflow/dags/sandbox.py
[2026-02-10T23:59:39.401+0000] {processor.py:840} INFO - DAG(s) 'sandbox_demo' retrieved from /opt/airflow/dags/sandbox.py
[2026-02-10T23:59:39.418+0000] {logging_mixin.py:188} INFO - [2026-02-10T23:59:39.418+0000] {dag.py:3036} INFO - Sync 1 DAGs
[2026-02-10T23:59:39.429+0000] {logging_mixin.py:188} INFO - [2026-02-10T23:59:39.429+0000] {dag.py:3823} INFO - Setting next_dagrun for sandbox_demo to 2026-02-10 02:00:00+00:00, run_after=2026-02-11 02:00:00+00:00
[2026-02-10T23:59:39.437+0000] {processor.py:183} INFO - Processing /opt/airflow/dags/sandbox.py took 0.065 seconds
